rxn00001
  0.00000E+00  0.94890E-02  0.94890E-02  0.94890E-02  0.94890E-02  0.94890E-02  0.94890E-02  0.94890E-02  0.94890E-02  0.94890E-02  0.94890E-02  0.94890E-02  0.94890E-02  0.94890E-02  0.94890E-02  0.94890E-02  0.94890E-02  0.94890E-02  0.94890E-02  0.94890E-02  0.94890E-02  0.94890E-02  0.94890E-02  0.94890E-02  0.94890E-02  0.94890E-02  0.94890E-02  0.94890E-02  0.94890E-02  0.94890E-02  0.94890E-02
rxn00002
  0.00000E+00  0.17758E+00  0.17758E+00  0.17758E+00  0.17758E+00  0.17758E+00  0.17758E+00  0.17758E+00  0.17758E+00  0.17758E+00  0.17758E+00  0.17758E+00  0.17758E+00  0.17758E+00  0.17758E+00  0.17758E+00  0.17758E+00  0.17758E+00  0.17758E+00  0.17758E+00  0.17758E+00  0.17758E+00  0.17758E+00  0.17758E+00  0.17758E+00  0.17758E+00  0.17758E+00  0.17758E+00  0.17758E+00  0.17758E+00  0.17758E+00
rxn00003
  0.00000E+00  0.19637E-02  0.19637E-02  0.19637E-02  0.19637E-02  0.19637E-02  0.19637E-02  0.19637E-02  0.19637E-02  0.19637E-02  0.19637E-02  0.19637E-02  0.19637E-02  0.19637E-02  0.19637E-02  0.19637E-02  0.19637E-02  0.19637E-02  0.19637E-02  0.19637E-02  0.19637E-02  0.19637E-02  0.19637E-02  0.19637E-02  0.19637E-02  0.19637E-02  0.19637E-02  0.19637E-02  0.19637E-02  0.19637E-02  0.19637E-02
rxn00004
  0.00000E+00  0.73497E-06  0.73497E-06  0.73497E-06  0.73497E-06  0.73497E-06  0.73497E-06  0.73497E-06  0.73497E-06  0.73497E-06  0.73497E-06  0.73497E-06  0.73497E-06  0.73497E-06  0.73497E-06  0.73497E-06  0.73497E-06  0.73497E-06  0.73497E-06  0.73497E-06  0.73497E-06  0.73497E-06  0.73497E-06  0.73497E-06  0.73497E-06  0.73497E-06  0.73497E-06  0.73497E-06  0.73497E-06  0.73497E-06  0.73497E-06
rxn00005
  0.00000E+00  0.56190E-05  0.56190E-05  0.56190E-05  0.56190E-05  0.56190E-05  0.56190E-05  0.56190E-05  0.56190E-05  0.56190E-05  0.56190E-05  0.56190E-05  0.56190E-05  0.56190E-05  0.56190E-05  0.56190E-05  0.56190E-05  0.56190E-05  0.56190E-05  0.56190E-05  0.56190E-05  0.56190E-05  0.56190E-05  0.56190E-05  0.56190E-05  0.56190E-05  0.56190E-05  0.56190E-05  0.56190E-05  0.56190E-05  0.56190E-05
rxn00006
  0.00000E+00  0.41887E-04  0.41887E-04  0.41887E-04  0.41887E-04  0.41887E-04  0.41887E-04  0.41887E-04  0.41887E-04  0.41887E-04  0.41887E-04  0.41887E-04  0.41887E-04  0.41887E-04  0.41887E-04  0.41887E-04  0.41887E-04  0.41887E-04  0.41887E-04  0.41887E-04  0.41887E-04  0.41887E-04  0.41887E-04  0.41887E-04  0.41887E-04  0.41887E-04  0.41887E-04  0.41887E-04  0.41887E-04  0.41887E-04  0.41887E-04
rxn00007
  0.00000E+00  0.39866E-03  0.39866E-03  0.39866E-03  0.39866E-03  0.39866E-03  0.39866E-03  0.39866E-03  0.39866E-03  0.39866E-03  0.39866E-03  0.39866E-03  0.39866E-03  0.39866E-03  0.39866E-03  0.39866E-03  0.39866E-03  0.39866E-03  0.39866E-03  0.39866E-03  0.39866E-03  0.39866E-03  0.39866E-03  0.39866E-03  0.39866E-03  0.39866E-03  0.39866E-03  0.39866E-03  0.39866E-03  0.39866E-03  0.39866E-03
rxn00008
  0.00000E+00  0.43775E-04  0.43775E-04  0.43775E-04  0.43775E-04  0.43775E-04  0.43775E-04  0.43775E-04  0.43775E-04  0.43775E-04  0.43775E-04  0.43775E-04  0.43775E-04  0.43775E-04  0.43775E-04  0.43775E-04  0.43775E-04  0.43775E-04  0.43775E-04  0.43775E-04  0.43775E-04  0.43775E-04  0.43775E-04  0.43775E-04  0.43775E-04  0.43775E-04  0.43775E-04  0.43775E-04  0.43775E-04  0.43775E-04  0.43775E-04
rxn00009
  0.00000E+00  0.76216E-05  0.76216E-05  0.76216E-05  0.76216E-05  0.76216E-05  0.76216E-05  0.76216E-05  0.76216E-05  0.76216E-05  0.76216E-05  0.76216E-05  0.76216E-05  0.76216E-05  0.76216E-05  0.76216E-05  0.76216E-05  0.76216E-05  0.76216E-05  0.76216E-05  0.76216E-05  0.76216E-05  0.76216E-05  0.76216E-05  0.76216E-05  0.76216E-05  0.76216E-05  0.76216E-05  0.76216E-05  0.76216E-05  0.76216E-05
rxn00010
  0.00000E+00  0.35506E-04  0.35506E-04  0.35506E-04  0.35506E-04  0.35506E-04  0.35506E-04  0.35506E-04  0.35506E-04  0.35506E-04  0.35506E-04  0.35506E-04  0.35506E-04  0.35506E-04  0.35506E-04  0.35506E-04  0.35506E-04  0.35506E-04  0.35506E-04  0.35506E-04  0.35506E-04  0.35506E-04  0.35506E-04  0.35506E-04  0.35506E-04  0.35506E-04  0.35506E-04  0.35506E-04  0.35506E-04  0.35506E-04  0.35506E-04
rxn00011
  0.00000E+00  0.51319E-04  0.51319E-04  0.51319E-04  0.51319E-04  0.51319E-04  0.51319E-04  0.51319E-04  0.51319E-04  0.51319E-04  0.51319E-04  0.51319E-04  0.51319E-04  0.51319E-04  0.51319E-04  0.51319E-04  0.51319E-04  0.51319E-04  0.51319E-04  0.51319E-04  0.51319E-04  0.51319E-04  0.51319E-04  0.51319E-04  0.51319E-04  0.51319E-04  0.51319E-04  0.51319E-04  0.51319E-04  0.51319E-04  0.51319E-04
rxn00012
  0.00000E+00  0.59508E-05  0.59508E-05  0.59508E-05  0.59508E-05  0.59508E-05  0.59508E-05  0.59508E-05  0.59508E-05  0.59508E-05  0.59508E-05  0.59508E-05  0.59508E-05  0.59508E-05  0.59508E-05  0.59508E-05  0.59508E-05  0.59508E-05  0.59508E-05  0.59508E-05  0.59508E-05  0.59508E-05  0.59508E-05  0.59508E-05  0.59508E-05  0.59508E-05  0.59508E-05  0.59508E-05  0.59508E-05  0.59508E-05  0.59508E-05
rxn00013
  0.00000E+00  0.59508E-05  0.59508E-05  0.59508E-05  0.59508E-05  0.59508E-05  0.59508E-05  0.59508E-05  0.59508E-05  0.59508E-05  0.59508E-05  0.59508E-05  0.59508E-05  0.59508E-05  0.59508E-05  0.59508E-05  0.59508E-05  0.59508E-05  0.59508E-05  0.59508E-05  0.59508E-05  0.59508E-05  0.59508E-05  0.59508E-05  0.59508E-05  0.59508E-05  0.59508E-05  0.59508E-05  0.59508E-05  0.59508E-05  0.59508E-05
rxn00014
  0.00000E+00  0.75333E-05  0.75333E-05  0.75333E-05  0.75333E-05  0.75333E-05  0.75333E-05  0.75333E-05  0.75333E-05  0.75333E-05  0.75333E-05  0.75333E-05  0.75333E-05  0.75333E-05  0.75333E-05  0.75333E-05  0.75333E-05  0.75333E-05  0.75333E-05  0.75333E-05  0.75333E-05  0.75333E-05  0.75333E-05  0.75333E-05  0.75333E-05  0.75333E-05  0.75333E-05  0.75333E-05  0.75333E-05  0.75333E-05  0.75333E-05
rxn00015
  0.00000E+00  0.59019E-06  0.59019E-06  0.59019E-06  0.59019E-06  0.59019E-06  0.59019E-06  0.59019E-06  0.59019E-06  0.59019E-06  0.59019E-06  0.59019E-06  0.59019E-06  0.59019E-06  0.59019E-06  0.59019E-06  0.59019E-06  0.59019E-06  0.59019E-06  0.59019E-06  0.59019E-06  0.59019E-06  0.59019E-06  0.59019E-06  0.59019E-06  0.59019E-06  0.59019E-06  0.59019E-06  0.59019E-06  0.59019E-06  0.59019E-06
rxn00016
  0.00000E+00  0.13333E-03  0.13333E-03  0.13333E-03  0.13333E-03  0.13333E-03  0.13333E-03  0.13333E-03  0.13333E-03  0.13333E-03  0.13333E-03  0.13333E-03  0.13333E-03  0.13333E-03  0.13333E-03  0.13333E-03  0.13333E-03  0.13333E-03  0.13333E-03  0.13333E-03  0.13333E-03  0.13333E-03  0.13333E-03  0.13333E-03  0.13333E-03  0.13333E-03  0.13333E-03  0.13333E-03  0.13333E-03  0.13333E-03  0.13333E-03
rxn00017
  0.00000E+00  0.31955E-03  0.31955E-03  0.31955E-03  0.31955E-03  0.31955E-03  0.31955E-03  0.31955E-03  0.31955E-03  0.31955E-03  0.31955E-03  0.31955E-03  0.31955E-03  0.31955E-03  0.31955E-03  0.31955E-03  0.31955E-03  0.31955E-03  0.31955E-03  0.31955E-03  0.31955E-03  0.31955E-03  0.31955E-03  0.31955E-03  0.31955E-03  0.31955E-03  0.31955E-03  0.31955E-03  0.31955E-03  0.31955E-03  0.31955E-03
rxn00018
  0.00000E+00  0.59508E-05  0.59508E-05  0.59508E-05  0.59508E-05  0.59508E-05  0.59508E-05  0.59508E-05  0.59508E-05  0.59508E-05  0.59508E-05  0.59508E-05  0.59508E-05  0.59508E-05  0.59508E-05  0.59508E-05  0.59508E-05  0.59508E-05  0.59508E-05  0.59508E-05  0.59508E-05  0.59508E-05  0.59508E-05  0.59508E-05  0.59508E-05  0.59508E-05  0.59508E-05  0.59508E-05  0.59508E-05  0.59508E-05  0.59508E-05
rxn00019
  0.00000E+00  0.16451E-05  0.16451E-05  0.16451E-05  0.16451E-05  0.16451E-05  0.16451E-05  0.16451E-05  0.16451E-05  0.16451E-05  0.16451E-05  0.16451E-05  0.16451E-05  0.16451E-05  0.16451E-05  0.16451E-05  0.16451E-05  0.16451E-05  0.16451E-05  0.16451E-05  0.16451E-05  0.16451E-05  0.16451E-05  0.16451E-05  0.16451E-05  0.16451E-05  0.16451E-05  0.16451E-05  0.16451E-05  0.16451E-05  0.16451E-05
rxn00020
  0.00000E+00  0.12830E-05  0.12830E-05  0.12830E-05  0.12830E-05  0.12830E-05  0.12830E-05  0.12830E-05  0.12830E-05  0.12830E-05  0.12830E-05  0.12830E-05  0.12830E-05  0.12830E-05  0.12830E-05  0.12830E-05  0.12830E-05  0.12830E-05  0.12830E-05  0.12830E-05  0.12830E-05  0.12830E-05  0.12830E-05  0.12830E-05  0.12830E-05  0.12830E-05  0.12830E-05  0.12830E-05  0.12830E-05  0.12830E-05  0.12830E-05
rxn00021
  0.00000E+00  0.57251E+09  0.57251E+09  0.57251E+09  0.57251E+09  0.57251E+09  0.57251E+09  0.57251E+09  0.57251E+09  0.57251E+09  0.57251E+09  0.57251E+09  0.57251E+09  0.57251E+09  0.57251E+09  0.57251E+09  0.57251E+09  0.57251E+09  0.57251E+09  0.57251E+09  0.57251E+09  0.57251E+09  0.57251E+09  0.57251E+09  0.57251E+09  0.57251E+09  0.57251E+09  0.57251E+09  0.57251E+09  0.57251E+09  0.57251E+09
rxn00022
  0.00000E+00  0.76880E+08  0.76880E+08  0.76880E+08  0.76880E+08  0.76880E+08  0.76880E+08  0.76880E+08  0.76880E+08  0.76880E+08  0.76880E+08  0.76880E+08  0.76880E+08  0.76880E+08  0.76880E+08  0.76880E+08  0.76880E+08  0.76880E+08  0.76880E+08  0.76880E+08  0.76880E+08  0.76880E+08  0.76880E+08  0.76880E+08  0.76880E+08  0.76880E+08  0.76880E+08  0.76880E+08  0.76880E+08  0.76880E+08  0.76880E+08
rxn00023
  0.00000E+00  0.49031E+05  0.49031E+05  0.49031E+05  0.49031E+05  0.49031E+05  0.49031E+05  0.49031E+05  0.49031E+05  0.49031E+05  0.49031E+05  0.49031E+05  0.49031E+05  0.49031E+05  0.49031E+05  0.49031E+05  0.49031E+05  0.49031E+05  0.49031E+05  0.49031E+05  0.49031E+05  0.49031E+05  0.49031E+05  0.49031E+05  0.49031E+05  0.49031E+05  0.49031E+05  0.49031E+05  0.49031E+05  0.49031E+05  0.49031E+05
rxn00024
  0.00000E+00  0.70999E-14  0.70999E-14  0.70999E-14  0.70999E-14  0.70999E-14  0.70999E-14  0.70999E-14  0.70999E-14  0.70999E-14  0.70999E-14  0.70999E-14  0.70999E-14  0.70999E-14  0.70999E-14  0.70999E-14  0.70999E-14  0.70999E-14  0.70999E-14  0.70999E-14  0.70999E-14  0.70999E-14  0.70999E-14  0.70999E-14  0.70999E-14  0.70999E-14  0.70999E-14  0.70999E-14  0.70999E-14  0.70999E-14  0.70999E-14
rxn00025
  0.00000E+00  0.43165E-11  0.43165E-11  0.43165E-11  0.43165E-11  0.43165E-11  0.43165E-11  0.43165E-11  0.43165E-11  0.43165E-11  0.43165E-11  0.43165E-11  0.43165E-11  0.43165E-11  0.43165E-11  0.43165E-11  0.43165E-11  0.43165E-11  0.43165E-11  0.43165E-11  0.43165E-11  0.43165E-11  0.43165E-11  0.43165E-11  0.43165E-11  0.43165E-11  0.43165E-11  0.43165E-11  0.43165E-11  0.43165E-11  0.43165E-11
rxn00026
  0.00000E+00  0.27240E-11  0.27240E-11  0.27240E-11  0.27240E-11  0.27240E-11  0.27240E-11  0.27240E-11  0.27240E-11  0.27240E-11  0.27240E-11  0.27240E-11  0.27240E-11  0.27240E-11  0.27240E-11  0.27240E-11  0.27240E-11  0.27240E-11  0.27240E-11  0.27240E-11  0.27240E-11  0.27240E-11  0.27240E-11  0.27240E-11  0.27240E-11  0.27240E-11  0.27240E-11  0.27240E-11  0.27240E-11  0.27240E-11  0.27240E-11
rxn00027
  0.00000E+00  0.13294E-11  0.13294E-11  0.13294E-11  0.13294E-11  0.13294E-11  0.13294E-11  0.13294E-11  0.13294E-11  0.13294E-11  0.13294E-11  0.13294E-11  0.13294E-11  0.13294E-11  0.13294E-11  0.13294E-11  0.13294E-11  0.13294E-11  0.13294E-11  0.13294E-11  0.13294E-11  0.13294E-11  0.13294E-11  0.13294E-11  0.13294E-11  0.13294E-11  0.13294E-11  0.13294E-11  0.13294E-11  0.13294E-11  0.13294E-11
rxn00028
  0.00000E+00  0.16864E-13  0.16864E-13  0.16864E-13  0.16864E-13  0.16864E-13  0.16864E-13  0.16864E-13  0.16864E-13  0.16864E-13  0.16864E-13  0.16864E-13  0.16864E-13  0.16864E-13  0.16864E-13  0.16864E-13  0.16864E-13  0.16864E-13  0.16864E-13  0.16864E-13  0.16864E-13  0.16864E-13  0.16864E-13  0.16864E-13  0.16864E-13  0.16864E-13  0.16864E-13  0.16864E-13  0.16864E-13  0.16864E-13  0.16864E-13
rxn00029
  0.00000E+00  0.28156E-16  0.28156E-16  0.28156E-16  0.28156E-16  0.28156E-16  0.28156E-16  0.28156E-16  0.28156E-16  0.28156E-16  0.28156E-16  0.28156E-16  0.28156E-16  0.28156E-16  0.28156E-16  0.28156E-16  0.28156E-16  0.28156E-16  0.28156E-16  0.28156E-16  0.28156E-16  0.28156E-16  0.28156E-16  0.28156E-16  0.28156E-16  0.28156E-16  0.28156E-16  0.28156E-16  0.28156E-16  0.28156E-16  0.28156E-16
rxn00030
  0.00000E+00  0.64794E-13  0.64794E-13  0.64794E-13  0.64794E-13  0.64794E-13  0.64794E-13  0.64794E-13  0.64794E-13  0.64794E-13  0.64794E-13  0.64794E-13  0.64794E-13  0.64794E-13  0.64794E-13  0.64794E-13  0.64794E-13  0.64794E-13  0.64794E-13  0.64794E-13  0.64794E-13  0.64794E-13  0.64794E-13  0.64794E-13  0.64794E-13  0.64794E-13  0.64794E-13  0.64794E-13  0.64794E-13  0.64794E-13  0.64794E-13
rxn00031
  0.00000E+00  0.19983E-14  0.19983E-14  0.19983E-14  0.19983E-14  0.19983E-14  0.19983E-14  0.19983E-14  0.19983E-14  0.19983E-14  0.19983E-14  0.19983E-14  0.19983E-14  0.19983E-14  0.19983E-14  0.19983E-14  0.19983E-14  0.19983E-14  0.19983E-14  0.19983E-14  0.19983E-14  0.19983E-14  0.19983E-14  0.19983E-14  0.19983E-14  0.19983E-14  0.19983E-14  0.19983E-14  0.19983E-14  0.19983E-14  0.19983E-14
rxn00032
  0.00000E+00  0.58921E-01  0.58921E-01  0.58921E-01  0.58921E-01  0.58921E-01  0.58921E-01  0.58921E-01  0.58921E-01  0.58921E-01  0.58921E-01  0.58921E-01  0.58921E-01  0.58921E-01  0.58921E-01  0.58921E-01  0.58921E-01  0.58921E-01  0.58921E-01  0.58921E-01  0.58921E-01  0.58921E-01  0.58921E-01  0.58921E-01  0.58921E-01  0.58921E-01  0.58921E-01  0.58921E-01  0.58921E-01  0.58921E-01  0.58921E-01
rxn00033
  0.00000E+00  0.62329E-11  0.62329E-11  0.62329E-11  0.62329E-11  0.62329E-11  0.62329E-11  0.62329E-11  0.62329E-11  0.62329E-11  0.62329E-11  0.62329E-11  0.62329E-11  0.62329E-11  0.62329E-11  0.62329E-11  0.62329E-11  0.62329E-11  0.62329E-11  0.62329E-11  0.62329E-11  0.62329E-11  0.62329E-11  0.62329E-11  0.62329E-11  0.62329E-11  0.62329E-11  0.62329E-11  0.62329E-11  0.62329E-11  0.62329E-11
rxn00034
  0.00000E+00  0.90679E-11  0.90679E-11  0.90679E-11  0.90679E-11  0.90679E-11  0.90679E-11  0.90679E-11  0.90679E-11  0.90679E-11  0.90679E-11  0.90679E-11  0.90679E-11  0.90679E-11  0.90679E-11  0.90679E-11  0.90679E-11  0.90679E-11  0.90679E-11  0.90679E-11  0.90679E-11  0.90679E-11  0.90679E-11  0.90679E-11  0.90679E-11  0.90679E-11  0.90679E-11  0.90679E-11  0.90679E-11  0.90679E-11  0.90679E-11
rxn00035
  0.00000E+00  0.22000E-10  0.22000E-10  0.22000E-10  0.22000E-10  0.22000E-10  0.22000E-10  0.22000E-10  0.22000E-10  0.22000E-10  0.22000E-10  0.22000E-10  0.22000E-10  0.22000E-10  0.22000E-10  0.22000E-10  0.22000E-10  0.22000E-10  0.22000E-10  0.22000E-10  0.22000E-10  0.22000E-10  0.22000E-10  0.22000E-10  0.22000E-10  0.22000E-10  0.22000E-10  0.22000E-10  0.22000E-10  0.22000E-10  0.22000E-10
rxn00036
  0.00000E+00  0.47588E-11  0.47588E-11  0.47588E-11  0.47588E-11  0.47588E-11  0.47588E-11  0.47588E-11  0.47588E-11  0.47588E-11  0.47588E-11  0.47588E-11  0.47588E-11  0.47588E-11  0.47588E-11  0.47588E-11  0.47588E-11  0.47588E-11  0.47588E-11  0.47588E-11  0.47588E-11  0.47588E-11  0.47588E-11  0.47588E-11  0.47588E-11  0.47588E-11  0.47588E-11  0.47588E-11  0.47588E-11  0.47588E-11  0.47588E-11
rxn00037
  0.00000E+00  0.16226E-12  0.16226E-12  0.16226E-12  0.16226E-12  0.16226E-12  0.16226E-12  0.16226E-12  0.16226E-12  0.16226E-12  0.16226E-12  0.16226E-12  0.16226E-12  0.16226E-12  0.16226E-12  0.16226E-12  0.16226E-12  0.16226E-12  0.16226E-12  0.16226E-12  0.16226E-12  0.16226E-12  0.16226E-12  0.16226E-12  0.16226E-12  0.16226E-12  0.16226E-12  0.16226E-12  0.16226E-12  0.16226E-12  0.16226E-12
rxn00038
  0.00000E+00  0.47523E-11  0.47523E-11  0.47523E-11  0.47523E-11  0.47523E-11  0.47523E-11  0.47523E-11  0.47523E-11  0.47523E-11  0.47523E-11  0.47523E-11  0.47523E-11  0.47523E-11  0.47523E-11  0.47523E-11  0.47523E-11  0.47523E-11  0.47523E-11  0.47523E-11  0.47523E-11  0.47523E-11  0.47523E-11  0.47523E-11  0.47523E-11  0.47523E-11  0.47523E-11  0.47523E-11  0.47523E-11  0.47523E-11  0.47523E-11
rxn00039
  0.00000E+00  0.11262E-09  0.11262E-09  0.11262E-09  0.11262E-09  0.11262E-09  0.11262E-09  0.11262E-09  0.11262E-09  0.11262E-09  0.11262E-09  0.11262E-09  0.11262E-09  0.11262E-09  0.11262E-09  0.11262E-09  0.11262E-09  0.11262E-09  0.11262E-09  0.11262E-09  0.11262E-09  0.11262E-09  0.11262E-09  0.11262E-09  0.11262E-09  0.11262E-09  0.11262E-09  0.11262E-09  0.11262E-09  0.11262E-09  0.11262E-09
rxn00040
  0.00000E+00  0.16802E-11  0.16802E-11  0.16802E-11  0.16802E-11  0.16802E-11  0.16802E-11  0.16802E-11  0.16802E-11  0.16802E-11  0.16802E-11  0.16802E-11  0.16802E-11  0.16802E-11  0.16802E-11  0.16802E-11  0.16802E-11  0.16802E-11  0.16802E-11  0.16802E-11  0.16802E-11  0.16802E-11  0.16802E-11  0.16802E-11  0.16802E-11  0.16802E-11  0.16802E-11  0.16802E-11  0.16802E-11  0.16802E-11  0.16802E-11
rxn00041
  0.00000E+00  0.27663E-11  0.27663E-11  0.27663E-11  0.27663E-11  0.27663E-11  0.27663E-11  0.27663E-11  0.27663E-11  0.27663E-11  0.27663E-11  0.27663E-11  0.27663E-11  0.27663E-11  0.27663E-11  0.27663E-11  0.27663E-11  0.27663E-11  0.27663E-11  0.27663E-11  0.27663E-11  0.27663E-11  0.27663E-11  0.27663E-11  0.27663E-11  0.27663E-11  0.27663E-11  0.27663E-11  0.27663E-11  0.27663E-11  0.27663E-11
rxn00042
  0.00000E+00  0.24336E-11  0.24336E-11  0.24336E-11  0.24336E-11  0.24336E-11  0.24336E-11  0.24336E-11  0.24336E-11  0.24336E-11  0.24336E-11  0.24336E-11  0.24336E-11  0.24336E-11  0.24336E-11  0.24336E-11  0.24336E-11  0.24336E-11  0.24336E-11  0.24336E-11  0.24336E-11  0.24336E-11  0.24336E-11  0.24336E-11  0.24336E-11  0.24336E-11  0.24336E-11  0.24336E-11  0.24336E-11  0.24336E-11  0.24336E-11
rxn00043
  0.00000E+00  0.82118E-11  0.82118E-11  0.82118E-11  0.82118E-11  0.82118E-11  0.82118E-11  0.82118E-11  0.82118E-11  0.82118E-11  0.82118E-11  0.82118E-11  0.82118E-11  0.82118E-11  0.82118E-11  0.82118E-11  0.82118E-11  0.82118E-11  0.82118E-11  0.82118E-11  0.82118E-11  0.82118E-11  0.82118E-11  0.82118E-11  0.82118E-11  0.82118E-11  0.82118E-11  0.82118E-11  0.82118E-11  0.82118E-11  0.82118E-11
rxn00044
  0.00000E+00  0.11778E-11  0.11778E-11  0.11778E-11  0.11778E-11  0.11778E-11  0.11778E-11  0.11778E-11  0.11778E-11  0.11778E-11  0.11778E-11  0.11778E-11  0.11778E-11  0.11778E-11  0.11778E-11  0.11778E-11  0.11778E-11  0.11778E-11  0.11778E-11  0.11778E-11  0.11778E-11  0.11778E-11  0.11778E-11  0.11778E-11  0.11778E-11  0.11778E-11  0.11778E-11  0.11778E-11  0.11778E-11  0.11778E-11  0.11778E-11
rxn00045
  0.00000E+00  0.50000E-15  0.50000E-15  0.50000E-15  0.50000E-15  0.50000E-15  0.50000E-15  0.50000E-15  0.50000E-15  0.50000E-15  0.50000E-15  0.50000E-15  0.50000E-15  0.50000E-15  0.50000E-15  0.50000E-15  0.50000E-15  0.50000E-15  0.50000E-15  0.50000E-15  0.50000E-15  0.50000E-15  0.50000E-15  0.50000E-15  0.50000E-15  0.50000E-15  0.50000E-15  0.50000E-15  0.50000E-15  0.50000E-15  0.50000E-15
rxn00046
  0.00000E+00  0.40662E-01  0.40662E-01  0.40662E-01  0.40662E-01  0.40662E-01  0.40662E-01  0.40662E-01  0.40662E-01  0.40662E-01  0.40662E-01  0.40662E-01  0.40662E-01  0.40662E-01  0.40662E-01  0.40662E-01  0.40662E-01  0.40662E-01  0.40662E-01  0.40662E-01  0.40662E-01  0.40662E-01  0.40662E-01  0.40662E-01  0.40662E-01  0.40662E-01  0.40662E-01  0.40662E-01  0.40662E-01  0.40662E-01  0.40662E-01
rxn00047
  0.00000E+00  0.26788E-10  0.26788E-10  0.26788E-10  0.26788E-10  0.26788E-10  0.26788E-10  0.26788E-10  0.26788E-10  0.26788E-10  0.26788E-10  0.26788E-10  0.26788E-10  0.26788E-10  0.26788E-10  0.26788E-10  0.26788E-10  0.26788E-10  0.26788E-10  0.26788E-10  0.26788E-10  0.26788E-10  0.26788E-10  0.26788E-10  0.26788E-10  0.26788E-10  0.26788E-10  0.26788E-10  0.26788E-10  0.26788E-10  0.26788E-10
rxn00048
  0.00000E+00  0.61172E-15  0.61172E-15  0.61172E-15  0.61172E-15  0.61172E-15  0.61172E-15  0.61172E-15  0.61172E-15  0.61172E-15  0.61172E-15  0.61172E-15  0.61172E-15  0.61172E-15  0.61172E-15  0.61172E-15  0.61172E-15  0.61172E-15  0.61172E-15  0.61172E-15  0.61172E-15  0.61172E-15  0.61172E-15  0.61172E-15  0.61172E-15  0.61172E-15  0.61172E-15  0.61172E-15  0.61172E-15  0.61172E-15  0.61172E-15
rxn00049
  0.00000E+00  0.11186E-11  0.11186E-11  0.11186E-11  0.11186E-11  0.11186E-11  0.11186E-11  0.11186E-11  0.11186E-11  0.11186E-11  0.11186E-11  0.11186E-11  0.11186E-11  0.11186E-11  0.11186E-11  0.11186E-11  0.11186E-11  0.11186E-11  0.11186E-11  0.11186E-11  0.11186E-11  0.11186E-11  0.11186E-11  0.11186E-11  0.11186E-11  0.11186E-11  0.11186E-11  0.11186E-11  0.11186E-11  0.11186E-11  0.11186E-11
rxn00050
  0.00000E+00  0.19944E-15  0.19944E-15  0.19944E-15  0.19944E-15  0.19944E-15  0.19944E-15  0.19944E-15  0.19944E-15  0.19944E-15  0.19944E-15  0.19944E-15  0.19944E-15  0.19944E-15  0.19944E-15  0.19944E-15  0.19944E-15  0.19944E-15  0.19944E-15  0.19944E-15  0.19944E-15  0.19944E-15  0.19944E-15  0.19944E-15  0.19944E-15  0.19944E-15  0.19944E-15  0.19944E-15  0.19944E-15  0.19944E-15  0.19944E-15
rxn00051
  0.00000E+00  0.35000E-11  0.35000E-11  0.35000E-11  0.35000E-11  0.35000E-11  0.35000E-11  0.35000E-11  0.35000E-11  0.35000E-11  0.35000E-11  0.35000E-11  0.35000E-11  0.35000E-11  0.35000E-11  0.35000E-11  0.35000E-11  0.35000E-11  0.35000E-11  0.35000E-11  0.35000E-11  0.35000E-11  0.35000E-11  0.35000E-11  0.35000E-11  0.35000E-11  0.35000E-11  0.35000E-11  0.35000E-11  0.35000E-11  0.35000E-11
rxn00052
  0.00000E+00  0.69891E-03  0.69891E-03  0.69891E-03  0.69891E-03  0.69891E-03  0.69891E-03  0.69891E-03  0.69891E-03  0.69891E-03  0.69891E-03  0.69891E-03  0.69891E-03  0.69891E-03  0.69891E-03  0.69891E-03  0.69891E-03  0.69891E-03  0.69891E-03  0.69891E-03  0.69891E-03  0.69891E-03  0.69891E-03  0.69891E-03  0.69891E-03  0.69891E-03  0.69891E-03  0.69891E-03  0.69891E-03  0.69891E-03  0.69891E-03
rxn00053
  0.00000E+00  0.27393E-01  0.27393E-01  0.27393E-01  0.27393E-01  0.27393E-01  0.27393E-01  0.27393E-01  0.27393E-01  0.27393E-01  0.27393E-01  0.27393E-01  0.27393E-01  0.27393E-01  0.27393E-01  0.27393E-01  0.27393E-01  0.27393E-01  0.27393E-01  0.27393E-01  0.27393E-01  0.27393E-01  0.27393E-01  0.27393E-01  0.27393E-01  0.27393E-01  0.27393E-01  0.27393E-01  0.27393E-01  0.27393E-01  0.27393E-01
rxn00054
  0.00000E+00  0.83526E-19  0.83526E-19  0.83526E-19  0.83526E-19  0.83526E-19  0.83526E-19  0.83526E-19  0.83526E-19  0.83526E-19  0.83526E-19  0.83526E-19  0.83526E-19  0.83526E-19  0.83526E-19  0.83526E-19  0.83526E-19  0.83526E-19  0.83526E-19  0.83526E-19  0.83526E-19  0.83526E-19  0.83526E-19  0.83526E-19  0.83526E-19  0.83526E-19  0.83526E-19  0.83526E-19  0.83526E-19  0.83526E-19  0.83526E-19
rxn00055
  0.00000E+00  0.22660E-12  0.22660E-12  0.22660E-12  0.22660E-12  0.22660E-12  0.22660E-12  0.22660E-12  0.22660E-12  0.22660E-12  0.22660E-12  0.22660E-12  0.22660E-12  0.22660E-12  0.22660E-12  0.22660E-12  0.22660E-12  0.22660E-12  0.22660E-12  0.22660E-12  0.22660E-12  0.22660E-12  0.22660E-12  0.22660E-12  0.22660E-12  0.22660E-12  0.22660E-12  0.22660E-12  0.22660E-12  0.22660E-12  0.22660E-12
rxn00056
  0.00000E+00  0.91526E-12  0.91526E-12  0.91526E-12  0.91526E-12  0.91526E-12  0.91526E-12  0.91526E-12  0.91526E-12  0.91526E-12  0.91526E-12  0.91526E-12  0.91526E-12  0.91526E-12  0.91526E-12  0.91526E-12  0.91526E-12  0.91526E-12  0.91526E-12  0.91526E-12  0.91526E-12  0.91526E-12  0.91526E-12  0.91526E-12  0.91526E-12  0.91526E-12  0.91526E-12  0.91526E-12  0.91526E-12  0.91526E-12  0.91526E-12
rxn00057
  0.00000E+00  0.57462E-14  0.57462E-14  0.57462E-14  0.57462E-14  0.57462E-14  0.57462E-14  0.57462E-14  0.57462E-14  0.57462E-14  0.57462E-14  0.57462E-14  0.57462E-14  0.57462E-14  0.57462E-14  0.57462E-14  0.57462E-14  0.57462E-14  0.57462E-14  0.57462E-14  0.57462E-14  0.57462E-14  0.57462E-14  0.57462E-14  0.57462E-14  0.57462E-14  0.57462E-14  0.57462E-14  0.57462E-14  0.57462E-14  0.57462E-14
rxn00058
  0.00000E+00  0.24065E-12  0.24065E-12  0.24065E-12  0.24065E-12  0.24065E-12  0.24065E-12  0.24065E-12  0.24065E-12  0.24065E-12  0.24065E-12  0.24065E-12  0.24065E-12  0.24065E-12  0.24065E-12  0.24065E-12  0.24065E-12  0.24065E-12  0.24065E-12  0.24065E-12  0.24065E-12  0.24065E-12  0.24065E-12  0.24065E-12  0.24065E-12  0.24065E-12  0.24065E-12  0.24065E-12  0.24065E-12  0.24065E-12  0.24065E-12
rxn00059
  0.00000E+00  0.81000E-12  0.81000E-12  0.81000E-12  0.81000E-12  0.81000E-12  0.81000E-12  0.81000E-12  0.81000E-12  0.81000E-12  0.81000E-12  0.81000E-12  0.81000E-12  0.81000E-12  0.81000E-12  0.81000E-12  0.81000E-12  0.81000E-12  0.81000E-12  0.81000E-12  0.81000E-12  0.81000E-12  0.81000E-12  0.81000E-12  0.81000E-12  0.81000E-12  0.81000E-12  0.81000E-12  0.81000E-12  0.81000E-12  0.81000E-12
rxn00060
  0.00000E+00  0.86535E-12  0.86535E-12  0.86535E-12  0.86535E-12  0.86535E-12  0.86535E-12  0.86535E-12  0.86535E-12  0.86535E-12  0.86535E-12  0.86535E-12  0.86535E-12  0.86535E-12  0.86535E-12  0.86535E-12  0.86535E-12  0.86535E-12  0.86535E-12  0.86535E-12  0.86535E-12  0.86535E-12  0.86535E-12  0.86535E-12  0.86535E-12  0.86535E-12  0.86535E-12  0.86535E-12  0.86535E-12  0.86535E-12  0.86535E-12
rxn00061
  0.00000E+00  0.10000E-10  0.10000E-10  0.10000E-10  0.10000E-10  0.10000E-10  0.10000E-10  0.10000E-10  0.10000E-10  0.10000E-10  0.10000E-10  0.10000E-10  0.10000E-10  0.10000E-10  0.10000E-10  0.10000E-10  0.10000E-10  0.10000E-10  0.10000E-10  0.10000E-10  0.10000E-10  0.10000E-10  0.10000E-10  0.10000E-10  0.10000E-10  0.10000E-10  0.10000E-10  0.10000E-10  0.10000E-10  0.10000E-10  0.10000E-10
rxn00062
  0.00000E+00  0.52081E-15  0.52081E-15  0.52081E-15  0.52081E-15  0.52081E-15  0.52081E-15  0.52081E-15  0.52081E-15  0.52081E-15  0.52081E-15  0.52081E-15  0.52081E-15  0.52081E-15  0.52081E-15  0.52081E-15  0.52081E-15  0.52081E-15  0.52081E-15  0.52081E-15  0.52081E-15  0.52081E-15  0.52081E-15  0.52081E-15  0.52081E-15  0.52081E-15  0.52081E-15  0.52081E-15  0.52081E-15  0.52081E-15  0.52081E-15
rxn00063
  0.00000E+00  0.14067E-10  0.14067E-10  0.14067E-10  0.14067E-10  0.14067E-10  0.14067E-10  0.14067E-10  0.14067E-10  0.14067E-10  0.14067E-10  0.14067E-10  0.14067E-10  0.14067E-10  0.14067E-10  0.14067E-10  0.14067E-10  0.14067E-10  0.14067E-10  0.14067E-10  0.14067E-10  0.14067E-10  0.14067E-10  0.14067E-10  0.14067E-10  0.14067E-10  0.14067E-10  0.14067E-10  0.14067E-10  0.14067E-10  0.14067E-10
rxn00064
  0.00000E+00  0.21445E-14  0.21445E-14  0.21445E-14  0.21445E-14  0.21445E-14  0.21445E-14  0.21445E-14  0.21445E-14  0.21445E-14  0.21445E-14  0.21445E-14  0.21445E-14  0.21445E-14  0.21445E-14  0.21445E-14  0.21445E-14  0.21445E-14  0.21445E-14  0.21445E-14  0.21445E-14  0.21445E-14  0.21445E-14  0.21445E-14  0.21445E-14  0.21445E-14  0.21445E-14  0.21445E-14  0.21445E-14  0.21445E-14  0.21445E-14
rxn00065
  0.00000E+00  0.20783E-12  0.20783E-12  0.20783E-12  0.20783E-12  0.20783E-12  0.20783E-12  0.20783E-12  0.20783E-12  0.20783E-12  0.20783E-12  0.20783E-12  0.20783E-12  0.20783E-12  0.20783E-12  0.20783E-12  0.20783E-12  0.20783E-12  0.20783E-12  0.20783E-12  0.20783E-12  0.20783E-12  0.20783E-12  0.20783E-12  0.20783E-12  0.20783E-12  0.20783E-12  0.20783E-12  0.20783E-12  0.20783E-12  0.20783E-12
rxn00066
  0.00000E+00  0.17000E-10  0.17000E-10  0.17000E-10  0.17000E-10  0.17000E-10  0.17000E-10  0.17000E-10  0.17000E-10  0.17000E-10  0.17000E-10  0.17000E-10  0.17000E-10  0.17000E-10  0.17000E-10  0.17000E-10  0.17000E-10  0.17000E-10  0.17000E-10  0.17000E-10  0.17000E-10  0.17000E-10  0.17000E-10  0.17000E-10  0.17000E-10  0.17000E-10  0.17000E-10  0.17000E-10  0.17000E-10  0.17000E-10  0.17000E-10
rxn00067
  0.00000E+00  0.21445E-14  0.21445E-14  0.21445E-14  0.21445E-14  0.21445E-14  0.21445E-14  0.21445E-14  0.21445E-14  0.21445E-14  0.21445E-14  0.21445E-14  0.21445E-14  0.21445E-14  0.21445E-14  0.21445E-14  0.21445E-14  0.21445E-14  0.21445E-14  0.21445E-14  0.21445E-14  0.21445E-14  0.21445E-14  0.21445E-14  0.21445E-14  0.21445E-14  0.21445E-14  0.21445E-14  0.21445E-14  0.21445E-14  0.21445E-14
rxn00068
  0.00000E+00  0.15237E-17  0.15237E-17  0.15237E-17  0.15237E-17  0.15237E-17  0.15237E-17  0.15237E-17  0.15237E-17  0.15237E-17  0.15237E-17  0.15237E-17  0.15237E-17  0.15237E-17  0.15237E-17  0.15237E-17  0.15237E-17  0.15237E-17  0.15237E-17  0.15237E-17  0.15237E-17  0.15237E-17  0.15237E-17  0.15237E-17  0.15237E-17  0.15237E-17  0.15237E-17  0.15237E-17  0.15237E-17  0.15237E-17  0.15237E-17
rxn00069
  0.00000E+00  0.82820E-11  0.82820E-11  0.82820E-11  0.82820E-11  0.82820E-11  0.82820E-11  0.82820E-11  0.82820E-11  0.82820E-11  0.82820E-11  0.82820E-11  0.82820E-11  0.82820E-11  0.82820E-11  0.82820E-11  0.82820E-11  0.82820E-11  0.82820E-11  0.82820E-11  0.82820E-11  0.82820E-11  0.82820E-11  0.82820E-11  0.82820E-11  0.82820E-11  0.82820E-11  0.82820E-11  0.82820E-11  0.82820E-11  0.82820E-11
rxn00070
  0.00000E+00  0.90489E-17  0.90489E-17  0.90489E-17  0.90489E-17  0.90489E-17  0.90489E-17  0.90489E-17  0.90489E-17  0.90489E-17  0.90489E-17  0.90489E-17  0.90489E-17  0.90489E-17  0.90489E-17  0.90489E-17  0.90489E-17  0.90489E-17  0.90489E-17  0.90489E-17  0.90489E-17  0.90489E-17  0.90489E-17  0.90489E-17  0.90489E-17  0.90489E-17  0.90489E-17  0.90489E-17  0.90489E-17  0.90489E-17  0.90489E-17
rxn00071
  0.00000E+00  0.23370E-15  0.23370E-15  0.23370E-15  0.23370E-15  0.23370E-15  0.23370E-15  0.23370E-15  0.23370E-15  0.23370E-15  0.23370E-15  0.23370E-15  0.23370E-15  0.23370E-15  0.23370E-15  0.23370E-15  0.23370E-15  0.23370E-15  0.23370E-15  0.23370E-15  0.23370E-15  0.23370E-15  0.23370E-15  0.23370E-15  0.23370E-15  0.23370E-15  0.23370E-15  0.23370E-15  0.23370E-15  0.23370E-15  0.23370E-15
rxn00072
  0.00000E+00  0.29619E-10  0.29619E-10  0.29619E-10  0.29619E-10  0.29619E-10  0.29619E-10  0.29619E-10  0.29619E-10  0.29619E-10  0.29619E-10  0.29619E-10  0.29619E-10  0.29619E-10  0.29619E-10  0.29619E-10  0.29619E-10  0.29619E-10  0.29619E-10  0.29619E-10  0.29619E-10  0.29619E-10  0.29619E-10  0.29619E-10  0.29619E-10  0.29619E-10  0.29619E-10  0.29619E-10  0.29619E-10  0.29619E-10  0.29619E-10
rxn00073
  0.00000E+00  0.69211E-10  0.69211E-10  0.69211E-10  0.69211E-10  0.69211E-10  0.69211E-10  0.69211E-10  0.69211E-10  0.69211E-10  0.69211E-10  0.69211E-10  0.69211E-10  0.69211E-10  0.69211E-10  0.69211E-10  0.69211E-10  0.69211E-10  0.69211E-10  0.69211E-10  0.69211E-10  0.69211E-10  0.69211E-10  0.69211E-10  0.69211E-10  0.69211E-10  0.69211E-10  0.69211E-10  0.69211E-10  0.69211E-10  0.69211E-10
rxn00074
  0.00000E+00  0.98872E-14  0.98872E-14  0.98872E-14  0.98872E-14  0.98872E-14  0.98872E-14  0.98872E-14  0.98872E-14  0.98872E-14  0.98872E-14  0.98872E-14  0.98872E-14  0.98872E-14  0.98872E-14  0.98872E-14  0.98872E-14  0.98872E-14  0.98872E-14  0.98872E-14  0.98872E-14  0.98872E-14  0.98872E-14  0.98872E-14  0.98872E-14  0.98872E-14  0.98872E-14  0.98872E-14  0.98872E-14  0.98872E-14  0.98872E-14
rxn00075
  0.00000E+00  0.25000E-11  0.25000E-11  0.25000E-11  0.25000E-11  0.25000E-11  0.25000E-11  0.25000E-11  0.25000E-11  0.25000E-11  0.25000E-11  0.25000E-11  0.25000E-11  0.25000E-11  0.25000E-11  0.25000E-11  0.25000E-11  0.25000E-11  0.25000E-11  0.25000E-11  0.25000E-11  0.25000E-11  0.25000E-11  0.25000E-11  0.25000E-11  0.25000E-11  0.25000E-11  0.25000E-11  0.25000E-11  0.25000E-11  0.25000E-11
rxn00076
  0.00000E+00  0.62987E-11  0.62987E-11  0.62987E-11  0.62987E-11  0.62987E-11  0.62987E-11  0.62987E-11  0.62987E-11  0.62987E-11  0.62987E-11  0.62987E-11  0.62987E-11  0.62987E-11  0.62987E-11  0.62987E-11  0.62987E-11  0.62987E-11  0.62987E-11  0.62987E-11  0.62987E-11  0.62987E-11  0.62987E-11  0.62987E-11  0.62987E-11  0.62987E-11  0.62987E-11  0.62987E-11  0.62987E-11  0.62987E-11  0.62987E-11
rxn00077
  0.00000E+00  0.25252E-10  0.25252E-10  0.25252E-10  0.25252E-10  0.25252E-10  0.25252E-10  0.25252E-10  0.25252E-10  0.25252E-10  0.25252E-10  0.25252E-10  0.25252E-10  0.25252E-10  0.25252E-10  0.25252E-10  0.25252E-10  0.25252E-10  0.25252E-10  0.25252E-10  0.25252E-10  0.25252E-10  0.25252E-10  0.25252E-10  0.25252E-10  0.25252E-10  0.25252E-10  0.25252E-10  0.25252E-10  0.25252E-10  0.25252E-10
rxn00078
  0.00000E+00  0.81000E-11  0.81000E-11  0.81000E-11  0.81000E-11  0.81000E-11  0.81000E-11  0.81000E-11  0.81000E-11  0.81000E-11  0.81000E-11  0.81000E-11  0.81000E-11  0.81000E-11  0.81000E-11  0.81000E-11  0.81000E-11  0.81000E-11  0.81000E-11  0.81000E-11  0.81000E-11  0.81000E-11  0.81000E-11  0.81000E-11  0.81000E-11  0.81000E-11  0.81000E-11  0.81000E-11  0.81000E-11  0.81000E-11  0.81000E-11
rxn00079
  0.00000E+00  0.41000E-10  0.41000E-10  0.41000E-10  0.41000E-10  0.41000E-10  0.41000E-10  0.41000E-10  0.41000E-10  0.41000E-10  0.41000E-10  0.41000E-10  0.41000E-10  0.41000E-10  0.41000E-10  0.41000E-10  0.41000E-10  0.41000E-10  0.41000E-10  0.41000E-10  0.41000E-10  0.41000E-10  0.41000E-10  0.41000E-10  0.41000E-10  0.41000E-10  0.41000E-10  0.41000E-10  0.41000E-10  0.41000E-10  0.41000E-10
rxn00080
  0.00000E+00  0.22000E-10  0.22000E-10  0.22000E-10  0.22000E-10  0.22000E-10  0.22000E-10  0.22000E-10  0.22000E-10  0.22000E-10  0.22000E-10  0.22000E-10  0.22000E-10  0.22000E-10  0.22000E-10  0.22000E-10  0.22000E-10  0.22000E-10  0.22000E-10  0.22000E-10  0.22000E-10  0.22000E-10  0.22000E-10  0.22000E-10  0.22000E-10  0.22000E-10  0.22000E-10  0.22000E-10  0.22000E-10  0.22000E-10  0.22000E-10
rxn00081
  0.00000E+00  0.14000E-10  0.14000E-10  0.14000E-10  0.14000E-10  0.14000E-10  0.14000E-10  0.14000E-10  0.14000E-10  0.14000E-10  0.14000E-10  0.14000E-10  0.14000E-10  0.14000E-10  0.14000E-10  0.14000E-10  0.14000E-10  0.14000E-10  0.14000E-10  0.14000E-10  0.14000E-10  0.14000E-10  0.14000E-10  0.14000E-10  0.14000E-10  0.14000E-10  0.14000E-10  0.14000E-10  0.14000E-10  0.14000E-10  0.14000E-10
rxn00082
  0.00000E+00  0.30000E-10  0.30000E-10  0.30000E-10  0.30000E-10  0.30000E-10  0.30000E-10  0.30000E-10  0.30000E-10  0.30000E-10  0.30000E-10  0.30000E-10  0.30000E-10  0.30000E-10  0.30000E-10  0.30000E-10  0.30000E-10  0.30000E-10  0.30000E-10  0.30000E-10  0.30000E-10  0.30000E-10  0.30000E-10  0.30000E-10  0.30000E-10  0.30000E-10  0.30000E-10  0.30000E-10  0.30000E-10  0.30000E-10  0.30000E-10
rxn00083
  0.00000E+00  0.98097E-17  0.98097E-17  0.98097E-17  0.98097E-17  0.98097E-17  0.98097E-17  0.98097E-17  0.98097E-17  0.98097E-17  0.98097E-17  0.98097E-17  0.98097E-17  0.98097E-17  0.98097E-17  0.98097E-17  0.98097E-17  0.98097E-17  0.98097E-17  0.98097E-17  0.98097E-17  0.98097E-17  0.98097E-17  0.98097E-17  0.98097E-17  0.98097E-17  0.98097E-17  0.98097E-17  0.98097E-17  0.98097E-17  0.98097E-17
rxn00084
  0.00000E+00  0.10493E-09  0.10493E-09  0.10493E-09  0.10493E-09  0.10493E-09  0.10493E-09  0.10493E-09  0.10493E-09  0.10493E-09  0.10493E-09  0.10493E-09  0.10493E-09  0.10493E-09  0.10493E-09  0.10493E-09  0.10493E-09  0.10493E-09  0.10493E-09  0.10493E-09  0.10493E-09  0.10493E-09  0.10493E-09  0.10493E-09  0.10493E-09  0.10493E-09  0.10493E-09  0.10493E-09  0.10493E-09  0.10493E-09  0.10493E-09
rxn00085
  0.00000E+00  0.12502E-16  0.12502E-16  0.12502E-16  0.12502E-16  0.12502E-16  0.12502E-16  0.12502E-16  0.12502E-16  0.12502E-16  0.12502E-16  0.12502E-16  0.12502E-16  0.12502E-16  0.12502E-16  0.12502E-16  0.12502E-16  0.12502E-16  0.12502E-16  0.12502E-16  0.12502E-16  0.12502E-16  0.12502E-16  0.12502E-16  0.12502E-16  0.12502E-16  0.12502E-16  0.12502E-16  0.12502E-16  0.12502E-16  0.12502E-16
rxn00086
  0.00000E+00  0.65521E-12  0.65521E-12  0.65521E-12  0.65521E-12  0.65521E-12  0.65521E-12  0.65521E-12  0.65521E-12  0.65521E-12  0.65521E-12  0.65521E-12  0.65521E-12  0.65521E-12  0.65521E-12  0.65521E-12  0.65521E-12  0.65521E-12  0.65521E-12  0.65521E-12  0.65521E-12  0.65521E-12  0.65521E-12  0.65521E-12  0.65521E-12  0.65521E-12  0.65521E-12  0.65521E-12  0.65521E-12  0.65521E-12  0.65521E-12
rxn00087
  0.00000E+00  0.33000E-10  0.33000E-10  0.33000E-10  0.33000E-10  0.33000E-10  0.33000E-10  0.33000E-10  0.33000E-10  0.33000E-10  0.33000E-10  0.33000E-10  0.33000E-10  0.33000E-10  0.33000E-10  0.33000E-10  0.33000E-10  0.33000E-10  0.33000E-10  0.33000E-10  0.33000E-10  0.33000E-10  0.33000E-10  0.33000E-10  0.33000E-10  0.33000E-10  0.33000E-10  0.33000E-10  0.33000E-10  0.33000E-10  0.33000E-10
rxn00088
  0.00000E+00  0.70000E-17  0.70000E-17  0.70000E-17  0.70000E-17  0.70000E-17  0.70000E-17  0.70000E-17  0.70000E-17  0.70000E-17  0.70000E-17  0.70000E-17  0.70000E-17  0.70000E-17  0.70000E-17  0.70000E-17  0.70000E-17  0.70000E-17  0.70000E-17  0.70000E-17  0.70000E-17  0.70000E-17  0.70000E-17  0.70000E-17  0.70000E-17  0.70000E-17  0.70000E-17  0.70000E-17  0.70000E-17  0.70000E-17  0.70000E-17
rxn00089
  0.00000E+00  0.10000E-14  0.10000E-14  0.10000E-14  0.10000E-14  0.10000E-14  0.10000E-14  0.10000E-14  0.10000E-14  0.10000E-14  0.10000E-14  0.10000E-14  0.10000E-14  0.10000E-14  0.10000E-14  0.10000E-14  0.10000E-14  0.10000E-14  0.10000E-14  0.10000E-14  0.10000E-14  0.10000E-14  0.10000E-14  0.10000E-14  0.10000E-14  0.10000E-14  0.10000E-14  0.10000E-14  0.10000E-14  0.10000E-14  0.10000E-14
rxn00090
  0.00000E+00  0.40000E-11  0.40000E-11  0.40000E-11  0.40000E-11  0.40000E-11  0.40000E-11  0.40000E-11  0.40000E-11  0.40000E-11  0.40000E-11  0.40000E-11  0.40000E-11  0.40000E-11  0.40000E-11  0.40000E-11  0.40000E-11  0.40000E-11  0.40000E-11  0.40000E-11  0.40000E-11  0.40000E-11  0.40000E-11  0.40000E-11  0.40000E-11  0.40000E-11  0.40000E-11  0.40000E-11  0.40000E-11  0.40000E-11  0.40000E-11
rxn00091
  0.00000E+00  0.40000E-11  0.40000E-11  0.40000E-11  0.40000E-11  0.40000E-11  0.40000E-11  0.40000E-11  0.40000E-11  0.40000E-11  0.40000E-11  0.40000E-11  0.40000E-11  0.40000E-11  0.40000E-11  0.40000E-11  0.40000E-11  0.40000E-11  0.40000E-11  0.40000E-11  0.40000E-11  0.40000E-11  0.40000E-11  0.40000E-11  0.40000E-11  0.40000E-11  0.40000E-11  0.40000E-11  0.40000E-11  0.40000E-11  0.40000E-11
rxn00092
  0.00000E+00  0.40000E-11  0.40000E-11  0.40000E-11  0.40000E-11  0.40000E-11  0.40000E-11  0.40000E-11  0.40000E-11  0.40000E-11  0.40000E-11  0.40000E-11  0.40000E-11  0.40000E-11  0.40000E-11  0.40000E-11  0.40000E-11  0.40000E-11  0.40000E-11  0.40000E-11  0.40000E-11  0.40000E-11  0.40000E-11  0.40000E-11  0.40000E-11  0.40000E-11  0.40000E-11  0.40000E-11  0.40000E-11  0.40000E-11  0.40000E-11
rxn00093
  0.00000E+00  0.14334E-10  0.14334E-10  0.14334E-10  0.14334E-10  0.14334E-10  0.14334E-10  0.14334E-10  0.14334E-10  0.14334E-10  0.14334E-10  0.14334E-10  0.14334E-10  0.14334E-10  0.14334E-10  0.14334E-10  0.14334E-10  0.14334E-10  0.14334E-10  0.14334E-10  0.14334E-10  0.14334E-10  0.14334E-10  0.14334E-10  0.14334E-10  0.14334E-10  0.14334E-10  0.14334E-10  0.14334E-10  0.14334E-10  0.14334E-10
rxn00094
  0.00000E+00  0.14334E-10  0.14334E-10  0.14334E-10  0.14334E-10  0.14334E-10  0.14334E-10  0.14334E-10  0.14334E-10  0.14334E-10  0.14334E-10  0.14334E-10  0.14334E-10  0.14334E-10  0.14334E-10  0.14334E-10  0.14334E-10  0.14334E-10  0.14334E-10  0.14334E-10  0.14334E-10  0.14334E-10  0.14334E-10  0.14334E-10  0.14334E-10  0.14334E-10  0.14334E-10  0.14334E-10  0.14334E-10  0.14334E-10  0.14334E-10
rxn00095
  0.00000E+00  0.14334E-10  0.14334E-10  0.14334E-10  0.14334E-10  0.14334E-10  0.14334E-10  0.14334E-10  0.14334E-10  0.14334E-10  0.14334E-10  0.14334E-10  0.14334E-10  0.14334E-10  0.14334E-10  0.14334E-10  0.14334E-10  0.14334E-10  0.14334E-10  0.14334E-10  0.14334E-10  0.14334E-10  0.14334E-10  0.14334E-10  0.14334E-10  0.14334E-10  0.14334E-10  0.14334E-10  0.14334E-10  0.14334E-10  0.14334E-10
rxn00096
  0.00000E+00  0.75176E-11  0.75176E-11  0.75176E-11  0.75176E-11  0.75176E-11  0.75176E-11  0.75176E-11  0.75176E-11  0.75176E-11  0.75176E-11  0.75176E-11  0.75176E-11  0.75176E-11  0.75176E-11  0.75176E-11  0.75176E-11  0.75176E-11  0.75176E-11  0.75176E-11  0.75176E-11  0.75176E-11  0.75176E-11  0.75176E-11  0.75176E-11  0.75176E-11  0.75176E-11  0.75176E-11  0.75176E-11  0.75176E-11  0.75176E-11
rxn00097
  0.00000E+00  0.75176E-11  0.75176E-11  0.75176E-11  0.75176E-11  0.75176E-11  0.75176E-11  0.75176E-11  0.75176E-11  0.75176E-11  0.75176E-11  0.75176E-11  0.75176E-11  0.75176E-11  0.75176E-11  0.75176E-11  0.75176E-11  0.75176E-11  0.75176E-11  0.75176E-11  0.75176E-11  0.75176E-11  0.75176E-11  0.75176E-11  0.75176E-11  0.75176E-11  0.75176E-11  0.75176E-11  0.75176E-11  0.75176E-11  0.75176E-11
rxn00098
  0.00000E+00  0.75176E-11  0.75176E-11  0.75176E-11  0.75176E-11  0.75176E-11  0.75176E-11  0.75176E-11  0.75176E-11  0.75176E-11  0.75176E-11  0.75176E-11  0.75176E-11  0.75176E-11  0.75176E-11  0.75176E-11  0.75176E-11  0.75176E-11  0.75176E-11  0.75176E-11  0.75176E-11  0.75176E-11  0.75176E-11  0.75176E-11  0.75176E-11  0.75176E-11  0.75176E-11  0.75176E-11  0.75176E-11  0.75176E-11  0.75176E-11
rxn00099
  0.00000E+00  0.25358E-11  0.25358E-11  0.25358E-11  0.25358E-11  0.25358E-11  0.25358E-11  0.25358E-11  0.25358E-11  0.25358E-11  0.25358E-11  0.25358E-11  0.25358E-11  0.25358E-11  0.25358E-11  0.25358E-11  0.25358E-11  0.25358E-11  0.25358E-11  0.25358E-11  0.25358E-11  0.25358E-11  0.25358E-11  0.25358E-11  0.25358E-11  0.25358E-11  0.25358E-11  0.25358E-11  0.25358E-11  0.25358E-11  0.25358E-11
rxn00100
  0.00000E+00  0.88662E-11  0.88662E-11  0.88662E-11  0.88662E-11  0.88662E-11  0.88662E-11  0.88662E-11  0.88662E-11  0.88662E-11  0.88662E-11  0.88662E-11  0.88662E-11  0.88662E-11  0.88662E-11  0.88662E-11  0.88662E-11  0.88662E-11  0.88662E-11  0.88662E-11  0.88662E-11  0.88662E-11  0.88662E-11  0.88662E-11  0.88662E-11  0.88662E-11  0.88662E-11  0.88662E-11  0.88662E-11  0.88662E-11  0.88662E-11
rxn00101
  0.00000E+00  0.17899E-03  0.17899E-03  0.17899E-03  0.17899E-03  0.17899E-03  0.17899E-03  0.17899E-03  0.17899E-03  0.17899E-03  0.17899E-03  0.17899E-03  0.17899E-03  0.17899E-03  0.17899E-03  0.17899E-03  0.17899E-03  0.17899E-03  0.17899E-03  0.17899E-03  0.17899E-03  0.17899E-03  0.17899E-03  0.17899E-03  0.17899E-03  0.17899E-03  0.17899E-03  0.17899E-03  0.17899E-03  0.17899E-03  0.17899E-03
rxn00102
  0.00000E+00  0.77971E-11  0.77971E-11  0.77971E-11  0.77971E-11  0.77971E-11  0.77971E-11  0.77971E-11  0.77971E-11  0.77971E-11  0.77971E-11  0.77971E-11  0.77971E-11  0.77971E-11  0.77971E-11  0.77971E-11  0.77971E-11  0.77971E-11  0.77971E-11  0.77971E-11  0.77971E-11  0.77971E-11  0.77971E-11  0.77971E-11  0.77971E-11  0.77971E-11  0.77971E-11  0.77971E-11  0.77971E-11  0.77971E-11  0.77971E-11
rxn00103
  0.00000E+00  0.90305E-11  0.90305E-11  0.90305E-11  0.90305E-11  0.90305E-11  0.90305E-11  0.90305E-11  0.90305E-11  0.90305E-11  0.90305E-11  0.90305E-11  0.90305E-11  0.90305E-11  0.90305E-11  0.90305E-11  0.90305E-11  0.90305E-11  0.90305E-11  0.90305E-11  0.90305E-11  0.90305E-11  0.90305E-11  0.90305E-11  0.90305E-11  0.90305E-11  0.90305E-11  0.90305E-11  0.90305E-11  0.90305E-11  0.90305E-11
rxn00104
  0.00000E+00  0.40000E-11  0.40000E-11  0.40000E-11  0.40000E-11  0.40000E-11  0.40000E-11  0.40000E-11  0.40000E-11  0.40000E-11  0.40000E-11  0.40000E-11  0.40000E-11  0.40000E-11  0.40000E-11  0.40000E-11  0.40000E-11  0.40000E-11  0.40000E-11  0.40000E-11  0.40000E-11  0.40000E-11  0.40000E-11  0.40000E-11  0.40000E-11  0.40000E-11  0.40000E-11  0.40000E-11  0.40000E-11  0.40000E-11  0.40000E-11
rxn00105
  0.00000E+00  0.18097E-10  0.18097E-10  0.18097E-10  0.18097E-10  0.18097E-10  0.18097E-10  0.18097E-10  0.18097E-10  0.18097E-10  0.18097E-10  0.18097E-10  0.18097E-10  0.18097E-10  0.18097E-10  0.18097E-10  0.18097E-10  0.18097E-10  0.18097E-10  0.18097E-10  0.18097E-10  0.18097E-10  0.18097E-10  0.18097E-10  0.18097E-10  0.18097E-10  0.18097E-10  0.18097E-10  0.18097E-10  0.18097E-10  0.18097E-10
rxn00106
  0.00000E+00  0.40000E-11  0.40000E-11  0.40000E-11  0.40000E-11  0.40000E-11  0.40000E-11  0.40000E-11  0.40000E-11  0.40000E-11  0.40000E-11  0.40000E-11  0.40000E-11  0.40000E-11  0.40000E-11  0.40000E-11  0.40000E-11  0.40000E-11  0.40000E-11  0.40000E-11  0.40000E-11  0.40000E-11  0.40000E-11  0.40000E-11  0.40000E-11  0.40000E-11  0.40000E-11  0.40000E-11  0.40000E-11  0.40000E-11  0.40000E-11
rxn00107
  0.00000E+00  0.40000E-11  0.40000E-11  0.40000E-11  0.40000E-11  0.40000E-11  0.40000E-11  0.40000E-11  0.40000E-11  0.40000E-11  0.40000E-11  0.40000E-11  0.40000E-11  0.40000E-11  0.40000E-11  0.40000E-11  0.40000E-11  0.40000E-11  0.40000E-11  0.40000E-11  0.40000E-11  0.40000E-11  0.40000E-11  0.40000E-11  0.40000E-11  0.40000E-11  0.40000E-11  0.40000E-11  0.40000E-11  0.40000E-11  0.40000E-11
rxn00108
  0.00000E+00  0.40000E-11  0.40000E-11  0.40000E-11  0.40000E-11  0.40000E-11  0.40000E-11  0.40000E-11  0.40000E-11  0.40000E-11  0.40000E-11  0.40000E-11  0.40000E-11  0.40000E-11  0.40000E-11  0.40000E-11  0.40000E-11  0.40000E-11  0.40000E-11  0.40000E-11  0.40000E-11  0.40000E-11  0.40000E-11  0.40000E-11  0.40000E-11  0.40000E-11  0.40000E-11  0.40000E-11  0.40000E-11  0.40000E-11  0.40000E-11
rxn00109
  0.00000E+00  0.11000E-11  0.11000E-11  0.11000E-11  0.11000E-11  0.11000E-11  0.11000E-11  0.11000E-11  0.11000E-11  0.11000E-11  0.11000E-11  0.11000E-11  0.11000E-11  0.11000E-11  0.11000E-11  0.11000E-11  0.11000E-11  0.11000E-11  0.11000E-11  0.11000E-11  0.11000E-11  0.11000E-11  0.11000E-11  0.11000E-11  0.11000E-11  0.11000E-11  0.11000E-11  0.11000E-11  0.11000E-11  0.11000E-11  0.11000E-11
rxn00110
  0.00000E+00  0.25000E-11  0.25000E-11  0.25000E-11  0.25000E-11  0.25000E-11  0.25000E-11  0.25000E-11  0.25000E-11  0.25000E-11  0.25000E-11  0.25000E-11  0.25000E-11  0.25000E-11  0.25000E-11  0.25000E-11  0.25000E-11  0.25000E-11  0.25000E-11  0.25000E-11  0.25000E-11  0.25000E-11  0.25000E-11  0.25000E-11  0.25000E-11  0.25000E-11  0.25000E-11  0.25000E-11  0.25000E-11  0.25000E-11  0.25000E-11
rxn00111
  0.00000E+00  0.25000E-11  0.25000E-11  0.25000E-11  0.25000E-11  0.25000E-11  0.25000E-11  0.25000E-11  0.25000E-11  0.25000E-11  0.25000E-11  0.25000E-11  0.25000E-11  0.25000E-11  0.25000E-11  0.25000E-11  0.25000E-11  0.25000E-11  0.25000E-11  0.25000E-11  0.25000E-11  0.25000E-11  0.25000E-11  0.25000E-11  0.25000E-11  0.25000E-11  0.25000E-11  0.25000E-11  0.25000E-11  0.25000E-11  0.25000E-11
rxn00112
  0.00000E+00  0.40000E-11  0.40000E-11  0.40000E-11  0.40000E-11  0.40000E-11  0.40000E-11  0.40000E-11  0.40000E-11  0.40000E-11  0.40000E-11  0.40000E-11  0.40000E-11  0.40000E-11  0.40000E-11  0.40000E-11  0.40000E-11  0.40000E-11  0.40000E-11  0.40000E-11  0.40000E-11  0.40000E-11  0.40000E-11  0.40000E-11  0.40000E-11  0.40000E-11  0.40000E-11  0.40000E-11  0.40000E-11  0.40000E-11  0.40000E-11
rxn00113
  0.00000E+00  0.12000E-11  0.12000E-11  0.12000E-11  0.12000E-11  0.12000E-11  0.12000E-11  0.12000E-11  0.12000E-11  0.12000E-11  0.12000E-11  0.12000E-11  0.12000E-11  0.12000E-11  0.12000E-11  0.12000E-11  0.12000E-11  0.12000E-11  0.12000E-11  0.12000E-11  0.12000E-11  0.12000E-11  0.12000E-11  0.12000E-11  0.12000E-11  0.12000E-11  0.12000E-11  0.12000E-11  0.12000E-11  0.12000E-11  0.12000E-11
rxn00114
  0.00000E+00  0.40000E-11  0.40000E-11  0.40000E-11  0.40000E-11  0.40000E-11  0.40000E-11  0.40000E-11  0.40000E-11  0.40000E-11  0.40000E-11  0.40000E-11  0.40000E-11  0.40000E-11  0.40000E-11  0.40000E-11  0.40000E-11  0.40000E-11  0.40000E-11  0.40000E-11  0.40000E-11  0.40000E-11  0.40000E-11  0.40000E-11  0.40000E-11  0.40000E-11  0.40000E-11  0.40000E-11  0.40000E-11  0.40000E-11  0.40000E-11
rxn00115
  0.00000E+00  0.25000E-11  0.25000E-11  0.25000E-11  0.25000E-11  0.25000E-11  0.25000E-11  0.25000E-11  0.25000E-11  0.25000E-11  0.25000E-11  0.25000E-11  0.25000E-11  0.25000E-11  0.25000E-11  0.25000E-11  0.25000E-11  0.25000E-11  0.25000E-11  0.25000E-11  0.25000E-11  0.25000E-11  0.25000E-11  0.25000E-11  0.25000E-11  0.25000E-11  0.25000E-11  0.25000E-11  0.25000E-11  0.25000E-11  0.25000E-11
rxn00116
  0.00000E+00  0.58205E-11  0.58205E-11  0.58205E-11  0.58205E-11  0.58205E-11  0.58205E-11  0.58205E-11  0.58205E-11  0.58205E-11  0.58205E-11  0.58205E-11  0.58205E-11  0.58205E-11  0.58205E-11  0.58205E-11  0.58205E-11  0.58205E-11  0.58205E-11  0.58205E-11  0.58205E-11  0.58205E-11  0.58205E-11  0.58205E-11  0.58205E-11  0.58205E-11  0.58205E-11  0.58205E-11  0.58205E-11  0.58205E-11  0.58205E-11
rxn00117
  0.00000E+00  0.81676E-11  0.81676E-11  0.81676E-11  0.81676E-11  0.81676E-11  0.81676E-11  0.81676E-11  0.81676E-11  0.81676E-11  0.81676E-11  0.81676E-11  0.81676E-11  0.81676E-11  0.81676E-11  0.81676E-11  0.81676E-11  0.81676E-11  0.81676E-11  0.81676E-11  0.81676E-11  0.81676E-11  0.81676E-11  0.81676E-11  0.81676E-11  0.81676E-11  0.81676E-11  0.81676E-11  0.81676E-11  0.81676E-11  0.81676E-11
rxn00118
  0.00000E+00  0.14334E-10  0.14334E-10  0.14334E-10  0.14334E-10  0.14334E-10  0.14334E-10  0.14334E-10  0.14334E-10  0.14334E-10  0.14334E-10  0.14334E-10  0.14334E-10  0.14334E-10  0.14334E-10  0.14334E-10  0.14334E-10  0.14334E-10  0.14334E-10  0.14334E-10  0.14334E-10  0.14334E-10  0.14334E-10  0.14334E-10  0.14334E-10  0.14334E-10  0.14334E-10  0.14334E-10  0.14334E-10  0.14334E-10  0.14334E-10
rxn00119
  0.00000E+00  0.13636E-10  0.13636E-10  0.13636E-10  0.13636E-10  0.13636E-10  0.13636E-10  0.13636E-10  0.13636E-10  0.13636E-10  0.13636E-10  0.13636E-10  0.13636E-10  0.13636E-10  0.13636E-10  0.13636E-10  0.13636E-10  0.13636E-10  0.13636E-10  0.13636E-10  0.13636E-10  0.13636E-10  0.13636E-10  0.13636E-10  0.13636E-10  0.13636E-10  0.13636E-10  0.13636E-10  0.13636E-10  0.13636E-10  0.13636E-10
rxn00120
  0.00000E+00  0.10118E-10  0.10118E-10  0.10118E-10  0.10118E-10  0.10118E-10  0.10118E-10  0.10118E-10  0.10118E-10  0.10118E-10  0.10118E-10  0.10118E-10  0.10118E-10  0.10118E-10  0.10118E-10  0.10118E-10  0.10118E-10  0.10118E-10  0.10118E-10  0.10118E-10  0.10118E-10  0.10118E-10  0.10118E-10  0.10118E-10  0.10118E-10  0.10118E-10  0.10118E-10  0.10118E-10  0.10118E-10  0.10118E-10  0.10118E-10
rxn00121
  0.00000E+00  0.14334E-10  0.14334E-10  0.14334E-10  0.14334E-10  0.14334E-10  0.14334E-10  0.14334E-10  0.14334E-10  0.14334E-10  0.14334E-10  0.14334E-10  0.14334E-10  0.14334E-10  0.14334E-10  0.14334E-10  0.14334E-10  0.14334E-10  0.14334E-10  0.14334E-10  0.14334E-10  0.14334E-10  0.14334E-10  0.14334E-10  0.14334E-10  0.14334E-10  0.14334E-10  0.14334E-10  0.14334E-10  0.14334E-10  0.14334E-10
rxn00122
  0.00000E+00  0.14334E-10  0.14334E-10  0.14334E-10  0.14334E-10  0.14334E-10  0.14334E-10  0.14334E-10  0.14334E-10  0.14334E-10  0.14334E-10  0.14334E-10  0.14334E-10  0.14334E-10  0.14334E-10  0.14334E-10  0.14334E-10  0.14334E-10  0.14334E-10  0.14334E-10  0.14334E-10  0.14334E-10  0.14334E-10  0.14334E-10  0.14334E-10  0.14334E-10  0.14334E-10  0.14334E-10  0.14334E-10  0.14334E-10  0.14334E-10
rxn00123
  0.00000E+00  0.00000E+00  0.81401E-04  0.15766E-03  0.22591E-03  0.28665E-03  0.34078E-03  0.38909E-03  0.43218E-03  0.47055E-03  0.50456E-03  0.53468E-03  0.56119E-03  0.58448E-03  0.60488E-03  0.62272E-03  0.63830E-03  0.65187E-03  0.66369E-03  0.67396E-03  0.68288E-03  0.69060E-03  0.69728E-03  0.70305E-03  0.70801E-03  0.71225E-03  0.71585E-03  0.71890E-03  0.72147E-03  0.72363E-03  0.72541E-03
rxn00124
  0.00000E+00  0.00000E+00  0.31569E-04  0.61042E-04  0.87310E-04  0.11061E-03  0.13133E-03  0.14980E-03  0.16628E-03  0.18095E-03  0.19397E-03  0.20550E-03  0.21565E-03  0.22458E-03  0.23240E-03  0.23924E-03  0.24521E-03  0.25042E-03  0.25495E-03  0.25889E-03  0.26231E-03  0.26527E-03  0.26783E-03  0.27004E-03  0.27194E-03  0.27356E-03  0.27493E-03  0.27610E-03  0.27708E-03  0.27789E-03  0.27857E-03
rxn00125
  0.00000E+00  0.00000E+00  0.51262E-03  0.98791E-03  0.14079E-02  0.17780E-02  0.21056E-02  0.23972E-02  0.26574E-02  0.28893E-02  0.30954E-02  0.32784E-02  0.34398E-02  0.35822E-02  0.37072E-02  0.38169E-02  0.39130E-02  0.39970E-02  0.40705E-02  0.41346E-02  0.41905E-02  0.42392E-02  0.42816E-02  0.43185E-02  0.43505E-02  0.43780E-02  0.44018E-02  0.44221E-02  0.44396E-02  0.44545E-02  0.44671E-02
rxn00126
  0.00000E+00  0.00000E+00  0.34115E-03  0.66074E-03  0.94565E-03  0.11983E-02  0.14229E-02  0.16232E-02  0.18017E-02  0.19605E-02  0.21014E-02  0.22260E-02  0.23357E-02  0.24320E-02  0.25163E-02  0.25900E-02  0.26542E-02  0.27101E-02  0.27587E-02  0.28008E-02  0.28373E-02  0.28687E-02  0.28959E-02  0.29192E-02  0.29391E-02  0.29560E-02  0.29703E-02  0.29822E-02  0.29922E-02  0.30003E-02  0.30070E-02
rxn00127
  0.00000E+00  0.00000E+00  0.12106E-03  0.23409E-03  0.33482E-03  0.42417E-03  0.50362E-03  0.57447E-03  0.63765E-03  0.69392E-03  0.74383E-03  0.78804E-03  0.82698E-03  0.86121E-03  0.89120E-03  0.91743E-03  0.94033E-03  0.96030E-03  0.97769E-03  0.99279E-03  0.10059E-02  0.10173E-02  0.10271E-02  0.10356E-02  0.10428E-02  0.10490E-02  0.10543E-02  0.10588E-02  0.10625E-02  0.10657E-02  0.10683E-02
rxn00128
  0.00000E+00  0.00000E+00  0.81623E-04  0.15782E-03  0.22574E-03  0.28598E-03  0.33955E-03  0.38732E-03  0.42991E-03  0.46784E-03  0.50150E-03  0.53130E-03  0.55755E-03  0.58063E-03  0.60084E-03  0.61853E-03  0.63397E-03  0.64743E-03  0.65914E-03  0.66933E-03  0.67816E-03  0.68581E-03  0.69243E-03  0.69814E-03  0.70305E-03  0.70723E-03  0.71078E-03  0.71379E-03  0.71632E-03  0.71843E-03  0.72017E-03
rxn00129
  0.00000E+00  0.00000E+00  0.66827E-04  0.12852E-03  0.18304E-03  0.23111E-03  0.27369E-03  0.31166E-03  0.34558E-03  0.37591E-03  0.40296E-03  0.42708E-03  0.44850E-03  0.46751E-03  0.48435E-03  0.49926E-03  0.51247E-03  0.52417E-03  0.53454E-03  0.54374E-03  0.55192E-03  0.55919E-03  0.56568E-03  0.57147E-03  0.57665E-03  0.58127E-03  0.58542E-03  0.58914E-03  0.59250E-03  0.59554E-03  0.59831E-03
rxn00130
  0.00000E+00  0.00000E+00  0.11722E-03  0.22664E-03  0.32419E-03  0.41075E-03  0.48774E-03  0.55641E-03  0.61765E-03  0.67220E-03  0.72059E-03  0.76346E-03  0.80121E-03  0.83440E-03  0.86347E-03  0.88890E-03  0.91111E-03  0.93047E-03  0.94732E-03  0.96197E-03  0.97468E-03  0.98569E-03  0.99521E-03  0.10034E-02  0.10105E-02  0.10165E-02  0.10216E-02  0.10260E-02  0.10296E-02  0.10326E-02  0.10352E-02
rxn00131
  0.00000E+00  0.00000E+00  0.11734E-03  0.22687E-03  0.32449E-03  0.41106E-03  0.48801E-03  0.55659E-03  0.61770E-03  0.67207E-03  0.72023E-03  0.76283E-03  0.80027E-03  0.83312E-03  0.86182E-03  0.88685E-03  0.90863E-03  0.92753E-03  0.94391E-03  0.95807E-03  0.97027E-03  0.98077E-03  0.98976E-03  0.99743E-03  0.10039E-02  0.10094E-02  0.10140E-02  0.10177E-02  0.10208E-02  0.10233E-02  0.10252E-02
rxn00132
  0.00000E+00  0.00000E+00  0.11295E-03  0.21838E-03  0.31236E-03  0.39574E-03  0.46990E-03  0.53605E-03  0.59506E-03  0.64761E-03  0.69424E-03  0.73553E-03  0.77187E-03  0.80383E-03  0.83180E-03  0.85625E-03  0.87759E-03  0.89617E-03  0.91233E-03  0.92636E-03  0.93852E-03  0.94903E-03  0.95810E-03  0.96590E-03  0.97259E-03  0.97828E-03  0.98309E-03  0.98714E-03  0.99052E-03  0.99332E-03  0.99562E-03
