NO         
  0.10000E+00  0.17241E+00  0.22845E+00  0.27105E+00  0.30275E+00  0.32600E+00  0.34237E+00  0.35362E+00  0.36081E+00  0.36499E+00  0.36696E+00  0.36745E+00  0.36675E+00  0.36542E+00  0.36352E+00  0.36136E+00  0.35901E+00  0.35660E+00  0.35420E+00  0.35185E+00  0.34957E+00  0.34740E+00  0.34537E+00  0.34340E+00  0.34155E+00  0.33983E+00  0.33824E+00  0.33674E+00  0.33532E+00  0.33398E+00  0.33271E+00
NO2        
  0.10000E+01  0.92713E+00  0.87041E+00  0.82689E+00  0.79405E+00  0.76951E+00  0.75172E+00  0.73898E+00  0.73023E+00  0.72443E+00  0.72080E+00  0.71862E+00  0.71758E+00  0.71716E+00  0.71729E+00  0.71765E+00  0.71819E+00  0.71878E+00  0.71934E+00  0.71985E+00  0.72027E+00  0.72058E+00  0.72073E+00  0.72082E+00  0.72078E+00  0.72059E+00  0.72027E+00  0.71985E+00  0.71934E+00  0.71874E+00  0.71806E+00
O3         
  0.40000E+02  0.40071E+02  0.40126E+02  0.40171E+02  0.40206E+02  0.40236E+02  0.40260E+02  0.40281E+02  0.40300E+02  0.40318E+02  0.40334E+02  0.40351E+02  0.40367E+02  0.40383E+02  0.40399E+02  0.40416E+02  0.40432E+02  0.40450E+02  0.40467E+02  0.40485E+02  0.40503E+02  0.40522E+02  0.40541E+02  0.40560E+02  0.40579E+02  0.40598E+02  0.40618E+02  0.40638E+02  0.40658E+02  0.40678E+02  0.40698E+02
O1D        
  0.00000E+00  0.53388E-01  0.53463E-01  0.53522E-01  0.53569E-01  0.53608E-01  0.53641E-01  0.53669E-01  0.53695E-01  0.53718E-01  0.53740E-01  0.53762E-01  0.53783E-01  0.53804E-01  0.53826E-01  0.53848E-01  0.53871E-01  0.53894E-01  0.53917E-01  0.53941E-01  0.53965E-01  0.53990E-01  0.54015E-01  0.54040E-01  0.54066E-01  0.54092E-01  0.54118E-01  0.54144E-01  0.54171E-01  0.54198E-01  0.54224E-01
O3P        
  0.00000E+00  0.10611E+05  0.10404E+05  0.10246E+05  0.10126E+05  0.10038E+05  0.99739E+04  0.99289E+04  0.98987E+04  0.98796E+04  0.98686E+04  0.98631E+04  0.98620E+04  0.98632E+04  0.98665E+04  0.98708E+04  0.98758E+04  0.98811E+04  0.98863E+04  0.98914E+04  0.98962E+04  0.99006E+04  0.99045E+04  0.99082E+04  0.99114E+04  0.99141E+04  0.99163E+04  0.99182E+04  0.99198E+04  0.99210E+04  0.99219E+04
N2O5       
  0.00000E+00  0.96035E-05  0.18654E-04  0.23659E-04  0.26121E-04  0.27131E-04  0.27298E-04  0.27036E-04  0.26575E-04  0.26058E-04  0.25567E-04  0.25135E-04  0.24791E-04  0.24511E-04  0.24324E-04  0.24189E-04  0.24126E-04  0.24106E-04  0.24114E-04  0.24153E-04  0.24211E-04  0.24286E-04  0.24369E-04  0.24454E-04  0.24541E-04  0.24624E-04  0.24701E-04  0.24772E-04  0.24836E-04  0.24893E-04  0.24943E-04
NO3        
  0.00000E+00  0.13580E+07  0.12392E+07  0.11043E+07  0.10115E+07  0.94743E+06  0.90349E+06  0.87326E+06  0.85324E+06  0.84056E+06  0.83318E+06  0.82939E+06  0.82849E+06  0.82919E+06  0.83144E+06  0.83439E+06  0.83799E+06  0.84185E+06  0.84579E+06  0.84974E+06  0.85360E+06  0.85729E+06  0.86071E+06  0.86401E+06  0.86708E+06  0.86983E+06  0.87230E+06  0.87456E+06  0.87662E+06  0.87848E+06  0.88017E+06
HNO3       
  0.00000E+00  0.22497E-03  0.47081E-03  0.74333E-03  0.10518E-02  0.13986E-02  0.17854E-02  0.22088E-02  0.26677E-02  0.31591E-02  0.36802E-02  0.42260E-02  0.47978E-02  0.53868E-02  0.59991E-02  0.66246E-02  0.72703E-02  0.79292E-02  0.85977E-02  0.92789E-02  0.99699E-02  0.10672E-01  0.11385E-01  0.12103E-01  0.12828E-01  0.13563E-01  0.14306E-01  0.15054E-01  0.15808E-01  0.16567E-01  0.17331E-01
HO2NO2     
  0.00000E+00  0.11731E-03  0.42997E-03  0.88370E-03  0.14271E-02  0.20134E-02  0.26082E-02  0.31902E-02  0.37461E-02  0.42700E-02  0.47596E-02  0.52175E-02  0.56394E-02  0.60358E-02  0.63955E-02  0.67334E-02  0.70360E-02  0.73142E-02  0.75742E-02  0.78093E-02  0.80247E-02  0.82170E-02  0.83866E-02  0.85466E-02  0.86894E-02  0.88128E-02  0.89204E-02  0.90162E-02  0.91011E-02  0.91762E-02  0.92422E-02
OH         
  0.00000E+00  0.28166E+07  0.32479E+07  0.38403E+07  0.45230E+07  0.52307E+07  0.59149E+07  0.65533E+07  0.71319E+07  0.76487E+07  0.81061E+07  0.85129E+07  0.88676E+07  0.91882E+07  0.94649E+07  0.97177E+07  0.99366E+07  0.10135E+08  0.10318E+08  0.10484E+08  0.10637E+08  0.10776E+08  0.10903E+08  0.11025E+08  0.11139E+08  0.11245E+08  0.11344E+08  0.11438E+08  0.11529E+08  0.11615E+08  0.11699E+08
HO2        
  0.00000E+00  0.24926E+08  0.55103E+08  0.88798E+08  0.12312E+09  0.15612E+09  0.18677E+09  0.21491E+09  0.24049E+09  0.26364E+09  0.28456E+09  0.30357E+09  0.32059E+09  0.33625E+09  0.35007E+09  0.36285E+09  0.37404E+09  0.38417E+09  0.39356E+09  0.40194E+09  0.40957E+09  0.41633E+09  0.42229E+09  0.42791E+09  0.43294E+09  0.43732E+09  0.44119E+09  0.44468E+09  0.44783E+09  0.45067E+09  0.45323E+09
CH3OOH     
  0.00000E+00  0.21463E+04  0.18252E+05  0.63596E+05  0.15316E+06  0.29749E+06  0.50864E+06  0.79032E+06  0.11499E+07  0.15896E+07  0.21100E+07  0.27041E+07  0.33821E+07  0.41194E+07  0.49433E+07  0.58185E+07  0.67775E+07  0.77940E+07  0.88542E+07  0.99746E+07  0.11143E+08  0.12368E+08  0.13651E+08  0.14959E+08  0.16311E+08  0.17717E+08  0.19168E+08  0.20654E+08  0.22174E+08  0.23727E+08  0.25311E+08
HCHO       
  0.50000E+00  0.49984E+00  0.50065E+00  0.50260E+00  0.50567E+00  0.50974E+00  0.51477E+00  0.52061E+00  0.52720E+00  0.53444E+00  0.54223E+00  0.55046E+00  0.55911E+00  0.56801E+00  0.57723E+00  0.58660E+00  0.59619E+00  0.60589E+00  0.61567E+00  0.62553E+00  0.63543E+00  0.64538E+00  0.65533E+00  0.66528E+00  0.67522E+00  0.68513E+00  0.69499E+00  0.70481E+00  0.71457E+00  0.72428E+00  0.73392E+00
CO         
  0.10000E+03  0.10000E+03  0.10000E+03  0.10000E+03  0.10000E+03  0.99999E+02  0.99999E+02  0.99999E+02  0.99998E+02  0.99997E+02  0.99997E+02  0.99996E+02  0.99995E+02  0.99994E+02  0.99993E+02  0.99992E+02  0.99991E+02  0.99991E+02  0.99990E+02  0.99989E+02  0.99988E+02  0.99987E+02  0.99986E+02  0.99985E+02  0.99984E+02  0.99983E+02  0.99982E+02  0.99981E+02  0.99980E+02  0.99979E+02  0.99979E+02
H2O2       
  0.10000E+01  0.99988E+00  0.99976E+00  0.99963E+00  0.99950E+00  0.99937E+00  0.99924E+00  0.99912E+00  0.99900E+00  0.99889E+00  0.99879E+00  0.99870E+00  0.99862E+00  0.99854E+00  0.99848E+00  0.99842E+00  0.99838E+00  0.99834E+00  0.99831E+00  0.99828E+00  0.99826E+00  0.99825E+00  0.99824E+00  0.99824E+00  0.99824E+00  0.99825E+00  0.99826E+00  0.99827E+00  0.99828E+00  0.99830E+00  0.99832E+00
CH3CHO     
  0.00000E+00  0.10910E+02  0.85320E+02  0.30585E+03  0.77023E+03  0.15636E+04  0.27935E+04  0.45187E+04  0.68277E+04  0.97738E+04  0.13397E+05  0.17665E+05  0.22705E+05  0.28309E+05  0.34784E+05  0.41790E+05  0.49719E+05  0.58312E+05  0.67426E+05  0.77286E+05  0.87766E+05  0.99023E+05  0.11111E+06  0.12357E+06  0.13671E+06  0.15073E+06  0.16552E+06  0.18094E+06  0.19701E+06  0.21370E+06  0.23101E+06
CH3O2      
  0.00000E+00  0.45177E+07  0.86226E+07  0.12326E+08  0.15804E+08  0.19121E+08  0.22273E+08  0.25253E+08  0.28047E+08  0.30656E+08  0.33086E+08  0.35359E+08  0.37465E+08  0.39456E+08  0.41289E+08  0.43033E+08  0.44639E+08  0.46153E+08  0.47603E+08  0.48967E+08  0.50266E+08  0.51492E+08  0.52649E+08  0.53778E+08  0.54856E+08  0.55881E+08  0.56862E+08  0.57810E+08  0.58729E+08  0.59622E+08  0.60491E+08
C3H6OHOOH  
  0.00000E+00  0.26694E-01  0.45767E+00  0.24385E+01  0.79900E+01  0.19544E+02  0.40578E+02  0.73929E+02  0.12366E+03  0.19320E+03  0.28580E+03  0.40208E+03  0.54900E+03  0.71937E+03  0.92845E+03  0.11619E+04  0.14400E+04  0.17509E+04  0.20886E+04  0.24654E+04  0.28755E+04  0.33280E+04  0.38262E+04  0.43453E+04  0.49031E+04  0.55108E+04  0.61623E+04  0.68504E+04  0.75752E+04  0.83363E+04  0.91334E+04
CH3COOOH   
  0.00000E+00  0.16005E+03  0.23901E+04  0.10738E+05  0.29493E+05  0.61500E+05  0.10970E+06  0.17494E+06  0.25900E+06  0.36245E+06  0.48553E+06  0.62658E+06  0.78825E+06  0.96458E+06  0.11625E+07  0.13734E+07  0.16057E+07  0.18528E+07  0.21114E+07  0.23861E+07  0.26736E+07  0.29769E+07  0.32964E+07  0.36230E+07  0.39628E+07  0.43185E+07  0.46881E+07  0.50689E+07  0.54607E+07  0.58633E+07  0.62764E+07
PAN        
  0.00000E+00  0.66667E-05  0.44687E-04  0.12246E-03  0.23670E-03  0.38137E-03  0.55358E-03  0.74966E-03  0.96876E-03  0.12095E-02  0.14709E-02  0.17502E-02  0.20496E-02  0.23628E-02  0.26961E-02  0.30413E-02  0.34059E-02  0.37841E-02  0.41727E-02  0.45756E-02  0.49901E-02  0.54189E-02  0.58623E-02  0.63122E-02  0.67740E-02  0.72505E-02  0.77397E-02  0.82393E-02  0.87492E-02  0.92691E-02  0.97988E-02
CH3CO3     
  0.00000E+00  0.24882E+06  0.80228E+06  0.14135E+07  0.19859E+07  0.25061E+07  0.29804E+07  0.34185E+07  0.38257E+07  0.42053E+07  0.45597E+07  0.48932E+07  0.52047E+07  0.55017E+07  0.57796E+07  0.60468E+07  0.62985E+07  0.65403E+07  0.67752E+07  0.70014E+07  0.72216E+07  0.74349E+07  0.76422E+07  0.78469E+07  0.80472E+07  0.82434E+07  0.84358E+07  0.86255E+07  0.88126E+07  0.89976E+07  0.91806E+07
MPAN       
  0.00000E+00  0.21228E+03  0.22600E+04  0.94067E+04  0.26401E+05  0.58375E+05  0.11269E+06  0.19503E+06  0.31394E+06  0.47676E+06  0.69053E+06  0.95662E+06  0.12906E+07  0.16767E+07  0.21491E+07  0.26762E+07  0.33039E+07  0.40062E+07  0.47696E+07  0.56225E+07  0.65521E+07  0.75799E+07  0.87148E+07  0.98991E+07  0.11175E+08  0.12570E+08  0.14071E+08  0.15662E+08  0.17343E+08  0.19114E+08  0.20975E+08
MCO3       
  0.00000E+00  0.46044E+03  0.27045E+04  0.80480E+04  0.17779E+05  0.32790E+05  0.53860E+05  0.81024E+05  0.11441E+06  0.15363E+06  0.19829E+06  0.24754E+06  0.30152E+06  0.35860E+06  0.41980E+06  0.48297E+06  0.54946E+06  0.61741E+06  0.68704E+06  0.75867E+06  0.83139E+06  0.90542E+06  0.98008E+06  0.10552E+07  0.11317E+07  0.12085E+07  0.12852E+07  0.13622E+07  0.14393E+07  0.15166E+07  0.15940E+07
CH2OHCHO   
  0.00000E+00  0.42869E+06  0.21200E+07  0.52904E+07  0.99136E+07  0.15848E+08  0.23032E+08  0.31314E+08  0.40634E+08  0.50891E+08  0.61994E+08  0.73798E+08  0.86331E+08  0.99350E+08  0.11303E+09  0.12708E+09  0.14170E+09  0.15672E+09  0.17202E+09  0.18770E+09  0.20369E+09  0.22003E+09  0.23674E+09  0.25360E+09  0.27075E+09  0.28824E+09  0.30602E+09  0.32404E+09  0.34229E+09  0.36077E+09  0.37946E+09
MACR       
  0.00000E+00  0.22327E-03  0.91275E-03  0.21481E-02  0.39169E-02  0.61616E-02  0.88502E-02  0.11917E-01  0.15328E-01  0.19034E-01  0.22989E-01  0.27136E-01  0.31462E-01  0.35898E-01  0.40459E-01  0.45083E-01  0.49782E-01  0.54519E-01  0.59276E-01  0.64050E-01  0.68829E-01  0.73600E-01  0.78352E-01  0.83092E-01  0.87806E-01  0.92475E-01  0.97098E-01  0.10168E+00  0.10621E+00  0.11069E+00  0.11512E+00
CH3COCHO   
  0.00000E+00  0.57097E+02  0.45413E+03  0.16048E+04  0.39518E+04  0.78422E+04  0.13718E+05  0.21814E+05  0.32529E+05  0.46136E+05  0.62874E+05  0.82652E+05  0.10616E+06  0.13244E+06  0.16310E+06  0.19647E+06  0.23465E+06  0.27634E+06  0.32084E+06  0.36938E+06  0.42131E+06  0.47754E+06  0.53840E+06  0.60137E+06  0.66821E+06  0.74002E+06  0.81624E+06  0.89616E+06  0.97977E+06  0.10670E+07  0.11579E+07
MVK        
  0.00000E+00  0.14017E-03  0.61813E-03  0.14918E-02  0.27526E-02  0.43593E-02  0.62894E-02  0.84961E-02  0.10955E-01  0.13631E-01  0.16492E-01  0.19496E-01  0.22636E-01  0.25859E-01  0.29180E-01  0.32551E-01  0.35984E-01  0.39450E-01  0.42935E-01  0.46439E-01  0.49952E-01  0.53468E-01  0.56977E-01  0.60481E-01  0.63973E-01  0.67441E-01  0.70883E-01  0.74300E-01  0.77690E-01  0.81049E-01  0.84377E-01
C2H5OOH    
  0.00000E+00  0.00000E+00  0.00000E+00  0.00000E+00  0.00000E+00  0.00000E+00  0.00000E+00  0.00000E+00  0.00000E+00  0.00000E+00  0.00000E+00  0.00000E+00  0.00000E+00  0.00000E+00  0.00000E+00  0.00000E+00  0.00000E+00  0.00000E+00  0.00000E+00  0.00000E+00  0.00000E+00  0.00000E+00  0.00000E+00  0.00000E+00  0.00000E+00  0.00000E+00  0.00000E+00  0.00000E+00  0.00000E+00  0.00000E+00  0.00000E+00
C3H7OOH    
  0.00000E+00  0.00000E+00  0.00000E+00  0.00000E+00  0.00000E+00  0.00000E+00  0.00000E+00  0.00000E+00  0.00000E+00  0.00000E+00  0.00000E+00  0.00000E+00  0.00000E+00  0.00000E+00  0.00000E+00  0.00000E+00  0.00000E+00  0.00000E+00  0.00000E+00  0.00000E+00  0.00000E+00  0.00000E+00  0.00000E+00  0.00000E+00  0.00000E+00  0.00000E+00  0.00000E+00  0.00000E+00  0.00000E+00  0.00000E+00  0.00000E+00
CH3COCH3   
  0.00000E+00  0.00000E+00  0.00000E+00  0.00000E+00  0.00000E+00  0.00000E+00  0.00000E+00  0.00000E+00  0.00000E+00  0.00000E+00  0.00000E+00  0.00000E+00  0.00000E+00  0.00000E+00  0.00000E+00  0.00000E+00  0.00000E+00  0.00000E+00  0.00000E+00  0.00000E+00  0.00000E+00  0.00000E+00  0.00000E+00  0.00000E+00  0.00000E+00  0.00000E+00  0.00000E+00  0.00000E+00  0.00000E+00  0.00000E+00  0.00000E+00
CH3COCH2OOH
  0.00000E+00  0.00000E+00  0.00000E+00  0.00000E+00  0.00000E+00  0.00000E+00  0.00000E+00  0.00000E+00  0.00000E+00  0.00000E+00  0.00000E+00  0.00000E+00  0.00000E+00  0.00000E+00  0.00000E+00  0.00000E+00  0.00000E+00  0.00000E+00  0.00000E+00  0.00000E+00  0.00000E+00  0.00000E+00  0.00000E+00  0.00000E+00  0.00000E+00  0.00000E+00  0.00000E+00  0.00000E+00  0.00000E+00  0.00000E+00  0.00000E+00
CH3COCH2O  
  0.00000E+00  0.14294E-20  0.11122E-19  0.39156E-19  0.96027E-19  0.19241E-18  0.33310E-18  0.51739E-18  0.74555E-18  0.10127E-17  0.13144E-17  0.16434E-17  0.19980E-17  0.23687E-17  0.27584E-17  0.31560E-17  0.35670E-17  0.39826E-17  0.44030E-17  0.48305E-17  0.52604E-17  0.56939E-17  0.61282E-17  0.65621E-17  0.70007E-17  0.74386E-17  0.78753E-17  0.83110E-17  0.87460E-17  0.91801E-17  0.96132E-17
CH4        
  0.17000E+04  0.17000E+04  0.17000E+04  0.17000E+04  0.17000E+04  0.17000E+04  0.17000E+04  0.17000E+04  0.17000E+04  0.17000E+04  0.17000E+04  0.17000E+04  0.17000E+04  0.17000E+04  0.17000E+04  0.17000E+04  0.17000E+04  0.17000E+04  0.17000E+04  0.17000E+04  0.17000E+04  0.17000E+04  0.17000E+04  0.17000E+04  0.17000E+04  0.17000E+04  0.17000E+04  0.17000E+04  0.17000E+04  0.17000E+04  0.17000E+04
C2H6       
  0.00000E+00  0.00000E+00  0.00000E+00  0.00000E+00  0.00000E+00  0.00000E+00  0.00000E+00  0.00000E+00  0.00000E+00  0.00000E+00  0.00000E+00  0.00000E+00  0.00000E+00  0.00000E+00  0.00000E+00  0.00000E+00  0.00000E+00  0.00000E+00  0.00000E+00  0.00000E+00  0.00000E+00  0.00000E+00  0.00000E+00  0.00000E+00  0.00000E+00  0.00000E+00  0.00000E+00  0.00000E+00  0.00000E+00  0.00000E+00  0.00000E+00
C2H5O2     
  0.00000E+00  0.00000E+00  0.00000E+00  0.00000E+00  0.00000E+00  0.00000E+00  0.00000E+00  0.00000E+00  0.00000E+00  0.00000E+00  0.00000E+00  0.00000E+00  0.00000E+00  0.00000E+00  0.00000E+00  0.00000E+00  0.00000E+00  0.00000E+00  0.00000E+00  0.00000E+00  0.00000E+00  0.00000E+00  0.00000E+00  0.00000E+00  0.00000E+00  0.00000E+00  0.00000E+00  0.00000E+00  0.00000E+00  0.00000E+00  0.00000E+00
C3H8       
  0.00000E+00  0.00000E+00  0.00000E+00  0.00000E+00  0.00000E+00  0.00000E+00  0.00000E+00  0.00000E+00  0.00000E+00  0.00000E+00  0.00000E+00  0.00000E+00  0.00000E+00  0.00000E+00  0.00000E+00  0.00000E+00  0.00000E+00  0.00000E+00  0.00000E+00  0.00000E+00  0.00000E+00  0.00000E+00  0.00000E+00  0.00000E+00  0.00000E+00  0.00000E+00  0.00000E+00  0.00000E+00  0.00000E+00  0.00000E+00  0.00000E+00
C3H7O2     
  0.00000E+00  0.00000E+00  0.00000E+00  0.00000E+00  0.00000E+00  0.00000E+00  0.00000E+00  0.00000E+00  0.00000E+00  0.00000E+00  0.00000E+00  0.00000E+00  0.00000E+00  0.00000E+00  0.00000E+00  0.00000E+00  0.00000E+00  0.00000E+00  0.00000E+00  0.00000E+00  0.00000E+00  0.00000E+00  0.00000E+00  0.00000E+00  0.00000E+00  0.00000E+00  0.00000E+00  0.00000E+00  0.00000E+00  0.00000E+00  0.00000E+00
CH3COCH2O2 
  0.00000E+00  0.00000E+00  0.00000E+00  0.00000E+00  0.00000E+00  0.00000E+00  0.00000E+00  0.00000E+00  0.00000E+00  0.00000E+00  0.00000E+00  0.00000E+00  0.00000E+00  0.00000E+00  0.00000E+00  0.00000E+00  0.00000E+00  0.00000E+00  0.00000E+00  0.00000E+00  0.00000E+00  0.00000E+00  0.00000E+00  0.00000E+00  0.00000E+00  0.00000E+00  0.00000E+00  0.00000E+00  0.00000E+00  0.00000E+00  0.00000E+00
C4H10      
  0.00000E+00  0.00000E+00  0.00000E+00  0.00000E+00  0.00000E+00  0.00000E+00  0.00000E+00  0.00000E+00  0.00000E+00  0.00000E+00  0.00000E+00  0.00000E+00  0.00000E+00  0.00000E+00  0.00000E+00  0.00000E+00  0.00000E+00  0.00000E+00  0.00000E+00  0.00000E+00  0.00000E+00  0.00000E+00  0.00000E+00  0.00000E+00  0.00000E+00  0.00000E+00  0.00000E+00  0.00000E+00  0.00000E+00  0.00000E+00  0.00000E+00
ISO1       
  0.00000E+00  0.53004E+08  0.97580E+08  0.13231E+09  0.16031E+09  0.18424E+09  0.20545E+09  0.22471E+09  0.24224E+09  0.25814E+09  0.27250E+09  0.28547E+09  0.29693E+09  0.30732E+09  0.31623E+09  0.32428E+09  0.33099E+09  0.33681E+09  0.34198E+09  0.34628E+09  0.34991E+09  0.35280E+09  0.35498E+09  0.35686E+09  0.35822E+09  0.35902E+09  0.35937E+09  0.35940E+09  0.35914E+09  0.35861E+09  0.35785E+09
C3H6       
  0.00000E+00  0.19517E+06  0.38978E+06  0.58360E+06  0.77635E+06  0.96780E+06  0.11576E+07  0.13457E+07  0.15317E+07  0.17154E+07  0.18968E+07  0.20759E+07  0.22522E+07  0.24265E+07  0.25976E+07  0.27667E+07  0.29323E+07  0.30955E+07  0.32567E+07  0.34150E+07  0.35709E+07  0.37237E+07  0.38733E+07  0.40214E+07  0.41667E+07  0.43085E+07  0.44472E+07  0.45832E+07  0.47167E+07  0.48474E+07  0.49756E+07
C3H6OHO2   
  0.00000E+00  0.70985E+02  0.27720E+03  0.61011E+03  0.10675E+04  0.16424E+04  0.23300E+04  0.31138E+04  0.39836E+04  0.49249E+04  0.59252E+04  0.69711E+04  0.80600E+04  0.91752E+04  0.10322E+05  0.11485E+05  0.12667E+05  0.13856E+05  0.15052E+05  0.16257E+05  0.17465E+05  0.18674E+05  0.19877E+05  0.21078E+05  0.22277E+05  0.23467E+05  0.24645E+05  0.25813E+05  0.26971E+05  0.28119E+05  0.29257E+05
ONIT       
  0.00000E+00  0.42919E+06  0.17747E+07  0.41264E+07  0.74653E+07  0.11691E+08  0.16750E+08  0.22529E+08  0.28970E+08  0.35989E+08  0.43508E+08  0.51424E+08  0.59725E+08  0.68271E+08  0.77118E+08  0.86126E+08  0.95353E+08  0.10471E+09  0.11416E+09  0.12371E+09  0.13333E+09  0.14303E+09  0.15277E+09  0.16254E+09  0.17233E+09  0.18215E+09  0.19197E+09  0.20178E+09  0.21159E+09  0.22139E+09  0.23117E+09
CH3COOH    
  0.00000E+00  0.94531E+02  0.13869E+04  0.61396E+04  0.16692E+05  0.34582E+05  0.61422E+05  0.97688E+05  0.14438E+06  0.20184E+06  0.27023E+06  0.34866E+06  0.43865E+06  0.53688E+06  0.64732E+06  0.76507E+06  0.89502E+06  0.10335E+07  0.11785E+07  0.13328E+07  0.14946E+07  0.16655E+07  0.18460E+07  0.20307E+07  0.22231E+07  0.24252E+07  0.26355E+07  0.28527E+07  0.30766E+07  0.33071E+07  0.35442E+07
C2H4       
  0.00000E+00  0.00000E+00  0.00000E+00  0.00000E+00  0.00000E+00  0.00000E+00  0.00000E+00  0.00000E+00  0.00000E+00  0.00000E+00  0.00000E+00  0.00000E+00  0.00000E+00  0.00000E+00  0.00000E+00  0.00000E+00  0.00000E+00  0.00000E+00  0.00000E+00  0.00000E+00  0.00000E+00  0.00000E+00  0.00000E+00  0.00000E+00  0.00000E+00  0.00000E+00  0.00000E+00  0.00000E+00  0.00000E+00  0.00000E+00  0.00000E+00
C5H8       
  0.10000E+01  0.99690E+00  0.99331E+00  0.98912E+00  0.98420E+00  0.97853E+00  0.97207E+00  0.96493E+00  0.95716E+00  0.94882E+00  0.94002E+00  0.93086E+00  0.92136E+00  0.91165E+00  0.90169E+00  0.89161E+00  0.88137E+00  0.87104E+00  0.86067E+00  0.85025E+00  0.83981E+00  0.82935E+00  0.81890E+00  0.80847E+00  0.79806E+00  0.78770E+00  0.77739E+00  0.76715E+00  0.75696E+00  0.74684E+00  0.73678E+00
MOHO2      
  0.00000E+00  0.11725E+04  0.94489E+04  0.34318E+05  0.87049E+05  0.17690E+06  0.31397E+06  0.50172E+06  0.74517E+06  0.10444E+07  0.13982E+07  0.18000E+07  0.22541E+07  0.27437E+07  0.32826E+07  0.38487E+07  0.44567E+07  0.50898E+07  0.57426E+07  0.64218E+07  0.71196E+07  0.78378E+07  0.85715E+07  0.93121E+07  0.10066E+08  0.10832E+08  0.11604E+08  0.12379E+08  0.13159E+08  0.13941E+08  0.14725E+08
TERP       
  0.00000E+00  0.00000E+00  0.00000E+00  0.00000E+00  0.00000E+00  0.00000E+00  0.00000E+00  0.00000E+00  0.00000E+00  0.00000E+00  0.00000E+00  0.00000E+00  0.00000E+00  0.00000E+00  0.00000E+00  0.00000E+00  0.00000E+00  0.00000E+00  0.00000E+00  0.00000E+00  0.00000E+00  0.00000E+00  0.00000E+00  0.00000E+00  0.00000E+00  0.00000E+00  0.00000E+00  0.00000E+00  0.00000E+00  0.00000E+00  0.00000E+00
