NO         
  0.10000E+01  0.13455E+01  0.15240E+01  0.16137E+01  0.16572E+01  0.16776E+01  0.16845E+01  0.16844E+01  0.16803E+01  0.16742E+01  0.16673E+01  0.16600E+01  0.16526E+01  0.16454E+01  0.16383E+01  0.16314E+01  0.16246E+01  0.16181E+01  0.16118E+01  0.16057E+01  0.15997E+01  0.15940E+01  0.15884E+01  0.15829E+01  0.15776E+01  0.15725E+01  0.15675E+01  0.15626E+01  0.15578E+01  0.15531E+01  0.15486E+01
NO2        
  0.10000E+02  0.96451E+01  0.94530E+01  0.93489E+01  0.92912E+01  0.92568E+01  0.92359E+01  0.92222E+01  0.92127E+01  0.92051E+01  0.91984E+01  0.91922E+01  0.91860E+01  0.91798E+01  0.91734E+01  0.91669E+01  0.91602E+01  0.91533E+01  0.91462E+01  0.91389E+01  0.91314E+01  0.91238E+01  0.91160E+01  0.91080E+01  0.90999E+01  0.90916E+01  0.90832E+01  0.90747E+01  0.90660E+01  0.90572E+01  0.90483E+01
O3         
  0.12000E+03  0.12035E+03  0.12054E+03  0.12066E+03  0.12074E+03  0.12080E+03  0.12085E+03  0.12090E+03  0.12094E+03  0.12099E+03  0.12104E+03  0.12110E+03  0.12115E+03  0.12121E+03  0.12127E+03  0.12134E+03  0.12140E+03  0.12147E+03  0.12154E+03  0.12161E+03  0.12169E+03  0.12176E+03  0.12184E+03  0.12192E+03  0.12200E+03  0.12208E+03  0.12216E+03  0.12224E+03  0.12233E+03  0.12241E+03  0.12250E+03
O1D        
  0.00000E+00  0.15486E+00  0.15511E+00  0.15526E+00  0.15536E+00  0.15544E+00  0.15550E+00  0.15556E+00  0.15562E+00  0.15569E+00  0.15575E+00  0.15582E+00  0.15589E+00  0.15597E+00  0.15605E+00  0.15613E+00  0.15621E+00  0.15630E+00  0.15639E+00  0.15648E+00  0.15658E+00  0.15668E+00  0.15678E+00  0.15688E+00  0.15698E+00  0.15708E+00  0.15719E+00  0.15730E+00  0.15740E+00  0.15751E+00  0.15762E+00
O3P        
  0.00000E+00  0.45007E+05  0.44469E+05  0.44179E+05  0.44020E+05  0.43927E+05  0.43873E+05  0.43839E+05  0.43817E+05  0.43801E+05  0.43788E+05  0.43777E+05  0.43767E+05  0.43756E+05  0.43746E+05  0.43735E+05  0.43724E+05  0.43713E+05  0.43702E+05  0.43690E+05  0.43678E+05  0.43666E+05  0.43653E+05  0.43641E+05  0.43627E+05  0.43614E+05  0.43600E+05  0.43587E+05  0.43572E+05  0.43558E+05  0.43544E+05
N2O5       
  0.00000E+00  0.12829E-02  0.22629E-02  0.29920E-02  0.35598E-02  0.40229E-02  0.44048E-02  0.47254E-02  0.49949E-02  0.52238E-02  0.54208E-02  0.55868E-02  0.57306E-02  0.58557E-02  0.59646E-02  0.60606E-02  0.61445E-02  0.62184E-02  0.62838E-02  0.63420E-02  0.63940E-02  0.64405E-02  0.64824E-02  0.65202E-02  0.65545E-02  0.65858E-02  0.66143E-02  0.66405E-02  0.66645E-02  0.66868E-02  0.67074E-02
NO3        
  0.00000E+00  0.12783E+08  0.11950E+08  0.11622E+08  0.11526E+08  0.11531E+08  0.11589E+08  0.11670E+08  0.11760E+08  0.11851E+08  0.11939E+08  0.12022E+08  0.12100E+08  0.12173E+08  0.12242E+08  0.12307E+08  0.12368E+08  0.12426E+08  0.12480E+08  0.12533E+08  0.12583E+08  0.12631E+08  0.12677E+08  0.12721E+08  0.12764E+08  0.12805E+08  0.12846E+08  0.12885E+08  0.12923E+08  0.12960E+08  0.12996E+08
HNO3       
  0.00000E+00  0.11996E-02  0.28441E-02  0.47821E-02  0.69417E-02  0.92787E-02  0.11782E-01  0.14437E-01  0.17238E-01  0.20174E-01  0.23233E-01  0.26427E-01  0.29732E-01  0.33143E-01  0.36655E-01  0.40258E-01  0.43954E-01  0.47737E-01  0.51602E-01  0.55543E-01  0.59558E-01  0.63643E-01  0.67794E-01  0.72008E-01  0.76283E-01  0.80614E-01  0.85001E-01  0.89438E-01  0.93926E-01  0.98460E-01  0.10304E+00
HO2NO2     
  0.00000E+00  0.34377E-02  0.10828E-01  0.18754E-01  0.26371E-01  0.33613E-01  0.40486E-01  0.47025E-01  0.53235E-01  0.59141E-01  0.64772E-01  0.70091E-01  0.75153E-01  0.79968E-01  0.84542E-01  0.88901E-01  0.93034E-01  0.96954E-01  0.10067E+00  0.10420E+00  0.10755E+00  0.11072E+00  0.11373E+00  0.11657E+00  0.11927E+00  0.12181E+00  0.12421E+00  0.12649E+00  0.12863E+00  0.13065E+00  0.13255E+00
OH         
  0.00000E+00  0.14845E+07  0.18688E+07  0.21313E+07  0.23444E+07  0.25340E+07  0.27060E+07  0.28649E+07  0.30124E+07  0.31508E+07  0.32817E+07  0.34047E+07  0.35216E+07  0.36329E+07  0.37390E+07  0.38403E+07  0.39369E+07  0.40291E+07  0.41172E+07  0.42015E+07  0.42822E+07  0.43594E+07  0.44334E+07  0.45043E+07  0.45723E+07  0.46375E+07  0.47000E+07  0.47601E+07  0.48177E+07  0.48731E+07  0.49264E+07
HO2        
  0.00000E+00  0.58544E+08  0.90706E+08  0.11059E+09  0.12732E+09  0.14290E+09  0.15766E+09  0.17172E+09  0.18510E+09  0.19783E+09  0.20997E+09  0.22145E+09  0.23239E+09  0.24280E+09  0.25271E+09  0.26216E+09  0.27113E+09  0.27965E+09  0.28775E+09  0.29545E+09  0.30277E+09  0.30972E+09  0.31632E+09  0.32258E+09  0.32852E+09  0.33416E+09  0.33950E+09  0.34456E+09  0.34935E+09  0.35389E+09  0.35818E+09
CH3OOH     
  0.00000E+00  0.32231E+04  0.20204E+05  0.49638E+05  0.89124E+05  0.13764E+06  0.19577E+06  0.26363E+06  0.34200E+06  0.43093E+06  0.53015E+06  0.64166E+06  0.76396E+06  0.89715E+06  0.10413E+07  0.11958E+07  0.13616E+07  0.15382E+07  0.17255E+07  0.19233E+07  0.21315E+07  0.23499E+07  0.25784E+07  0.28169E+07  0.30651E+07  0.33229E+07  0.35902E+07  0.38667E+07  0.41523E+07  0.44467E+07  0.47499E+07
HCHO       
  0.50000E+00  0.51111E+00  0.53233E+00  0.55816E+00  0.58689E+00  0.61781E+00  0.65072E+00  0.68540E+00  0.72178E+00  0.75968E+00  0.79894E+00  0.83966E+00  0.88156E+00  0.92455E+00  0.96856E+00  0.10134E+01  0.10592E+01  0.11058E+01  0.11531E+01  0.12011E+01  0.12497E+01  0.12988E+01  0.13484E+01  0.13985E+01  0.14490E+01  0.14998E+01  0.15510E+01  0.16024E+01  0.16541E+01  0.17060E+01  0.17580E+01
CO         
  0.10000E+03  0.10000E+03  0.10000E+03  0.10000E+03  0.10000E+03  0.10000E+03  0.10000E+03  0.10001E+03  0.10001E+03  0.10001E+03  0.10001E+03  0.10001E+03  0.10001E+03  0.10001E+03  0.10001E+03  0.10001E+03  0.10001E+03  0.10002E+03  0.10002E+03  0.10002E+03  0.10002E+03  0.10002E+03  0.10002E+03  0.10002E+03  0.10002E+03  0.10003E+03  0.10003E+03  0.10003E+03  0.10003E+03  0.10003E+03  0.10003E+03
H2O2       
  0.10000E+01  0.99991E+00  0.99981E+00  0.99972E+00  0.99962E+00  0.99953E+00  0.99944E+00  0.99935E+00  0.99927E+00  0.99919E+00  0.99912E+00  0.99904E+00  0.99898E+00  0.99892E+00  0.99886E+00  0.99881E+00  0.99876E+00  0.99871E+00  0.99867E+00  0.99864E+00  0.99861E+00  0.99858E+00  0.99856E+00  0.99854E+00  0.99852E+00  0.99851E+00  0.99850E+00  0.99850E+00  0.99850E+00  0.99850E+00  0.99850E+00
CH3CHO     
  0.00000E+00  0.16327E+04  0.94833E+04  0.26098E+05  0.52794E+05  0.89633E+05  0.13774E+06  0.19761E+06  0.27051E+06  0.35689E+06  0.45670E+06  0.57304E+06  0.70431E+06  0.85097E+06  0.10136E+07  0.11915E+07  0.13863E+07  0.15983E+07  0.18270E+07  0.20728E+07  0.23359E+07  0.26162E+07  0.29140E+07  0.32296E+07  0.35627E+07  0.39134E+07  0.42821E+07  0.46683E+07  0.50725E+07  0.54942E+07  0.59338E+07
CH3O2      
  0.00000E+00  0.27115E+07  0.43689E+07  0.51370E+07  0.56749E+07  0.61567E+07  0.66111E+07  0.70457E+07  0.74621E+07  0.78628E+07  0.82500E+07  0.86225E+07  0.89835E+07  0.93339E+07  0.96742E+07  0.10006E+08  0.10328E+08  0.10642E+08  0.10948E+08  0.11247E+08  0.11539E+08  0.11824E+08  0.12103E+08  0.12376E+08  0.12643E+08  0.12905E+08  0.13162E+08  0.13414E+08  0.13661E+08  0.13903E+08  0.14142E+08
C3H6OHOOH  
  0.00000E+00  0.87310E+00  0.92253E+01  0.31982E+02  0.74815E+02  0.14150E+03  0.23892E+03  0.37277E+03  0.55158E+03  0.78162E+03  0.10670E+04  0.14256E+04  0.18552E+04  0.23621E+04  0.29535E+04  0.36291E+04  0.44027E+04  0.52784E+04  0.62583E+04  0.73467E+04  0.85489E+04  0.98674E+04  0.11306E+05  0.12870E+05  0.14560E+05  0.16379E+05  0.18332E+05  0.20417E+05  0.22640E+05  0.25000E+05  0.27499E+05
CH3COOOH   
  0.00000E+00  0.22654E+04  0.12187E+05  0.28493E+05  0.50233E+05  0.76960E+05  0.10900E+06  0.14643E+06  0.18963E+06  0.23866E+06  0.29336E+06  0.35483E+06  0.42227E+06  0.49573E+06  0.57528E+06  0.66055E+06  0.75206E+06  0.84969E+06  0.95324E+06  0.10627E+07  0.11779E+07  0.12989E+07  0.14256E+07  0.15580E+07  0.16959E+07  0.18392E+07  0.19880E+07  0.21420E+07  0.23012E+07  0.24656E+07  0.26349E+07
PAN        
  0.00000E+00  0.44031E-03  0.13982E-02  0.25716E-02  0.38822E-02  0.53031E-02  0.68311E-02  0.84593E-02  0.10189E-01  0.12013E-01  0.13926E-01  0.15940E-01  0.18039E-01  0.20220E-01  0.22482E-01  0.24819E-01  0.27234E-01  0.29724E-01  0.32286E-01  0.34918E-01  0.37618E-01  0.40385E-01  0.43216E-01  0.46111E-01  0.49067E-01  0.52084E-01  0.55162E-01  0.58296E-01  0.61487E-01  0.64734E-01  0.68035E-01
CH3CO3     
  0.00000E+00  0.10015E+07  0.14145E+07  0.16317E+07  0.18015E+07  0.19563E+07  0.21016E+07  0.22400E+07  0.23722E+07  0.24995E+07  0.26225E+07  0.27412E+07  0.28566E+07  0.29688E+07  0.30783E+07  0.31852E+07  0.32896E+07  0.33917E+07  0.34916E+07  0.35895E+07  0.36854E+07  0.37796E+07  0.38720E+07  0.39628E+07  0.40520E+07  0.41398E+07  0.42261E+07  0.43111E+07  0.43948E+07  0.44773E+07  0.45587E+07
MPAN       
  0.00000E+00  0.11243E+05  0.77018E+05  0.23409E+06  0.51093E+06  0.92024E+06  0.14883E+07  0.22333E+07  0.31855E+07  0.43638E+07  0.57776E+07  0.74940E+07  0.94956E+07  0.11802E+08  0.14433E+08  0.17385E+08  0.20704E+08  0.24401E+08  0.28479E+08  0.32952E+08  0.37835E+08  0.43135E+08  0.48865E+08  0.55038E+08  0.61659E+08  0.68735E+08  0.76283E+08  0.84296E+08  0.92794E+08  0.10177E+09  0.11124E+09
MCO3       
  0.00000E+00  0.15608E+04  0.53663E+04  0.10676E+05  0.17244E+05  0.24988E+05  0.33897E+05  0.43930E+05  0.55068E+05  0.67277E+05  0.80515E+05  0.94793E+05  0.11004E+06  0.12622E+06  0.14330E+06  0.16122E+06  0.17999E+06  0.19955E+06  0.21985E+06  0.24087E+06  0.26256E+06  0.28489E+06  0.30782E+06  0.33134E+06  0.35539E+06  0.37995E+06  0.40500E+06  0.43049E+06  0.45641E+06  0.48271E+06  0.50939E+06
CH2OHCHO   
  0.00000E+00  0.15342E+08  0.48259E+08  0.89302E+08  0.13562E+09  0.18602E+09  0.24027E+09  0.29800E+09  0.35918E+09  0.42354E+09  0.49081E+09  0.56135E+09  0.63462E+09  0.71050E+09  0.78893E+09  0.86965E+09  0.95280E+09  0.10382E+10  0.11258E+10  0.12155E+10  0.13072E+10  0.14008E+10  0.14963E+10  0.15937E+10  0.16928E+10  0.17936E+10  0.18960E+10  0.20001E+10  0.21057E+10  0.22128E+10  0.23214E+10
MACR       
  0.00000E+00  0.67365E-02  0.18504E-01  0.32548E-01  0.48021E-01  0.64572E-01  0.82109E-01  0.10052E+00  0.11976E+00  0.13975E+00  0.16039E+00  0.18175E+00  0.20368E+00  0.22613E+00  0.24907E+00  0.27243E+00  0.29620E+00  0.32035E+00  0.34484E+00  0.36962E+00  0.39467E+00  0.41997E+00  0.44549E+00  0.47119E+00  0.49707E+00  0.52308E+00  0.54923E+00  0.57547E+00  0.60180E+00  0.62820E+00  0.65465E+00
CH3COCHO   
  0.00000E+00  0.62984E+04  0.36592E+05  0.10083E+06  0.20466E+06  0.34826E+06  0.53566E+06  0.76846E+06  0.10513E+07  0.13858E+07  0.17715E+07  0.22204E+07  0.27264E+07  0.32912E+07  0.39171E+07  0.46013E+07  0.53508E+07  0.61656E+07  0.70453E+07  0.79905E+07  0.90028E+07  0.10082E+08  0.11230E+08  0.12446E+08  0.13731E+08  0.15086E+08  0.16512E+08  0.18007E+08  0.19573E+08  0.21209E+08  0.22917E+08
MVK        
  0.00000E+00  0.41102E-02  0.11865E-01  0.21272E-01  0.31719E-01  0.42952E-01  0.54907E-01  0.67500E-01  0.80706E-01  0.94462E-01  0.10871E+00  0.12348E+00  0.13868E+00  0.15426E+00  0.17022E+00  0.18649E+00  0.20308E+00  0.21996E+00  0.23709E+00  0.25445E+00  0.27204E+00  0.28981E+00  0.30775E+00  0.32586E+00  0.34410E+00  0.36247E+00  0.38094E+00  0.39951E+00  0.41816E+00  0.43688E+00  0.45565E+00
C2H5OOH    
  0.00000E+00  0.00000E+00  0.00000E+00  0.00000E+00  0.00000E+00  0.00000E+00  0.00000E+00  0.00000E+00  0.00000E+00  0.00000E+00  0.00000E+00  0.00000E+00  0.00000E+00  0.00000E+00  0.00000E+00  0.00000E+00  0.00000E+00  0.00000E+00  0.00000E+00  0.00000E+00  0.00000E+00  0.00000E+00  0.00000E+00  0.00000E+00  0.00000E+00  0.00000E+00  0.00000E+00  0.00000E+00  0.00000E+00  0.00000E+00  0.00000E+00
C3H7OOH    
  0.00000E+00  0.00000E+00  0.00000E+00  0.00000E+00  0.00000E+00  0.00000E+00  0.00000E+00  0.00000E+00  0.00000E+00  0.00000E+00  0.00000E+00  0.00000E+00  0.00000E+00  0.00000E+00  0.00000E+00  0.00000E+00  0.00000E+00  0.00000E+00  0.00000E+00  0.00000E+00  0.00000E+00  0.00000E+00  0.00000E+00  0.00000E+00  0.00000E+00  0.00000E+00  0.00000E+00  0.00000E+00  0.00000E+00  0.00000E+00  0.00000E+00
CH3COCH3   
  0.00000E+00  0.00000E+00  0.00000E+00  0.00000E+00  0.00000E+00  0.00000E+00  0.00000E+00  0.00000E+00  0.00000E+00  0.00000E+00  0.00000E+00  0.00000E+00  0.00000E+00  0.00000E+00  0.00000E+00  0.00000E+00  0.00000E+00  0.00000E+00  0.00000E+00  0.00000E+00  0.00000E+00  0.00000E+00  0.00000E+00  0.00000E+00  0.00000E+00  0.00000E+00  0.00000E+00  0.00000E+00  0.00000E+00  0.00000E+00  0.00000E+00
CH3COCH2OOH
  0.00000E+00  0.00000E+00  0.00000E+00  0.00000E+00  0.00000E+00  0.00000E+00  0.00000E+00  0.00000E+00  0.00000E+00  0.00000E+00  0.00000E+00  0.00000E+00  0.00000E+00  0.00000E+00  0.00000E+00  0.00000E+00  0.00000E+00  0.00000E+00  0.00000E+00  0.00000E+00  0.00000E+00  0.00000E+00  0.00000E+00  0.00000E+00  0.00000E+00  0.00000E+00  0.00000E+00  0.00000E+00  0.00000E+00  0.00000E+00  0.00000E+00
CH3COCH2O  
  0.00000E+00  0.49545E-19  0.19329E-18  0.40691E-18  0.67452E-18  0.98951E-18  0.13480E-17  0.17467E-17  0.21842E-17  0.26588E-17  0.31684E-17  0.37149E-17  0.42924E-17  0.49018E-17  0.55416E-17  0.62084E-17  0.69026E-17  0.76223E-17  0.83650E-17  0.91298E-17  0.99153E-17  0.10720E-16  0.11542E-16  0.12382E-16  0.13236E-16  0.14105E-16  0.14986E-16  0.15880E-16  0.16785E-16  0.17699E-16  0.18623E-16
CH4        
  0.17000E+04  0.17000E+04  0.17000E+04  0.17000E+04  0.17000E+04  0.17000E+04  0.17000E+04  0.17000E+04  0.17000E+04  0.17000E+04  0.17000E+04  0.17000E+04  0.17000E+04  0.17000E+04  0.17000E+04  0.17000E+04  0.17000E+04  0.17000E+04  0.17000E+04  0.17000E+04  0.17000E+04  0.17000E+04  0.17000E+04  0.17000E+04  0.17000E+04  0.17000E+04  0.17000E+04  0.17000E+04  0.17000E+04  0.17000E+04  0.17000E+04
C2H6       
  0.00000E+00  0.00000E+00  0.00000E+00  0.00000E+00  0.00000E+00  0.00000E+00  0.00000E+00  0.00000E+00  0.00000E+00  0.00000E+00  0.00000E+00  0.00000E+00  0.00000E+00  0.00000E+00  0.00000E+00  0.00000E+00  0.00000E+00  0.00000E+00  0.00000E+00  0.00000E+00  0.00000E+00  0.00000E+00  0.00000E+00  0.00000E+00  0.00000E+00  0.00000E+00  0.00000E+00  0.00000E+00  0.00000E+00  0.00000E+00  0.00000E+00
C2H5O2     
  0.00000E+00  0.00000E+00  0.00000E+00  0.00000E+00  0.00000E+00  0.00000E+00  0.00000E+00  0.00000E+00  0.00000E+00  0.00000E+00  0.00000E+00  0.00000E+00  0.00000E+00  0.00000E+00  0.00000E+00  0.00000E+00  0.00000E+00  0.00000E+00  0.00000E+00  0.00000E+00  0.00000E+00  0.00000E+00  0.00000E+00  0.00000E+00  0.00000E+00  0.00000E+00  0.00000E+00  0.00000E+00  0.00000E+00  0.00000E+00  0.00000E+00
C3H8       
  0.00000E+00  0.00000E+00  0.00000E+00  0.00000E+00  0.00000E+00  0.00000E+00  0.00000E+00  0.00000E+00  0.00000E+00  0.00000E+00  0.00000E+00  0.00000E+00  0.00000E+00  0.00000E+00  0.00000E+00  0.00000E+00  0.00000E+00  0.00000E+00  0.00000E+00  0.00000E+00  0.00000E+00  0.00000E+00  0.00000E+00  0.00000E+00  0.00000E+00  0.00000E+00  0.00000E+00  0.00000E+00  0.00000E+00  0.00000E+00  0.00000E+00
C3H7O2     
  0.00000E+00  0.00000E+00  0.00000E+00  0.00000E+00  0.00000E+00  0.00000E+00  0.00000E+00  0.00000E+00  0.00000E+00  0.00000E+00  0.00000E+00  0.00000E+00  0.00000E+00  0.00000E+00  0.00000E+00  0.00000E+00  0.00000E+00  0.00000E+00  0.00000E+00  0.00000E+00  0.00000E+00  0.00000E+00  0.00000E+00  0.00000E+00  0.00000E+00  0.00000E+00  0.00000E+00  0.00000E+00  0.00000E+00  0.00000E+00  0.00000E+00
CH3COCH2O2 
  0.00000E+00  0.00000E+00  0.00000E+00  0.00000E+00  0.00000E+00  0.00000E+00  0.00000E+00  0.00000E+00  0.00000E+00  0.00000E+00  0.00000E+00  0.00000E+00  0.00000E+00  0.00000E+00  0.00000E+00  0.00000E+00  0.00000E+00  0.00000E+00  0.00000E+00  0.00000E+00  0.00000E+00  0.00000E+00  0.00000E+00  0.00000E+00  0.00000E+00  0.00000E+00  0.00000E+00  0.00000E+00  0.00000E+00  0.00000E+00  0.00000E+00
C4H10      
  0.00000E+00  0.00000E+00  0.00000E+00  0.00000E+00  0.00000E+00  0.00000E+00  0.00000E+00  0.00000E+00  0.00000E+00  0.00000E+00  0.00000E+00  0.00000E+00  0.00000E+00  0.00000E+00  0.00000E+00  0.00000E+00  0.00000E+00  0.00000E+00  0.00000E+00  0.00000E+00  0.00000E+00  0.00000E+00  0.00000E+00  0.00000E+00  0.00000E+00  0.00000E+00  0.00000E+00  0.00000E+00  0.00000E+00  0.00000E+00  0.00000E+00
ISO1       
  0.00000E+00  0.14296E+09  0.17762E+09  0.19307E+09  0.20657E+09  0.22005E+09  0.23341E+09  0.24645E+09  0.25900E+09  0.27099E+09  0.28241E+09  0.29317E+09  0.30336E+09  0.31299E+09  0.32209E+09  0.33070E+09  0.33880E+09  0.34641E+09  0.35358E+09  0.36032E+09  0.36665E+09  0.37258E+09  0.37815E+09  0.38335E+09  0.38820E+09  0.39274E+09  0.39696E+09  0.40088E+09  0.40452E+09  0.40790E+09  0.41101E+09
C3H6       
  0.00000E+00  0.89158E+07  0.17824E+08  0.26711E+08  0.35566E+08  0.44389E+08  0.53173E+08  0.61917E+08  0.70618E+08  0.79272E+08  0.87882E+08  0.96435E+08  0.10494E+09  0.11339E+09  0.12179E+09  0.13014E+09  0.13843E+09  0.14666E+09  0.15484E+09  0.16296E+09  0.17102E+09  0.17902E+09  0.18696E+09  0.19485E+09  0.20267E+09  0.21043E+09  0.21814E+09  0.22578E+09  0.23336E+09  0.24088E+09  0.24833E+09
C3H6OHO2   
  0.00000E+00  0.88338E+03  0.25878E+04  0.45306E+04  0.66837E+04  0.90639E+04  0.11684E+05  0.14525E+05  0.17577E+05  0.20817E+05  0.24232E+05  0.27812E+05  0.31534E+05  0.35391E+05  0.39374E+05  0.43470E+05  0.47676E+05  0.51979E+05  0.56367E+05  0.60835E+05  0.65377E+05  0.69985E+05  0.74653E+05  0.79376E+05  0.84148E+05  0.88962E+05  0.93815E+05  0.98702E+05  0.10362E+06  0.10856E+06  0.11353E+06
ONIT       
  0.00000E+00  0.31510E+08  0.74564E+08  0.12218E+09  0.17295E+09  0.22629E+09  0.28211E+09  0.34020E+09  0.40050E+09  0.46282E+09  0.52694E+09  0.59303E+09  0.66072E+09  0.72989E+09  0.80046E+09  0.87225E+09  0.94528E+09  0.10194E+10  0.10946E+10  0.11708E+10  0.12478E+10  0.13256E+10  0.14042E+10  0.14835E+10  0.15635E+10  0.16440E+10  0.17250E+10  0.18065E+10  0.18885E+10  0.19709E+10  0.20537E+10
CH3COOH    
  0.00000E+00  0.11718E+04  0.63207E+04  0.14778E+05  0.26033E+05  0.39848E+05  0.56392E+05  0.75695E+05  0.97969E+05  0.12323E+06  0.15141E+06  0.18307E+06  0.21779E+06  0.25562E+06  0.29659E+06  0.34051E+06  0.38765E+06  0.43796E+06  0.49133E+06  0.54775E+06  0.60720E+06  0.66964E+06  0.73504E+06  0.80340E+06  0.87465E+06  0.94874E+06  0.10257E+07  0.11054E+07  0.11878E+07  0.12730E+07  0.13607E+07
C2H4       
  0.00000E+00  0.00000E+00  0.00000E+00  0.00000E+00  0.00000E+00  0.00000E+00  0.00000E+00  0.00000E+00  0.00000E+00  0.00000E+00  0.00000E+00  0.00000E+00  0.00000E+00  0.00000E+00  0.00000E+00  0.00000E+00  0.00000E+00  0.00000E+00  0.00000E+00  0.00000E+00  0.00000E+00  0.00000E+00  0.00000E+00  0.00000E+00  0.00000E+00  0.00000E+00  0.00000E+00  0.00000E+00  0.00000E+00  0.00000E+00  0.00000E+00
C5H8       
  0.10000E+02  0.99814E+01  0.99571E+01  0.99292E+01  0.98986E+01  0.98657E+01  0.98309E+01  0.97944E+01  0.97562E+01  0.97164E+01  0.96753E+01  0.96327E+01  0.95890E+01  0.95442E+01  0.94983E+01  0.94516E+01  0.94039E+01  0.93554E+01  0.93062E+01  0.92563E+01  0.92058E+01  0.91547E+01  0.91031E+01  0.90510E+01  0.89985E+01  0.89455E+01  0.88923E+01  0.88387E+01  0.87848E+01  0.87307E+01  0.86764E+01
MOHO2      
  0.00000E+00  0.15283E+05  0.67874E+05  0.14576E+06  0.24319E+06  0.35905E+06  0.49460E+06  0.64947E+06  0.82400E+06  0.10174E+07  0.12290E+07  0.14599E+07  0.17077E+07  0.19723E+07  0.22534E+07  0.25496E+07  0.28616E+07  0.31883E+07  0.35286E+07  0.38821E+07  0.42483E+07  0.46265E+07  0.50161E+07  0.54168E+07  0.58277E+07  0.62482E+07  0.66782E+07  0.71166E+07  0.75633E+07  0.80177E+07  0.84793E+07
TERP       
  0.00000E+00  0.00000E+00  0.00000E+00  0.00000E+00  0.00000E+00  0.00000E+00  0.00000E+00  0.00000E+00  0.00000E+00  0.00000E+00  0.00000E+00  0.00000E+00  0.00000E+00  0.00000E+00  0.00000E+00  0.00000E+00  0.00000E+00  0.00000E+00  0.00000E+00  0.00000E+00  0.00000E+00  0.00000E+00  0.00000E+00  0.00000E+00  0.00000E+00  0.00000E+00  0.00000E+00  0.00000E+00  0.00000E+00  0.00000E+00  0.00000E+00
