rxn00001
  0.00000E+00  0.11260E+10  0.10685E+10  0.10318E+10  0.10085E+10  0.99398E+09  0.98472E+09  0.97884E+09  0.97503E+09  0.97262E+09  0.97099E+09  0.96984E+09  0.96900E+09  0.96833E+09  0.96774E+09  0.96720E+09  0.96668E+09  0.96615E+09  0.96560E+09  0.96503E+09  0.96444E+09  0.96383E+09  0.96319E+09  0.96253E+09  0.96184E+09  0.96114E+09  0.96041E+09  0.95966E+09  0.95890E+09  0.95812E+09  0.95732E+09
rxn00002
  0.00000E+00  0.17288E+07  0.13691E+07  0.12006E+07  0.11134E+07  0.10667E+07  0.10403E+07  0.10259E+07  0.10185E+07  0.10157E+07  0.10153E+07  0.10165E+07  0.10187E+07  0.10213E+07  0.10243E+07  0.10274E+07  0.10305E+07  0.10337E+07  0.10367E+07  0.10396E+07  0.10425E+07  0.10453E+07  0.10479E+07  0.10505E+07  0.10530E+07  0.10554E+07  0.10577E+07  0.10599E+07  0.10620E+07  0.10641E+07  0.10662E+07
rxn00003
  0.00000E+00  0.12806E+04  0.43994E+04  0.96038E+04  0.16773E+05  0.25634E+05  0.35717E+05  0.46748E+05  0.58462E+05  0.70735E+05  0.83374E+05  0.96292E+05  0.10942E+06  0.12267E+06  0.13602E+06  0.14942E+06  0.16283E+06  0.17623E+06  0.18960E+06  0.20292E+06  0.21617E+06  0.22934E+06  0.24241E+06  0.25539E+06  0.26825E+06  0.28100E+06  0.29362E+06  0.30610E+06  0.31845E+06  0.33068E+06  0.34275E+06
rxn00004
  0.00000E+00  0.10750E+02  0.23305E+02  0.38777E+02  0.57038E+02  0.77757E+02  0.10041E+03  0.12475E+03  0.15050E+03  0.17763E+03  0.20587E+03  0.23515E+03  0.26542E+03  0.29652E+03  0.32842E+03  0.36105E+03  0.39435E+03  0.42828E+03  0.46278E+03  0.49782E+03  0.53336E+03  0.56936E+03  0.60578E+03  0.64261E+03  0.67983E+03  0.71737E+03  0.75529E+03  0.79352E+03  0.83203E+03  0.87080E+03  0.90987E+03
rxn00005
  0.00000E+00  0.79107E+02  0.32692E+03  0.69558E+03  0.11076E+04  0.15181E+04  0.19084E+04  0.22725E+04  0.26107E+04  0.29216E+04  0.32097E+04  0.34760E+04  0.37213E+04  0.39488E+04  0.41589E+04  0.43531E+04  0.45328E+04  0.46987E+04  0.48520E+04  0.49936E+04  0.51242E+04  0.52450E+04  0.53567E+04  0.54597E+04  0.55546E+04  0.56427E+04  0.57234E+04  0.57976E+04  0.58664E+04  0.59303E+04  0.59884E+04
rxn00006
  0.00000E+00  0.51352E+03  0.85779E+03  0.10534E+04  0.11723E+04  0.12460E+04  0.12949E+04  0.13282E+04  0.13521E+04  0.13694E+04  0.13831E+04  0.13942E+04  0.14035E+04  0.14117E+04  0.14191E+04  0.14258E+04  0.14319E+04  0.14376E+04  0.14430E+04  0.14480E+04  0.14527E+04  0.14571E+04  0.14612E+04  0.14651E+04  0.14687E+04  0.14722E+04  0.14753E+04  0.14783E+04  0.14811E+04  0.14838E+04  0.14862E+04
rxn00007
  0.00000E+00  0.83934E+09  0.84179E+09  0.84340E+09  0.84449E+09  0.84525E+09  0.84582E+09  0.84627E+09  0.84666E+09  0.84701E+09  0.84735E+09  0.84769E+09  0.84802E+09  0.84836E+09  0.84871E+09  0.84907E+09  0.84944E+09  0.84982E+09  0.85020E+09  0.85059E+09  0.85100E+09  0.85140E+09  0.85182E+09  0.85224E+09  0.85266E+09  0.85309E+09  0.85353E+09  0.85396E+09  0.85441E+09  0.85485E+09  0.85530E+09
rxn00008
  0.00000E+00  0.84837E+08  0.85085E+08  0.85248E+08  0.85358E+08  0.85435E+08  0.85492E+08  0.85538E+08  0.85577E+08  0.85613E+08  0.85647E+08  0.85681E+08  0.85715E+08  0.85749E+08  0.85785E+08  0.85821E+08  0.85858E+08  0.85896E+08  0.85935E+08  0.85975E+08  0.86015E+08  0.86057E+08  0.86099E+08  0.86141E+08  0.86184E+08  0.86227E+08  0.86271E+08  0.86316E+08  0.86360E+08  0.86405E+08  0.86450E+08
rxn00009
  0.00000E+00  0.18851E+06  0.18849E+06  0.18848E+06  0.18846E+06  0.18844E+06  0.18843E+06  0.18842E+06  0.18840E+06  0.18839E+06  0.18838E+06  0.18837E+06  0.18837E+06  0.18836E+06  0.18835E+06  0.18835E+06  0.18835E+06  0.18835E+06  0.18834E+06  0.18834E+06  0.18835E+06  0.18835E+06  0.18835E+06  0.18835E+06  0.18836E+06  0.18836E+06  0.18837E+06  0.18837E+06  0.18838E+06  0.18839E+06  0.18840E+06
rxn00010
  0.00000E+00  0.41482E+06  0.41745E+06  0.42197E+06  0.42795E+06  0.43508E+06  0.44304E+06  0.45168E+06  0.46086E+06  0.47054E+06  0.48060E+06  0.49100E+06  0.50173E+06  0.51270E+06  0.52392E+06  0.53533E+06  0.54693E+06  0.55868E+06  0.57058E+06  0.58260E+06  0.59472E+06  0.60694E+06  0.61924E+06  0.63160E+06  0.64402E+06  0.65649E+06  0.66900E+06  0.68154E+06  0.69410E+06  0.70669E+06  0.71928E+06
rxn00011
  0.00000E+00  0.60198E+06  0.60580E+06  0.61235E+06  0.62103E+06  0.63138E+06  0.64294E+06  0.65548E+06  0.66880E+06  0.68284E+06  0.69744E+06  0.71254E+06  0.72810E+06  0.74403E+06  0.76030E+06  0.77687E+06  0.79370E+06  0.81076E+06  0.82802E+06  0.84546E+06  0.86306E+06  0.88079E+06  0.89863E+06  0.91657E+06  0.93460E+06  0.95269E+06  0.97085E+06  0.98905E+06  0.10073E+07  0.10255E+07  0.10438E+07
rxn00012
  0.00000E+00  0.65680E-02  0.49707E-01  0.13947E+00  0.26872E+00  0.43480E+00  0.63406E+00  0.86666E+00  0.11309E+01  0.14303E+01  0.17610E+01  0.21241E+01  0.25207E+01  0.29477E+01  0.34066E+01  0.38961E+01  0.44155E+01  0.49647E+01  0.55428E+01  0.61493E+01  0.67839E+01  0.74452E+01  0.81324E+01  0.88456E+01  0.95850E+01  0.10347E+02  0.11136E+02  0.11949E+02  0.12785E+02  0.13641E+02  0.14524E+02
rxn00013
  0.00000E+00  0.31226E-08  0.15972E-06  0.13248E-05  0.53595E-05  0.15246E-04  0.33903E-04  0.65016E-04  0.11153E-03  0.17969E-03  0.27143E-03  0.39180E-03  0.54692E-03  0.73841E-03  0.97275E-03  0.12534E-02  0.15841E-02  0.19699E-02  0.24141E-02  0.29205E-02  0.34935E-02  0.41344E-02  0.48454E-02  0.56313E-02  0.64971E-02  0.74350E-02  0.84637E-02  0.95798E-02  0.10777E-01  0.12055E-01  0.13436E-01
rxn00014
  0.00000E+00  0.30920E+02  0.77847E+02  0.13255E+03  0.18701E+03  0.23894E+03  0.28896E+03  0.33797E+03  0.38671E+03  0.43569E+03  0.48520E+03  0.53546E+03  0.58665E+03  0.63883E+03  0.69212E+03  0.74657E+03  0.80222E+03  0.85916E+03  0.91741E+03  0.97701E+03  0.10380E+04  0.11004E+04  0.11641E+04  0.12294E+04  0.12961E+04  0.13641E+04  0.14338E+04  0.15051E+04  0.15777E+04  0.16518E+04  0.17276E+04
rxn00015
  0.00000E+00  0.23722E-03  0.32147E-02  0.17144E-01  0.56340E-01  0.14022E+00  0.28302E+00  0.50031E+00  0.80048E+00  0.12056E+01  0.17148E+01  0.23406E+01  0.30974E+01  0.39823E+01  0.50095E+01  0.61822E+01  0.75049E+01  0.89853E+01  0.10627E+02  0.12434E+02  0.14411E+02  0.16558E+02  0.18875E+02  0.21370E+02  0.24049E+02  0.26891E+02  0.29935E+02  0.33170E+02  0.36578E+02  0.40155E+02  0.43950E+02
rxn00016
  0.00000E+00  0.26877E+00  0.20745E+01  0.77117E+01  0.20088E+02  0.42762E+02  0.77966E+02  0.12827E+03  0.19485E+03  0.28153E+03  0.38778E+03  0.51557E+03  0.66727E+03  0.84209E+03  0.10423E+04  0.12683E+04  0.15206E+04  0.18004E+04  0.21080E+04  0.24441E+04  0.28094E+04  0.32034E+04  0.36263E+04  0.40790E+04  0.45627E+04  0.50736E+04  0.56180E+04  0.61939E+04  0.67983E+04  0.74306E+04  0.80984E+04
rxn00017
  0.00000E+00  0.00000E+00  0.00000E+00  0.00000E+00  0.00000E+00  0.00000E+00  0.00000E+00  0.00000E+00  0.00000E+00  0.00000E+00  0.00000E+00  0.00000E+00  0.00000E+00  0.00000E+00  0.00000E+00  0.00000E+00  0.00000E+00  0.00000E+00  0.00000E+00  0.00000E+00  0.00000E+00  0.00000E+00  0.00000E+00  0.00000E+00  0.00000E+00  0.00000E+00  0.00000E+00  0.00000E+00  0.00000E+00  0.00000E+00  0.00000E+00
rxn00018
  0.00000E+00  0.89170E+00  0.74173E+01  0.22995E+02  0.47623E+02  0.80865E+02  0.12159E+03  0.16959E+03  0.22428E+03  0.28619E+03  0.35437E+03  0.42881E+03  0.50953E+03  0.59579E+03  0.68762E+03  0.78461E+03  0.88643E+03  0.99288E+03  0.11036E+04  0.12184E+04  0.13370E+04  0.14591E+04  0.15843E+04  0.17125E+04  0.18437E+04  0.19772E+04  0.21133E+04  0.22518E+04  0.23921E+04  0.25342E+04  0.26783E+04
rxn00019
  0.00000E+00  0.53663E+01  0.28431E+02  0.67149E+02  0.11631E+03  0.17295E+03  0.23493E+03  0.30137E+03  0.37144E+03  0.44500E+03  0.52128E+03  0.60003E+03  0.68107E+03  0.76397E+03  0.84862E+03  0.93477E+03  0.10223E+04  0.11109E+04  0.12007E+04  0.12913E+04  0.13828E+04  0.14750E+04  0.15678E+04  0.16611E+04  0.17548E+04  0.18490E+04  0.19434E+04  0.20382E+04  0.21331E+04  0.22282E+04  0.23235E+04
rxn00020
  0.00000E+00  0.51228E+02  0.19736E+03  0.44034E+03  0.75909E+03  0.11373E+04  0.15582E+04  0.20140E+04  0.24973E+04  0.30061E+04  0.35342E+04  0.40798E+04  0.46411E+04  0.52150E+04  0.58006E+04  0.63960E+04  0.69999E+04  0.76114E+04  0.82292E+04  0.88525E+04  0.94805E+04  0.10112E+05  0.10747E+05  0.11385E+05  0.12024E+05  0.12665E+05  0.13307E+05  0.13950E+05  0.14592E+05  0.15235E+05  0.15877E+05
rxn00021
  0.00000E+00  0.76051E+08  0.76273E+08  0.76420E+08  0.76519E+08  0.76587E+08  0.76639E+08  0.76680E+08  0.76715E+08  0.76747E+08  0.76778E+08  0.76808E+08  0.76838E+08  0.76869E+08  0.76901E+08  0.76933E+08  0.76967E+08  0.77001E+08  0.77036E+08  0.77071E+08  0.77108E+08  0.77145E+08  0.77182E+08  0.77220E+08  0.77259E+08  0.77298E+08  0.77337E+08  0.77377E+08  0.77417E+08  0.77457E+08  0.77498E+08
rxn00022
  0.00000E+00  0.87858E+07  0.88114E+07  0.88283E+07  0.88397E+07  0.88477E+07  0.88536E+07  0.88583E+07  0.88624E+07  0.88661E+07  0.88697E+07  0.88731E+07  0.88767E+07  0.88802E+07  0.88839E+07  0.88876E+07  0.88915E+07  0.88954E+07  0.88995E+07  0.89036E+07  0.89078E+07  0.89121E+07  0.89164E+07  0.89208E+07  0.89252E+07  0.89297E+07  0.89343E+07  0.89389E+07  0.89435E+07  0.89481E+07  0.89528E+07
rxn00023
  0.00000E+00  0.20429E+10  0.19877E+10  0.19527E+10  0.19304E+10  0.19167E+10  0.19081E+10  0.19027E+10  0.18993E+10  0.18973E+10  0.18960E+10  0.18952E+10  0.18948E+10  0.18944E+10  0.18942E+10  0.18941E+10  0.18940E+10  0.18939E+10  0.18937E+10  0.18936E+10  0.18935E+10  0.18933E+10  0.18931E+10  0.18929E+10  0.18927E+10  0.18924E+10  0.18922E+10  0.18919E+10  0.18916E+10  0.18914E+10  0.18910E+10
rxn00024
  0.00000E+00  0.33068E+03  0.32269E+03  0.31761E+03  0.31440E+03  0.31245E+03  0.31124E+03  0.31053E+03  0.31012E+03  0.30992E+03  0.30983E+03  0.30983E+03  0.30987E+03  0.30995E+03  0.31005E+03  0.31015E+03  0.31027E+03  0.31039E+03  0.31051E+03  0.31063E+03  0.31075E+03  0.31087E+03  0.31099E+03  0.31111E+03  0.31123E+03  0.31135E+03  0.31146E+03  0.31158E+03  0.31170E+03  0.31181E+03  0.31192E+03
rxn00025
  0.00000E+00  0.12457E+05  0.11502E+05  0.10911E+05  0.10543E+05  0.10318E+05  0.10175E+05  0.10086E+05  0.10029E+05  0.99933E+04  0.99698E+04  0.99539E+04  0.99429E+04  0.99343E+04  0.99273E+04  0.99210E+04  0.99150E+04  0.99089E+04  0.99027E+04  0.98961E+04  0.98893E+04  0.98821E+04  0.98746E+04  0.98668E+04  0.98586E+04  0.98501E+04  0.98413E+04  0.98323E+04  0.98230E+04  0.98135E+04  0.98038E+04
rxn00026
  0.00000E+00  0.91482E+04  0.84468E+04  0.80128E+04  0.77424E+04  0.75772E+04  0.74727E+04  0.74071E+04  0.73650E+04  0.73390E+04  0.73218E+04  0.73101E+04  0.73020E+04  0.72957E+04  0.72906E+04  0.72860E+04  0.72815E+04  0.72771E+04  0.72725E+04  0.72677E+04  0.72627E+04  0.72574E+04  0.72519E+04  0.72461E+04  0.72401E+04  0.72339E+04  0.72275E+04  0.72208E+04  0.72140E+04  0.72070E+04  0.71999E+04
rxn00027
  0.00000E+00  0.46864E+03  0.68489E+03  0.81377E+03  0.89073E+03  0.93515E+03  0.96109E+03  0.97532E+03  0.98255E+03  0.98505E+03  0.98501E+03  0.98336E+03  0.98072E+03  0.97759E+03  0.97417E+03  0.97066E+03  0.96713E+03  0.96365E+03  0.96026E+03  0.95696E+03  0.95378E+03  0.95070E+03  0.94772E+03  0.94485E+03  0.94208E+03  0.93939E+03  0.93679E+03  0.93428E+03  0.93183E+03  0.92944E+03  0.92712E+03
rxn00028
  0.00000E+00  0.38154E+09  0.57474E+09  0.69650E+09  0.77214E+09  0.81717E+09  0.84422E+09  0.85961E+09  0.86793E+09  0.87143E+09  0.87232E+09  0.87156E+09  0.86978E+09  0.86749E+09  0.86491E+09  0.86222E+09  0.85951E+09  0.85686E+09  0.85428E+09  0.85180E+09  0.84944E+09  0.84717E+09  0.84502E+09  0.84296E+09  0.84101E+09  0.83913E+09  0.83735E+09  0.83565E+09  0.83401E+09  0.83243E+09  0.83093E+09
rxn00029
  0.00000E+00  0.61283E+07  0.58324E+07  0.56429E+07  0.55224E+07  0.54480E+07  0.54009E+07  0.53715E+07  0.53531E+07  0.53421E+07  0.53352E+07  0.53310E+07  0.53285E+07  0.53269E+07  0.53259E+07  0.53252E+07  0.53246E+07  0.53241E+07  0.53235E+07  0.53228E+07  0.53221E+07  0.53212E+07  0.53203E+07  0.53192E+07  0.53181E+07  0.53169E+07  0.53155E+07  0.53141E+07  0.53126E+07  0.53111E+07  0.53095E+07
rxn00030
  0.00000E+00  0.16860E+06  0.21840E+06  0.27471E+06  0.32442E+06  0.36549E+06  0.40007E+06  0.42950E+06  0.45517E+06  0.47753E+06  0.49759E+06  0.51570E+06  0.53211E+06  0.54721E+06  0.56111E+06  0.57399E+06  0.58598E+06  0.59716E+06  0.60763E+06  0.61746E+06  0.62671E+06  0.63544E+06  0.64370E+06  0.65153E+06  0.65895E+06  0.66605E+06  0.67278E+06  0.67921E+06  0.68538E+06  0.69132E+06  0.69698E+06
rxn00031
  0.00000E+00  0.94155E+05  0.22546E+06  0.33960E+06  0.42858E+06  0.49981E+06  0.56058E+06  0.61409E+06  0.66243E+06  0.70622E+06  0.74656E+06  0.78375E+06  0.81798E+06  0.84975E+06  0.87912E+06  0.90635E+06  0.93161E+06  0.95503E+06  0.97676E+06  0.99695E+06  0.10157E+07  0.10331E+07  0.10494E+07  0.10645E+07  0.10786E+07  0.10918E+07  0.11040E+07  0.11154E+07  0.11262E+07  0.11363E+07  0.11456E+07
rxn00032
  0.00000E+00  0.92469E+05  0.11943E+06  0.14994E+06  0.17684E+06  0.19905E+06  0.21773E+06  0.23362E+06  0.24747E+06  0.25952E+06  0.27032E+06  0.28005E+06  0.28884E+06  0.29692E+06  0.30434E+06  0.31119E+06  0.31755E+06  0.32347E+06  0.32899E+06  0.33416E+06  0.33900E+06  0.34356E+06  0.34786E+06  0.35192E+06  0.35575E+06  0.35940E+06  0.36285E+06  0.36612E+06  0.36926E+06  0.37226E+06  0.37512E+06
rxn00033
  0.00000E+00  0.10990E+06  0.21319E+06  0.32372E+06  0.42271E+06  0.50310E+06  0.56816E+06  0.62041E+06  0.66325E+06  0.69805E+06  0.72754E+06  0.75278E+06  0.77454E+06  0.79378E+06  0.81085E+06  0.82619E+06  0.84007E+06  0.85269E+06  0.86425E+06  0.87488E+06  0.88467E+06  0.89375E+06  0.90219E+06  0.91005E+06  0.91736E+06  0.92424E+06  0.93066E+06  0.93667E+06  0.94236E+06  0.94773E+06  0.95278E+06
rxn00034
  0.00000E+00  0.15568E+07  0.19080E+07  0.23131E+07  0.26664E+07  0.29582E+07  0.32057E+07  0.34192E+07  0.36078E+07  0.37741E+07  0.39244E+07  0.40609E+07  0.41849E+07  0.42989E+07  0.44036E+07  0.45003E+07  0.45898E+07  0.46727E+07  0.47498E+07  0.48216E+07  0.48885E+07  0.49510E+07  0.50097E+07  0.50646E+07  0.51161E+07  0.51648E+07  0.52104E+07  0.52534E+07  0.52942E+07  0.53329E+07  0.53694E+07
rxn00035
  0.00000E+00  0.26690E+03  0.27301E+03  0.30056E+03  0.32874E+03  0.35451E+03  0.37818E+03  0.40017E+03  0.42083E+03  0.44008E+03  0.45822E+03  0.47528E+03  0.49126E+03  0.50632E+03  0.52048E+03  0.53381E+03  0.54639E+03  0.55825E+03  0.56944E+03  0.58004E+03  0.59006E+03  0.59958E+03  0.60863E+03  0.61724E+03  0.62543E+03  0.63328E+03  0.64075E+03  0.64790E+03  0.65477E+03  0.66140E+03  0.66774E+03
rxn00036
  0.00000E+00  0.40775E+01  0.18093E+02  0.49585E+02  0.10214E+03  0.17569E+03  0.26778E+03  0.37607E+03  0.49819E+03  0.63212E+03  0.77606E+03  0.92856E+03  0.10883E+04  0.12543E+04  0.14255E+04  0.16011E+04  0.17805E+04  0.19629E+04  0.21479E+04  0.23349E+04  0.25234E+04  0.27131E+04  0.29037E+04  0.30948E+04  0.32861E+04  0.34776E+04  0.36686E+04  0.38591E+04  0.40492E+04  0.42389E+04  0.44273E+04
rxn00037
  0.00000E+00  0.33364E+01  0.93419E+01  0.19515E+02  0.33854E+02  0.51948E+02  0.73378E+02  0.97820E+02  0.12501E+03  0.15473E+03  0.18679E+03  0.22103E+03  0.25732E+03  0.29551E+03  0.33548E+03  0.37712E+03  0.42032E+03  0.46498E+03  0.51102E+03  0.55835E+03  0.60688E+03  0.65655E+03  0.70729E+03  0.75905E+03  0.81175E+03  0.86537E+03  0.91985E+03  0.97514E+03  0.10312E+04  0.10880E+04  0.11456E+04
rxn00038
  0.00000E+00  0.98375E+02  0.52508E+03  0.14026E+04  0.26341E+04  0.40638E+04  0.55882E+04  0.71399E+04  0.86889E+04  0.10197E+05  0.11668E+05  0.13091E+05  0.14455E+05  0.15768E+05  0.17022E+05  0.18218E+05  0.19358E+05  0.20440E+05  0.21467E+05  0.22441E+05  0.23362E+05  0.24234E+05  0.25059E+05  0.25839E+05  0.26575E+05  0.27273E+05  0.27929E+05  0.28546E+05  0.29133E+05  0.29689E+05  0.30210E+05
rxn00039
  0.00000E+00  0.35565E+04  0.10967E+05  0.20700E+05  0.30770E+05  0.40354E+05  0.49477E+05  0.58124E+05  0.66387E+05  0.74189E+05  0.81657E+05  0.88776E+05  0.95526E+05  0.10197E+06  0.10808E+06  0.11389E+06  0.11941E+06  0.12464E+06  0.12959E+06  0.13428E+06  0.13873E+06  0.14294E+06  0.14693E+06  0.15072E+06  0.15429E+06  0.15771E+06  0.16092E+06  0.16397E+06  0.16688E+06  0.16965E+06  0.17227E+06
rxn00040
  0.00000E+00  0.55998E+05  0.72319E+05  0.90784E+05  0.10706E+06  0.12050E+06  0.13180E+06  0.14141E+06  0.14978E+06  0.15706E+06  0.16359E+06  0.16947E+06  0.17478E+06  0.17966E+06  0.18415E+06  0.18829E+06  0.19214E+06  0.19572E+06  0.19906E+06  0.20218E+06  0.20511E+06  0.20787E+06  0.21048E+06  0.21294E+06  0.21526E+06  0.21747E+06  0.21957E+06  0.22156E+06  0.22346E+06  0.22529E+06  0.22703E+06
rxn00041
  0.00000E+00  0.17572E+04  0.10017E+05  0.22639E+05  0.35966E+05  0.48825E+05  0.61339E+05  0.73528E+05  0.85482E+05  0.97075E+05  0.10840E+06  0.11937E+06  0.12992E+06  0.14010E+06  0.14983E+06  0.15912E+06  0.16796E+06  0.17636E+06  0.18431E+06  0.19183E+06  0.19892E+06  0.20561E+06  0.21193E+06  0.21787E+06  0.22345E+06  0.22872E+06  0.23364E+06  0.23825E+06  0.24260E+06  0.24671E+06  0.25052E+06
rxn00042
  0.00000E+00  0.18505E+04  0.10549E+05  0.23841E+05  0.37875E+05  0.51416E+05  0.64594E+05  0.77430E+05  0.90018E+05  0.10223E+06  0.11415E+06  0.12570E+06  0.13682E+06  0.14753E+06  0.15778E+06  0.16756E+06  0.17688E+06  0.18572E+06  0.19409E+06  0.20201E+06  0.20948E+06  0.21653E+06  0.22318E+06  0.22943E+06  0.23530E+06  0.24086E+06  0.24604E+06  0.25089E+06  0.25548E+06  0.25980E+06  0.26382E+06
rxn00043
  0.00000E+00  0.22935E+07  0.82247E+07  0.14955E+08  0.20870E+08  0.25711E+08  0.29752E+08  0.33151E+08  0.36074E+08  0.38581E+08  0.40794E+08  0.42755E+08  0.44497E+08  0.46066E+08  0.47477E+08  0.48754E+08  0.49912E+08  0.50963E+08  0.51919E+08  0.52790E+08  0.53582E+08  0.54305E+08  0.54966E+08  0.55568E+08  0.56116E+08  0.56620E+08  0.57075E+08  0.57488E+08  0.57867E+08  0.58214E+08  0.58526E+08
rxn00044
  0.00000E+00  0.36366E+07  0.82392E+07  0.11961E+08  0.14735E+08  0.16922E+08  0.18790E+08  0.20450E+08  0.21964E+08  0.23348E+08  0.24630E+08  0.25817E+08  0.26910E+08  0.27925E+08  0.28861E+08  0.29725E+08  0.30524E+08  0.31260E+08  0.31939E+08  0.32565E+08  0.33141E+08  0.33673E+08  0.34163E+08  0.34615E+08  0.35030E+08  0.35415E+08  0.35767E+08  0.36090E+08  0.36389E+08  0.36666E+08  0.36917E+08
rxn00045
  0.00000E+00  0.13839E+04  0.31354E+04  0.45518E+04  0.56074E+04  0.64396E+04  0.71505E+04  0.77821E+04  0.83582E+04  0.88850E+04  0.93730E+04  0.98244E+04  0.10241E+05  0.10627E+05  0.10983E+05  0.11312E+05  0.11616E+05  0.11896E+05  0.12154E+05  0.12392E+05  0.12612E+05  0.12814E+05  0.13001E+05  0.13173E+05  0.13331E+05  0.13477E+05  0.13611E+05  0.13734E+05  0.13848E+05  0.13953E+05  0.14049E+05
rxn00046
  0.00000E+00  0.47197E+06  0.19505E+07  0.41500E+07  0.66084E+07  0.90576E+07  0.11386E+08  0.13558E+08  0.15576E+08  0.17431E+08  0.19150E+08  0.20739E+08  0.22202E+08  0.23560E+08  0.24813E+08  0.25972E+08  0.27044E+08  0.28034E+08  0.28948E+08  0.29793E+08  0.30573E+08  0.31293E+08  0.31959E+08  0.32574E+08  0.33140E+08  0.33666E+08  0.34147E+08  0.34590E+08  0.35001E+08  0.35382E+08  0.35728E+08
rxn00047
  0.00000E+00  0.28924E+07  0.34405E+07  0.36492E+07  0.37469E+07  0.37957E+07  0.38216E+07  0.38354E+07  0.38427E+07  0.38459E+07  0.38469E+07  0.38466E+07  0.38454E+07  0.38438E+07  0.38420E+07  0.38400E+07  0.38379E+07  0.38359E+07  0.38339E+07  0.38319E+07  0.38299E+07  0.38280E+07  0.38261E+07  0.38243E+07  0.38225E+07  0.38207E+07  0.38190E+07  0.38173E+07  0.38156E+07  0.38139E+07  0.38122E+07
rxn00048
  0.00000E+00  0.62653E+03  0.47085E+03  0.39872E+03  0.36141E+03  0.34128E+03  0.32972E+03  0.32323E+03  0.31964E+03  0.31796E+03  0.31731E+03  0.31731E+03  0.31771E+03  0.31832E+03  0.31906E+03  0.31985E+03  0.32065E+03  0.32144E+03  0.32220E+03  0.32293E+03  0.32362E+03  0.32427E+03  0.32488E+03  0.32545E+03  0.32598E+03  0.32649E+03  0.32695E+03  0.32738E+03  0.32779E+03  0.32817E+03  0.32852E+03
rxn00049
  0.00000E+00  0.12163E+07  0.91407E+06  0.77404E+06  0.70160E+06  0.66253E+06  0.64009E+06  0.62748E+06  0.62051E+06  0.61725E+06  0.61599E+06  0.61599E+06  0.61677E+06  0.61796E+06  0.61939E+06  0.62092E+06  0.62247E+06  0.62400E+06  0.62549E+06  0.62690E+06  0.62824E+06  0.62950E+06  0.63069E+06  0.63180E+06  0.63283E+06  0.63381E+06  0.63471E+06  0.63555E+06  0.63633E+06  0.63707E+06  0.63775E+06
rxn00050
  0.00000E+00  0.15262E-01  0.95725E-02  0.73611E-02  0.63310E-02  0.58112E-02  0.55267E-02  0.53750E-02  0.52974E-02  0.52679E-02  0.52640E-02  0.52765E-02  0.52991E-02  0.53270E-02  0.53581E-02  0.53906E-02  0.54235E-02  0.54562E-02  0.54883E-02  0.55197E-02  0.55501E-02  0.55795E-02  0.56080E-02  0.56355E-02  0.56621E-02  0.56878E-02  0.57127E-02  0.57367E-02  0.57601E-02  0.57828E-02  0.58048E-02
rxn00051
  0.00000E+00  0.75643E+03  0.14303E+04  0.18856E+04  0.22041E+04  0.24604E+04  0.26894E+04  0.29038E+04  0.31083E+04  0.33031E+04  0.34891E+04  0.36658E+04  0.38326E+04  0.39903E+04  0.41385E+04  0.42778E+04  0.44085E+04  0.45310E+04  0.46456E+04  0.47529E+04  0.48533E+04  0.49473E+04  0.50356E+04  0.51182E+04  0.51954E+04  0.52684E+04  0.53363E+04  0.54000E+04  0.54602E+04  0.55171E+04  0.55701E+04
rxn00052
  0.00000E+00  0.86286E+04  0.14413E+05  0.17699E+05  0.19697E+05  0.20937E+05  0.21759E+05  0.22318E+05  0.22719E+05  0.23010E+05  0.23240E+05  0.23427E+05  0.23583E+05  0.23721E+05  0.23845E+05  0.23957E+05  0.24060E+05  0.24156E+05  0.24246E+05  0.24330E+05  0.24409E+05  0.24483E+05  0.24552E+05  0.24618E+05  0.24679E+05  0.24736E+05  0.24790E+05  0.24840E+05  0.24887E+05  0.24932E+05  0.24973E+05
rxn00053
  0.00000E+00  0.20934E+06  0.34969E+06  0.42941E+06  0.47788E+06  0.50796E+06  0.52790E+06  0.54147E+06  0.55119E+06  0.55826E+06  0.56383E+06  0.56836E+06  0.57217E+06  0.57551E+06  0.57850E+06  0.58123E+06  0.58374E+06  0.58607E+06  0.58825E+06  0.59029E+06  0.59220E+06  0.59399E+06  0.59568E+06  0.59726E+06  0.59874E+06  0.60014E+06  0.60144E+06  0.60266E+06  0.60380E+06  0.60488E+06  0.60588E+06
rxn00054
  0.00000E+00  0.14979E+02  0.33791E+02  0.49435E+02  0.60599E+02  0.67750E+02  0.72212E+02  0.74789E+02  0.76174E+02  0.76726E+02  0.76822E+02  0.76628E+02  0.76255E+02  0.75793E+02  0.75280E+02  0.74749E+02  0.74217E+02  0.73693E+02  0.73184E+02  0.72693E+02  0.72221E+02  0.71769E+02  0.71334E+02  0.70918E+02  0.70519E+02  0.70134E+02  0.69765E+02  0.69410E+02  0.69067E+02  0.68735E+02  0.68415E+02
rxn00055
  0.00000E+00  0.82156E+06  0.10611E+07  0.13321E+07  0.15711E+07  0.17684E+07  0.19345E+07  0.20757E+07  0.21987E+07  0.23057E+07  0.24016E+07  0.24881E+07  0.25662E+07  0.26380E+07  0.27039E+07  0.27648E+07  0.28213E+07  0.28739E+07  0.29229E+07  0.29688E+07  0.30119E+07  0.30524E+07  0.30906E+07  0.31266E+07  0.31607E+07  0.31931E+07  0.32237E+07  0.32528E+07  0.32807E+07  0.33074E+07  0.33328E+07
rxn00056
  0.00000E+00  0.00000E+00  0.00000E+00  0.00000E+00  0.00000E+00  0.00000E+00  0.00000E+00  0.00000E+00  0.00000E+00  0.00000E+00  0.00000E+00  0.00000E+00  0.00000E+00  0.00000E+00  0.00000E+00  0.00000E+00  0.00000E+00  0.00000E+00  0.00000E+00  0.00000E+00  0.00000E+00  0.00000E+00  0.00000E+00  0.00000E+00  0.00000E+00  0.00000E+00  0.00000E+00  0.00000E+00  0.00000E+00  0.00000E+00  0.00000E+00
rxn00057
  0.00000E+00  0.30675E+06  0.39619E+06  0.49739E+06  0.58662E+06  0.66030E+06  0.72228E+06  0.77500E+06  0.82095E+06  0.86092E+06  0.89672E+06  0.92900E+06  0.95818E+06  0.98498E+06  0.10096E+07  0.10323E+07  0.10534E+07  0.10731E+07  0.10914E+07  0.11085E+07  0.11246E+07  0.11397E+07  0.11540E+07  0.11674E+07  0.11801E+07  0.11922E+07  0.12037E+07  0.12145E+07  0.12249E+07  0.12349E+07  0.12444E+07
rxn00058
  0.00000E+00  0.00000E+00  0.47651E-09  0.50714E-08  0.22900E-07  0.69305E-07  0.16160E-06  0.32140E-06  0.56934E-06  0.93978E-06  0.14527E-05  0.21409E-05  0.30426E-05  0.41789E-05  0.55910E-05  0.73081E-05  0.93609E-05  0.11785E-04  0.14610E-04  0.17865E-04  0.21585E-04  0.25786E-04  0.30491E-04  0.35734E-04  0.41550E-04  0.47909E-04  0.54917E-04  0.62566E-04  0.70830E-04  0.79712E-04  0.89351E-04
rxn00059
  0.00000E+00  0.68973E+01  0.47197E+02  0.13994E+03  0.28587E+03  0.47847E+03  0.71090E+03  0.97846E+03  0.12774E+04  0.16048E+04  0.19579E+04  0.23346E+04  0.27329E+04  0.31510E+04  0.35872E+04  0.40400E+04  0.45079E+04  0.49897E+04  0.54842E+04  0.59902E+04  0.65067E+04  0.70328E+04  0.75677E+04  0.81106E+04  0.86606E+04  0.92175E+04  0.97801E+04  0.10348E+05  0.10921E+05  0.11499E+05  0.12081E+05
rxn00060
  0.00000E+00  0.00000E+00  0.34288E-02  0.12587E-01  0.27589E-01  0.48071E-01  0.73833E-01  0.10483E+00  0.14110E+00  0.18276E+00  0.22982E+00  0.28239E+00  0.34053E+00  0.40420E+00  0.47344E+00  0.54820E+00  0.62844E+00  0.71413E+00  0.80518E+00  0.90153E+00  0.10031E+01  0.11098E+01  0.12216E+01  0.13383E+01  0.14600E+01  0.15864E+01  0.17176E+01  0.18537E+01  0.19942E+01  0.21392E+01  0.22889E+01
rxn00061
  0.00000E+00  0.16796E+06  0.21831E+06  0.27704E+06  0.33136E+06  0.37920E+06  0.42238E+06  0.46205E+06  0.49939E+06  0.53470E+06  0.56885E+06  0.60209E+06  0.63456E+06  0.66658E+06  0.69817E+06  0.72945E+06  0.76049E+06  0.79131E+06  0.82196E+06  0.85245E+06  0.88281E+06  0.91305E+06  0.94320E+06  0.97326E+06  0.10032E+07  0.10331E+07  0.10629E+07  0.10926E+07  0.11223E+07  0.11519E+07  0.11815E+07
rxn00062
  0.00000E+00  0.56314E+02  0.44881E+02  0.39783E+02  0.37417E+02  0.36445E+02  0.36193E+02  0.36388E+02  0.36859E+02  0.37528E+02  0.38317E+02  0.39192E+02  0.40134E+02  0.41120E+02  0.42141E+02  0.43190E+02  0.44260E+02  0.45348E+02  0.46450E+02  0.47563E+02  0.48687E+02  0.49818E+02  0.50957E+02  0.52102E+02  0.53252E+02  0.54406E+02  0.55564E+02  0.56724E+02  0.57887E+02  0.59053E+02  0.60219E+02
rxn00063
  0.00000E+00  0.10047E+03  0.32672E+03  0.69839E+03  0.11622E+04  0.16713E+04  0.22109E+04  0.27747E+04  0.33630E+04  0.39734E+04  0.46090E+04  0.52696E+04  0.59548E+04  0.66657E+04  0.74021E+04  0.81642E+04  0.89522E+04  0.97663E+04  0.10606E+05  0.11473E+05  0.12366E+05  0.13285E+05  0.14231E+05  0.15203E+05  0.16203E+05  0.17229E+05  0.18283E+05  0.19364E+05  0.20473E+05  0.21608E+05  0.22773E+05
rxn00064
  0.00000E+00  0.97629E-01  0.19467E+00  0.29065E+00  0.38032E+00  0.46553E+00  0.54904E+00  0.63328E+00  0.71936E+00  0.80822E+00  0.89974E+00  0.99411E+00  0.10915E+01  0.11917E+01  0.12948E+01  0.14009E+01  0.15100E+01  0.16220E+01  0.17371E+01  0.18552E+01  0.19764E+01  0.21008E+01  0.22282E+01  0.23587E+01  0.24926E+01  0.26295E+01  0.27698E+01  0.29136E+01  0.30604E+01  0.32103E+01  0.33640E+01
rxn00065
  0.00000E+00  0.12146E-03  0.21259E-02  0.14233E-01  0.55167E-01  0.15454E+00  0.34122E+00  0.64721E+00  0.10969E+01  0.17325E+01  0.25668E+01  0.36295E+01  0.49539E+01  0.65474E+01  0.84419E+01  0.10653E+02  0.13196E+02  0.16094E+02  0.19359E+02  0.23006E+02  0.27052E+02  0.31500E+02  0.36357E+02  0.41642E+02  0.47373E+02  0.53516E+02  0.60145E+02  0.67246E+02  0.74789E+02  0.82772E+02  0.91289E+02
rxn00066
  0.00000E+00  0.47547E-01  0.47399E+00  0.22121E+01  0.67961E+01  0.16284E+02  0.32477E+02  0.57331E+02  0.92254E+02  0.13978E+03  0.20054E+03  0.27623E+03  0.36873E+03  0.47835E+03  0.60687E+03  0.75507E+03  0.92379E+03  0.11141E+04  0.13268E+04  0.15625E+04  0.18221E+04  0.21055E+04  0.24133E+04  0.27463E+04  0.31054E+04  0.34885E+04  0.38999E+04  0.43385E+04  0.48027E+04  0.52920E+04  0.58119E+04
rxn00067
  0.00000E+00  0.38613E-04  0.23603E-03  0.76943E-03  0.18588E-02  0.37909E-02  0.67403E-02  0.10936E-01  0.16493E-01  0.23763E-01  0.32718E-01  0.43552E-01  0.56487E-01  0.71474E-01  0.88725E-01  0.10829E+00  0.13022E+00  0.15465E+00  0.18161E+00  0.21116E+00  0.24339E+00  0.27827E+00  0.31580E+00  0.35610E+00  0.39926E+00  0.44498E+00  0.49380E+00  0.54556E+00  0.60001E+00  0.65711E+00  0.71753E+00
rxn00068
  0.00000E+00  0.00000E+00  0.00000E+00  0.00000E+00  0.00000E+00  0.00000E+00  0.00000E+00  0.00000E+00  0.00000E+00  0.00000E+00  0.00000E+00  0.00000E+00  0.00000E+00  0.00000E+00  0.00000E+00  0.00000E+00  0.00000E+00  0.00000E+00  0.00000E+00  0.00000E+00  0.00000E+00  0.00000E+00  0.00000E+00  0.00000E+00  0.00000E+00  0.00000E+00  0.00000E+00  0.00000E+00  0.00000E+00  0.00000E+00  0.00000E+00
rxn00069
  0.00000E+00  0.00000E+00  0.00000E+00  0.00000E+00  0.00000E+00  0.00000E+00  0.00000E+00  0.00000E+00  0.00000E+00  0.00000E+00  0.00000E+00  0.00000E+00  0.00000E+00  0.00000E+00  0.00000E+00  0.00000E+00  0.00000E+00  0.00000E+00  0.00000E+00  0.00000E+00  0.00000E+00  0.00000E+00  0.00000E+00  0.00000E+00  0.00000E+00  0.00000E+00  0.00000E+00  0.00000E+00  0.00000E+00  0.00000E+00  0.00000E+00
rxn00070
  0.00000E+00  0.00000E+00  0.00000E+00  0.00000E+00  0.00000E+00  0.00000E+00  0.00000E+00  0.00000E+00  0.00000E+00  0.00000E+00  0.00000E+00  0.00000E+00  0.00000E+00  0.00000E+00  0.00000E+00  0.00000E+00  0.00000E+00  0.00000E+00  0.00000E+00  0.00000E+00  0.00000E+00  0.00000E+00  0.00000E+00  0.00000E+00  0.00000E+00  0.00000E+00  0.00000E+00  0.00000E+00  0.00000E+00  0.00000E+00  0.00000E+00
rxn00071
  0.00000E+00  0.00000E+00  0.00000E+00  0.00000E+00  0.00000E+00  0.00000E+00  0.00000E+00  0.00000E+00  0.00000E+00  0.00000E+00  0.00000E+00  0.00000E+00  0.00000E+00  0.00000E+00  0.00000E+00  0.00000E+00  0.00000E+00  0.00000E+00  0.00000E+00  0.00000E+00  0.00000E+00  0.00000E+00  0.00000E+00  0.00000E+00  0.00000E+00  0.00000E+00  0.00000E+00  0.00000E+00  0.00000E+00  0.00000E+00  0.00000E+00
rxn00072
  0.00000E+00  0.00000E+00  0.00000E+00  0.00000E+00  0.00000E+00  0.00000E+00  0.00000E+00  0.00000E+00  0.00000E+00  0.00000E+00  0.00000E+00  0.00000E+00  0.00000E+00  0.00000E+00  0.00000E+00  0.00000E+00  0.00000E+00  0.00000E+00  0.00000E+00  0.00000E+00  0.00000E+00  0.00000E+00  0.00000E+00  0.00000E+00  0.00000E+00  0.00000E+00  0.00000E+00  0.00000E+00  0.00000E+00  0.00000E+00  0.00000E+00
rxn00073
  0.00000E+00  0.00000E+00  0.00000E+00  0.00000E+00  0.00000E+00  0.00000E+00  0.00000E+00  0.00000E+00  0.00000E+00  0.00000E+00  0.00000E+00  0.00000E+00  0.00000E+00  0.00000E+00  0.00000E+00  0.00000E+00  0.00000E+00  0.00000E+00  0.00000E+00  0.00000E+00  0.00000E+00  0.00000E+00  0.00000E+00  0.00000E+00  0.00000E+00  0.00000E+00  0.00000E+00  0.00000E+00  0.00000E+00  0.00000E+00  0.00000E+00
rxn00074
  0.00000E+00  0.00000E+00  0.00000E+00  0.00000E+00  0.00000E+00  0.00000E+00  0.00000E+00  0.00000E+00  0.00000E+00  0.00000E+00  0.00000E+00  0.00000E+00  0.00000E+00  0.00000E+00  0.00000E+00  0.00000E+00  0.00000E+00  0.00000E+00  0.00000E+00  0.00000E+00  0.00000E+00  0.00000E+00  0.00000E+00  0.00000E+00  0.00000E+00  0.00000E+00  0.00000E+00  0.00000E+00  0.00000E+00  0.00000E+00  0.00000E+00
rxn00075
  0.00000E+00  0.00000E+00  0.00000E+00  0.00000E+00  0.00000E+00  0.00000E+00  0.00000E+00  0.00000E+00  0.00000E+00  0.00000E+00  0.00000E+00  0.00000E+00  0.00000E+00  0.00000E+00  0.00000E+00  0.00000E+00  0.00000E+00  0.00000E+00  0.00000E+00  0.00000E+00  0.00000E+00  0.00000E+00  0.00000E+00  0.00000E+00  0.00000E+00  0.00000E+00  0.00000E+00  0.00000E+00  0.00000E+00  0.00000E+00  0.00000E+00
rxn00076
  0.00000E+00  0.00000E+00  0.00000E+00  0.00000E+00  0.00000E+00  0.00000E+00  0.00000E+00  0.00000E+00  0.00000E+00  0.00000E+00  0.00000E+00  0.00000E+00  0.00000E+00  0.00000E+00  0.00000E+00  0.00000E+00  0.00000E+00  0.00000E+00  0.00000E+00  0.00000E+00  0.00000E+00  0.00000E+00  0.00000E+00  0.00000E+00  0.00000E+00  0.00000E+00  0.00000E+00  0.00000E+00  0.00000E+00  0.00000E+00  0.00000E+00
rxn00077
  0.00000E+00  0.00000E+00  0.00000E+00  0.00000E+00  0.00000E+00  0.00000E+00  0.00000E+00  0.00000E+00  0.00000E+00  0.00000E+00  0.00000E+00  0.00000E+00  0.00000E+00  0.00000E+00  0.00000E+00  0.00000E+00  0.00000E+00  0.00000E+00  0.00000E+00  0.00000E+00  0.00000E+00  0.00000E+00  0.00000E+00  0.00000E+00  0.00000E+00  0.00000E+00  0.00000E+00  0.00000E+00  0.00000E+00  0.00000E+00  0.00000E+00
rxn00078
  0.00000E+00  0.00000E+00  0.00000E+00  0.00000E+00  0.00000E+00  0.00000E+00  0.00000E+00  0.00000E+00  0.00000E+00  0.00000E+00  0.00000E+00  0.00000E+00  0.00000E+00  0.00000E+00  0.00000E+00  0.00000E+00  0.00000E+00  0.00000E+00  0.00000E+00  0.00000E+00  0.00000E+00  0.00000E+00  0.00000E+00  0.00000E+00  0.00000E+00  0.00000E+00  0.00000E+00  0.00000E+00  0.00000E+00  0.00000E+00  0.00000E+00
rxn00079
  0.00000E+00  0.00000E+00  0.00000E+00  0.00000E+00  0.00000E+00  0.00000E+00  0.00000E+00  0.00000E+00  0.00000E+00  0.00000E+00  0.00000E+00  0.00000E+00  0.00000E+00  0.00000E+00  0.00000E+00  0.00000E+00  0.00000E+00  0.00000E+00  0.00000E+00  0.00000E+00  0.00000E+00  0.00000E+00  0.00000E+00  0.00000E+00  0.00000E+00  0.00000E+00  0.00000E+00  0.00000E+00  0.00000E+00  0.00000E+00  0.00000E+00
rxn00080
  0.00000E+00  0.00000E+00  0.00000E+00  0.00000E+00  0.00000E+00  0.00000E+00  0.00000E+00  0.00000E+00  0.00000E+00  0.00000E+00  0.00000E+00  0.00000E+00  0.00000E+00  0.00000E+00  0.00000E+00  0.00000E+00  0.00000E+00  0.00000E+00  0.00000E+00  0.00000E+00  0.00000E+00  0.00000E+00  0.00000E+00  0.00000E+00  0.00000E+00  0.00000E+00  0.00000E+00  0.00000E+00  0.00000E+00  0.00000E+00  0.00000E+00
rxn00081
  0.00000E+00  0.00000E+00  0.00000E+00  0.00000E+00  0.00000E+00  0.00000E+00  0.00000E+00  0.00000E+00  0.00000E+00  0.00000E+00  0.00000E+00  0.00000E+00  0.00000E+00  0.00000E+00  0.00000E+00  0.00000E+00  0.00000E+00  0.00000E+00  0.00000E+00  0.00000E+00  0.00000E+00  0.00000E+00  0.00000E+00  0.00000E+00  0.00000E+00  0.00000E+00  0.00000E+00  0.00000E+00  0.00000E+00  0.00000E+00  0.00000E+00
rxn00082
  0.00000E+00  0.00000E+00  0.00000E+00  0.00000E+00  0.00000E+00  0.00000E+00  0.00000E+00  0.00000E+00  0.00000E+00  0.00000E+00  0.00000E+00  0.00000E+00  0.00000E+00  0.00000E+00  0.00000E+00  0.00000E+00  0.00000E+00  0.00000E+00  0.00000E+00  0.00000E+00  0.00000E+00  0.00000E+00  0.00000E+00  0.00000E+00  0.00000E+00  0.00000E+00  0.00000E+00  0.00000E+00  0.00000E+00  0.00000E+00  0.00000E+00
rxn00083
  0.00000E+00  0.00000E+00  0.00000E+00  0.00000E+00  0.00000E+00  0.00000E+00  0.00000E+00  0.00000E+00  0.00000E+00  0.00000E+00  0.00000E+00  0.00000E+00  0.00000E+00  0.00000E+00  0.00000E+00  0.00000E+00  0.00000E+00  0.00000E+00  0.00000E+00  0.00000E+00  0.00000E+00  0.00000E+00  0.00000E+00  0.00000E+00  0.00000E+00  0.00000E+00  0.00000E+00  0.00000E+00  0.00000E+00  0.00000E+00  0.00000E+00
rxn00084
  0.00000E+00  0.17831E+08  0.22987E+08  0.28791E+08  0.33862E+08  0.37994E+08  0.41416E+08  0.44273E+08  0.46713E+08  0.48783E+08  0.50591E+08  0.52177E+08  0.53567E+08  0.54803E+08  0.55898E+08  0.56871E+08  0.57739E+08  0.58510E+08  0.59196E+08  0.59804E+08  0.60342E+08  0.60817E+08  0.61236E+08  0.61603E+08  0.61920E+08  0.62197E+08  0.62431E+08  0.62627E+08  0.62792E+08  0.62927E+08  0.63032E+08
rxn00085
  0.00000E+00  0.29794E+07  0.29824E+07  0.29812E+07  0.29767E+07  0.29700E+07  0.29616E+07  0.29522E+07  0.29418E+07  0.29308E+07  0.29193E+07  0.29073E+07  0.28950E+07  0.28823E+07  0.28695E+07  0.28564E+07  0.28431E+07  0.28296E+07  0.28160E+07  0.28022E+07  0.27883E+07  0.27744E+07  0.27603E+07  0.27461E+07  0.27319E+07  0.27176E+07  0.27033E+07  0.26889E+07  0.26745E+07  0.26600E+07  0.26455E+07
rxn00086
  0.00000E+00  0.74511E+06  0.58898E+06  0.51528E+06  0.47654E+06  0.45511E+06  0.44229E+06  0.43455E+06  0.42970E+06  0.42671E+06  0.42471E+06  0.42330E+06  0.42224E+06  0.42134E+06  0.42050E+06  0.41967E+06  0.41881E+06  0.41790E+06  0.41692E+06  0.41587E+06  0.41475E+06  0.41357E+06  0.41232E+06  0.41101E+06  0.40964E+06  0.40822E+06  0.40674E+06  0.40522E+06  0.40365E+06  0.40205E+06  0.40041E+06
rxn00087
  0.00000E+00  0.18867E+04  0.93879E+04  0.26296E+05  0.53463E+05  0.90162E+05  0.13513E+06  0.18740E+06  0.24615E+06  0.31072E+06  0.38051E+06  0.45506E+06  0.53392E+06  0.61673E+06  0.70310E+06  0.79274E+06  0.88533E+06  0.98060E+06  0.10783E+07  0.11782E+07  0.12801E+07  0.13837E+07  0.14890E+07  0.15957E+07  0.17037E+07  0.18129E+07  0.19231E+07  0.20342E+07  0.21461E+07  0.22589E+07  0.23721E+07
rxn00088
  0.00000E+00  0.61394E+03  0.23721E+04  0.53028E+04  0.91531E+04  0.13726E+05  0.18819E+05  0.24336E+05  0.30190E+05  0.36355E+05  0.42760E+05  0.49381E+05  0.56197E+05  0.63171E+05  0.70293E+05  0.77541E+05  0.84900E+05  0.92357E+05  0.99899E+05  0.10752E+06  0.11520E+06  0.12293E+06  0.13071E+06  0.13854E+06  0.14639E+06  0.15427E+06  0.16217E+06  0.17009E+06  0.17802E+06  0.18596E+06  0.19390E+06
rxn00089
  0.00000E+00  0.39491E+00  0.12049E+01  0.23574E+01  0.37688E+01  0.54099E+01  0.72284E+01  0.92136E+01  0.11342E+02  0.13614E+02  0.16001E+02  0.18492E+02  0.21082E+02  0.23751E+02  0.26494E+02  0.29302E+02  0.32167E+02  0.35082E+02  0.38041E+02  0.41040E+02  0.44072E+02  0.47133E+02  0.50220E+02  0.53329E+02  0.56458E+02  0.59602E+02  0.62760E+02  0.65929E+02  0.69107E+02  0.72292E+02  0.75482E+02
rxn00090
  0.00000E+00  0.64823E+07  0.15965E+08  0.23953E+08  0.30038E+08  0.34594E+08  0.38197E+08  0.41124E+08  0.43586E+08  0.45663E+08  0.47474E+08  0.49058E+08  0.50445E+08  0.51678E+08  0.52769E+08  0.53738E+08  0.54601E+08  0.55366E+08  0.56046E+08  0.56648E+08  0.57179E+08  0.57648E+08  0.58060E+08  0.58420E+08  0.58732E+08  0.59003E+08  0.59231E+08  0.59422E+08  0.59582E+08  0.59713E+08  0.59814E+08
rxn00091
  0.00000E+00  0.28812E+06  0.57451E+06  0.62806E+06  0.57785E+06  0.51818E+06  0.47493E+06  0.44787E+06  0.43127E+06  0.42150E+06  0.41518E+06  0.41098E+06  0.40808E+06  0.40587E+06  0.40409E+06  0.40254E+06  0.40113E+06  0.39977E+06  0.39843E+06  0.39708E+06  0.39571E+06  0.39430E+06  0.39286E+06  0.39139E+06  0.38988E+06  0.38833E+06  0.38675E+06  0.38513E+06  0.38349E+06  0.38182E+06  0.38013E+06
rxn00092
  0.00000E+00  0.14402E+03  0.15153E+04  0.60961E+04  0.15288E+05  0.29412E+05  0.47803E+05  0.69982E+05  0.95375E+05  0.12387E+06  0.15485E+06  0.18822E+06  0.22382E+06  0.26127E+06  0.30056E+06  0.34146E+06  0.38381E+06  0.42751E+06  0.47242E+06  0.51841E+06  0.56542E+06  0.61330E+06  0.66196E+06  0.71135E+06  0.76142E+06  0.81201E+06  0.86320E+06  0.91485E+06  0.96687E+06  0.10192E+07  0.10720E+07
rxn00093
  0.00000E+00  0.49100E+05  0.19222E+06  0.35847E+06  0.51176E+06  0.64944E+06  0.77852E+06  0.90173E+06  0.10211E+07  0.11359E+07  0.12471E+07  0.13541E+07  0.14562E+07  0.15538E+07  0.16463E+07  0.17339E+07  0.18165E+07  0.18941E+07  0.19669E+07  0.20350E+07  0.20985E+07  0.21578E+07  0.22131E+07  0.22645E+07  0.23120E+07  0.23563E+07  0.23971E+07  0.24346E+07  0.24694E+07  0.25018E+07  0.25312E+07
rxn00094
  0.00000E+00  0.21824E+04  0.69174E+04  0.93994E+04  0.98448E+04  0.97279E+04  0.96799E+04  0.98207E+04  0.10103E+05  0.10485E+05  0.10906E+05  0.11344E+05  0.11780E+05  0.12203E+05  0.12607E+05  0.12988E+05  0.13345E+05  0.13676E+05  0.13983E+05  0.14265E+05  0.14523E+05  0.14759E+05  0.14975E+05  0.15171E+05  0.15348E+05  0.15508E+05  0.15652E+05  0.15779E+05  0.15894E+05  0.15997E+05  0.16086E+05
rxn00095
  0.00000E+00  0.10909E+01  0.18245E+02  0.91233E+02  0.26046E+03  0.55216E+03  0.97430E+03  0.15345E+04  0.22343E+04  0.30812E+04  0.40678E+04  0.51950E+04  0.64606E+04  0.78554E+04  0.93770E+04  0.11017E+05  0.12769E+05  0.14625E+05  0.16579E+05  0.18623E+05  0.20752E+05  0.22957E+05  0.25232E+05  0.27573E+05  0.29974E+05  0.32429E+05  0.34934E+05  0.37483E+05  0.40073E+05  0.42701E+05  0.45363E+05
rxn00096
  0.00000E+00  0.11721E-01  0.11457E+00  0.40358E+00  0.91710E+00  0.16703E+01  0.26644E+01  0.39076E+01  0.54013E+01  0.71637E+01  0.91872E+01  0.11480E+02  0.14052E+02  0.16892E+02  0.20009E+02  0.23400E+02  0.27061E+02  0.30994E+02  0.35193E+02  0.39657E+02  0.44384E+02  0.49365E+02  0.54597E+02  0.60078E+02  0.65809E+02  0.71769E+02  0.77982E+02  0.84434E+02  0.91111E+02  0.98005E+02  0.10515E+03
rxn00097
  0.00000E+00  0.55726E-08  0.36814E-06  0.38336E-05  0.18291E-04  0.58569E-04  0.14246E-03  0.29315E-03  0.53266E-03  0.90000E-03  0.14160E-02  0.21176E-02  0.30488E-02  0.42314E-02  0.57135E-02  0.75277E-02  0.97085E-02  0.12297E-01  0.15328E-01  0.18835E-01  0.22857E-01  0.27413E-01  0.32530E-01  0.38247E-01  0.44607E-01  0.51571E-01  0.59269E-01  0.67691E-01  0.76803E-01  0.86606E-01  0.97274E-01
rxn00098
  0.00000E+00  0.15913E+01  0.17097E+02  0.66540E+02  0.16253E+03  0.31064E+03  0.51095E+03  0.76465E+03  0.10712E+04  0.14334E+04  0.18487E+04  0.23176E+04  0.28404E+04  0.34141E+04  0.40388E+04  0.47122E+04  0.54326E+04  0.61984E+04  0.70075E+04  0.78578E+04  0.87476E+04  0.96744E+04  0.10636E+05  0.11631E+05  0.12658E+05  0.13714E+05  0.14799E+05  0.15911E+05  0.17047E+05  0.18207E+05  0.19390E+05
rxn00099
  0.00000E+00  0.10583E+02  0.72416E+02  0.21472E+03  0.43863E+03  0.73418E+03  0.10909E+04  0.15015E+04  0.19604E+04  0.24630E+04  0.30051E+04  0.35837E+04  0.41955E+04  0.48377E+04  0.55079E+04  0.62038E+04  0.69231E+04  0.76639E+04  0.84243E+04  0.92027E+04  0.99974E+04  0.10807E+05  0.11631E+05  0.12467E+05  0.13314E+05  0.14172E+05  0.15039E+05  0.15915E+05  0.16799E+05  0.17690E+05  0.18588E+05
rxn00100
  0.00000E+00  0.49962E+06  0.45711E+06  0.43666E+06  0.42990E+06  0.43257E+06  0.44143E+06  0.45495E+06  0.47199E+06  0.49197E+06  0.51423E+06  0.53851E+06  0.56453E+06  0.59205E+06  0.62096E+06  0.65107E+06  0.68227E+06  0.71448E+06  0.74759E+06  0.78151E+06  0.81620E+06  0.85157E+06  0.88755E+06  0.92409E+06  0.96117E+06  0.99870E+06  0.10367E+07  0.10751E+07  0.11138E+07  0.11528E+07  0.11922E+07
rxn00101
  0.00000E+00  0.52959E+03  0.10480E+04  0.15327E+04  0.20028E+04  0.24706E+04  0.29449E+04  0.34318E+04  0.39349E+04  0.44600E+04  0.50077E+04  0.55811E+04  0.61838E+04  0.68152E+04  0.74786E+04  0.81746E+04  0.89043E+04  0.96695E+04  0.10471E+05  0.11309E+05  0.12186E+05  0.13101E+05  0.14054E+05  0.15047E+05  0.16082E+05  0.17153E+05  0.18269E+05  0.19428E+05  0.20626E+05  0.21863E+05  0.23148E+05
rxn00102
  0.00000E+00  0.23195E+06  0.49108E+06  0.64779E+06  0.75739E+06  0.84501E+06  0.91964E+06  0.98452E+06  0.10425E+07  0.10949E+07  0.11435E+07  0.11891E+07  0.12321E+07  0.12733E+07  0.13128E+07  0.13510E+07  0.13880E+07  0.14240E+07  0.14591E+07  0.14934E+07  0.15270E+07  0.15599E+07  0.15923E+07  0.16242E+07  0.16555E+07  0.16865E+07  0.17170E+07  0.17472E+07  0.17770E+07  0.18066E+07  0.18358E+07
rxn00103
  0.00000E+00  0.16518E+00  0.25201E+01  0.10506E+02  0.26325E+02  0.50749E+02  0.82916E+02  0.12229E+03  0.16812E+03  0.22072E+03  0.27913E+03  0.34334E+03  0.41339E+03  0.48856E+03  0.56895E+03  0.65419E+03  0.74401E+03  0.83824E+03  0.93660E+03  0.10388E+04  0.11448E+04  0.12541E+04  0.13666E+04  0.14821E+04  0.16005E+04  0.17212E+04  0.18448E+04  0.19707E+04  0.20985E+04  0.22281E+04  0.23600E+04
rxn00104
  0.00000E+00  0.92684E+00  0.17200E+02  0.82921E+02  0.22487E+03  0.45195E+03  0.75616E+03  0.11332E+04  0.15760E+04  0.20875E+04  0.26578E+04  0.32875E+04  0.39766E+04  0.47174E+04  0.55119E+04  0.63556E+04  0.72459E+04  0.81813E+04  0.91588E+04  0.10176E+05  0.11231E+05  0.12321E+05  0.13443E+05  0.14596E+05  0.15779E+05  0.16986E+05  0.18223E+05  0.19483E+05  0.20764E+05  0.22063E+05  0.23387E+05
rxn00105
  0.00000E+00  0.10088E+06  0.14609E+06  0.17479E+06  0.19494E+06  0.21042E+06  0.22377E+06  0.23611E+06  0.24818E+06  0.26026E+06  0.27267E+06  0.28552E+06  0.29885E+06  0.31268E+06  0.32704E+06  0.34187E+06  0.35717E+06  0.37292E+06  0.38907E+06  0.40559E+06  0.42248E+06  0.43968E+06  0.45717E+06  0.47493E+06  0.49295E+06  0.51117E+06  0.52962E+06  0.54826E+06  0.56706E+06  0.58598E+06  0.60510E+06
rxn00106
  0.00000E+00  0.12428E-04  0.47752E-03  0.47347E-02  0.23586E-01  0.78939E-01  0.19586E+00  0.40404E+00  0.72615E+00  0.12051E+01  0.18507E+01  0.26935E+01  0.37680E+01  0.50769E+01  0.66565E+01  0.85196E+01  0.10682E+02  0.13167E+02  0.15987E+02  0.19156E+02  0.22694E+02  0.26600E+02  0.30883E+02  0.35561E+02  0.40658E+02  0.46126E+02  0.52062E+02  0.58438E+02  0.65221E+02  0.72397E+02  0.80095E+02
rxn00107
  0.00000E+00  0.12274E+01  0.21269E+02  0.96614E+02  0.24945E+03  0.48060E+03  0.77643E+03  0.11285E+04  0.15282E+04  0.19741E+04  0.24575E+04  0.29772E+04  0.35312E+04  0.41139E+04  0.47253E+04  0.53619E+04  0.60216E+04  0.67029E+04  0.74037E+04  0.81223E+04  0.88575E+04  0.96074E+04  0.10371E+05  0.11146E+05  0.11934E+05  0.12730E+05  0.13538E+05  0.14354E+05  0.15178E+05  0.16007E+05  0.16845E+05
rxn00108
  0.00000E+00  0.75244E+06  0.17780E+07  0.25342E+07  0.30418E+07  0.33962E+07  0.36735E+07  0.39021E+07  0.40986E+07  0.42685E+07  0.44197E+07  0.45547E+07  0.46757E+07  0.47854E+07  0.48849E+07  0.49756E+07  0.50584E+07  0.51342E+07  0.52038E+07  0.52677E+07  0.53265E+07  0.53808E+07  0.54309E+07  0.54773E+07  0.55201E+07  0.55600E+07  0.55967E+07  0.56308E+07  0.56626E+07  0.56923E+07  0.57198E+07
rxn00109
  0.00000E+00  0.25294E+02  0.28236E+02  0.27004E+02  0.26447E+02  0.26735E+02  0.27485E+02  0.28513E+02  0.29701E+02  0.30993E+02  0.32337E+02  0.33707E+02  0.35088E+02  0.36467E+02  0.37836E+02  0.39193E+02  0.40534E+02  0.41858E+02  0.43165E+02  0.44455E+02  0.45728E+02  0.46987E+02  0.48231E+02  0.49461E+02  0.50678E+02  0.51885E+02  0.53079E+02  0.54263E+02  0.55439E+02  0.56608E+02  0.57768E+02
rxn00110
  0.00000E+00  0.35236E-04  0.28345E-03  0.85675E-03  0.17981E-02  0.31408E-02  0.48474E-02  0.69279E-02  0.93691E-02  0.12222E-01  0.15441E-01  0.19039E-01  0.23029E-01  0.27371E-01  0.32076E-01  0.37125E-01  0.42502E-01  0.48200E-01  0.54202E-01  0.60493E-01  0.67064E-01  0.73894E-01  0.80972E-01  0.88287E-01  0.95835E-01  0.10358E+00  0.11156E+00  0.11972E+00  0.12807E+00  0.13657E+00  0.14527E+00
rxn00111
  0.00000E+00  0.45243E-03  0.44270E-02  0.15474E-01  0.35149E-01  0.64008E-01  0.10116E+00  0.14690E+00  0.20098E+00  0.26451E+00  0.33645E+00  0.41717E+00  0.50693E+00  0.60479E+00  0.71111E+00  0.82535E+00  0.94722E+00  0.10765E+01  0.12129E+01  0.13560E+01  0.15056E+01  0.16613E+01  0.18227E+01  0.19897E+01  0.21621E+01  0.23393E+01  0.25217E+01  0.27087E+01  0.28998E+01  0.30947E+01  0.32943E+01
rxn00112
  0.00000E+00  0.17184E+02  0.13121E+02  0.11382E+02  0.10633E+02  0.10399E+02  0.10447E+02  0.10682E+02  0.11044E+02  0.11508E+02  0.12045E+02  0.12643E+02  0.13294E+02  0.13989E+02  0.14723E+02  0.15493E+02  0.16294E+02  0.17124E+02  0.17980E+02  0.18860E+02  0.19764E+02  0.20688E+02  0.21631E+02  0.22593E+02  0.23572E+02  0.24566E+02  0.25575E+02  0.26598E+02  0.27635E+02  0.28682E+02  0.29744E+02
rxn00113
  0.00000E+00  0.29120E-08  0.58995E-07  0.42410E-06  0.17696E-05  0.53664E-05  0.12577E-04  0.25142E-04  0.44450E-04  0.73295E-04  0.11245E-03  0.16406E-03  0.23056E-03  0.31242E-03  0.41221E-03  0.53106E-03  0.67030E-03  0.83165E-03  0.10163E-02  0.12253E-02  0.14603E-02  0.17216E-02  0.20100E-02  0.23269E-02  0.26742E-02  0.30490E-02  0.34581E-02  0.38997E-02  0.43720E-02  0.48743E-02  0.54155E-02
rxn00114
  0.00000E+00  0.95863E-03  0.87589E-02  0.28846E-01  0.62385E-01  0.10891E+00  0.16620E+00  0.23408E+00  0.31181E+00  0.40022E+00  0.49775E+00  0.60447E+00  0.72024E+00  0.84387E+00  0.97540E+00  0.11141E+01  0.12595E+01  0.14112E+01  0.15687E+01  0.17317E+01  0.18998E+01  0.20726E+01  0.22498E+01  0.24311E+01  0.26164E+01  0.28051E+01  0.29974E+01  0.31929E+01  0.33914E+01  0.35924E+01  0.37966E+01
rxn00115
  0.00000E+00  0.36730E+03  0.45762E+03  0.47290E+03  0.47545E+03  0.48099E+03  0.49145E+03  0.50587E+03  0.52268E+03  0.54087E+03  0.55947E+03  0.57798E+03  0.59605E+03  0.61351E+03  0.63022E+03  0.64614E+03  0.66126E+03  0.67558E+03  0.68913E+03  0.70195E+03  0.71405E+03  0.72552E+03  0.73638E+03  0.74666E+03  0.75640E+03  0.76569E+03  0.77447E+03  0.78282E+03  0.79079E+03  0.79844E+03  0.80569E+03
rxn00116
  0.00000E+00  0.35557E+03  0.11967E+04  0.19620E+04  0.26115E+04  0.32105E+04  0.37934E+04  0.43690E+04  0.49428E+04  0.55120E+04  0.60792E+04  0.66421E+04  0.71979E+04  0.77477E+04  0.82891E+04  0.88217E+04  0.93453E+04  0.98591E+04  0.10363E+05  0.10857E+05  0.11342E+05  0.11817E+05  0.12283E+05  0.12741E+05  0.13189E+05  0.13631E+05  0.14063E+05  0.14487E+05  0.14906E+05  0.15318E+05  0.15723E+05
rxn00117
  0.00000E+00  0.30470E-03  0.73896E-02  0.38291E-01  0.10922E+00  0.23201E+00  0.41155E+00  0.65301E+00  0.95914E+00  0.13371E+01  0.17856E+01  0.23078E+01  0.29060E+01  0.35772E+01  0.43227E+01  0.51402E+01  0.60278E+01  0.69836E+01  0.80047E+01  0.90883E+01  0.10232E+02  0.11432E+02  0.12685E+02  0.13990E+02  0.15343E+02  0.16740E+02  0.18181E+02  0.19663E+02  0.21181E+02  0.22734E+02  0.24322E+02
rxn00118
  0.00000E+00  0.70204E-02  0.20710E+00  0.12410E+01  0.38311E+01  0.84846E+01  0.15412E+02  0.24847E+02  0.36921E+02  0.51926E+02  0.69818E+02  0.90739E+02  0.11479E+03  0.14184E+03  0.17196E+03  0.20506E+03  0.24106E+03  0.27989E+03  0.32143E+03  0.36556E+03  0.41220E+03  0.46118E+03  0.51240E+03  0.56575E+03  0.62114E+03  0.67837E+03  0.73747E+03  0.79826E+03  0.86060E+03  0.92438E+03  0.98969E+03
rxn00119
  0.00000E+00  0.15679E+03  0.36092E+03  0.53674E+03  0.68146E+03  0.81055E+03  0.93583E+03  0.10623E+04  0.11930E+04  0.13284E+04  0.14697E+04  0.16170E+04  0.17701E+04  0.19290E+04  0.20935E+04  0.22633E+04  0.24382E+04  0.26177E+04  0.28017E+04  0.29897E+04  0.31816E+04  0.33770E+04  0.35757E+04  0.37773E+04  0.39817E+04  0.41888E+04  0.43980E+04  0.46091E+04  0.48225E+04  0.50375E+04  0.52542E+04
rxn00120
  0.00000E+00  0.66450E-07  0.40585E-05  0.50018E-04  0.28365E-03  0.10461E-02  0.28178E-02  0.62538E-02  0.12008E-01  0.21160E-01  0.34317E-01  0.52479E-01  0.76776E-01  0.10775E+00  0.14659E+00  0.19404E+00  0.25086E+00  0.31797E+00  0.39605E+00  0.48577E+00  0.58793E+00  0.70284E+00  0.83095E+00  0.97300E+00  0.11298E+01  0.13003E+01  0.14873E+01  0.16901E+01  0.19081E+01  0.21411E+01  0.23926E+01
rxn00121
  0.00000E+00  0.92970E-02  0.25609E+00  0.14459E+01  0.42498E+01  0.90225E+01  0.15825E+02  0.24745E+02  0.35800E+02  0.49104E+02  0.64557E+02  0.82175E+02  0.10193E+03  0.12369E+03  0.14742E+03  0.17300E+03  0.20033E+03  0.22931E+03  0.25983E+03  0.29179E+03  0.32508E+03  0.35962E+03  0.39530E+03  0.43204E+03  0.46977E+03  0.50840E+03  0.54788E+03  0.58811E+03  0.62906E+03  0.67065E+03  0.71287E+03
rxn00122
  0.00000E+00  0.56993E+04  0.21408E+05  0.37926E+05  0.51823E+05  0.63758E+05  0.74872E+05  0.85562E+05  0.96017E+05  0.10618E+06  0.11610E+06  0.12572E+06  0.13497E+06  0.14388E+06  0.15240E+06  0.16054E+06  0.16829E+06  0.17565E+06  0.18263E+06  0.18924E+06  0.19549E+06  0.20141E+06  0.20701E+06  0.21231E+06  0.21730E+06  0.22204E+06  0.22650E+06  0.23070E+06  0.23469E+06  0.23849E+06  0.24205E+06
rxn00123
  0.00000E+00  0.00000E+00  0.78920E+03  0.13897E+04  0.17938E+04  0.21212E+04  0.24196E+04  0.27118E+04  0.30038E+04  0.32972E+04  0.35904E+04  0.38834E+04  0.41742E+04  0.44615E+04  0.47451E+04  0.50238E+04  0.52975E+04  0.55659E+04  0.58287E+04  0.60860E+04  0.63377E+04  0.65841E+04  0.68253E+04  0.70616E+04  0.72930E+04  0.75197E+04  0.77422E+04  0.79599E+04  0.81736E+04  0.83839E+04  0.85907E+04
rxn00124
  0.00000E+00  0.00000E+00  0.13173E-02  0.73261E-02  0.20254E-01  0.41374E-01  0.70843E-01  0.10938E+00  0.15728E+00  0.21581E+00  0.28456E+00  0.36406E+00  0.45469E+00  0.55577E+00  0.66762E+00  0.78977E+00  0.92186E+00  0.10636E+01  0.12146E+01  0.13743E+01  0.15424E+01  0.17183E+01  0.19015E+01  0.20917E+01  0.22885E+01  0.24911E+01  0.27000E+01  0.29141E+01  0.31329E+01  0.33561E+01  0.35844E+01
rxn00125
  0.00000E+00  0.00000E+00  0.32198E+00  0.20676E+01  0.61799E+01  0.13154E+02  0.23059E+02  0.36171E+02  0.52616E+02  0.72837E+02  0.96693E+02  0.12440E+03  0.15610E+03  0.19153E+03  0.23085E+03  0.27387E+03  0.32048E+03  0.37059E+03  0.42403E+03  0.48065E+03  0.54031E+03  0.60281E+03  0.66797E+03  0.73570E+03  0.80589E+03  0.87816E+03  0.95279E+03  0.10293E+04  0.11076E+04  0.11876E+04  0.12694E+04
rxn00126
  0.00000E+00  0.00000E+00  0.41167E+03  0.65818E+03  0.81032E+03  0.92702E+03  0.10333E+04  0.11414E+04  0.12549E+04  0.13754E+04  0.15024E+04  0.16363E+04  0.17765E+04  0.19224E+04  0.20739E+04  0.22304E+04  0.23915E+04  0.25569E+04  0.27263E+04  0.28992E+04  0.30754E+04  0.32545E+04  0.34363E+04  0.36207E+04  0.38073E+04  0.39956E+04  0.41862E+04  0.43780E+04  0.45712E+04  0.47656E+04  0.49616E+04
rxn00127
  0.00000E+00  0.00000E+00  0.21904E-05  0.28972E-04  0.15925E-03  0.56477E-03  0.14685E-02  0.31713E-02  0.59614E-02  0.10340E-01  0.16557E-01  0.25064E-01  0.36369E-01  0.50682E-01  0.68545E-01  0.90258E-01  0.11615E+00  0.14662E+00  0.18194E+00  0.22240E+00  0.26833E+00  0.31983E+00  0.37709E+00  0.44043E+00  0.51019E+00  0.58582E+00  0.66866E+00  0.75833E+00  0.85445E+00  0.95693E+00  0.10675E+01
rxn00128
  0.00000E+00  0.00000E+00  0.68235E-01  0.41348E+00  0.11780E+01  0.24048E+01  0.40716E+01  0.61949E+01  0.87745E+01  0.11846E+02  0.15377E+02  0.19375E+02  0.23838E+02  0.28723E+02  0.34031E+02  0.39728E+02  0.45792E+02  0.52201E+02  0.58928E+02  0.65949E+02  0.73244E+02  0.80788E+02  0.88560E+02  0.96545E+02  0.10473E+03  0.11307E+03  0.12160E+03  0.13027E+03  0.13906E+03  0.14797E+03  0.15701E+03
rxn00129
  0.00000E+00  0.00000E+00  0.41744E+05  0.82559E+05  0.11292E+06  0.13663E+06  0.15727E+06  0.17670E+06  0.19554E+06  0.21389E+06  0.23175E+06  0.24906E+06  0.26568E+06  0.28156E+06  0.29667E+06  0.31098E+06  0.32447E+06  0.33716E+06  0.34904E+06  0.36016E+06  0.37054E+06  0.38020E+06  0.38921E+06  0.39758E+06  0.40533E+06  0.41254E+06  0.41920E+06  0.42533E+06  0.43100E+06  0.43626E+06  0.44110E+06
rxn00130
  0.00000E+00  0.00000E+00  0.25530E+04  0.37359E+04  0.38080E+04  0.36293E+04  0.34925E+04  0.34516E+04  0.34787E+04  0.35550E+04  0.36521E+04  0.37610E+04  0.38745E+04  0.39859E+04  0.40939E+04  0.41962E+04  0.42919E+04  0.43807E+04  0.44624E+04  0.45371E+04  0.46051E+04  0.46665E+04  0.47219E+04  0.47716E+04  0.48160E+04  0.48552E+04  0.48901E+04  0.49202E+04  0.49463E+04  0.49689E+04  0.49882E+04
rxn00131
  0.00000E+00  0.00000E+00  0.68626E+01  0.36829E+02  0.10190E+03  0.20771E+03  0.35374E+03  0.54202E+03  0.77249E+03  0.10483E+04  0.13661E+04  0.17267E+04  0.21293E+04  0.25701E+04  0.30489E+04  0.35625E+04  0.41087E+04  0.46853E+04  0.52899E+04  0.59200E+04  0.65738E+04  0.72486E+04  0.79427E+04  0.86546E+04  0.93827E+04  0.10124E+05  0.10880E+05  0.11646E+05  0.12422E+05  0.13206E+05  0.14000E+05
rxn00132
  0.00000E+00  0.00000E+00  0.76572E+04  0.14578E+05  0.19342E+05  0.22919E+05  0.26009E+05  0.28944E+05  0.31814E+05  0.34641E+05  0.37406E+05  0.40102E+05  0.42708E+05  0.45212E+05  0.47609E+05  0.49892E+05  0.52060E+05  0.54114E+05  0.56054E+05  0.57885E+05  0.59609E+05  0.61232E+05  0.62761E+05  0.64199E+05  0.65550E+05  0.66821E+05  0.68016E+05  0.69134E+05  0.70186E+05  0.71180E+05  0.72114E+05
