================================================================================
 case1                                                                                               
 Short sim name = case1           
================================================================================
    t-t0    NO            NO2           O3            OH            HO2           CO            H2O2          HNO3          HCHO          C5H8          MACR          MVK     
     0.0  0.100000E+00  0.100000E+01  0.400000E+02  0.000000E+00  0.000000E+00  0.100000E+03  0.100000E+01  0.000000E+00  0.500000E+00  0.100000E+01  0.000000E+00  0.000000E+00
    10.0  0.169807E+00  0.929697E+00  0.400684E+02  0.238442E+07  0.278945E+08  0.100000E+03  0.999889E+00  0.211132E-03  0.499932E+00  0.997293E+00  0.247768E-03  0.153863E-03
    20.0  0.222101E+00  0.876620E+00  0.401208E+02  0.282400E+07  0.601044E+08  0.100000E+03  0.999774E+00  0.445646E-03  0.500851E+00  0.994117E+00  0.971636E-03  0.652657E-03
    30.0  0.260515E+00  0.837116E+00  0.401614E+02  0.339555E+07  0.943483E+08  0.999999E+02  0.999655E+00  0.712972E-03  0.502864E+00  0.990343E+00  0.222073E-02  0.153219E-02
    40.0  0.288174E+00  0.808127E+00  0.401932E+02  0.401799E+07  0.127630E+09  0.999997E+02  0.999534E+00  0.102014E-02  0.505898E+00  0.985872E+00  0.395725E-02  0.276543E-02
    50.0  0.307763E+00  0.787038E+00  0.402189E+02  0.463398E+07  0.158538E+09  0.999993E+02  0.999414E+00  0.136735E-02  0.509825E+00  0.980711E+00  0.611572E-02  0.430535E-02
    60.0  0.321007E+00  0.772174E+00  0.402401E+02  0.520865E+07  0.186589E+09  0.999989E+02  0.999295E+00  0.175474E-02  0.514571E+00  0.974871E+00  0.865930E-02  0.612580E-02
    70.0  0.329815E+00  0.761667E+00  0.402584E+02  0.573426E+07  0.212113E+09  0.999984E+02  0.999179E+00  0.217683E-02  0.519986E+00  0.968461E+00  0.115145E-01  0.817390E-02
    80.0  0.335029E+00  0.754695E+00  0.402746E+02  0.620157E+07  0.235127E+09  0.999978E+02  0.999068E+00  0.263386E-02  0.526039E+00  0.961500E+00  0.146648E-01  0.104383E-01
    90.0  0.337849E+00  0.750080E+00  0.402895E+02  0.661801E+07  0.256064E+09  0.999971E+02  0.998963E+00  0.312033E-02  0.532599E+00  0.954101E+00  0.180475E-01  0.128739E-01
   100.0  0.338837E+00  0.747266E+00  0.403038E+02  0.698393E+07  0.274986E+09  0.999964E+02  0.998865E+00  0.363566E-02  0.539625E+00  0.946299E+00  0.216415E-01  0.154660E-01
   110.0  0.338696E+00  0.745563E+00  0.403178E+02  0.731073E+07  0.292318E+09  0.999956E+02  0.998773E+00  0.417389E-02  0.546999E+00  0.938199E+00  0.253905E-01  0.181737E-01
   120.0  0.337678E+00  0.744721E+00  0.403318E+02  0.759787E+07  0.307973E+09  0.999948E+02  0.998689E+00  0.473625E-02  0.554709E+00  0.929811E+00  0.292875E-01  0.209929E-01
   130.0  0.336202E+00  0.744330E+00  0.403459E+02  0.785904E+07  0.322490E+09  0.999940E+02  0.998611E+00  0.531499E-02  0.562634E+00  0.921241E+00  0.332770E-01  0.238824E-01
   140.0  0.334330E+00  0.744325E+00  0.403603E+02  0.808756E+07  0.335476E+09  0.999931E+02  0.998541E+00  0.591569E-02  0.570818E+00  0.912453E+00  0.373740E-01  0.268551E-01
   150.0  0.332277E+00  0.744499E+00  0.403750E+02  0.829418E+07  0.347368E+09  0.999922E+02  0.998479E+00  0.653212E-02  0.579171E+00  0.903524E+00  0.415393E-01  0.298815E-01
   160.0  0.330155E+00  0.744740E+00  0.403900E+02  0.848453E+07  0.358408E+09  0.999913E+02  0.998421E+00  0.716077E-02  0.587643E+00  0.894498E+00  0.457497E-01  0.329443E-01
   170.0  0.328002E+00  0.745009E+00  0.404053E+02  0.865792E+07  0.368512E+09  0.999904E+02  0.998370E+00  0.780289E-02  0.596233E+00  0.885375E+00  0.500030E-01  0.360427E-01
   180.0  0.325871E+00  0.745257E+00  0.404209E+02  0.881705E+07  0.377774E+09  0.999895E+02  0.998326E+00  0.845711E-02  0.604917E+00  0.876179E+00  0.542869E-01  0.391680E-01
   190.0  0.323803E+00  0.745443E+00  0.404369E+02  0.896194E+07  0.386144E+09  0.999885E+02  0.998287E+00  0.912421E-02  0.613684E+00  0.866918E+00  0.585945E-01  0.423158E-01
   200.0  0.321832E+00  0.745531E+00  0.404533E+02  0.909406E+07  0.393649E+09  0.999876E+02  0.998255E+00  0.980397E-02  0.622517E+00  0.857609E+00  0.629145E-01  0.454787E-01
   210.0  0.319954E+00  0.745527E+00  0.404700E+02  0.921705E+07  0.400509E+09  0.999866E+02  0.998228E+00  0.104933E-01  0.631384E+00  0.848277E+00  0.672355E-01  0.486474E-01
   220.0  0.318171E+00  0.745429E+00  0.404869E+02  0.933205E+07  0.406781E+09  0.999856E+02  0.998206E+00  0.111914E-01  0.640272E+00  0.838934E+00  0.715509E-01  0.518172E-01
   230.0  0.316481E+00  0.745237E+00  0.405041E+02  0.944003E+07  0.412517E+09  0.999847E+02  0.998188E+00  0.118977E-01  0.649171E+00  0.829589E+00  0.758550E-01  0.549840E-01
   240.0  0.314882E+00  0.744954E+00  0.405215E+02  0.954174E+07  0.417760E+09  0.999837E+02  0.998174E+00  0.126115E-01  0.658070E+00  0.820253E+00  0.801427E-01  0.581442E-01
   250.0  0.313369E+00  0.744584E+00  0.405391E+02  0.963792E+07  0.422555E+09  0.999828E+02  0.998163E+00  0.133324E-01  0.666960E+00  0.810931E+00  0.844096E-01  0.612945E-01
   260.0  0.311937E+00  0.744131E+00  0.405568E+02  0.972911E+07  0.426937E+09  0.999818E+02  0.998156E+00  0.140598E-01  0.675833E+00  0.801633E+00  0.886516E-01  0.644321E-01
   270.0  0.310580E+00  0.743601E+00  0.405747E+02  0.981584E+07  0.430943E+09  0.999809E+02  0.998152E+00  0.147934E-01  0.684681E+00  0.792363E+00  0.928652E-01  0.675543E-01
   280.0  0.309293E+00  0.742999E+00  0.405927E+02  0.989856E+07  0.434606E+09  0.999799E+02  0.998150E+00  0.155327E-01  0.693499E+00  0.783129E+00  0.970473E-01  0.706590E-01
   290.0  0.308071E+00  0.742330E+00  0.406109E+02  0.997766E+07  0.437954E+09  0.999790E+02  0.998151E+00  0.162774E-01  0.702280E+00  0.773933E+00  0.101195E+00  0.737441E-01
   300.0  0.306907E+00  0.741599E+00  0.406291E+02  0.100535E+08  0.441017E+09  0.999780E+02  0.998153E+00  0.170271E-01  0.711020E+00  0.764782E+00  0.105306E+00  0.768078E-01
