rxn00001
  0.00000E+00  0.52076E+09  0.51021E+09  0.50188E+09  0.49523E+09  0.49003E+09  0.48595E+09  0.48272E+09  0.48015E+09  0.47809E+09  0.47644E+09  0.47513E+09  0.47405E+09  0.47318E+09  0.47244E+09  0.47183E+09  0.47136E+09  0.47097E+09  0.47064E+09  0.47035E+09  0.47010E+09  0.46991E+09  0.46973E+09  0.46959E+09  0.46946E+09  0.46936E+09  0.46926E+09  0.46918E+09  0.46910E+09  0.46904E+09  0.46899E+09
rxn00002
  0.00000E+00  0.59725E+02  0.58599E+02  0.57706E+02  0.56993E+02  0.56434E+02  0.55995E+02  0.55647E+02  0.55370E+02  0.55148E+02  0.54971E+02  0.54830E+02  0.54714E+02  0.54619E+02  0.54540E+02  0.54474E+02  0.54424E+02  0.54382E+02  0.54347E+02  0.54315E+02  0.54289E+02  0.54268E+02  0.54248E+02  0.54234E+02  0.54220E+02  0.54209E+02  0.54199E+02  0.54190E+02  0.54182E+02  0.54176E+02  0.54170E+02
rxn00003
  0.00000E+00  0.48423E+02  0.63366E+02  0.74674E+02  0.83379E+02  0.89990E+02  0.95053E+02  0.98982E+02  0.10205E+03  0.10447E+03  0.10636E+03  0.10785E+03  0.10905E+03  0.11001E+03  0.11079E+03  0.11144E+03  0.11191E+03  0.11228E+03  0.11259E+03  0.11286E+03  0.11306E+03  0.11321E+03  0.11334E+03  0.11342E+03  0.11350E+03  0.11354E+03  0.11357E+03  0.11358E+03  0.11359E+03  0.11358E+03  0.11357E+03
rxn00004
  0.00000E+00  0.20295E+04  0.18623E+04  0.17339E+04  0.16338E+04  0.15570E+04  0.14975E+04  0.14510E+04  0.14143E+04  0.13851E+04  0.13619E+04  0.13435E+04  0.13285E+04  0.13163E+04  0.13061E+04  0.12976E+04  0.12911E+04  0.12858E+04  0.12812E+04  0.12771E+04  0.12738E+04  0.12711E+04  0.12686E+04  0.12667E+04  0.12649E+04  0.12635E+04  0.12622E+04  0.12610E+04  0.12600E+04  0.12591E+04  0.12583E+04
rxn00005
  0.00000E+00  0.52956E+03  0.48594E+03  0.45244E+03  0.42632E+03  0.40627E+03  0.39075E+03  0.37860E+03  0.36903E+03  0.36141E+03  0.35538E+03  0.35057E+03  0.34665E+03  0.34347E+03  0.34081E+03  0.33858E+03  0.33689E+03  0.33550E+03  0.33431E+03  0.33324E+03  0.33237E+03  0.33167E+03  0.33102E+03  0.33052E+03  0.33005E+03  0.32968E+03  0.32934E+03  0.32904E+03  0.32876E+03  0.32855E+03  0.32834E+03
rxn00006
  0.00000E+00  0.31082E+08  0.31126E+08  0.31161E+08  0.31189E+08  0.31211E+08  0.31228E+08  0.31242E+08  0.31253E+08  0.31262E+08  0.31269E+08  0.31274E+08  0.31279E+08  0.31283E+08  0.31286E+08  0.31289E+08  0.31291E+08  0.31293E+08  0.31294E+08  0.31296E+08  0.31297E+08  0.31298E+08  0.31299E+08  0.31299E+08  0.31300E+08  0.31300E+08  0.31301E+08  0.31301E+08  0.31302E+08  0.31302E+08  0.31303E+08
rxn00007
  0.00000E+00  0.43588E+08  0.58300E+08  0.69923E+08  0.79193E+08  0.86439E+08  0.92120E+08  0.96612E+08  0.10018E+09  0.10302E+09  0.10527E+09  0.10706E+09  0.10852E+09  0.10968E+09  0.11065E+09  0.11145E+09  0.11204E+09  0.11251E+09  0.11290E+09  0.11325E+09  0.11352E+09  0.11371E+09  0.11389E+09  0.11401E+09  0.11412E+09  0.11419E+09  0.11424E+09  0.11428E+09  0.11431E+09  0.11432E+09  0.11432E+09
rxn00008
  0.00000E+00  0.44480E+06  0.41719E+06  0.39532E+06  0.37784E+06  0.36414E+06  0.35337E+06  0.34483E+06  0.33803E+06  0.33257E+06  0.32822E+06  0.32474E+06  0.32188E+06  0.31956E+06  0.31761E+06  0.31597E+06  0.31473E+06  0.31370E+06  0.31283E+06  0.31203E+06  0.31139E+06  0.31087E+06  0.31039E+06  0.31002E+06  0.30967E+06  0.30940E+06  0.30914E+06  0.30893E+06  0.30872E+06  0.30856E+06  0.30841E+06
rxn00009
  0.00000E+00  0.98236E+00  0.17525E+01  0.25153E+01  0.32206E+01  0.38316E+01  0.43469E+01  0.47770E+01  0.51324E+01  0.54249E+01  0.56621E+01  0.58540E+01  0.60124E+01  0.61410E+01  0.62485E+01  0.63383E+01  0.64043E+01  0.64576E+01  0.65020E+01  0.65415E+01  0.65718E+01  0.65944E+01  0.66147E+01  0.66284E+01  0.66406E+01  0.66482E+01  0.66546E+01  0.66586E+01  0.66621E+01  0.66627E+01  0.66627E+01
rxn00010
  0.00000E+00  0.13345E+06  0.16258E+06  0.17238E+06  0.17684E+06  0.17864E+06  0.17903E+06  0.17871E+06  0.17806E+06  0.17730E+06  0.17653E+06  0.17580E+06  0.17514E+06  0.17453E+06  0.17399E+06  0.17350E+06  0.17311E+06  0.17277E+06  0.17247E+06  0.17219E+06  0.17195E+06  0.17176E+06  0.17157E+06  0.17141E+06  0.17127E+06  0.17115E+06  0.17103E+06  0.17093E+06  0.17083E+06  0.17075E+06  0.17068E+06
rxn00011
  0.00000E+00  0.16633E+02  0.14209E+02  0.11903E+02  0.10305E+02  0.91913E+01  0.83875E+01  0.77900E+01  0.73381E+01  0.69903E+01  0.67219E+01  0.65125E+01  0.63445E+01  0.62102E+01  0.60993E+01  0.60074E+01  0.59391E+01  0.58834E+01  0.58364E+01  0.57943E+01  0.57609E+01  0.57346E+01  0.57105E+01  0.56926E+01  0.56760E+01  0.56637E+01  0.56524E+01  0.56433E+01  0.56348E+01  0.56288E+01  0.56235E+01
rxn00012
  0.00000E+00  0.30416E+05  0.25983E+05  0.21766E+05  0.18844E+05  0.16808E+05  0.15338E+05  0.14245E+05  0.13419E+05  0.12783E+05  0.12292E+05  0.11909E+05  0.11602E+05  0.11356E+05  0.11154E+05  0.10985E+05  0.10860E+05  0.10759E+05  0.10673E+05  0.10596E+05  0.10535E+05  0.10487E+05  0.10442E+05  0.10410E+05  0.10379E+05  0.10357E+05  0.10336E+05  0.10320E+05  0.10304E+05  0.10293E+05  0.10283E+05
rxn00013
  0.00000E+00  0.35891E+07  0.35942E+07  0.35982E+07  0.36014E+07  0.36039E+07  0.36059E+07  0.36075E+07  0.36088E+07  0.36098E+07  0.36106E+07  0.36113E+07  0.36118E+07  0.36123E+07  0.36126E+07  0.36130E+07  0.36132E+07  0.36134E+07  0.36136E+07  0.36137E+07  0.36139E+07  0.36140E+07  0.36141E+07  0.36142E+07  0.36142E+07  0.36143E+07  0.36143E+07  0.36144E+07  0.36144E+07  0.36145E+07  0.36145E+07
rxn00014
  0.00000E+00  0.14395E+06  0.15782E+06  0.17108E+06  0.18242E+06  0.19134E+06  0.19806E+06  0.20306E+06  0.20675E+06  0.20950E+06  0.21155E+06  0.21313E+06  0.21442E+06  0.21551E+06  0.21647E+06  0.21735E+06  0.21816E+06  0.21895E+06  0.21974E+06  0.22052E+06  0.22131E+06  0.22211E+06  0.22292E+06  0.22375E+06  0.22459E+06  0.22545E+06  0.22632E+06  0.22721E+06  0.22810E+06  0.22903E+06  0.22995E+06
rxn00015
  0.00000E+00  0.15555E+06  0.17030E+06  0.18440E+06  0.19645E+06  0.20591E+06  0.21302E+06  0.21830E+06  0.22219E+06  0.22508E+06  0.22723E+06  0.22889E+06  0.23024E+06  0.23138E+06  0.23239E+06  0.23331E+06  0.23417E+06  0.23500E+06  0.23584E+06  0.23667E+06  0.23751E+06  0.23836E+06  0.23922E+06  0.24011E+06  0.24100E+06  0.24192E+06  0.24286E+06  0.24380E+06  0.24476E+06  0.24575E+06  0.24674E+06
rxn00016
  0.00000E+00  0.11052E+07  0.12100E+07  0.13102E+07  0.13958E+07  0.14630E+07  0.15135E+07  0.15510E+07  0.15786E+07  0.15991E+07  0.16144E+07  0.16262E+07  0.16358E+07  0.16439E+07  0.16510E+07  0.16576E+07  0.16637E+07  0.16696E+07  0.16755E+07  0.16814E+07  0.16874E+07  0.16935E+07  0.16996E+07  0.17059E+07  0.17122E+07  0.17187E+07  0.17254E+07  0.17321E+07  0.17389E+07  0.17459E+07  0.17529E+07
rxn00017
  0.00000E+00  0.87666E+05  0.95965E+05  0.10390E+06  0.11067E+06  0.11599E+06  0.11998E+06  0.12293E+06  0.12511E+06  0.12672E+06  0.12791E+06  0.12882E+06  0.12957E+06  0.13019E+06  0.13074E+06  0.13124E+06  0.13171E+06  0.13216E+06  0.13261E+06  0.13305E+06  0.13351E+06  0.13397E+06  0.13443E+06  0.13491E+06  0.13540E+06  0.13590E+06  0.13640E+06  0.13691E+06  0.13743E+06  0.13796E+06  0.13850E+06
rxn00018
  0.00000E+00  0.28797E+05  0.49336E+05  0.63095E+05  0.72224E+05  0.77789E+05  0.80973E+05  0.82634E+05  0.83330E+05  0.83446E+05  0.83226E+05  0.82846E+05  0.82412E+05  0.81980E+05  0.81572E+05  0.81204E+05  0.80923E+05  0.80709E+05  0.80547E+05  0.80413E+05  0.80343E+05  0.80334E+05  0.80343E+05  0.80414E+05  0.80498E+05  0.80631E+05  0.80778E+05  0.80952E+05  0.81133E+05  0.81354E+05  0.81582E+05
rxn00019
  0.00000E+00  0.55656E+04  0.10424E+05  0.14419E+05  0.17568E+05  0.19819E+05  0.21331E+05  0.22299E+05  0.22879E+05  0.23202E+05  0.23357E+05  0.23415E+05  0.23427E+05  0.23416E+05  0.23399E+05  0.23384E+05  0.23387E+05  0.23407E+05  0.23442E+05  0.23484E+05  0.23546E+05  0.23628E+05  0.23715E+05  0.23823E+05  0.23937E+05  0.24067E+05  0.24203E+05  0.24350E+05  0.24500E+05  0.24665E+05  0.24834E+05
rxn00020
  0.00000E+00  0.98080E+03  0.28706E+04  0.46846E+04  0.61273E+04  0.70980E+04  0.76824E+04  0.79938E+04  0.81233E+04  0.81413E+04  0.80948E+04  0.80181E+04  0.79318E+04  0.78471E+04  0.77675E+04  0.76962E+04  0.76420E+04  0.76008E+04  0.75696E+04  0.75439E+04  0.75302E+04  0.75281E+04  0.75293E+04  0.75422E+04  0.75578E+04  0.75825E+04  0.76099E+04  0.76424E+04  0.76765E+04  0.77181E+04  0.77613E+04
rxn00021
  0.00000E+00  0.56432E+05  0.82519E+05  0.10705E+06  0.12904E+06  0.14753E+06  0.16257E+06  0.17464E+06  0.18425E+06  0.19189E+06  0.19791E+06  0.20270E+06  0.20664E+06  0.20987E+06  0.21262E+06  0.21500E+06  0.21691E+06  0.21859E+06  0.22011E+06  0.22156E+06  0.22286E+06  0.22404E+06  0.22520E+06  0.22627E+06  0.22732E+06  0.22832E+06  0.22931E+06  0.23027E+06  0.23123E+06  0.23218E+06  0.23311E+06
rxn00022
  0.00000E+00  0.43819E+06  0.44931E+06  0.46050E+06  0.46847E+06  0.47289E+06  0.47450E+06  0.47429E+06  0.47305E+06  0.47133E+06  0.46951E+06  0.46783E+06  0.46638E+06  0.46525E+06  0.46438E+06  0.46378E+06  0.46362E+06  0.46374E+06  0.46406E+06  0.46449E+06  0.46516E+06  0.46604E+06  0.46699E+06  0.46815E+06  0.46936E+06  0.47072E+06  0.47214E+06  0.47364E+06  0.47517E+06  0.47683E+06  0.47851E+06
rxn00023
  0.00000E+00  0.78436E+02  0.78325E+02  0.75060E+02  0.72496E+02  0.70374E+02  0.68501E+02  0.66843E+02  0.65400E+02  0.64164E+02  0.63129E+02  0.62281E+02  0.61584E+02  0.61026E+02  0.60574E+02  0.60214E+02  0.59987E+02  0.59835E+02  0.59737E+02  0.59669E+02  0.59660E+02  0.59703E+02  0.59761E+02  0.59867E+02  0.59984E+02  0.60136E+02  0.60298E+02  0.60480E+02  0.60666E+02  0.60879E+02  0.61097E+02
rxn00024
  0.00000E+00  0.55633E+06  0.12712E+07  0.19455E+07  0.25177E+07  0.29557E+07  0.32752E+07  0.35024E+07  0.36596E+07  0.37666E+07  0.38371E+07  0.38830E+07  0.39140E+07  0.39344E+07  0.39485E+07  0.39585E+07  0.39650E+07  0.39707E+07  0.39762E+07  0.39814E+07  0.39871E+07  0.39933E+07  0.39998E+07  0.40074E+07  0.40152E+07  0.40240E+07  0.40332E+07  0.40431E+07  0.40532E+07  0.40643E+07  0.40757E+07
rxn00025
  0.00000E+00  0.40356E+06  0.64664E+06  0.78187E+06  0.85389E+06  0.88511E+06  0.89310E+06  0.88861E+06  0.87779E+06  0.86433E+06  0.85039E+06  0.83722E+06  0.82525E+06  0.81481E+06  0.80564E+06  0.79772E+06  0.79174E+06  0.78698E+06  0.78314E+06  0.77979E+06  0.77745E+06  0.77602E+06  0.77486E+06  0.77458E+06  0.77449E+06  0.77506E+06  0.77581E+06  0.77691E+06  0.77811E+06  0.77979E+06  0.78158E+06
rxn00026
  0.00000E+00  0.16643E+02  0.55610E+02  0.10267E+03  0.14862E+03  0.18735E+03  0.21693E+03  0.23810E+03  0.25227E+03  0.26114E+03  0.26604E+03  0.26831E+03  0.26903E+03  0.26876E+03  0.26795E+03  0.26688E+03  0.26576E+03  0.26481E+03  0.26404E+03  0.26335E+03  0.26294E+03  0.26285E+03  0.26284E+03  0.26321E+03  0.26366E+03  0.26443E+03  0.26530E+03  0.26635E+03  0.26747E+03  0.26886E+03  0.27032E+03
rxn00027
  0.00000E+00  0.11123E+03  0.17357E+03  0.19623E+03  0.20346E+03  0.20282E+03  0.19852E+03  0.19283E+03  0.18686E+03  0.18117E+03  0.17606E+03  0.17162E+03  0.16779E+03  0.16457E+03  0.16181E+03  0.15948E+03  0.15774E+03  0.15635E+03  0.15523E+03  0.15424E+03  0.15354E+03  0.15307E+03  0.15268E+03  0.15252E+03  0.15241E+03  0.15246E+03  0.15256E+03  0.15275E+03  0.15296E+03  0.15330E+03  0.15366E+03
rxn00028
  0.00000E+00  0.66587E+01  0.19293E+02  0.38541E+02  0.64070E+02  0.95264E+02  0.13082E+03  0.16947E+03  0.21020E+03  0.25226E+03  0.29509E+03  0.33832E+03  0.38175E+03  0.42518E+03  0.46861E+03  0.51199E+03  0.55500E+03  0.59776E+03  0.64038E+03  0.68305E+03  0.72543E+03  0.76746E+03  0.80961E+03  0.85124E+03  0.89300E+03  0.93429E+03  0.97557E+03  0.10167E+04  0.10579E+04  0.10983E+04  0.11388E+04
rxn00029
  0.00000E+00  0.17895E+01  0.40395E+01  0.66875E+01  0.96397E+01  0.12776E+02  0.15999E+02  0.19247E+02  0.22485E+02  0.25701E+02  0.28885E+02  0.32043E+02  0.35189E+02  0.38326E+02  0.41464E+02  0.44609E+02  0.47761E+02  0.50933E+02  0.54128E+02  0.57345E+02  0.60592E+02  0.63873E+02  0.67180E+02  0.70531E+02  0.73909E+02  0.77335E+02  0.80794E+02  0.84295E+02  0.87828E+02  0.91427E+02  0.95058E+02
rxn00030
  0.00000E+00  0.34671E+08  0.34720E+08  0.34759E+08  0.34790E+08  0.34815E+08  0.34834E+08  0.34849E+08  0.34862E+08  0.34871E+08  0.34879E+08  0.34886E+08  0.34891E+08  0.34895E+08  0.34899E+08  0.34902E+08  0.34904E+08  0.34906E+08  0.34908E+08  0.34909E+08  0.34911E+08  0.34912E+08  0.34913E+08  0.34913E+08  0.34914E+08  0.34915E+08  0.34915E+08  0.34916E+08  0.34916E+08  0.34917E+08  0.34917E+08
rxn00031
  0.00000E+00  0.31576E+09  0.31620E+09  0.31656E+09  0.31684E+09  0.31706E+09  0.31724E+09  0.31738E+09  0.31749E+09  0.31758E+09  0.31765E+09  0.31771E+09  0.31776E+09  0.31780E+09  0.31783E+09  0.31786E+09  0.31788E+09  0.31790E+09  0.31791E+09  0.31792E+09  0.31794E+09  0.31795E+09  0.31795E+09  0.31796E+09  0.31797E+09  0.31797E+09  0.31798E+09  0.31798E+09  0.31799E+09  0.31799E+09  0.31799E+09
rxn00032
  0.00000E+00  0.15063E+06  0.15061E+06  0.15059E+06  0.15057E+06  0.15055E+06  0.15053E+06  0.15051E+06  0.15049E+06  0.15047E+06  0.15045E+06  0.15043E+06  0.15041E+06  0.15039E+06  0.15037E+06  0.15035E+06  0.15032E+06  0.15030E+06  0.15028E+06  0.15026E+06  0.15024E+06  0.15022E+06  0.15020E+06  0.15018E+06  0.15016E+06  0.15013E+06  0.15011E+06  0.15009E+06  0.15007E+06  0.15005E+06  0.15003E+06
rxn00033
  0.00000E+00  0.17369E+09  0.16267E+09  0.15397E+09  0.14703E+09  0.14160E+09  0.13734E+09  0.13396E+09  0.13127E+09  0.12911E+09  0.12740E+09  0.12602E+09  0.12489E+09  0.12398E+09  0.12321E+09  0.12256E+09  0.12207E+09  0.12167E+09  0.12132E+09  0.12101E+09  0.12076E+09  0.12055E+09  0.12036E+09  0.12022E+09  0.12008E+09  0.11997E+09  0.11987E+09  0.11978E+09  0.11970E+09  0.11964E+09  0.11958E+09
rxn00034
  0.00000E+00  0.29130E+05  0.26570E+05  0.23515E+05  0.21319E+05  0.19744E+05  0.18577E+05  0.17689E+05  0.17004E+05  0.16469E+05  0.16050E+05  0.15720E+05  0.15452E+05  0.15237E+05  0.15058E+05  0.14910E+05  0.14799E+05  0.14709E+05  0.14633E+05  0.14565E+05  0.14512E+05  0.14470E+05  0.14432E+05  0.14404E+05  0.14379E+05  0.14360E+05  0.14344E+05  0.14331E+05  0.14319E+05  0.14312E+05  0.14305E+05
rxn00035
  0.00000E+00  0.23466E+06  0.21404E+06  0.18943E+06  0.17174E+06  0.15905E+06  0.14965E+06  0.14250E+06  0.13698E+06  0.13267E+06  0.12929E+06  0.12663E+06  0.12448E+06  0.12274E+06  0.12130E+06  0.12011E+06  0.11922E+06  0.11849E+06  0.11788E+06  0.11733E+06  0.11690E+06  0.11656E+06  0.11626E+06  0.11603E+06  0.11583E+06  0.11568E+06  0.11555E+06  0.11545E+06  0.11535E+06  0.11529E+06  0.11524E+06
rxn00036
  0.00000E+00  0.81609E+03  0.21598E+04  0.39846E+04  0.62176E+04  0.88203E+04  0.11708E+05  0.14800E+05  0.18036E+05  0.21367E+05  0.24758E+05  0.28180E+05  0.31610E+05  0.35033E+05  0.38444E+05  0.41836E+05  0.45185E+05  0.48494E+05  0.51767E+05  0.55023E+05  0.58230E+05  0.61383E+05  0.64521E+05  0.67589E+05  0.70641E+05  0.73626E+05  0.76585E+05  0.79500E+05  0.82401E+05  0.85205E+05  0.87992E+05
rxn00037
  0.00000E+00  0.30703E+01  0.63305E+01  0.96788E+01  0.13096E+02  0.16560E+02  0.20044E+02  0.23530E+02  0.27008E+02  0.30474E+02  0.33925E+02  0.37362E+02  0.40789E+02  0.44207E+02  0.47619E+02  0.51028E+02  0.54434E+02  0.57843E+02  0.61255E+02  0.64668E+02  0.68088E+02  0.71517E+02  0.74949E+02  0.78396E+02  0.81847E+02  0.85314E+02  0.88789E+02  0.92276E+02  0.95768E+02  0.99292E+02  0.10282E+03
rxn00038
  0.00000E+00  0.56993E+04  0.11083E+05  0.14029E+05  0.15478E+05  0.15963E+05  0.15919E+05  0.15599E+05  0.15145E+05  0.14641E+05  0.14136E+05  0.13658E+05  0.13218E+05  0.12822E+05  0.12464E+05  0.12143E+05  0.11880E+05  0.11653E+05  0.11454E+05  0.11269E+05  0.11116E+05  0.10990E+05  0.10872E+05  0.10781E+05  0.10696E+05  0.10630E+05  0.10570E+05  0.10521E+05  0.10474E+05  0.10441E+05  0.10412E+05
rxn00039
  0.00000E+00  0.76110E+05  0.23229E+06  0.39607E+06  0.53814E+06  0.64725E+06  0.72442E+06  0.77587E+06  0.80766E+06  0.82533E+06  0.83286E+06  0.83387E+06  0.83120E+06  0.82629E+06  0.82023E+06  0.81369E+06  0.80735E+06  0.80160E+06  0.79643E+06  0.79156E+06  0.78754E+06  0.78444E+06  0.78160E+06  0.77981E+06  0.77825E+06  0.77755E+06  0.77711E+06  0.77717E+06  0.77736E+06  0.77829E+06  0.77937E+06
rxn00040
  0.00000E+00  0.51457E+06  0.56335E+06  0.61001E+06  0.64986E+06  0.68115E+06  0.70468E+06  0.72214E+06  0.73501E+06  0.74457E+06  0.75168E+06  0.75716E+06  0.76164E+06  0.76540E+06  0.76874E+06  0.77180E+06  0.77463E+06  0.77739E+06  0.78014E+06  0.78289E+06  0.78567E+06  0.78850E+06  0.79134E+06  0.79428E+06  0.79723E+06  0.80028E+06  0.80336E+06  0.80649E+06  0.80965E+06  0.81292E+06  0.81619E+06
rxn00041
  0.00000E+00  0.37748E+03  0.11752E+04  0.19600E+04  0.25612E+04  0.29275E+04  0.31143E+04  0.31870E+04  0.31930E+04  0.31641E+04  0.31199E+04  0.30722E+04  0.30268E+04  0.29868E+04  0.29518E+04  0.29223E+04  0.29019E+04  0.28874E+04  0.28774E+04  0.28699E+04  0.28674E+04  0.28695E+04  0.28731E+04  0.28812E+04  0.28903E+04  0.29029E+04  0.29166E+04  0.29322E+04  0.29484E+04  0.29673E+04  0.29869E+04
rxn00042
  0.00000E+00  0.39644E+02  0.12342E+03  0.20585E+03  0.26898E+03  0.30745E+03  0.32707E+03  0.33471E+03  0.33533E+03  0.33230E+03  0.32766E+03  0.32265E+03  0.31789E+03  0.31368E+03  0.31000E+03  0.30691E+03  0.30476E+03  0.30324E+03  0.30219E+03  0.30140E+03  0.30114E+03  0.30137E+03  0.30174E+03  0.30259E+03  0.30355E+03  0.30487E+03  0.30631E+03  0.30794E+03  0.30964E+03  0.31163E+03  0.31369E+03
rxn00043
  0.00000E+00  0.11039E+03  0.26831E+03  0.41967E+03  0.54258E+03  0.62849E+03  0.68452E+03  0.71990E+03  0.74160E+03  0.75472E+03  0.76244E+03  0.76705E+03  0.77004E+03  0.77206E+03  0.77360E+03  0.77492E+03  0.77624E+03  0.77768E+03  0.77925E+03  0.78088E+03  0.78272E+03  0.78477E+03  0.78689E+03  0.78924E+03  0.79166E+03  0.79427E+03  0.79695E+03  0.79975E+03  0.80258E+03  0.80560E+03  0.80865E+03
rxn00044
  0.00000E+00  0.11028E+06  0.26804E+06  0.41925E+06  0.54204E+06  0.62786E+06  0.68383E+06  0.71918E+06  0.74086E+06  0.75397E+06  0.76168E+06  0.76629E+06  0.76927E+06  0.77129E+06  0.77283E+06  0.77415E+06  0.77546E+06  0.77690E+06  0.77847E+06  0.78010E+06  0.78194E+06  0.78399E+06  0.78610E+06  0.78846E+06  0.79087E+06  0.79348E+06  0.79615E+06  0.79895E+06  0.80178E+06  0.80479E+06  0.80784E+06
rxn00045
  0.00000E+00  0.23956E+06  0.40832E+06  0.50458E+06  0.55053E+06  0.56306E+06  0.55842E+06  0.54644E+06  0.53217E+06  0.51813E+06  0.50553E+06  0.49479E+06  0.48574E+06  0.47835E+06  0.47222E+06  0.46720E+06  0.46372E+06  0.46112E+06  0.45917E+06  0.45755E+06  0.45661E+06  0.45625E+06  0.45606E+06  0.45639E+06  0.45685E+06  0.45768E+06  0.45862E+06  0.45976E+06  0.46095E+06  0.46242E+06  0.46394E+06
rxn00046
  0.00000E+00  0.73062E+01  0.12127E+02  0.14013E+02  0.14515E+02  0.14276E+02  0.13735E+02  0.13121E+02  0.12535E+02  0.12018E+02  0.11581E+02  0.11223E+02  0.10928E+02  0.10690E+02  0.10495E+02  0.10335E+02  0.10223E+02  0.10137E+02  0.10071E+02  0.10015E+02  0.99781E+01  0.99584E+01  0.99436E+01  0.99439E+01  0.99476E+01  0.99620E+01  0.99793E+01  0.10002E+02  0.10027E+02  0.10059E+02  0.10092E+02
rxn00047
  0.00000E+00  0.78018E-02  0.53949E-01  0.14993E+00  0.28620E+00  0.45225E+00  0.63412E+00  0.82243E+00  0.10120E+01  0.12000E+01  0.13852E+01  0.15672E+01  0.17464E+01  0.19230E+01  0.20976E+01  0.22707E+01  0.24417E+01  0.26119E+01  0.27816E+01  0.29510E+01  0.31203E+01  0.32896E+01  0.34590E+01  0.36292E+01  0.37996E+01  0.39710E+01  0.41431E+01  0.43161E+01  0.44895E+01  0.46657E+01  0.48423E+01
rxn00048
  0.00000E+00  0.21045E-01  0.15932E+00  0.47942E+00  0.97497E+00  0.16148E+01  0.23424E+01  0.31133E+01  0.38991E+01  0.46838E+01  0.54583E+01  0.62204E+01  0.69726E+01  0.77156E+01  0.84530E+01  0.91868E+01  0.99149E+01  0.10644E+02  0.11376E+02  0.12111E+02  0.12851E+02  0.13597E+02  0.14349E+02  0.15111E+02  0.15879E+02  0.16659E+02  0.17448E+02  0.18247E+02  0.19055E+02  0.19882E+02  0.20718E+02
rxn00049
  0.00000E+00  0.14030E-01  0.10621E+00  0.31962E+00  0.64998E+00  0.10765E+01  0.15616E+01  0.20756E+01  0.25994E+01  0.31225E+01  0.36389E+01  0.41469E+01  0.46484E+01  0.51437E+01  0.56354E+01  0.61245E+01  0.66100E+01  0.70959E+01  0.75837E+01  0.80739E+01  0.85672E+01  0.90648E+01  0.95659E+01  0.10074E+02  0.10586E+02  0.11106E+02  0.11632E+02  0.12165E+02  0.12703E+02  0.13255E+02  0.13812E+02
rxn00050
  0.00000E+00  0.35053E+06  0.35021E+06  0.34994E+06  0.34972E+06  0.34952E+06  0.34935E+06  0.34919E+06  0.34903E+06  0.34888E+06  0.34874E+06  0.34859E+06  0.34844E+06  0.34830E+06  0.34815E+06  0.34801E+06  0.34786E+06  0.34772E+06  0.34758E+06  0.34743E+06  0.34729E+06  0.34714E+06  0.34700E+06  0.34686E+06  0.34672E+06  0.34658E+06  0.34644E+06  0.34630E+06  0.34616E+06  0.34602E+06  0.34589E+06
rxn00051
  0.00000E+00  0.50665E+06  0.50619E+06  0.50580E+06  0.50547E+06  0.50519E+06  0.50494E+06  0.50471E+06  0.50448E+06  0.50427E+06  0.50405E+06  0.50384E+06  0.50363E+06  0.50342E+06  0.50321E+06  0.50300E+06  0.50279E+06  0.50258E+06  0.50238E+06  0.50217E+06  0.50196E+06  0.50175E+06  0.50155E+06  0.50134E+06  0.50114E+06  0.50094E+06  0.50073E+06  0.50053E+06  0.50033E+06  0.50014E+06  0.49994E+06
rxn00052
  0.00000E+00  0.80661E+01  0.73505E+01  0.65004E+01  0.58895E+01  0.54514E+01  0.51266E+01  0.48793E+01  0.46883E+01  0.45387E+01  0.44214E+01  0.43286E+01  0.42533E+01  0.41922E+01  0.41414E+01  0.40988E+01  0.40667E+01  0.40403E+01  0.40178E+01  0.39974E+01  0.39811E+01  0.39680E+01  0.39559E+01  0.39467E+01  0.39381E+01  0.39315E+01  0.39254E+01  0.39203E+01  0.39155E+01  0.39119E+01  0.39086E+01
rxn00053
  0.00000E+00  0.22307E+06  0.24399E+06  0.26399E+06  0.28106E+06  0.29443E+06  0.30445E+06  0.31185E+06  0.31726E+06  0.32125E+06  0.32418E+06  0.32641E+06  0.32820E+06  0.32969E+06  0.33099E+06  0.33217E+06  0.33324E+06  0.33430E+06  0.33534E+06  0.33638E+06  0.33743E+06  0.33851E+06  0.33959E+06  0.34071E+06  0.34184E+06  0.34301E+06  0.34419E+06  0.34540E+06  0.34661E+06  0.34787E+06  0.34913E+06
rxn00054
  0.00000E+00  0.48717E-03  0.24258E-02  0.60132E-02  0.10967E-01  0.17032E-01  0.23826E-01  0.31061E-01  0.38563E-01  0.46222E-01  0.53974E-01  0.61779E-01  0.69613E-01  0.77469E-01  0.85339E-01  0.93221E-01  0.10112E+00  0.10904E+00  0.11698E+00  0.12492E+00  0.13289E+00  0.14089E+00  0.14889E+00  0.15694E+00  0.16500E+00  0.17310E+00  0.18123E+00  0.18938E+00  0.19754E+00  0.20579E+00  0.21405E+00
rxn00055
  0.00000E+00  0.28314E-04  0.15435E-03  0.41430E-03  0.80496E-03  0.13104E-02  0.18963E-02  0.25335E-02  0.32015E-02  0.38871E-02  0.45824E-02  0.52833E-02  0.59885E-02  0.66973E-02  0.74098E-02  0.81264E-02  0.88475E-02  0.95745E-02  0.10308E-01  0.11046E-01  0.11793E-01  0.12547E-01  0.13308E-01  0.14080E-01  0.14858E-01  0.15647E-01  0.16444E-01  0.17251E-01  0.18065E-01  0.18895E-01  0.19733E-01
rxn00056
  0.00000E+00  0.11029E+06  0.26796E+06  0.41960E+06  0.54193E+06  0.62785E+06  0.68381E+06  0.71916E+06  0.74085E+06  0.75397E+06  0.76168E+06  0.76628E+06  0.76923E+06  0.77128E+06  0.77281E+06  0.77415E+06  0.77547E+06  0.77691E+06  0.77848E+06  0.78012E+06  0.78195E+06  0.78400E+06  0.78611E+06  0.78847E+06  0.79088E+06  0.79349E+06  0.79617E+06  0.79896E+06  0.80179E+06  0.80481E+06  0.80786E+06
rxn00057
  0.00000E+00  0.22468E+06  0.39901E+06  0.49947E+06  0.54856E+06  0.56272E+06  0.55894E+06  0.54734E+06  0.53317E+06  0.51910E+06  0.50641E+06  0.49555E+06  0.48640E+06  0.47889E+06  0.47266E+06  0.46755E+06  0.46399E+06  0.46134E+06  0.45933E+06  0.45767E+06  0.45669E+06  0.45629E+06  0.45607E+06  0.45638E+06  0.45682E+06  0.45764E+06  0.45856E+06  0.45969E+06  0.46087E+06  0.46232E+06  0.46384E+06
rxn00058
  0.00000E+00  0.00000E+00  0.00000E+00  0.00000E+00  0.00000E+00  0.00000E+00  0.00000E+00  0.00000E+00  0.00000E+00  0.00000E+00  0.00000E+00  0.00000E+00  0.00000E+00  0.00000E+00  0.00000E+00  0.00000E+00  0.00000E+00  0.00000E+00  0.00000E+00  0.00000E+00  0.00000E+00  0.00000E+00  0.00000E+00  0.00000E+00  0.00000E+00  0.00000E+00  0.00000E+00  0.00000E+00  0.00000E+00  0.00000E+00  0.00000E+00
rxn00059
  0.00000E+00  0.53155E+07  0.58024E+07  0.62629E+07  0.66494E+07  0.69445E+07  0.71576E+07  0.73067E+07  0.74078E+07  0.74743E+07  0.75154E+07  0.75395E+07  0.75533E+07  0.75596E+07  0.75614E+07  0.75602E+07  0.75565E+07  0.75521E+07  0.75473E+07  0.75422E+07  0.75372E+07  0.75325E+07  0.75278E+07  0.75238E+07  0.75197E+07  0.75162E+07  0.75128E+07  0.75097E+07  0.75066E+07  0.75042E+07  0.75017E+07
rxn00060
  0.00000E+00  0.17298E+06  0.17272E+06  0.17236E+06  0.17193E+06  0.17143E+06  0.17088E+06  0.17030E+06  0.16969E+06  0.16907E+06  0.16843E+06  0.16778E+06  0.16712E+06  0.16646E+06  0.16579E+06  0.16512E+06  0.16445E+06  0.16378E+06  0.16310E+06  0.16243E+06  0.16175E+06  0.16108E+06  0.16040E+06  0.15973E+06  0.15905E+06  0.15838E+06  0.15770E+06  0.15702E+06  0.15635E+06  0.15567E+06  0.15500E+06
rxn00061
  0.00000E+00  0.19560E+05  0.17788E+05  0.15693E+05  0.14179E+05  0.13085E+05  0.12265E+05  0.11634E+05  0.11140E+05  0.10746E+05  0.10431E+05  0.10175E+05  0.99610E+04  0.97820E+04  0.96277E+04  0.94934E+04  0.93840E+04  0.92882E+04  0.92019E+04  0.91209E+04  0.90492E+04  0.89853E+04  0.89238E+04  0.88689E+04  0.88156E+04  0.87668E+04  0.87192E+04  0.86740E+04  0.86294E+04  0.85875E+04  0.85463E+04
