rxn00001
  0.00000E+00  0.34670E+08  0.34719E+08  0.34757E+08  0.34788E+08  0.34813E+08  0.34834E+08  0.34853E+08  0.34869E+08  0.34884E+08  0.34899E+08  0.34913E+08  0.34927E+08  0.34940E+08  0.34955E+08  0.34969E+08  0.34983E+08  0.34998E+08  0.35014E+08  0.35029E+08  0.35045E+08  0.35061E+08  0.35077E+08  0.35094E+08  0.35110E+08  0.35127E+08  0.35144E+08  0.35161E+08  0.35179E+08  0.35196E+08  0.35213E+08
rxn00002
  0.00000E+00  0.31575E+09  0.31619E+09  0.31654E+09  0.31682E+09  0.31705E+09  0.31724E+09  0.31741E+09  0.31756E+09  0.31770E+09  0.31783E+09  0.31795E+09  0.31808E+09  0.31821E+09  0.31834E+09  0.31847E+09  0.31860E+09  0.31874E+09  0.31887E+09  0.31901E+09  0.31916E+09  0.31930E+09  0.31945E+09  0.31960E+09  0.31975E+09  0.31991E+09  0.32006E+09  0.32022E+09  0.32038E+09  0.32053E+09  0.32069E+09
rxn00003
  0.00000E+00  0.17389E+09  0.16325E+09  0.15509E+09  0.14893E+09  0.14433E+09  0.14099E+09  0.13860E+09  0.13696E+09  0.13587E+09  0.13519E+09  0.13478E+09  0.13459E+09  0.13451E+09  0.13453E+09  0.13460E+09  0.13470E+09  0.13481E+09  0.13492E+09  0.13501E+09  0.13509E+09  0.13515E+09  0.13518E+09  0.13519E+09  0.13519E+09  0.13515E+09  0.13509E+09  0.13501E+09  0.13492E+09  0.13480E+09  0.13468E+09
rxn00004
  0.00000E+00  0.79508E+01  0.15444E+02  0.19588E+02  0.21626E+02  0.22462E+02  0.22600E+02  0.22384E+02  0.22001E+02  0.21574E+02  0.21167E+02  0.20810E+02  0.20524E+02  0.20293E+02  0.20138E+02  0.20026E+02  0.19974E+02  0.19958E+02  0.19964E+02  0.19996E+02  0.20045E+02  0.20106E+02  0.20175E+02  0.20246E+02  0.20317E+02  0.20386E+02  0.20450E+02  0.20509E+02  0.20562E+02  0.20609E+02  0.20650E+02
rxn00005
  0.00000E+00  0.32682E+01  0.68395E+01  0.10798E+02  0.15280E+02  0.20318E+02  0.25937E+02  0.32087E+02  0.38754E+02  0.45892E+02  0.53462E+02  0.61391E+02  0.69697E+02  0.78254E+02  0.87150E+02  0.96237E+02  0.10562E+03  0.11519E+03  0.12490E+03  0.13479E+03  0.14483E+03  0.15503E+03  0.16539E+03  0.17582E+03  0.18636E+03  0.19703E+03  0.20782E+03  0.21869E+03  0.22964E+03  0.24067E+03  0.25177E+03
rxn00006
  0.00000E+00  0.24115E+06  0.22006E+06  0.19609E+06  0.17963E+06  0.16824E+06  0.16044E+06  0.15507E+06  0.15152E+06  0.14926E+06  0.14795E+06  0.14728E+06  0.14712E+06  0.14725E+06  0.14765E+06  0.14817E+06  0.14881E+06  0.14949E+06  0.15019E+06  0.15089E+06  0.15158E+06  0.15223E+06  0.15284E+06  0.15343E+06  0.15397E+06  0.15446E+06  0.15490E+06  0.15530E+06  0.15567E+06  0.15600E+06  0.15630E+06
rxn00007
  0.00000E+00  0.13029E+02  0.47753E+02  0.98147E+02  0.15850E+03  0.22361E+03  0.28968E+03  0.35432E+03  0.41606E+03  0.47424E+03  0.52861E+03  0.57947E+03  0.62632E+03  0.67036E+03  0.71031E+03  0.74784E+03  0.78144E+03  0.81234E+03  0.84122E+03  0.86732E+03  0.89125E+03  0.91261E+03  0.93145E+03  0.94921E+03  0.96507E+03  0.97878E+03  0.99073E+03  0.10014E+04  0.10108E+04  0.10191E+04  0.10265E+04
rxn00008
  0.00000E+00  0.12772E-01  0.10861E+00  0.37845E+00  0.91145E+00  0.17703E+01  0.30268E+01  0.47030E+01  0.68428E+01  0.94592E+01  0.12556E+02  0.16092E+02  0.20126E+02  0.24514E+02  0.29417E+02  0.34625E+02  0.40331E+02  0.46381E+02  0.52689E+02  0.59357E+02  0.66309E+02  0.73602E+02  0.81234E+02  0.89016E+02  0.97065E+02  0.10543E+03  0.11406E+03  0.12291E+03  0.13195E+03  0.14120E+03  0.15062E+03
rxn00009
  0.00000E+00  0.35078E+06  0.35135E+06  0.35272E+06  0.35487E+06  0.35773E+06  0.36126E+06  0.36536E+06  0.36998E+06  0.37506E+06  0.38053E+06  0.38631E+06  0.39238E+06  0.39862E+06  0.40509E+06  0.41167E+06  0.41840E+06  0.42521E+06  0.43207E+06  0.43899E+06  0.44594E+06  0.45292E+06  0.45990E+06  0.46689E+06  0.47386E+06  0.48082E+06  0.48774E+06  0.49463E+06  0.50148E+06  0.50829E+06  0.51506E+06
rxn00010
  0.00000E+00  0.50701E+06  0.50783E+06  0.50981E+06  0.51292E+06  0.51706E+06  0.52215E+06  0.52808E+06  0.53476E+06  0.54211E+06  0.55001E+06  0.55836E+06  0.56713E+06  0.57616E+06  0.58551E+06  0.59502E+06  0.60474E+06  0.61459E+06  0.62450E+06  0.63450E+06  0.64455E+06  0.65463E+06  0.66473E+06  0.67482E+06  0.68491E+06  0.69496E+06  0.70496E+06  0.71492E+06  0.72483E+06  0.73467E+06  0.74445E+06
rxn00011
  0.00000E+00  0.15063E+06  0.15061E+06  0.15059E+06  0.15057E+06  0.15055E+06  0.15053E+06  0.15051E+06  0.15049E+06  0.15048E+06  0.15046E+06  0.15045E+06  0.15044E+06  0.15042E+06  0.15042E+06  0.15041E+06  0.15040E+06  0.15039E+06  0.15039E+06  0.15039E+06  0.15038E+06  0.15038E+06  0.15038E+06  0.15038E+06  0.15038E+06  0.15038E+06  0.15038E+06  0.15038E+06  0.15039E+06  0.15039E+06  0.15039E+06
rxn00012
  0.00000E+00  0.82191E-04  0.64273E-03  0.23041E-02  0.58023E-02  0.11779E-01  0.21044E-01  0.34041E-01  0.51435E-01  0.73629E-01  0.10092E+00  0.13307E+00  0.17104E+00  0.21326E+00  0.26203E+00  0.31482E+00  0.37454E+00  0.43928E+00  0.50794E+00  0.58221E+00  0.66116E+00  0.74597E+00  0.83701E+00  0.93087E+00  0.10299E+01  0.11355E+01  0.12469E+01  0.13631E+01  0.14841E+01  0.16099E+01  0.17403E+01
rxn00013
  0.00000E+00  0.15885E-06  0.27235E-05  0.14511E-04  0.47547E-04  0.11630E-03  0.24147E-03  0.43994E-03  0.73586E-03  0.11497E-02  0.17008E-02  0.23927E-02  0.32669E-02  0.42808E-02  0.55250E-02  0.69143E-02  0.85692E-02  0.10419E-01  0.12429E-01  0.14671E-01  0.17112E-01  0.19804E-01  0.22769E-01  0.25858E-01  0.29178E-01  0.32794E-01  0.36670E-01  0.40765E-01  0.45079E-01  0.49607E-01  0.54351E-01
rxn00014
  0.00000E+00  0.14662E-03  0.21896E-02  0.98369E-02  0.27019E-01  0.56340E-01  0.10050E+00  0.16027E+00  0.23727E+00  0.33205E+00  0.44480E+00  0.57402E+00  0.72212E+00  0.88366E+00  0.10650E+01  0.12582E+01  0.14710E+01  0.16974E+01  0.19343E+01  0.21859E+01  0.24493E+01  0.27272E+01  0.30198E+01  0.33191E+01  0.36303E+01  0.39562E+01  0.42948E+01  0.46436E+01  0.50026E+01  0.53714E+01  0.57498E+01
rxn00015
  0.00000E+00  0.59725E-01  0.40034E+00  0.10971E+01  0.21206E+01  0.34166E+01  0.49594E+01  0.67160E+01  0.86789E+01  0.10836E+02  0.13177E+02  0.15680E+02  0.18362E+02  0.21168E+02  0.24154E+02  0.27246E+02  0.30513E+02  0.33901E+02  0.37382E+02  0.40991E+02  0.44705E+02  0.48546E+02  0.52519E+02  0.56550E+02  0.60687E+02  0.64955E+02  0.69338E+02  0.73814E+02  0.78381E+02  0.83039E+02  0.87785E+02
rxn00016
  0.00000E+00  0.96216E-04  0.10243E-02  0.42636E-02  0.11966E-01  0.26459E-01  0.51075E-01  0.88397E-01  0.14230E+00  0.21609E+00  0.31299E+00  0.43359E+00  0.58496E+00  0.75995E+00  0.97407E+00  0.12130E+01  0.14975E+01  0.18158E+01  0.21619E+01  0.25484E+01  0.29698E+01  0.34356E+01  0.39500E+01  0.44868E+01  0.50650E+01  0.56973E+01  0.63776E+01  0.70986E+01  0.78605E+01  0.86633E+01  0.95069E+01
rxn00017
  0.00000E+00  0.25933E+01  0.12825E+02  0.32003E+02  0.59971E+02  0.95871E+02  0.13933E+03  0.18943E+03  0.24581E+03  0.30786E+03  0.37502E+03  0.44643E+03  0.52225E+03  0.60100E+03  0.68373E+03  0.76872E+03  0.85721E+03  0.94804E+03  0.10406E+04  0.11355E+04  0.12322E+04  0.13310E+04  0.14321E+04  0.15341E+04  0.16378E+04  0.17436E+04  0.18512E+04  0.19602E+04  0.20706E+04  0.21824E+04  0.22954E+04
rxn00018
  0.00000E+00  0.98097E+01  0.40103E+02  0.94383E+02  0.17210E+03  0.27072E+03  0.38885E+03  0.52361E+03  0.67349E+03  0.83632E+03  0.10101E+04  0.11923E+04  0.13824E+04  0.15773E+04  0.17777E+04  0.19808E+04  0.21873E+04  0.23954E+04  0.26044E+04  0.28142E+04  0.30241E+04  0.32338E+04  0.34426E+04  0.36508E+04  0.38580E+04  0.40631E+04  0.42662E+04  0.44674E+04  0.46665E+04  0.48634E+04  0.50581E+04
rxn00019
  0.00000E+00  0.13623E+02  0.60072E+02  0.14498E+03  0.26751E+03  0.42365E+03  0.61122E+03  0.82568E+03  0.10646E+04  0.13247E+04  0.16027E+04  0.18947E+04  0.21998E+04  0.25131E+04  0.28358E+04  0.31634E+04  0.34970E+04  0.38339E+04  0.41726E+04  0.45131E+04  0.48545E+04  0.51962E+04  0.55372E+04  0.58777E+04  0.62171E+04  0.65541E+04  0.68886E+04  0.72207E+04  0.75501E+04  0.78766E+04  0.82000E+04
rxn00020
  0.00000E+00  0.00000E+00  0.00000E+00  0.00000E+00  0.00000E+00  0.00000E+00  0.00000E+00  0.00000E+00  0.00000E+00  0.00000E+00  0.00000E+00  0.00000E+00  0.00000E+00  0.00000E+00  0.00000E+00  0.00000E+00  0.00000E+00  0.00000E+00  0.00000E+00  0.00000E+00  0.00000E+00  0.00000E+00  0.00000E+00  0.00000E+00  0.00000E+00  0.00000E+00  0.00000E+00  0.00000E+00  0.00000E+00  0.00000E+00  0.00000E+00
rxn00021
  0.00000E+00  0.00000E+00  0.00000E+00  0.00000E+00  0.00000E+00  0.00000E+00  0.00000E+00  0.00000E+00  0.00000E+00  0.00000E+00  0.00000E+00  0.00000E+00  0.00000E+00  0.00000E+00  0.00000E+00  0.00000E+00  0.00000E+00  0.00000E+00  0.00000E+00  0.00000E+00  0.00000E+00  0.00000E+00  0.00000E+00  0.00000E+00  0.00000E+00  0.00000E+00  0.00000E+00  0.00000E+00  0.00000E+00  0.00000E+00  0.00000E+00
rxn00022
  0.00000E+00  0.00000E+00  0.00000E+00  0.00000E+00  0.00000E+00  0.00000E+00  0.00000E+00  0.00000E+00  0.00000E+00  0.00000E+00  0.00000E+00  0.00000E+00  0.00000E+00  0.00000E+00  0.00000E+00  0.00000E+00  0.00000E+00  0.00000E+00  0.00000E+00  0.00000E+00  0.00000E+00  0.00000E+00  0.00000E+00  0.00000E+00  0.00000E+00  0.00000E+00  0.00000E+00  0.00000E+00  0.00000E+00  0.00000E+00  0.00000E+00
rxn00023
  0.00000E+00  0.00000E+00  0.00000E+00  0.00000E+00  0.00000E+00  0.00000E+00  0.00000E+00  0.00000E+00  0.00000E+00  0.00000E+00  0.00000E+00  0.00000E+00  0.00000E+00  0.00000E+00  0.00000E+00  0.00000E+00  0.00000E+00  0.00000E+00  0.00000E+00  0.00000E+00  0.00000E+00  0.00000E+00  0.00000E+00  0.00000E+00  0.00000E+00  0.00000E+00  0.00000E+00  0.00000E+00  0.00000E+00  0.00000E+00  0.00000E+00
rxn00024
  0.00000E+00  0.76124E-02  0.60546E-01  0.21396E+00  0.52688E+00  0.10456E+01  0.18290E+01  0.29084E+01  0.43370E+01  0.61511E+01  0.83826E+01  0.11020E+02  0.14154E+02  0.17658E+02  0.21745E+02  0.26194E+02  0.31284E+02  0.36843E+02  0.42776E+02  0.49247E+02  0.56172E+02  0.63669E+02  0.71783E+02  0.80177E+02  0.89089E+02  0.98664E+02  0.10883E+03  0.11948E+03  0.13063E+03  0.14226E+03  0.15438E+03
rxn00025
  0.00000E+00  0.21562E+08  0.21592E+08  0.21616E+08  0.21635E+08  0.21651E+08  0.21664E+08  0.21675E+08  0.21685E+08  0.21695E+08  0.21704E+08  0.21712E+08  0.21721E+08  0.21730E+08  0.21738E+08  0.21747E+08  0.21756E+08  0.21766E+08  0.21775E+08  0.21785E+08  0.21795E+08  0.21805E+08  0.21815E+08  0.21825E+08  0.21835E+08  0.21846E+08  0.21856E+08  0.21867E+08  0.21878E+08  0.21889E+08  0.21899E+08
rxn00026
  0.00000E+00  0.90038E+07  0.90163E+07  0.90263E+07  0.90343E+07  0.90409E+07  0.90464E+07  0.90512E+07  0.90554E+07  0.90594E+07  0.90631E+07  0.90667E+07  0.90703E+07  0.90739E+07  0.90776E+07  0.90813E+07  0.90851E+07  0.90890E+07  0.90929E+07  0.90970E+07  0.91010E+07  0.91052E+07  0.91094E+07  0.91137E+07  0.91180E+07  0.91224E+07  0.91268E+07  0.91313E+07  0.91358E+07  0.91403E+07  0.91448E+07
rxn00027
  0.00000E+00  0.41045E+07  0.41102E+07  0.41147E+07  0.41184E+07  0.41214E+07  0.41239E+07  0.41261E+07  0.41280E+07  0.41298E+07  0.41315E+07  0.41332E+07  0.41348E+07  0.41365E+07  0.41381E+07  0.41398E+07  0.41416E+07  0.41433E+07  0.41451E+07  0.41470E+07  0.41488E+07  0.41507E+07  0.41526E+07  0.41546E+07  0.41566E+07  0.41586E+07  0.41606E+07  0.41626E+07  0.41647E+07  0.41667E+07  0.41688E+07
rxn00028
  0.00000E+00  0.52029E+09  0.51013E+09  0.50235E+09  0.49650E+09  0.49215E+09  0.48903E+09  0.48682E+09  0.48534E+09  0.48440E+09  0.48386E+09  0.48359E+09  0.48354E+09  0.48360E+09  0.48376E+09  0.48397E+09  0.48422E+09  0.48448E+09  0.48473E+09  0.48498E+09  0.48522E+09  0.48543E+09  0.48563E+09  0.48581E+09  0.48596E+09  0.48610E+09  0.48621E+09  0.48630E+09  0.48637E+09  0.48643E+09  0.48648E+09
rxn00029
  0.00000E+00  0.59670E+02  0.58587E+02  0.57757E+02  0.57135E+02  0.56676E+02  0.56350E+02  0.56126E+02  0.55982E+02  0.55898E+02  0.55859E+02  0.55850E+02  0.55865E+02  0.55894E+02  0.55936E+02  0.55983E+02  0.56035E+02  0.56089E+02  0.56143E+02  0.56197E+02  0.56249E+02  0.56300E+02  0.56349E+02  0.56396E+02  0.56441E+02  0.56483E+02  0.56524E+02  0.56562E+02  0.56598E+02  0.56633E+02  0.56667E+02
rxn00030
  0.00000E+00  0.99014E+00  0.11195E+01  0.13035E+01  0.15173E+01  0.17393E+01  0.19544E+01  0.21556E+01  0.23388E+01  0.25034E+01  0.26501E+01  0.27816E+01  0.28971E+01  0.30022E+01  0.30937E+01  0.31777E+01  0.32509E+01  0.33175E+01  0.33794E+01  0.34354E+01  0.34872E+01  0.35343E+01  0.35775E+01  0.36189E+01  0.36576E+01  0.36933E+01  0.37267E+01  0.37584E+01  0.37886E+01  0.38175E+01  0.38453E+01
rxn00031
  0.00000E+00  0.15698E+02  0.34025E+02  0.53995E+02  0.73995E+02  0.93004E+02  0.11056E+03  0.12664E+03  0.14128E+03  0.15458E+03  0.16666E+03  0.17770E+03  0.18764E+03  0.19683E+03  0.20499E+03  0.21257E+03  0.21923E+03  0.22529E+03  0.23092E+03  0.23596E+03  0.24055E+03  0.24464E+03  0.24823E+03  0.25163E+03  0.25467E+03  0.25732E+03  0.25965E+03  0.26176E+03  0.26365E+03  0.26536E+03  0.26689E+03
rxn00032
  0.00000E+00  0.14454E+06  0.16690E+06  0.19756E+06  0.23290E+06  0.26953E+06  0.30497E+06  0.33807E+06  0.36809E+06  0.39493E+06  0.41872E+06  0.43991E+06  0.45843E+06  0.47519E+06  0.48970E+06  0.50298E+06  0.51452E+06  0.52500E+06  0.53474E+06  0.54357E+06  0.55174E+06  0.55921E+06  0.56607E+06  0.57269E+06  0.57890E+06  0.58467E+06  0.59010E+06  0.59530E+06  0.60029E+06  0.60510E+06  0.60974E+06
rxn00033
  0.00000E+00  0.39449E+05  0.87330E+05  0.14089E+06  0.19552E+06  0.24810E+06  0.29699E+06  0.34193E+06  0.38279E+06  0.41983E+06  0.45332E+06  0.48381E+06  0.51113E+06  0.53631E+06  0.55859E+06  0.57922E+06  0.59732E+06  0.61377E+06  0.62904E+06  0.64272E+06  0.65520E+06  0.66633E+06  0.67618E+06  0.68550E+06  0.69389E+06  0.70125E+06  0.70780E+06  0.71374E+06  0.71915E+06  0.72407E+06  0.72854E+06
rxn00034
  0.00000E+00  0.17390E+04  0.84986E+04  0.22070E+05  0.42430E+05  0.68221E+05  0.97637E+05  0.12928E+06  0.16187E+06  0.19454E+06  0.22664E+06  0.25795E+06  0.28767E+06  0.31646E+06  0.34302E+06  0.36852E+06  0.39159E+06  0.41310E+06  0.43353E+06  0.45220E+06  0.46952E+06  0.48516E+06  0.49914E+06  0.51251E+06  0.52463E+06  0.53531E+06  0.54482E+06  0.55348E+06  0.56134E+06  0.56848E+06  0.57497E+06
rxn00035
  0.00000E+00  0.93528E+05  0.10783E+06  0.12749E+06  0.15013E+06  0.17360E+06  0.19628E+06  0.21744E+06  0.23661E+06  0.25373E+06  0.26888E+06  0.28234E+06  0.29409E+06  0.30469E+06  0.31385E+06  0.32222E+06  0.32946E+06  0.33601E+06  0.34208E+06  0.34757E+06  0.35263E+06  0.35724E+06  0.36145E+06  0.36550E+06  0.36929E+06  0.37280E+06  0.37608E+06  0.37921E+06  0.38221E+06  0.38509E+06  0.38786E+06
rxn00036
  0.00000E+00  0.79065E+04  0.20155E+05  0.38404E+05  0.62715E+05  0.91965E+05  0.12441E+06  0.15861E+06  0.19315E+06  0.22709E+06  0.25977E+06  0.29104E+06  0.32016E+06  0.34794E+06  0.37315E+06  0.39711E+06  0.41857E+06  0.43847E+06  0.45732E+06  0.47456E+06  0.49061E+06  0.50524E+06  0.51852E+06  0.53131E+06  0.54312E+06  0.55383E+06  0.56365E+06  0.57283E+06  0.58143E+06  0.58952E+06  0.59712E+06
rxn00037
  0.00000E+00  0.14694E+02  0.19538E+02  0.27316E+02  0.37892E+02  0.50677E+02  0.64802E+02  0.79546E+02  0.94213E+02  0.10836E+03  0.12171E+03  0.13423E+03  0.14565E+03  0.15637E+03  0.16593E+03  0.17491E+03  0.18288E+03  0.19024E+03  0.19720E+03  0.20358E+03  0.20956E+03  0.21507E+03  0.22018E+03  0.22515E+03  0.22984E+03  0.23422E+03  0.23836E+03  0.24234E+03  0.24618E+03  0.24989E+03  0.25349E+03
rxn00038
  0.00000E+00  0.16673E+06  0.19226E+06  0.22733E+06  0.26774E+06  0.30963E+06  0.35013E+06  0.38793E+06  0.42218E+06  0.45277E+06  0.47984E+06  0.50392E+06  0.52492E+06  0.54390E+06  0.56028E+06  0.57525E+06  0.58820E+06  0.59992E+06  0.61079E+06  0.62059E+06  0.62964E+06  0.63788E+06  0.64540E+06  0.65264E+06  0.65940E+06  0.66566E+06  0.67152E+06  0.67710E+06  0.68244E+06  0.68757E+06  0.69250E+06
rxn00039
  0.00000E+00  0.52762E+02  0.52836E+02  0.52894E+02  0.52941E+02  0.52980E+02  0.53012E+02  0.53040E+02  0.53065E+02  0.53088E+02  0.53110E+02  0.53131E+02  0.53152E+02  0.53173E+02  0.53195E+02  0.53217E+02  0.53239E+02  0.53262E+02  0.53285E+02  0.53308E+02  0.53332E+02  0.53357E+02  0.53381E+02  0.53406E+02  0.53432E+02  0.53457E+02  0.53483E+02  0.53509E+02  0.53536E+02  0.53562E+02  0.53589E+02
rxn00040
  0.00000E+00  0.69752E+06  0.20432E+07  0.39065E+07  0.60501E+07  0.82607E+07  0.10379E+08  0.12335E+08  0.14084E+08  0.15618E+08  0.16948E+08  0.18105E+08  0.19084E+08  0.19944E+08  0.20655E+08  0.21282E+08  0.21795E+08  0.22236E+08  0.22626E+08  0.22954E+08  0.23238E+08  0.23476E+08  0.23672E+08  0.23850E+08  0.24000E+08  0.24122E+08  0.24221E+08  0.24305E+08  0.24374E+08  0.24430E+08  0.24476E+08
rxn00041
  0.00000E+00  0.45516E+08  0.60396E+08  0.71735E+08  0.80197E+08  0.86418E+08  0.90814E+08  0.93846E+08  0.95801E+08  0.96952E+08  0.97515E+08  0.97684E+08  0.97538E+08  0.97224E+08  0.96755E+08  0.96221E+08  0.95634E+08  0.95034E+08  0.94435E+08  0.93849E+08  0.93283E+08  0.92747E+08  0.92247E+08  0.91764E+08  0.91312E+08  0.90898E+08  0.90516E+08  0.90158E+08  0.89823E+08  0.89508E+08  0.89211E+08
rxn00042
  0.00000E+00  0.19033E+04  0.17520E+04  0.16390E+04  0.15556E+04  0.14943E+04  0.14505E+04  0.14195E+04  0.13984E+04  0.13846E+04  0.13762E+04  0.13712E+04  0.13691E+04  0.13684E+04  0.13692E+04  0.13705E+04  0.13722E+04  0.13740E+04  0.13758E+04  0.13775E+04  0.13790E+04  0.13802E+04  0.13810E+04  0.13817E+04  0.13821E+04  0.13821E+04  0.13818E+04  0.13813E+04  0.13805E+04  0.13795E+04  0.13783E+04
rxn00043
  0.00000E+00  0.40865E+06  0.38418E+06  0.36537E+06  0.35117E+06  0.34057E+06  0.33290E+06  0.32743E+06  0.32370E+06  0.32127E+06  0.31979E+06  0.31895E+06  0.31862E+06  0.31856E+06  0.31875E+06  0.31904E+06  0.31941E+06  0.31981E+06  0.32020E+06  0.32057E+06  0.32090E+06  0.32118E+06  0.32140E+06  0.32159E+06  0.32173E+06  0.32180E+06  0.32181E+06  0.32178E+06  0.32171E+06  0.32160E+06  0.32145E+06
rxn00044
  0.00000E+00  0.13904E+03  0.28048E+03  0.40277E+03  0.51156E+03  0.60755E+03  0.69312E+03  0.77088E+03  0.84283E+03  0.91024E+03  0.97384E+03  0.10342E+04  0.10910E+04  0.11452E+04  0.11956E+04  0.12436E+04  0.12875E+04  0.13284E+04  0.13673E+04  0.14029E+04  0.14360E+04  0.14660E+04  0.14929E+04  0.15186E+04  0.15419E+04  0.15625E+04  0.15808E+04  0.15974E+04  0.16125E+04  0.16262E+04  0.16386E+04
rxn00045
  0.00000E+00  0.27838E+05  0.23848E+05  0.20189E+05  0.17759E+05  0.16119E+05  0.15017E+05  0.14268E+05  0.13776E+05  0.13463E+05  0.13278E+05  0.13178E+05  0.13145E+05  0.13148E+05  0.13186E+05  0.13239E+05  0.13307E+05  0.13379E+05  0.13452E+05  0.13524E+05  0.13594E+05  0.13658E+05  0.13716E+05  0.13770E+05  0.13818E+05  0.13858E+05  0.13892E+05  0.13919E+05  0.13942E+05  0.13960E+05  0.13974E+05
rxn00046
  0.00000E+00  0.51997E+04  0.10100E+05  0.12810E+05  0.14143E+05  0.14690E+05  0.14780E+05  0.14639E+05  0.14389E+05  0.14109E+05  0.13843E+05  0.13609E+05  0.13423E+05  0.13272E+05  0.13170E+05  0.13097E+05  0.13063E+05  0.13052E+05  0.13056E+05  0.13077E+05  0.13109E+05  0.13149E+05  0.13194E+05  0.13240E+05  0.13287E+05  0.13332E+05  0.13374E+05  0.13413E+05  0.13448E+05  0.13478E+05  0.13505E+05
rxn00047
  0.00000E+00  0.13266E+03  0.25769E+03  0.32683E+03  0.36085E+03  0.37479E+03  0.37710E+03  0.37349E+03  0.36711E+03  0.35997E+03  0.35319E+03  0.34723E+03  0.34246E+03  0.33860E+03  0.33602E+03  0.33415E+03  0.33328E+03  0.33301E+03  0.33311E+03  0.33365E+03  0.33446E+03  0.33549E+03  0.33664E+03  0.33781E+03  0.33901E+03  0.34016E+03  0.34123E+03  0.34221E+03  0.34310E+03  0.34388E+03  0.34456E+03
rxn00048
  0.00000E+00  0.46803E+06  0.50668E+06  0.56914E+06  0.64371E+06  0.72141E+06  0.79693E+06  0.86798E+06  0.93342E+06  0.99311E+06  0.10472E+07  0.10964E+07  0.11405E+07  0.11810E+07  0.12168E+07  0.12499E+07  0.12791E+07  0.13056E+07  0.13303E+07  0.13526E+07  0.13731E+07  0.13917E+07  0.14084E+07  0.14244E+07  0.14391E+07  0.14523E+07  0.14645E+07  0.14758E+07  0.14864E+07  0.14963E+07  0.15056E+07
rxn00049
  0.00000E+00  0.20322E+01  0.49041E+01  0.91551E+01  0.15258E+02  0.23463E+02  0.33869E+02  0.46423E+02  0.61018E+02  0.77495E+02  0.95675E+02  0.11538E+03  0.13645E+03  0.15874E+03  0.18211E+03  0.20647E+03  0.23169E+03  0.25772E+03  0.28451E+03  0.31198E+03  0.34011E+03  0.36882E+03  0.39811E+03  0.42794E+03  0.45830E+03  0.48916E+03  0.52048E+03  0.55226E+03  0.58449E+03  0.61715E+03  0.65024E+03
rxn00050
  0.00000E+00  0.12397E+06  0.14990E+06  0.15848E+06  0.16215E+06  0.16354E+06  0.16378E+06  0.16350E+06  0.16300E+06  0.16244E+06  0.16189E+06  0.16136E+06  0.16088E+06  0.16044E+06  0.16003E+06  0.15965E+06  0.15929E+06  0.15895E+06  0.15862E+06  0.15830E+06  0.15799E+06  0.15769E+06  0.15739E+06  0.15710E+06  0.15680E+06  0.15651E+06  0.15622E+06  0.15593E+06  0.15564E+06  0.15535E+06  0.15505E+06
rxn00051
  0.00000E+00  0.53800E+06  0.11166E+07  0.17094E+07  0.22760E+07  0.27968E+07  0.32685E+07  0.36973E+07  0.40882E+07  0.44462E+07  0.47749E+07  0.50787E+07  0.53556E+07  0.56139E+07  0.58458E+07  0.60623E+07  0.62538E+07  0.64285E+07  0.65907E+07  0.67358E+07  0.68677E+07  0.69841E+07  0.70855E+07  0.71807E+07  0.72647E+07  0.73364E+07  0.73979E+07  0.74521E+07  0.74995E+07  0.75408E+07  0.75765E+07
rxn00052
  0.00000E+00  0.94285E+05  0.34557E+06  0.71024E+06  0.11470E+07  0.16181E+07  0.20963E+07  0.25640E+07  0.30108E+07  0.34318E+07  0.38253E+07  0.41933E+07  0.45324E+07  0.48510E+07  0.51401E+07  0.54117E+07  0.56549E+07  0.58785E+07  0.60875E+07  0.62764E+07  0.64495E+07  0.66041E+07  0.67404E+07  0.68690E+07  0.69837E+07  0.70829E+07  0.71694E+07  0.72464E+07  0.73146E+07  0.73750E+07  0.74280E+07
rxn00053
  0.00000E+00  0.31037E+02  0.13117E+03  0.31877E+03  0.60633E+03  0.98921E+03  0.14491E+04  0.19638E+04  0.25096E+04  0.30678E+04  0.36240E+04  0.41720E+04  0.46973E+04  0.52093E+04  0.56859E+04  0.61463E+04  0.65671E+04  0.69627E+04  0.73409E+04  0.76902E+04  0.80176E+04  0.83171E+04  0.85890E+04  0.88510E+04  0.90920E+04  0.93087E+04  0.95053E+04  0.96872E+04  0.98556E+04  0.10012E+05  0.10156E+05
rxn00054
  0.00000E+00  0.54403E+06  0.62733E+06  0.74176E+06  0.87364E+06  0.10103E+07  0.11425E+07  0.12658E+07  0.13776E+07  0.14774E+07  0.15657E+07  0.16443E+07  0.17128E+07  0.17747E+07  0.18282E+07  0.18770E+07  0.19193E+07  0.19575E+07  0.19930E+07  0.20250E+07  0.20545E+07  0.20814E+07  0.21059E+07  0.21295E+07  0.21516E+07  0.21720E+07  0.21911E+07  0.22093E+07  0.22268E+07  0.22435E+07  0.22596E+07
rxn00055
  0.00000E+00  0.25115E+03  0.25150E+03  0.25178E+03  0.25200E+03  0.25218E+03  0.25234E+03  0.25247E+03  0.25259E+03  0.25270E+03  0.25280E+03  0.25290E+03  0.25300E+03  0.25310E+03  0.25321E+03  0.25331E+03  0.25342E+03  0.25352E+03  0.25363E+03  0.25374E+03  0.25386E+03  0.25397E+03  0.25409E+03  0.25421E+03  0.25433E+03  0.25445E+03  0.25458E+03  0.25470E+03  0.25483E+03  0.25495E+03  0.25508E+03
rxn00056
  0.00000E+00  0.25115E+02  0.25150E+02  0.25178E+02  0.25200E+02  0.25218E+02  0.25234E+02  0.25247E+02  0.25259E+02  0.25270E+02  0.25280E+02  0.25290E+02  0.25300E+02  0.25310E+02  0.25321E+02  0.25331E+02  0.25342E+02  0.25352E+02  0.25363E+02  0.25374E+02  0.25386E+02  0.25397E+02  0.25409E+02  0.25421E+02  0.25433E+02  0.25445E+02  0.25458E+02  0.25470E+02  0.25483E+02  0.25495E+02  0.25508E+02
rxn00057
  0.00000E+00  0.12004E+06  0.30358E+06  0.51489E+06  0.73738E+06  0.96067E+06  0.11752E+07  0.13762E+07  0.15596E+07  0.17244E+07  0.18711E+07  0.20024E+07  0.21176E+07  0.22220E+07  0.23131E+07  0.23965E+07  0.24698E+07  0.25364E+07  0.25985E+07  0.26552E+07  0.27080E+07  0.27569E+07  0.28023E+07  0.28460E+07  0.28875E+07  0.29267E+07  0.29641E+07  0.30001E+07  0.30350E+07  0.30688E+07  0.31017E+07
rxn00058
  0.00000E+00  0.97556E+01  0.35539E+02  0.72624E+02  0.11939E+03  0.17477E+03  0.23712E+03  0.30482E+03  0.37600E+03  0.44921E+03  0.52324E+03  0.59763E+03  0.67091E+03  0.74411E+03  0.81488E+03  0.88515E+03  0.95245E+03  0.10182E+04  0.10832E+04  0.11461E+04  0.12077E+04  0.12674E+04  0.13250E+04  0.13824E+04  0.14384E+04  0.14926E+04  0.15455E+04  0.15974E+04  0.16486E+04  0.16992E+04  0.17491E+04
rxn00059
  0.00000E+00  0.65544E+03  0.27655E+04  0.63708E+04  0.11326E+05  0.17376E+05  0.24213E+05  0.31589E+05  0.39259E+05  0.47042E+05  0.54799E+05  0.62479E+05  0.69909E+05  0.77221E+05  0.84132E+05  0.90886E+05  0.97183E+05  0.10320E+06  0.10905E+06  0.11456E+06  0.11983E+06  0.12478E+06  0.12941E+06  0.13394E+06  0.13823E+06  0.14224E+06  0.14602E+06  0.14963E+06  0.15308E+06  0.15640E+06  0.15958E+06
rxn00060
  0.00000E+00  0.45446E-01  0.44563E+00  0.18360E+01  0.52079E+01  0.11698E+02  0.22617E+02  0.38935E+02  0.61651E+02  0.91401E+02  0.12858E+03  0.17305E+03  0.22546E+03  0.28454E+03  0.35173E+03  0.42506E+03  0.50627E+03  0.59380E+03  0.68680E+03  0.78613E+03  0.89101E+03  0.10019E+04  0.11189E+04  0.12398E+04  0.13659E+04  0.14977E+04  0.16346E+04  0.17760E+04  0.19218E+04  0.20718E+04  0.22260E+04
rxn00061
  0.00000E+00  0.30609E+06  0.35353E+06  0.41964E+06  0.49727E+06  0.57970E+06  0.66200E+06  0.74178E+06  0.81749E+06  0.88876E+06  0.95565E+06  0.10188E+07  0.10780E+07  0.11347E+07  0.11879E+07  0.12394E+07  0.12880E+07  0.13351E+07  0.13812E+07  0.14258E+07  0.14695E+07  0.15120E+07  0.15535E+07  0.15947E+07  0.16353E+07  0.16751E+07  0.17141E+07  0.17528E+07  0.17911E+07  0.18291E+07  0.18667E+07
rxn00062
  0.00000E+00  0.71931E+01  0.65745E+01  0.58813E+01  0.54203E+01  0.51178E+01  0.49285E+01  0.48177E+01  0.47668E+01  0.47605E+01  0.47875E+01  0.48380E+01  0.49087E+01  0.49911E+01  0.50858E+01  0.51867E+01  0.52943E+01  0.54052E+01  0.55181E+01  0.56327E+01  0.57479E+01  0.58630E+01  0.59772E+01  0.60912E+01  0.62042E+01  0.63152E+01  0.64243E+01  0.65320E+01  0.66380E+01  0.67425E+01  0.68453E+01
rxn00063
  0.00000E+00  0.11791E+07  0.13596E+07  0.16076E+07  0.18934E+07  0.21897E+07  0.24761E+07  0.27433E+07  0.29855E+07  0.32018E+07  0.33933E+07  0.35635E+07  0.37120E+07  0.38462E+07  0.39620E+07  0.40678E+07  0.41593E+07  0.42421E+07  0.43190E+07  0.43882E+07  0.44522E+07  0.45104E+07  0.45636E+07  0.46147E+07  0.46625E+07  0.47067E+07  0.47480E+07  0.47875E+07  0.48252E+07  0.48614E+07  0.48963E+07
rxn00064
  0.00000E+00  0.00000E+00  0.00000E+00  0.00000E+00  0.00000E+00  0.00000E+00  0.00000E+00  0.00000E+00  0.00000E+00  0.00000E+00  0.00000E+00  0.00000E+00  0.00000E+00  0.00000E+00  0.00000E+00  0.00000E+00  0.00000E+00  0.00000E+00  0.00000E+00  0.00000E+00  0.00000E+00  0.00000E+00  0.00000E+00  0.00000E+00  0.00000E+00  0.00000E+00  0.00000E+00  0.00000E+00  0.00000E+00  0.00000E+00  0.00000E+00
rxn00065
  0.00000E+00  0.00000E+00  0.00000E+00  0.00000E+00  0.00000E+00  0.00000E+00  0.00000E+00  0.00000E+00  0.00000E+00  0.00000E+00  0.00000E+00  0.00000E+00  0.00000E+00  0.00000E+00  0.00000E+00  0.00000E+00  0.00000E+00  0.00000E+00  0.00000E+00  0.00000E+00  0.00000E+00  0.00000E+00  0.00000E+00  0.00000E+00  0.00000E+00  0.00000E+00  0.00000E+00  0.00000E+00  0.00000E+00  0.00000E+00  0.00000E+00
rxn00066
  0.00000E+00  0.00000E+00  0.00000E+00  0.00000E+00  0.00000E+00  0.00000E+00  0.00000E+00  0.00000E+00  0.00000E+00  0.00000E+00  0.00000E+00  0.00000E+00  0.00000E+00  0.00000E+00  0.00000E+00  0.00000E+00  0.00000E+00  0.00000E+00  0.00000E+00  0.00000E+00  0.00000E+00  0.00000E+00  0.00000E+00  0.00000E+00  0.00000E+00  0.00000E+00  0.00000E+00  0.00000E+00  0.00000E+00  0.00000E+00  0.00000E+00
rxn00067
  0.00000E+00  0.00000E+00  0.00000E+00  0.00000E+00  0.00000E+00  0.00000E+00  0.00000E+00  0.00000E+00  0.00000E+00  0.00000E+00  0.00000E+00  0.00000E+00  0.00000E+00  0.00000E+00  0.00000E+00  0.00000E+00  0.00000E+00  0.00000E+00  0.00000E+00  0.00000E+00  0.00000E+00  0.00000E+00  0.00000E+00  0.00000E+00  0.00000E+00  0.00000E+00  0.00000E+00  0.00000E+00  0.00000E+00  0.00000E+00  0.00000E+00
rxn00068
  0.00000E+00  0.00000E+00  0.00000E+00  0.00000E+00  0.00000E+00  0.00000E+00  0.00000E+00  0.00000E+00  0.00000E+00  0.00000E+00  0.00000E+00  0.00000E+00  0.00000E+00  0.00000E+00  0.00000E+00  0.00000E+00  0.00000E+00  0.00000E+00  0.00000E+00  0.00000E+00  0.00000E+00  0.00000E+00  0.00000E+00  0.00000E+00  0.00000E+00  0.00000E+00  0.00000E+00  0.00000E+00  0.00000E+00  0.00000E+00  0.00000E+00
rxn00069
  0.00000E+00  0.00000E+00  0.00000E+00  0.00000E+00  0.00000E+00  0.00000E+00  0.00000E+00  0.00000E+00  0.00000E+00  0.00000E+00  0.00000E+00  0.00000E+00  0.00000E+00  0.00000E+00  0.00000E+00  0.00000E+00  0.00000E+00  0.00000E+00  0.00000E+00  0.00000E+00  0.00000E+00  0.00000E+00  0.00000E+00  0.00000E+00  0.00000E+00  0.00000E+00  0.00000E+00  0.00000E+00  0.00000E+00  0.00000E+00  0.00000E+00
rxn00070
  0.00000E+00  0.00000E+00  0.00000E+00  0.00000E+00  0.00000E+00  0.00000E+00  0.00000E+00  0.00000E+00  0.00000E+00  0.00000E+00  0.00000E+00  0.00000E+00  0.00000E+00  0.00000E+00  0.00000E+00  0.00000E+00  0.00000E+00  0.00000E+00  0.00000E+00  0.00000E+00  0.00000E+00  0.00000E+00  0.00000E+00  0.00000E+00  0.00000E+00  0.00000E+00  0.00000E+00  0.00000E+00  0.00000E+00  0.00000E+00  0.00000E+00
rxn00071
  0.00000E+00  0.00000E+00  0.00000E+00  0.00000E+00  0.00000E+00  0.00000E+00  0.00000E+00  0.00000E+00  0.00000E+00  0.00000E+00  0.00000E+00  0.00000E+00  0.00000E+00  0.00000E+00  0.00000E+00  0.00000E+00  0.00000E+00  0.00000E+00  0.00000E+00  0.00000E+00  0.00000E+00  0.00000E+00  0.00000E+00  0.00000E+00  0.00000E+00  0.00000E+00  0.00000E+00  0.00000E+00  0.00000E+00  0.00000E+00  0.00000E+00
rxn00072
  0.00000E+00  0.00000E+00  0.00000E+00  0.00000E+00  0.00000E+00  0.00000E+00  0.00000E+00  0.00000E+00  0.00000E+00  0.00000E+00  0.00000E+00  0.00000E+00  0.00000E+00  0.00000E+00  0.00000E+00  0.00000E+00  0.00000E+00  0.00000E+00  0.00000E+00  0.00000E+00  0.00000E+00  0.00000E+00  0.00000E+00  0.00000E+00  0.00000E+00  0.00000E+00  0.00000E+00  0.00000E+00  0.00000E+00  0.00000E+00  0.00000E+00
rxn00073
  0.00000E+00  0.00000E+00  0.00000E+00  0.00000E+00  0.00000E+00  0.00000E+00  0.00000E+00  0.00000E+00  0.00000E+00  0.00000E+00  0.00000E+00  0.00000E+00  0.00000E+00  0.00000E+00  0.00000E+00  0.00000E+00  0.00000E+00  0.00000E+00  0.00000E+00  0.00000E+00  0.00000E+00  0.00000E+00  0.00000E+00  0.00000E+00  0.00000E+00  0.00000E+00  0.00000E+00  0.00000E+00  0.00000E+00  0.00000E+00  0.00000E+00
rxn00074
  0.00000E+00  0.00000E+00  0.00000E+00  0.00000E+00  0.00000E+00  0.00000E+00  0.00000E+00  0.00000E+00  0.00000E+00  0.00000E+00  0.00000E+00  0.00000E+00  0.00000E+00  0.00000E+00  0.00000E+00  0.00000E+00  0.00000E+00  0.00000E+00  0.00000E+00  0.00000E+00  0.00000E+00  0.00000E+00  0.00000E+00  0.00000E+00  0.00000E+00  0.00000E+00  0.00000E+00  0.00000E+00  0.00000E+00  0.00000E+00  0.00000E+00
rxn00075
  0.00000E+00  0.00000E+00  0.00000E+00  0.00000E+00  0.00000E+00  0.00000E+00  0.00000E+00  0.00000E+00  0.00000E+00  0.00000E+00  0.00000E+00  0.00000E+00  0.00000E+00  0.00000E+00  0.00000E+00  0.00000E+00  0.00000E+00  0.00000E+00  0.00000E+00  0.00000E+00  0.00000E+00  0.00000E+00  0.00000E+00  0.00000E+00  0.00000E+00  0.00000E+00  0.00000E+00  0.00000E+00  0.00000E+00  0.00000E+00  0.00000E+00
rxn00076
  0.00000E+00  0.00000E+00  0.00000E+00  0.00000E+00  0.00000E+00  0.00000E+00  0.00000E+00  0.00000E+00  0.00000E+00  0.00000E+00  0.00000E+00  0.00000E+00  0.00000E+00  0.00000E+00  0.00000E+00  0.00000E+00  0.00000E+00  0.00000E+00  0.00000E+00  0.00000E+00  0.00000E+00  0.00000E+00  0.00000E+00  0.00000E+00  0.00000E+00  0.00000E+00  0.00000E+00  0.00000E+00  0.00000E+00  0.00000E+00  0.00000E+00
rxn00077
  0.00000E+00  0.00000E+00  0.00000E+00  0.00000E+00  0.00000E+00  0.00000E+00  0.00000E+00  0.00000E+00  0.00000E+00  0.00000E+00  0.00000E+00  0.00000E+00  0.00000E+00  0.00000E+00  0.00000E+00  0.00000E+00  0.00000E+00  0.00000E+00  0.00000E+00  0.00000E+00  0.00000E+00  0.00000E+00  0.00000E+00  0.00000E+00  0.00000E+00  0.00000E+00  0.00000E+00  0.00000E+00  0.00000E+00  0.00000E+00  0.00000E+00
rxn00078
  0.00000E+00  0.00000E+00  0.00000E+00  0.00000E+00  0.00000E+00  0.00000E+00  0.00000E+00  0.00000E+00  0.00000E+00  0.00000E+00  0.00000E+00  0.00000E+00  0.00000E+00  0.00000E+00  0.00000E+00  0.00000E+00  0.00000E+00  0.00000E+00  0.00000E+00  0.00000E+00  0.00000E+00  0.00000E+00  0.00000E+00  0.00000E+00  0.00000E+00  0.00000E+00  0.00000E+00  0.00000E+00  0.00000E+00  0.00000E+00  0.00000E+00
rxn00079
  0.00000E+00  0.37653E+02  0.29297E+03  0.10315E+04  0.25296E+04  0.50685E+04  0.87746E+04  0.13629E+05  0.19640E+05  0.26678E+05  0.34623E+05  0.43291E+05  0.52632E+05  0.62398E+05  0.72663E+05  0.83137E+05  0.93963E+05  0.10491E+06  0.11599E+06  0.12725E+06  0.13857E+06  0.14999E+06  0.16143E+06  0.17286E+06  0.18442E+06  0.19595E+06  0.20745E+06  0.21893E+06  0.23039E+06  0.24183E+06  0.25323E+06
rxn00080
  0.00000E+00  0.32517E-17  0.25301E-16  0.89079E-16  0.21846E-15  0.43772E-15  0.75778E-15  0.11771E-14  0.16961E-14  0.23039E-14  0.29901E-14  0.37386E-14  0.45454E-14  0.53887E-14  0.62752E-14  0.71798E-14  0.81147E-14  0.90603E-14  0.10017E-13  0.10989E-13  0.11967E-13  0.12953E-13  0.13941E-13  0.14928E-13  0.15926E-13  0.16922E-13  0.17916E-13  0.18907E-13  0.19897E-13  0.20884E-13  0.21870E-13
rxn00081
  0.00000E+00  0.00000E+00  0.00000E+00  0.00000E+00  0.00000E+00  0.00000E+00  0.00000E+00  0.00000E+00  0.00000E+00  0.00000E+00  0.00000E+00  0.00000E+00  0.00000E+00  0.00000E+00  0.00000E+00  0.00000E+00  0.00000E+00  0.00000E+00  0.00000E+00  0.00000E+00  0.00000E+00  0.00000E+00  0.00000E+00  0.00000E+00  0.00000E+00  0.00000E+00  0.00000E+00  0.00000E+00  0.00000E+00  0.00000E+00  0.00000E+00
rxn00082
  0.00000E+00  0.15921E+02  0.36664E+02  0.64909E+02  0.10170E+03  0.14661E+03  0.19831E+03  0.25541E+03  0.31637E+03  0.38000E+03  0.44531E+03  0.51181E+03  0.57842E+03  0.64570E+03  0.71205E+03  0.77867E+03  0.84388E+03  0.90858E+03  0.97321E+03  0.10369E+04  0.11000E+04  0.11621E+04  0.12231E+04  0.12841E+04  0.13443E+04  0.14032E+04  0.14611E+04  0.15183E+04  0.15749E+04  0.16307E+04  0.16858E+04
rxn00083
  0.00000E+00  0.15390E+01  0.30780E+01  0.46136E+01  0.61428E+01  0.76633E+01  0.91720E+01  0.10668E+02  0.12148E+02  0.13611E+02  0.15056E+02  0.16484E+02  0.17891E+02  0.19284E+02  0.20652E+02  0.22005E+02  0.23333E+02  0.24641E+02  0.25936E+02  0.27208E+02  0.28463E+02  0.29695E+02  0.30902E+02  0.32099E+02  0.33274E+02  0.34423E+02  0.35549E+02  0.36654E+02  0.37739E+02  0.38805E+02  0.39851E+02
rxn00084
  0.00000E+00  0.10602E-02  0.19321E-02  0.25778E-02  0.31412E-02  0.36677E-02  0.41836E-02  0.47005E-02  0.52275E-02  0.57677E-02  0.63215E-02  0.68868E-02  0.74637E-02  0.80480E-02  0.86389E-02  0.92339E-02  0.98291E-02  0.10424E-01  0.11018E-01  0.11607E-01  0.12192E-01  0.12769E-01  0.13335E-01  0.13898E-01  0.14451E-01  0.14991E-01  0.15517E-01  0.16033E-01  0.16539E-01  0.17034E-01  0.17517E-01
rxn00085
  0.00000E+00  0.18774E+01  0.97142E+01  0.25368E+02  0.49578E+02  0.82131E+02  0.12237E+03  0.16891E+03  0.22049E+03  0.27574E+03  0.33354E+03  0.39293E+03  0.45345E+03  0.51432E+03  0.57561E+03  0.63662E+03  0.69759E+03  0.75797E+03  0.81786E+03  0.87746E+03  0.93654E+03  0.99515E+03  0.10531E+04  0.11103E+04  0.11671E+04  0.12234E+04  0.12788E+04  0.13334E+04  0.13873E+04  0.14406E+04  0.14932E+04
rxn00086
  0.00000E+00  0.10561E-01  0.91166E-01  0.32336E+00  0.78450E+00  0.15304E+01  0.25973E+01  0.39942E+01  0.57180E+01  0.77496E+01  0.10063E+02  0.12631E+02  0.15422E+02  0.18414E+02  0.21568E+02  0.24873E+02  0.28279E+02  0.31772E+02  0.35358E+02  0.39001E+02  0.42694E+02  0.46403E+02  0.50099E+02  0.53833E+02  0.57564E+02  0.61255E+02  0.64899E+02  0.68512E+02  0.72091E+02  0.75636E+02  0.79145E+02
rxn00087
  0.00000E+00  0.56522E-06  0.11175E-04  0.70398E-04  0.27168E-03  0.76850E-03  0.18043E-02  0.36421E-02  0.66299E-02  0.11109E-01  0.17416E-01  0.25732E-01  0.36598E-01  0.49689E-01  0.66062E-01  0.84883E-01  0.10757E+00  0.13340E+00  0.16201E+00  0.19431E+00  0.22993E+00  0.26960E+00  0.31361E+00  0.36015E+00  0.41060E+00  0.46586E+00  0.52552E+00  0.58906E+00  0.65653E+00  0.72791E+00  0.80324E+00
rxn00088
  0.00000E+00  0.43227E-03  0.38979E-02  0.16522E-01  0.49004E-01  0.11504E+00  0.23243E+00  0.41654E+00  0.68496E+00  0.10516E+01  0.15276E+01  0.21153E+01  0.28321E+01  0.36589E+01  0.46310E+01  0.57125E+01  0.69493E+01  0.83127E+01  0.97863E+01  0.11397E+02  0.13132E+02  0.15010E+02  0.17040E+02  0.19164E+02  0.21422E+02  0.23842E+02  0.26412E+02  0.29114E+02  0.31948E+02  0.34916E+02  0.38015E+02
rxn00089
  0.00000E+00  0.31774E-07  0.22674E-06  0.72428E-06  0.16708E-05  0.31768E-05  0.54126E-05  0.84622E-05  0.12493E-04  0.17618E-04  0.23937E-04  0.31419E-04  0.40340E-04  0.50340E-04  0.62020E-04  0.74777E-04  0.89348E-04  0.10527E-03  0.12230E-03  0.14083E-03  0.16066E-03  0.18205E-03  0.20508E-03  0.22895E-03  0.25421E-03  0.28116E-03  0.30962E-03  0.33936E-03  0.37036E-03  0.40259E-03  0.43604E-03
rxn00090
  0.00000E+00  0.15345E+05  0.65560E+05  0.13705E+06  0.21506E+06  0.29223E+06  0.36499E+06  0.43239E+06  0.49374E+06  0.54902E+06  0.59851E+06  0.64313E+06  0.68278E+06  0.71914E+06  0.75151E+06  0.78160E+06  0.80882E+06  0.83424E+06  0.85840E+06  0.88117E+06  0.90298E+06  0.92389E+06  0.94409E+06  0.96385E+06  0.98313E+06  0.10020E+07  0.10206E+07  0.10389E+07  0.10570E+07  0.10749E+07  0.10926E+07
rxn00091
  0.00000E+00  0.37505E+05  0.11353E+06  0.19002E+06  0.25637E+06  0.31352E+06  0.36424E+06  0.41070E+06  0.45417E+06  0.49528E+06  0.53433E+06  0.57167E+06  0.60719E+06  0.64146E+06  0.67398E+06  0.70551E+06  0.73542E+06  0.76427E+06  0.79235E+06  0.81938E+06  0.84565E+06  0.87099E+06  0.89547E+06  0.91957E+06  0.94300E+06  0.96573E+06  0.98783E+06  0.10095E+07  0.10306E+07  0.10514E+07  0.10718E+07
rxn00092
  0.00000E+00  0.21859E+02  0.14652E+03  0.40153E+03  0.77613E+03  0.12505E+04  0.18151E+04  0.24581E+04  0.31765E+04  0.39659E+04  0.48228E+04  0.57388E+04  0.67203E+04  0.77473E+04  0.88402E+04  0.99720E+04  0.11168E+05  0.12408E+05  0.13682E+05  0.15003E+05  0.16362E+05  0.17768E+05  0.19222E+05  0.20697E+05  0.22211E+05  0.23774E+05  0.25378E+05  0.27016E+05  0.28687E+05  0.30392E+05  0.32129E+05
rxn00093
  0.00000E+00  0.92628E+02  0.66024E+03  0.18746E+04  0.36517E+04  0.58433E+04  0.83134E+04  0.10972E+05  0.13740E+05  0.16558E+05  0.19378E+05  0.22185E+05  0.24920E+05  0.27629E+05  0.30218E+05  0.32769E+05  0.35185E+05  0.37525E+05  0.39823E+05  0.42029E+05  0.44173E+05  0.46229E+05  0.48198E+05  0.50148E+05  0.52033E+05  0.53841E+05  0.55585E+05  0.57284E+05  0.58942E+05  0.60560E+05  0.62144E+05
rxn00094
  0.00000E+00  0.43593E+01  0.26828E+02  0.67569E+02  0.12171E+03  0.18584E+03  0.25743E+03  0.33478E+03  0.41611E+03  0.49995E+03  0.58505E+03  0.67098E+03  0.75620E+03  0.84183E+03  0.92544E+03  0.10091E+04  0.10903E+04  0.11706E+04  0.12508E+04  0.13296E+04  0.14078E+04  0.14847E+04  0.15604E+04  0.16365E+04  0.17120E+04  0.17864E+04  0.18602E+04  0.19338E+04  0.20071E+04  0.20804E+04  0.21537E+04
rxn00095
  0.00000E+00  0.59523E+01  0.36631E+02  0.92260E+02  0.16619E+03  0.25375E+03  0.35150E+03  0.45711E+03  0.56817E+03  0.68264E+03  0.79884E+03  0.91617E+03  0.10325E+04  0.11494E+04  0.12636E+04  0.13779E+04  0.14888E+04  0.15984E+04  0.17078E+04  0.18154E+04  0.19222E+04  0.20272E+04  0.21305E+04  0.22345E+04  0.23375E+04  0.24392E+04  0.25400E+04  0.26404E+04  0.27406E+04  0.28406E+04  0.29407E+04
rxn00096
  0.00000E+00  0.98835E+00  0.10275E+02  0.31897E+02  0.62957E+02  0.10026E+03  0.14180E+03  0.18655E+03  0.23364E+03  0.28231E+03  0.33190E+03  0.38222E+03  0.43244E+03  0.48321E+03  0.53325E+03  0.58370E+03  0.63329E+03  0.68285E+03  0.73280E+03  0.78254E+03  0.83253E+03  0.88243E+03  0.93233E+03  0.98296E+03  0.10338E+04  0.10848E+04  0.11360E+04  0.11877E+04  0.12398E+04  0.12924E+04  0.13455E+04
rxn00097
  0.00000E+00  0.45078E-02  0.77627E-01  0.41236E+00  0.13340E+01  0.32168E+01  0.64886E+01  0.11465E+02  0.18472E+02  0.27723E+02  0.39358E+02  0.53340E+02  0.69899E+02  0.88627E+02  0.11003E+03  0.13346E+03  0.15955E+03  0.18778E+03  0.21786E+03  0.25015E+03  0.28438E+03  0.32078E+03  0.35940E+03  0.39945E+03  0.44143E+03  0.48562E+03  0.53182E+03  0.57980E+03  0.62954E+03  0.68103E+03  0.73424E+03
rxn00098
  0.00000E+00  0.00000E+00  0.00000E+00  0.00000E+00  0.00000E+00  0.00000E+00  0.00000E+00  0.00000E+00  0.00000E+00  0.00000E+00  0.00000E+00  0.00000E+00  0.00000E+00  0.00000E+00  0.00000E+00  0.00000E+00  0.00000E+00  0.00000E+00  0.00000E+00  0.00000E+00  0.00000E+00  0.00000E+00  0.00000E+00  0.00000E+00  0.00000E+00  0.00000E+00  0.00000E+00  0.00000E+00  0.00000E+00  0.00000E+00  0.00000E+00
rxn00099
  0.00000E+00  0.00000E+00  0.00000E+00  0.00000E+00  0.00000E+00  0.00000E+00  0.00000E+00  0.00000E+00  0.00000E+00  0.00000E+00  0.00000E+00  0.00000E+00  0.00000E+00  0.00000E+00  0.00000E+00  0.00000E+00  0.00000E+00  0.00000E+00  0.00000E+00  0.00000E+00  0.00000E+00  0.00000E+00  0.00000E+00  0.00000E+00  0.00000E+00  0.00000E+00  0.00000E+00  0.00000E+00  0.00000E+00  0.00000E+00  0.00000E+00
rxn00100
  0.00000E+00  0.64400E+07  0.73993E+07  0.87120E+07  0.10210E+08  0.11739E+08  0.13187E+08  0.14503E+08  0.15657E+08  0.16645E+08  0.17477E+08  0.18175E+08  0.18739E+08  0.19212E+08  0.19574E+08  0.19872E+08  0.20086E+08  0.20247E+08  0.20368E+08  0.20444E+08  0.20488E+08  0.20497E+08  0.20478E+08  0.20444E+08  0.20389E+08  0.20316E+08  0.20226E+08  0.20126E+08  0.20015E+08  0.19896E+08  0.19769E+08
rxn00101
  0.00000E+00  0.19510E+06  0.19467E+06  0.19406E+06  0.19327E+06  0.19229E+06  0.19114E+06  0.18984E+06  0.18840E+06  0.18684E+06  0.18518E+06  0.18345E+06  0.18165E+06  0.17981E+06  0.17791E+06  0.17600E+06  0.17405E+06  0.17208E+06  0.17011E+06  0.16812E+06  0.16613E+06  0.16414E+06  0.16215E+06  0.16016E+06  0.15817E+06  0.15619E+06  0.15422E+06  0.15226E+06  0.15031E+06  0.14838E+06  0.14645E+06
rxn00102
  0.00000E+00  0.17708E+05  0.16101E+05  0.14287E+05  0.13022E+05  0.12126E+05  0.11488E+05  0.11022E+05  0.10682E+05  0.10432E+05  0.10245E+05  0.10098E+05  0.99846E+04  0.98876E+04  0.98062E+04  0.97309E+04  0.96607E+04  0.95915E+04  0.95216E+04  0.94503E+04  0.93766E+04  0.92998E+04  0.92194E+04  0.91368E+04  0.90511E+04  0.89620E+04  0.88699E+04  0.87756E+04  0.86794E+04  0.85816E+04  0.84824E+04
rxn00103
  0.00000E+00  0.12349E+07  0.30126E+07  0.48463E+07  0.65589E+07  0.81166E+07  0.95055E+07  0.10738E+08  0.11811E+08  0.12733E+08  0.13513E+08  0.14175E+08  0.14716E+08  0.15176E+08  0.15535E+08  0.15836E+08  0.16058E+08  0.16231E+08  0.16369E+08  0.16465E+08  0.16530E+08  0.16563E+08  0.16567E+08  0.16560E+08  0.16534E+08  0.16487E+08  0.16426E+08  0.16355E+08  0.16274E+08  0.16185E+08  0.16089E+08
rxn00104
  0.00000E+00  0.16688E+06  0.40710E+06  0.65491E+06  0.88633E+06  0.10968E+07  0.12845E+07  0.14511E+07  0.15961E+07  0.17206E+07  0.18261E+07  0.19156E+07  0.19887E+07  0.20508E+07  0.20993E+07  0.21399E+07  0.21700E+07  0.21934E+07  0.22121E+07  0.22250E+07  0.22338E+07  0.22382E+07  0.22388E+07  0.22379E+07  0.22343E+07  0.22280E+07  0.22198E+07  0.22101E+07  0.21992E+07  0.21872E+07  0.21742E+07
rxn00105
  0.00000E+00  0.12798E+05  0.52084E+05  0.11380E+06  0.19119E+06  0.27862E+06  0.37169E+06  0.46779E+06  0.56428E+06  0.65923E+06  0.75110E+06  0.83946E+06  0.92207E+06  0.10010E+07  0.10723E+07  0.11398E+07  0.11992E+07  0.12534E+07  0.13037E+07  0.13482E+07  0.13882E+07  0.14228E+07  0.14520E+07  0.14792E+07  0.15023E+07  0.15208E+07  0.15358E+07  0.15481E+07  0.15579E+07  0.15655E+07  0.15710E+07
rxn00106
  0.00000E+00  0.31129E+01  0.10938E+02  0.21201E+02  0.32937E+02  0.45798E+02  0.59486E+02  0.73769E+02  0.88321E+02  0.10288E+03  0.11721E+03  0.13123E+03  0.14462E+03  0.15763E+03  0.16974E+03  0.18141E+03  0.19207E+03  0.20208E+03  0.21163E+03  0.22043E+03  0.22865E+03  0.23616E+03  0.24296E+03  0.24949E+03  0.25546E+03  0.26081E+03  0.26565E+03  0.27010E+03  0.27420E+03  0.27796E+03  0.28141E+03
rxn00107
  0.00000E+00  0.64624E+00  0.38360E+01  0.91641E+01  0.15600E+02  0.22624E+02  0.30003E+02  0.37640E+02  0.45409E+02  0.53193E+02  0.60883E+02  0.68447E+02  0.75725E+02  0.82849E+02  0.89556E+02  0.96082E+02  0.10215E+03  0.10794E+03  0.11353E+03  0.11880E+03  0.12382E+03  0.12853E+03  0.13293E+03  0.13721E+03  0.14125E+03  0.14502E+03  0.14855E+03  0.15190E+03  0.15508E+03  0.15811E+03  0.16098E+03
rxn00108
  0.00000E+00  0.15062E+03  0.76588E+03  0.21856E+04  0.47497E+04  0.86988E+04  0.14192E+05  0.21241E+05  0.29806E+05  0.39775E+05  0.51000E+05  0.63315E+05  0.76575E+05  0.90642E+05  0.10536E+06  0.12067E+06  0.13640E+06  0.15252E+06  0.16900E+06  0.18573E+06  0.20270E+06  0.21980E+06  0.23699E+06  0.25438E+06  0.27186E+06  0.28931E+06  0.30676E+06  0.32422E+06  0.34168E+06  0.35914E+06  0.37657E+06
rxn00109
  0.00000E+00  0.95591E+01  0.42212E+02  0.10199E+03  0.18835E+03  0.29851E+03  0.43093E+03  0.58244E+03  0.75136E+03  0.93532E+03  0.11321E+04  0.13388E+04  0.15550E+04  0.17772E+04  0.20062E+04  0.22389E+04  0.24760E+04  0.27157E+04  0.29569E+04  0.31997E+04  0.34433E+04  0.36873E+04  0.39311E+04  0.41748E+04  0.44180E+04  0.46597E+04  0.48999E+04  0.51386E+04  0.53757E+04  0.56109E+04  0.58442E+04
rxn00110
  0.00000E+00  0.41998E+03  0.19798E+04  0.55093E+04  0.11832E+05  0.21524E+05  0.34960E+05  0.52158E+05  0.73010E+05  0.97231E+05  0.12445E+06  0.15428E+06  0.18633E+06  0.22028E+06  0.25575E+06  0.29259E+06  0.33036E+06  0.36900E+06  0.40847E+06  0.44845E+06  0.48893E+06  0.52967E+06  0.57052E+06  0.61182E+06  0.65323E+06  0.69449E+06  0.73562E+06  0.77672E+06  0.81774E+06  0.85865E+06  0.89942E+06
rxn00111
  0.00000E+00  0.30425E+01  0.12455E+02  0.29346E+02  0.53557E+02  0.84310E+02  0.12117E+03  0.16325E+03  0.21008E+03  0.26099E+03  0.31534E+03  0.37237E+03  0.43191E+03  0.49300E+03  0.55586E+03  0.61964E+03  0.68451E+03  0.74997E+03  0.81576E+03  0.88185E+03  0.94806E+03  0.10143E+04  0.10802E+04  0.11461E+04  0.12117E+04  0.12768E+04  0.13412E+04  0.14052E+04  0.14685E+04  0.15313E+04  0.15933E+04
rxn00112
  0.00000E+00  0.25840E+02  0.27594E+03  0.11891E+04  0.33689E+04  0.73720E+04  0.13741E+05  0.22680E+05  0.34370E+05  0.48731E+05  0.65590E+05  0.84550E+05  0.10568E+06  0.12817E+06  0.15254E+06  0.17778E+06  0.20453E+06  0.23202E+06  0.26002E+06  0.28884E+06  0.31815E+06  0.34807E+06  0.37842E+06  0.40878E+06  0.43950E+06  0.47057E+06  0.50173E+06  0.53289E+06  0.56404E+06  0.59518E+06  0.62627E+06
rxn00113
  0.00000E+00  0.33223E+01  0.35478E+02  0.15288E+03  0.43314E+03  0.94782E+03  0.17668E+04  0.29160E+04  0.44189E+04  0.62654E+04  0.84330E+04  0.10871E+05  0.13587E+05  0.16479E+05  0.19612E+05  0.22858E+05  0.26297E+05  0.29831E+05  0.33431E+05  0.37136E+05  0.40905E+05  0.44752E+05  0.48654E+05  0.52557E+05  0.56508E+05  0.60502E+05  0.64508E+05  0.68514E+05  0.72520E+05  0.76523E+05  0.80520E+05
rxn00114
  0.00000E+00  0.23869E+00  0.42525E+01  0.24890E+02  0.87537E+02  0.22557E+03  0.47895E+03  0.88069E+03  0.14636E+04  0.22490E+04  0.32497E+04  0.44631E+04  0.59022E+04  0.75352E+04  0.93859E+04  0.11406E+05  0.13615E+05  0.15971E+05  0.18459E+05  0.21082E+05  0.23816E+05  0.26652E+05  0.29564E+05  0.32546E+05  0.35595E+05  0.38691E+05  0.41814E+05  0.44962E+05  0.48130E+05  0.51314E+05  0.54509E+05
rxn00115
  0.00000E+00  0.16998E+02  0.96931E+02  0.28600E+03  0.63122E+03  0.11670E+04  0.19178E+04  0.28888E+04  0.40795E+04  0.54796E+04  0.70742E+04  0.88438E+04  0.10777E+05  0.12850E+05  0.15060E+05  0.17384E+05  0.19821E+05  0.22358E+05  0.24986E+05  0.27701E+05  0.30499E+05  0.33377E+05  0.36335E+05  0.39360E+05  0.42457E+05  0.45628E+05  0.48870E+05  0.52178E+05  0.55551E+05  0.58989E+05  0.62491E+05
rxn00116
  0.00000E+00  0.12485E-02  0.56340E-02  0.12528E-01  0.21505E-01  0.32200E-01  0.44626E-01  0.58642E-01  0.74350E-01  0.91735E-01  0.11077E+00  0.13126E+00  0.15338E+00  0.17666E+00  0.20153E+00  0.22738E+00  0.25465E+00  0.28293E+00  0.31200E+00  0.34204E+00  0.37286E+00  0.40451E+00  0.43697E+00  0.46989E+00  0.50344E+00  0.53766E+00  0.57246E+00  0.60774E+00  0.64347E+00  0.67964E+00  0.71623E+00
rxn00117
  0.00000E+00  0.37657E+02  0.29309E+03  0.10348E+04  0.25533E+04  0.50707E+04  0.87476E+04  0.13592E+05  0.19583E+05  0.26600E+05  0.34517E+05  0.43147E+05  0.52457E+05  0.62163E+05  0.72391E+05  0.82791E+05  0.93575E+05  0.10444E+06  0.11544E+06  0.12663E+06  0.13787E+06  0.14921E+06  0.16057E+06  0.17189E+06  0.18335E+06  0.19481E+06  0.20622E+06  0.21759E+06  0.22895E+06  0.24028E+06  0.25157E+06
rxn00118
  0.00000E+00  0.69401E+02  0.38271E+03  0.10819E+04  0.22951E+04  0.41021E+04  0.65824E+04  0.97344E+04  0.13583E+05  0.18094E+05  0.23237E+05  0.28920E+05  0.35176E+05  0.41811E+05  0.48955E+05  0.56350E+05  0.64156E+05  0.72148E+05  0.80348E+05  0.88787E+05  0.97355E+05  0.10607E+06  0.11484E+06  0.12366E+06  0.13261E+06  0.14157E+06  0.15050E+06  0.15942E+06  0.16832E+06  0.17721E+06  0.18608E+06
rxn00119
  0.00000E+00  0.35215E-01  0.37491E+00  0.15605E+01  0.43797E+01  0.96838E+01  0.18693E+02  0.32353E+02  0.52080E+02  0.79090E+02  0.11455E+03  0.15869E+03  0.21409E+03  0.27814E+03  0.35651E+03  0.44395E+03  0.54808E+03  0.66459E+03  0.79124E+03  0.93272E+03  0.10869E+04  0.12574E+04  0.14457E+04  0.16422E+04  0.18538E+04  0.20852E+04  0.23342E+04  0.25981E+04  0.28769E+04  0.31707E+04  0.34795E+04
rxn00120
  0.00000E+00  0.17938E+00  0.23292E+01  0.11170E+02  0.34212E+02  0.80010E+02  0.15723E+03  0.27216E+03  0.43004E+03  0.63306E+03  0.88189E+03  0.11745E+04  0.15108E+04  0.18846E+04  0.22969E+04  0.27391E+04  0.32122E+04  0.37072E+04  0.42261E+04  0.47661E+04  0.53220E+04  0.58916E+04  0.64687E+04  0.70574E+04  0.76575E+04  0.82601E+04  0.88624E+04  0.94673E+04  0.10074E+05  0.10683E+05  0.11291E+05
rxn00121
  0.00000E+00  0.24346E-01  0.27294E+00  0.11611E+01  0.32886E+01  0.73384E+01  0.14041E+02  0.23948E+02  0.37558E+02  0.55125E+02  0.76787E+02  0.10244E+03  0.13222E+03  0.16560E+03  0.20287E+03  0.24326E+03  0.28707E+03  0.33352E+03  0.38279E+03  0.43481E+03  0.48913E+03  0.54568E+03  0.60395E+03  0.66419E+03  0.72659E+03  0.79040E+03  0.85535E+03  0.92168E+03  0.98936E+03  0.10583E+04  0.11285E+04
rxn00122
  0.00000E+00  0.37397E-02  0.70825E-01  0.37134E+00  0.11525E+01  0.26824E+01  0.52399E+01  0.90412E+01  0.14288E+02  0.21089E+02  0.29513E+02  0.39537E+02  0.51226E+02  0.64402E+02  0.79199E+02  0.95331E+02  0.11297E+03  0.13181E+03  0.15195E+03  0.17339E+03  0.19598E+03  0.21974E+03  0.24449E+03  0.27029E+03  0.29727E+03  0.32518E+03  0.35391E+03  0.38353E+03  0.41404E+03  0.44543E+03  0.47768E+03
rxn00123
  0.00000E+00  0.34601E-05  0.11938E-03  0.10571E-02  0.51588E-02  0.17548E-01  0.47347E-01  0.10715E+00  0.21365E+00  0.38523E+00  0.64173E+00  0.10001E+01  0.14838E+01  0.20989E+01  0.28763E+01  0.38071E+01  0.49274E+01  0.62215E+01  0.77040E+01  0.93941E+01  0.11281E+02  0.13380E+02  0.15678E+02  0.18174E+02  0.20902E+02  0.23836E+02  0.26959E+02  0.30284E+02  0.33811E+02  0.37540E+02  0.41468E+02
rxn00124
  0.00000E+00  0.82202E+00  0.39194E+01  0.10776E+02  0.22961E+02  0.41582E+02  0.67371E+02  0.10039E+03  0.14049E+03  0.18718E+03  0.23982E+03  0.29768E+03  0.36014E+03  0.42655E+03  0.49634E+03  0.56912E+03  0.64429E+03  0.72163E+03  0.80098E+03  0.88193E+03  0.96439E+03  0.10480E+04  0.11327E+04  0.12186E+04  0.13054E+04  0.13928E+04  0.14808E+04  0.15695E+04  0.16588E+04  0.17486E+04  0.18389E+04
rxn00125
  0.00000E+00  0.00000E+00  0.00000E+00  0.00000E+00  0.00000E+00  0.00000E+00  0.00000E+00  0.00000E+00  0.00000E+00  0.00000E+00  0.00000E+00  0.00000E+00  0.00000E+00  0.00000E+00  0.00000E+00  0.00000E+00  0.00000E+00  0.00000E+00  0.00000E+00  0.00000E+00  0.00000E+00  0.00000E+00  0.00000E+00  0.00000E+00  0.00000E+00  0.00000E+00  0.00000E+00  0.00000E+00  0.00000E+00  0.00000E+00  0.00000E+00
rxn00126
  0.00000E+00  0.00000E+00  0.00000E+00  0.00000E+00  0.00000E+00  0.00000E+00  0.00000E+00  0.00000E+00  0.00000E+00  0.00000E+00  0.00000E+00  0.00000E+00  0.00000E+00  0.00000E+00  0.00000E+00  0.00000E+00  0.00000E+00  0.00000E+00  0.00000E+00  0.00000E+00  0.00000E+00  0.00000E+00  0.00000E+00  0.00000E+00  0.00000E+00  0.00000E+00  0.00000E+00  0.00000E+00  0.00000E+00  0.00000E+00  0.00000E+00
rxn00127
  0.00000E+00  0.00000E+00  0.00000E+00  0.00000E+00  0.00000E+00  0.00000E+00  0.00000E+00  0.00000E+00  0.00000E+00  0.00000E+00  0.00000E+00  0.00000E+00  0.00000E+00  0.00000E+00  0.00000E+00  0.00000E+00  0.00000E+00  0.00000E+00  0.00000E+00  0.00000E+00  0.00000E+00  0.00000E+00  0.00000E+00  0.00000E+00  0.00000E+00  0.00000E+00  0.00000E+00  0.00000E+00  0.00000E+00  0.00000E+00  0.00000E+00
