rxn00001
  0.00000E+00  0.12705E+09  0.12726E+09  0.12739E+09  0.12747E+09  0.12753E+09  0.12758E+09  0.12763E+09  0.12768E+09  0.12773E+09  0.12779E+09  0.12784E+09  0.12790E+09  0.12797E+09  0.12803E+09  0.12810E+09  0.12817E+09  0.12824E+09  0.12831E+09  0.12839E+09  0.12847E+09  0.12855E+09  0.12863E+09  0.12871E+09  0.12880E+09  0.12888E+09  0.12897E+09  0.12906E+09  0.12914E+09  0.12923E+09  0.12933E+09
rxn00002
  0.00000E+00  0.12570E+10  0.12591E+10  0.12603E+10  0.12611E+10  0.12617E+10  0.12623E+10  0.12628E+10  0.12632E+10  0.12637E+10  0.12643E+10  0.12648E+10  0.12654E+10  0.12660E+10  0.12667E+10  0.12673E+10  0.12680E+10  0.12687E+10  0.12695E+10  0.12702E+10  0.12710E+10  0.12718E+10  0.12726E+10  0.12734E+10  0.12742E+10  0.12751E+10  0.12759E+10  0.12768E+10  0.12777E+10  0.12786E+10  0.12795E+10
rxn00003
  0.00000E+00  0.23437E+10  0.22970E+10  0.22717E+10  0.22577E+10  0.22494E+10  0.22443E+10  0.22410E+10  0.22386E+10  0.22368E+10  0.22352E+10  0.22337E+10  0.22322E+10  0.22307E+10  0.22291E+10  0.22275E+10  0.22259E+10  0.22242E+10  0.22225E+10  0.22207E+10  0.22189E+10  0.22170E+10  0.22152E+10  0.22132E+10  0.22112E+10  0.22092E+10  0.22072E+10  0.22051E+10  0.22030E+10  0.22009E+10  0.21987E+10
rxn00004
  0.00000E+00  0.14920E+04  0.26318E+04  0.34798E+04  0.41402E+04  0.46787E+04  0.51230E+04  0.54958E+04  0.58092E+04  0.60755E+04  0.63046E+04  0.64976E+04  0.66649E+04  0.68103E+04  0.69370E+04  0.70487E+04  0.71463E+04  0.72322E+04  0.73083E+04  0.73760E+04  0.74364E+04  0.74905E+04  0.75392E+04  0.75832E+04  0.76231E+04  0.76594E+04  0.76926E+04  0.77231E+04  0.77511E+04  0.77769E+04  0.78009E+04
rxn00005
  0.00000E+00  0.21851E+02  0.51806E+02  0.87110E+02  0.12645E+03  0.16902E+03  0.21462E+03  0.26297E+03  0.31400E+03  0.36749E+03  0.42320E+03  0.48139E+03  0.54160E+03  0.60373E+03  0.66770E+03  0.73332E+03  0.80065E+03  0.86957E+03  0.93996E+03  0.10118E+04  0.10849E+04  0.11593E+04  0.12349E+04  0.13117E+04  0.13895E+04  0.14684E+04  0.15483E+04  0.16292E+04  0.17109E+04  0.17935E+04  0.18769E+04
rxn00006
  0.00000E+00  0.24142E+07  0.22568E+07  0.21948E+07  0.21766E+07  0.21777E+07  0.21886E+07  0.22039E+07  0.22209E+07  0.22380E+07  0.22547E+07  0.22703E+07  0.22851E+07  0.22989E+07  0.23119E+07  0.23241E+07  0.23357E+07  0.23466E+07  0.23569E+07  0.23668E+07  0.23762E+07  0.23853E+07  0.23940E+07  0.24024E+07  0.24105E+07  0.24183E+07  0.24259E+07  0.24333E+07  0.24405E+07  0.24475E+07  0.24543E+07
rxn00007
  0.00000E+00  0.44672E+03  0.14071E+04  0.24371E+04  0.34269E+04  0.43680E+04  0.52612E+04  0.61108E+04  0.69179E+04  0.76854E+04  0.84171E+04  0.91083E+04  0.97662E+04  0.10392E+05  0.10986E+05  0.11553E+05  0.12090E+05  0.12599E+05  0.13083E+05  0.13541E+05  0.13976E+05  0.14389E+05  0.14779E+05  0.15149E+05  0.15499E+05  0.15829E+05  0.16142E+05  0.16437E+05  0.16715E+05  0.16978E+05  0.17225E+05
rxn00008
  0.00000E+00  0.18127E-01  0.11363E+00  0.27918E+00  0.50125E+00  0.77411E+00  0.11010E+01  0.14827E+01  0.19235E+01  0.24237E+01  0.29817E+01  0.36088E+01  0.42967E+01  0.50458E+01  0.58567E+01  0.67257E+01  0.76577E+01  0.86515E+01  0.97048E+01  0.10817E+02  0.11988E+02  0.13216E+02  0.14501E+02  0.15843E+02  0.17239E+02  0.18689E+02  0.20192E+02  0.21747E+02  0.23354E+02  0.25010E+02  0.26715E+02
rxn00009
  0.00000E+00  0.42325E+06  0.44082E+06  0.46222E+06  0.48601E+06  0.51161E+06  0.53886E+06  0.56758E+06  0.59771E+06  0.62910E+06  0.66160E+06  0.69533E+06  0.73002E+06  0.76562E+06  0.80206E+06  0.83924E+06  0.87715E+06  0.91574E+06  0.95491E+06  0.99464E+06  0.10349E+07  0.10755E+07  0.11166E+07  0.11581E+07  0.11999E+07  0.12420E+07  0.12844E+07  0.13269E+07  0.13697E+07  0.14127E+07  0.14558E+07
rxn00010
  0.00000E+00  0.61422E+06  0.63972E+06  0.67076E+06  0.70529E+06  0.74244E+06  0.78200E+06  0.82368E+06  0.86739E+06  0.91294E+06  0.96012E+06  0.10091E+07  0.10594E+07  0.11111E+07  0.11640E+07  0.12179E+07  0.12729E+07  0.13289E+07  0.13858E+07  0.14434E+07  0.15018E+07  0.15608E+07  0.16205E+07  0.16806E+07  0.17413E+07  0.18024E+07  0.18638E+07  0.19257E+07  0.19878E+07  0.20501E+07  0.21127E+07
rxn00011
  0.00000E+00  0.18851E+06  0.18850E+06  0.18848E+06  0.18846E+06  0.18844E+06  0.18843E+06  0.18841E+06  0.18839E+06  0.18838E+06  0.18836E+06  0.18835E+06  0.18834E+06  0.18833E+06  0.18832E+06  0.18831E+06  0.18830E+06  0.18829E+06  0.18828E+06  0.18827E+06  0.18827E+06  0.18826E+06  0.18826E+06  0.18825E+06  0.18825E+06  0.18825E+06  0.18825E+06  0.18825E+06  0.18825E+06  0.18825E+06  0.18825E+06
rxn00012
  0.00000E+00  0.94609E-02  0.54952E-01  0.15123E+00  0.30592E+00  0.51939E+00  0.79815E+00  0.11451E+01  0.15675E+01  0.20681E+01  0.26464E+01  0.33205E+01  0.40812E+01  0.49310E+01  0.58733E+01  0.69041E+01  0.80333E+01  0.92614E+01  0.10587E+02  0.12011E+02  0.13535E+02  0.15160E+02  0.16886E+02  0.18714E+02  0.20644E+02  0.22677E+02  0.24813E+02  0.27051E+02  0.29393E+02  0.31837E+02  0.34384E+02
rxn00013
  0.00000E+00  0.49105E-05  0.51885E-04  0.17988E-03  0.42077E-03  0.79585E-03  0.13437E-02  0.20965E-02  0.31022E-02  0.43960E-02  0.60009E-02  0.80180E-02  0.10434E-01  0.13285E-01  0.16611E-01  0.20411E-01  0.24762E-01  0.29687E-01  0.35198E-01  0.41320E-01  0.48081E-01  0.55497E-01  0.63590E-01  0.72385E-01  0.81891E-01  0.92121E-01  0.10311E+00  0.11483E+00  0.12733E+00  0.14060E+00  0.15466E+00
rxn00014
  0.00000E+00  0.19278E-02  0.10371E-01  0.24247E-01  0.42747E-01  0.65491E-01  0.92760E-01  0.12460E+00  0.16137E+00  0.20310E+00  0.24964E+00  0.30195E+00  0.35934E+00  0.42185E+00  0.48955E+00  0.56211E+00  0.63998E+00  0.72306E+00  0.81118E+00  0.90429E+00  0.10024E+01  0.11054E+01  0.12132E+01  0.13258E+01  0.14432E+01  0.15651E+01  0.16917E+01  0.18228E+01  0.19583E+01  0.20981E+01  0.22422E+01
rxn00015
  0.00000E+00  0.53447E+01  0.16973E+02  0.31216E+02  0.47125E+02  0.64372E+02  0.82919E+02  0.10268E+03  0.12367E+03  0.14582E+03  0.16904E+03  0.19349E+03  0.21896E+03  0.24544E+03  0.27290E+03  0.30126E+03  0.33058E+03  0.36081E+03  0.39191E+03  0.42385E+03  0.45663E+03  0.49021E+03  0.52457E+03  0.55971E+03  0.59561E+03  0.63223E+03  0.66958E+03  0.70762E+03  0.74636E+03  0.78577E+03  0.82584E+03
rxn00016
  0.00000E+00  0.53943E-02  0.36952E-01  0.11231E+00  0.24514E+00  0.44152E+00  0.71406E+00  0.10715E+01  0.15284E+01  0.20937E+01  0.27720E+01  0.35955E+01  0.45559E+01  0.56622E+01  0.69249E+01  0.83413E+01  0.99336E+01  0.11707E+02  0.13664E+02  0.15810E+02  0.18153E+02  0.20696E+02  0.23445E+02  0.26407E+02  0.29583E+02  0.32978E+02  0.36599E+02  0.40444E+02  0.44521E+02  0.48829E+02  0.53373E+02
rxn00017
  0.00000E+00  0.84863E+02  0.26694E+03  0.49396E+03  0.75014E+03  0.10289E+04  0.13290E+04  0.16484E+04  0.19867E+04  0.23428E+04  0.27148E+04  0.31050E+04  0.35103E+04  0.39300E+04  0.43638E+04  0.48104E+04  0.52703E+04  0.57429E+04  0.62274E+04  0.67234E+04  0.72306E+04  0.77485E+04  0.82768E+04  0.88153E+04  0.93634E+04  0.99210E+04  0.10488E+05  0.11063E+05  0.11647E+05  0.12240E+05  0.12840E+05
rxn00018
  0.00000E+00  0.36665E+03  0.10071E+04  0.17715E+04  0.26136E+04  0.35145E+04  0.44690E+04  0.54709E+04  0.65181E+04  0.76060E+04  0.87297E+04  0.98923E+04  0.11086E+05  0.12308E+05  0.13556E+05  0.14827E+05  0.16121E+05  0.17436E+05  0.18768E+05  0.20117E+05  0.21481E+05  0.22858E+05  0.24247E+05  0.25646E+05  0.27054E+05  0.28470E+05  0.29893E+05  0.31321E+05  0.32754E+05  0.34191E+05  0.35631E+05
rxn00019
  0.00000E+00  0.48409E+03  0.13974E+04  0.25053E+04  0.37358E+04  0.50588E+04  0.64668E+04  0.79501E+04  0.95053E+04  0.11126E+05  0.12803E+05  0.14543E+05  0.16333E+05  0.18169E+05  0.20048E+05  0.21964E+05  0.23918E+05  0.25906E+05  0.27924E+05  0.29969E+05  0.32040E+05  0.34133E+05  0.36247E+05  0.38379E+05  0.40528E+05  0.42691E+05  0.44867E+05  0.47053E+05  0.49250E+05  0.51454E+05  0.53666E+05
rxn00020
  0.00000E+00  0.00000E+00  0.00000E+00  0.00000E+00  0.00000E+00  0.00000E+00  0.00000E+00  0.00000E+00  0.00000E+00  0.00000E+00  0.00000E+00  0.00000E+00  0.00000E+00  0.00000E+00  0.00000E+00  0.00000E+00  0.00000E+00  0.00000E+00  0.00000E+00  0.00000E+00  0.00000E+00  0.00000E+00  0.00000E+00  0.00000E+00  0.00000E+00  0.00000E+00  0.00000E+00  0.00000E+00  0.00000E+00  0.00000E+00  0.00000E+00
rxn00021
  0.00000E+00  0.00000E+00  0.00000E+00  0.00000E+00  0.00000E+00  0.00000E+00  0.00000E+00  0.00000E+00  0.00000E+00  0.00000E+00  0.00000E+00  0.00000E+00  0.00000E+00  0.00000E+00  0.00000E+00  0.00000E+00  0.00000E+00  0.00000E+00  0.00000E+00  0.00000E+00  0.00000E+00  0.00000E+00  0.00000E+00  0.00000E+00  0.00000E+00  0.00000E+00  0.00000E+00  0.00000E+00  0.00000E+00  0.00000E+00  0.00000E+00
rxn00022
  0.00000E+00  0.00000E+00  0.00000E+00  0.00000E+00  0.00000E+00  0.00000E+00  0.00000E+00  0.00000E+00  0.00000E+00  0.00000E+00  0.00000E+00  0.00000E+00  0.00000E+00  0.00000E+00  0.00000E+00  0.00000E+00  0.00000E+00  0.00000E+00  0.00000E+00  0.00000E+00  0.00000E+00  0.00000E+00  0.00000E+00  0.00000E+00  0.00000E+00  0.00000E+00  0.00000E+00  0.00000E+00  0.00000E+00  0.00000E+00  0.00000E+00
rxn00023
  0.00000E+00  0.00000E+00  0.00000E+00  0.00000E+00  0.00000E+00  0.00000E+00  0.00000E+00  0.00000E+00  0.00000E+00  0.00000E+00  0.00000E+00  0.00000E+00  0.00000E+00  0.00000E+00  0.00000E+00  0.00000E+00  0.00000E+00  0.00000E+00  0.00000E+00  0.00000E+00  0.00000E+00  0.00000E+00  0.00000E+00  0.00000E+00  0.00000E+00  0.00000E+00  0.00000E+00  0.00000E+00  0.00000E+00  0.00000E+00  0.00000E+00
rxn00024
  0.00000E+00  0.80212E+00  0.46601E+01  0.12842E+02  0.26064E+02  0.44353E+02  0.68219E+02  0.97867E+02  0.13389E+03  0.17649E+03  0.22561E+03  0.28278E+03  0.34722E+03  0.41915E+03  0.49886E+03  0.58600E+03  0.68144E+03  0.78522E+03  0.89725E+03  0.10176E+04  0.11466E+04  0.12840E+04  0.14301E+04  0.15851E+04  0.17488E+04  0.19213E+04  0.21028E+04  0.22932E+04  0.24927E+04  0.27011E+04  0.29186E+04
rxn00025
  0.00000E+00  0.80380E+08  0.80511E+08  0.80590E+08  0.80642E+08  0.80682E+08  0.80715E+08  0.80747E+08  0.80778E+08  0.80810E+08  0.80844E+08  0.80880E+08  0.80917E+08  0.80957E+08  0.80998E+08  0.81040E+08  0.81084E+08  0.81130E+08  0.81176E+08  0.81225E+08  0.81274E+08  0.81324E+08  0.81376E+08  0.81428E+08  0.81481E+08  0.81535E+08  0.81590E+08  0.81646E+08  0.81702E+08  0.81759E+08  0.81817E+08
rxn00026
  0.00000E+00  0.33515E+08  0.33570E+08  0.33603E+08  0.33625E+08  0.33641E+08  0.33655E+08  0.33669E+08  0.33682E+08  0.33695E+08  0.33709E+08  0.33724E+08  0.33740E+08  0.33756E+08  0.33773E+08  0.33791E+08  0.33809E+08  0.33828E+08  0.33848E+08  0.33868E+08  0.33888E+08  0.33909E+08  0.33931E+08  0.33953E+08  0.33975E+08  0.33997E+08  0.34020E+08  0.34043E+08  0.34067E+08  0.34091E+08  0.34115E+08
rxn00027
  0.00000E+00  0.13158E+08  0.13179E+08  0.13192E+08  0.13201E+08  0.13207E+08  0.13213E+08  0.13218E+08  0.13223E+08  0.13228E+08  0.13234E+08  0.13240E+08  0.13246E+08  0.13252E+08  0.13259E+08  0.13266E+08  0.13273E+08  0.13280E+08  0.13288E+08  0.13296E+08  0.13304E+08  0.13312E+08  0.13321E+08  0.13329E+08  0.13338E+08  0.13347E+08  0.13356E+08  0.13365E+08  0.13374E+08  0.13383E+08  0.13393E+08
rxn00028
  0.00000E+00  0.37185E+10  0.36741E+10  0.36501E+10  0.36370E+10  0.36293E+10  0.36248E+10  0.36220E+10  0.36202E+10  0.36189E+10  0.36178E+10  0.36169E+10  0.36160E+10  0.36152E+10  0.36143E+10  0.36134E+10  0.36125E+10  0.36116E+10  0.36107E+10  0.36097E+10  0.36087E+10  0.36077E+10  0.36067E+10  0.36056E+10  0.36045E+10  0.36034E+10  0.36023E+10  0.36012E+10  0.36000E+10  0.35988E+10  0.35976E+10
rxn00029
  0.00000E+00  0.90144E+03  0.89213E+03  0.88718E+03  0.88455E+03  0.88312E+03  0.88239E+03  0.88205E+03  0.88195E+03  0.88199E+03  0.88210E+03  0.88226E+03  0.88246E+03  0.88268E+03  0.88291E+03  0.88316E+03  0.88342E+03  0.88369E+03  0.88397E+03  0.88426E+03  0.88455E+03  0.88485E+03  0.88516E+03  0.88547E+03  0.88578E+03  0.88610E+03  0.88642E+03  0.88674E+03  0.88707E+03  0.88739E+03  0.88772E+03
rxn00030
  0.00000E+00  0.22233E+01  0.27655E+01  0.31333E+01  0.34342E+01  0.37040E+01  0.39506E+01  0.41792E+01  0.43923E+01  0.45924E+01  0.47817E+01  0.49597E+01  0.51288E+01  0.52897E+01  0.54427E+01  0.55889E+01  0.57281E+01  0.58607E+01  0.59874E+01  0.61083E+01  0.62239E+01  0.63344E+01  0.64400E+01  0.65410E+01  0.66377E+01  0.67303E+01  0.68190E+01  0.69039E+01  0.69853E+01  0.70633E+01  0.71381E+01
rxn00031
  0.00000E+00  0.15754E+03  0.24118E+03  0.29213E+03  0.33511E+03  0.37532E+03  0.41358E+03  0.45012E+03  0.48493E+03  0.51809E+03  0.54973E+03  0.57965E+03  0.60813E+03  0.63523E+03  0.66098E+03  0.68553E+03  0.70881E+03  0.73090E+03  0.75189E+03  0.77180E+03  0.79070E+03  0.80862E+03  0.82562E+03  0.84171E+03  0.85696E+03  0.87139E+03  0.88504E+03  0.89795E+03  0.91014E+03  0.92167E+03  0.93254E+03
rxn00032
  0.00000E+00  0.28284E+06  0.35665E+06  0.40714E+06  0.44814E+06  0.48462E+06  0.51773E+06  0.54833E+06  0.57680E+06  0.60354E+06  0.62887E+06  0.65273E+06  0.67546E+06  0.69715E+06  0.71786E+06  0.73770E+06  0.75667E+06  0.77482E+06  0.79223E+06  0.80893E+06  0.82496E+06  0.84036E+06  0.85516E+06  0.86939E+06  0.88309E+06  0.89628E+06  0.90897E+06  0.92122E+06  0.93302E+06  0.94441E+06  0.95540E+06
rxn00033
  0.00000E+00  0.34966E+06  0.54264E+06  0.66225E+06  0.76292E+06  0.85670E+06  0.94560E+06  0.10303E+07  0.11110E+07  0.11879E+07  0.12613E+07  0.13309E+07  0.13973E+07  0.14606E+07  0.15209E+07  0.15786E+07  0.16335E+07  0.16858E+07  0.17357E+07  0.17832E+07  0.18284E+07  0.18716E+07  0.19127E+07  0.19518E+07  0.19890E+07  0.20245E+07  0.20582E+07  0.20903E+07  0.21209E+07  0.21499E+07  0.21775E+07
rxn00034
  0.00000E+00  0.10876E+05  0.26109E+05  0.38811E+05  0.51441E+05  0.64802E+05  0.78882E+05  0.93579E+05  0.10872E+06  0.12419E+06  0.13990E+06  0.15562E+06  0.17138E+06  0.18708E+06  0.20265E+06  0.21809E+06  0.23327E+06  0.24816E+06  0.26275E+06  0.27701E+06  0.29090E+06  0.30441E+06  0.31752E+06  0.33021E+06  0.34248E+06  0.35434E+06  0.36575E+06  0.37674E+06  0.38729E+06  0.39742E+06  0.40713E+06
rxn00035
  0.00000E+00  0.62725E+05  0.78958E+05  0.90039E+05  0.99033E+05  0.10703E+06  0.11429E+06  0.12098E+06  0.12721E+06  0.13304E+06  0.13855E+06  0.14374E+06  0.14866E+06  0.15335E+06  0.15782E+06  0.16209E+06  0.16616E+06  0.17004E+06  0.17375E+06  0.17731E+06  0.18070E+06  0.18396E+06  0.18708E+06  0.19006E+06  0.19293E+06  0.19568E+06  0.19831E+06  0.20085E+06  0.20328E+06  0.20562E+06  0.20787E+06
rxn00036
  0.00000E+00  0.98785E+04  0.19268E+05  0.26792E+05  0.33929E+05  0.41160E+05  0.48495E+05  0.55920E+05  0.63379E+05  0.70850E+05  0.78322E+05  0.85703E+05  0.93024E+05  0.10026E+06  0.10740E+06  0.11444E+06  0.12133E+06  0.12807E+06  0.13467E+06  0.14110E+06  0.14737E+06  0.15347E+06  0.15940E+06  0.16516E+06  0.17074E+06  0.17614E+06  0.18137E+06  0.18643E+06  0.19131E+06  0.19603E+06  0.20057E+06
rxn00037
  0.00000E+00  0.40457E+01  0.64118E+01  0.83394E+01  0.10090E+02  0.11788E+02  0.13443E+02  0.15068E+02  0.16660E+02  0.18226E+02  0.19771E+02  0.21281E+02  0.22768E+02  0.24230E+02  0.25665E+02  0.27075E+02  0.28454E+02  0.29802E+02  0.31120E+02  0.32408E+02  0.33664E+02  0.34889E+02  0.36084E+02  0.37247E+02  0.38379E+02  0.39481E+02  0.40553E+02  0.41597E+02  0.42610E+02  0.43596E+02  0.44555E+02
rxn00038
  0.00000E+00  0.10445E+06  0.13149E+06  0.14996E+06  0.16495E+06  0.17829E+06  0.19039E+06  0.20157E+06  0.21195E+06  0.22169E+06  0.23089E+06  0.23955E+06  0.24778E+06  0.25561E+06  0.26307E+06  0.27020E+06  0.27699E+06  0.28348E+06  0.28968E+06  0.29561E+06  0.30129E+06  0.30672E+06  0.31193E+06  0.31692E+06  0.32170E+06  0.32628E+06  0.33068E+06  0.33491E+06  0.33897E+06  0.34287E+06  0.34662E+06
rxn00039
  0.00000E+00  0.19589E+03  0.19621E+03  0.19640E+03  0.19653E+03  0.19663E+03  0.19671E+03  0.19679E+03  0.19686E+03  0.19694E+03  0.19702E+03  0.19711E+03  0.19720E+03  0.19730E+03  0.19740E+03  0.19750E+03  0.19761E+03  0.19772E+03  0.19783E+03  0.19795E+03  0.19807E+03  0.19819E+03  0.19832E+03  0.19845E+03  0.19858E+03  0.19871E+03  0.19884E+03  0.19898E+03  0.19912E+03  0.19925E+03  0.19939E+03
rxn00040
  0.00000E+00  0.16518E+08  0.28986E+08  0.37422E+08  0.44244E+08  0.50268E+08  0.55692E+08  0.60653E+08  0.65216E+08  0.69451E+08  0.73409E+08  0.77084E+08  0.80533E+08  0.83772E+08  0.86813E+08  0.89678E+08  0.92365E+08  0.94886E+08  0.97255E+08  0.99478E+08  0.10156E+09  0.10352E+09  0.10536E+09  0.10707E+09  0.10868E+09  0.11018E+09  0.11159E+09  0.11290E+09  0.11412E+09  0.11525E+09  0.11631E+09
rxn00041
  0.00000E+00  0.16596E+10  0.18828E+10  0.19956E+10  0.20507E+10  0.20769E+10  0.20864E+10  0.20870E+10  0.20827E+10  0.20761E+10  0.20684E+10  0.20602E+10  0.20520E+10  0.20440E+10  0.20362E+10  0.20287E+10  0.20214E+10  0.20144E+10  0.20077E+10  0.20013E+10  0.19951E+10  0.19891E+10  0.19834E+10  0.19779E+10  0.19725E+10  0.19674E+10  0.19624E+10  0.19576E+10  0.19530E+10  0.19485E+10  0.19442E+10
rxn00042
  0.00000E+00  0.10798E+06  0.10456E+06  0.10274E+06  0.10173E+06  0.10114E+06  0.10079E+06  0.10056E+06  0.10041E+06  0.10029E+06  0.10019E+06  0.10009E+06  0.10000E+06  0.99911E+05  0.99817E+05  0.99722E+05  0.99625E+05  0.99524E+05  0.99421E+05  0.99315E+05  0.99207E+05  0.99096E+05  0.98983E+05  0.98867E+05  0.98750E+05  0.98630E+05  0.98508E+05  0.98384E+05  0.98258E+05  0.98130E+05  0.98001E+05
rxn00043
  0.00000E+00  0.19104E+08  0.18754E+08  0.18566E+08  0.18463E+08  0.18404E+08  0.18370E+08  0.18350E+08  0.18338E+08  0.18330E+08  0.18324E+08  0.18320E+08  0.18316E+08  0.18313E+08  0.18309E+08  0.18306E+08  0.18302E+08  0.18299E+08  0.18295E+08  0.18291E+08  0.18288E+08  0.18284E+08  0.18280E+08  0.18275E+08  0.18271E+08  0.18267E+08  0.18262E+08  0.18257E+08  0.18252E+08  0.18247E+08  0.18242E+08
rxn00044
  0.00000E+00  0.30934E+04  0.44805E+04  0.53127E+04  0.60656E+04  0.68113E+04  0.75526E+04  0.82836E+04  0.89975E+04  0.96905E+04  0.10362E+05  0.11004E+05  0.11623E+05  0.12217E+05  0.12787E+05  0.13336E+05  0.13861E+05  0.14363E+05  0.14844E+05  0.15306E+05  0.15747E+05  0.16170E+05  0.16575E+05  0.16962E+05  0.17332E+05  0.17687E+05  0.18026E+05  0.18351E+05  0.18661E+05  0.18958E+05  0.19241E+05
rxn00045
  0.00000E+00  0.35354E+07  0.32392E+07  0.31155E+07  0.30706E+07  0.30607E+07  0.30691E+07  0.30860E+07  0.31066E+07  0.31280E+07  0.31489E+07  0.31687E+07  0.31871E+07  0.32042E+07  0.32201E+07  0.32348E+07  0.32485E+07  0.32612E+07  0.32731E+07  0.32842E+07  0.32946E+07  0.33044E+07  0.33136E+07  0.33223E+07  0.33305E+07  0.33383E+07  0.33457E+07  0.33527E+07  0.33594E+07  0.33658E+07  0.33718E+07
rxn00046
  0.00000E+00  0.60823E+06  0.10729E+07  0.14186E+07  0.16878E+07  0.19073E+07  0.20884E+07  0.22404E+07  0.23682E+07  0.24767E+07  0.25701E+07  0.26488E+07  0.27170E+07  0.27763E+07  0.28280E+07  0.28735E+07  0.29133E+07  0.29483E+07  0.29793E+07  0.30069E+07  0.30315E+07  0.30536E+07  0.30735E+07  0.30914E+07  0.31076E+07  0.31225E+07  0.31360E+07  0.31484E+07  0.31598E+07  0.31704E+07  0.31801E+07
rxn00047
  0.00000E+00  0.25070E+05  0.44222E+05  0.58471E+05  0.69567E+05  0.78616E+05  0.86081E+05  0.92346E+05  0.97611E+05  0.10209E+06  0.10594E+06  0.10918E+06  0.11199E+06  0.11443E+06  0.11656E+06  0.11844E+06  0.12008E+06  0.12152E+06  0.12280E+06  0.12394E+06  0.12495E+06  0.12586E+06  0.12668E+06  0.12742E+06  0.12809E+06  0.12870E+06  0.12926E+06  0.12977E+06  0.13024E+06  0.13067E+06  0.13108E+06
rxn00048
  0.00000E+00  0.36297E+07  0.44784E+07  0.50512E+07  0.55219E+07  0.59463E+07  0.63357E+07  0.66977E+07  0.70353E+07  0.73525E+07  0.76522E+07  0.79338E+07  0.82008E+07  0.84542E+07  0.86949E+07  0.89242E+07  0.91420E+07  0.93490E+07  0.95461E+07  0.97338E+07  0.99126E+07  0.10083E+08  0.10245E+08  0.10400E+08  0.10548E+08  0.10688E+08  0.10822E+08  0.10950E+08  0.11072E+08  0.11189E+08  0.11300E+08
rxn00049
  0.00000E+00  0.75967E+01  0.22674E+02  0.43480E+02  0.69425E+02  0.10030E+03  0.13601E+03  0.17643E+03  0.22152E+03  0.27117E+03  0.32525E+03  0.38383E+03  0.44667E+03  0.51365E+03  0.58466E+03  0.65952E+03  0.73818E+03  0.82050E+03  0.90632E+03  0.99552E+03  0.10880E+04  0.11836E+04  0.12822E+04  0.13836E+04  0.14879E+04  0.15948E+04  0.17042E+04  0.18161E+04  0.19304E+04  0.20468E+04  0.21654E+04
rxn00050
  0.00000E+00  0.11731E+08  0.12421E+08  0.12791E+08  0.13027E+08  0.13193E+08  0.13315E+08  0.13406E+08  0.13477E+08  0.13532E+08  0.13576E+08  0.13610E+08  0.13638E+08  0.13660E+08  0.13678E+08  0.13693E+08  0.13704E+08  0.13713E+08  0.13720E+08  0.13725E+08  0.13728E+08  0.13731E+08  0.13733E+08  0.13733E+08  0.13734E+08  0.13733E+08  0.13732E+08  0.13731E+08  0.13730E+08  0.13728E+08  0.13726E+08
rxn00051
  0.00000E+00  0.18770E+08  0.28503E+08  0.34369E+08  0.39323E+08  0.43972E+08  0.48405E+08  0.52644E+08  0.56684E+08  0.60533E+08  0.64202E+08  0.67667E+08  0.70962E+08  0.74091E+08  0.77060E+08  0.79885E+08  0.82558E+08  0.85088E+08  0.87486E+08  0.89756E+08  0.91903E+08  0.93934E+08  0.95854E+08  0.97666E+08  0.99376E+08  0.10099E+09  0.10251E+09  0.10394E+09  0.10528E+09  0.10655E+09  0.10773E+09
rxn00052
  0.00000E+00  0.26653E+07  0.83950E+07  0.14541E+08  0.20446E+08  0.26061E+08  0.31390E+08  0.36459E+08  0.41274E+08  0.45853E+08  0.50218E+08  0.54343E+08  0.58267E+08  0.62000E+08  0.65547E+08  0.68927E+08  0.72131E+08  0.75170E+08  0.78054E+08  0.80792E+08  0.83387E+08  0.85846E+08  0.88177E+08  0.90382E+08  0.92468E+08  0.94442E+08  0.96306E+08  0.98067E+08  0.99728E+08  0.10129E+09  0.10277E+09
rxn00053
  0.00000E+00  0.62227E+03  0.24675E+04  0.48740E+04  0.75387E+04  0.10386E+05  0.13359E+05  0.16427E+05  0.19555E+05  0.22722E+05  0.25919E+05  0.29099E+05  0.32272E+05  0.35425E+05  0.38545E+05  0.41631E+05  0.44662E+05  0.47633E+05  0.50543E+05  0.53387E+05  0.56159E+05  0.58859E+05  0.61482E+05  0.64027E+05  0.66494E+05  0.68882E+05  0.71188E+05  0.73416E+05  0.75564E+05  0.77634E+05  0.79627E+05
rxn00054
  0.00000E+00  0.34366E+06  0.43264E+06  0.49340E+06  0.54274E+06  0.58662E+06  0.62645E+06  0.66322E+06  0.69738E+06  0.72942E+06  0.75971E+06  0.78819E+06  0.81526E+06  0.84102E+06  0.86557E+06  0.88903E+06  0.91139E+06  0.93273E+06  0.95314E+06  0.97265E+06  0.99132E+06  0.10092E+07  0.10263E+07  0.10427E+07  0.10585E+07  0.10736E+07  0.10880E+07  0.11019E+07  0.11153E+07  0.11281E+07  0.11405E+07
rxn00055
  0.00000E+00  0.93245E+03  0.93397E+03  0.93489E+03  0.93549E+03  0.93595E+03  0.93634E+03  0.93670E+03  0.93707E+03  0.93744E+03  0.93783E+03  0.93825E+03  0.93868E+03  0.93914E+03  0.93961E+03  0.94010E+03  0.94062E+03  0.94114E+03  0.94169E+03  0.94224E+03  0.94282E+03  0.94340E+03  0.94400E+03  0.94460E+03  0.94522E+03  0.94585E+03  0.94649E+03  0.94713E+03  0.94778E+03  0.94844E+03  0.94911E+03
rxn00056
  0.00000E+00  0.93245E+02  0.93397E+02  0.93489E+02  0.93549E+02  0.93595E+02  0.93634E+02  0.93670E+02  0.93707E+02  0.93744E+02  0.93783E+02  0.93825E+02  0.93868E+02  0.93914E+02  0.93961E+02  0.94010E+02  0.94062E+02  0.94114E+02  0.94169E+02  0.94224E+02  0.94282E+02  0.94340E+02  0.94400E+02  0.94460E+02  0.94522E+02  0.94585E+02  0.94649E+02  0.94713E+02  0.94778E+02  0.94844E+02  0.94911E+02
rxn00057
  0.00000E+00  0.72722E+06  0.13271E+07  0.16523E+07  0.18745E+07  0.20586E+07  0.22198E+07  0.23655E+07  0.24992E+07  0.26239E+07  0.27417E+07  0.28530E+07  0.29593E+07  0.30612E+07  0.31591E+07  0.32535E+07  0.33445E+07  0.34324E+07  0.35173E+07  0.35996E+07  0.36793E+07  0.37567E+07  0.38318E+07  0.39048E+07  0.39758E+07  0.40449E+07  0.41121E+07  0.41777E+07  0.42417E+07  0.43041E+07  0.43651E+07
rxn00058
  0.00000E+00  0.35392E+01  0.91880E+01  0.12703E+02  0.15502E+02  0.18246E+02  0.21039E+02  0.23896E+02  0.26804E+02  0.29760E+02  0.32763E+02  0.35789E+02  0.38848E+02  0.41937E+02  0.45051E+02  0.48191E+02  0.51347E+02  0.54516E+02  0.57698E+02  0.60891E+02  0.64092E+02  0.67299E+02  0.70512E+02  0.73728E+02  0.76947E+02  0.80168E+02  0.83389E+02  0.86610E+02  0.89830E+02  0.93049E+02  0.96266E+02
rxn00059
  0.00000E+00  0.95177E+03  0.23760E+04  0.34062E+04  0.43321E+04  0.52750E+04  0.62495E+04  0.72543E+04  0.82813E+04  0.93261E+04  0.10386E+05  0.11449E+05  0.12517E+05  0.13588E+05  0.14658E+05  0.15727E+05  0.16789E+05  0.17843E+05  0.18888E+05  0.19923E+05  0.20947E+05  0.21957E+05  0.22954E+05  0.23936E+05  0.24903E+05  0.25855E+05  0.26791E+05  0.27711E+05  0.28614E+05  0.29500E+05  0.30370E+05
rxn00060
  0.00000E+00  0.36236E-01  0.28597E+00  0.80125E+00  0.15824E+01  0.26415E+01  0.40121E+01  0.57201E+01  0.78026E+01  0.10283E+02  0.13176E+02  0.16545E+02  0.20376E+02  0.24684E+02  0.29488E+02  0.34781E+02  0.40596E+02  0.46939E+02  0.53806E+02  0.61200E+02  0.69127E+02  0.77585E+02  0.86573E+02  0.96093E+02  0.10614E+03  0.11671E+03  0.12780E+03  0.13939E+03  0.15151E+03  0.16412E+03  0.17722E+03
rxn00061
  0.00000E+00  0.21116E+06  0.27686E+06  0.33107E+06  0.38292E+06  0.43568E+06  0.49005E+06  0.54646E+06  0.60511E+06  0.66615E+06  0.72966E+06  0.79560E+06  0.86399E+06  0.93476E+06  0.10078E+07  0.10831E+07  0.11605E+07  0.12400E+07  0.13213E+07  0.14044E+07  0.14893E+07  0.15757E+07  0.16637E+07  0.17531E+07  0.18437E+07  0.19356E+07  0.20287E+07  0.21227E+07  0.22177E+07  0.23136E+07  0.24103E+07
rxn00062
  0.00000E+00  0.82118E+02  0.79952E+02  0.81530E+02  0.85015E+02  0.89538E+02  0.94781E+02  0.10053E+03  0.10668E+03  0.11315E+03  0.11988E+03  0.12687E+03  0.13406E+03  0.14145E+03  0.14902E+03  0.15675E+03  0.16465E+03  0.17269E+03  0.18088E+03  0.18919E+03  0.19763E+03  0.20618E+03  0.21484E+03  0.22359E+03  0.23244E+03  0.24138E+03  0.25040E+03  0.25949E+03  0.26865E+03  0.27787E+03  0.28715E+03
rxn00063
  0.00000E+00  0.86675E+06  0.10912E+07  0.12444E+07  0.13689E+07  0.14796E+07  0.15800E+07  0.16728E+07  0.17590E+07  0.18398E+07  0.19162E+07  0.19881E+07  0.20564E+07  0.21214E+07  0.21833E+07  0.22425E+07  0.22990E+07  0.23528E+07  0.24043E+07  0.24536E+07  0.25007E+07  0.25458E+07  0.25891E+07  0.26305E+07  0.26702E+07  0.27084E+07  0.27449E+07  0.27801E+07  0.28138E+07  0.28462E+07  0.28774E+07
rxn00064
  0.00000E+00  0.00000E+00  0.00000E+00  0.00000E+00  0.00000E+00  0.00000E+00  0.00000E+00  0.00000E+00  0.00000E+00  0.00000E+00  0.00000E+00  0.00000E+00  0.00000E+00  0.00000E+00  0.00000E+00  0.00000E+00  0.00000E+00  0.00000E+00  0.00000E+00  0.00000E+00  0.00000E+00  0.00000E+00  0.00000E+00  0.00000E+00  0.00000E+00  0.00000E+00  0.00000E+00  0.00000E+00  0.00000E+00  0.00000E+00  0.00000E+00
rxn00065
  0.00000E+00  0.00000E+00  0.00000E+00  0.00000E+00  0.00000E+00  0.00000E+00  0.00000E+00  0.00000E+00  0.00000E+00  0.00000E+00  0.00000E+00  0.00000E+00  0.00000E+00  0.00000E+00  0.00000E+00  0.00000E+00  0.00000E+00  0.00000E+00  0.00000E+00  0.00000E+00  0.00000E+00  0.00000E+00  0.00000E+00  0.00000E+00  0.00000E+00  0.00000E+00  0.00000E+00  0.00000E+00  0.00000E+00  0.00000E+00  0.00000E+00
rxn00066
  0.00000E+00  0.00000E+00  0.00000E+00  0.00000E+00  0.00000E+00  0.00000E+00  0.00000E+00  0.00000E+00  0.00000E+00  0.00000E+00  0.00000E+00  0.00000E+00  0.00000E+00  0.00000E+00  0.00000E+00  0.00000E+00  0.00000E+00  0.00000E+00  0.00000E+00  0.00000E+00  0.00000E+00  0.00000E+00  0.00000E+00  0.00000E+00  0.00000E+00  0.00000E+00  0.00000E+00  0.00000E+00  0.00000E+00  0.00000E+00  0.00000E+00
rxn00067
  0.00000E+00  0.00000E+00  0.00000E+00  0.00000E+00  0.00000E+00  0.00000E+00  0.00000E+00  0.00000E+00  0.00000E+00  0.00000E+00  0.00000E+00  0.00000E+00  0.00000E+00  0.00000E+00  0.00000E+00  0.00000E+00  0.00000E+00  0.00000E+00  0.00000E+00  0.00000E+00  0.00000E+00  0.00000E+00  0.00000E+00  0.00000E+00  0.00000E+00  0.00000E+00  0.00000E+00  0.00000E+00  0.00000E+00  0.00000E+00  0.00000E+00
rxn00068
  0.00000E+00  0.00000E+00  0.00000E+00  0.00000E+00  0.00000E+00  0.00000E+00  0.00000E+00  0.00000E+00  0.00000E+00  0.00000E+00  0.00000E+00  0.00000E+00  0.00000E+00  0.00000E+00  0.00000E+00  0.00000E+00  0.00000E+00  0.00000E+00  0.00000E+00  0.00000E+00  0.00000E+00  0.00000E+00  0.00000E+00  0.00000E+00  0.00000E+00  0.00000E+00  0.00000E+00  0.00000E+00  0.00000E+00  0.00000E+00  0.00000E+00
rxn00069
  0.00000E+00  0.00000E+00  0.00000E+00  0.00000E+00  0.00000E+00  0.00000E+00  0.00000E+00  0.00000E+00  0.00000E+00  0.00000E+00  0.00000E+00  0.00000E+00  0.00000E+00  0.00000E+00  0.00000E+00  0.00000E+00  0.00000E+00  0.00000E+00  0.00000E+00  0.00000E+00  0.00000E+00  0.00000E+00  0.00000E+00  0.00000E+00  0.00000E+00  0.00000E+00  0.00000E+00  0.00000E+00  0.00000E+00  0.00000E+00  0.00000E+00
rxn00070
  0.00000E+00  0.00000E+00  0.00000E+00  0.00000E+00  0.00000E+00  0.00000E+00  0.00000E+00  0.00000E+00  0.00000E+00  0.00000E+00  0.00000E+00  0.00000E+00  0.00000E+00  0.00000E+00  0.00000E+00  0.00000E+00  0.00000E+00  0.00000E+00  0.00000E+00  0.00000E+00  0.00000E+00  0.00000E+00  0.00000E+00  0.00000E+00  0.00000E+00  0.00000E+00  0.00000E+00  0.00000E+00  0.00000E+00  0.00000E+00  0.00000E+00
rxn00071
  0.00000E+00  0.00000E+00  0.00000E+00  0.00000E+00  0.00000E+00  0.00000E+00  0.00000E+00  0.00000E+00  0.00000E+00  0.00000E+00  0.00000E+00  0.00000E+00  0.00000E+00  0.00000E+00  0.00000E+00  0.00000E+00  0.00000E+00  0.00000E+00  0.00000E+00  0.00000E+00  0.00000E+00  0.00000E+00  0.00000E+00  0.00000E+00  0.00000E+00  0.00000E+00  0.00000E+00  0.00000E+00  0.00000E+00  0.00000E+00  0.00000E+00
rxn00072
  0.00000E+00  0.00000E+00  0.00000E+00  0.00000E+00  0.00000E+00  0.00000E+00  0.00000E+00  0.00000E+00  0.00000E+00  0.00000E+00  0.00000E+00  0.00000E+00  0.00000E+00  0.00000E+00  0.00000E+00  0.00000E+00  0.00000E+00  0.00000E+00  0.00000E+00  0.00000E+00  0.00000E+00  0.00000E+00  0.00000E+00  0.00000E+00  0.00000E+00  0.00000E+00  0.00000E+00  0.00000E+00  0.00000E+00  0.00000E+00  0.00000E+00
rxn00073
  0.00000E+00  0.00000E+00  0.00000E+00  0.00000E+00  0.00000E+00  0.00000E+00  0.00000E+00  0.00000E+00  0.00000E+00  0.00000E+00  0.00000E+00  0.00000E+00  0.00000E+00  0.00000E+00  0.00000E+00  0.00000E+00  0.00000E+00  0.00000E+00  0.00000E+00  0.00000E+00  0.00000E+00  0.00000E+00  0.00000E+00  0.00000E+00  0.00000E+00  0.00000E+00  0.00000E+00  0.00000E+00  0.00000E+00  0.00000E+00  0.00000E+00
rxn00074
  0.00000E+00  0.00000E+00  0.00000E+00  0.00000E+00  0.00000E+00  0.00000E+00  0.00000E+00  0.00000E+00  0.00000E+00  0.00000E+00  0.00000E+00  0.00000E+00  0.00000E+00  0.00000E+00  0.00000E+00  0.00000E+00  0.00000E+00  0.00000E+00  0.00000E+00  0.00000E+00  0.00000E+00  0.00000E+00  0.00000E+00  0.00000E+00  0.00000E+00  0.00000E+00  0.00000E+00  0.00000E+00  0.00000E+00  0.00000E+00  0.00000E+00
rxn00075
  0.00000E+00  0.00000E+00  0.00000E+00  0.00000E+00  0.00000E+00  0.00000E+00  0.00000E+00  0.00000E+00  0.00000E+00  0.00000E+00  0.00000E+00  0.00000E+00  0.00000E+00  0.00000E+00  0.00000E+00  0.00000E+00  0.00000E+00  0.00000E+00  0.00000E+00  0.00000E+00  0.00000E+00  0.00000E+00  0.00000E+00  0.00000E+00  0.00000E+00  0.00000E+00  0.00000E+00  0.00000E+00  0.00000E+00  0.00000E+00  0.00000E+00
rxn00076
  0.00000E+00  0.00000E+00  0.00000E+00  0.00000E+00  0.00000E+00  0.00000E+00  0.00000E+00  0.00000E+00  0.00000E+00  0.00000E+00  0.00000E+00  0.00000E+00  0.00000E+00  0.00000E+00  0.00000E+00  0.00000E+00  0.00000E+00  0.00000E+00  0.00000E+00  0.00000E+00  0.00000E+00  0.00000E+00  0.00000E+00  0.00000E+00  0.00000E+00  0.00000E+00  0.00000E+00  0.00000E+00  0.00000E+00  0.00000E+00  0.00000E+00
rxn00077
  0.00000E+00  0.00000E+00  0.00000E+00  0.00000E+00  0.00000E+00  0.00000E+00  0.00000E+00  0.00000E+00  0.00000E+00  0.00000E+00  0.00000E+00  0.00000E+00  0.00000E+00  0.00000E+00  0.00000E+00  0.00000E+00  0.00000E+00  0.00000E+00  0.00000E+00  0.00000E+00  0.00000E+00  0.00000E+00  0.00000E+00  0.00000E+00  0.00000E+00  0.00000E+00  0.00000E+00  0.00000E+00  0.00000E+00  0.00000E+00  0.00000E+00
rxn00078
  0.00000E+00  0.00000E+00  0.00000E+00  0.00000E+00  0.00000E+00  0.00000E+00  0.00000E+00  0.00000E+00  0.00000E+00  0.00000E+00  0.00000E+00  0.00000E+00  0.00000E+00  0.00000E+00  0.00000E+00  0.00000E+00  0.00000E+00  0.00000E+00  0.00000E+00  0.00000E+00  0.00000E+00  0.00000E+00  0.00000E+00  0.00000E+00  0.00000E+00  0.00000E+00  0.00000E+00  0.00000E+00  0.00000E+00  0.00000E+00  0.00000E+00
rxn00079
  0.00000E+00  0.12747E+04  0.49729E+04  0.10469E+05  0.17354E+05  0.25457E+05  0.34682E+05  0.44937E+05  0.56194E+05  0.68403E+05  0.81516E+05  0.95575E+05  0.11043E+06  0.12611E+06  0.14257E+06  0.15973E+06  0.17759E+06  0.19610E+06  0.21521E+06  0.23489E+06  0.25509E+06  0.27579E+06  0.29695E+06  0.31855E+06  0.34052E+06  0.36287E+06  0.38556E+06  0.40855E+06  0.43183E+06  0.45536E+06  0.47912E+06
rxn00080
  0.00000E+00  0.13698E-15  0.53440E-15  0.11250E-14  0.18649E-14  0.27357E-14  0.37270E-14  0.48291E-14  0.60388E-14  0.73508E-14  0.87599E-14  0.10271E-13  0.11867E-13  0.13552E-13  0.15321E-13  0.17165E-13  0.19084E-13  0.21074E-13  0.23127E-13  0.25242E-13  0.27413E-13  0.29637E-13  0.31911E-13  0.34232E-13  0.36594E-13  0.38996E-13  0.41434E-13  0.43904E-13  0.46406E-13  0.48934E-13  0.51488E-13
rxn00081
  0.00000E+00  0.00000E+00  0.00000E+00  0.00000E+00  0.00000E+00  0.00000E+00  0.00000E+00  0.00000E+00  0.00000E+00  0.00000E+00  0.00000E+00  0.00000E+00  0.00000E+00  0.00000E+00  0.00000E+00  0.00000E+00  0.00000E+00  0.00000E+00  0.00000E+00  0.00000E+00  0.00000E+00  0.00000E+00  0.00000E+00  0.00000E+00  0.00000E+00  0.00000E+00  0.00000E+00  0.00000E+00  0.00000E+00  0.00000E+00  0.00000E+00
rxn00082
  0.00000E+00  0.38393E+03  0.96628E+03  0.16514E+04  0.24188E+04  0.32629E+04  0.41739E+04  0.51456E+04  0.61709E+04  0.72455E+04  0.83659E+04  0.95243E+04  0.10720E+05  0.11950E+05  0.13209E+05  0.14497E+05  0.15809E+05  0.17141E+05  0.18493E+05  0.19861E+05  0.21243E+05  0.22639E+05  0.24044E+05  0.25459E+05  0.26881E+05  0.28308E+05  0.29740E+05  0.31175E+05  0.32612E+05  0.34050E+05  0.35488E+05
rxn00083
  0.00000E+00  0.25191E+03  0.50444E+03  0.75667E+03  0.10082E+04  0.12589E+04  0.15087E+04  0.17574E+04  0.20052E+04  0.22518E+04  0.24974E+04  0.27417E+04  0.29848E+04  0.32268E+04  0.34676E+04  0.37072E+04  0.39455E+04  0.41825E+04  0.44182E+04  0.46526E+04  0.48858E+04  0.51176E+04  0.53480E+04  0.55771E+04  0.58049E+04  0.60312E+04  0.62562E+04  0.64798E+04  0.67019E+04  0.69227E+04  0.71420E+04
rxn00084
  0.00000E+00  0.45590E+00  0.85200E+00  0.12417E+01  0.16397E+01  0.20474E+01  0.24649E+01  0.28903E+01  0.33219E+01  0.37578E+01  0.41968E+01  0.46373E+01  0.50789E+01  0.55212E+01  0.59636E+01  0.64062E+01  0.68481E+01  0.72893E+01  0.77297E+01  0.81691E+01  0.86074E+01  0.90444E+01  0.94802E+01  0.99145E+01  0.10347E+02  0.10779E+02  0.11208E+02  0.11636E+02  0.12062E+02  0.12487E+02  0.12909E+02
rxn00085
  0.00000E+00  0.23495E+03  0.77955E+03  0.14452E+04  0.21894E+04  0.30055E+04  0.38903E+04  0.48361E+04  0.58378E+04  0.68891E+04  0.79861E+04  0.91259E+04  0.10301E+05  0.11510E+05  0.12750E+05  0.14017E+05  0.15310E+05  0.16625E+05  0.17958E+05  0.19308E+05  0.20673E+05  0.22050E+05  0.23439E+05  0.24836E+05  0.26241E+05  0.27651E+05  0.29067E+05  0.30485E+05  0.31906E+05  0.33328E+05  0.34750E+05
rxn00086
  0.00000E+00  0.31620E+00  0.14352E+01  0.30635E+01  0.52029E+01  0.79193E+01  0.11263E+02  0.15251E+02  0.19891E+02  0.25179E+02  0.31108E+02  0.37658E+02  0.44805E+02  0.52538E+02  0.60836E+02  0.69675E+02  0.79032E+02  0.88873E+02  0.99168E+02  0.10989E+03  0.12102E+03  0.13253E+03  0.14438E+03  0.15655E+03  0.16902E+03  0.18176E+03  0.19473E+03  0.20793E+03  0.22133E+03  0.23490E+03  0.24862E+03
rxn00087
  0.00000E+00  0.98161E-05  0.13057E-03  0.51625E-03  0.13284E-02  0.27156E-02  0.48964E-02  0.80880E-02  0.12584E-01  0.18652E-01  0.26518E-01  0.36760E-01  0.49480E-01  0.64992E-01  0.83634E-01  0.10555E+00  0.13127E+00  0.16107E+00  0.19515E+00  0.23377E+00  0.27725E+00  0.32579E+00  0.37963E+00  0.43905E+00  0.50420E+00  0.57527E+00  0.65255E+00  0.73606E+00  0.82608E+00  0.92265E+00  0.10260E+01
rxn00088
  0.00000E+00  0.34436E-01  0.25180E+00  0.79029E+00  0.17585E+01  0.32270E+01  0.52957E+01  0.80435E+01  0.11578E+02  0.15977E+02  0.21294E+02  0.27720E+02  0.35240E+02  0.43924E+02  0.53845E+02  0.65010E+02  0.77546E+02  0.91493E+02  0.10688E+03  0.12374E+03  0.14212E+03  0.16205E+03  0.18355E+03  0.20668E+03  0.23144E+03  0.25785E+03  0.28595E+03  0.31572E+03  0.34721E+03  0.38041E+03  0.41533E+03
rxn00089
  0.00000E+00  0.41716E-04  0.22651E-03  0.60623E-03  0.12162E-02  0.20658E-02  0.31905E-02  0.46093E-02  0.63584E-02  0.84535E-02  0.10898E-01  0.13769E-01  0.17033E-01  0.20704E-01  0.24800E-01  0.29307E-01  0.34270E-01  0.39693E-01  0.45575E-01  0.51922E-01  0.58745E-01  0.66046E-01  0.73833E-01  0.82114E-01  0.90889E-01  0.10016E+00  0.10994E+00  0.12022E+00  0.13102E+00  0.14232E+00  0.15413E+00
rxn00090
  0.00000E+00  0.62527E+06  0.10003E+07  0.12217E+07  0.13853E+07  0.15227E+07  0.16427E+07  0.17507E+07  0.18495E+07  0.19417E+07  0.20289E+07  0.21114E+07  0.21905E+07  0.22666E+07  0.23400E+07  0.24111E+07  0.24798E+07  0.25465E+07  0.26113E+07  0.26743E+07  0.27356E+07  0.27954E+07  0.28537E+07  0.29106E+07  0.29661E+07  0.30205E+07  0.30736E+07  0.31257E+07  0.31767E+07  0.32266E+07  0.32756E+07
rxn00091
  0.00000E+00  0.19900E+07  0.27547E+07  0.31425E+07  0.34482E+07  0.37305E+07  0.39987E+07  0.42557E+07  0.45022E+07  0.47398E+07  0.49696E+07  0.51910E+07  0.54058E+07  0.56144E+07  0.58174E+07  0.60152E+07  0.62078E+07  0.63956E+07  0.65789E+07  0.67579E+07  0.69329E+07  0.71040E+07  0.72715E+07  0.74355E+07  0.75961E+07  0.77536E+07  0.79080E+07  0.80595E+07  0.82081E+07  0.83541E+07  0.84975E+07
rxn00092
  0.00000E+00  0.10890E+04  0.34582E+04  0.63602E+04  0.96017E+04  0.13116E+05  0.16895E+05  0.20922E+05  0.25199E+05  0.29712E+05  0.34443E+05  0.39424E+05  0.44614E+05  0.50009E+05  0.55605E+05  0.61383E+05  0.67356E+05  0.73516E+05  0.79852E+05  0.86361E+05  0.93039E+05  0.99881E+05  0.10688E+06  0.11404E+06  0.12136E+06  0.12882E+06  0.13643E+06  0.14418E+06  0.15207E+06  0.16010E+06  0.16827E+06
rxn00093
  0.00000E+00  0.91006E+03  0.19915E+04  0.28009E+04  0.35602E+04  0.43392E+04  0.51431E+04  0.59706E+04  0.68155E+04  0.76748E+04  0.85471E+04  0.94225E+04  0.10304E+05  0.11189E+05  0.12074E+05  0.12961E+05  0.13844E+05  0.14722E+05  0.15595E+05  0.16461E+05  0.17320E+05  0.18170E+05  0.19011E+05  0.19842E+05  0.20662E+05  0.21472E+05  0.22270E+05  0.23056E+05  0.23831E+05  0.24594E+05  0.25345E+05
rxn00094
  0.00000E+00  0.98519E+01  0.22420E+02  0.30408E+02  0.37089E+02  0.43694E+02  0.50406E+02  0.57256E+02  0.64221E+02  0.71298E+02  0.78492E+02  0.85750E+02  0.93098E+02  0.10053E+03  0.10804E+03  0.11562E+03  0.12326E+03  0.13095E+03  0.13868E+03  0.14646E+03  0.15428E+03  0.16213E+03  0.17001E+03  0.17792E+03  0.18586E+03  0.19382E+03  0.20179E+03  0.20979E+03  0.21780E+03  0.22583E+03  0.23388E+03
rxn00095
  0.00000E+00  0.15543E+02  0.35372E+02  0.47975E+02  0.58515E+02  0.68936E+02  0.79525E+02  0.90332E+02  0.10132E+03  0.11249E+03  0.12384E+03  0.13529E+03  0.14688E+03  0.15861E+03  0.17045E+03  0.18241E+03  0.19447E+03  0.20659E+03  0.21880E+03  0.23107E+03  0.24340E+03  0.25579E+03  0.26823E+03  0.28071E+03  0.29323E+03  0.30578E+03  0.31837E+03  0.33099E+03  0.34363E+03  0.35630E+03  0.36899E+03
rxn00096
  0.00000E+00  0.16311E+02  0.32540E+02  0.43296E+02  0.52778E+02  0.62236E+02  0.71828E+02  0.81597E+02  0.91517E+02  0.10160E+03  0.11185E+03  0.12220E+03  0.13270E+03  0.14334E+03  0.15410E+03  0.16499E+03  0.17599E+03  0.18708E+03  0.19826E+03  0.20953E+03  0.22088E+03  0.23231E+03  0.24381E+03  0.25538E+03  0.26701E+03  0.27870E+03  0.29044E+03  0.30225E+03  0.31410E+03  0.32600E+03  0.33796E+03
rxn00097
  0.00000E+00  0.33630E-01  0.22776E+00  0.60728E+00  0.11777E+01  0.19502E+01  0.29497E+01  0.41949E+01  0.57126E+01  0.75199E+01  0.96271E+01  0.12081E+02  0.14871E+02  0.18009E+02  0.21509E+02  0.25367E+02  0.29608E+02  0.34235E+02  0.39247E+02  0.44648E+02  0.50441E+02  0.56626E+02  0.63204E+02  0.70177E+02  0.77540E+02  0.85293E+02  0.93435E+02  0.10196E+03  0.11087E+03  0.12015E+03  0.12981E+03
rxn00098
  0.00000E+00  0.00000E+00  0.00000E+00  0.00000E+00  0.00000E+00  0.00000E+00  0.00000E+00  0.00000E+00  0.00000E+00  0.00000E+00  0.00000E+00  0.00000E+00  0.00000E+00  0.00000E+00  0.00000E+00  0.00000E+00  0.00000E+00  0.00000E+00  0.00000E+00  0.00000E+00  0.00000E+00  0.00000E+00  0.00000E+00  0.00000E+00  0.00000E+00  0.00000E+00  0.00000E+00  0.00000E+00  0.00000E+00  0.00000E+00  0.00000E+00
rxn00099
  0.00000E+00  0.00000E+00  0.00000E+00  0.00000E+00  0.00000E+00  0.00000E+00  0.00000E+00  0.00000E+00  0.00000E+00  0.00000E+00  0.00000E+00  0.00000E+00  0.00000E+00  0.00000E+00  0.00000E+00  0.00000E+00  0.00000E+00  0.00000E+00  0.00000E+00  0.00000E+00  0.00000E+00  0.00000E+00  0.00000E+00  0.00000E+00  0.00000E+00  0.00000E+00  0.00000E+00  0.00000E+00  0.00000E+00  0.00000E+00  0.00000E+00
rxn00100
  0.00000E+00  0.44231E+08  0.55548E+08  0.63173E+08  0.69274E+08  0.74628E+08  0.79413E+08  0.83762E+08  0.87732E+08  0.91389E+08  0.94781E+08  0.97902E+08  0.10080E+09  0.10350E+09  0.10601E+09  0.10835E+09  0.11052E+09  0.11252E+09  0.11438E+09  0.11609E+09  0.11768E+09  0.11913E+09  0.12047E+09  0.12170E+09  0.12282E+09  0.12384E+09  0.12476E+09  0.12559E+09  0.12634E+09  0.12701E+09  0.12759E+09
rxn00101
  0.00000E+00  0.89215E+07  0.89145E+07  0.88982E+07  0.88764E+07  0.88513E+07  0.88238E+07  0.87944E+07  0.87635E+07  0.87313E+07  0.86980E+07  0.86635E+07  0.86282E+07  0.85920E+07  0.85551E+07  0.85174E+07  0.84791E+07  0.84401E+07  0.84006E+07  0.83605E+07  0.83199E+07  0.82788E+07  0.82374E+07  0.81955E+07  0.81532E+07  0.81107E+07  0.80678E+07  0.80247E+07  0.79812E+07  0.79376E+07  0.78938E+07
rxn00102
  0.00000E+00  0.21013E+07  0.19595E+07  0.19004E+07  0.18788E+07  0.18735E+07  0.18762E+07  0.18823E+07  0.18894E+07  0.18963E+07  0.19023E+07  0.19071E+07  0.19107E+07  0.19133E+07  0.19149E+07  0.19155E+07  0.19153E+07  0.19144E+07  0.19127E+07  0.19104E+07  0.19076E+07  0.19042E+07  0.19004E+07  0.18961E+07  0.18914E+07  0.18864E+07  0.18811E+07  0.18755E+07  0.18695E+07  0.18634E+07  0.18569E+07
rxn00103
  0.00000E+00  0.33497E+08  0.47137E+08  0.54254E+08  0.59612E+08  0.64280E+08  0.68469E+08  0.72287E+08  0.75782E+08  0.79003E+08  0.81993E+08  0.84743E+08  0.87300E+08  0.89678E+08  0.91886E+08  0.93943E+08  0.95847E+08  0.97609E+08  0.99240E+08  0.10075E+09  0.10214E+09  0.10342E+09  0.10459E+09  0.10567E+09  0.10665E+09  0.10754E+09  0.10835E+09  0.10908E+09  0.10973E+09  0.11032E+09  0.11083E+09
rxn00104
  0.00000E+00  0.45266E+07  0.63698E+07  0.73316E+07  0.80556E+07  0.86865E+07  0.92525E+07  0.97686E+07  0.10241E+08  0.10676E+08  0.11080E+08  0.11452E+08  0.11797E+08  0.12119E+08  0.12417E+08  0.12695E+08  0.12952E+08  0.13190E+08  0.13411E+08  0.13615E+08  0.13802E+08  0.13975E+08  0.14134E+08  0.14279E+08  0.14412E+08  0.14532E+08  0.14642E+08  0.14740E+08  0.14829E+08  0.14908E+08  0.14977E+08
rxn00105
  0.00000E+00  0.83356E+05  0.16046E+06  0.21266E+06  0.26194E+06  0.31318E+06  0.36652E+06  0.42151E+06  0.47746E+06  0.53391E+06  0.59057E+06  0.64660E+06  0.70212E+06  0.75688E+06  0.81065E+06  0.86344E+06  0.91485E+06  0.96482E+06  0.10133E+07  0.10603E+07  0.11056E+07  0.11493E+07  0.11913E+07  0.12316E+07  0.12702E+07  0.13071E+07  0.13422E+07  0.13757E+07  0.14075E+07  0.14377E+07  0.14662E+07
rxn00106
  0.00000E+00  0.50394E+01  0.10088E+02  0.12894E+02  0.15239E+02  0.17612E+02  0.20061E+02  0.22574E+02  0.25125E+02  0.27699E+02  0.30288E+02  0.32862E+02  0.35428E+02  0.37979E+02  0.40507E+02  0.43015E+02  0.45488E+02  0.47925E+02  0.50324E+02  0.52683E+02  0.54999E+02  0.57271E+02  0.59497E+02  0.61675E+02  0.63806E+02  0.65888E+02  0.67921E+02  0.69905E+02  0.71839E+02  0.73724E+02  0.75560E+02
rxn00107
  0.00000E+00  0.70157E+01  0.12312E+02  0.15437E+02  0.18235E+02  0.21093E+02  0.24037E+02  0.27051E+02  0.30106E+02  0.33189E+02  0.36291E+02  0.39378E+02  0.42461E+02  0.45532E+02  0.48583E+02  0.51614E+02  0.54612E+02  0.57572E+02  0.60494E+02  0.63375E+02  0.66212E+02  0.69002E+02  0.71745E+02  0.74436E+02  0.77077E+02  0.79666E+02  0.82202E+02  0.84685E+02  0.87113E+02  0.89488E+02  0.91810E+02
rxn00108
  0.00000E+00  0.30298E+04  0.11010E+05  0.22512E+05  0.36925E+05  0.54046E+05  0.73779E+05  0.96024E+05  0.12072E+06  0.14779E+06  0.17714E+06  0.20876E+06  0.24250E+06  0.27829E+06  0.31603E+06  0.35562E+06  0.39700E+06  0.44006E+06  0.48471E+06  0.53087E+06  0.57844E+06  0.62735E+06  0.67750E+06  0.72883E+06  0.78124E+06  0.83467E+06  0.88904E+06  0.94429E+06  0.10003E+07  0.10571E+07  0.11146E+07
rxn00109
  0.00000E+00  0.12807E+04  0.37031E+04  0.66456E+04  0.99158E+04  0.13434E+05  0.17180E+05  0.21129E+05  0.25273E+05  0.29592E+05  0.34069E+05  0.38716E+05  0.43500E+05  0.48414E+05  0.53448E+05  0.58587E+05  0.63834E+05  0.69178E+05  0.74609E+05  0.80122E+05  0.85709E+05  0.91365E+05  0.97085E+05  0.10286E+06  0.10869E+06  0.11457E+06  0.12049E+06  0.12645E+06  0.13244E+06  0.13847E+06  0.14452E+06
rxn00110
  0.00000E+00  0.86044E+04  0.29753E+05  0.59687E+05  0.96866E+05  0.14079E+06  0.19118E+06  0.24777E+06  0.31040E+06  0.37885E+06  0.45288E+06  0.53243E+06  0.61716E+06  0.70685E+06  0.80126E+06  0.90016E+06  0.10033E+07  0.11106E+07  0.12216E+07  0.13362E+07  0.14542E+07  0.15753E+07  0.16993E+07  0.18261E+07  0.19555E+07  0.20872E+07  0.22210E+07  0.23569E+07  0.24946E+07  0.26340E+07  0.27749E+07
rxn00111
  0.00000E+00  0.41176E+03  0.11329E+04  0.19946E+04  0.29448E+04  0.39617E+04  0.50397E+04  0.61720E+04  0.73563E+04  0.85875E+04  0.98604E+04  0.11178E+05  0.12533E+05  0.13921E+05  0.15341E+05  0.16788E+05  0.18263E+05  0.19764E+05  0.21286E+05  0.22830E+05  0.24392E+05  0.25972E+05  0.27567E+05  0.29176E+05  0.30799E+05  0.32432E+05  0.34076E+05  0.35729E+05  0.37389E+05  0.39057E+05  0.40730E+05
rxn00112
  0.00000E+00  0.33874E+04  0.17038E+05  0.38744E+05  0.66386E+05  0.99215E+05  0.13724E+06  0.18020E+06  0.22806E+06  0.28059E+06  0.33753E+06  0.39918E+06  0.46486E+06  0.53455E+06  0.60810E+06  0.68513E+06  0.76580E+06  0.84980E+06  0.93683E+06  0.10268E+07  0.11195E+07  0.12147E+07  0.13124E+07  0.14124E+07  0.15144E+07  0.16184E+07  0.17243E+07  0.18317E+07  0.19408E+07  0.20512E+07  0.21629E+07
rxn00113
  0.00000E+00  0.43552E+03  0.21907E+04  0.49814E+04  0.85353E+04  0.12756E+05  0.17645E+05  0.23168E+05  0.29323E+05  0.36075E+05  0.43397E+05  0.51323E+05  0.59768E+05  0.68728E+05  0.78184E+05  0.88088E+05  0.98460E+05  0.10926E+06  0.12045E+06  0.13201E+06  0.14393E+06  0.15618E+06  0.16874E+06  0.18159E+06  0.19471E+06  0.20808E+06  0.22169E+06  0.23551E+06  0.24953E+06  0.26372E+06  0.27809E+06
rxn00114
  0.00000E+00  0.74999E+01  0.51606E+02  0.13512E+03  0.25954E+03  0.43008E+03  0.65365E+03  0.93487E+03  0.12785E+04  0.16871E+04  0.21630E+04  0.27099E+04  0.33264E+04  0.40141E+04  0.47732E+04  0.56026E+04  0.65034E+04  0.74736E+04  0.85109E+04  0.96141E+04  0.10782E+05  0.12011E+05  0.13300E+05  0.14647E+05  0.16048E+05  0.17501E+05  0.19004E+05  0.20554E+05  0.22148E+05  0.23784E+05  0.25458E+05
rxn00115
  0.00000E+00  0.32360E+03  0.12814E+04  0.27043E+04  0.45174E+04  0.66975E+04  0.92379E+04  0.12130E+05  0.15373E+05  0.18961E+05  0.22885E+05  0.27156E+05  0.31754E+05  0.36675E+05  0.41911E+05  0.47452E+05  0.53297E+05  0.59436E+05  0.65860E+05  0.72562E+05  0.79534E+05  0.86768E+05  0.94257E+05  0.10199E+06  0.10997E+06  0.11818E+06  0.12662E+06  0.13527E+06  0.14414E+06  0.15321E+06  0.16249E+06
rxn00116
  0.00000E+00  0.39200E+00  0.11527E+01  0.20744E+01  0.31241E+01  0.42874E+01  0.55654E+01  0.69510E+01  0.84424E+01  0.10032E+02  0.11712E+02  0.13488E+02  0.15348E+02  0.17287E+02  0.19303E+02  0.21391E+02  0.23553E+02  0.25785E+02  0.28084E+02  0.30448E+02  0.32875E+02  0.35364E+02  0.37913E+02  0.40521E+02  0.43185E+02  0.45905E+02  0.48680E+02  0.51508E+02  0.54388E+02  0.57318E+02  0.60298E+02
rxn00117
  0.00000E+00  0.12751E+04  0.49657E+04  0.10460E+05  0.17352E+05  0.25453E+05  0.34671E+05  0.44929E+05  0.56184E+05  0.68392E+05  0.81512E+05  0.95546E+05  0.11042E+06  0.12610E+06  0.14255E+06  0.15969E+06  0.17756E+06  0.19607E+06  0.21517E+06  0.23484E+06  0.25504E+06  0.27573E+06  0.29688E+06  0.31847E+06  0.34044E+06  0.36278E+06  0.38546E+06  0.40844E+06  0.43171E+06  0.45523E+06  0.47898E+06
rxn00118
  0.00000E+00  0.31012E+04  0.10450E+05  0.20561E+05  0.33006E+05  0.47652E+05  0.64495E+05  0.83460E+05  0.10451E+06  0.12758E+06  0.15257E+06  0.17951E+06  0.20823E+06  0.23869E+06  0.27080E+06  0.30445E+06  0.33965E+06  0.37629E+06  0.41425E+06  0.45347E+06  0.49392E+06  0.53547E+06  0.57809E+06  0.62171E+06  0.66624E+06  0.71164E+06  0.75785E+06  0.80478E+06  0.85242E+06  0.90068E+06  0.94952E+06
rxn00119
  0.00000E+00  0.10991E+01  0.75290E+01  0.22884E+02  0.49947E+02  0.89960E+02  0.14549E+03  0.21832E+03  0.31141E+03  0.42660E+03  0.56480E+03  0.73259E+03  0.92827E+03  0.11537E+04  0.14110E+04  0.16996E+04  0.20240E+04  0.23854E+04  0.27841E+04  0.32213E+04  0.36986E+04  0.42168E+04  0.47769E+04  0.53804E+04  0.60276E+04  0.67193E+04  0.74572E+04  0.82405E+04  0.90713E+04  0.99490E+04  0.10875E+05
rxn00120
  0.00000E+00  0.14842E+01  0.79066E+01  0.19178E+02  0.35663E+02  0.58004E+02  0.86811E+02  0.12254E+03  0.16557E+03  0.21619E+03  0.27461E+03  0.34099E+03  0.41537E+03  0.49780E+03  0.58822E+03  0.68652E+03  0.79269E+03  0.90648E+03  0.10276E+04  0.11560E+04  0.12913E+04  0.14333E+04  0.15817E+04  0.17362E+04  0.18965E+04  0.20624E+04  0.22334E+04  0.24094E+04  0.25900E+04  0.27749E+04  0.29637E+04
rxn00121
  0.00000E+00  0.50441E-01  0.27943E+00  0.65363E+00  0.11663E+01  0.18336E+01  0.26710E+01  0.36890E+01  0.48977E+01  0.63048E+01  0.79169E+01  0.97419E+01  0.11782E+02  0.14041E+02  0.16523E+02  0.19226E+02  0.22156E+02  0.25311E+02  0.28689E+02  0.32288E+02  0.36109E+02  0.40149E+02  0.44405E+02  0.48875E+02  0.53555E+02  0.58442E+02  0.63534E+02  0.68824E+02  0.74311E+02  0.79990E+02  0.85858E+02
rxn00122
  0.00000E+00  0.52074E-01  0.25288E+00  0.58030E+00  0.10349E+01  0.16285E+01  0.23733E+01  0.32782E+01  0.43520E+01  0.56020E+01  0.70344E+01  0.86568E+01  0.10472E+02  0.12483E+02  0.14695E+02  0.17107E+02  0.19726E+02  0.22548E+02  0.25574E+02  0.28803E+02  0.32237E+02  0.35871E+02  0.39707E+02  0.43743E+02  0.47975E+02  0.52401E+02  0.57020E+02  0.61828E+02  0.66823E+02  0.72001E+02  0.77361E+02
rxn00123
  0.00000E+00  0.40576E-04  0.47968E-03  0.18984E-02  0.49532E-02  0.10401E-01  0.19139E-01  0.32145E-01  0.50513E-01  0.75393E-01  0.10798E+00  0.14968E+00  0.20169E+00  0.26536E+00  0.34204E+00  0.43294E+00  0.53963E+00  0.66332E+00  0.80514E+00  0.96639E+00  0.11483E+01  0.13519E+01  0.15784E+01  0.18288E+01  0.21039E+01  0.24047E+01  0.27322E+01  0.30869E+01  0.34698E+01  0.38813E+01  0.43222E+01
rxn00124
  0.00000E+00  0.31808E+02  0.94757E+02  0.17708E+03  0.27571E+03  0.38992E+03  0.51912E+03  0.66274E+03  0.82040E+03  0.99161E+03  0.11759E+04  0.13730E+04  0.15822E+04  0.18031E+04  0.20352E+04  0.22778E+04  0.25306E+04  0.27931E+04  0.30647E+04  0.33450E+04  0.36335E+04  0.39298E+04  0.42334E+04  0.45439E+04  0.48610E+04  0.51842E+04  0.55131E+04  0.58475E+04  0.61869E+04  0.65311E+04  0.68797E+04
rxn00125
  0.00000E+00  0.00000E+00  0.00000E+00  0.00000E+00  0.00000E+00  0.00000E+00  0.00000E+00  0.00000E+00  0.00000E+00  0.00000E+00  0.00000E+00  0.00000E+00  0.00000E+00  0.00000E+00  0.00000E+00  0.00000E+00  0.00000E+00  0.00000E+00  0.00000E+00  0.00000E+00  0.00000E+00  0.00000E+00  0.00000E+00  0.00000E+00  0.00000E+00  0.00000E+00  0.00000E+00  0.00000E+00  0.00000E+00  0.00000E+00  0.00000E+00
rxn00126
  0.00000E+00  0.00000E+00  0.00000E+00  0.00000E+00  0.00000E+00  0.00000E+00  0.00000E+00  0.00000E+00  0.00000E+00  0.00000E+00  0.00000E+00  0.00000E+00  0.00000E+00  0.00000E+00  0.00000E+00  0.00000E+00  0.00000E+00  0.00000E+00  0.00000E+00  0.00000E+00  0.00000E+00  0.00000E+00  0.00000E+00  0.00000E+00  0.00000E+00  0.00000E+00  0.00000E+00  0.00000E+00  0.00000E+00  0.00000E+00  0.00000E+00
rxn00127
  0.00000E+00  0.00000E+00  0.00000E+00  0.00000E+00  0.00000E+00  0.00000E+00  0.00000E+00  0.00000E+00  0.00000E+00  0.00000E+00  0.00000E+00  0.00000E+00  0.00000E+00  0.00000E+00  0.00000E+00  0.00000E+00  0.00000E+00  0.00000E+00  0.00000E+00  0.00000E+00  0.00000E+00  0.00000E+00  0.00000E+00  0.00000E+00  0.00000E+00  0.00000E+00  0.00000E+00  0.00000E+00  0.00000E+00  0.00000E+00  0.00000E+00
