rxn00001
  0.00000E+00  0.49031E+05  0.49031E+05  0.49031E+05  0.49031E+05  0.49031E+05  0.49031E+05  0.49031E+05  0.49031E+05  0.49031E+05  0.49031E+05  0.49031E+05  0.49031E+05  0.49031E+05  0.49031E+05  0.49031E+05  0.49031E+05  0.49031E+05  0.49031E+05  0.49031E+05  0.49031E+05  0.49031E+05  0.49031E+05  0.49031E+05  0.49031E+05  0.49031E+05  0.49031E+05  0.49031E+05  0.49031E+05  0.49031E+05  0.49031E+05
rxn00002
  0.00000E+00  0.70999E-14  0.70999E-14  0.70999E-14  0.70999E-14  0.70999E-14  0.70999E-14  0.70999E-14  0.70999E-14  0.70999E-14  0.70999E-14  0.70999E-14  0.70999E-14  0.70999E-14  0.70999E-14  0.70999E-14  0.70999E-14  0.70999E-14  0.70999E-14  0.70999E-14  0.70999E-14  0.70999E-14  0.70999E-14  0.70999E-14  0.70999E-14  0.70999E-14  0.70999E-14  0.70999E-14  0.70999E-14  0.70999E-14  0.70999E-14
rxn00003
  0.00000E+00  0.13294E-11  0.13294E-11  0.13294E-11  0.13294E-11  0.13294E-11  0.13294E-11  0.13294E-11  0.13294E-11  0.13294E-11  0.13294E-11  0.13294E-11  0.13294E-11  0.13294E-11  0.13294E-11  0.13294E-11  0.13294E-11  0.13294E-11  0.13294E-11  0.13294E-11  0.13294E-11  0.13294E-11  0.13294E-11  0.13294E-11  0.13294E-11  0.13294E-11  0.13294E-11  0.13294E-11  0.13294E-11  0.13294E-11  0.13294E-11
rxn00004
  0.00000E+00  0.10440E-10  0.10440E-10  0.10440E-10  0.10440E-10  0.10440E-10  0.10440E-10  0.10440E-10  0.10440E-10  0.10440E-10  0.10440E-10  0.10440E-10  0.10440E-10  0.10440E-10  0.10440E-10  0.10440E-10  0.10440E-10  0.10440E-10  0.10440E-10  0.10440E-10  0.10440E-10  0.10440E-10  0.10440E-10  0.10440E-10  0.10440E-10  0.10440E-10  0.10440E-10  0.10440E-10  0.10440E-10  0.10440E-10  0.10440E-10
rxn00005
  0.00000E+00  0.27240E-11  0.27240E-11  0.27240E-11  0.27240E-11  0.27240E-11  0.27240E-11  0.27240E-11  0.27240E-11  0.27240E-11  0.27240E-11  0.27240E-11  0.27240E-11  0.27240E-11  0.27240E-11  0.27240E-11  0.27240E-11  0.27240E-11  0.27240E-11  0.27240E-11  0.27240E-11  0.27240E-11  0.27240E-11  0.27240E-11  0.27240E-11  0.27240E-11  0.27240E-11  0.27240E-11  0.27240E-11  0.27240E-11  0.27240E-11
rxn00006
  0.00000E+00  0.64764E+09  0.64764E+09  0.64764E+09  0.64764E+09  0.64764E+09  0.64764E+09  0.64764E+09  0.64764E+09  0.64764E+09  0.64764E+09  0.64764E+09  0.64764E+09  0.64764E+09  0.64764E+09  0.64764E+09  0.64764E+09  0.64764E+09  0.64764E+09  0.64764E+09  0.64764E+09  0.64764E+09  0.64764E+09  0.64764E+09  0.64764E+09  0.64764E+09  0.64764E+09  0.64764E+09  0.64764E+09  0.64764E+09  0.64764E+09
rxn00007
  0.00000E+00  0.16047E-13  0.16047E-13  0.16047E-13  0.16047E-13  0.16047E-13  0.16047E-13  0.16047E-13  0.16047E-13  0.16047E-13  0.16047E-13  0.16047E-13  0.16047E-13  0.16047E-13  0.16047E-13  0.16047E-13  0.16047E-13  0.16047E-13  0.16047E-13  0.16047E-13  0.16047E-13  0.16047E-13  0.16047E-13  0.16047E-13  0.16047E-13  0.16047E-13  0.16047E-13  0.16047E-13  0.16047E-13  0.16047E-13  0.16047E-13
rxn00008
  0.00000E+00  0.30682E-16  0.30682E-16  0.30682E-16  0.30682E-16  0.30682E-16  0.30682E-16  0.30682E-16  0.30682E-16  0.30682E-16  0.30682E-16  0.30682E-16  0.30682E-16  0.30682E-16  0.30682E-16  0.30682E-16  0.30682E-16  0.30682E-16  0.30682E-16  0.30682E-16  0.30682E-16  0.30682E-16  0.30682E-16  0.30682E-16  0.30682E-16  0.30682E-16  0.30682E-16  0.30682E-16  0.30682E-16  0.30682E-16  0.30682E-16
rxn00009
  0.00000E+00  0.83526E-19  0.83526E-19  0.83526E-19  0.83526E-19  0.83526E-19  0.83526E-19  0.83526E-19  0.83526E-19  0.83526E-19  0.83526E-19  0.83526E-19  0.83526E-19  0.83526E-19  0.83526E-19  0.83526E-19  0.83526E-19  0.83526E-19  0.83526E-19  0.83526E-19  0.83526E-19  0.83526E-19  0.83526E-19  0.83526E-19  0.83526E-19  0.83526E-19  0.83526E-19  0.83526E-19  0.83526E-19  0.83526E-19  0.83526E-19
rxn00010
  0.00000E+00  0.26196E-10  0.26196E-10  0.26196E-10  0.26196E-10  0.26196E-10  0.26196E-10  0.26196E-10  0.26196E-10  0.26196E-10  0.26196E-10  0.26196E-10  0.26196E-10  0.26196E-10  0.26196E-10  0.26196E-10  0.26196E-10  0.26196E-10  0.26196E-10  0.26196E-10  0.26196E-10  0.26196E-10  0.26196E-10  0.26196E-10  0.26196E-10  0.26196E-10  0.26196E-10  0.26196E-10  0.26196E-10  0.26196E-10  0.26196E-10
rxn00011
  0.00000E+00  0.61172E-15  0.61172E-15  0.61172E-15  0.61172E-15  0.61172E-15  0.61172E-15  0.61172E-15  0.61172E-15  0.61172E-15  0.61172E-15  0.61172E-15  0.61172E-15  0.61172E-15  0.61172E-15  0.61172E-15  0.61172E-15  0.61172E-15  0.61172E-15  0.61172E-15  0.61172E-15  0.61172E-15  0.61172E-15  0.61172E-15  0.61172E-15  0.61172E-15  0.61172E-15  0.61172E-15  0.61172E-15  0.61172E-15  0.61172E-15
rxn00012
  0.00000E+00  0.11186E-11  0.11186E-11  0.11186E-11  0.11186E-11  0.11186E-11  0.11186E-11  0.11186E-11  0.11186E-11  0.11186E-11  0.11186E-11  0.11186E-11  0.11186E-11  0.11186E-11  0.11186E-11  0.11186E-11  0.11186E-11  0.11186E-11  0.11186E-11  0.11186E-11  0.11186E-11  0.11186E-11  0.11186E-11  0.11186E-11  0.11186E-11  0.11186E-11  0.11186E-11  0.11186E-11  0.11186E-11  0.11186E-11  0.11186E-11
rxn00013
  0.00000E+00  0.74783E+08  0.74783E+08  0.74783E+08  0.74783E+08  0.74783E+08  0.74783E+08  0.74783E+08  0.74783E+08  0.74783E+08  0.74783E+08  0.74783E+08  0.74783E+08  0.74783E+08  0.74783E+08  0.74783E+08  0.74783E+08  0.74783E+08  0.74783E+08  0.74783E+08  0.74783E+08  0.74783E+08  0.74783E+08  0.74783E+08  0.74783E+08  0.74783E+08  0.74783E+08  0.74783E+08  0.74783E+08  0.74783E+08  0.74783E+08
rxn00014
  0.00000E+00  0.68843E-13  0.68843E-13  0.68843E-13  0.68843E-13  0.68843E-13  0.68843E-13  0.68843E-13  0.68843E-13  0.68843E-13  0.68843E-13  0.68843E-13  0.68843E-13  0.68843E-13  0.68843E-13  0.68843E-13  0.68843E-13  0.68843E-13  0.68843E-13  0.68843E-13  0.68843E-13  0.68843E-13  0.68843E-13  0.68843E-13  0.68843E-13  0.68843E-13  0.68843E-13  0.68843E-13  0.68843E-13  0.68843E-13  0.68843E-13
rxn00015
  0.00000E+00  0.59620E-14  0.59620E-14  0.59620E-14  0.59620E-14  0.59620E-14  0.59620E-14  0.59620E-14  0.59620E-14  0.59620E-14  0.59620E-14  0.59620E-14  0.59620E-14  0.59620E-14  0.59620E-14  0.59620E-14  0.59620E-14  0.59620E-14  0.59620E-14  0.59620E-14  0.59620E-14  0.59620E-14  0.59620E-14  0.59620E-14  0.59620E-14  0.59620E-14  0.59620E-14  0.59620E-14  0.59620E-14  0.59620E-14  0.59620E-14
rxn00016
  0.00000E+00  0.21180E-12  0.21180E-12  0.21180E-12  0.21180E-12  0.21180E-12  0.21180E-12  0.21180E-12  0.21180E-12  0.21180E-12  0.21180E-12  0.21180E-12  0.21180E-12  0.21180E-12  0.21180E-12  0.21180E-12  0.21180E-12  0.21180E-12  0.21180E-12  0.21180E-12  0.21180E-12  0.21180E-12  0.21180E-12  0.21180E-12  0.21180E-12  0.21180E-12  0.21180E-12  0.21180E-12  0.21180E-12  0.21180E-12  0.21180E-12
rxn00017
  0.00000E+00  0.16802E-11  0.16802E-11  0.16802E-11  0.16802E-11  0.16802E-11  0.16802E-11  0.16802E-11  0.16802E-11  0.16802E-11  0.16802E-11  0.16802E-11  0.16802E-11  0.16802E-11  0.16802E-11  0.16802E-11  0.16802E-11  0.16802E-11  0.16802E-11  0.16802E-11  0.16802E-11  0.16802E-11  0.16802E-11  0.16802E-11  0.16802E-11  0.16802E-11  0.16802E-11  0.16802E-11  0.16802E-11  0.16802E-11  0.16802E-11
rxn00018
  0.00000E+00  0.19423E-14  0.19423E-14  0.19423E-14  0.19423E-14  0.19423E-14  0.19423E-14  0.19423E-14  0.19423E-14  0.19423E-14  0.19423E-14  0.19423E-14  0.19423E-14  0.19423E-14  0.19423E-14  0.19423E-14  0.19423E-14  0.19423E-14  0.19423E-14  0.19423E-14  0.19423E-14  0.19423E-14  0.19423E-14  0.19423E-14  0.19423E-14  0.19423E-14  0.19423E-14  0.19423E-14  0.19423E-14  0.19423E-14  0.19423E-14
rxn00019
  0.00000E+00  0.11262E-09  0.11262E-09  0.11262E-09  0.11262E-09  0.11262E-09  0.11262E-09  0.11262E-09  0.11262E-09  0.11262E-09  0.11262E-09  0.11262E-09  0.11262E-09  0.11262E-09  0.11262E-09  0.11262E-09  0.11262E-09  0.11262E-09  0.11262E-09  0.11262E-09  0.11262E-09  0.11262E-09  0.11262E-09  0.11262E-09  0.11262E-09  0.11262E-09  0.11262E-09  0.11262E-09  0.11262E-09  0.11262E-09  0.11262E-09
rxn00020
  0.00000E+00  0.27990E-11  0.27990E-11  0.27990E-11  0.27990E-11  0.27990E-11  0.27990E-11  0.27990E-11  0.27990E-11  0.27990E-11  0.27990E-11  0.27990E-11  0.27990E-11  0.27990E-11  0.27990E-11  0.27990E-11  0.27990E-11  0.27990E-11  0.27990E-11  0.27990E-11  0.27990E-11  0.27990E-11  0.27990E-11  0.27990E-11  0.27990E-11  0.27990E-11  0.27990E-11  0.27990E-11  0.27990E-11  0.27990E-11  0.27990E-11
rxn00021
  0.00000E+00  0.62329E-11  0.62329E-11  0.62329E-11  0.62329E-11  0.62329E-11  0.62329E-11  0.62329E-11  0.62329E-11  0.62329E-11  0.62329E-11  0.62329E-11  0.62329E-11  0.62329E-11  0.62329E-11  0.62329E-11  0.62329E-11  0.62329E-11  0.62329E-11  0.62329E-11  0.62329E-11  0.62329E-11  0.62329E-11  0.62329E-11  0.62329E-11  0.62329E-11  0.62329E-11  0.62329E-11  0.62329E-11  0.62329E-11  0.62329E-11
rxn00022
  0.00000E+00  0.90679E-11  0.90679E-11  0.90679E-11  0.90679E-11  0.90679E-11  0.90679E-11  0.90679E-11  0.90679E-11  0.90679E-11  0.90679E-11  0.90679E-11  0.90679E-11  0.90679E-11  0.90679E-11  0.90679E-11  0.90679E-11  0.90679E-11  0.90679E-11  0.90679E-11  0.90679E-11  0.90679E-11  0.90679E-11  0.90679E-11  0.90679E-11  0.90679E-11  0.90679E-11  0.90679E-11  0.90679E-11  0.90679E-11  0.90679E-11
rxn00023
  0.00000E+00  0.20000E-10  0.20000E-10  0.20000E-10  0.20000E-10  0.20000E-10  0.20000E-10  0.20000E-10  0.20000E-10  0.20000E-10  0.20000E-10  0.20000E-10  0.20000E-10  0.20000E-10  0.20000E-10  0.20000E-10  0.20000E-10  0.20000E-10  0.20000E-10  0.20000E-10  0.20000E-10  0.20000E-10  0.20000E-10  0.20000E-10  0.20000E-10  0.20000E-10  0.20000E-10  0.20000E-10  0.20000E-10  0.20000E-10  0.20000E-10
rxn00024
  0.00000E+00  0.86660E-11  0.86660E-11  0.86660E-11  0.86660E-11  0.86660E-11  0.86660E-11  0.86660E-11  0.86660E-11  0.86660E-11  0.86660E-11  0.86660E-11  0.86660E-11  0.86660E-11  0.86660E-11  0.86660E-11  0.86660E-11  0.86660E-11  0.86660E-11  0.86660E-11  0.86660E-11  0.86660E-11  0.86660E-11  0.86660E-11  0.86660E-11  0.86660E-11  0.86660E-11  0.86660E-11  0.86660E-11  0.86660E-11  0.86660E-11
rxn00025
  0.00000E+00  0.11778E-11  0.11778E-11  0.11778E-11  0.11778E-11  0.11778E-11  0.11778E-11  0.11778E-11  0.11778E-11  0.11778E-11  0.11778E-11  0.11778E-11  0.11778E-11  0.11778E-11  0.11778E-11  0.11778E-11  0.11778E-11  0.11778E-11  0.11778E-11  0.11778E-11  0.11778E-11  0.11778E-11  0.11778E-11  0.11778E-11  0.11778E-11  0.11778E-11  0.11778E-11  0.11778E-11  0.11778E-11  0.11778E-11  0.11778E-11
rxn00026
  0.00000E+00  0.33680E-11  0.33680E-11  0.33680E-11  0.33680E-11  0.33680E-11  0.33680E-11  0.33680E-11  0.33680E-11  0.33680E-11  0.33680E-11  0.33680E-11  0.33680E-11  0.33680E-11  0.33680E-11  0.33680E-11  0.33680E-11  0.33680E-11  0.33680E-11  0.33680E-11  0.33680E-11  0.33680E-11  0.33680E-11  0.33680E-11  0.33680E-11  0.33680E-11  0.33680E-11  0.33680E-11  0.33680E-11  0.33680E-11  0.33680E-11
rxn00027
  0.00000E+00  0.40000E-11  0.40000E-11  0.40000E-11  0.40000E-11  0.40000E-11  0.40000E-11  0.40000E-11  0.40000E-11  0.40000E-11  0.40000E-11  0.40000E-11  0.40000E-11  0.40000E-11  0.40000E-11  0.40000E-11  0.40000E-11  0.40000E-11  0.40000E-11  0.40000E-11  0.40000E-11  0.40000E-11  0.40000E-11  0.40000E-11  0.40000E-11  0.40000E-11  0.40000E-11  0.40000E-11  0.40000E-11  0.40000E-11  0.40000E-11
rxn00028
  0.00000E+00  0.60691E-11  0.60691E-11  0.60691E-11  0.60691E-11  0.60691E-11  0.60691E-11  0.60691E-11  0.60691E-11  0.60691E-11  0.60691E-11  0.60691E-11  0.60691E-11  0.60691E-11  0.60691E-11  0.60691E-11  0.60691E-11  0.60691E-11  0.60691E-11  0.60691E-11  0.60691E-11  0.60691E-11  0.60691E-11  0.60691E-11  0.60691E-11  0.60691E-11  0.60691E-11  0.60691E-11  0.60691E-11  0.60691E-11  0.60691E-11
rxn00029
  0.00000E+00  0.16226E-12  0.16226E-12  0.16226E-12  0.16226E-12  0.16226E-12  0.16226E-12  0.16226E-12  0.16226E-12  0.16226E-12  0.16226E-12  0.16226E-12  0.16226E-12  0.16226E-12  0.16226E-12  0.16226E-12  0.16226E-12  0.16226E-12  0.16226E-12  0.16226E-12  0.16226E-12  0.16226E-12  0.16226E-12  0.16226E-12  0.16226E-12  0.16226E-12  0.16226E-12  0.16226E-12  0.16226E-12  0.16226E-12  0.16226E-12
rxn00030
  0.00000E+00  0.43775E-04  0.43775E-04  0.43775E-04  0.43775E-04  0.43775E-04  0.43775E-04  0.43775E-04  0.43775E-04  0.43775E-04  0.43775E-04  0.43775E-04  0.43775E-04  0.43775E-04  0.43775E-04  0.43775E-04  0.43775E-04  0.43775E-04  0.43775E-04  0.43775E-04  0.43775E-04  0.43775E-04  0.43775E-04  0.43775E-04  0.43775E-04  0.43775E-04  0.43775E-04  0.43775E-04  0.43775E-04  0.43775E-04  0.43775E-04
rxn00031
  0.00000E+00  0.39866E-03  0.39866E-03  0.39866E-03  0.39866E-03  0.39866E-03  0.39866E-03  0.39866E-03  0.39866E-03  0.39866E-03  0.39866E-03  0.39866E-03  0.39866E-03  0.39866E-03  0.39866E-03  0.39866E-03  0.39866E-03  0.39866E-03  0.39866E-03  0.39866E-03  0.39866E-03  0.39866E-03  0.39866E-03  0.39866E-03  0.39866E-03  0.39866E-03  0.39866E-03  0.39866E-03  0.39866E-03  0.39866E-03  0.39866E-03
rxn00032
  0.00000E+00  0.76216E-05  0.76216E-05  0.76216E-05  0.76216E-05  0.76216E-05  0.76216E-05  0.76216E-05  0.76216E-05  0.76216E-05  0.76216E-05  0.76216E-05  0.76216E-05  0.76216E-05  0.76216E-05  0.76216E-05  0.76216E-05  0.76216E-05  0.76216E-05  0.76216E-05  0.76216E-05  0.76216E-05  0.76216E-05  0.76216E-05  0.76216E-05  0.76216E-05  0.76216E-05  0.76216E-05  0.76216E-05  0.76216E-05  0.76216E-05
rxn00033
  0.00000E+00  0.94890E-02  0.94890E-02  0.94890E-02  0.94890E-02  0.94890E-02  0.94890E-02  0.94890E-02  0.94890E-02  0.94890E-02  0.94890E-02  0.94890E-02  0.94890E-02  0.94890E-02  0.94890E-02  0.94890E-02  0.94890E-02  0.94890E-02  0.94890E-02  0.94890E-02  0.94890E-02  0.94890E-02  0.94890E-02  0.94890E-02  0.94890E-02  0.94890E-02  0.94890E-02  0.94890E-02  0.94890E-02  0.94890E-02  0.94890E-02
rxn00034
  0.00000E+00  0.19610E-01  0.19610E-01  0.19610E-01  0.19610E-01  0.19610E-01  0.19610E-01  0.19610E-01  0.19610E-01  0.19610E-01  0.19610E-01  0.19610E-01  0.19610E-01  0.19610E-01  0.19610E-01  0.19610E-01  0.19610E-01  0.19610E-01  0.19610E-01  0.19610E-01  0.19610E-01  0.19610E-01  0.19610E-01  0.19610E-01  0.19610E-01  0.19610E-01  0.19610E-01  0.19610E-01  0.19610E-01  0.19610E-01  0.19610E-01
rxn00035
  0.00000E+00  0.15797E+00  0.15797E+00  0.15797E+00  0.15797E+00  0.15797E+00  0.15797E+00  0.15797E+00  0.15797E+00  0.15797E+00  0.15797E+00  0.15797E+00  0.15797E+00  0.15797E+00  0.15797E+00  0.15797E+00  0.15797E+00  0.15797E+00  0.15797E+00  0.15797E+00  0.15797E+00  0.15797E+00  0.15797E+00  0.15797E+00  0.15797E+00  0.15797E+00  0.15797E+00  0.15797E+00  0.15797E+00  0.15797E+00  0.15797E+00
rxn00036
  0.00000E+00  0.19637E-02  0.19637E-02  0.19637E-02  0.19637E-02  0.19637E-02  0.19637E-02  0.19637E-02  0.19637E-02  0.19637E-02  0.19637E-02  0.19637E-02  0.19637E-02  0.19637E-02  0.19637E-02  0.19637E-02  0.19637E-02  0.19637E-02  0.19637E-02  0.19637E-02  0.19637E-02  0.19637E-02  0.19637E-02  0.19637E-02  0.19637E-02  0.19637E-02  0.19637E-02  0.19637E-02  0.19637E-02  0.19637E-02  0.19637E-02
rxn00037
  0.00000E+00  0.73497E-06  0.73497E-06  0.73497E-06  0.73497E-06  0.73497E-06  0.73497E-06  0.73497E-06  0.73497E-06  0.73497E-06  0.73497E-06  0.73497E-06  0.73497E-06  0.73497E-06  0.73497E-06  0.73497E-06  0.73497E-06  0.73497E-06  0.73497E-06  0.73497E-06  0.73497E-06  0.73497E-06  0.73497E-06  0.73497E-06  0.73497E-06  0.73497E-06  0.73497E-06  0.73497E-06  0.73497E-06  0.73497E-06  0.73497E-06
rxn00038
  0.00000E+00  0.27393E-01  0.27393E-01  0.27393E-01  0.27393E-01  0.27393E-01  0.27393E-01  0.27393E-01  0.27393E-01  0.27393E-01  0.27393E-01  0.27393E-01  0.27393E-01  0.27393E-01  0.27393E-01  0.27393E-01  0.27393E-01  0.27393E-01  0.27393E-01  0.27393E-01  0.27393E-01  0.27393E-01  0.27393E-01  0.27393E-01  0.27393E-01  0.27393E-01  0.27393E-01  0.27393E-01  0.27393E-01  0.27393E-01  0.27393E-01
rxn00039
  0.00000E+00  0.40662E-01  0.40662E-01  0.40662E-01  0.40662E-01  0.40662E-01  0.40662E-01  0.40662E-01  0.40662E-01  0.40662E-01  0.40662E-01  0.40662E-01  0.40662E-01  0.40662E-01  0.40662E-01  0.40662E-01  0.40662E-01  0.40662E-01  0.40662E-01  0.40662E-01  0.40662E-01  0.40662E-01  0.40662E-01  0.40662E-01  0.40662E-01  0.40662E-01  0.40662E-01  0.40662E-01  0.40662E-01  0.40662E-01  0.40662E-01
rxn00040
  0.00000E+00  0.58007E-14  0.58007E-14  0.58007E-14  0.58007E-14  0.58007E-14  0.58007E-14  0.58007E-14  0.58007E-14  0.58007E-14  0.58007E-14  0.58007E-14  0.58007E-14  0.58007E-14  0.58007E-14  0.58007E-14  0.58007E-14  0.58007E-14  0.58007E-14  0.58007E-14  0.58007E-14  0.58007E-14  0.58007E-14  0.58007E-14  0.58007E-14  0.58007E-14  0.58007E-14  0.58007E-14  0.58007E-14  0.58007E-14  0.58007E-14
rxn00041
  0.00000E+00  0.49200E-11  0.49200E-11  0.49200E-11  0.49200E-11  0.49200E-11  0.49200E-11  0.49200E-11  0.49200E-11  0.49200E-11  0.49200E-11  0.49200E-11  0.49200E-11  0.49200E-11  0.49200E-11  0.49200E-11  0.49200E-11  0.49200E-11  0.49200E-11  0.49200E-11  0.49200E-11  0.49200E-11  0.49200E-11  0.49200E-11  0.49200E-11  0.49200E-11  0.49200E-11  0.49200E-11  0.49200E-11  0.49200E-11  0.49200E-11
rxn00042
  0.00000E+00  0.51671E-12  0.51671E-12  0.51671E-12  0.51671E-12  0.51671E-12  0.51671E-12  0.51671E-12  0.51671E-12  0.51671E-12  0.51671E-12  0.51671E-12  0.51671E-12  0.51671E-12  0.51671E-12  0.51671E-12  0.51671E-12  0.51671E-12  0.51671E-12  0.51671E-12  0.51671E-12  0.51671E-12  0.51671E-12  0.51671E-12  0.51671E-12  0.51671E-12  0.51671E-12  0.51671E-12  0.51671E-12  0.51671E-12  0.51671E-12
rxn00043
  0.00000E+00  0.78534E-14  0.78534E-14  0.78534E-14  0.78534E-14  0.78534E-14  0.78534E-14  0.78534E-14  0.78534E-14  0.78534E-14  0.78534E-14  0.78534E-14  0.78534E-14  0.78534E-14  0.78534E-14  0.78534E-14  0.78534E-14  0.78534E-14  0.78534E-14  0.78534E-14  0.78534E-14  0.78534E-14  0.78534E-14  0.78534E-14  0.78534E-14  0.78534E-14  0.78534E-14  0.78534E-14  0.78534E-14  0.78534E-14  0.78534E-14
rxn00044
  0.00000E+00  0.78456E-11  0.78456E-11  0.78456E-11  0.78456E-11  0.78456E-11  0.78456E-11  0.78456E-11  0.78456E-11  0.78456E-11  0.78456E-11  0.78456E-11  0.78456E-11  0.78456E-11  0.78456E-11  0.78456E-11  0.78456E-11  0.78456E-11  0.78456E-11  0.78456E-11  0.78456E-11  0.78456E-11  0.78456E-11  0.78456E-11  0.78456E-11  0.78456E-11  0.78456E-11  0.78456E-11  0.78456E-11  0.78456E-11  0.78456E-11
rxn00045
  0.00000E+00  0.31933E-11  0.31933E-11  0.31933E-11  0.31933E-11  0.31933E-11  0.31933E-11  0.31933E-11  0.31933E-11  0.31933E-11  0.31933E-11  0.31933E-11  0.31933E-11  0.31933E-11  0.31933E-11  0.31933E-11  0.31933E-11  0.31933E-11  0.31933E-11  0.31933E-11  0.31933E-11  0.31933E-11  0.31933E-11  0.31933E-11  0.31933E-11  0.31933E-11  0.31933E-11  0.31933E-11  0.31933E-11  0.31933E-11  0.31933E-11
rxn00046
  0.00000E+00  0.12000E-11  0.12000E-11  0.12000E-11  0.12000E-11  0.12000E-11  0.12000E-11  0.12000E-11  0.12000E-11  0.12000E-11  0.12000E-11  0.12000E-11  0.12000E-11  0.12000E-11  0.12000E-11  0.12000E-11  0.12000E-11  0.12000E-11  0.12000E-11  0.12000E-11  0.12000E-11  0.12000E-11  0.12000E-11  0.12000E-11  0.12000E-11  0.12000E-11  0.12000E-11  0.12000E-11  0.12000E-11  0.12000E-11  0.12000E-11
rxn00047
  0.00000E+00  0.59508E-05  0.59508E-05  0.59508E-05  0.59508E-05  0.59508E-05  0.59508E-05  0.59508E-05  0.59508E-05  0.59508E-05  0.59508E-05  0.59508E-05  0.59508E-05  0.59508E-05  0.59508E-05  0.59508E-05  0.59508E-05  0.59508E-05  0.59508E-05  0.59508E-05  0.59508E-05  0.59508E-05  0.59508E-05  0.59508E-05  0.59508E-05  0.59508E-05  0.59508E-05  0.59508E-05  0.59508E-05  0.59508E-05  0.59508E-05
rxn00048
  0.00000E+00  0.60801E-11  0.60801E-11  0.60801E-11  0.60801E-11  0.60801E-11  0.60801E-11  0.60801E-11  0.60801E-11  0.60801E-11  0.60801E-11  0.60801E-11  0.60801E-11  0.60801E-11  0.60801E-11  0.60801E-11  0.60801E-11  0.60801E-11  0.60801E-11  0.60801E-11  0.60801E-11  0.60801E-11  0.60801E-11  0.60801E-11  0.60801E-11  0.60801E-11  0.60801E-11  0.60801E-11  0.60801E-11  0.60801E-11  0.60801E-11
rxn00049
  0.00000E+00  0.40534E-11  0.40534E-11  0.40534E-11  0.40534E-11  0.40534E-11  0.40534E-11  0.40534E-11  0.40534E-11  0.40534E-11  0.40534E-11  0.40534E-11  0.40534E-11  0.40534E-11  0.40534E-11  0.40534E-11  0.40534E-11  0.40534E-11  0.40534E-11  0.40534E-11  0.40534E-11  0.40534E-11  0.40534E-11  0.40534E-11  0.40534E-11  0.40534E-11  0.40534E-11  0.40534E-11  0.40534E-11  0.40534E-11  0.40534E-11
rxn00050
  0.00000E+00  0.35506E-04  0.35506E-04  0.35506E-04  0.35506E-04  0.35506E-04  0.35506E-04  0.35506E-04  0.35506E-04  0.35506E-04  0.35506E-04  0.35506E-04  0.35506E-04  0.35506E-04  0.35506E-04  0.35506E-04  0.35506E-04  0.35506E-04  0.35506E-04  0.35506E-04  0.35506E-04  0.35506E-04  0.35506E-04  0.35506E-04  0.35506E-04  0.35506E-04  0.35506E-04  0.35506E-04  0.35506E-04  0.35506E-04  0.35506E-04
rxn00051
  0.00000E+00  0.51319E-04  0.51319E-04  0.51319E-04  0.51319E-04  0.51319E-04  0.51319E-04  0.51319E-04  0.51319E-04  0.51319E-04  0.51319E-04  0.51319E-04  0.51319E-04  0.51319E-04  0.51319E-04  0.51319E-04  0.51319E-04  0.51319E-04  0.51319E-04  0.51319E-04  0.51319E-04  0.51319E-04  0.51319E-04  0.51319E-04  0.51319E-04  0.51319E-04  0.51319E-04  0.51319E-04  0.51319E-04  0.51319E-04  0.51319E-04
rxn00052
  0.00000E+00  0.55000E-15  0.55000E-15  0.55000E-15  0.55000E-15  0.55000E-15  0.55000E-15  0.55000E-15  0.55000E-15  0.55000E-15  0.55000E-15  0.55000E-15  0.55000E-15  0.55000E-15  0.55000E-15  0.55000E-15  0.55000E-15  0.55000E-15  0.55000E-15  0.55000E-15  0.55000E-15  0.55000E-15  0.55000E-15  0.55000E-15  0.55000E-15  0.55000E-15  0.55000E-15  0.55000E-15  0.55000E-15  0.55000E-15  0.55000E-15
rxn00053
  0.00000E+00  0.85584E-11  0.85584E-11  0.85584E-11  0.85584E-11  0.85584E-11  0.85584E-11  0.85584E-11  0.85584E-11  0.85584E-11  0.85584E-11  0.85584E-11  0.85584E-11  0.85584E-11  0.85584E-11  0.85584E-11  0.85584E-11  0.85584E-11  0.85584E-11  0.85584E-11  0.85584E-11  0.85584E-11  0.85584E-11  0.85584E-11  0.85584E-11  0.85584E-11  0.85584E-11  0.85584E-11  0.85584E-11  0.85584E-11  0.85584E-11
rxn00054
  0.00000E+00  0.10174E-05  0.10174E-05  0.10174E-05  0.10174E-05  0.10174E-05  0.10174E-05  0.10174E-05  0.10174E-05  0.10174E-05  0.10174E-05  0.10174E-05  0.10174E-05  0.10174E-05  0.10174E-05  0.10174E-05  0.10174E-05  0.10174E-05  0.10174E-05  0.10174E-05  0.10174E-05  0.10174E-05  0.10174E-05  0.10174E-05  0.10174E-05  0.10174E-05  0.10174E-05  0.10174E-05  0.10174E-05  0.10174E-05  0.10174E-05
rxn00055
  0.00000E+00  0.22398E-13  0.22398E-13  0.22398E-13  0.22398E-13  0.22398E-13  0.22398E-13  0.22398E-13  0.22398E-13  0.22398E-13  0.22398E-13  0.22398E-13  0.22398E-13  0.22398E-13  0.22398E-13  0.22398E-13  0.22398E-13  0.22398E-13  0.22398E-13  0.22398E-13  0.22398E-13  0.22398E-13  0.22398E-13  0.22398E-13  0.22398E-13  0.22398E-13  0.22398E-13  0.22398E-13  0.22398E-13  0.22398E-13  0.22398E-13
rxn00056
  0.00000E+00  0.75070E+04  0.75070E+04  0.75070E+04  0.75070E+04  0.75070E+04  0.75070E+04  0.75070E+04  0.75070E+04  0.75070E+04  0.75070E+04  0.75070E+04  0.75070E+04  0.75070E+04  0.75070E+04  0.75070E+04  0.75070E+04  0.75070E+04  0.75070E+04  0.75070E+04  0.75070E+04  0.75070E+04  0.75070E+04  0.75070E+04  0.75070E+04  0.75070E+04  0.75070E+04  0.75070E+04  0.75070E+04  0.75070E+04  0.75070E+04
rxn00057
  0.00000E+00  0.14515E+01  0.14515E+01  0.14515E+01  0.14515E+01  0.14515E+01  0.14515E+01  0.14515E+01  0.14515E+01  0.14515E+01  0.14515E+01  0.14515E+01  0.14515E+01  0.14515E+01  0.14515E+01  0.14515E+01  0.14515E+01  0.14515E+01  0.14515E+01  0.14515E+01  0.14515E+01  0.14515E+01  0.14515E+01  0.14515E+01  0.14515E+01  0.14515E+01  0.14515E+01  0.14515E+01  0.14515E+01  0.14515E+01  0.14515E+01
rxn00058
  0.00000E+00  0.87849E-12  0.87849E-12  0.87849E-12  0.87849E-12  0.87849E-12  0.87849E-12  0.87849E-12  0.87849E-12  0.87849E-12  0.87849E-12  0.87849E-12  0.87849E-12  0.87849E-12  0.87849E-12  0.87849E-12  0.87849E-12  0.87849E-12  0.87849E-12  0.87849E-12  0.87849E-12  0.87849E-12  0.87849E-12  0.87849E-12  0.87849E-12  0.87849E-12  0.87849E-12  0.87849E-12  0.87849E-12  0.87849E-12  0.87849E-12
rxn00059
  0.00000E+00  0.10213E-09  0.10213E-09  0.10213E-09  0.10213E-09  0.10213E-09  0.10213E-09  0.10213E-09  0.10213E-09  0.10213E-09  0.10213E-09  0.10213E-09  0.10213E-09  0.10213E-09  0.10213E-09  0.10213E-09  0.10213E-09  0.10213E-09  0.10213E-09  0.10213E-09  0.10213E-09  0.10213E-09  0.10213E-09  0.10213E-09  0.10213E-09  0.10213E-09  0.10213E-09  0.10213E-09  0.10213E-09  0.10213E-09  0.10213E-09
rxn00060
  0.00000E+00  0.11078E-16  0.11078E-16  0.11078E-16  0.11078E-16  0.11078E-16  0.11078E-16  0.11078E-16  0.11078E-16  0.11078E-16  0.11078E-16  0.11078E-16  0.11078E-16  0.11078E-16  0.11078E-16  0.11078E-16  0.11078E-16  0.11078E-16  0.11078E-16  0.11078E-16  0.11078E-16  0.11078E-16  0.11078E-16  0.11078E-16  0.11078E-16  0.11078E-16  0.11078E-16  0.11078E-16  0.11078E-16  0.11078E-16  0.11078E-16
rxn00061
  0.00000E+00  0.66788E-12  0.66788E-12  0.66788E-12  0.66788E-12  0.66788E-12  0.66788E-12  0.66788E-12  0.66788E-12  0.66788E-12  0.66788E-12  0.66788E-12  0.66788E-12  0.66788E-12  0.66788E-12  0.66788E-12  0.66788E-12  0.66788E-12  0.66788E-12  0.66788E-12  0.66788E-12  0.66788E-12  0.66788E-12  0.66788E-12  0.66788E-12  0.66788E-12  0.66788E-12  0.66788E-12  0.66788E-12  0.66788E-12  0.66788E-12
