rxn00001
  0.00000E+00  0.20431E+10  0.19860E+10  0.19487E+10  0.19240E+10  0.19078E+10  0.18968E+10  0.18894E+10  0.18843E+10  0.18807E+10  0.18783E+10  0.18767E+10  0.18755E+10  0.18747E+10  0.18740E+10  0.18734E+10  0.18729E+10  0.18725E+10  0.18722E+10  0.18719E+10  0.18716E+10  0.18714E+10  0.18711E+10  0.18709E+10  0.18707E+10  0.18705E+10  0.18703E+10  0.18701E+10  0.18699E+10  0.18697E+10  0.18696E+10
rxn00002
  0.00000E+00  0.33073E+03  0.32245E+03  0.31699E+03  0.31336E+03  0.31097E+03  0.30935E+03  0.30824E+03  0.30748E+03  0.30694E+03  0.30657E+03  0.30631E+03  0.30613E+03  0.30598E+03  0.30586E+03  0.30576E+03  0.30567E+03  0.30560E+03  0.30554E+03  0.30548E+03  0.30542E+03  0.30537E+03  0.30532E+03  0.30527E+03  0.30522E+03  0.30518E+03  0.30513E+03  0.30509E+03  0.30504E+03  0.30500E+03  0.30496E+03
rxn00003
  0.00000E+00  0.47370E+03  0.69921E+03  0.83941E+03  0.92885E+03  0.98578E+03  0.10234E+04  0.10483E+04  0.10651E+04  0.10764E+04  0.10837E+04  0.10885E+04  0.10915E+04  0.10937E+04  0.10952E+04  0.10964E+04  0.10972E+04  0.10976E+04  0.10978E+04  0.10980E+04  0.10980E+04  0.10981E+04  0.10980E+04  0.10979E+04  0.10978E+04  0.10976E+04  0.10975E+04  0.10973E+04  0.10971E+04  0.10969E+04  0.10967E+04
rxn00004
  0.00000E+00  0.30471E+05  0.28056E+05  0.26522E+05  0.25527E+05  0.24885E+05  0.24455E+05  0.24166E+05  0.23969E+05  0.23832E+05  0.23741E+05  0.23678E+05  0.23635E+05  0.23602E+05  0.23577E+05  0.23555E+05  0.23537E+05  0.23525E+05  0.23514E+05  0.23504E+05  0.23494E+05  0.23486E+05  0.23478E+05  0.23470E+05  0.23464E+05  0.23457E+05  0.23451E+05  0.23445E+05  0.23439E+05  0.23433E+05  0.23427E+05
rxn00005
  0.00000E+00  0.91404E+04  0.84160E+04  0.79559E+04  0.76574E+04  0.74648E+04  0.73357E+04  0.72491E+04  0.71898E+04  0.71488E+04  0.71215E+04  0.71028E+04  0.70898E+04  0.70800E+04  0.70723E+04  0.70658E+04  0.70604E+04  0.70567E+04  0.70533E+04  0.70504E+04  0.70476E+04  0.70450E+04  0.70426E+04  0.70404E+04  0.70384E+04  0.70364E+04  0.70345E+04  0.70327E+04  0.70309E+04  0.70291E+04  0.70273E+04
rxn00006
  0.00000E+00  0.77174E+08  0.77403E+08  0.77552E+08  0.77650E+08  0.77712E+08  0.77753E+08  0.77779E+08  0.77796E+08  0.77806E+08  0.77812E+08  0.77815E+08  0.77815E+08  0.77815E+08  0.77813E+08  0.77812E+08  0.77810E+08  0.77807E+08  0.77804E+08  0.77801E+08  0.77798E+08  0.77795E+08  0.77792E+08  0.77789E+08  0.77786E+08  0.77782E+08  0.77779E+08  0.77776E+08  0.77772E+08  0.77769E+08  0.77766E+08
rxn00007
  0.00000E+00  0.36819E+09  0.56073E+09  0.68738E+09  0.77137E+09  0.82626E+09  0.86323E+09  0.88801E+09  0.90483E+09  0.91631E+09  0.92376E+09  0.92867E+09  0.93188E+09  0.93412E+09  0.93574E+09  0.93703E+09  0.93797E+09  0.93843E+09  0.93876E+09  0.93900E+09  0.93916E+09  0.93929E+09  0.93933E+09  0.93933E+09  0.93927E+09  0.93920E+09  0.93911E+09  0.93901E+09  0.93890E+09  0.93877E+09  0.93865E+09
rxn00008
  0.00000E+00  0.66672E+07  0.63338E+07  0.61140E+07  0.59678E+07  0.58718E+07  0.58067E+07  0.57626E+07  0.57323E+07  0.57111E+07  0.56969E+07  0.56871E+07  0.56802E+07  0.56750E+07  0.56709E+07  0.56673E+07  0.56644E+07  0.56622E+07  0.56603E+07  0.56586E+07  0.56570E+07  0.56554E+07  0.56540E+07  0.56527E+07  0.56514E+07  0.56502E+07  0.56491E+07  0.56479E+07  0.56468E+07  0.56457E+07  0.56445E+07
rxn00009
  0.00000E+00  0.15301E+02  0.35279E+02  0.52812E+02  0.66341E+02  0.75996E+02  0.82862E+02  0.87627E+02  0.90940E+02  0.93237E+02  0.94744E+02  0.95749E+02  0.96410E+02  0.96875E+02  0.97216E+02  0.97486E+02  0.97688E+02  0.97792E+02  0.97867E+02  0.97923E+02  0.97965E+02  0.97999E+02  0.98016E+02  0.98024E+02  0.98019E+02  0.98014E+02  0.98002E+02  0.97990E+02  0.97976E+02  0.97958E+02  0.97940E+02
rxn00010
  0.00000E+00  0.31012E+07  0.37331E+07  0.39724E+07  0.40866E+07  0.41459E+07  0.41790E+07  0.41984E+07  0.42098E+07  0.42166E+07  0.42204E+07  0.42225E+07  0.42235E+07  0.42240E+07  0.42241E+07  0.42240E+07  0.42238E+07  0.42233E+07  0.42229E+07  0.42224E+07  0.42219E+07  0.42213E+07  0.42208E+07  0.42202E+07  0.42197E+07  0.42192E+07  0.42186E+07  0.42181E+07  0.42176E+07  0.42171E+07  0.42166E+07
rxn00011
  0.00000E+00  0.68054E+03  0.51102E+03  0.42819E+03  0.38315E+03  0.35705E+03  0.34066E+03  0.33017E+03  0.32320E+03  0.31848E+03  0.31542E+03  0.31336E+03  0.31198E+03  0.31098E+03  0.31022E+03  0.30960E+03  0.30911E+03  0.30881E+03  0.30856E+03  0.30835E+03  0.30818E+03  0.30801E+03  0.30788E+03  0.30777E+03  0.30768E+03  0.30760E+03  0.30753E+03  0.30746E+03  0.30739E+03  0.30734E+03  0.30728E+03
rxn00012
  0.00000E+00  0.13211E+07  0.99204E+06  0.83124E+06  0.74380E+06  0.69314E+06  0.66133E+06  0.64096E+06  0.62743E+06  0.61827E+06  0.61233E+06  0.60834E+06  0.60565E+06  0.60371E+06  0.60224E+06  0.60102E+06  0.60007E+06  0.59949E+06  0.59901E+06  0.59861E+06  0.59826E+06  0.59794E+06  0.59769E+06  0.59747E+06  0.59730E+06  0.59714E+06  0.59700E+06  0.59687E+06  0.59675E+06  0.59664E+06  0.59653E+06
rxn00013
  0.00000E+00  0.76670E+07  0.76898E+07  0.77045E+07  0.77142E+07  0.77204E+07  0.77245E+07  0.77271E+07  0.77288E+07  0.77298E+07  0.77304E+07  0.77306E+07  0.77307E+07  0.77306E+07  0.77305E+07  0.77303E+07  0.77301E+07  0.77299E+07  0.77296E+07  0.77293E+07  0.77290E+07  0.77287E+07  0.77284E+07  0.77281E+07  0.77277E+07  0.77274E+07  0.77271E+07  0.77267E+07  0.77264E+07  0.77261E+07  0.77258E+07
rxn00014
  0.00000E+00  0.14382E+06  0.14981E+06  0.15340E+06  0.15567E+06  0.15718E+06  0.15828E+06  0.15909E+06  0.15973E+06  0.16025E+06  0.16067E+06  0.16104E+06  0.16136E+06  0.16166E+06  0.16194E+06  0.16222E+06  0.16249E+06  0.16275E+06  0.16300E+06  0.16325E+06  0.16349E+06  0.16374E+06  0.16399E+06  0.16423E+06  0.16447E+06  0.16471E+06  0.16496E+06  0.16520E+06  0.16544E+06  0.16568E+06  0.16592E+06
rxn00015
  0.00000E+00  0.74234E+05  0.77094E+05  0.78790E+05  0.79856E+05  0.80569E+05  0.81087E+05  0.81479E+05  0.81788E+05  0.82041E+05  0.82252E+05  0.82436E+05  0.82601E+05  0.82755E+05  0.82902E+05  0.83045E+05  0.83185E+05  0.83318E+05  0.83450E+05  0.83581E+05  0.83711E+05  0.83841E+05  0.83970E+05  0.84099E+05  0.84226E+05  0.84353E+05  0.84481E+05  0.84608E+05  0.84735E+05  0.84861E+05  0.84988E+05
rxn00016
  0.00000E+00  0.62119E+06  0.64513E+06  0.65933E+06  0.66825E+06  0.67421E+06  0.67855E+06  0.68183E+06  0.68442E+06  0.68654E+06  0.68831E+06  0.68984E+06  0.69122E+06  0.69251E+06  0.69375E+06  0.69495E+06  0.69612E+06  0.69724E+06  0.69834E+06  0.69944E+06  0.70053E+06  0.70161E+06  0.70270E+06  0.70377E+06  0.70484E+06  0.70591E+06  0.70697E+06  0.70804E+06  0.70910E+06  0.71016E+06  0.71122E+06
rxn00017
  0.00000E+00  0.44955E+05  0.46683E+05  0.47706E+05  0.48347E+05  0.48773E+05  0.49082E+05  0.49315E+05  0.49497E+05  0.49646E+05  0.49769E+05  0.49875E+05  0.49970E+05  0.50059E+05  0.50143E+05  0.50225E+05  0.50305E+05  0.50381E+05  0.50456E+05  0.50530E+05  0.50604E+05  0.50678E+05  0.50751E+05  0.50824E+05  0.50896E+05  0.50968E+05  0.51040E+05  0.51112E+05  0.51184E+05  0.51256E+05  0.51327E+05
rxn00018
  0.00000E+00  0.28953E+05  0.32523E+05  0.32773E+05  0.32555E+05  0.32344E+05  0.32216E+05  0.32151E+05  0.32124E+05  0.32120E+05  0.32130E+05  0.32147E+05  0.32169E+05  0.32193E+05  0.32217E+05  0.32242E+05  0.32268E+05  0.32294E+05  0.32319E+05  0.32345E+05  0.32370E+05  0.32395E+05  0.32420E+05  0.32445E+05  0.32470E+05  0.32495E+05  0.32519E+05  0.32544E+05  0.32568E+05  0.32592E+05  0.32616E+05
rxn00019
  0.00000E+00  0.90792E+03  0.10560E+04  0.10855E+04  0.10915E+04  0.10932E+04  0.10953E+04  0.10980E+04  0.11010E+04  0.11041E+04  0.11072E+04  0.11102E+04  0.11132E+04  0.11161E+04  0.11190E+04  0.11218E+04  0.11246E+04  0.11274E+04  0.11301E+04  0.11328E+04  0.11355E+04  0.11382E+04  0.11408E+04  0.11435E+04  0.11462E+04  0.11488E+04  0.11515E+04  0.11541E+04  0.11568E+04  0.11594E+04  0.11620E+04
rxn00020
  0.00000E+00  0.17886E+03  0.22435E+03  0.22694E+03  0.22337E+03  0.22013E+03  0.21816E+03  0.21713E+03  0.21668E+03  0.21656E+03  0.21666E+03  0.21688E+03  0.21717E+03  0.21750E+03  0.21784E+03  0.21819E+03  0.21855E+03  0.21891E+03  0.21927E+03  0.21963E+03  0.21999E+03  0.22035E+03  0.22071E+03  0.22107E+03  0.22143E+03  0.22178E+03  0.22214E+03  0.22249E+03  0.22284E+03  0.22319E+03  0.22354E+03
rxn00021
  0.00000E+00  0.89168E+05  0.14061E+06  0.17583E+06  0.19973E+06  0.21568E+06  0.22666E+06  0.23421E+06  0.23950E+06  0.24326E+06  0.24585E+06  0.24770E+06  0.24905E+06  0.25012E+06  0.25100E+06  0.25179E+06  0.25247E+06  0.25301E+06  0.25351E+06  0.25398E+06  0.25443E+06  0.25487E+06  0.25528E+06  0.25568E+06  0.25606E+06  0.25644E+06  0.25682E+06  0.25719E+06  0.25755E+06  0.25791E+06  0.25828E+06
rxn00022
  0.00000E+00  0.12486E+07  0.12282E+07  0.12093E+07  0.11949E+07  0.11852E+07  0.11790E+07  0.11753E+07  0.11733E+07  0.11724E+07  0.11724E+07  0.11730E+07  0.11739E+07  0.11750E+07  0.11762E+07  0.11776E+07  0.11790E+07  0.11805E+07  0.11820E+07  0.11835E+07  0.11850E+07  0.11866E+07  0.11882E+07  0.11898E+07  0.11914E+07  0.11930E+07  0.11946E+07  0.11962E+07  0.11978E+07  0.11994E+07  0.12010E+07
rxn00023
  0.00000E+00  0.21178E+03  0.17436E+03  0.15498E+03  0.14418E+03  0.13788E+03  0.13396E+03  0.13150E+03  0.12993E+03  0.12892E+03  0.12834E+03  0.12801E+03  0.12785E+03  0.12780E+03  0.12780E+03  0.12784E+03  0.12792E+03  0.12805E+03  0.12818E+03  0.12833E+03  0.12849E+03  0.12865E+03  0.12882E+03  0.12900E+03  0.12918E+03  0.12936E+03  0.12955E+03  0.12973E+03  0.12992E+03  0.13011E+03  0.13030E+03
rxn00024
  0.00000E+00  0.77847E+06  0.13239E+07  0.16291E+07  0.18115E+07  0.19247E+07  0.20007E+07  0.20526E+07  0.20889E+07  0.21145E+07  0.21320E+07  0.21444E+07  0.21532E+07  0.21600E+07  0.21655E+07  0.21703E+07  0.21743E+07  0.21772E+07  0.21799E+07  0.21823E+07  0.21846E+07  0.21867E+07  0.21887E+07  0.21906E+07  0.21923E+07  0.21940E+07  0.21956E+07  0.21972E+07  0.21988E+07  0.22003E+07  0.22018E+07
rxn00025
  0.00000E+00  0.11553E+07  0.12256E+07  0.11876E+07  0.11486E+07  0.11210E+07  0.11030E+07  0.10917E+07  0.10845E+07  0.10801E+07  0.10776E+07  0.10762E+07  0.10756E+07  0.10755E+07  0.10755E+07  0.10758E+07  0.10761E+07  0.10766E+07  0.10772E+07  0.10778E+07  0.10784E+07  0.10790E+07  0.10797E+07  0.10804E+07  0.10810E+07  0.10817E+07  0.10824E+07  0.10831E+07  0.10838E+07  0.10845E+07  0.10851E+07
rxn00026
  0.00000E+00  0.25888E+02  0.59461E+02  0.84867E+02  0.10258E+03  0.11451E+03  0.12278E+03  0.12853E+03  0.13262E+03  0.13558E+03  0.13767E+03  0.13920E+03  0.14035E+03  0.14128E+03  0.14206E+03  0.14276E+03  0.14337E+03  0.14387E+03  0.14433E+03  0.14476E+03  0.14517E+03  0.14557E+03  0.14596E+03  0.14632E+03  0.14667E+03  0.14702E+03  0.14735E+03  0.14769E+03  0.14802E+03  0.14834E+03  0.14867E+03
rxn00027
  0.00000E+00  0.29888E+03  0.26537E+03  0.23212E+03  0.21138E+03  0.19890E+03  0.19114E+03  0.18630E+03  0.18318E+03  0.18115E+03  0.17991E+03  0.17914E+03  0.17869E+03  0.17841E+03  0.17824E+03  0.17813E+03  0.17809E+03  0.17812E+03  0.17818E+03  0.17825E+03  0.17834E+03  0.17843E+03  0.17854E+03  0.17866E+03  0.17878E+03  0.17891E+03  0.17904E+03  0.17917E+03  0.17930E+03  0.17944E+03  0.17957E+03
rxn00028
  0.00000E+00  0.35655E+01  0.11485E+02  0.22546E+02  0.35613E+02  0.49953E+02  0.65004E+02  0.80446E+02  0.96056E+02  0.11170E+03  0.12726E+03  0.14267E+03  0.15784E+03  0.17280E+03  0.18754E+03  0.20216E+03  0.21666E+03  0.23067E+03  0.24448E+03  0.25811E+03  0.27162E+03  0.28515E+03  0.29852E+03  0.31172E+03  0.32455E+03  0.33737E+03  0.34987E+03  0.36236E+03  0.37472E+03  0.38653E+03  0.39835E+03
rxn00029
  0.00000E+00  0.22400E+01  0.46332E+01  0.70533E+01  0.94656E+01  0.11863E+02  0.14254E+02  0.16638E+02  0.19021E+02  0.21405E+02  0.23790E+02  0.26180E+02  0.28576E+02  0.30980E+02  0.33394E+02  0.35816E+02  0.38246E+02  0.40689E+02  0.43141E+02  0.45604E+02  0.48076E+02  0.50555E+02  0.53044E+02  0.55543E+02  0.58055E+02  0.60575E+02  0.63108E+02  0.65649E+02  0.68200E+02  0.70768E+02  0.73344E+02
rxn00030
  0.00000E+00  0.84841E+08  0.85093E+08  0.85257E+08  0.85364E+08  0.85432E+08  0.85477E+08  0.85506E+08  0.85525E+08  0.85536E+08  0.85542E+08  0.85545E+08  0.85546E+08  0.85545E+08  0.85544E+08  0.85542E+08  0.85540E+08  0.85537E+08  0.85534E+08  0.85531E+08  0.85527E+08  0.85524E+08  0.85520E+08  0.85517E+08  0.85513E+08  0.85510E+08  0.85506E+08  0.85502E+08  0.85499E+08  0.85495E+08  0.85491E+08
rxn00031
  0.00000E+00  0.83938E+09  0.84187E+09  0.84349E+09  0.84455E+09  0.84523E+09  0.84567E+09  0.84596E+09  0.84614E+09  0.84625E+09  0.84631E+09  0.84634E+09  0.84635E+09  0.84634E+09  0.84633E+09  0.84631E+09  0.84629E+09  0.84626E+09  0.84623E+09  0.84620E+09  0.84617E+09  0.84613E+09  0.84610E+09  0.84606E+09  0.84603E+09  0.84599E+09  0.84596E+09  0.84592E+09  0.84588E+09  0.84585E+09  0.84581E+09
rxn00032
  0.00000E+00  0.18851E+06  0.18850E+06  0.18848E+06  0.18846E+06  0.18844E+06  0.18843E+06  0.18841E+06  0.18839E+06  0.18837E+06  0.18835E+06  0.18834E+06  0.18832E+06  0.18830E+06  0.18828E+06  0.18827E+06  0.18825E+06  0.18823E+06  0.18821E+06  0.18819E+06  0.18818E+06  0.18816E+06  0.18814E+06  0.18812E+06  0.18811E+06  0.18809E+06  0.18807E+06  0.18805E+06  0.18803E+06  0.18802E+06  0.18800E+06
rxn00033
  0.00000E+00  0.11249E+10  0.10655E+10  0.10265E+10  0.10007E+10  0.98385E+09  0.97243E+09  0.96472E+09  0.95943E+09  0.95576E+09  0.95332E+09  0.95164E+09  0.95048E+09  0.94962E+09  0.94894E+09  0.94837E+09  0.94790E+09  0.94757E+09  0.94729E+09  0.94703E+09  0.94680E+09  0.94657E+09  0.94638E+09  0.94619E+09  0.94603E+09  0.94586E+09  0.94571E+09  0.94556E+09  0.94541E+09  0.94526E+09  0.94512E+09
rxn00034
  0.00000E+00  0.20854E+06  0.16532E+06  0.14378E+06  0.13197E+06  0.12510E+06  0.12076E+06  0.11797E+06  0.11612E+06  0.11486E+06  0.11405E+06  0.11351E+06  0.11314E+06  0.11288E+06  0.11269E+06  0.11253E+06  0.11241E+06  0.11234E+06  0.11228E+06  0.11224E+06  0.11220E+06  0.11217E+06  0.11214E+06  0.11212E+06  0.11211E+06  0.11210E+06  0.11209E+06  0.11208E+06  0.11208E+06  0.11208E+06  0.11207E+06
rxn00035
  0.00000E+00  0.16710E+07  0.13248E+07  0.11521E+07  0.10575E+07  0.10024E+07  0.96764E+06  0.94533E+06  0.93048E+06  0.92042E+06  0.91391E+06  0.90955E+06  0.90664E+06  0.90456E+06  0.90299E+06  0.90172E+06  0.90074E+06  0.90017E+06  0.89973E+06  0.89937E+06  0.89906E+06  0.89880E+06  0.89860E+06  0.89845E+06  0.89835E+06  0.89826E+06  0.89821E+06  0.89815E+06  0.89811E+06  0.89808E+06  0.89806E+06
rxn00036
  0.00000E+00  0.10677E+04  0.33115E+04  0.63609E+04  0.99133E+04  0.13782E+05  0.17820E+05  0.21947E+05  0.26107E+05  0.30265E+05  0.34393E+05  0.38470E+05  0.42478E+05  0.46416E+05  0.50287E+05  0.54114E+05  0.57897E+05  0.61542E+05  0.65123E+05  0.68646E+05  0.72127E+05  0.75602E+05  0.79027E+05  0.82396E+05  0.85656E+05  0.88905E+05  0.92061E+05  0.95203E+05  0.98303E+05  0.10125E+06  0.10419E+06
rxn00037
  0.00000E+00  0.89904E+01  0.17905E+02  0.26671E+02  0.35315E+02  0.43870E+02  0.52371E+02  0.60839E+02  0.69289E+02  0.77732E+02  0.86172E+02  0.94617E+02  0.10307E+03  0.11154E+03  0.12001E+03  0.12849E+03  0.13698E+03  0.14550E+03  0.15402E+03  0.16256E+03  0.17110E+03  0.17965E+03  0.18821E+03  0.19677E+03  0.20536E+03  0.21395E+03  0.22256E+03  0.23117E+03  0.23980E+03  0.24845E+03  0.25711E+03
rxn00038
  0.00000E+00  0.23089E+06  0.38438E+06  0.47048E+06  0.52198E+06  0.55293E+06  0.57236E+06  0.58444E+06  0.59200E+06  0.59664E+06  0.59921E+06  0.60057E+06  0.60118E+06  0.60141E+06  0.60143E+06  0.60134E+06  0.60113E+06  0.60085E+06  0.60054E+06  0.60024E+06  0.59994E+06  0.59963E+06  0.59932E+06  0.59903E+06  0.59878E+06  0.59852E+06  0.59829E+06  0.59807E+06  0.59786E+06  0.59769E+06  0.59752E+06
rxn00039
  0.00000E+00  0.21581E+06  0.47730E+06  0.66657E+06  0.79492E+06  0.87950E+06  0.93700E+06  0.97618E+06  0.10034E+07  0.10227E+07  0.10358E+07  0.10450E+07  0.10515E+07  0.10565E+07  0.10604E+07  0.10638E+07  0.10666E+07  0.10686E+07  0.10703E+07  0.10718E+07  0.10732E+07  0.10745E+07  0.10757E+07  0.10767E+07  0.10776E+07  0.10786E+07  0.10794E+07  0.10802E+07  0.10810E+07  0.10818E+07  0.10825E+07
rxn00040
  0.00000E+00  0.24932E+06  0.25893E+06  0.26463E+06  0.26821E+06  0.27060E+06  0.27234E+06  0.27366E+06  0.27470E+06  0.27555E+06  0.27625E+06  0.27687E+06  0.27743E+06  0.27794E+06  0.27844E+06  0.27892E+06  0.27939E+06  0.27984E+06  0.28028E+06  0.28072E+06  0.28116E+06  0.28159E+06  0.28202E+06  0.28246E+06  0.28288E+06  0.28331E+06  0.28374E+06  0.28417E+06  0.28459E+06  0.28502E+06  0.28544E+06
rxn00041
  0.00000E+00  0.55421E+02  0.77694E+02  0.71268E+02  0.62494E+02  0.56766E+02  0.53405E+02  0.51477E+02  0.50333E+02  0.49645E+02  0.49267E+02  0.49068E+02  0.48982E+02  0.48959E+02  0.48973E+02  0.49010E+02  0.49067E+02  0.49153E+02  0.49246E+02  0.49345E+02  0.49448E+02  0.49553E+02  0.49663E+02  0.49776E+02  0.49892E+02  0.50008E+02  0.50125E+02  0.50243E+02  0.50362E+02  0.50481E+02  0.50600E+02
rxn00042
  0.00000E+00  0.60761E+01  0.85180E+01  0.78135E+01  0.68515E+01  0.62236E+01  0.58550E+01  0.56437E+01  0.55182E+01  0.54428E+01  0.54014E+01  0.53796E+01  0.53702E+01  0.53676E+01  0.53692E+01  0.53732E+01  0.53795E+01  0.53889E+01  0.53991E+01  0.54100E+01  0.54212E+01  0.54328E+01  0.54448E+01  0.54572E+01  0.54699E+01  0.54826E+01  0.54955E+01  0.55084E+01  0.55214E+01  0.55345E+01  0.55476E+01
rxn00043
  0.00000E+00  0.13801E+03  0.26230E+03  0.29270E+03  0.28996E+03  0.28397E+03  0.28022E+03  0.27842E+03  0.27761E+03  0.27733E+03  0.27738E+03  0.27757E+03  0.27786E+03  0.27818E+03  0.27854E+03  0.27891E+03  0.27929E+03  0.27970E+03  0.28011E+03  0.28052E+03  0.28093E+03  0.28135E+03  0.28177E+03  0.28219E+03  0.28261E+03  0.28303E+03  0.28346E+03  0.28388E+03  0.28431E+03  0.28473E+03  0.28515E+03
rxn00044
  0.00000E+00  0.13787E+06  0.26204E+06  0.29241E+06  0.28967E+06  0.28368E+06  0.27994E+06  0.27814E+06  0.27734E+06  0.27706E+06  0.27710E+06  0.27729E+06  0.27758E+06  0.27791E+06  0.27826E+06  0.27863E+06  0.27901E+06  0.27942E+06  0.27983E+06  0.28024E+06  0.28065E+06  0.28107E+06  0.28149E+06  0.28191E+06  0.28233E+06  0.28275E+06  0.28317E+06  0.28360E+06  0.28402E+06  0.28445E+06  0.28487E+06
rxn00045
  0.00000E+00  0.58345E+06  0.69175E+06  0.60784E+06  0.52374E+06  0.47114E+06  0.44008E+06  0.42182E+06  0.41061E+06  0.40356E+06  0.39937E+06  0.39685E+06  0.39541E+06  0.39457E+06  0.39410E+06  0.39384E+06  0.39378E+06  0.39400E+06  0.39431E+06  0.39467E+06  0.39507E+06  0.39549E+06  0.39597E+06  0.39646E+06  0.39700E+06  0.39753E+06  0.39809E+06  0.39864E+06  0.39920E+06  0.39978E+06  0.40035E+06
rxn00046
  0.00000E+00  0.17482E+02  0.17348E+02  0.13760E+02  0.11164E+02  0.96825E+01  0.88328E+01  0.83373E+01  0.80323E+01  0.78390E+01  0.77225E+01  0.76507E+01  0.76078E+01  0.75810E+01  0.75642E+01  0.75531E+01  0.75476E+01  0.75497E+01  0.75541E+01  0.75600E+01  0.75670E+01  0.75746E+01  0.75836E+01  0.75933E+01  0.76041E+01  0.76149E+01  0.76262E+01  0.76377E+01  0.76493E+01  0.76612E+01  0.76730E+01
rxn00047
  0.00000E+00  0.14018E-02  0.53479E-02  0.95509E-02  0.13258E-01  0.16546E-01  0.19600E-01  0.22518E-01  0.25359E-01  0.28155E-01  0.30922E-01  0.33675E-01  0.36421E-01  0.39168E-01  0.41916E-01  0.44666E-01  0.47418E-01  0.50181E-01  0.52950E-01  0.55723E-01  0.58501E-01  0.61279E-01  0.64062E-01  0.66850E-01  0.69650E-01  0.72452E-01  0.75263E-01  0.78077E-01  0.80895E-01  0.83731E-01  0.86570E-01
rxn00048
  0.00000E+00  0.16237E-02  0.64331E-02  0.11742E-01  0.16520E-01  0.20801E-01  0.24799E-01  0.28627E-01  0.32362E-01  0.36042E-01  0.39685E-01  0.43315E-01  0.46941E-01  0.50575E-01  0.54220E-01  0.57877E-01  0.61547E-01  0.65237E-01  0.68945E-01  0.72671E-01  0.76412E-01  0.80165E-01  0.83934E-01  0.87722E-01  0.91534E-01  0.95360E-01  0.99210E-01  0.10307E+00  0.10695E+00  0.11087E+00  0.11480E+00
rxn00049
  0.00000E+00  0.10824E-02  0.42887E-02  0.78278E-02  0.11013E-01  0.13867E-01  0.16532E-01  0.19085E-01  0.21575E-01  0.24028E-01  0.26457E-01  0.28876E-01  0.31294E-01  0.33717E-01  0.36147E-01  0.38585E-01  0.41031E-01  0.43492E-01  0.45964E-01  0.48447E-01  0.50942E-01  0.53443E-01  0.55956E-01  0.58481E-01  0.61023E-01  0.63573E-01  0.66140E-01  0.68715E-01  0.71302E-01  0.73913E-01  0.76533E-01
rxn00050
  0.00000E+00  0.41370E+06  0.41340E+06  0.41312E+06  0.41284E+06  0.41257E+06  0.41229E+06  0.41201E+06  0.41172E+06  0.41144E+06  0.41116E+06  0.41088E+06  0.41060E+06  0.41032E+06  0.41004E+06  0.40976E+06  0.40948E+06  0.40920E+06  0.40893E+06  0.40865E+06  0.40837E+06  0.40809E+06  0.40782E+06  0.40754E+06  0.40726E+06  0.40699E+06  0.40671E+06  0.40644E+06  0.40616E+06  0.40589E+06  0.40561E+06
rxn00051
  0.00000E+00  0.60036E+06  0.59992E+06  0.59952E+06  0.59912E+06  0.59871E+06  0.59831E+06  0.59790E+06  0.59749E+06  0.59708E+06  0.59668E+06  0.59627E+06  0.59586E+06  0.59546E+06  0.59505E+06  0.59465E+06  0.59424E+06  0.59384E+06  0.59343E+06  0.59303E+06  0.59263E+06  0.59222E+06  0.59182E+06  0.59142E+06  0.59102E+06  0.59062E+06  0.59022E+06  0.58982E+06  0.58942E+06  0.58902E+06  0.58862E+06
rxn00052
  0.00000E+00  0.69187E+02  0.54810E+02  0.47636E+02  0.43695E+02  0.41390E+02  0.39927E+02  0.38980E+02  0.38341E+02  0.37901E+02  0.37607E+02  0.37402E+02  0.37257E+02  0.37146E+02  0.37056E+02  0.36979E+02  0.36914E+02  0.36865E+02  0.36822E+02  0.36782E+02  0.36745E+02  0.36709E+02  0.36676E+02  0.36645E+02  0.36616E+02  0.36588E+02  0.36561E+02  0.36534E+02  0.36507E+02  0.36481E+02  0.36456E+02
rxn00053
  0.00000E+00  0.11566E+06  0.12003E+06  0.12259E+06  0.12417E+06  0.12519E+06  0.12591E+06  0.12643E+06  0.12683E+06  0.12713E+06  0.12737E+06  0.12757E+06  0.12774E+06  0.12789E+06  0.12803E+06  0.12816E+06  0.12829E+06  0.12841E+06  0.12852E+06  0.12864E+06  0.12875E+06  0.12886E+06  0.12897E+06  0.12908E+06  0.12919E+06  0.12930E+06  0.12941E+06  0.12951E+06  0.12962E+06  0.12973E+06  0.12983E+06
rxn00054
  0.00000E+00  0.59400E-03  0.27408E-02  0.56505E-02  0.86446E-02  0.11579E-01  0.14466E-01  0.17328E-01  0.20179E-01  0.23026E-01  0.25873E-01  0.28722E-01  0.31575E-01  0.34432E-01  0.37294E-01  0.40158E-01  0.43026E-01  0.45902E-01  0.48784E-01  0.51669E-01  0.54558E-01  0.57447E-01  0.60339E-01  0.63236E-01  0.66141E-01  0.69047E-01  0.71960E-01  0.74874E-01  0.77792E-01  0.80723E-01  0.83655E-01
rxn00055
  0.00000E+00  0.13364E-04  0.64043E-04  0.13494E-03  0.20923E-03  0.28275E-03  0.35552E-03  0.42791E-03  0.50021E-03  0.57255E-03  0.64499E-03  0.71762E-03  0.79048E-03  0.86362E-03  0.93705E-03  0.10108E-02  0.10848E-02  0.11592E-02  0.12339E-02  0.13089E-02  0.13842E-02  0.14598E-02  0.15356E-02  0.16118E-02  0.16884E-02  0.17653E-02  0.18425E-02  0.19200E-02  0.19978E-02  0.20762E-02  0.21548E-02
rxn00056
  0.00000E+00  0.13790E+06  0.26130E+06  0.29229E+06  0.28970E+06  0.28372E+06  0.27996E+06  0.27810E+06  0.27730E+06  0.27704E+06  0.27709E+06  0.27729E+06  0.27758E+06  0.27791E+06  0.27827E+06  0.27864E+06  0.27902E+06  0.27943E+06  0.27983E+06  0.28025E+06  0.28066E+06  0.28108E+06  0.28149E+06  0.28192E+06  0.28234E+06  0.28276E+06  0.28318E+06  0.28361E+06  0.28403E+06  0.28445E+06  0.28488E+06
rxn00057
  0.00000E+00  0.56083E+06  0.69358E+06  0.61423E+06  0.52853E+06  0.47408E+06  0.44182E+06  0.42290E+06  0.41128E+06  0.40398E+06  0.39965E+06  0.39704E+06  0.39554E+06  0.39465E+06  0.39415E+06  0.39386E+06  0.39378E+06  0.39400E+06  0.39430E+06  0.39465E+06  0.39505E+06  0.39547E+06  0.39594E+06  0.39643E+06  0.39696E+06  0.39750E+06  0.39805E+06  0.39861E+06  0.39917E+06  0.39974E+06  0.40031E+06
rxn00058
  0.00000E+00  0.00000E+00  0.00000E+00  0.00000E+00  0.00000E+00  0.00000E+00  0.00000E+00  0.00000E+00  0.00000E+00  0.00000E+00  0.00000E+00  0.00000E+00  0.00000E+00  0.00000E+00  0.00000E+00  0.00000E+00  0.00000E+00  0.00000E+00  0.00000E+00  0.00000E+00  0.00000E+00  0.00000E+00  0.00000E+00  0.00000E+00  0.00000E+00  0.00000E+00  0.00000E+00  0.00000E+00  0.00000E+00  0.00000E+00  0.00000E+00
rxn00059
  0.00000E+00  0.13926E+08  0.14443E+08  0.14740E+08  0.14918E+08  0.15029E+08  0.15104E+08  0.15155E+08  0.15190E+08  0.15215E+08  0.15232E+08  0.15243E+08  0.15251E+08  0.15257E+08  0.15262E+08  0.15265E+08  0.15268E+08  0.15270E+08  0.15272E+08  0.15273E+08  0.15274E+08  0.15275E+08  0.15276E+08  0.15276E+08  0.15277E+08  0.15277E+08  0.15277E+08  0.15277E+08  0.15277E+08  0.15277E+08  0.15277E+08
rxn00060
  0.00000E+00  0.26426E+07  0.26468E+07  0.26481E+07  0.26476E+07  0.26459E+07  0.26435E+07  0.26405E+07  0.26373E+07  0.26338E+07  0.26301E+07  0.26263E+07  0.26225E+07  0.26186E+07  0.26147E+07  0.26108E+07  0.26068E+07  0.26029E+07  0.25989E+07  0.25950E+07  0.25910E+07  0.25871E+07  0.25831E+07  0.25791E+07  0.25752E+07  0.25712E+07  0.25672E+07  0.25633E+07  0.25593E+07  0.25554E+07  0.25514E+07
rxn00061
  0.00000E+00  0.82586E+06  0.65381E+06  0.56781E+06  0.52044E+06  0.49260E+06  0.47482E+06  0.46320E+06  0.45526E+06  0.44968E+06  0.44584E+06  0.44307E+06  0.44100E+06  0.43934E+06  0.43793E+06  0.43667E+06  0.43555E+06  0.43463E+06  0.43377E+06  0.43295E+06  0.43216E+06  0.43139E+06  0.43065E+06  0.42994E+06  0.42925E+06  0.42856E+06  0.42790E+06  0.42723E+06  0.42656E+06  0.42591E+06  0.42526E+06
