================================================================================
 case1                                                                                               
 Short sim name = case1           
================================================================================
    t-t0      NO            NO2           O3            OH            HO2           CO            H2O2          HNO3          HCHO          ISOP          ISOPRD
     0.0  0.100000E+00  0.100000E+01  0.400000E+02  0.000000E+00  0.000000E+00  0.100000E+03  0.100000E+01  0.000000E+00  0.500000E+00  0.100000E+01  0.000000E+00
    10.0  0.169926E+00  0.929550E+00  0.400683E+02  0.247213E+07  0.258656E+08  0.100000E+03  0.999888E+00  0.219854E-03  0.499688E+00  0.997448E+00  0.228447E-03
    20.0  0.222697E+00  0.876039E+00  0.401206E+02  0.283806E+07  0.503459E+08  0.999999E+02  0.999773E+00  0.459403E-03  0.499760E+00  0.994507E+00  0.928015E-03
    30.0  0.261977E+00  0.835812E+00  0.401609E+02  0.328294E+07  0.745482E+08  0.999997E+02  0.999658E+00  0.722228E-03  0.500301E+00  0.991137E+00  0.222073E-02
    40.0  0.290805E+00  0.805870E+00  0.401922E+02  0.376254E+07  0.979458E+08  0.999994E+02  0.999544E+00  0.101310E-02  0.501314E+00  0.987284E+00  0.412876E-02
    50.0  0.311566E+00  0.783862E+00  0.402169E+02  0.423873E+07  0.119801E+09  0.999990E+02  0.999433E+00  0.133361E-02  0.502766E+00  0.982937E+00  0.662561E-02
    60.0  0.326224E+00  0.767856E+00  0.402370E+02  0.468624E+07  0.139723E+09  0.999986E+02  0.999328E+00  0.168291E-02  0.504611E+00  0.978123E+00  0.965515E-02
    70.0  0.336246E+00  0.756415E+00  0.402536E+02  0.509206E+07  0.157598E+09  0.999980E+02  0.999229E+00  0.205950E-02  0.506805E+00  0.972879E+00  0.131597E-01
    80.0  0.342867E+00  0.748324E+00  0.402680E+02  0.545281E+07  0.173523E+09  0.999974E+02  0.999138E+00  0.246075E-02  0.509297E+00  0.967263E+00  0.170691E-01
    90.0  0.347032E+00  0.742657E+00  0.402808E+02  0.576992E+07  0.187672E+09  0.999967E+02  0.999055E+00  0.288392E-02  0.512039E+00  0.961331E+00  0.213167E-01
   100.0  0.349435E+00  0.738731E+00  0.402927E+02  0.604731E+07  0.200236E+09  0.999960E+02  0.998979E+00  0.332645E-02  0.514991E+00  0.955136E+00  0.258436E-01
   110.0  0.350559E+00  0.736072E+00  0.403040E+02  0.628862E+07  0.211357E+09  0.999952E+02  0.998912E+00  0.378656E-02  0.518120E+00  0.948717E+00  0.306057E-01
   120.0  0.350807E+00  0.734284E+00  0.403150E+02  0.649932E+07  0.221227E+09  0.999944E+02  0.998853E+00  0.426191E-02  0.521394E+00  0.942117E+00  0.355553E-01
   130.0  0.350450E+00  0.733101E+00  0.403258E+02  0.668363E+07  0.229986E+09  0.999936E+02  0.998801E+00  0.475092E-02  0.524788E+00  0.935369E+00  0.406575E-01
   140.0  0.349694E+00  0.732320E+00  0.403367E+02  0.684583E+07  0.237779E+09  0.999927E+02  0.998755E+00  0.525190E-02  0.528280E+00  0.928501E+00  0.458800E-01
   150.0  0.348682E+00  0.731802E+00  0.403476E+02  0.698937E+07  0.244723E+09  0.999919E+02  0.998717E+00  0.576354E-02  0.531850E+00  0.921538E+00  0.511973E-01
   160.0  0.347515E+00  0.731445E+00  0.403587E+02  0.711721E+07  0.250922E+09  0.999910E+02  0.998684E+00  0.628469E-02  0.535485E+00  0.914499E+00  0.565880E-01
   170.0  0.346265E+00  0.731178E+00  0.403699E+02  0.723183E+07  0.256467E+09  0.999900E+02  0.998656E+00  0.681437E-02  0.539172E+00  0.907401E+00  0.620341E-01
   180.0  0.344981E+00  0.730954E+00  0.403813E+02  0.733531E+07  0.261437E+09  0.999891E+02  0.998634E+00  0.735171E-02  0.542900E+00  0.900257E+00  0.675207E-01
   190.0  0.343696E+00  0.730739E+00  0.403929E+02  0.742938E+07  0.265900E+09  0.999882E+02  0.998616E+00  0.789599E-02  0.546660E+00  0.893078E+00  0.730351E-01
   200.0  0.342433E+00  0.730510E+00  0.404046E+02  0.751549E+07  0.269917E+09  0.999873E+02  0.998603E+00  0.844654E-02  0.550446E+00  0.885875E+00  0.785667E-01
   210.0  0.341205E+00  0.730253E+00  0.404165E+02  0.759484E+07  0.273540E+09  0.999863E+02  0.998593E+00  0.900282E-02  0.554250E+00  0.878656E+00  0.841067E-01
   220.0  0.340021E+00  0.729961E+00  0.404285E+02  0.766840E+07  0.276817E+09  0.999854E+02  0.998587E+00  0.956435E-02  0.558067E+00  0.871427E+00  0.896475E-01
   230.0  0.338885E+00  0.729626E+00  0.404407E+02  0.773688E+07  0.279776E+09  0.999844E+02  0.998584E+00  0.101309E-01  0.561894E+00  0.864196E+00  0.951822E-01
   240.0  0.337800E+00  0.729248E+00  0.404530E+02  0.780100E+07  0.282456E+09  0.999835E+02  0.998584E+00  0.107020E-01  0.565725E+00  0.856966E+00  0.100705E+00
   250.0  0.336764E+00  0.728825E+00  0.404654E+02  0.786139E+07  0.284891E+09  0.999825E+02  0.998586E+00  0.112773E-01  0.569557E+00  0.849744E+00  0.106210E+00
   260.0  0.335775E+00  0.728361E+00  0.404779E+02  0.791859E+07  0.287110E+09  0.999816E+02  0.998591E+00  0.118566E-01  0.573388E+00  0.842532E+00  0.111694E+00
   270.0  0.334830E+00  0.727857E+00  0.404905E+02  0.797304E+07  0.289139E+09  0.999806E+02  0.998598E+00  0.124396E-01  0.577215E+00  0.835335E+00  0.117152E+00
   280.0  0.333926E+00  0.727316E+00  0.405032E+02  0.802513E+07  0.291001E+09  0.999797E+02  0.998607E+00  0.130260E-01  0.581035E+00  0.828155E+00  0.122583E+00
   290.0  0.333060E+00  0.726742E+00  0.405160E+02  0.807516E+07  0.292716E+09  0.999787E+02  0.998618E+00  0.136156E-01  0.584847E+00  0.820995E+00  0.127983E+00
   300.0  0.332227E+00  0.726136E+00  0.405288E+02  0.812342E+07  0.294301E+09  0.999778E+02  0.998630E+00  0.142082E-01  0.588649E+00  0.813856E+00  0.133351E+00
