NO    
  0.10000E+00  0.46327E+00  0.69583E+00  0.84162E+00  0.93182E+00  0.98527E+00  0.10172E+01  0.10352E+01  0.10447E+01  0.10485E+01  0.10492E+01  0.10478E+01  0.10453E+01  0.10421E+01  0.10386E+01  0.10349E+01  0.10312E+01  0.10276E+01  0.10240E+01  0.10206E+01  0.10173E+01  0.10141E+01  0.10110E+01  0.10080E+01  0.10052E+01  0.10025E+01  0.99982E+00  0.99727E+00  0.99480E+00  0.99241E+00  0.99009E+00
NO2   
  0.50000E+01  0.46337E+01  0.43971E+01  0.42461E+01  0.41501E+01  0.40905E+01  0.40524E+01  0.40282E+01  0.40125E+01  0.40026E+01  0.39959E+01  0.39912E+01  0.39877E+01  0.39849E+01  0.39825E+01  0.39803E+01  0.39782E+01  0.39760E+01  0.39737E+01  0.39714E+01  0.39690E+01  0.39664E+01  0.39638E+01  0.39611E+01  0.39583E+01  0.39553E+01  0.39524E+01  0.39493E+01  0.39461E+01  0.39429E+01  0.39397E+01
O3    
  0.80000E+02  0.80359E+02  0.80593E+02  0.80748E+02  0.80853E+02  0.80925E+02  0.80979E+02  0.81023E+02  0.81060E+02  0.81094E+02  0.81126E+02  0.81158E+02  0.81190E+02  0.81223E+02  0.81256E+02  0.81291E+02  0.81326E+02  0.81362E+02  0.81399E+02  0.81437E+02  0.81475E+02  0.81514E+02  0.81554E+02  0.81594E+02  0.81635E+02  0.81676E+02  0.81717E+02  0.81759E+02  0.81802E+02  0.81844E+02  0.81887E+02
O3P   
  0.00000E+00  0.24726E+05  0.24059E+05  0.23634E+05  0.23365E+05  0.23199E+05  0.23094E+05  0.23029E+05  0.22988E+05  0.22964E+05  0.22948E+05  0.22939E+05  0.22933E+05  0.22929E+05  0.22927E+05  0.22925E+05  0.22924E+05  0.22922E+05  0.22921E+05  0.22919E+05  0.22917E+05  0.22915E+05  0.22913E+05  0.22911E+05  0.22908E+05  0.22905E+05  0.22902E+05  0.22899E+05  0.22895E+05  0.22892E+05  0.22888E+05
O1D   
  0.00000E+00  0.10340E+00  0.10370E+00  0.10390E+00  0.10404E+00  0.10413E+00  0.10420E+00  0.10426E+00  0.10430E+00  0.10435E+00  0.10439E+00  0.10443E+00  0.10447E+00  0.10451E+00  0.10456E+00  0.10460E+00  0.10465E+00  0.10469E+00  0.10474E+00  0.10479E+00  0.10484E+00  0.10489E+00  0.10494E+00  0.10499E+00  0.10504E+00  0.10510E+00  0.10515E+00  0.10520E+00  0.10526E+00  0.10531E+00  0.10537E+00
NO3   
  0.00000E+00  0.91542E+07  0.72497E+07  0.63574E+07  0.58959E+07  0.56486E+07  0.55086E+07  0.54325E+07  0.53931E+07  0.53781E+07  0.53761E+07  0.53825E+07  0.53940E+07  0.54082E+07  0.54239E+07  0.54404E+07  0.54569E+07  0.54734E+07  0.54895E+07  0.55051E+07  0.55203E+07  0.55349E+07  0.55490E+07  0.55626E+07  0.55757E+07  0.55884E+07  0.56005E+07  0.56123E+07  0.56237E+07  0.56348E+07  0.56455E+07
HONO  
  0.00000E+00  0.25927E-04  0.89070E-04  0.19444E-03  0.33960E-03  0.51898E-03  0.72312E-03  0.94646E-03  0.11836E-02  0.14321E-02  0.16880E-02  0.19495E-02  0.22153E-02  0.24837E-02  0.27539E-02  0.30251E-02  0.32966E-02  0.35680E-02  0.38387E-02  0.41083E-02  0.43765E-02  0.46431E-02  0.49079E-02  0.51706E-02  0.54310E-02  0.56892E-02  0.59446E-02  0.61973E-02  0.64474E-02  0.66950E-02  0.69393E-02
HNO3  
  0.00000E+00  0.59014E-03  0.12794E-02  0.21288E-02  0.31313E-02  0.42687E-02  0.55122E-02  0.68484E-02  0.82620E-02  0.97515E-02  0.11302E-01  0.12909E-01  0.14571E-01  0.16278E-01  0.18030E-01  0.19821E-01  0.21649E-01  0.23511E-01  0.25406E-01  0.27329E-01  0.29280E-01  0.31257E-01  0.33256E-01  0.35278E-01  0.37321E-01  0.39382E-01  0.41463E-01  0.43562E-01  0.45677E-01  0.47805E-01  0.49950E-01
HNO4  
  0.00000E+00  0.60875E-03  0.25157E-02  0.53527E-02  0.85234E-02  0.11683E-01  0.14686E-01  0.17487E-01  0.20090E-01  0.22482E-01  0.24699E-01  0.26749E-01  0.28637E-01  0.30387E-01  0.32004E-01  0.33498E-01  0.34881E-01  0.36158E-01  0.37338E-01  0.38427E-01  0.39432E-01  0.40362E-01  0.41221E-01  0.42014E-01  0.42744E-01  0.43422E-01  0.44043E-01  0.44614E-01  0.45144E-01  0.45635E-01  0.46082E-01
N2O5  
  0.00000E+00  0.44154E-03  0.73755E-03  0.90570E-03  0.10079E-02  0.10714E-02  0.11134E-02  0.11420E-02  0.11626E-02  0.11775E-02  0.11892E-02  0.11988E-02  0.12068E-02  0.12139E-02  0.12202E-02  0.12259E-02  0.12312E-02  0.12361E-02  0.12407E-02  0.12450E-02  0.12490E-02  0.12528E-02  0.12564E-02  0.12597E-02  0.12628E-02  0.12658E-02  0.12685E-02  0.12711E-02  0.12735E-02  0.12758E-02  0.12779E-02
OH    
  0.00000E+00  0.13253E+07  0.17117E+07  0.21489E+07  0.25344E+07  0.28528E+07  0.31206E+07  0.33483E+07  0.35468E+07  0.37195E+07  0.38742E+07  0.40137E+07  0.41397E+07  0.42555E+07  0.43618E+07  0.44601E+07  0.45512E+07  0.46360E+07  0.47152E+07  0.47892E+07  0.48586E+07  0.49240E+07  0.49856E+07  0.50437E+07  0.50987E+07  0.51510E+07  0.52004E+07  0.52474E+07  0.52923E+07  0.53354E+07  0.53763E+07
HO2   
  0.00000E+00  0.23609E+08  0.56369E+08  0.84743E+08  0.10681E+09  0.12445E+09  0.13949E+09  0.15272E+09  0.16467E+09  0.17548E+09  0.18543E+09  0.19459E+09  0.20301E+09  0.21081E+09  0.21800E+09  0.22466E+09  0.23082E+09  0.23652E+09  0.24179E+09  0.24668E+09  0.25119E+09  0.25539E+09  0.25928E+09  0.26289E+09  0.26623E+09  0.26935E+09  0.27223E+09  0.27491E+09  0.27741E+09  0.27974E+09  0.28190E+09
H2O2  
  0.10000E+01  0.99991E+00  0.99981E+00  0.99972E+00  0.99963E+00  0.99954E+00  0.99946E+00  0.99939E+00  0.99932E+00  0.99926E+00  0.99921E+00  0.99916E+00  0.99912E+00  0.99909E+00  0.99906E+00  0.99904E+00  0.99903E+00  0.99902E+00  0.99901E+00  0.99902E+00  0.99902E+00  0.99903E+00  0.99905E+00  0.99906E+00  0.99909E+00  0.99911E+00  0.99914E+00  0.99917E+00  0.99921E+00  0.99924E+00  0.99928E+00
HCHO  
  0.50000E+00  0.50093E+00  0.50411E+00  0.50956E+00  0.51678E+00  0.52539E+00  0.53501E+00  0.54544E+00  0.55652E+00  0.56821E+00  0.58036E+00  0.59293E+00  0.60587E+00  0.61913E+00  0.63267E+00  0.64646E+00  0.66046E+00  0.67466E+00  0.68902E+00  0.70353E+00  0.71818E+00  0.73293E+00  0.74778E+00  0.76271E+00  0.77771E+00  0.79276E+00  0.80787E+00  0.82301E+00  0.83819E+00  0.85338E+00  0.86859E+00
CO    
  0.10000E+03  0.10000E+03  0.10000E+03  0.10000E+03  0.10000E+03  0.10000E+03  0.10000E+03  0.10000E+03  0.10000E+03  0.10000E+03  0.10000E+03  0.10000E+03  0.10000E+03  0.10000E+03  0.10000E+03  0.99999E+02  0.99999E+02  0.99999E+02  0.99999E+02  0.99999E+02  0.99999E+02  0.99999E+02  0.99999E+02  0.99999E+02  0.99999E+02  0.99999E+02  0.99999E+02  0.99999E+02  0.99999E+02  0.10000E+03  0.10000E+03
CH3OOH
  0.00000E+00  0.11678E+04  0.88381E+04  0.24797E+05  0.47779E+05  0.77308E+05  0.11274E+06  0.15409E+06  0.20108E+06  0.25430E+06  0.31312E+06  0.37767E+06  0.44818E+06  0.52412E+06  0.60571E+06  0.69274E+06  0.78509E+06  0.88273E+06  0.98552E+06  0.10934E+07  0.12062E+07  0.13238E+07  0.14460E+07  0.15728E+07  0.17042E+07  0.18397E+07  0.19800E+07  0.21246E+07  0.22731E+07  0.24254E+07  0.25823E+07
ETHOOH
  0.00000E+00  0.55520E-03  0.28398E-01  0.23555E+00  0.95292E+00  0.27108E+01  0.60280E+01  0.11560E+02  0.19830E+02  0.31949E+02  0.48260E+02  0.69663E+02  0.97243E+02  0.13129E+03  0.17296E+03  0.22286E+03  0.28166E+03  0.35024E+03  0.42924E+03  0.51927E+03  0.62116E+03  0.73510E+03  0.86153E+03  0.10012E+04  0.11552E+04  0.13220E+04  0.15049E+04  0.17033E+04  0.19162E+04  0.21433E+04  0.23890E+04
ALD2  
  0.00000E+00  0.53359E+07  0.13434E+08  0.22874E+08  0.32274E+08  0.41234E+08  0.49866E+08  0.58324E+08  0.66736E+08  0.75188E+08  0.83733E+08  0.92406E+08  0.10124E+09  0.11025E+09  0.11944E+09  0.12884E+09  0.13844E+09  0.14827E+09  0.15832E+09  0.16861E+09  0.17913E+09  0.18990E+09  0.20090E+09  0.21216E+09  0.22367E+09  0.23541E+09  0.24744E+09  0.25974E+09  0.27227E+09  0.28505E+09  0.29813E+09
CH3O2 
  0.00000E+00  0.25119E+07  0.35407E+07  0.38616E+07  0.40779E+07  0.43028E+07  0.45358E+07  0.47714E+07  0.50065E+07  0.52390E+07  0.54680E+07  0.56931E+07  0.59137E+07  0.61299E+07  0.63417E+07  0.65492E+07  0.67527E+07  0.69524E+07  0.71484E+07  0.73411E+07  0.75307E+07  0.77174E+07  0.79016E+07  0.80833E+07  0.82628E+07  0.84404E+07  0.86159E+07  0.87896E+07  0.89619E+07  0.91328E+07  0.93023E+07
AONE  
  0.00000E+00  0.45447E+03  0.61586E+04  0.32844E+05  0.10794E+06  0.26863E+06  0.54221E+06  0.95849E+06  0.15336E+07  0.23097E+07  0.32853E+07  0.44841E+07  0.59339E+07  0.76293E+07  0.95971E+07  0.11844E+08  0.14378E+08  0.17214E+08  0.20359E+08  0.23820E+08  0.27609E+08  0.31722E+08  0.36161E+08  0.40940E+08  0.46073E+08  0.51518E+08  0.57350E+08  0.63547E+08  0.70075E+08  0.76929E+08  0.84198E+08
C2O3  
  0.00000E+00  0.46929E+06  0.45247E+06  0.44759E+06  0.45086E+06  0.46027E+06  0.47411E+06  0.49156E+06  0.51197E+06  0.53497E+06  0.56011E+06  0.58725E+06  0.61616E+06  0.64665E+06  0.67863E+06  0.71193E+06  0.74646E+06  0.78213E+06  0.81883E+06  0.85650E+06  0.89506E+06  0.93444E+06  0.97457E+06  0.10154E+07  0.10569E+07  0.10990E+07  0.11416E+07  0.11848E+07  0.12285E+07  0.12726E+07  0.13171E+07
MGLY  
  0.00000E+00  0.21104E+04  0.16289E+05  0.60553E+05  0.15773E+06  0.33577E+06  0.61219E+06  0.10072E+07  0.15300E+07  0.22106E+07  0.30449E+07  0.40483E+07  0.52395E+07  0.66122E+07  0.81843E+07  0.99586E+07  0.11940E+08  0.14137E+08  0.16552E+08  0.19191E+08  0.22060E+08  0.25154E+08  0.28474E+08  0.32029E+08  0.35827E+08  0.39838E+08  0.44113E+08  0.48635E+08  0.53381E+08  0.58346E+08  0.63590E+08
OPEN  
  0.00000E+00  0.00000E+00  0.00000E+00  0.00000E+00  0.00000E+00  0.00000E+00  0.00000E+00  0.00000E+00  0.00000E+00  0.00000E+00  0.00000E+00  0.00000E+00  0.00000E+00  0.00000E+00  0.00000E+00  0.00000E+00  0.00000E+00  0.00000E+00  0.00000E+00  0.00000E+00  0.00000E+00  0.00000E+00  0.00000E+00  0.00000E+00  0.00000E+00  0.00000E+00  0.00000E+00  0.00000E+00  0.00000E+00  0.00000E+00  0.00000E+00
ROOH  
  0.00000E+00  0.15855E+06  0.13188E+07  0.40885E+07  0.84675E+07  0.14378E+08  0.21620E+08  0.30153E+08  0.39878E+08  0.50886E+08  0.63008E+08  0.76243E+08  0.90596E+08  0.10593E+09  0.12226E+09  0.13950E+09  0.15761E+09  0.17654E+09  0.19623E+09  0.21664E+09  0.23773E+09  0.25942E+09  0.28169E+09  0.30449E+09  0.32781E+09  0.35155E+09  0.37575E+09  0.40037E+09  0.42532E+09  0.45058E+09  0.47621E+09
XO2   
  0.00000E+00  0.16049E+08  0.25249E+08  0.29754E+08  0.32256E+08  0.34061E+08  0.35686E+08  0.37248E+08  0.38766E+08  0.40228E+08  0.41626E+08  0.42953E+08  0.44201E+08  0.45376E+08  0.46477E+08  0.47507E+08  0.48471E+08  0.49372E+08  0.50215E+08  0.51003E+08  0.51741E+08  0.52432E+08  0.53082E+08  0.53692E+08  0.54264E+08  0.54806E+08  0.55314E+08  0.55793E+08  0.56247E+08  0.56679E+08  0.57085E+08
ETHP  
  0.00000E+00  0.15397E+01  0.15639E+02  0.53906E+02  0.12199E+03  0.22241E+03  0.35199E+03  0.51011E+03  0.69489E+03  0.90902E+03  0.11488E+04  0.14149E+04  0.17077E+04  0.20244E+04  0.23655E+04  0.27296E+04  0.31155E+04  0.35225E+04  0.39495E+04  0.43954E+04  0.48595E+04  0.53403E+04  0.58369E+04  0.63486E+04  0.68752E+04  0.74143E+04  0.79674E+04  0.85329E+04  0.91091E+04  0.96951E+04  0.10293E+05
PAR   
  0.00000E+00  0.64252E+07  0.34041E+08  0.80398E+08  0.13925E+09  0.20707E+09  0.28125E+09  0.36077E+09  0.44464E+09  0.53265E+09  0.62391E+09  0.71811E+09  0.81502E+09  0.91414E+09  0.10153E+10  0.11183E+10  0.12228E+10  0.13288E+10  0.14359E+10  0.15442E+10  0.16533E+10  0.17633E+10  0.18740E+10  0.19852E+10  0.20970E+10  0.22092E+10  0.23218E+10  0.24346E+10  0.25476E+10  0.26608E+10  0.27741E+10
ONIT  
  0.00000E+00  0.32126E+07  0.17021E+08  0.40199E+08  0.69627E+08  0.10354E+09  0.14064E+09  0.18041E+09  0.22237E+09  0.26640E+09  0.31207E+09  0.35921E+09  0.40773E+09  0.45736E+09  0.50803E+09  0.55961E+09  0.61198E+09  0.66507E+09  0.71879E+09  0.77306E+09  0.82783E+09  0.88301E+09  0.93855E+09  0.99440E+09  0.10505E+10  0.11069E+10  0.11635E+10  0.12202E+10  0.12770E+10  0.13340E+10  0.13910E+10
ISOPRD
  0.00000E+00  0.17051E-02  0.65691E-02  0.14657E-01  0.25266E-01  0.37855E-01  0.51866E-01  0.67037E-01  0.83123E-01  0.10006E+00  0.11764E+00  0.13580E+00  0.15448E+00  0.17358E+00  0.19307E+00  0.21289E+00  0.23299E+00  0.25335E+00  0.27391E+00  0.29466E+00  0.31556E+00  0.33659E+00  0.35772E+00  0.37894E+00  0.40023E+00  0.42156E+00  0.44293E+00  0.46432E+00  0.48571E+00  0.50710E+00  0.52848E+00
SO2   
  0.00000E+00  0.00000E+00  0.00000E+00  0.00000E+00  0.00000E+00  0.00000E+00  0.00000E+00  0.00000E+00  0.00000E+00  0.00000E+00  0.00000E+00  0.00000E+00  0.00000E+00  0.00000E+00  0.00000E+00  0.00000E+00  0.00000E+00  0.00000E+00  0.00000E+00  0.00000E+00  0.00000E+00  0.00000E+00  0.00000E+00  0.00000E+00  0.00000E+00  0.00000E+00  0.00000E+00  0.00000E+00  0.00000E+00  0.00000E+00  0.00000E+00
H2SO4 
  0.00000E+00  0.00000E+00  0.00000E+00  0.00000E+00  0.00000E+00  0.00000E+00  0.00000E+00  0.00000E+00  0.00000E+00  0.00000E+00  0.00000E+00  0.00000E+00  0.00000E+00  0.00000E+00  0.00000E+00  0.00000E+00  0.00000E+00  0.00000E+00  0.00000E+00  0.00000E+00  0.00000E+00  0.00000E+00  0.00000E+00  0.00000E+00  0.00000E+00  0.00000E+00  0.00000E+00  0.00000E+00  0.00000E+00  0.00000E+00  0.00000E+00
CH4   
  0.17000E+04  0.17000E+04  0.17000E+04  0.17000E+04  0.17000E+04  0.17000E+04  0.17000E+04  0.17000E+04  0.17000E+04  0.17000E+04  0.17000E+04  0.17000E+04  0.17000E+04  0.17000E+04  0.17000E+04  0.17000E+04  0.17000E+04  0.17000E+04  0.17000E+04  0.17000E+04  0.17000E+04  0.17000E+04  0.17000E+04  0.17000E+04  0.17000E+04  0.17000E+04  0.17000E+04  0.17000E+04  0.17000E+04  0.17000E+04  0.17000E+04
C2H6  
  0.00000E+00  0.00000E+00  0.12038E-02  0.10205E-01  0.39073E-01  0.10505E+00  0.22394E+00  0.41509E+00  0.69414E+00  0.10926E+01  0.16215E+01  0.23065E+01  0.31783E+01  0.42464E+01  0.55429E+01  0.70857E+01  0.88941E+01  0.10993E+02  0.13399E+02  0.16131E+02  0.19211E+02  0.22646E+02  0.26447E+02  0.30637E+02  0.35240E+02  0.40220E+02  0.45665E+02  0.51560E+02  0.57875E+02  0.64606E+02  0.71868E+02
RO2   
  0.00000E+00  0.19769E+02  0.24426E+03  0.97357E+03  0.23846E+04  0.45327E+04  0.73456E+04  0.10817E+05  0.14907E+05  0.19673E+05  0.25033E+05  0.31002E+05  0.37592E+05  0.44732E+05  0.52442E+05  0.60684E+05  0.69432E+05  0.78674E+05  0.88379E+05  0.98525E+05  0.10910E+06  0.12006E+06  0.13139E+06  0.14308E+06  0.15511E+06  0.16744E+06  0.18010E+06  0.19305E+06  0.20625E+06  0.21969E+06  0.23341E+06
CH3OH 
  0.00000E+00  0.00000E+00  0.23669E+04  0.69211E+04  0.12862E+05  0.19911E+05  0.27956E+05  0.36994E+05  0.47006E+05  0.58057E+05  0.70093E+05  0.83132E+05  0.97196E+05  0.11223E+06  0.12825E+06  0.14523E+06  0.16316E+06  0.18201E+06  0.20177E+06  0.22242E+06  0.24395E+06  0.26633E+06  0.28952E+06  0.31352E+06  0.33835E+06  0.36390E+06  0.39027E+06  0.41740E+06  0.44524E+06  0.47375E+06  0.50305E+06
ANO2  
  0.00000E+00  0.26509E-03  0.67813E-02  0.55591E-01  0.25012E+00  0.79170E+00  0.19026E+01  0.38568E+01  0.68682E+01  0.11357E+02  0.17431E+02  0.25401E+02  0.35620E+02  0.48140E+02  0.63332E+02  0.81346E+02  0.10236E+03  0.12662E+03  0.15427E+03  0.18548E+03  0.22045E+03  0.25920E+03  0.30185E+03  0.34860E+03  0.39969E+03  0.45467E+03  0.51454E+03  0.57904E+03  0.64784E+03  0.72086E+03  0.79938E+03
C2H4  
  0.00000E+00  0.00000E+00  0.00000E+00  0.00000E+00  0.00000E+00  0.00000E+00  0.00000E+00  0.00000E+00  0.00000E+00  0.00000E+00  0.00000E+00  0.00000E+00  0.00000E+00  0.00000E+00  0.00000E+00  0.00000E+00  0.00000E+00  0.00000E+00  0.00000E+00  0.00000E+00  0.00000E+00  0.00000E+00  0.00000E+00  0.00000E+00  0.00000E+00  0.00000E+00  0.00000E+00  0.00000E+00  0.00000E+00  0.00000E+00  0.00000E+00
HCOOH 
  0.00000E+00  0.00000E+00  0.00000E+00  0.00000E+00  0.00000E+00  0.00000E+00  0.00000E+00  0.00000E+00  0.00000E+00  0.00000E+00  0.00000E+00  0.00000E+00  0.00000E+00  0.00000E+00  0.00000E+00  0.00000E+00  0.00000E+00  0.00000E+00  0.00000E+00  0.00000E+00  0.00000E+00  0.00000E+00  0.00000E+00  0.00000E+00  0.00000E+00  0.00000E+00  0.00000E+00  0.00000E+00  0.00000E+00  0.00000E+00  0.00000E+00
OLET  
  0.00000E+00  0.00000E+00  0.00000E+00  0.00000E+00  0.00000E+00  0.00000E+00  0.00000E+00  0.00000E+00  0.00000E+00  0.00000E+00  0.00000E+00  0.00000E+00  0.00000E+00  0.00000E+00  0.00000E+00  0.00000E+00  0.00000E+00  0.00000E+00  0.00000E+00  0.00000E+00  0.00000E+00  0.00000E+00  0.00000E+00  0.00000E+00  0.00000E+00  0.00000E+00  0.00000E+00  0.00000E+00  0.00000E+00  0.00000E+00  0.00000E+00
RCOOH 
  0.00000E+00  0.11606E+08  0.23241E+08  0.34890E+08  0.46544E+08  0.58196E+08  0.69840E+08  0.81474E+08  0.93096E+08  0.10470E+09  0.11630E+09  0.12787E+09  0.13943E+09  0.15098E+09  0.16250E+09  0.17401E+09  0.18550E+09  0.19697E+09  0.20843E+09  0.21987E+09  0.23128E+09  0.24268E+09  0.25406E+09  0.26543E+09  0.27677E+09  0.28809E+09  0.29940E+09  0.31068E+09  0.32195E+09  0.33320E+09  0.34442E+09
OLEI  
  0.00000E+00  0.00000E+00  0.00000E+00  0.00000E+00  0.00000E+00  0.00000E+00  0.00000E+00  0.00000E+00  0.00000E+00  0.00000E+00  0.00000E+00  0.00000E+00  0.00000E+00  0.00000E+00  0.00000E+00  0.00000E+00  0.00000E+00  0.00000E+00  0.00000E+00  0.00000E+00  0.00000E+00  0.00000E+00  0.00000E+00  0.00000E+00  0.00000E+00  0.00000E+00  0.00000E+00  0.00000E+00  0.00000E+00  0.00000E+00  0.00000E+00
NAP   
  0.00000E+00  0.26180E+02  0.30204E+03  0.11343E+04  0.26453E+04  0.48200E+04  0.75425E+04  0.10772E+05  0.14454E+05  0.18604E+05  0.23146E+05  0.28076E+05  0.33382E+05  0.39009E+05  0.44958E+05  0.51196E+05  0.57701E+05  0.64457E+05  0.71444E+05  0.78642E+05  0.86040E+05  0.93618E+05  0.10136E+06  0.10926E+06  0.11731E+06  0.12549E+06  0.13380E+06  0.14223E+06  0.15076E+06  0.15939E+06  0.16812E+06
TOL   
  0.00000E+00  0.00000E+00  0.00000E+00  0.00000E+00  0.00000E+00  0.00000E+00  0.00000E+00  0.00000E+00  0.00000E+00  0.00000E+00  0.00000E+00  0.00000E+00  0.00000E+00  0.00000E+00  0.00000E+00  0.00000E+00  0.00000E+00  0.00000E+00  0.00000E+00  0.00000E+00  0.00000E+00  0.00000E+00  0.00000E+00  0.00000E+00  0.00000E+00  0.00000E+00  0.00000E+00  0.00000E+00  0.00000E+00  0.00000E+00  0.00000E+00
CRES  
  0.00000E+00  0.00000E+00  0.00000E+00  0.00000E+00  0.00000E+00  0.00000E+00  0.00000E+00  0.00000E+00  0.00000E+00  0.00000E+00  0.00000E+00  0.00000E+00  0.00000E+00  0.00000E+00  0.00000E+00  0.00000E+00  0.00000E+00  0.00000E+00  0.00000E+00  0.00000E+00  0.00000E+00  0.00000E+00  0.00000E+00  0.00000E+00  0.00000E+00  0.00000E+00  0.00000E+00  0.00000E+00  0.00000E+00  0.00000E+00  0.00000E+00
TO2   
  0.00000E+00  0.00000E+00  0.00000E+00  0.00000E+00  0.00000E+00  0.00000E+00  0.00000E+00  0.00000E+00  0.00000E+00  0.00000E+00  0.00000E+00  0.00000E+00  0.00000E+00  0.00000E+00  0.00000E+00  0.00000E+00  0.00000E+00  0.00000E+00  0.00000E+00  0.00000E+00  0.00000E+00  0.00000E+00  0.00000E+00  0.00000E+00  0.00000E+00  0.00000E+00  0.00000E+00  0.00000E+00  0.00000E+00  0.00000E+00  0.00000E+00
XYL   
  0.00000E+00  0.00000E+00  0.00000E+00  0.00000E+00  0.00000E+00  0.00000E+00  0.00000E+00  0.00000E+00  0.00000E+00  0.00000E+00  0.00000E+00  0.00000E+00  0.00000E+00  0.00000E+00  0.00000E+00  0.00000E+00  0.00000E+00  0.00000E+00  0.00000E+00  0.00000E+00  0.00000E+00  0.00000E+00  0.00000E+00  0.00000E+00  0.00000E+00  0.00000E+00  0.00000E+00  0.00000E+00  0.00000E+00  0.00000E+00  0.00000E+00
CRO   
  0.00000E+00  0.00000E+00  0.00000E+00  0.00000E+00  0.00000E+00  0.00000E+00  0.00000E+00  0.00000E+00  0.00000E+00  0.00000E+00  0.00000E+00  0.00000E+00  0.00000E+00  0.00000E+00  0.00000E+00  0.00000E+00  0.00000E+00  0.00000E+00  0.00000E+00  0.00000E+00  0.00000E+00  0.00000E+00  0.00000E+00  0.00000E+00  0.00000E+00  0.00000E+00  0.00000E+00  0.00000E+00  0.00000E+00  0.00000E+00  0.00000E+00
ISOP  
  0.50000E+01  0.49920E+01  0.49826E+01  0.49709E+01  0.49571E+01  0.49414E+01  0.49243E+01  0.49059E+01  0.48865E+01  0.48661E+01  0.48450E+01  0.48233E+01  0.48009E+01  0.47781E+01  0.47548E+01  0.47311E+01  0.47070E+01  0.46826E+01  0.46580E+01  0.46331E+01  0.46080E+01  0.45827E+01  0.45572E+01  0.45316E+01  0.45059E+01  0.44801E+01  0.44541E+01  0.44282E+01  0.44021E+01  0.43760E+01  0.43499E+01
ISOPP 
  0.00000E+00  0.13827E+09  0.22671E+09  0.28123E+09  0.31854E+09  0.34694E+09  0.37106E+09  0.39255E+09  0.41225E+09  0.43035E+09  0.44713E+09  0.46263E+09  0.47688E+09  0.49002E+09  0.50206E+09  0.51310E+09  0.52320E+09  0.53242E+09  0.54082E+09  0.54847E+09  0.55542E+09  0.56174E+09  0.56748E+09  0.57267E+09  0.57735E+09  0.58161E+09  0.58539E+09  0.58878E+09  0.59183E+09  0.59457E+09  0.59696E+09
ISOPN 
  0.00000E+00  0.61455E+07  0.81586E+07  0.73741E+07  0.61278E+07  0.51969E+07  0.46137E+07  0.42752E+07  0.40791E+07  0.39723E+07  0.39103E+07  0.38757E+07  0.38578E+07  0.38485E+07  0.38446E+07  0.38435E+07  0.38437E+07  0.38443E+07  0.38447E+07  0.38446E+07  0.38438E+07  0.38422E+07  0.38398E+07  0.38366E+07  0.38326E+07  0.38279E+07  0.38223E+07  0.38161E+07  0.38093E+07  0.38019E+07  0.37938E+07
ISOPO2
  0.00000E+00  0.30719E+04  0.21519E+05  0.71575E+05  0.16212E+06  0.29498E+06  0.46438E+06  0.66801E+06  0.90210E+06  0.11674E+07  0.14585E+07  0.17749E+07  0.21158E+07  0.24774E+07  0.28596E+07  0.32603E+07  0.36777E+07  0.41110E+07  0.45586E+07  0.50194E+07  0.54923E+07  0.59762E+07  0.64700E+07  0.69731E+07  0.74851E+07  0.80042E+07  0.85313E+07  0.90648E+07  0.96040E+07  0.10148E+08  0.10699E+08
PAN   
  0.00000E+00  0.19180E-03  0.37957E-03  0.55512E-03  0.72536E-03  0.89480E-03  0.10666E-02  0.12429E-02  0.14251E-02  0.16153E-02  0.18136E-02  0.20213E-02  0.22396E-02  0.24683E-02  0.27085E-02  0.29606E-02  0.32249E-02  0.35020E-02  0.37923E-02  0.40960E-02  0.44135E-02  0.47449E-02  0.50901E-02  0.54497E-02  0.58243E-02  0.62122E-02  0.66165E-02  0.70363E-02  0.74703E-02  0.79180E-02  0.83835E-02
