NO    
  0.10000E+00  0.16993E+00  0.22270E+00  0.26198E+00  0.29080E+00  0.31157E+00  0.32622E+00  0.33625E+00  0.34287E+00  0.34703E+00  0.34943E+00  0.35056E+00  0.35081E+00  0.35045E+00  0.34969E+00  0.34868E+00  0.34751E+00  0.34626E+00  0.34498E+00  0.34370E+00  0.34243E+00  0.34121E+00  0.34002E+00  0.33888E+00  0.33780E+00  0.33676E+00  0.33577E+00  0.33483E+00  0.33393E+00  0.33306E+00  0.33223E+00
NO2   
  0.10000E+01  0.92955E+00  0.87604E+00  0.83581E+00  0.80587E+00  0.78386E+00  0.76786E+00  0.75642E+00  0.74832E+00  0.74266E+00  0.73873E+00  0.73607E+00  0.73428E+00  0.73310E+00  0.73232E+00  0.73180E+00  0.73144E+00  0.73118E+00  0.73095E+00  0.73074E+00  0.73051E+00  0.73025E+00  0.72996E+00  0.72963E+00  0.72925E+00  0.72883E+00  0.72836E+00  0.72786E+00  0.72732E+00  0.72674E+00  0.72614E+00
O3    
  0.40000E+02  0.40068E+02  0.40121E+02  0.40161E+02  0.40192E+02  0.40217E+02  0.40237E+02  0.40254E+02  0.40268E+02  0.40281E+02  0.40293E+02  0.40304E+02  0.40315E+02  0.40326E+02  0.40337E+02  0.40348E+02  0.40359E+02  0.40370E+02  0.40381E+02  0.40393E+02  0.40405E+02  0.40416E+02  0.40429E+02  0.40441E+02  0.40453E+02  0.40465E+02  0.40478E+02  0.40491E+02  0.40503E+02  0.40516E+02  0.40529E+02
O3P   
  0.00000E+00  0.82619E+04  0.81113E+04  0.79982E+04  0.79143E+04  0.78528E+04  0.78084E+04  0.77769E+04  0.77551E+04  0.77402E+04  0.77302E+04  0.77239E+04  0.77202E+04  0.77182E+04  0.77174E+04  0.77174E+04  0.77179E+04  0.77186E+04  0.77196E+04  0.77205E+04  0.77215E+04  0.77224E+04  0.77232E+04  0.77239E+04  0.77245E+04  0.77249E+04  0.77253E+04  0.77256E+04  0.77257E+04  0.77258E+04  0.77258E+04
O1D   
  0.00000E+00  0.51558E-01  0.51625E-01  0.51677E-01  0.51718E-01  0.51749E-01  0.51775E-01  0.51797E-01  0.51815E-01  0.51832E-01  0.51847E-01  0.51861E-01  0.51876E-01  0.51890E-01  0.51904E-01  0.51918E-01  0.51932E-01  0.51946E-01  0.51961E-01  0.51976E-01  0.51991E-01  0.52006E-01  0.52022E-01  0.52037E-01  0.52053E-01  0.52069E-01  0.52085E-01  0.52101E-01  0.52118E-01  0.52134E-01  0.52151E-01
NO3   
  0.00000E+00  0.17853E+07  0.16043E+07  0.14309E+07  0.13172E+07  0.12409E+07  0.11891E+07  0.11540E+07  0.11306E+07  0.11151E+07  0.11052E+07  0.10994E+07  0.10964E+07  0.10954E+07  0.10957E+07  0.10969E+07  0.10986E+07  0.11007E+07  0.11030E+07  0.11054E+07  0.11078E+07  0.11101E+07  0.11123E+07  0.11144E+07  0.11164E+07  0.11182E+07  0.11200E+07  0.11216E+07  0.11231E+07  0.11244E+07  0.11257E+07
HONO  
  0.00000E+00  0.22108E-04  0.58773E-04  0.11046E-03  0.17762E-03  0.25992E-03  0.35604E-03  0.46430E-03  0.58251E-03  0.70852E-03  0.84045E-03  0.97680E-03  0.11161E-02  0.12574E-02  0.13997E-02  0.15423E-02  0.16848E-02  0.18267E-02  0.19676E-02  0.21074E-02  0.22459E-02  0.23829E-02  0.25183E-02  0.26520E-02  0.27839E-02  0.29140E-02  0.30423E-02  0.31687E-02  0.32934E-02  0.34162E-02  0.35372E-02
HNO3  
  0.00000E+00  0.21985E-03  0.45940E-03  0.72223E-03  0.10131E-02  0.13336E-02  0.16829E-02  0.20595E-02  0.24607E-02  0.28839E-02  0.33264E-02  0.37866E-02  0.42619E-02  0.47509E-02  0.52519E-02  0.57635E-02  0.62847E-02  0.68144E-02  0.73517E-02  0.78960E-02  0.84465E-02  0.90028E-02  0.95643E-02  0.10131E-01  0.10702E-01  0.11277E-01  0.11857E-01  0.12440E-01  0.13026E-01  0.13616E-01  0.14208E-01
HNO4  
  0.00000E+00  0.14745E-03  0.50308E-03  0.98036E-03  0.15278E-02  0.21083E-02  0.26943E-02  0.32667E-02  0.38136E-02  0.43284E-02  0.48082E-02  0.52510E-02  0.56580E-02  0.60301E-02  0.63694E-02  0.66780E-02  0.69580E-02  0.72117E-02  0.74411E-02  0.76483E-02  0.78354E-02  0.80041E-02  0.81562E-02  0.82927E-02  0.84153E-02  0.85253E-02  0.86241E-02  0.87129E-02  0.87929E-02  0.88649E-02  0.89298E-02
N2O5  
  0.00000E+00  0.13951E-04  0.27230E-04  0.35604E-04  0.40770E-04  0.43895E-04  0.45727E-04  0.46729E-04  0.47222E-04  0.47413E-04  0.47431E-04  0.47359E-04  0.47249E-04  0.47132E-04  0.47026E-04  0.46940E-04  0.46876E-04  0.46836E-04  0.46815E-04  0.46813E-04  0.46826E-04  0.46850E-04  0.46882E-04  0.46921E-04  0.46963E-04  0.47006E-04  0.47050E-04  0.47091E-04  0.47130E-04  0.47166E-04  0.47198E-04
OH    
  0.00000E+00  0.24721E+07  0.28381E+07  0.32829E+07  0.37625E+07  0.42387E+07  0.46862E+07  0.50921E+07  0.54528E+07  0.57699E+07  0.60473E+07  0.62886E+07  0.64993E+07  0.66836E+07  0.68458E+07  0.69894E+07  0.71172E+07  0.72318E+07  0.73353E+07  0.74294E+07  0.75155E+07  0.75948E+07  0.76684E+07  0.77369E+07  0.78010E+07  0.78614E+07  0.79186E+07  0.79730E+07  0.80251E+07  0.80752E+07  0.81234E+07
HO2   
  0.00000E+00  0.25866E+08  0.50346E+08  0.74548E+08  0.97946E+08  0.11980E+09  0.13972E+09  0.15760E+09  0.17352E+09  0.18767E+09  0.20024E+09  0.21136E+09  0.22123E+09  0.22999E+09  0.23778E+09  0.24472E+09  0.25092E+09  0.25647E+09  0.26144E+09  0.26590E+09  0.26992E+09  0.27354E+09  0.27682E+09  0.27978E+09  0.28246E+09  0.28489E+09  0.28711E+09  0.28914E+09  0.29100E+09  0.29272E+09  0.29430E+09
H2O2  
  0.10000E+01  0.99989E+00  0.99977E+00  0.99966E+00  0.99954E+00  0.99943E+00  0.99933E+00  0.99923E+00  0.99914E+00  0.99905E+00  0.99898E+00  0.99891E+00  0.99885E+00  0.99880E+00  0.99876E+00  0.99872E+00  0.99868E+00  0.99866E+00  0.99863E+00  0.99862E+00  0.99860E+00  0.99859E+00  0.99859E+00  0.99858E+00  0.99858E+00  0.99859E+00  0.99859E+00  0.99860E+00  0.99861E+00  0.99862E+00  0.99863E+00
HCHO  
  0.50000E+00  0.49969E+00  0.49976E+00  0.50030E+00  0.50131E+00  0.50277E+00  0.50461E+00  0.50680E+00  0.50930E+00  0.51204E+00  0.51499E+00  0.51812E+00  0.52139E+00  0.52479E+00  0.52828E+00  0.53185E+00  0.53549E+00  0.53917E+00  0.54290E+00  0.54666E+00  0.55045E+00  0.55425E+00  0.55807E+00  0.56189E+00  0.56572E+00  0.56956E+00  0.57339E+00  0.57721E+00  0.58103E+00  0.58485E+00  0.58865E+00
CO    
  0.10000E+03  0.10000E+03  0.10000E+03  0.10000E+03  0.99999E+02  0.99999E+02  0.99999E+02  0.99998E+02  0.99997E+02  0.99997E+02  0.99996E+02  0.99995E+02  0.99994E+02  0.99994E+02  0.99993E+02  0.99992E+02  0.99991E+02  0.99990E+02  0.99989E+02  0.99988E+02  0.99987E+02  0.99986E+02  0.99985E+02  0.99984E+02  0.99983E+02  0.99983E+02  0.99982E+02  0.99981E+02  0.99980E+02  0.99979E+02  0.99978E+02
CH3OOH
  0.00000E+00  0.24624E+04  0.18233E+05  0.55291E+05  0.11735E+06  0.20599E+06  0.32158E+06  0.46464E+06  0.63476E+06  0.83124E+06  0.10531E+07  0.13000E+07  0.15703E+07  0.18633E+07  0.21773E+07  0.25112E+07  0.28639E+07  0.32343E+07  0.36214E+07  0.40242E+07  0.44418E+07  0.48735E+07  0.53184E+07  0.57765E+07  0.62469E+07  0.67292E+07  0.72228E+07  0.77272E+07  0.82418E+07  0.87663E+07  0.93003E+07
ETHOOH
  0.00000E+00  0.12541E-03  0.59585E-02  0.57243E-01  0.28391E+00  0.98034E+00  0.26801E+01  0.62578E+01  0.12877E+02  0.23988E+02  0.41200E+02  0.66647E+02  0.10214E+03  0.14988E+03  0.21175E+03  0.28969E+03  0.38559E+03  0.50124E+03  0.63829E+03  0.79828E+03  0.98263E+03  0.11926E+04  0.14294E+04  0.16953E+04  0.19914E+04  0.23187E+04  0.26781E+04  0.30703E+04  0.34957E+04  0.39550E+04  0.44485E+04
ALD2  
  0.00000E+00  0.45626E+06  0.95479E+06  0.14982E+07  0.20769E+07  0.26818E+07  0.33085E+07  0.39587E+07  0.46374E+07  0.53517E+07  0.61094E+07  0.69203E+07  0.77908E+07  0.87288E+07  0.97392E+07  0.10827E+08  0.11996E+08  0.13250E+08  0.14592E+08  0.16024E+08  0.17547E+08  0.19164E+08  0.20875E+08  0.22685E+08  0.24595E+08  0.26606E+08  0.28718E+08  0.30930E+08  0.33244E+08  0.35657E+08  0.38169E+08
CH3O2 
  0.00000E+00  0.46734E+07  0.83189E+07  0.10847E+08  0.12637E+08  0.14022E+08  0.15207E+08  0.16288E+08  0.17305E+08  0.18270E+08  0.19186E+08  0.20052E+08  0.20870E+08  0.21643E+08  0.22372E+08  0.23060E+08  0.23712E+08  0.24330E+08  0.24917E+08  0.25477E+08  0.26012E+08  0.26524E+08  0.27016E+08  0.27490E+08  0.27947E+08  0.28389E+08  0.28819E+08  0.29237E+08  0.29645E+08  0.30045E+08  0.30437E+08
AONE  
  0.00000E+00  0.39150E+02  0.56702E+03  0.31946E+04  0.11402E+05  0.30970E+05  0.69825E+05  0.13819E+06  0.24665E+06  0.40568E+06  0.62470E+06  0.91517E+06  0.12840E+07  0.17395E+07  0.22871E+07  0.29319E+07  0.36784E+07  0.45304E+07  0.54910E+07  0.65628E+07  0.77478E+07  0.90477E+07  0.10464E+08  0.12002E+08  0.13664E+08  0.15450E+08  0.17361E+08  0.19397E+08  0.21557E+08  0.23841E+08  0.26249E+08
C2O3  
  0.00000E+00  0.19364E+06  0.19907E+06  0.19769E+06  0.20204E+06  0.21287E+06  0.23024E+06  0.25400E+06  0.28365E+06  0.31862E+06  0.35824E+06  0.40202E+06  0.44927E+06  0.49955E+06  0.55238E+06  0.60740E+06  0.66431E+06  0.72283E+06  0.78274E+06  0.84386E+06  0.90603E+06  0.96912E+06  0.10330E+07  0.10977E+07  0.11630E+07  0.12289E+07  0.12952E+07  0.13621E+07  0.14293E+07  0.14970E+07  0.15650E+07
MGLY  
  0.00000E+00  0.14134E+03  0.12015E+04  0.48334E+04  0.13766E+05  0.31943E+05  0.64344E+05  0.11714E+06  0.19643E+06  0.30813E+06  0.45740E+06  0.65062E+06  0.89135E+06  0.11841E+07  0.15314E+07  0.19361E+07  0.24002E+07  0.29256E+07  0.35137E+07  0.41657E+07  0.48823E+07  0.56643E+07  0.65121E+07  0.74287E+07  0.84146E+07  0.94698E+07  0.10594E+08  0.11788E+08  0.13050E+08  0.14381E+08  0.15779E+08
OPEN  
  0.00000E+00  0.00000E+00  0.00000E+00  0.00000E+00  0.00000E+00  0.00000E+00  0.00000E+00  0.00000E+00  0.00000E+00  0.00000E+00  0.00000E+00  0.00000E+00  0.00000E+00  0.00000E+00  0.00000E+00  0.00000E+00  0.00000E+00  0.00000E+00  0.00000E+00  0.00000E+00  0.00000E+00  0.00000E+00  0.00000E+00  0.00000E+00  0.00000E+00  0.00000E+00  0.00000E+00  0.00000E+00  0.00000E+00  0.00000E+00  0.00000E+00
ROOH  
  0.00000E+00  0.74315E+05  0.58282E+06  0.18844E+07  0.42521E+07  0.78759E+07  0.12855E+08  0.19246E+08  0.27024E+08  0.36128E+08  0.46473E+08  0.58005E+08  0.70609E+08  0.84202E+08  0.98684E+08  0.11397E+09  0.12997E+09  0.14662E+09  0.16385E+09  0.18159E+09  0.19979E+09  0.21839E+09  0.23736E+09  0.25665E+09  0.27622E+09  0.29605E+09  0.31609E+09  0.33632E+09  0.35671E+09  0.37724E+09  0.39788E+09
XO2   
  0.00000E+00  0.51167E+07  0.98114E+07  0.13858E+08  0.17314E+08  0.20276E+08  0.22836E+08  0.25063E+08  0.27013E+08  0.28733E+08  0.30256E+08  0.31605E+08  0.32806E+08  0.33876E+08  0.34833E+08  0.35691E+08  0.36461E+08  0.37153E+08  0.37777E+08  0.38342E+08  0.38853E+08  0.39317E+08  0.39740E+08  0.40125E+08  0.40477E+08  0.40800E+08  0.41096E+08  0.41370E+08  0.41624E+08  0.41860E+08  0.42081E+08
ETHP  
  0.00000E+00  0.29856E+00  0.36702E+01  0.15943E+02  0.45285E+02  0.10190E+03  0.19690E+03  0.34205E+03  0.54645E+03  0.81659E+03  0.11560E+04  0.15689E+04  0.20537E+04  0.26099E+04  0.32341E+04  0.39232E+04  0.46735E+04  0.54813E+04  0.63427E+04  0.72538E+04  0.82108E+04  0.92104E+04  0.10249E+05  0.11325E+05  0.12435E+05  0.13577E+05  0.14747E+05  0.15943E+05  0.17163E+05  0.18405E+05  0.19668E+05
PAR   
  0.00000E+00  0.78342E+06  0.40015E+07  0.10261E+08  0.19647E+08  0.32002E+08  0.47028E+08  0.64429E+08  0.83851E+08  0.10497E+09  0.12748E+09  0.15119E+09  0.17585E+09  0.20130E+09  0.22737E+09  0.25396E+09  0.28094E+09  0.30825E+09  0.33579E+09  0.36352E+09  0.39138E+09  0.41933E+09  0.44733E+09  0.47535E+09  0.50337E+09  0.53134E+09  0.55927E+09  0.58712E+09  0.61488E+09  0.64255E+09  0.67010E+09
ONIT  
  0.00000E+00  0.39171E+06  0.20008E+07  0.51306E+07  0.98238E+07  0.16002E+08  0.23517E+08  0.32222E+08  0.41940E+08  0.52509E+08  0.63784E+08  0.75659E+08  0.88019E+08  0.10078E+09  0.11387E+09  0.12721E+09  0.14078E+09  0.15451E+09  0.16837E+09  0.18234E+09  0.19638E+09  0.21049E+09  0.22463E+09  0.23880E+09  0.25298E+09  0.26715E+09  0.28132E+09  0.29546E+09  0.30958E+09  0.32366E+09  0.33771E+09
ISOPRD
  0.00000E+00  0.22845E-03  0.92801E-03  0.22207E-02  0.41288E-02  0.66256E-02  0.96551E-02  0.13160E-01  0.17069E-01  0.21317E-01  0.25844E-01  0.30606E-01  0.35555E-01  0.40657E-01  0.45880E-01  0.51197E-01  0.56588E-01  0.62034E-01  0.67521E-01  0.73035E-01  0.78567E-01  0.84107E-01  0.89648E-01  0.95182E-01  0.10070E+00  0.10621E+00  0.11169E+00  0.11715E+00  0.12258E+00  0.12798E+00  0.13335E+00
SO2   
  0.00000E+00  0.00000E+00  0.00000E+00  0.00000E+00  0.00000E+00  0.00000E+00  0.00000E+00  0.00000E+00  0.00000E+00  0.00000E+00  0.00000E+00  0.00000E+00  0.00000E+00  0.00000E+00  0.00000E+00  0.00000E+00  0.00000E+00  0.00000E+00  0.00000E+00  0.00000E+00  0.00000E+00  0.00000E+00  0.00000E+00  0.00000E+00  0.00000E+00  0.00000E+00  0.00000E+00  0.00000E+00  0.00000E+00  0.00000E+00  0.00000E+00
H2SO4 
  0.00000E+00  0.00000E+00  0.00000E+00  0.00000E+00  0.00000E+00  0.00000E+00  0.00000E+00  0.00000E+00  0.00000E+00  0.00000E+00  0.00000E+00  0.00000E+00  0.00000E+00  0.00000E+00  0.00000E+00  0.00000E+00  0.00000E+00  0.00000E+00  0.00000E+00  0.00000E+00  0.00000E+00  0.00000E+00  0.00000E+00  0.00000E+00  0.00000E+00  0.00000E+00  0.00000E+00  0.00000E+00  0.00000E+00  0.00000E+00  0.00000E+00
CH4   
  0.17000E+04  0.17000E+04  0.17000E+04  0.17000E+04  0.17000E+04  0.17000E+04  0.17000E+04  0.17000E+04  0.17000E+04  0.17000E+04  0.17000E+04  0.17000E+04  0.17000E+04  0.17000E+04  0.17000E+04  0.17000E+04  0.17000E+04  0.17000E+04  0.17000E+04  0.17000E+04  0.17000E+04  0.17000E+04  0.17000E+04  0.17000E+04  0.17000E+04  0.17000E+04  0.17000E+04  0.17000E+04  0.17000E+04  0.17000E+04  0.17000E+04
C2H6  
  0.00000E+00  0.00000E+00  0.11034E-03  0.13194E-02  0.69161E-02  0.24187E-01  0.65999E-01  0.15297E+00  0.31254E+00  0.57849E+00  0.98855E+00  0.15911E+01  0.24285E+01  0.35510E+01  0.50017E+01  0.68252E+01  0.90639E+01  0.11758E+02  0.14943E+02  0.18655E+02  0.22923E+02  0.27776E+02  0.33237E+02  0.39353E+02  0.46148E+02  0.53642E+02  0.61852E+02  0.70790E+02  0.80467E+02  0.90889E+02  0.10206E+03
RO2   
  0.00000E+00  0.69514E+01  0.92208E+02  0.42244E+03  0.12431E+04  0.28504E+04  0.55410E+04  0.95979E+04  0.15210E+05  0.22494E+05  0.31490E+05  0.42255E+05  0.54714E+05  0.68826E+05  0.84488E+05  0.10161E+06  0.12010E+06  0.13986E+06  0.16080E+06  0.18282E+06  0.20585E+06  0.22980E+06  0.25461E+06  0.28023E+06  0.30659E+06  0.33365E+06  0.36132E+06  0.38958E+06  0.41837E+06  0.44766E+06  0.47741E+06
CH3OH 
  0.00000E+00  0.00000E+00  0.19947E+04  0.76074E+04  0.17318E+05  0.31142E+05  0.48979E+05  0.70769E+05  0.96418E+05  0.12581E+06  0.15882E+06  0.19534E+06  0.23518E+06  0.27817E+06  0.32414E+06  0.37289E+06  0.42427E+06  0.47810E+06  0.53425E+06  0.59256E+06  0.65290E+06  0.71515E+06  0.77919E+06  0.84497E+06  0.91239E+06  0.98135E+06  0.10518E+07  0.11236E+07  0.11967E+07  0.12711E+07  0.13468E+07
ANO2  
  0.00000E+00  0.44100E-04  0.12383E-02  0.10683E-01  0.52987E-01  0.18847E+00  0.53301E+00  0.12823E+01  0.26989E+01  0.51074E+01  0.88606E+01  0.14414E+02  0.22138E+02  0.32475E+02  0.45777E+02  0.62409E+02  0.82709E+02  0.10699E+03  0.13552E+03  0.16857E+03  0.20636E+03  0.24909E+03  0.29694E+03  0.35032E+03  0.40938E+03  0.47429E+03  0.54515E+03  0.62209E+03  0.70518E+03  0.79450E+03  0.89013E+03
C2H4  
  0.00000E+00  0.00000E+00  0.00000E+00  0.00000E+00  0.00000E+00  0.00000E+00  0.00000E+00  0.00000E+00  0.00000E+00  0.00000E+00  0.00000E+00  0.00000E+00  0.00000E+00  0.00000E+00  0.00000E+00  0.00000E+00  0.00000E+00  0.00000E+00  0.00000E+00  0.00000E+00  0.00000E+00  0.00000E+00  0.00000E+00  0.00000E+00  0.00000E+00  0.00000E+00  0.00000E+00  0.00000E+00  0.00000E+00  0.00000E+00  0.00000E+00
HCOOH 
  0.00000E+00  0.00000E+00  0.00000E+00  0.00000E+00  0.00000E+00  0.00000E+00  0.00000E+00  0.00000E+00  0.00000E+00  0.00000E+00  0.00000E+00  0.00000E+00  0.00000E+00  0.00000E+00  0.00000E+00  0.00000E+00  0.00000E+00  0.00000E+00  0.00000E+00  0.00000E+00  0.00000E+00  0.00000E+00  0.00000E+00  0.00000E+00  0.00000E+00  0.00000E+00  0.00000E+00  0.00000E+00  0.00000E+00  0.00000E+00  0.00000E+00
OLET  
  0.00000E+00  0.00000E+00  0.00000E+00  0.00000E+00  0.00000E+00  0.00000E+00  0.00000E+00  0.00000E+00  0.00000E+00  0.00000E+00  0.00000E+00  0.00000E+00  0.00000E+00  0.00000E+00  0.00000E+00  0.00000E+00  0.00000E+00  0.00000E+00  0.00000E+00  0.00000E+00  0.00000E+00  0.00000E+00  0.00000E+00  0.00000E+00  0.00000E+00  0.00000E+00  0.00000E+00  0.00000E+00  0.00000E+00  0.00000E+00  0.00000E+00
RCOOH 
  0.00000E+00  0.11584E+07  0.23160E+07  0.34724E+07  0.46271E+07  0.57799E+07  0.69307E+07  0.80792E+07  0.92252E+07  0.10369E+08  0.11510E+08  0.12648E+08  0.13784E+08  0.14918E+08  0.16048E+08  0.17177E+08  0.18303E+08  0.19426E+08  0.20547E+08  0.21666E+08  0.22782E+08  0.23895E+08  0.25007E+08  0.26116E+08  0.27222E+08  0.28326E+08  0.29428E+08  0.30527E+08  0.31624E+08  0.32718E+08  0.33810E+08
OLEI  
  0.00000E+00  0.00000E+00  0.00000E+00  0.00000E+00  0.00000E+00  0.00000E+00  0.00000E+00  0.00000E+00  0.00000E+00  0.00000E+00  0.00000E+00  0.00000E+00  0.00000E+00  0.00000E+00  0.00000E+00  0.00000E+00  0.00000E+00  0.00000E+00  0.00000E+00  0.00000E+00  0.00000E+00  0.00000E+00  0.00000E+00  0.00000E+00  0.00000E+00  0.00000E+00  0.00000E+00  0.00000E+00  0.00000E+00  0.00000E+00  0.00000E+00
NAP   
  0.00000E+00  0.67738E+01  0.73999E+02  0.30009E+03  0.80470E+03  0.17086E+04  0.31102E+04  0.50847E+04  0.76590E+04  0.10830E+05  0.14571E+05  0.18862E+05  0.23646E+05  0.28884E+05  0.34524E+05  0.40523E+05  0.46841E+05  0.53440E+05  0.60290E+05  0.67359E+05  0.74624E+05  0.82061E+05  0.89650E+05  0.97381E+05  0.10523E+06  0.11320E+06  0.12126E+06  0.12940E+06  0.13763E+06  0.14592E+06  0.15429E+06
TOL   
  0.00000E+00  0.00000E+00  0.00000E+00  0.00000E+00  0.00000E+00  0.00000E+00  0.00000E+00  0.00000E+00  0.00000E+00  0.00000E+00  0.00000E+00  0.00000E+00  0.00000E+00  0.00000E+00  0.00000E+00  0.00000E+00  0.00000E+00  0.00000E+00  0.00000E+00  0.00000E+00  0.00000E+00  0.00000E+00  0.00000E+00  0.00000E+00  0.00000E+00  0.00000E+00  0.00000E+00  0.00000E+00  0.00000E+00  0.00000E+00  0.00000E+00
CRES  
  0.00000E+00  0.00000E+00  0.00000E+00  0.00000E+00  0.00000E+00  0.00000E+00  0.00000E+00  0.00000E+00  0.00000E+00  0.00000E+00  0.00000E+00  0.00000E+00  0.00000E+00  0.00000E+00  0.00000E+00  0.00000E+00  0.00000E+00  0.00000E+00  0.00000E+00  0.00000E+00  0.00000E+00  0.00000E+00  0.00000E+00  0.00000E+00  0.00000E+00  0.00000E+00  0.00000E+00  0.00000E+00  0.00000E+00  0.00000E+00  0.00000E+00
TO2   
  0.00000E+00  0.00000E+00  0.00000E+00  0.00000E+00  0.00000E+00  0.00000E+00  0.00000E+00  0.00000E+00  0.00000E+00  0.00000E+00  0.00000E+00  0.00000E+00  0.00000E+00  0.00000E+00  0.00000E+00  0.00000E+00  0.00000E+00  0.00000E+00  0.00000E+00  0.00000E+00  0.00000E+00  0.00000E+00  0.00000E+00  0.00000E+00  0.00000E+00  0.00000E+00  0.00000E+00  0.00000E+00  0.00000E+00  0.00000E+00  0.00000E+00
XYL   
  0.00000E+00  0.00000E+00  0.00000E+00  0.00000E+00  0.00000E+00  0.00000E+00  0.00000E+00  0.00000E+00  0.00000E+00  0.00000E+00  0.00000E+00  0.00000E+00  0.00000E+00  0.00000E+00  0.00000E+00  0.00000E+00  0.00000E+00  0.00000E+00  0.00000E+00  0.00000E+00  0.00000E+00  0.00000E+00  0.00000E+00  0.00000E+00  0.00000E+00  0.00000E+00  0.00000E+00  0.00000E+00  0.00000E+00  0.00000E+00  0.00000E+00
CRO   
  0.00000E+00  0.00000E+00  0.00000E+00  0.00000E+00  0.00000E+00  0.00000E+00  0.00000E+00  0.00000E+00  0.00000E+00  0.00000E+00  0.00000E+00  0.00000E+00  0.00000E+00  0.00000E+00  0.00000E+00  0.00000E+00  0.00000E+00  0.00000E+00  0.00000E+00  0.00000E+00  0.00000E+00  0.00000E+00  0.00000E+00  0.00000E+00  0.00000E+00  0.00000E+00  0.00000E+00  0.00000E+00  0.00000E+00  0.00000E+00  0.00000E+00
ISOP  
  0.10000E+01  0.99745E+00  0.99451E+00  0.99114E+00  0.98728E+00  0.98294E+00  0.97812E+00  0.97288E+00  0.96726E+00  0.96133E+00  0.95514E+00  0.94872E+00  0.94212E+00  0.93537E+00  0.92850E+00  0.92154E+00  0.91450E+00  0.90740E+00  0.90026E+00  0.89308E+00  0.88588E+00  0.87866E+00  0.87143E+00  0.86420E+00  0.85697E+00  0.84974E+00  0.84253E+00  0.83534E+00  0.82816E+00  0.82099E+00  0.81386E+00
ISOPP 
  0.00000E+00  0.57071E+08  0.11041E+09  0.15733E+09  0.19828E+09  0.23405E+09  0.26536E+09  0.29275E+09  0.31672E+09  0.33769E+09  0.35604E+09  0.37199E+09  0.38589E+09  0.39794E+09  0.40839E+09  0.41742E+09  0.42520E+09  0.43188E+09  0.43760E+09  0.44245E+09  0.44656E+09  0.44999E+09  0.45284E+09  0.45515E+09  0.45699E+09  0.45842E+09  0.45948E+09  0.46022E+09  0.46067E+09  0.46088E+09  0.46086E+09
ISOPN 
  0.00000E+00  0.21288E+06  0.42083E+06  0.53819E+06  0.58914E+06  0.59859E+06  0.58559E+06  0.56253E+06  0.53696E+06  0.51274E+06  0.49148E+06  0.47373E+06  0.45925E+06  0.44766E+06  0.43842E+06  0.43107E+06  0.42518E+06  0.42041E+06  0.41647E+06  0.41314E+06  0.41025E+06  0.40767E+06  0.40529E+06  0.40304E+06  0.40087E+06  0.39872E+06  0.39659E+06  0.39443E+06  0.39225E+06  0.39004E+06  0.38778E+06
ISOPO2
  0.00000E+00  0.80072E+03  0.62797E+04  0.22862E+05  0.58404E+05  0.12088E+06  0.21679E+06  0.35112E+06  0.52561E+06  0.73997E+06  0.99234E+06  0.12812E+07  0.16028E+07  0.19542E+07  0.23319E+07  0.27328E+07  0.31543E+07  0.35937E+07  0.40487E+07  0.45174E+07  0.49979E+07  0.54886E+07  0.59883E+07  0.64960E+07  0.70106E+07  0.75309E+07  0.80561E+07  0.85855E+07  0.91186E+07  0.96547E+07  0.10194E+08
PAN   
  0.00000E+00  0.12160E-04  0.28375E-04  0.43693E-04  0.58484E-04  0.73363E-04  0.88904E-04  0.10566E-03  0.12412E-03  0.14468E-03  0.16770E-03  0.19358E-03  0.22254E-03  0.25484E-03  0.29063E-03  0.33009E-03  0.37334E-03  0.42050E-03  0.47164E-03  0.52684E-03  0.58617E-03  0.64965E-03  0.71734E-03  0.78941E-03  0.86592E-03  0.94687E-03  0.10323E-02  0.11221E-02  0.12164E-02  0.13152E-02  0.14183E-02
