NO    
  0.10000E+01  0.13485E+01  0.15299E+01  0.16217E+01  0.16676E+01  0.16883E+01  0.16956E+01  0.16958E+01  0.16927E+01  0.16877E+01  0.16820E+01  0.16758E+01  0.16696E+01  0.16635E+01  0.16575E+01  0.16516E+01  0.16460E+01  0.16405E+01  0.16352E+01  0.16301E+01  0.16252E+01  0.16204E+01  0.16158E+01  0.16113E+01  0.16070E+01  0.16027E+01  0.15986E+01  0.15946E+01  0.15907E+01  0.15869E+01  0.15832E+01
NO2   
  0.10000E+02  0.96432E+01  0.94503E+01  0.93457E+01  0.92867E+01  0.92530E+01  0.92328E+01  0.92200E+01  0.92105E+01  0.92031E+01  0.91965E+01  0.91904E+01  0.91845E+01  0.91786E+01  0.91727E+01  0.91666E+01  0.91604E+01  0.91541E+01  0.91477E+01  0.91411E+01  0.91345E+01  0.91277E+01  0.91208E+01  0.91138E+01  0.91067E+01  0.90996E+01  0.90923E+01  0.90850E+01  0.90776E+01  0.90701E+01  0.90625E+01
O3    
  0.12000E+03  0.12035E+03  0.12054E+03  0.12065E+03  0.12072E+03  0.12078E+03  0.12082E+03  0.12086E+03  0.12090E+03  0.12094E+03  0.12098E+03  0.12103E+03  0.12107E+03  0.12112E+03  0.12117E+03  0.12123E+03  0.12128E+03  0.12134E+03  0.12140E+03  0.12146E+03  0.12152E+03  0.12158E+03  0.12165E+03  0.12171E+03  0.12178E+03  0.12184E+03  0.12191E+03  0.12198E+03  0.12205E+03  0.12212E+03  0.12219E+03
O3P   
  0.00000E+00  0.44979E+05  0.44437E+05  0.44144E+05  0.43980E+05  0.43888E+05  0.43835E+05  0.43803E+05  0.43781E+05  0.43765E+05  0.43751E+05  0.43740E+05  0.43729E+05  0.43719E+05  0.43708E+05  0.43698E+05  0.43687E+05  0.43677E+05  0.43666E+05  0.43655E+05  0.43644E+05  0.43633E+05  0.43621E+05  0.43610E+05  0.43598E+05  0.43587E+05  0.43575E+05  0.43563E+05  0.43550E+05  0.43538E+05  0.43526E+05
O1D   
  0.00000E+00  0.15485E+00  0.15510E+00  0.15525E+00  0.15534E+00  0.15541E+00  0.15547E+00  0.15552E+00  0.15557E+00  0.15562E+00  0.15568E+00  0.15573E+00  0.15579E+00  0.15586E+00  0.15592E+00  0.15599E+00  0.15606E+00  0.15613E+00  0.15621E+00  0.15629E+00  0.15637E+00  0.15645E+00  0.15653E+00  0.15661E+00  0.15670E+00  0.15678E+00  0.15687E+00  0.15696E+00  0.15705E+00  0.15714E+00  0.15723E+00
NO3   
  0.00000E+00  0.12789E+08  0.11949E+08  0.11609E+08  0.11502E+08  0.11505E+08  0.11560E+08  0.11636E+08  0.11719E+08  0.11801E+08  0.11881E+08  0.11956E+08  0.12026E+08  0.12091E+08  0.12152E+08  0.12209E+08  0.12262E+08  0.12311E+08  0.12358E+08  0.12402E+08  0.12444E+08  0.12484E+08  0.12522E+08  0.12558E+08  0.12593E+08  0.12627E+08  0.12659E+08  0.12691E+08  0.12721E+08  0.12751E+08  0.12780E+08
HONO  
  0.00000E+00  0.93898E-04  0.24832E-03  0.45080E-03  0.68593E-03  0.94511E-03  0.12223E-02  0.15145E-02  0.18169E-02  0.21290E-02  0.24482E-02  0.27738E-02  0.31046E-02  0.34397E-02  0.37782E-02  0.41192E-02  0.44621E-02  0.48063E-02  0.51512E-02  0.54964E-02  0.58414E-02  0.61858E-02  0.65293E-02  0.68715E-02  0.72121E-02  0.75509E-02  0.78876E-02  0.82220E-02  0.85538E-02  0.88831E-02  0.92095E-02
HNO3  
  0.00000E+00  0.10904E-02  0.25586E-02  0.43258E-02  0.63117E-02  0.84816E-02  0.10813E-01  0.13300E-01  0.15909E-01  0.18650E-01  0.21499E-01  0.24456E-01  0.27514E-01  0.30670E-01  0.33914E-01  0.37238E-01  0.40642E-01  0.44120E-01  0.47666E-01  0.51277E-01  0.54949E-01  0.58678E-01  0.62462E-01  0.66297E-01  0.70181E-01  0.74111E-01  0.78084E-01  0.82100E-01  0.86156E-01  0.90248E-01  0.94376E-01
HNO4  
  0.00000E+00  0.22335E-02  0.77331E-02  0.14276E-01  0.20868E-01  0.27200E-01  0.33193E-01  0.38820E-01  0.44156E-01  0.49169E-01  0.53915E-01  0.58389E-01  0.62611E-01  0.66578E-01  0.70319E-01  0.73849E-01  0.77169E-01  0.80293E-01  0.83235E-01  0.86004E-01  0.88608E-01  0.91058E-01  0.93362E-01  0.95527E-01  0.97563E-01  0.99478E-01  0.10127E+00  0.10296E+00  0.10454E+00  0.10603E+00  0.10742E+00
N2O5  
  0.00000E+00  0.12836E-02  0.22628E-02  0.29919E-02  0.35648E-02  0.40256E-02  0.44037E-02  0.47145E-02  0.49803E-02  0.52034E-02  0.53956E-02  0.55602E-02  0.57021E-02  0.58237E-02  0.59294E-02  0.60218E-02  0.61023E-02  0.61728E-02  0.62348E-02  0.62896E-02  0.63382E-02  0.63814E-02  0.64199E-02  0.64544E-02  0.64855E-02  0.65135E-02  0.65388E-02  0.65618E-02  0.65828E-02  0.66019E-02  0.66196E-02
OH    
  0.00000E+00  0.13116E+07  0.16828E+07  0.19578E+07  0.21733E+07  0.23546E+07  0.25149E+07  0.26599E+07  0.27948E+07  0.29198E+07  0.30374E+07  0.31478E+07  0.32518E+07  0.33496E+07  0.34421E+07  0.35297E+07  0.36125E+07  0.36910E+07  0.37654E+07  0.38361E+07  0.39033E+07  0.39672E+07  0.40280E+07  0.40860E+07  0.41412E+07  0.41940E+07  0.42444E+07  0.42926E+07  0.43386E+07  0.43828E+07  0.44252E+07
HO2   
  0.00000E+00  0.39679E+08  0.69680E+08  0.89867E+08  0.10569E+09  0.11947E+09  0.13210E+09  0.14387E+09  0.15501E+09  0.16548E+09  0.17540E+09  0.18475E+09  0.19358E+09  0.20188E+09  0.20971E+09  0.21710E+09  0.22407E+09  0.23063E+09  0.23681E+09  0.24265E+09  0.24815E+09  0.25334E+09  0.25823E+09  0.26284E+09  0.26719E+09  0.27130E+09  0.27517E+09  0.27882E+09  0.28226E+09  0.28550E+09  0.28857E+09
H2O2  
  0.10000E+01  0.99991E+00  0.99982E+00  0.99973E+00  0.99964E+00  0.99956E+00  0.99949E+00  0.99942E+00  0.99936E+00  0.99931E+00  0.99926E+00  0.99922E+00  0.99918E+00  0.99915E+00  0.99913E+00  0.99912E+00  0.99911E+00  0.99911E+00  0.99912E+00  0.99913E+00  0.99915E+00  0.99917E+00  0.99920E+00  0.99924E+00  0.99928E+00  0.99932E+00  0.99937E+00  0.99942E+00  0.99948E+00  0.99954E+00  0.99961E+00
HCHO  
  0.50000E+00  0.50486E+00  0.51480E+00  0.52785E+00  0.54274E+00  0.55901E+00  0.57638E+00  0.59479E+00  0.61398E+00  0.63400E+00  0.65470E+00  0.67605E+00  0.69800E+00  0.72054E+00  0.74356E+00  0.76704E+00  0.79094E+00  0.81524E+00  0.83987E+00  0.86483E+00  0.89007E+00  0.91557E+00  0.94131E+00  0.96726E+00  0.99340E+00  0.10197E+01  0.10462E+01  0.10728E+01  0.10995E+01  0.11263E+01  0.11532E+01
CO    
  0.10000E+03  0.10000E+03  0.10000E+03  0.10000E+03  0.10000E+03  0.10000E+03  0.10000E+03  0.10000E+03  0.10000E+03  0.10000E+03  0.10000E+03  0.10000E+03  0.10000E+03  0.10000E+03  0.10000E+03  0.10000E+03  0.10001E+03  0.10001E+03  0.10001E+03  0.10001E+03  0.10001E+03  0.10001E+03  0.10001E+03  0.10001E+03  0.10001E+03  0.10001E+03  0.10001E+03  0.10001E+03  0.10001E+03  0.10001E+03  0.10002E+03
CH3OOH
  0.00000E+00  0.21632E+04  0.10724E+05  0.24109E+05  0.41172E+05  0.61712E+05  0.85694E+05  0.11347E+06  0.14445E+06  0.17925E+06  0.21746E+06  0.25935E+06  0.30483E+06  0.35418E+06  0.40714E+06  0.46364E+06  0.52385E+06  0.58769E+06  0.65509E+06  0.72603E+06  0.80049E+06  0.87844E+06  0.95985E+06  0.10447E+07  0.11329E+07  0.12245E+07  0.13194E+07  0.14177E+07  0.15192E+07  0.16241E+07  0.17320E+07
ETHOOH
  0.00000E+00  0.52346E-02  0.12100E+00  0.63436E+00  0.18631E+01  0.41825E+01  0.79871E+01  0.13946E+02  0.22099E+02  0.33391E+02  0.47989E+02  0.66684E+02  0.89924E+02  0.11870E+03  0.15328E+03  0.19412E+03  0.24212E+03  0.29780E+03  0.36158E+03  0.43405E+03  0.51576E+03  0.60719E+03  0.70883E+03  0.82120E+03  0.94470E+03  0.10796E+04  0.12267E+04  0.13864E+04  0.15589E+04  0.17446E+04  0.19437E+04
ALD2  
  0.00000E+00  0.20389E+08  0.48885E+08  0.78293E+08  0.10722E+09  0.13580E+09  0.16431E+09  0.19290E+09  0.22162E+09  0.25056E+09  0.27970E+09  0.30908E+09  0.33870E+09  0.36860E+09  0.39876E+09  0.42918E+09  0.45990E+09  0.49090E+09  0.52220E+09  0.55379E+09  0.58569E+09  0.61790E+09  0.65043E+09  0.68328E+09  0.71645E+09  0.74994E+09  0.78377E+09  0.81794E+09  0.85245E+09  0.88731E+09  0.92250E+09
CH3O2 
  0.00000E+00  0.23151E+07  0.26780E+07  0.28248E+07  0.29556E+07  0.30854E+07  0.32165E+07  0.33486E+07  0.34808E+07  0.36129E+07  0.37444E+07  0.38753E+07  0.40054E+07  0.41346E+07  0.42630E+07  0.43907E+07  0.45178E+07  0.46441E+07  0.47698E+07  0.48949E+07  0.50195E+07  0.51435E+07  0.52671E+07  0.53903E+07  0.55130E+07  0.56354E+07  0.57574E+07  0.58791E+07  0.60004E+07  0.61214E+07  0.62422E+07
AONE  
  0.00000E+00  0.37005E+04  0.38349E+05  0.15183E+06  0.38401E+06  0.77323E+06  0.13507E+07  0.21678E+07  0.32079E+07  0.45372E+07  0.61468E+07  0.80796E+07  0.10349E+08  0.13003E+08  0.16038E+08  0.19464E+08  0.23319E+08  0.27614E+08  0.32355E+08  0.37559E+08  0.43239E+08  0.49404E+08  0.56066E+08  0.63236E+08  0.70919E+08  0.79117E+08  0.87853E+08  0.97138E+08  0.10697E+09  0.11735E+09  0.12827E+09
C2O3  
  0.00000E+00  0.63050E+06  0.62589E+06  0.62811E+06  0.63435E+06  0.64334E+06  0.65444E+06  0.66737E+06  0.68171E+06  0.69756E+06  0.71471E+06  0.73314E+06  0.75274E+06  0.77353E+06  0.79537E+06  0.81821E+06  0.84206E+06  0.86681E+06  0.89241E+06  0.91883E+06  0.94602E+06  0.97393E+06  0.10025E+07  0.10318E+07  0.10616E+07  0.10921E+07  0.11230E+07  0.11545E+07  0.11865E+07  0.12189E+07  0.12517E+07
MGLY  
  0.00000E+00  0.13397E+05  0.89844E+05  0.28096E+06  0.62013E+06  0.11397E+07  0.18640E+07  0.28376E+07  0.40363E+07  0.55187E+07  0.72694E+07  0.93233E+07  0.11687E+08  0.14400E+08  0.17453E+08  0.20852E+08  0.24624E+08  0.28776E+08  0.33310E+08  0.38237E+08  0.43564E+08  0.49296E+08  0.55441E+08  0.62004E+08  0.68988E+08  0.76391E+08  0.84231E+08  0.92513E+08  0.10123E+09  0.11039E+09  0.11998E+09
OPEN  
  0.00000E+00  0.00000E+00  0.00000E+00  0.00000E+00  0.00000E+00  0.00000E+00  0.00000E+00  0.00000E+00  0.00000E+00  0.00000E+00  0.00000E+00  0.00000E+00  0.00000E+00  0.00000E+00  0.00000E+00  0.00000E+00  0.00000E+00  0.00000E+00  0.00000E+00  0.00000E+00  0.00000E+00  0.00000E+00  0.00000E+00  0.00000E+00  0.00000E+00  0.00000E+00  0.00000E+00  0.00000E+00  0.00000E+00  0.00000E+00  0.00000E+00
ROOH  
  0.00000E+00  0.36963E+06  0.22418E+07  0.56341E+07  0.10252E+08  0.16021E+08  0.22922E+08  0.31066E+08  0.40259E+08  0.50685E+08  0.62199E+08  0.74866E+08  0.88638E+08  0.10357E+09  0.11954E+09  0.13653E+09  0.15453E+09  0.17349E+09  0.19337E+09  0.21412E+09  0.23571E+09  0.25810E+09  0.28126E+09  0.30514E+09  0.32971E+09  0.35492E+09  0.38077E+09  0.40721E+09  0.43421E+09  0.46174E+09  0.48975E+09
XO2   
  0.00000E+00  0.23939E+08  0.31822E+08  0.34773E+08  0.36675E+08  0.38398E+08  0.40104E+08  0.41787E+08  0.43430E+08  0.45011E+08  0.46525E+08  0.47968E+08  0.49339E+08  0.50636E+08  0.51867E+08  0.53034E+08  0.54139E+08  0.55186E+08  0.56178E+08  0.57120E+08  0.58013E+08  0.58862E+08  0.59667E+08  0.60433E+08  0.61161E+08  0.61854E+08  0.62513E+08  0.63141E+08  0.63740E+08  0.64311E+08  0.64856E+08
ETHP  
  0.00000E+00  0.73080E+01  0.42433E+02  0.10519E+03  0.18883E+03  0.29087E+03  0.41060E+03  0.54969E+03  0.70484E+03  0.87957E+03  0.10714E+04  0.12816E+04  0.15093E+04  0.17555E+04  0.20184E+04  0.22975E+04  0.25931E+04  0.29046E+04  0.32310E+04  0.35721E+04  0.39273E+04  0.42960E+04  0.46779E+04  0.50723E+04  0.54787E+04  0.58966E+04  0.63258E+04  0.67658E+04  0.72159E+04  0.76757E+04  0.81447E+04
PAR   
  0.00000E+00  0.36156E+08  0.12457E+09  0.23699E+09  0.36174E+09  0.49558E+09  0.63711E+09  0.78612E+09  0.94089E+09  0.11018E+10  0.12678E+10  0.14388E+10  0.16142E+10  0.17940E+10  0.19776E+10  0.21645E+10  0.23546E+10  0.25477E+10  0.27433E+10  0.29413E+10  0.31415E+10  0.33437E+10  0.35476E+10  0.37531E+10  0.39600E+10  0.41682E+10  0.43775E+10  0.45879E+10  0.47991E+10  0.50111E+10  0.52238E+10
ONIT  
  0.00000E+00  0.18078E+08  0.62286E+08  0.11850E+09  0.18088E+09  0.24781E+09  0.31859E+09  0.39312E+09  0.47054E+09  0.55106E+09  0.63411E+09  0.71965E+09  0.80744E+09  0.89743E+09  0.98930E+09  0.10829E+10  0.11781E+10  0.12748E+10  0.13727E+10  0.14719E+10  0.15723E+10  0.16736E+10  0.17758E+10  0.18788E+10  0.19825E+10  0.20870E+10  0.21920E+10  0.22975E+10  0.24035E+10  0.25100E+10  0.26167E+10
ISOPRD
  0.00000E+00  0.67725E-02  0.20817E-01  0.39302E-01  0.60443E-01  0.83539E-01  0.10822E+00  0.13437E+00  0.16164E+00  0.19009E+00  0.21950E+00  0.24984E+00  0.28101E+00  0.31299E+00  0.34566E+00  0.37895E+00  0.41283E+00  0.44723E+00  0.48209E+00  0.51737E+00  0.55303E+00  0.58903E+00  0.62532E+00  0.66188E+00  0.69866E+00  0.73565E+00  0.77280E+00  0.81011E+00  0.84754E+00  0.88506E+00  0.92266E+00
SO2   
  0.00000E+00  0.00000E+00  0.00000E+00  0.00000E+00  0.00000E+00  0.00000E+00  0.00000E+00  0.00000E+00  0.00000E+00  0.00000E+00  0.00000E+00  0.00000E+00  0.00000E+00  0.00000E+00  0.00000E+00  0.00000E+00  0.00000E+00  0.00000E+00  0.00000E+00  0.00000E+00  0.00000E+00  0.00000E+00  0.00000E+00  0.00000E+00  0.00000E+00  0.00000E+00  0.00000E+00  0.00000E+00  0.00000E+00  0.00000E+00  0.00000E+00
H2SO4 
  0.00000E+00  0.00000E+00  0.00000E+00  0.00000E+00  0.00000E+00  0.00000E+00  0.00000E+00  0.00000E+00  0.00000E+00  0.00000E+00  0.00000E+00  0.00000E+00  0.00000E+00  0.00000E+00  0.00000E+00  0.00000E+00  0.00000E+00  0.00000E+00  0.00000E+00  0.00000E+00  0.00000E+00  0.00000E+00  0.00000E+00  0.00000E+00  0.00000E+00  0.00000E+00  0.00000E+00  0.00000E+00  0.00000E+00  0.00000E+00  0.00000E+00
CH4   
  0.17000E+04  0.17000E+04  0.17000E+04  0.17000E+04  0.17000E+04  0.17000E+04  0.17000E+04  0.17000E+04  0.17000E+04  0.17000E+04  0.17000E+04  0.17000E+04  0.17000E+04  0.17000E+04  0.17000E+04  0.17000E+04  0.17000E+04  0.17000E+04  0.17000E+04  0.17000E+04  0.17000E+04  0.17000E+04  0.17000E+04  0.17000E+04  0.17000E+04  0.17000E+04  0.17000E+04  0.17000E+04  0.17000E+04  0.17000E+04  0.17000E+04
C2H6  
  0.00000E+00  0.00000E+00  0.50215E-02  0.28132E-01  0.80878E-01  0.17524E+00  0.32347E+00  0.54543E+00  0.84398E+00  0.12465E+01  0.17591E+01  0.24049E+01  0.31979E+01  0.41661E+01  0.53181E+01  0.66680E+01  0.82409E+01  0.10052E+02  0.12115E+02  0.14445E+02  0.17060E+02  0.19972E+02  0.23196E+02  0.26746E+02  0.30635E+02  0.34870E+02  0.39473E+02  0.44457E+02  0.49826E+02  0.55592E+02  0.61758E+02
RO2   
  0.00000E+00  0.94376E+02  0.66843E+03  0.18059E+04  0.33941E+04  0.53900E+04  0.77849E+04  0.10618E+05  0.13815E+05  0.17465E+05  0.21507E+05  0.25976E+05  0.30850E+05  0.36151E+05  0.41842E+05  0.47909E+05  0.54365E+05  0.61190E+05  0.68365E+05  0.75883E+05  0.83733E+05  0.91902E+05  0.10038E+06  0.10915E+06  0.11821E+06  0.12753E+06  0.13713E+06  0.14698E+06  0.15707E+06  0.16739E+06  0.17793E+06
CH3OH 
  0.00000E+00  0.00000E+00  0.25067E+04  0.63825E+04  0.11043E+05  0.16342E+05  0.22254E+05  0.28812E+05  0.35981E+05  0.43819E+05  0.52295E+05  0.61438E+05  0.71240E+05  0.81726E+05  0.92873E+05  0.10467E+06  0.11714E+06  0.13026E+06  0.14404E+06  0.15845E+06  0.17351E+06  0.18921E+06  0.20553E+06  0.22248E+06  0.24004E+06  0.25821E+06  0.27699E+06  0.29639E+06  0.31637E+06  0.33695E+06  0.35811E+06
ANO2  
  0.00000E+00  0.17973E-02  0.35779E-01  0.20150E+00  0.63290E+00  0.14910E+01  0.29378E+01  0.52293E+01  0.83639E+01  0.12704E+02  0.18282E+02  0.25374E+02  0.34104E+02  0.44795E+02  0.57504E+02  0.72355E+02  0.89632E+02  0.10946E+03  0.13194E+03  0.15725E+03  0.18551E+03  0.21686E+03  0.25142E+03  0.28933E+03  0.33066E+03  0.37549E+03  0.42404E+03  0.47639E+03  0.53257E+03  0.59270E+03  0.65678E+03
C2H4  
  0.00000E+00  0.00000E+00  0.00000E+00  0.00000E+00  0.00000E+00  0.00000E+00  0.00000E+00  0.00000E+00  0.00000E+00  0.00000E+00  0.00000E+00  0.00000E+00  0.00000E+00  0.00000E+00  0.00000E+00  0.00000E+00  0.00000E+00  0.00000E+00  0.00000E+00  0.00000E+00  0.00000E+00  0.00000E+00  0.00000E+00  0.00000E+00  0.00000E+00  0.00000E+00  0.00000E+00  0.00000E+00  0.00000E+00  0.00000E+00  0.00000E+00
HCOOH 
  0.00000E+00  0.00000E+00  0.00000E+00  0.00000E+00  0.00000E+00  0.00000E+00  0.00000E+00  0.00000E+00  0.00000E+00  0.00000E+00  0.00000E+00  0.00000E+00  0.00000E+00  0.00000E+00  0.00000E+00  0.00000E+00  0.00000E+00  0.00000E+00  0.00000E+00  0.00000E+00  0.00000E+00  0.00000E+00  0.00000E+00  0.00000E+00  0.00000E+00  0.00000E+00  0.00000E+00  0.00000E+00  0.00000E+00  0.00000E+00  0.00000E+00
OLET  
  0.00000E+00  0.00000E+00  0.00000E+00  0.00000E+00  0.00000E+00  0.00000E+00  0.00000E+00  0.00000E+00  0.00000E+00  0.00000E+00  0.00000E+00  0.00000E+00  0.00000E+00  0.00000E+00  0.00000E+00  0.00000E+00  0.00000E+00  0.00000E+00  0.00000E+00  0.00000E+00  0.00000E+00  0.00000E+00  0.00000E+00  0.00000E+00  0.00000E+00  0.00000E+00  0.00000E+00  0.00000E+00  0.00000E+00  0.00000E+00  0.00000E+00
RCOOH 
  0.00000E+00  0.34794E+08  0.69627E+08  0.10447E+09  0.13930E+09  0.17410E+09  0.20888E+09  0.24362E+09  0.27833E+09  0.31300E+09  0.34764E+09  0.38223E+09  0.41679E+09  0.45130E+09  0.48577E+09  0.52019E+09  0.55458E+09  0.58892E+09  0.62322E+09  0.65747E+09  0.69168E+09  0.72584E+09  0.75996E+09  0.79403E+09  0.82806E+09  0.86204E+09  0.89597E+09  0.92986E+09  0.96370E+09  0.99749E+09  0.10312E+10
OLEI  
  0.00000E+00  0.00000E+00  0.00000E+00  0.00000E+00  0.00000E+00  0.00000E+00  0.00000E+00  0.00000E+00  0.00000E+00  0.00000E+00  0.00000E+00  0.00000E+00  0.00000E+00  0.00000E+00  0.00000E+00  0.00000E+00  0.00000E+00  0.00000E+00  0.00000E+00  0.00000E+00  0.00000E+00  0.00000E+00  0.00000E+00  0.00000E+00  0.00000E+00  0.00000E+00  0.00000E+00  0.00000E+00  0.00000E+00  0.00000E+00  0.00000E+00
NAP   
  0.00000E+00  0.13651E+03  0.92483E+03  0.24150E+04  0.44186E+04  0.68563E+04  0.97005E+04  0.12972E+05  0.16587E+05  0.20617E+05  0.24993E+05  0.29735E+05  0.34811E+05  0.40229E+05  0.45950E+05  0.51956E+05  0.58250E+05  0.64810E+05  0.71615E+05  0.78657E+05  0.85923E+05  0.93400E+05  0.10108E+06  0.10894E+06  0.11698E+06  0.12519E+06  0.13356E+06  0.14208E+06  0.15074E+06  0.15954E+06  0.16845E+06
TOL   
  0.00000E+00  0.00000E+00  0.00000E+00  0.00000E+00  0.00000E+00  0.00000E+00  0.00000E+00  0.00000E+00  0.00000E+00  0.00000E+00  0.00000E+00  0.00000E+00  0.00000E+00  0.00000E+00  0.00000E+00  0.00000E+00  0.00000E+00  0.00000E+00  0.00000E+00  0.00000E+00  0.00000E+00  0.00000E+00  0.00000E+00  0.00000E+00  0.00000E+00  0.00000E+00  0.00000E+00  0.00000E+00  0.00000E+00  0.00000E+00  0.00000E+00
CRES  
  0.00000E+00  0.00000E+00  0.00000E+00  0.00000E+00  0.00000E+00  0.00000E+00  0.00000E+00  0.00000E+00  0.00000E+00  0.00000E+00  0.00000E+00  0.00000E+00  0.00000E+00  0.00000E+00  0.00000E+00  0.00000E+00  0.00000E+00  0.00000E+00  0.00000E+00  0.00000E+00  0.00000E+00  0.00000E+00  0.00000E+00  0.00000E+00  0.00000E+00  0.00000E+00  0.00000E+00  0.00000E+00  0.00000E+00  0.00000E+00  0.00000E+00
TO2   
  0.00000E+00  0.00000E+00  0.00000E+00  0.00000E+00  0.00000E+00  0.00000E+00  0.00000E+00  0.00000E+00  0.00000E+00  0.00000E+00  0.00000E+00  0.00000E+00  0.00000E+00  0.00000E+00  0.00000E+00  0.00000E+00  0.00000E+00  0.00000E+00  0.00000E+00  0.00000E+00  0.00000E+00  0.00000E+00  0.00000E+00  0.00000E+00  0.00000E+00  0.00000E+00  0.00000E+00  0.00000E+00  0.00000E+00  0.00000E+00  0.00000E+00
XYL   
  0.00000E+00  0.00000E+00  0.00000E+00  0.00000E+00  0.00000E+00  0.00000E+00  0.00000E+00  0.00000E+00  0.00000E+00  0.00000E+00  0.00000E+00  0.00000E+00  0.00000E+00  0.00000E+00  0.00000E+00  0.00000E+00  0.00000E+00  0.00000E+00  0.00000E+00  0.00000E+00  0.00000E+00  0.00000E+00  0.00000E+00  0.00000E+00  0.00000E+00  0.00000E+00  0.00000E+00  0.00000E+00  0.00000E+00  0.00000E+00  0.00000E+00
CRO   
  0.00000E+00  0.00000E+00  0.00000E+00  0.00000E+00  0.00000E+00  0.00000E+00  0.00000E+00  0.00000E+00  0.00000E+00  0.00000E+00  0.00000E+00  0.00000E+00  0.00000E+00  0.00000E+00  0.00000E+00  0.00000E+00  0.00000E+00  0.00000E+00  0.00000E+00  0.00000E+00  0.00000E+00  0.00000E+00  0.00000E+00  0.00000E+00  0.00000E+00  0.00000E+00  0.00000E+00  0.00000E+00  0.00000E+00  0.00000E+00  0.00000E+00
ISOP  
  0.10000E+02  0.99839E+01  0.99636E+01  0.99399E+01  0.99137E+01  0.98855E+01  0.98555E+01  0.98239E+01  0.97911E+01  0.97568E+01  0.97215E+01  0.96851E+01  0.96478E+01  0.96095E+01  0.95703E+01  0.95304E+01  0.94899E+01  0.94486E+01  0.94068E+01  0.93645E+01  0.93216E+01  0.92783E+01  0.92346E+01  0.91906E+01  0.91462E+01  0.91015E+01  0.90565E+01  0.90113E+01  0.89659E+01  0.89203E+01  0.88745E+01
ISOPP 
  0.00000E+00  0.17349E+09  0.25407E+09  0.29616E+09  0.32503E+09  0.34917E+09  0.37140E+09  0.39234E+09  0.41230E+09  0.43111E+09  0.44890E+09  0.46562E+09  0.48133E+09  0.49600E+09  0.50974E+09  0.52261E+09  0.53463E+09  0.54584E+09  0.55631E+09  0.56608E+09  0.57519E+09  0.58367E+09  0.59157E+09  0.59892E+09  0.60574E+09  0.61209E+09  0.61798E+09  0.62342E+09  0.62846E+09  0.63312E+09  0.63743E+09
ISOPN 
  0.00000E+00  0.11884E+08  0.12960E+08  0.11924E+08  0.11179E+08  0.10825E+08  0.10693E+08  0.10674E+08  0.10699E+08  0.10747E+08  0.10803E+08  0.10858E+08  0.10911E+08  0.10959E+08  0.11002E+08  0.11039E+08  0.11071E+08  0.11098E+08  0.11120E+08  0.11139E+08  0.11153E+08  0.11164E+08  0.11172E+08  0.11177E+08  0.11179E+08  0.11179E+08  0.11177E+08  0.11172E+08  0.11166E+08  0.11158E+08  0.11148E+08
ISOPO2
  0.00000E+00  0.95677E+04  0.53217E+05  0.13485E+06  0.24712E+06  0.38642E+06  0.55100E+06  0.74182E+06  0.95368E+06  0.11907E+07  0.14488E+07  0.17290E+07  0.20294E+07  0.23505E+07  0.26899E+07  0.30465E+07  0.34204E+07  0.38101E+07  0.42146E+07  0.46332E+07  0.50649E+07  0.55092E+07  0.59651E+07  0.64320E+07  0.69092E+07  0.73959E+07  0.78919E+07  0.83965E+07  0.89089E+07  0.94286E+07  0.99552E+07
PAN   
  0.00000E+00  0.54580E-03  0.10883E-02  0.16212E-02  0.21529E-02  0.26880E-02  0.32298E-02  0.37814E-02  0.43426E-02  0.49166E-02  0.55033E-02  0.61046E-02  0.67211E-02  0.73551E-02  0.80063E-02  0.86754E-02  0.93639E-02  0.10072E-01  0.10801E-01  0.11551E-01  0.12323E-01  0.13117E-01  0.13933E-01  0.14773E-01  0.15636E-01  0.16523E-01  0.17434E-01  0.18371E-01  0.19332E-01  0.20319E-01  0.21331E-01
