rxn00001
  0.00000E+00  0.96047E-02  0.96047E-02  0.96047E-02  0.96047E-02  0.96047E-02  0.96047E-02  0.96047E-02  0.96047E-02  0.96047E-02  0.96047E-02  0.96047E-02  0.96047E-02  0.96047E-02  0.96047E-02  0.96047E-02  0.96047E-02  0.96047E-02  0.96047E-02  0.96047E-02  0.96047E-02  0.96047E-02  0.96047E-02  0.96047E-02  0.96047E-02  0.96047E-02  0.96047E-02  0.96047E-02  0.96047E-02  0.96047E-02  0.96047E-02
rxn00002
  0.00000E+00  0.18885E+00  0.18885E+00  0.18885E+00  0.18885E+00  0.18885E+00  0.18885E+00  0.18885E+00  0.18885E+00  0.18885E+00  0.18885E+00  0.18885E+00  0.18885E+00  0.18885E+00  0.18885E+00  0.18885E+00  0.18885E+00  0.18885E+00  0.18885E+00  0.18885E+00  0.18885E+00  0.18885E+00  0.18885E+00  0.18885E+00  0.18885E+00  0.18885E+00  0.18885E+00  0.18885E+00  0.18885E+00  0.18885E+00  0.18885E+00
rxn00003
  0.00000E+00  0.19523E-02  0.19523E-02  0.19523E-02  0.19523E-02  0.19523E-02  0.19523E-02  0.19523E-02  0.19523E-02  0.19523E-02  0.19523E-02  0.19523E-02  0.19523E-02  0.19523E-02  0.19523E-02  0.19523E-02  0.19523E-02  0.19523E-02  0.19523E-02  0.19523E-02  0.19523E-02  0.19523E-02  0.19523E-02  0.19523E-02  0.19523E-02  0.19523E-02  0.19523E-02  0.19523E-02  0.19523E-02  0.19523E-02  0.19523E-02
rxn00004
  0.00000E+00  0.71999E-06  0.71999E-06  0.71999E-06  0.71999E-06  0.71999E-06  0.71999E-06  0.71999E-06  0.71999E-06  0.71999E-06  0.71999E-06  0.71999E-06  0.71999E-06  0.71999E-06  0.71999E-06  0.71999E-06  0.71999E-06  0.71999E-06  0.71999E-06  0.71999E-06  0.71999E-06  0.71999E-06  0.71999E-06  0.71999E-06  0.71999E-06  0.71999E-06  0.71999E-06  0.71999E-06  0.71999E-06  0.71999E-06  0.71999E-06
rxn00005
  0.00000E+00  0.51364E-05  0.51364E-05  0.51364E-05  0.51364E-05  0.51364E-05  0.51364E-05  0.51364E-05  0.51364E-05  0.51364E-05  0.51364E-05  0.51364E-05  0.51364E-05  0.51364E-05  0.51364E-05  0.51364E-05  0.51364E-05  0.51364E-05  0.51364E-05  0.51364E-05  0.51364E-05  0.51364E-05  0.51364E-05  0.51364E-05  0.51364E-05  0.51364E-05  0.51364E-05  0.51364E-05  0.51364E-05  0.51364E-05  0.51364E-05
rxn00006
  0.00000E+00  0.45970E-04  0.45970E-04  0.45970E-04  0.45970E-04  0.45970E-04  0.45970E-04  0.45970E-04  0.45970E-04  0.45970E-04  0.45970E-04  0.45970E-04  0.45970E-04  0.45970E-04  0.45970E-04  0.45970E-04  0.45970E-04  0.45970E-04  0.45970E-04  0.45970E-04  0.45970E-04  0.45970E-04  0.45970E-04  0.45970E-04  0.45970E-04  0.45970E-04  0.45970E-04  0.45970E-04  0.45970E-04  0.45970E-04  0.45970E-04
rxn00007
  0.00000E+00  0.41284E-03  0.41284E-03  0.41284E-03  0.41284E-03  0.41284E-03  0.41284E-03  0.41284E-03  0.41284E-03  0.41284E-03  0.41284E-03  0.41284E-03  0.41284E-03  0.41284E-03  0.41284E-03  0.41284E-03  0.41284E-03  0.41284E-03  0.41284E-03  0.41284E-03  0.41284E-03  0.41284E-03  0.41284E-03  0.41284E-03  0.41284E-03  0.41284E-03  0.41284E-03  0.41284E-03  0.41284E-03  0.41284E-03  0.41284E-03
rxn00008
  0.00000E+00  0.41729E-04  0.41729E-04  0.41729E-04  0.41729E-04  0.41729E-04  0.41729E-04  0.41729E-04  0.41729E-04  0.41729E-04  0.41729E-04  0.41729E-04  0.41729E-04  0.41729E-04  0.41729E-04  0.41729E-04  0.41729E-04  0.41729E-04  0.41729E-04  0.41729E-04  0.41729E-04  0.41729E-04  0.41729E-04  0.41729E-04  0.41729E-04  0.41729E-04  0.41729E-04  0.41729E-04  0.41729E-04  0.41729E-04  0.41729E-04
rxn00009
  0.00000E+00  0.74518E-05  0.74518E-05  0.74518E-05  0.74518E-05  0.74518E-05  0.74518E-05  0.74518E-05  0.74518E-05  0.74518E-05  0.74518E-05  0.74518E-05  0.74518E-05  0.74518E-05  0.74518E-05  0.74518E-05  0.74518E-05  0.74518E-05  0.74518E-05  0.74518E-05  0.74518E-05  0.74518E-05  0.74518E-05  0.74518E-05  0.74518E-05  0.74518E-05  0.74518E-05  0.74518E-05  0.74518E-05  0.74518E-05  0.74518E-05
rxn00010
  0.00000E+00  0.32732E-04  0.32732E-04  0.32732E-04  0.32732E-04  0.32732E-04  0.32732E-04  0.32732E-04  0.32732E-04  0.32732E-04  0.32732E-04  0.32732E-04  0.32732E-04  0.32732E-04  0.32732E-04  0.32732E-04  0.32732E-04  0.32732E-04  0.32732E-04  0.32732E-04  0.32732E-04  0.32732E-04  0.32732E-04  0.32732E-04  0.32732E-04  0.32732E-04  0.32732E-04  0.32732E-04  0.32732E-04  0.32732E-04  0.32732E-04
rxn00011
  0.00000E+00  0.47500E-04  0.47500E-04  0.47500E-04  0.47500E-04  0.47500E-04  0.47500E-04  0.47500E-04  0.47500E-04  0.47500E-04  0.47500E-04  0.47500E-04  0.47500E-04  0.47500E-04  0.47500E-04  0.47500E-04  0.47500E-04  0.47500E-04  0.47500E-04  0.47500E-04  0.47500E-04  0.47500E-04  0.47500E-04  0.47500E-04  0.47500E-04  0.47500E-04  0.47500E-04  0.47500E-04  0.47500E-04  0.47500E-04  0.47500E-04
rxn00012
  0.00000E+00  0.56242E-05  0.56242E-05  0.56242E-05  0.56242E-05  0.56242E-05  0.56242E-05  0.56242E-05  0.56242E-05  0.56242E-05  0.56242E-05  0.56242E-05  0.56242E-05  0.56242E-05  0.56242E-05  0.56242E-05  0.56242E-05  0.56242E-05  0.56242E-05  0.56242E-05  0.56242E-05  0.56242E-05  0.56242E-05  0.56242E-05  0.56242E-05  0.56242E-05  0.56242E-05  0.56242E-05  0.56242E-05  0.56242E-05  0.56242E-05
rxn00013
  0.00000E+00  0.56242E-05  0.56242E-05  0.56242E-05  0.56242E-05  0.56242E-05  0.56242E-05  0.56242E-05  0.56242E-05  0.56242E-05  0.56242E-05  0.56242E-05  0.56242E-05  0.56242E-05  0.56242E-05  0.56242E-05  0.56242E-05  0.56242E-05  0.56242E-05  0.56242E-05  0.56242E-05  0.56242E-05  0.56242E-05  0.56242E-05  0.56242E-05  0.56242E-05  0.56242E-05  0.56242E-05  0.56242E-05  0.56242E-05  0.56242E-05
rxn00014
  0.00000E+00  0.57946E-05  0.57946E-05  0.57946E-05  0.57946E-05  0.57946E-05  0.57946E-05  0.57946E-05  0.57946E-05  0.57946E-05  0.57946E-05  0.57946E-05  0.57946E-05  0.57946E-05  0.57946E-05  0.57946E-05  0.57946E-05  0.57946E-05  0.57946E-05  0.57946E-05  0.57946E-05  0.57946E-05  0.57946E-05  0.57946E-05  0.57946E-05  0.57946E-05  0.57946E-05  0.57946E-05  0.57946E-05  0.57946E-05  0.57946E-05
rxn00015
  0.00000E+00  0.52198E-06  0.52198E-06  0.52198E-06  0.52198E-06  0.52198E-06  0.52198E-06  0.52198E-06  0.52198E-06  0.52198E-06  0.52198E-06  0.52198E-06  0.52198E-06  0.52198E-06  0.52198E-06  0.52198E-06  0.52198E-06  0.52198E-06  0.52198E-06  0.52198E-06  0.52198E-06  0.52198E-06  0.52198E-06  0.52198E-06  0.52198E-06  0.52198E-06  0.52198E-06  0.52198E-06  0.52198E-06  0.52198E-06  0.52198E-06
rxn00016
  0.00000E+00  0.12735E-03  0.12735E-03  0.12735E-03  0.12735E-03  0.12735E-03  0.12735E-03  0.12735E-03  0.12735E-03  0.12735E-03  0.12735E-03  0.12735E-03  0.12735E-03  0.12735E-03  0.12735E-03  0.12735E-03  0.12735E-03  0.12735E-03  0.12735E-03  0.12735E-03  0.12735E-03  0.12735E-03  0.12735E-03  0.12735E-03  0.12735E-03  0.12735E-03  0.12735E-03  0.12735E-03  0.12735E-03  0.12735E-03  0.12735E-03
rxn00017
  0.00000E+00  0.29458E-03  0.29458E-03  0.29458E-03  0.29458E-03  0.29458E-03  0.29458E-03  0.29458E-03  0.29458E-03  0.29458E-03  0.29458E-03  0.29458E-03  0.29458E-03  0.29458E-03  0.29458E-03  0.29458E-03  0.29458E-03  0.29458E-03  0.29458E-03  0.29458E-03  0.29458E-03  0.29458E-03  0.29458E-03  0.29458E-03  0.29458E-03  0.29458E-03  0.29458E-03  0.29458E-03  0.29458E-03  0.29458E-03  0.29458E-03
rxn00018
  0.00000E+00  0.56242E-05  0.56242E-05  0.56242E-05  0.56242E-05  0.56242E-05  0.56242E-05  0.56242E-05  0.56242E-05  0.56242E-05  0.56242E-05  0.56242E-05  0.56242E-05  0.56242E-05  0.56242E-05  0.56242E-05  0.56242E-05  0.56242E-05  0.56242E-05  0.56242E-05  0.56242E-05  0.56242E-05  0.56242E-05  0.56242E-05  0.56242E-05  0.56242E-05  0.56242E-05  0.56242E-05  0.56242E-05  0.56242E-05  0.56242E-05
rxn00019
  0.00000E+00  0.16704E-05  0.16704E-05  0.16704E-05  0.16704E-05  0.16704E-05  0.16704E-05  0.16704E-05  0.16704E-05  0.16704E-05  0.16704E-05  0.16704E-05  0.16704E-05  0.16704E-05  0.16704E-05  0.16704E-05  0.16704E-05  0.16704E-05  0.16704E-05  0.16704E-05  0.16704E-05  0.16704E-05  0.16704E-05  0.16704E-05  0.16704E-05  0.16704E-05  0.16704E-05  0.16704E-05  0.16704E-05  0.16704E-05  0.16704E-05
rxn00020
  0.00000E+00  0.11875E-05  0.11875E-05  0.11875E-05  0.11875E-05  0.11875E-05  0.11875E-05  0.11875E-05  0.11875E-05  0.11875E-05  0.11875E-05  0.11875E-05  0.11875E-05  0.11875E-05  0.11875E-05  0.11875E-05  0.11875E-05  0.11875E-05  0.11875E-05  0.11875E-05  0.11875E-05  0.11875E-05  0.11875E-05  0.11875E-05  0.11875E-05  0.11875E-05  0.11875E-05  0.11875E-05  0.11875E-05  0.11875E-05  0.11875E-05
rxn00021
  0.00000E+00  0.73549E+09  0.73549E+09  0.73549E+09  0.73549E+09  0.73549E+09  0.73549E+09  0.73549E+09  0.73549E+09  0.73549E+09  0.73549E+09  0.73549E+09  0.73549E+09  0.73549E+09  0.73549E+09  0.73549E+09  0.73549E+09  0.73549E+09  0.73549E+09  0.73549E+09  0.73549E+09  0.73549E+09  0.73549E+09  0.73549E+09  0.73549E+09  0.73549E+09  0.73549E+09  0.73549E+09  0.73549E+09  0.73549E+09  0.73549E+09
rxn00022
  0.00000E+00  0.84967E+08  0.84967E+08  0.84967E+08  0.84967E+08  0.84967E+08  0.84967E+08  0.84967E+08  0.84967E+08  0.84967E+08  0.84967E+08  0.84967E+08  0.84967E+08  0.84967E+08  0.84967E+08  0.84967E+08  0.84967E+08  0.84967E+08  0.84967E+08  0.84967E+08  0.84967E+08  0.84967E+08  0.84967E+08  0.84967E+08  0.84967E+08  0.84967E+08  0.84967E+08  0.84967E+08  0.84967E+08  0.84967E+08  0.84967E+08
rxn00023
  0.00000E+00  0.82621E+05  0.82621E+05  0.82621E+05  0.82621E+05  0.82621E+05  0.82621E+05  0.82621E+05  0.82621E+05  0.82621E+05  0.82621E+05  0.82621E+05  0.82621E+05  0.82621E+05  0.82621E+05  0.82621E+05  0.82621E+05  0.82621E+05  0.82621E+05  0.82621E+05  0.82621E+05  0.82621E+05  0.82621E+05  0.82621E+05  0.82621E+05  0.82621E+05  0.82621E+05  0.82621E+05  0.82621E+05  0.82621E+05  0.82621E+05
rxn00024
  0.00000E+00  0.65781E-14  0.65781E-14  0.65781E-14  0.65781E-14  0.65781E-14  0.65781E-14  0.65781E-14  0.65781E-14  0.65781E-14  0.65781E-14  0.65781E-14  0.65781E-14  0.65781E-14  0.65781E-14  0.65781E-14  0.65781E-14  0.65781E-14  0.65781E-14  0.65781E-14  0.65781E-14  0.65781E-14  0.65781E-14  0.65781E-14  0.65781E-14  0.65781E-14  0.65781E-14  0.65781E-14  0.65781E-14  0.65781E-14  0.65781E-14
rxn00025
  0.00000E+00  0.42974E-11  0.42974E-11  0.42974E-11  0.42974E-11  0.42974E-11  0.42974E-11  0.42974E-11  0.42974E-11  0.42974E-11  0.42974E-11  0.42974E-11  0.42974E-11  0.42974E-11  0.42974E-11  0.42974E-11  0.42974E-11  0.42974E-11  0.42974E-11  0.42974E-11  0.42974E-11  0.42974E-11  0.42974E-11  0.42974E-11  0.42974E-11  0.42974E-11  0.42974E-11  0.42974E-11  0.42974E-11  0.42974E-11  0.42974E-11
rxn00026
  0.00000E+00  0.31560E-11  0.31560E-11  0.31560E-11  0.31560E-11  0.31560E-11  0.31560E-11  0.31560E-11  0.31560E-11  0.31560E-11  0.31560E-11  0.31560E-11  0.31560E-11  0.31560E-11  0.31560E-11  0.31560E-11  0.31560E-11  0.31560E-11  0.31560E-11  0.31560E-11  0.31560E-11  0.31560E-11  0.31560E-11  0.31560E-11  0.31560E-11  0.31560E-11  0.31560E-11  0.31560E-11  0.31560E-11  0.31560E-11  0.31560E-11
rxn00027
  0.00000E+00  0.16171E-11  0.16171E-11  0.16171E-11  0.16171E-11  0.16171E-11  0.16171E-11  0.16171E-11  0.16171E-11  0.16171E-11  0.16171E-11  0.16171E-11  0.16171E-11  0.16171E-11  0.16171E-11  0.16171E-11  0.16171E-11  0.16171E-11  0.16171E-11  0.16171E-11  0.16171E-11  0.16171E-11  0.16171E-11  0.16171E-11  0.16171E-11  0.16171E-11  0.16171E-11  0.16171E-11  0.16171E-11  0.16171E-11  0.16171E-11
rxn00028
  0.00000E+00  0.16012E-13  0.16012E-13  0.16012E-13  0.16012E-13  0.16012E-13  0.16012E-13  0.16012E-13  0.16012E-13  0.16012E-13  0.16012E-13  0.16012E-13  0.16012E-13  0.16012E-13  0.16012E-13  0.16012E-13  0.16012E-13  0.16012E-13  0.16012E-13  0.16012E-13  0.16012E-13  0.16012E-13  0.16012E-13  0.16012E-13  0.16012E-13  0.16012E-13  0.16012E-13  0.16012E-13  0.16012E-13  0.16012E-13  0.16012E-13
rxn00029
  0.00000E+00  0.25712E-16  0.25712E-16  0.25712E-16  0.25712E-16  0.25712E-16  0.25712E-16  0.25712E-16  0.25712E-16  0.25712E-16  0.25712E-16  0.25712E-16  0.25712E-16  0.25712E-16  0.25712E-16  0.25712E-16  0.25712E-16  0.25712E-16  0.25712E-16  0.25712E-16  0.25712E-16  0.25712E-16  0.25712E-16  0.25712E-16  0.25712E-16  0.25712E-16  0.25712E-16  0.25712E-16  0.25712E-16  0.25712E-16  0.25712E-16
rxn00030
  0.00000E+00  0.62576E-13  0.62576E-13  0.62576E-13  0.62576E-13  0.62576E-13  0.62576E-13  0.62576E-13  0.62576E-13  0.62576E-13  0.62576E-13  0.62576E-13  0.62576E-13  0.62576E-13  0.62576E-13  0.62576E-13  0.62576E-13  0.62576E-13  0.62576E-13  0.62576E-13  0.62576E-13  0.62576E-13  0.62576E-13  0.62576E-13  0.62576E-13  0.62576E-13  0.62576E-13  0.62576E-13  0.62576E-13  0.62576E-13  0.62576E-13
rxn00031
  0.00000E+00  0.19616E-14  0.19616E-14  0.19616E-14  0.19616E-14  0.19616E-14  0.19616E-14  0.19616E-14  0.19616E-14  0.19616E-14  0.19616E-14  0.19616E-14  0.19616E-14  0.19616E-14  0.19616E-14  0.19616E-14  0.19616E-14  0.19616E-14  0.19616E-14  0.19616E-14  0.19616E-14  0.19616E-14  0.19616E-14  0.19616E-14  0.19616E-14  0.19616E-14  0.19616E-14  0.19616E-14  0.19616E-14  0.19616E-14  0.19616E-14
rxn00032
  0.00000E+00  0.69773E-01  0.69773E-01  0.69773E-01  0.69773E-01  0.69773E-01  0.69773E-01  0.69773E-01  0.69773E-01  0.69773E-01  0.69773E-01  0.69773E-01  0.69773E-01  0.69773E-01  0.69773E-01  0.69773E-01  0.69773E-01  0.69773E-01  0.69773E-01  0.69773E-01  0.69773E-01  0.69773E-01  0.69773E-01  0.69773E-01  0.69773E-01  0.69773E-01  0.69773E-01  0.69773E-01  0.69773E-01  0.69773E-01  0.69773E-01
rxn00033
  0.00000E+00  0.70748E-11  0.70748E-11  0.70748E-11  0.70748E-11  0.70748E-11  0.70748E-11  0.70748E-11  0.70748E-11  0.70748E-11  0.70748E-11  0.70748E-11  0.70748E-11  0.70748E-11  0.70748E-11  0.70748E-11  0.70748E-11  0.70748E-11  0.70748E-11  0.70748E-11  0.70748E-11  0.70748E-11  0.70748E-11  0.70748E-11  0.70748E-11  0.70748E-11  0.70748E-11  0.70748E-11  0.70748E-11  0.70748E-11  0.70748E-11
rxn00034
  0.00000E+00  0.10020E-10  0.10020E-10  0.10020E-10  0.10020E-10  0.10020E-10  0.10020E-10  0.10020E-10  0.10020E-10  0.10020E-10  0.10020E-10  0.10020E-10  0.10020E-10  0.10020E-10  0.10020E-10  0.10020E-10  0.10020E-10  0.10020E-10  0.10020E-10  0.10020E-10  0.10020E-10  0.10020E-10  0.10020E-10  0.10020E-10  0.10020E-10  0.10020E-10  0.10020E-10  0.10020E-10  0.10020E-10  0.10020E-10  0.10020E-10
rxn00035
  0.00000E+00  0.22000E-10  0.22000E-10  0.22000E-10  0.22000E-10  0.22000E-10  0.22000E-10  0.22000E-10  0.22000E-10  0.22000E-10  0.22000E-10  0.22000E-10  0.22000E-10  0.22000E-10  0.22000E-10  0.22000E-10  0.22000E-10  0.22000E-10  0.22000E-10  0.22000E-10  0.22000E-10  0.22000E-10  0.22000E-10  0.22000E-10  0.22000E-10  0.22000E-10  0.22000E-10  0.22000E-10  0.22000E-10  0.22000E-10  0.22000E-10
rxn00036
  0.00000E+00  0.46905E-11  0.46905E-11  0.46905E-11  0.46905E-11  0.46905E-11  0.46905E-11  0.46905E-11  0.46905E-11  0.46905E-11  0.46905E-11  0.46905E-11  0.46905E-11  0.46905E-11  0.46905E-11  0.46905E-11  0.46905E-11  0.46905E-11  0.46905E-11  0.46905E-11  0.46905E-11  0.46905E-11  0.46905E-11  0.46905E-11  0.46905E-11  0.46905E-11  0.46905E-11  0.46905E-11  0.46905E-11  0.46905E-11  0.46905E-11
rxn00037
  0.00000E+00  0.16861E-12  0.16861E-12  0.16861E-12  0.16861E-12  0.16861E-12  0.16861E-12  0.16861E-12  0.16861E-12  0.16861E-12  0.16861E-12  0.16861E-12  0.16861E-12  0.16861E-12  0.16861E-12  0.16861E-12  0.16861E-12  0.16861E-12  0.16861E-12  0.16861E-12  0.16861E-12  0.16861E-12  0.16861E-12  0.16861E-12  0.16861E-12  0.16861E-12  0.16861E-12  0.16861E-12  0.16861E-12  0.16861E-12  0.16861E-12
rxn00038
  0.00000E+00  0.48197E-11  0.48197E-11  0.48197E-11  0.48197E-11  0.48197E-11  0.48197E-11  0.48197E-11  0.48197E-11  0.48197E-11  0.48197E-11  0.48197E-11  0.48197E-11  0.48197E-11  0.48197E-11  0.48197E-11  0.48197E-11  0.48197E-11  0.48197E-11  0.48197E-11  0.48197E-11  0.48197E-11  0.48197E-11  0.48197E-11  0.48197E-11  0.48197E-11  0.48197E-11  0.48197E-11  0.48197E-11  0.48197E-11  0.48197E-11
rxn00039
  0.00000E+00  0.11367E-09  0.11367E-09  0.11367E-09  0.11367E-09  0.11367E-09  0.11367E-09  0.11367E-09  0.11367E-09  0.11367E-09  0.11367E-09  0.11367E-09  0.11367E-09  0.11367E-09  0.11367E-09  0.11367E-09  0.11367E-09  0.11367E-09  0.11367E-09  0.11367E-09  0.11367E-09  0.11367E-09  0.11367E-09  0.11367E-09  0.11367E-09  0.11367E-09  0.11367E-09  0.11367E-09  0.11367E-09  0.11367E-09  0.11367E-09
rxn00040
  0.00000E+00  0.16703E-11  0.16703E-11  0.16703E-11  0.16703E-11  0.16703E-11  0.16703E-11  0.16703E-11  0.16703E-11  0.16703E-11  0.16703E-11  0.16703E-11  0.16703E-11  0.16703E-11  0.16703E-11  0.16703E-11  0.16703E-11  0.16703E-11  0.16703E-11  0.16703E-11  0.16703E-11  0.16703E-11  0.16703E-11  0.16703E-11  0.16703E-11  0.16703E-11  0.16703E-11  0.16703E-11  0.16703E-11  0.16703E-11  0.16703E-11
rxn00041
  0.00000E+00  0.31525E-11  0.31525E-11  0.31525E-11  0.31525E-11  0.31525E-11  0.31525E-11  0.31525E-11  0.31525E-11  0.31525E-11  0.31525E-11  0.31525E-11  0.31525E-11  0.31525E-11  0.31525E-11  0.31525E-11  0.31525E-11  0.31525E-11  0.31525E-11  0.31525E-11  0.31525E-11  0.31525E-11  0.31525E-11  0.31525E-11  0.31525E-11  0.31525E-11  0.31525E-11  0.31525E-11  0.31525E-11  0.31525E-11  0.31525E-11
rxn00042
  0.00000E+00  0.33198E-11  0.33198E-11  0.33198E-11  0.33198E-11  0.33198E-11  0.33198E-11  0.33198E-11  0.33198E-11  0.33198E-11  0.33198E-11  0.33198E-11  0.33198E-11  0.33198E-11  0.33198E-11  0.33198E-11  0.33198E-11  0.33198E-11  0.33198E-11  0.33198E-11  0.33198E-11  0.33198E-11  0.33198E-11  0.33198E-11  0.33198E-11  0.33198E-11  0.33198E-11  0.33198E-11  0.33198E-11  0.33198E-11  0.33198E-11
rxn00043
  0.00000E+00  0.82882E-11  0.82882E-11  0.82882E-11  0.82882E-11  0.82882E-11  0.82882E-11  0.82882E-11  0.82882E-11  0.82882E-11  0.82882E-11  0.82882E-11  0.82882E-11  0.82882E-11  0.82882E-11  0.82882E-11  0.82882E-11  0.82882E-11  0.82882E-11  0.82882E-11  0.82882E-11  0.82882E-11  0.82882E-11  0.82882E-11  0.82882E-11  0.82882E-11  0.82882E-11  0.82882E-11  0.82882E-11  0.82882E-11  0.82882E-11
rxn00044
  0.00000E+00  0.13139E-11  0.13139E-11  0.13139E-11  0.13139E-11  0.13139E-11  0.13139E-11  0.13139E-11  0.13139E-11  0.13139E-11  0.13139E-11  0.13139E-11  0.13139E-11  0.13139E-11  0.13139E-11  0.13139E-11  0.13139E-11  0.13139E-11  0.13139E-11  0.13139E-11  0.13139E-11  0.13139E-11  0.13139E-11  0.13139E-11  0.13139E-11  0.13139E-11  0.13139E-11  0.13139E-11  0.13139E-11  0.13139E-11  0.13139E-11
rxn00045
  0.00000E+00  0.50000E-15  0.50000E-15  0.50000E-15  0.50000E-15  0.50000E-15  0.50000E-15  0.50000E-15  0.50000E-15  0.50000E-15  0.50000E-15  0.50000E-15  0.50000E-15  0.50000E-15  0.50000E-15  0.50000E-15  0.50000E-15  0.50000E-15  0.50000E-15  0.50000E-15  0.50000E-15  0.50000E-15  0.50000E-15  0.50000E-15  0.50000E-15  0.50000E-15  0.50000E-15  0.50000E-15  0.50000E-15  0.50000E-15  0.50000E-15
rxn00046
  0.00000E+00  0.30645E-01  0.30645E-01  0.30645E-01  0.30645E-01  0.30645E-01  0.30645E-01  0.30645E-01  0.30645E-01  0.30645E-01  0.30645E-01  0.30645E-01  0.30645E-01  0.30645E-01  0.30645E-01  0.30645E-01  0.30645E-01  0.30645E-01  0.30645E-01  0.30645E-01  0.30645E-01  0.30645E-01  0.30645E-01  0.30645E-01  0.30645E-01  0.30645E-01  0.30645E-01  0.30645E-01  0.30645E-01  0.30645E-01  0.30645E-01
rxn00047
  0.00000E+00  0.26957E-10  0.26957E-10  0.26957E-10  0.26957E-10  0.26957E-10  0.26957E-10  0.26957E-10  0.26957E-10  0.26957E-10  0.26957E-10  0.26957E-10  0.26957E-10  0.26957E-10  0.26957E-10  0.26957E-10  0.26957E-10  0.26957E-10  0.26957E-10  0.26957E-10  0.26957E-10  0.26957E-10  0.26957E-10  0.26957E-10  0.26957E-10  0.26957E-10  0.26957E-10  0.26957E-10  0.26957E-10  0.26957E-10  0.26957E-10
rxn00048
  0.00000E+00  0.58382E-15  0.58382E-15  0.58382E-15  0.58382E-15  0.58382E-15  0.58382E-15  0.58382E-15  0.58382E-15  0.58382E-15  0.58382E-15  0.58382E-15  0.58382E-15  0.58382E-15  0.58382E-15  0.58382E-15  0.58382E-15  0.58382E-15  0.58382E-15  0.58382E-15  0.58382E-15  0.58382E-15  0.58382E-15  0.58382E-15  0.58382E-15  0.58382E-15  0.58382E-15  0.58382E-15  0.58382E-15  0.58382E-15  0.58382E-15
rxn00049
  0.00000E+00  0.11334E-11  0.11334E-11  0.11334E-11  0.11334E-11  0.11334E-11  0.11334E-11  0.11334E-11  0.11334E-11  0.11334E-11  0.11334E-11  0.11334E-11  0.11334E-11  0.11334E-11  0.11334E-11  0.11334E-11  0.11334E-11  0.11334E-11  0.11334E-11  0.11334E-11  0.11334E-11  0.11334E-11  0.11334E-11  0.11334E-11  0.11334E-11  0.11334E-11  0.11334E-11  0.11334E-11  0.11334E-11  0.11334E-11  0.11334E-11
rxn00050
  0.00000E+00  0.18213E-15  0.18213E-15  0.18213E-15  0.18213E-15  0.18213E-15  0.18213E-15  0.18213E-15  0.18213E-15  0.18213E-15  0.18213E-15  0.18213E-15  0.18213E-15  0.18213E-15  0.18213E-15  0.18213E-15  0.18213E-15  0.18213E-15  0.18213E-15  0.18213E-15  0.18213E-15  0.18213E-15  0.18213E-15  0.18213E-15  0.18213E-15  0.18213E-15  0.18213E-15  0.18213E-15  0.18213E-15  0.18213E-15  0.18213E-15
rxn00051
  0.00000E+00  0.35000E-11  0.35000E-11  0.35000E-11  0.35000E-11  0.35000E-11  0.35000E-11  0.35000E-11  0.35000E-11  0.35000E-11  0.35000E-11  0.35000E-11  0.35000E-11  0.35000E-11  0.35000E-11  0.35000E-11  0.35000E-11  0.35000E-11  0.35000E-11  0.35000E-11  0.35000E-11  0.35000E-11  0.35000E-11  0.35000E-11  0.35000E-11  0.35000E-11  0.35000E-11  0.35000E-11  0.35000E-11  0.35000E-11  0.35000E-11
rxn00052
  0.00000E+00  0.77242E-03  0.77242E-03  0.77242E-03  0.77242E-03  0.77242E-03  0.77242E-03  0.77242E-03  0.77242E-03  0.77242E-03  0.77242E-03  0.77242E-03  0.77242E-03  0.77242E-03  0.77242E-03  0.77242E-03  0.77242E-03  0.77242E-03  0.77242E-03  0.77242E-03  0.77242E-03  0.77242E-03  0.77242E-03  0.77242E-03  0.77242E-03  0.77242E-03  0.77242E-03  0.77242E-03  0.77242E-03  0.77242E-03  0.77242E-03
rxn00053
  0.00000E+00  0.18740E-01  0.18740E-01  0.18740E-01  0.18740E-01  0.18740E-01  0.18740E-01  0.18740E-01  0.18740E-01  0.18740E-01  0.18740E-01  0.18740E-01  0.18740E-01  0.18740E-01  0.18740E-01  0.18740E-01  0.18740E-01  0.18740E-01  0.18740E-01  0.18740E-01  0.18740E-01  0.18740E-01  0.18740E-01  0.18740E-01  0.18740E-01  0.18740E-01  0.18740E-01  0.18740E-01  0.18740E-01  0.18740E-01  0.18740E-01
rxn00054
  0.00000E+00  0.10903E-18  0.10903E-18  0.10903E-18  0.10903E-18  0.10903E-18  0.10903E-18  0.10903E-18  0.10903E-18  0.10903E-18  0.10903E-18  0.10903E-18  0.10903E-18  0.10903E-18  0.10903E-18  0.10903E-18  0.10903E-18  0.10903E-18  0.10903E-18  0.10903E-18  0.10903E-18  0.10903E-18  0.10903E-18  0.10903E-18  0.10903E-18  0.10903E-18  0.10903E-18  0.10903E-18  0.10903E-18  0.10903E-18  0.10903E-18
rxn00055
  0.00000E+00  0.24502E-12  0.24502E-12  0.24502E-12  0.24502E-12  0.24502E-12  0.24502E-12  0.24502E-12  0.24502E-12  0.24502E-12  0.24502E-12  0.24502E-12  0.24502E-12  0.24502E-12  0.24502E-12  0.24502E-12  0.24502E-12  0.24502E-12  0.24502E-12  0.24502E-12  0.24502E-12  0.24502E-12  0.24502E-12  0.24502E-12  0.24502E-12  0.24502E-12  0.24502E-12  0.24502E-12  0.24502E-12  0.24502E-12  0.24502E-12
rxn00056
  0.00000E+00  0.99938E-12  0.99938E-12  0.99938E-12  0.99938E-12  0.99938E-12  0.99938E-12  0.99938E-12  0.99938E-12  0.99938E-12  0.99938E-12  0.99938E-12  0.99938E-12  0.99938E-12  0.99938E-12  0.99938E-12  0.99938E-12  0.99938E-12  0.99938E-12  0.99938E-12  0.99938E-12  0.99938E-12  0.99938E-12  0.99938E-12  0.99938E-12  0.99938E-12  0.99938E-12  0.99938E-12  0.99938E-12  0.99938E-12  0.99938E-12
rxn00057
  0.00000E+00  0.53816E-14  0.53816E-14  0.53816E-14  0.53816E-14  0.53816E-14  0.53816E-14  0.53816E-14  0.53816E-14  0.53816E-14  0.53816E-14  0.53816E-14  0.53816E-14  0.53816E-14  0.53816E-14  0.53816E-14  0.53816E-14  0.53816E-14  0.53816E-14  0.53816E-14  0.53816E-14  0.53816E-14  0.53816E-14  0.53816E-14  0.53816E-14  0.53816E-14  0.53816E-14  0.53816E-14  0.53816E-14  0.53816E-14  0.53816E-14
rxn00058
  0.00000E+00  0.23125E-12  0.23125E-12  0.23125E-12  0.23125E-12  0.23125E-12  0.23125E-12  0.23125E-12  0.23125E-12  0.23125E-12  0.23125E-12  0.23125E-12  0.23125E-12  0.23125E-12  0.23125E-12  0.23125E-12  0.23125E-12  0.23125E-12  0.23125E-12  0.23125E-12  0.23125E-12  0.23125E-12  0.23125E-12  0.23125E-12  0.23125E-12  0.23125E-12  0.23125E-12  0.23125E-12  0.23125E-12  0.23125E-12  0.23125E-12
rxn00059
  0.00000E+00  0.81000E-12  0.81000E-12  0.81000E-12  0.81000E-12  0.81000E-12  0.81000E-12  0.81000E-12  0.81000E-12  0.81000E-12  0.81000E-12  0.81000E-12  0.81000E-12  0.81000E-12  0.81000E-12  0.81000E-12  0.81000E-12  0.81000E-12  0.81000E-12  0.81000E-12  0.81000E-12  0.81000E-12  0.81000E-12  0.81000E-12  0.81000E-12  0.81000E-12  0.81000E-12  0.81000E-12  0.81000E-12  0.81000E-12  0.81000E-12
rxn00060
  0.00000E+00  0.84632E-12  0.84632E-12  0.84632E-12  0.84632E-12  0.84632E-12  0.84632E-12  0.84632E-12  0.84632E-12  0.84632E-12  0.84632E-12  0.84632E-12  0.84632E-12  0.84632E-12  0.84632E-12  0.84632E-12  0.84632E-12  0.84632E-12  0.84632E-12  0.84632E-12  0.84632E-12  0.84632E-12  0.84632E-12  0.84632E-12  0.84632E-12  0.84632E-12  0.84632E-12  0.84632E-12  0.84632E-12  0.84632E-12  0.84632E-12
rxn00061
  0.00000E+00  0.10000E-10  0.10000E-10  0.10000E-10  0.10000E-10  0.10000E-10  0.10000E-10  0.10000E-10  0.10000E-10  0.10000E-10  0.10000E-10  0.10000E-10  0.10000E-10  0.10000E-10  0.10000E-10  0.10000E-10  0.10000E-10  0.10000E-10  0.10000E-10  0.10000E-10  0.10000E-10  0.10000E-10  0.10000E-10  0.10000E-10  0.10000E-10  0.10000E-10  0.10000E-10  0.10000E-10  0.10000E-10  0.10000E-10  0.10000E-10
rxn00062
  0.00000E+00  0.48540E-15  0.48540E-15  0.48540E-15  0.48540E-15  0.48540E-15  0.48540E-15  0.48540E-15  0.48540E-15  0.48540E-15  0.48540E-15  0.48540E-15  0.48540E-15  0.48540E-15  0.48540E-15  0.48540E-15  0.48540E-15  0.48540E-15  0.48540E-15  0.48540E-15  0.48540E-15  0.48540E-15  0.48540E-15  0.48540E-15  0.48540E-15  0.48540E-15  0.48540E-15  0.48540E-15  0.48540E-15  0.48540E-15  0.48540E-15
rxn00063
  0.00000E+00  0.14208E-10  0.14208E-10  0.14208E-10  0.14208E-10  0.14208E-10  0.14208E-10  0.14208E-10  0.14208E-10  0.14208E-10  0.14208E-10  0.14208E-10  0.14208E-10  0.14208E-10  0.14208E-10  0.14208E-10  0.14208E-10  0.14208E-10  0.14208E-10  0.14208E-10  0.14208E-10  0.14208E-10  0.14208E-10  0.14208E-10  0.14208E-10  0.14208E-10  0.14208E-10  0.14208E-10  0.14208E-10  0.14208E-10  0.14208E-10
rxn00064
  0.00000E+00  0.19987E-14  0.19987E-14  0.19987E-14  0.19987E-14  0.19987E-14  0.19987E-14  0.19987E-14  0.19987E-14  0.19987E-14  0.19987E-14  0.19987E-14  0.19987E-14  0.19987E-14  0.19987E-14  0.19987E-14  0.19987E-14  0.19987E-14  0.19987E-14  0.19987E-14  0.19987E-14  0.19987E-14  0.19987E-14  0.19987E-14  0.19987E-14  0.19987E-14  0.19987E-14  0.19987E-14  0.19987E-14  0.19987E-14  0.19987E-14
rxn00065
  0.00000E+00  0.20167E-12  0.20167E-12  0.20167E-12  0.20167E-12  0.20167E-12  0.20167E-12  0.20167E-12  0.20167E-12  0.20167E-12  0.20167E-12  0.20167E-12  0.20167E-12  0.20167E-12  0.20167E-12  0.20167E-12  0.20167E-12  0.20167E-12  0.20167E-12  0.20167E-12  0.20167E-12  0.20167E-12  0.20167E-12  0.20167E-12  0.20167E-12  0.20167E-12  0.20167E-12  0.20167E-12  0.20167E-12  0.20167E-12  0.20167E-12
rxn00066
  0.00000E+00  0.17000E-10  0.17000E-10  0.17000E-10  0.17000E-10  0.17000E-10  0.17000E-10  0.17000E-10  0.17000E-10  0.17000E-10  0.17000E-10  0.17000E-10  0.17000E-10  0.17000E-10  0.17000E-10  0.17000E-10  0.17000E-10  0.17000E-10  0.17000E-10  0.17000E-10  0.17000E-10  0.17000E-10  0.17000E-10  0.17000E-10  0.17000E-10  0.17000E-10  0.17000E-10  0.17000E-10  0.17000E-10  0.17000E-10  0.17000E-10
rxn00067
  0.00000E+00  0.19987E-14  0.19987E-14  0.19987E-14  0.19987E-14  0.19987E-14  0.19987E-14  0.19987E-14  0.19987E-14  0.19987E-14  0.19987E-14  0.19987E-14  0.19987E-14  0.19987E-14  0.19987E-14  0.19987E-14  0.19987E-14  0.19987E-14  0.19987E-14  0.19987E-14  0.19987E-14  0.19987E-14  0.19987E-14  0.19987E-14  0.19987E-14  0.19987E-14  0.19987E-14  0.19987E-14  0.19987E-14  0.19987E-14  0.19987E-14
rxn00068
  0.00000E+00  0.13822E-17  0.13822E-17  0.13822E-17  0.13822E-17  0.13822E-17  0.13822E-17  0.13822E-17  0.13822E-17  0.13822E-17  0.13822E-17  0.13822E-17  0.13822E-17  0.13822E-17  0.13822E-17  0.13822E-17  0.13822E-17  0.13822E-17  0.13822E-17  0.13822E-17  0.13822E-17  0.13822E-17  0.13822E-17  0.13822E-17  0.13822E-17  0.13822E-17  0.13822E-17  0.13822E-17  0.13822E-17  0.13822E-17  0.13822E-17
rxn00069
  0.00000E+00  0.84202E-11  0.84202E-11  0.84202E-11  0.84202E-11  0.84202E-11  0.84202E-11  0.84202E-11  0.84202E-11  0.84202E-11  0.84202E-11  0.84202E-11  0.84202E-11  0.84202E-11  0.84202E-11  0.84202E-11  0.84202E-11  0.84202E-11  0.84202E-11  0.84202E-11  0.84202E-11  0.84202E-11  0.84202E-11  0.84202E-11  0.84202E-11  0.84202E-11  0.84202E-11  0.84202E-11  0.84202E-11  0.84202E-11  0.84202E-11
rxn00070
  0.00000E+00  0.84650E-17  0.84650E-17  0.84650E-17  0.84650E-17  0.84650E-17  0.84650E-17  0.84650E-17  0.84650E-17  0.84650E-17  0.84650E-17  0.84650E-17  0.84650E-17  0.84650E-17  0.84650E-17  0.84650E-17  0.84650E-17  0.84650E-17  0.84650E-17  0.84650E-17  0.84650E-17  0.84650E-17  0.84650E-17  0.84650E-17  0.84650E-17  0.84650E-17  0.84650E-17  0.84650E-17  0.84650E-17  0.84650E-17  0.84650E-17
rxn00071
  0.00000E+00  0.23033E-15  0.23033E-15  0.23033E-15  0.23033E-15  0.23033E-15  0.23033E-15  0.23033E-15  0.23033E-15  0.23033E-15  0.23033E-15  0.23033E-15  0.23033E-15  0.23033E-15  0.23033E-15  0.23033E-15  0.23033E-15  0.23033E-15  0.23033E-15  0.23033E-15  0.23033E-15  0.23033E-15  0.23033E-15  0.23033E-15  0.23033E-15  0.23033E-15  0.23033E-15  0.23033E-15  0.23033E-15  0.23033E-15  0.23033E-15
rxn00072
  0.00000E+00  0.30148E-10  0.30148E-10  0.30148E-10  0.30148E-10  0.30148E-10  0.30148E-10  0.30148E-10  0.30148E-10  0.30148E-10  0.30148E-10  0.30148E-10  0.30148E-10  0.30148E-10  0.30148E-10  0.30148E-10  0.30148E-10  0.30148E-10  0.30148E-10  0.30148E-10  0.30148E-10  0.30148E-10  0.30148E-10  0.30148E-10  0.30148E-10  0.30148E-10  0.30148E-10  0.30148E-10  0.30148E-10  0.30148E-10  0.30148E-10
rxn00073
  0.00000E+00  0.69868E-10  0.69868E-10  0.69868E-10  0.69868E-10  0.69868E-10  0.69868E-10  0.69868E-10  0.69868E-10  0.69868E-10  0.69868E-10  0.69868E-10  0.69868E-10  0.69868E-10  0.69868E-10  0.69868E-10  0.69868E-10  0.69868E-10  0.69868E-10  0.69868E-10  0.69868E-10  0.69868E-10  0.69868E-10  0.69868E-10  0.69868E-10  0.69868E-10  0.69868E-10  0.69868E-10  0.69868E-10  0.69868E-10  0.69868E-10
rxn00074
  0.00000E+00  0.95240E-14  0.95240E-14  0.95240E-14  0.95240E-14  0.95240E-14  0.95240E-14  0.95240E-14  0.95240E-14  0.95240E-14  0.95240E-14  0.95240E-14  0.95240E-14  0.95240E-14  0.95240E-14  0.95240E-14  0.95240E-14  0.95240E-14  0.95240E-14  0.95240E-14  0.95240E-14  0.95240E-14  0.95240E-14  0.95240E-14  0.95240E-14  0.95240E-14  0.95240E-14  0.95240E-14  0.95240E-14  0.95240E-14  0.95240E-14
rxn00075
  0.00000E+00  0.25000E-11  0.25000E-11  0.25000E-11  0.25000E-11  0.25000E-11  0.25000E-11  0.25000E-11  0.25000E-11  0.25000E-11  0.25000E-11  0.25000E-11  0.25000E-11  0.25000E-11  0.25000E-11  0.25000E-11  0.25000E-11  0.25000E-11  0.25000E-11  0.25000E-11  0.25000E-11  0.25000E-11  0.25000E-11  0.25000E-11  0.25000E-11  0.25000E-11  0.25000E-11  0.25000E-11  0.25000E-11  0.25000E-11  0.25000E-11
rxn00076
  0.00000E+00  0.63744E-11  0.63744E-11  0.63744E-11  0.63744E-11  0.63744E-11  0.63744E-11  0.63744E-11  0.63744E-11  0.63744E-11  0.63744E-11  0.63744E-11  0.63744E-11  0.63744E-11  0.63744E-11  0.63744E-11  0.63744E-11  0.63744E-11  0.63744E-11  0.63744E-11  0.63744E-11  0.63744E-11  0.63744E-11  0.63744E-11  0.63744E-11  0.63744E-11  0.63744E-11  0.63744E-11  0.63744E-11  0.63744E-11  0.63744E-11
rxn00077
  0.00000E+00  0.25361E-10  0.25361E-10  0.25361E-10  0.25361E-10  0.25361E-10  0.25361E-10  0.25361E-10  0.25361E-10  0.25361E-10  0.25361E-10  0.25361E-10  0.25361E-10  0.25361E-10  0.25361E-10  0.25361E-10  0.25361E-10  0.25361E-10  0.25361E-10  0.25361E-10  0.25361E-10  0.25361E-10  0.25361E-10  0.25361E-10  0.25361E-10  0.25361E-10  0.25361E-10  0.25361E-10  0.25361E-10  0.25361E-10  0.25361E-10
rxn00078
  0.00000E+00  0.81000E-11  0.81000E-11  0.81000E-11  0.81000E-11  0.81000E-11  0.81000E-11  0.81000E-11  0.81000E-11  0.81000E-11  0.81000E-11  0.81000E-11  0.81000E-11  0.81000E-11  0.81000E-11  0.81000E-11  0.81000E-11  0.81000E-11  0.81000E-11  0.81000E-11  0.81000E-11  0.81000E-11  0.81000E-11  0.81000E-11  0.81000E-11  0.81000E-11  0.81000E-11  0.81000E-11  0.81000E-11  0.81000E-11  0.81000E-11
rxn00079
  0.00000E+00  0.41000E-10  0.41000E-10  0.41000E-10  0.41000E-10  0.41000E-10  0.41000E-10  0.41000E-10  0.41000E-10  0.41000E-10  0.41000E-10  0.41000E-10  0.41000E-10  0.41000E-10  0.41000E-10  0.41000E-10  0.41000E-10  0.41000E-10  0.41000E-10  0.41000E-10  0.41000E-10  0.41000E-10  0.41000E-10  0.41000E-10  0.41000E-10  0.41000E-10  0.41000E-10  0.41000E-10  0.41000E-10  0.41000E-10  0.41000E-10
rxn00080
  0.00000E+00  0.22000E-10  0.22000E-10  0.22000E-10  0.22000E-10  0.22000E-10  0.22000E-10  0.22000E-10  0.22000E-10  0.22000E-10  0.22000E-10  0.22000E-10  0.22000E-10  0.22000E-10  0.22000E-10  0.22000E-10  0.22000E-10  0.22000E-10  0.22000E-10  0.22000E-10  0.22000E-10  0.22000E-10  0.22000E-10  0.22000E-10  0.22000E-10  0.22000E-10  0.22000E-10  0.22000E-10  0.22000E-10  0.22000E-10  0.22000E-10
rxn00081
  0.00000E+00  0.14000E-10  0.14000E-10  0.14000E-10  0.14000E-10  0.14000E-10  0.14000E-10  0.14000E-10  0.14000E-10  0.14000E-10  0.14000E-10  0.14000E-10  0.14000E-10  0.14000E-10  0.14000E-10  0.14000E-10  0.14000E-10  0.14000E-10  0.14000E-10  0.14000E-10  0.14000E-10  0.14000E-10  0.14000E-10  0.14000E-10  0.14000E-10  0.14000E-10  0.14000E-10  0.14000E-10  0.14000E-10  0.14000E-10  0.14000E-10
rxn00082
  0.00000E+00  0.30000E-10  0.30000E-10  0.30000E-10  0.30000E-10  0.30000E-10  0.30000E-10  0.30000E-10  0.30000E-10  0.30000E-10  0.30000E-10  0.30000E-10  0.30000E-10  0.30000E-10  0.30000E-10  0.30000E-10  0.30000E-10  0.30000E-10  0.30000E-10  0.30000E-10  0.30000E-10  0.30000E-10  0.30000E-10  0.30000E-10  0.30000E-10  0.30000E-10  0.30000E-10  0.30000E-10  0.30000E-10  0.30000E-10  0.30000E-10
rxn00083
  0.00000E+00  0.96296E-17  0.96296E-17  0.96296E-17  0.96296E-17  0.96296E-17  0.96296E-17  0.96296E-17  0.96296E-17  0.96296E-17  0.96296E-17  0.96296E-17  0.96296E-17  0.96296E-17  0.96296E-17  0.96296E-17  0.96296E-17  0.96296E-17  0.96296E-17  0.96296E-17  0.96296E-17  0.96296E-17  0.96296E-17  0.96296E-17  0.96296E-17  0.96296E-17  0.96296E-17  0.96296E-17  0.96296E-17  0.96296E-17  0.96296E-17
rxn00084
  0.00000E+00  0.10653E-09  0.10653E-09  0.10653E-09  0.10653E-09  0.10653E-09  0.10653E-09  0.10653E-09  0.10653E-09  0.10653E-09  0.10653E-09  0.10653E-09  0.10653E-09  0.10653E-09  0.10653E-09  0.10653E-09  0.10653E-09  0.10653E-09  0.10653E-09  0.10653E-09  0.10653E-09  0.10653E-09  0.10653E-09  0.10653E-09  0.10653E-09  0.10653E-09  0.10653E-09  0.10653E-09  0.10653E-09  0.10653E-09  0.10653E-09
rxn00085
  0.00000E+00  0.11603E-16  0.11603E-16  0.11603E-16  0.11603E-16  0.11603E-16  0.11603E-16  0.11603E-16  0.11603E-16  0.11603E-16  0.11603E-16  0.11603E-16  0.11603E-16  0.11603E-16  0.11603E-16  0.11603E-16  0.11603E-16  0.11603E-16  0.11603E-16  0.11603E-16  0.11603E-16  0.11603E-16  0.11603E-16  0.11603E-16  0.11603E-16  0.11603E-16  0.11603E-16  0.11603E-16  0.11603E-16  0.11603E-16  0.11603E-16
rxn00086
  0.00000E+00  0.64448E-12  0.64448E-12  0.64448E-12  0.64448E-12  0.64448E-12  0.64448E-12  0.64448E-12  0.64448E-12  0.64448E-12  0.64448E-12  0.64448E-12  0.64448E-12  0.64448E-12  0.64448E-12  0.64448E-12  0.64448E-12  0.64448E-12  0.64448E-12  0.64448E-12  0.64448E-12  0.64448E-12  0.64448E-12  0.64448E-12  0.64448E-12  0.64448E-12  0.64448E-12  0.64448E-12  0.64448E-12  0.64448E-12  0.64448E-12
rxn00087
  0.00000E+00  0.33000E-10  0.33000E-10  0.33000E-10  0.33000E-10  0.33000E-10  0.33000E-10  0.33000E-10  0.33000E-10  0.33000E-10  0.33000E-10  0.33000E-10  0.33000E-10  0.33000E-10  0.33000E-10  0.33000E-10  0.33000E-10  0.33000E-10  0.33000E-10  0.33000E-10  0.33000E-10  0.33000E-10  0.33000E-10  0.33000E-10  0.33000E-10  0.33000E-10  0.33000E-10  0.33000E-10  0.33000E-10  0.33000E-10  0.33000E-10
rxn00088
  0.00000E+00  0.70000E-17  0.70000E-17  0.70000E-17  0.70000E-17  0.70000E-17  0.70000E-17  0.70000E-17  0.70000E-17  0.70000E-17  0.70000E-17  0.70000E-17  0.70000E-17  0.70000E-17  0.70000E-17  0.70000E-17  0.70000E-17  0.70000E-17  0.70000E-17  0.70000E-17  0.70000E-17  0.70000E-17  0.70000E-17  0.70000E-17  0.70000E-17  0.70000E-17  0.70000E-17  0.70000E-17  0.70000E-17  0.70000E-17  0.70000E-17
rxn00089
  0.00000E+00  0.10000E-14  0.10000E-14  0.10000E-14  0.10000E-14  0.10000E-14  0.10000E-14  0.10000E-14  0.10000E-14  0.10000E-14  0.10000E-14  0.10000E-14  0.10000E-14  0.10000E-14  0.10000E-14  0.10000E-14  0.10000E-14  0.10000E-14  0.10000E-14  0.10000E-14  0.10000E-14  0.10000E-14  0.10000E-14  0.10000E-14  0.10000E-14  0.10000E-14  0.10000E-14  0.10000E-14  0.10000E-14  0.10000E-14  0.10000E-14
rxn00090
  0.00000E+00  0.40000E-11  0.40000E-11  0.40000E-11  0.40000E-11  0.40000E-11  0.40000E-11  0.40000E-11  0.40000E-11  0.40000E-11  0.40000E-11  0.40000E-11  0.40000E-11  0.40000E-11  0.40000E-11  0.40000E-11  0.40000E-11  0.40000E-11  0.40000E-11  0.40000E-11  0.40000E-11  0.40000E-11  0.40000E-11  0.40000E-11  0.40000E-11  0.40000E-11  0.40000E-11  0.40000E-11  0.40000E-11  0.40000E-11  0.40000E-11
rxn00091
  0.00000E+00  0.40000E-11  0.40000E-11  0.40000E-11  0.40000E-11  0.40000E-11  0.40000E-11  0.40000E-11  0.40000E-11  0.40000E-11  0.40000E-11  0.40000E-11  0.40000E-11  0.40000E-11  0.40000E-11  0.40000E-11  0.40000E-11  0.40000E-11  0.40000E-11  0.40000E-11  0.40000E-11  0.40000E-11  0.40000E-11  0.40000E-11  0.40000E-11  0.40000E-11  0.40000E-11  0.40000E-11  0.40000E-11  0.40000E-11  0.40000E-11
rxn00092
  0.00000E+00  0.40000E-11  0.40000E-11  0.40000E-11  0.40000E-11  0.40000E-11  0.40000E-11  0.40000E-11  0.40000E-11  0.40000E-11  0.40000E-11  0.40000E-11  0.40000E-11  0.40000E-11  0.40000E-11  0.40000E-11  0.40000E-11  0.40000E-11  0.40000E-11  0.40000E-11  0.40000E-11  0.40000E-11  0.40000E-11  0.40000E-11  0.40000E-11  0.40000E-11  0.40000E-11  0.40000E-11  0.40000E-11  0.40000E-11  0.40000E-11
rxn00093
  0.00000E+00  0.15041E-10  0.15041E-10  0.15041E-10  0.15041E-10  0.15041E-10  0.15041E-10  0.15041E-10  0.15041E-10  0.15041E-10  0.15041E-10  0.15041E-10  0.15041E-10  0.15041E-10  0.15041E-10  0.15041E-10  0.15041E-10  0.15041E-10  0.15041E-10  0.15041E-10  0.15041E-10  0.15041E-10  0.15041E-10  0.15041E-10  0.15041E-10  0.15041E-10  0.15041E-10  0.15041E-10  0.15041E-10  0.15041E-10  0.15041E-10
rxn00094
  0.00000E+00  0.15041E-10  0.15041E-10  0.15041E-10  0.15041E-10  0.15041E-10  0.15041E-10  0.15041E-10  0.15041E-10  0.15041E-10  0.15041E-10  0.15041E-10  0.15041E-10  0.15041E-10  0.15041E-10  0.15041E-10  0.15041E-10  0.15041E-10  0.15041E-10  0.15041E-10  0.15041E-10  0.15041E-10  0.15041E-10  0.15041E-10  0.15041E-10  0.15041E-10  0.15041E-10  0.15041E-10  0.15041E-10  0.15041E-10  0.15041E-10
rxn00095
  0.00000E+00  0.15041E-10  0.15041E-10  0.15041E-10  0.15041E-10  0.15041E-10  0.15041E-10  0.15041E-10  0.15041E-10  0.15041E-10  0.15041E-10  0.15041E-10  0.15041E-10  0.15041E-10  0.15041E-10  0.15041E-10  0.15041E-10  0.15041E-10  0.15041E-10  0.15041E-10  0.15041E-10  0.15041E-10  0.15041E-10  0.15041E-10  0.15041E-10  0.15041E-10  0.15041E-10  0.15041E-10  0.15041E-10  0.15041E-10  0.15041E-10
rxn00096
  0.00000E+00  0.75735E-11  0.75735E-11  0.75735E-11  0.75735E-11  0.75735E-11  0.75735E-11  0.75735E-11  0.75735E-11  0.75735E-11  0.75735E-11  0.75735E-11  0.75735E-11  0.75735E-11  0.75735E-11  0.75735E-11  0.75735E-11  0.75735E-11  0.75735E-11  0.75735E-11  0.75735E-11  0.75735E-11  0.75735E-11  0.75735E-11  0.75735E-11  0.75735E-11  0.75735E-11  0.75735E-11  0.75735E-11  0.75735E-11  0.75735E-11
rxn00097
  0.00000E+00  0.75735E-11  0.75735E-11  0.75735E-11  0.75735E-11  0.75735E-11  0.75735E-11  0.75735E-11  0.75735E-11  0.75735E-11  0.75735E-11  0.75735E-11  0.75735E-11  0.75735E-11  0.75735E-11  0.75735E-11  0.75735E-11  0.75735E-11  0.75735E-11  0.75735E-11  0.75735E-11  0.75735E-11  0.75735E-11  0.75735E-11  0.75735E-11  0.75735E-11  0.75735E-11  0.75735E-11  0.75735E-11  0.75735E-11  0.75735E-11
rxn00098
  0.00000E+00  0.75735E-11  0.75735E-11  0.75735E-11  0.75735E-11  0.75735E-11  0.75735E-11  0.75735E-11  0.75735E-11  0.75735E-11  0.75735E-11  0.75735E-11  0.75735E-11  0.75735E-11  0.75735E-11  0.75735E-11  0.75735E-11  0.75735E-11  0.75735E-11  0.75735E-11  0.75735E-11  0.75735E-11  0.75735E-11  0.75735E-11  0.75735E-11  0.75735E-11  0.75735E-11  0.75735E-11  0.75735E-11  0.75735E-11  0.75735E-11
rxn00099
  0.00000E+00  0.24856E-11  0.24856E-11  0.24856E-11  0.24856E-11  0.24856E-11  0.24856E-11  0.24856E-11  0.24856E-11  0.24856E-11  0.24856E-11  0.24856E-11  0.24856E-11  0.24856E-11  0.24856E-11  0.24856E-11  0.24856E-11  0.24856E-11  0.24856E-11  0.24856E-11  0.24856E-11  0.24856E-11  0.24856E-11  0.24856E-11  0.24856E-11  0.24856E-11  0.24856E-11  0.24856E-11  0.24856E-11  0.24856E-11  0.24856E-11
rxn00100
  0.00000E+00  0.90813E-11  0.90813E-11  0.90813E-11  0.90813E-11  0.90813E-11  0.90813E-11  0.90813E-11  0.90813E-11  0.90813E-11  0.90813E-11  0.90813E-11  0.90813E-11  0.90813E-11  0.90813E-11  0.90813E-11  0.90813E-11  0.90813E-11  0.90813E-11  0.90813E-11  0.90813E-11  0.90813E-11  0.90813E-11  0.90813E-11  0.90813E-11  0.90813E-11  0.90813E-11  0.90813E-11  0.90813E-11  0.90813E-11  0.90813E-11
rxn00101
  0.00000E+00  0.10914E-03  0.10914E-03  0.10914E-03  0.10914E-03  0.10914E-03  0.10914E-03  0.10914E-03  0.10914E-03  0.10914E-03  0.10914E-03  0.10914E-03  0.10914E-03  0.10914E-03  0.10914E-03  0.10914E-03  0.10914E-03  0.10914E-03  0.10914E-03  0.10914E-03  0.10914E-03  0.10914E-03  0.10914E-03  0.10914E-03  0.10914E-03  0.10914E-03  0.10914E-03  0.10914E-03  0.10914E-03  0.10914E-03  0.10914E-03
rxn00102
  0.00000E+00  0.78784E-11  0.78784E-11  0.78784E-11  0.78784E-11  0.78784E-11  0.78784E-11  0.78784E-11  0.78784E-11  0.78784E-11  0.78784E-11  0.78784E-11  0.78784E-11  0.78784E-11  0.78784E-11  0.78784E-11  0.78784E-11  0.78784E-11  0.78784E-11  0.78784E-11  0.78784E-11  0.78784E-11  0.78784E-11  0.78784E-11  0.78784E-11  0.78784E-11  0.78784E-11  0.78784E-11  0.78784E-11  0.78784E-11  0.78784E-11
rxn00103
  0.00000E+00  0.91535E-11  0.91535E-11  0.91535E-11  0.91535E-11  0.91535E-11  0.91535E-11  0.91535E-11  0.91535E-11  0.91535E-11  0.91535E-11  0.91535E-11  0.91535E-11  0.91535E-11  0.91535E-11  0.91535E-11  0.91535E-11  0.91535E-11  0.91535E-11  0.91535E-11  0.91535E-11  0.91535E-11  0.91535E-11  0.91535E-11  0.91535E-11  0.91535E-11  0.91535E-11  0.91535E-11  0.91535E-11  0.91535E-11  0.91535E-11
rxn00104
  0.00000E+00  0.40000E-11  0.40000E-11  0.40000E-11  0.40000E-11  0.40000E-11  0.40000E-11  0.40000E-11  0.40000E-11  0.40000E-11  0.40000E-11  0.40000E-11  0.40000E-11  0.40000E-11  0.40000E-11  0.40000E-11  0.40000E-11  0.40000E-11  0.40000E-11  0.40000E-11  0.40000E-11  0.40000E-11  0.40000E-11  0.40000E-11  0.40000E-11  0.40000E-11  0.40000E-11  0.40000E-11  0.40000E-11  0.40000E-11  0.40000E-11
rxn00105
  0.00000E+00  0.18340E-10  0.18340E-10  0.18340E-10  0.18340E-10  0.18340E-10  0.18340E-10  0.18340E-10  0.18340E-10  0.18340E-10  0.18340E-10  0.18340E-10  0.18340E-10  0.18340E-10  0.18340E-10  0.18340E-10  0.18340E-10  0.18340E-10  0.18340E-10  0.18340E-10  0.18340E-10  0.18340E-10  0.18340E-10  0.18340E-10  0.18340E-10  0.18340E-10  0.18340E-10  0.18340E-10  0.18340E-10  0.18340E-10  0.18340E-10
rxn00106
  0.00000E+00  0.40000E-11  0.40000E-11  0.40000E-11  0.40000E-11  0.40000E-11  0.40000E-11  0.40000E-11  0.40000E-11  0.40000E-11  0.40000E-11  0.40000E-11  0.40000E-11  0.40000E-11  0.40000E-11  0.40000E-11  0.40000E-11  0.40000E-11  0.40000E-11  0.40000E-11  0.40000E-11  0.40000E-11  0.40000E-11  0.40000E-11  0.40000E-11  0.40000E-11  0.40000E-11  0.40000E-11  0.40000E-11  0.40000E-11  0.40000E-11
rxn00107
  0.00000E+00  0.40000E-11  0.40000E-11  0.40000E-11  0.40000E-11  0.40000E-11  0.40000E-11  0.40000E-11  0.40000E-11  0.40000E-11  0.40000E-11  0.40000E-11  0.40000E-11  0.40000E-11  0.40000E-11  0.40000E-11  0.40000E-11  0.40000E-11  0.40000E-11  0.40000E-11  0.40000E-11  0.40000E-11  0.40000E-11  0.40000E-11  0.40000E-11  0.40000E-11  0.40000E-11  0.40000E-11  0.40000E-11  0.40000E-11  0.40000E-11
rxn00108
  0.00000E+00  0.40000E-11  0.40000E-11  0.40000E-11  0.40000E-11  0.40000E-11  0.40000E-11  0.40000E-11  0.40000E-11  0.40000E-11  0.40000E-11  0.40000E-11  0.40000E-11  0.40000E-11  0.40000E-11  0.40000E-11  0.40000E-11  0.40000E-11  0.40000E-11  0.40000E-11  0.40000E-11  0.40000E-11  0.40000E-11  0.40000E-11  0.40000E-11  0.40000E-11  0.40000E-11  0.40000E-11  0.40000E-11  0.40000E-11  0.40000E-11
rxn00109
  0.00000E+00  0.11000E-11  0.11000E-11  0.11000E-11  0.11000E-11  0.11000E-11  0.11000E-11  0.11000E-11  0.11000E-11  0.11000E-11  0.11000E-11  0.11000E-11  0.11000E-11  0.11000E-11  0.11000E-11  0.11000E-11  0.11000E-11  0.11000E-11  0.11000E-11  0.11000E-11  0.11000E-11  0.11000E-11  0.11000E-11  0.11000E-11  0.11000E-11  0.11000E-11  0.11000E-11  0.11000E-11  0.11000E-11  0.11000E-11  0.11000E-11
rxn00110
  0.00000E+00  0.25000E-11  0.25000E-11  0.25000E-11  0.25000E-11  0.25000E-11  0.25000E-11  0.25000E-11  0.25000E-11  0.25000E-11  0.25000E-11  0.25000E-11  0.25000E-11  0.25000E-11  0.25000E-11  0.25000E-11  0.25000E-11  0.25000E-11  0.25000E-11  0.25000E-11  0.25000E-11  0.25000E-11  0.25000E-11  0.25000E-11  0.25000E-11  0.25000E-11  0.25000E-11  0.25000E-11  0.25000E-11  0.25000E-11  0.25000E-11
rxn00111
  0.00000E+00  0.25000E-11  0.25000E-11  0.25000E-11  0.25000E-11  0.25000E-11  0.25000E-11  0.25000E-11  0.25000E-11  0.25000E-11  0.25000E-11  0.25000E-11  0.25000E-11  0.25000E-11  0.25000E-11  0.25000E-11  0.25000E-11  0.25000E-11  0.25000E-11  0.25000E-11  0.25000E-11  0.25000E-11  0.25000E-11  0.25000E-11  0.25000E-11  0.25000E-11  0.25000E-11  0.25000E-11  0.25000E-11  0.25000E-11  0.25000E-11
rxn00112
  0.00000E+00  0.40000E-11  0.40000E-11  0.40000E-11  0.40000E-11  0.40000E-11  0.40000E-11  0.40000E-11  0.40000E-11  0.40000E-11  0.40000E-11  0.40000E-11  0.40000E-11  0.40000E-11  0.40000E-11  0.40000E-11  0.40000E-11  0.40000E-11  0.40000E-11  0.40000E-11  0.40000E-11  0.40000E-11  0.40000E-11  0.40000E-11  0.40000E-11  0.40000E-11  0.40000E-11  0.40000E-11  0.40000E-11  0.40000E-11  0.40000E-11
rxn00113
  0.00000E+00  0.12000E-11  0.12000E-11  0.12000E-11  0.12000E-11  0.12000E-11  0.12000E-11  0.12000E-11  0.12000E-11  0.12000E-11  0.12000E-11  0.12000E-11  0.12000E-11  0.12000E-11  0.12000E-11  0.12000E-11  0.12000E-11  0.12000E-11  0.12000E-11  0.12000E-11  0.12000E-11  0.12000E-11  0.12000E-11  0.12000E-11  0.12000E-11  0.12000E-11  0.12000E-11  0.12000E-11  0.12000E-11  0.12000E-11  0.12000E-11
rxn00114
  0.00000E+00  0.40000E-11  0.40000E-11  0.40000E-11  0.40000E-11  0.40000E-11  0.40000E-11  0.40000E-11  0.40000E-11  0.40000E-11  0.40000E-11  0.40000E-11  0.40000E-11  0.40000E-11  0.40000E-11  0.40000E-11  0.40000E-11  0.40000E-11  0.40000E-11  0.40000E-11  0.40000E-11  0.40000E-11  0.40000E-11  0.40000E-11  0.40000E-11  0.40000E-11  0.40000E-11  0.40000E-11  0.40000E-11  0.40000E-11  0.40000E-11
rxn00115
  0.00000E+00  0.25000E-11  0.25000E-11  0.25000E-11  0.25000E-11  0.25000E-11  0.25000E-11  0.25000E-11  0.25000E-11  0.25000E-11  0.25000E-11  0.25000E-11  0.25000E-11  0.25000E-11  0.25000E-11  0.25000E-11  0.25000E-11  0.25000E-11  0.25000E-11  0.25000E-11  0.25000E-11  0.25000E-11  0.25000E-11  0.25000E-11  0.25000E-11  0.25000E-11  0.25000E-11  0.25000E-11  0.25000E-11  0.25000E-11  0.25000E-11
rxn00116
  0.00000E+00  0.59957E-11  0.59957E-11  0.59957E-11  0.59957E-11  0.59957E-11  0.59957E-11  0.59957E-11  0.59957E-11  0.59957E-11  0.59957E-11  0.59957E-11  0.59957E-11  0.59957E-11  0.59957E-11  0.59957E-11  0.59957E-11  0.59957E-11  0.59957E-11  0.59957E-11  0.59957E-11  0.59957E-11  0.59957E-11  0.59957E-11  0.59957E-11  0.59957E-11  0.59957E-11  0.59957E-11  0.59957E-11  0.59957E-11  0.59957E-11
rxn00117
  0.00000E+00  0.83822E-11  0.83822E-11  0.83822E-11  0.83822E-11  0.83822E-11  0.83822E-11  0.83822E-11  0.83822E-11  0.83822E-11  0.83822E-11  0.83822E-11  0.83822E-11  0.83822E-11  0.83822E-11  0.83822E-11  0.83822E-11  0.83822E-11  0.83822E-11  0.83822E-11  0.83822E-11  0.83822E-11  0.83822E-11  0.83822E-11  0.83822E-11  0.83822E-11  0.83822E-11  0.83822E-11  0.83822E-11  0.83822E-11  0.83822E-11
rxn00118
  0.00000E+00  0.15041E-10  0.15041E-10  0.15041E-10  0.15041E-10  0.15041E-10  0.15041E-10  0.15041E-10  0.15041E-10  0.15041E-10  0.15041E-10  0.15041E-10  0.15041E-10  0.15041E-10  0.15041E-10  0.15041E-10  0.15041E-10  0.15041E-10  0.15041E-10  0.15041E-10  0.15041E-10  0.15041E-10  0.15041E-10  0.15041E-10  0.15041E-10  0.15041E-10  0.15041E-10  0.15041E-10  0.15041E-10  0.15041E-10  0.15041E-10
rxn00119
  0.00000E+00  0.14151E-10  0.14151E-10  0.14151E-10  0.14151E-10  0.14151E-10  0.14151E-10  0.14151E-10  0.14151E-10  0.14151E-10  0.14151E-10  0.14151E-10  0.14151E-10  0.14151E-10  0.14151E-10  0.14151E-10  0.14151E-10  0.14151E-10  0.14151E-10  0.14151E-10  0.14151E-10  0.14151E-10  0.14151E-10  0.14151E-10  0.14151E-10  0.14151E-10  0.14151E-10  0.14151E-10  0.14151E-10  0.14151E-10  0.14151E-10
rxn00120
  0.00000E+00  0.10617E-10  0.10617E-10  0.10617E-10  0.10617E-10  0.10617E-10  0.10617E-10  0.10617E-10  0.10617E-10  0.10617E-10  0.10617E-10  0.10617E-10  0.10617E-10  0.10617E-10  0.10617E-10  0.10617E-10  0.10617E-10  0.10617E-10  0.10617E-10  0.10617E-10  0.10617E-10  0.10617E-10  0.10617E-10  0.10617E-10  0.10617E-10  0.10617E-10  0.10617E-10  0.10617E-10  0.10617E-10  0.10617E-10  0.10617E-10
rxn00121
  0.00000E+00  0.15041E-10  0.15041E-10  0.15041E-10  0.15041E-10  0.15041E-10  0.15041E-10  0.15041E-10  0.15041E-10  0.15041E-10  0.15041E-10  0.15041E-10  0.15041E-10  0.15041E-10  0.15041E-10  0.15041E-10  0.15041E-10  0.15041E-10  0.15041E-10  0.15041E-10  0.15041E-10  0.15041E-10  0.15041E-10  0.15041E-10  0.15041E-10  0.15041E-10  0.15041E-10  0.15041E-10  0.15041E-10  0.15041E-10  0.15041E-10
rxn00122
  0.00000E+00  0.15041E-10  0.15041E-10  0.15041E-10  0.15041E-10  0.15041E-10  0.15041E-10  0.15041E-10  0.15041E-10  0.15041E-10  0.15041E-10  0.15041E-10  0.15041E-10  0.15041E-10  0.15041E-10  0.15041E-10  0.15041E-10  0.15041E-10  0.15041E-10  0.15041E-10  0.15041E-10  0.15041E-10  0.15041E-10  0.15041E-10  0.15041E-10  0.15041E-10  0.15041E-10  0.15041E-10  0.15041E-10  0.15041E-10  0.15041E-10
rxn00123
  0.00000E+00  0.00000E+00  0.29037E-03  0.41327E-03  0.47376E-03  0.51516E-03  0.55042E-03  0.58340E-03  0.61478E-03  0.64486E-03  0.67336E-03  0.70043E-03  0.72596E-03  0.75005E-03  0.77264E-03  0.79390E-03  0.81390E-03  0.83267E-03  0.85028E-03  0.86682E-03  0.88236E-03  0.89693E-03  0.91062E-03  0.92345E-03  0.93550E-03  0.94680E-03  0.95741E-03  0.96736E-03  0.97667E-03  0.98540E-03  0.99358E-03
rxn00124
  0.00000E+00  0.00000E+00  0.10955E-03  0.15581E-03  0.17857E-03  0.19415E-03  0.20742E-03  0.21983E-03  0.23165E-03  0.24297E-03  0.25370E-03  0.26388E-03  0.27349E-03  0.28256E-03  0.29106E-03  0.29906E-03  0.30659E-03  0.31365E-03  0.32028E-03  0.32650E-03  0.33234E-03  0.33783E-03  0.34297E-03  0.34780E-03  0.35233E-03  0.35658E-03  0.36057E-03  0.36430E-03  0.36780E-03  0.37108E-03  0.37415E-03
rxn00125
  0.00000E+00  0.00000E+00  0.17086E-02  0.24262E-02  0.27790E-02  0.30208E-02  0.32268E-02  0.34195E-02  0.36029E-02  0.37788E-02  0.39455E-02  0.41038E-02  0.42531E-02  0.43940E-02  0.45262E-02  0.46506E-02  0.47677E-02  0.48776E-02  0.49808E-02  0.50777E-02  0.51687E-02  0.52542E-02  0.53344E-02  0.54097E-02  0.54803E-02  0.55467E-02  0.56089E-02  0.56673E-02  0.57220E-02  0.57734E-02  0.58215E-02
rxn00126
  0.00000E+00  0.00000E+00  0.11832E-02  0.16850E-02  0.19318E-02  0.21008E-02  0.22447E-02  0.23792E-02  0.25072E-02  0.26299E-02  0.27461E-02  0.28565E-02  0.29606E-02  0.30588E-02  0.31508E-02  0.32374E-02  0.33189E-02  0.33953E-02  0.34669E-02  0.35342E-02  0.35974E-02  0.36567E-02  0.37123E-02  0.37644E-02  0.38133E-02  0.38591E-02  0.39022E-02  0.39424E-02  0.39801E-02  0.40155E-02  0.40485E-02
rxn00127
  0.00000E+00  0.00000E+00  0.42012E-03  0.59751E-03  0.68478E-03  0.74453E-03  0.79543E-03  0.84302E-03  0.88832E-03  0.93174E-03  0.97288E-03  0.10119E-02  0.10488E-02  0.10836E-02  0.11162E-02  0.11468E-02  0.11757E-02  0.12028E-02  0.12282E-02  0.12521E-02  0.12745E-02  0.12955E-02  0.13152E-02  0.13338E-02  0.13511E-02  0.13674E-02  0.13827E-02  0.13970E-02  0.14105E-02  0.14230E-02  0.14348E-02
rxn00128
  0.00000E+00  0.00000E+00  0.29384E-03  0.41790E-03  0.47894E-03  0.52073E-03  0.55633E-03  0.58961E-03  0.62129E-03  0.65166E-03  0.68043E-03  0.70775E-03  0.73352E-03  0.75783E-03  0.78063E-03  0.80209E-03  0.82227E-03  0.84121E-03  0.85898E-03  0.87567E-03  0.89134E-03  0.90604E-03  0.91984E-03  0.93278E-03  0.94493E-03  0.95632E-03  0.96701E-03  0.97703E-03  0.98641E-03  0.99521E-03  0.10034E-02
rxn00129
  0.00000E+00  0.00000E+00  0.24568E-03  0.34227E-03  0.38741E-03  0.41826E-03  0.44498E-03  0.47030E-03  0.49461E-03  0.51802E-03  0.54030E-03  0.56153E-03  0.58162E-03  0.60063E-03  0.61852E-03  0.63541E-03  0.65136E-03  0.66638E-03  0.68054E-03  0.69390E-03  0.70650E-03  0.71838E-03  0.72960E-03  0.74018E-03  0.75017E-03  0.75960E-03  0.76851E-03  0.77692E-03  0.78486E-03  0.79237E-03  0.79946E-03
rxn00130
  0.00000E+00  0.00000E+00  0.40322E-03  0.57731E-03  0.66448E-03  0.72421E-03  0.77481E-03  0.82192E-03  0.86667E-03  0.90951E-03  0.95008E-03  0.98860E-03  0.10249E-02  0.10592E-02  0.10913E-02  0.11216E-02  0.11501E-02  0.11768E-02  0.12018E-02  0.12254E-02  0.12475E-02  0.12682E-02  0.12877E-02  0.13060E-02  0.13231E-02  0.13392E-02  0.13543E-02  0.13684E-02  0.13817E-02  0.13941E-02  0.14058E-02
rxn00131
  0.00000E+00  0.00000E+00  0.41479E-03  0.58989E-03  0.67598E-03  0.73486E-03  0.78498E-03  0.83181E-03  0.87635E-03  0.91901E-03  0.95940E-03  0.99772E-03  0.10338E-02  0.10679E-02  0.10997E-02  0.11297E-02  0.11578E-02  0.11842E-02  0.12089E-02  0.12321E-02  0.12538E-02  0.12742E-02  0.12932E-02  0.13110E-02  0.13277E-02  0.13434E-02  0.13580E-02  0.13717E-02  0.13844E-02  0.13963E-02  0.14075E-02
rxn00132
  0.00000E+00  0.00000E+00  0.39147E-03  0.55892E-03  0.64221E-03  0.69935E-03  0.74793E-03  0.79325E-03  0.83633E-03  0.87760E-03  0.91668E-03  0.95377E-03  0.98876E-03  0.10217E-02  0.10527E-02  0.10818E-02  0.11091E-02  0.11348E-02  0.11588E-02  0.11814E-02  0.12027E-02  0.12225E-02  0.12412E-02  0.12587E-02  0.12751E-02  0.12905E-02  0.13049E-02  0.13184E-02  0.13310E-02  0.13429E-02  0.13540E-02
