rxn00001
  0.00000E+00  0.68295E+09  0.67013E+09  0.66025E+09  0.65269E+09  0.64690E+09  0.64246E+09  0.63903E+09  0.63636E+09  0.63427E+09  0.63265E+09  0.63134E+09  0.63028E+09  0.62945E+09  0.62881E+09  0.62828E+09  0.62788E+09  0.62755E+09  0.62729E+09  0.62704E+09  0.62685E+09  0.62668E+09  0.62652E+09  0.62640E+09  0.62629E+09  0.62620E+09  0.62611E+09  0.62604E+09  0.62597E+09  0.62590E+09  0.62585E+09
rxn00002
  0.00000E+00  0.55123E+02  0.54160E+02  0.53416E+02  0.52847E+02  0.52409E+02  0.52073E+02  0.51814E+02  0.51612E+02  0.51454E+02  0.51331E+02  0.51232E+02  0.51152E+02  0.51089E+02  0.51040E+02  0.51000E+02  0.50970E+02  0.50944E+02  0.50925E+02  0.50906E+02  0.50892E+02  0.50879E+02  0.50867E+02  0.50858E+02  0.50850E+02  0.50843E+02  0.50836E+02  0.50830E+02  0.50825E+02  0.50820E+02  0.50816E+02
rxn00003
  0.00000E+00  0.57838E+02  0.74870E+02  0.87478E+02  0.96807E+02  0.10377E+03  0.10901E+03  0.11297E+03  0.11600E+03  0.11833E+03  0.12011E+03  0.12153E+03  0.12264E+03  0.12350E+03  0.12414E+03  0.12465E+03  0.12501E+03  0.12530E+03  0.12550E+03  0.12569E+03  0.12581E+03  0.12591E+03  0.12600E+03  0.12604E+03  0.12607E+03  0.12608E+03  0.12609E+03  0.12609E+03  0.12607E+03  0.12605E+03  0.12602E+03
rxn00004
  0.00000E+00  0.20430E+04  0.18856E+04  0.17675E+04  0.16790E+04  0.16122E+04  0.15615E+04  0.15228E+04  0.14929E+04  0.14696E+04  0.14517E+04  0.14371E+04  0.14255E+04  0.14163E+04  0.14093E+04  0.14035E+04  0.13992E+04  0.13955E+04  0.13926E+04  0.13899E+04  0.13879E+04  0.13860E+04  0.13843E+04  0.13830E+04  0.13818E+04  0.13808E+04  0.13798E+04  0.13790E+04  0.13783E+04  0.13775E+04  0.13769E+04
rxn00005
  0.00000E+00  0.61283E+03  0.56563E+03  0.53018E+03  0.50364E+03  0.48360E+03  0.46841E+03  0.45680E+03  0.44784E+03  0.44085E+03  0.43546E+03  0.43109E+03  0.42760E+03  0.42486E+03  0.42274E+03  0.42101E+03  0.41971E+03  0.41860E+03  0.41775E+03  0.41693E+03  0.41632E+03  0.41576E+03  0.41525E+03  0.41486E+03  0.41450E+03  0.41420E+03  0.41390E+03  0.41366E+03  0.41343E+03  0.41322E+03  0.41303E+03
rxn00006
  0.00000E+00  0.38480E+08  0.38531E+08  0.38570E+08  0.38601E+08  0.38624E+08  0.38642E+08  0.38656E+08  0.38667E+08  0.38675E+08  0.38682E+08  0.38687E+08  0.38691E+08  0.38695E+08  0.38697E+08  0.38699E+08  0.38701E+08  0.38703E+08  0.38704E+08  0.38705E+08  0.38705E+08  0.38706E+08  0.38707E+08  0.38707E+08  0.38708E+08  0.38708E+08  0.38709E+08  0.38709E+08  0.38709E+08  0.38710E+08  0.38710E+08
rxn00007
  0.00000E+00  0.67055E+08  0.88580E+08  0.10515E+09  0.11781E+09  0.12749E+09  0.13491E+09  0.14061E+09  0.14503E+09  0.14847E+09  0.15110E+09  0.15323E+09  0.15492E+09  0.15622E+09  0.15720E+09  0.15799E+09  0.15855E+09  0.15901E+09  0.15933E+09  0.15964E+09  0.15985E+09  0.16002E+09  0.16017E+09  0.16026E+09  0.16033E+09  0.16037E+09  0.16041E+09  0.16042E+09  0.16042E+09  0.16041E+09  0.16039E+09
rxn00008
  0.00000E+00  0.66676E+06  0.62802E+06  0.59809E+06  0.57517E+06  0.55757E+06  0.54404E+06  0.53359E+06  0.52546E+06  0.51908E+06  0.51414E+06  0.51011E+06  0.50689E+06  0.50435E+06  0.50238E+06  0.50077E+06  0.49955E+06  0.49853E+06  0.49773E+06  0.49697E+06  0.49640E+06  0.49587E+06  0.49540E+06  0.49503E+06  0.49470E+06  0.49441E+06  0.49413E+06  0.49390E+06  0.49370E+06  0.49349E+06  0.49332E+06
rxn00009
  0.00000E+00  0.20414E+01  0.35529E+01  0.49965E+01  0.62616E+01  0.73246E+01  0.81942E+01  0.88951E+01  0.94570E+01  0.99067E+01  0.10258E+02  0.10547E+02  0.10777E+02  0.10957E+02  0.11094E+02  0.11204E+02  0.11283E+02  0.11347E+02  0.11393E+02  0.11437E+02  0.11465E+02  0.11491E+02  0.11511E+02  0.11523E+02  0.11533E+02  0.11539E+02  0.11544E+02  0.11546E+02  0.11545E+02  0.11544E+02  0.11541E+02
rxn00010
  0.00000E+00  0.22413E+06  0.26310E+06  0.27673E+06  0.28340E+06  0.28647E+06  0.28770E+06  0.28798E+06  0.28780E+06  0.28738E+06  0.28689E+06  0.28637E+06  0.28585E+06  0.28537E+06  0.28494E+06  0.28455E+06  0.28421E+06  0.28390E+06  0.28363E+06  0.28337E+06  0.28315E+06  0.28294E+06  0.28275E+06  0.28258E+06  0.28242E+06  0.28227E+06  0.28213E+06  0.28200E+06  0.28188E+06  0.28176E+06  0.28166E+06
rxn00011
  0.00000E+00  0.27008E+02  0.22605E+02  0.19075E+02  0.16768E+02  0.15182E+02  0.14060E+02  0.13243E+02  0.12637E+02  0.12176E+02  0.11830E+02  0.11553E+02  0.11334E+02  0.11165E+02  0.11035E+02  0.10930E+02  0.10852E+02  0.10787E+02  0.10737E+02  0.10690E+02  0.10656E+02  0.10625E+02  0.10598E+02  0.10578E+02  0.10560E+02  0.10546E+02  0.10532E+02  0.10522E+02  0.10513E+02  0.10505E+02  0.10498E+02
rxn00012
  0.00000E+00  0.52430E+05  0.43884E+05  0.37029E+05  0.32551E+05  0.29474E+05  0.27294E+05  0.25710E+05  0.24531E+05  0.23638E+05  0.22965E+05  0.22428E+05  0.22003E+05  0.21674E+05  0.21422E+05  0.21218E+05  0.21067E+05  0.20940E+05  0.20844E+05  0.20753E+05  0.20687E+05  0.20627E+05  0.20574E+05  0.20535E+05  0.20500E+05  0.20473E+05  0.20446E+05  0.20426E+05  0.20409E+05  0.20393E+05  0.20380E+05
rxn00013
  0.00000E+00  0.38228E+07  0.38279E+07  0.38318E+07  0.38348E+07  0.38372E+07  0.38389E+07  0.38403E+07  0.38414E+07  0.38422E+07  0.38429E+07  0.38434E+07  0.38438E+07  0.38442E+07  0.38444E+07  0.38447E+07  0.38448E+07  0.38450E+07  0.38451E+07  0.38452E+07  0.38453E+07  0.38453E+07  0.38454E+07  0.38454E+07  0.38455E+07  0.38455E+07  0.38456E+07  0.38456E+07  0.38456E+07  0.38457E+07  0.38457E+07
rxn00014
  0.00000E+00  0.14856E+06  0.16407E+06  0.17744E+06  0.18783E+06  0.19564E+06  0.20140E+06  0.20564E+06  0.20882E+06  0.21126E+06  0.21314E+06  0.21470E+06  0.21601E+06  0.21711E+06  0.21807E+06  0.21896E+06  0.21977E+06  0.22056E+06  0.22132E+06  0.22207E+06  0.22282E+06  0.22356E+06  0.22430E+06  0.22505E+06  0.22580E+06  0.22656E+06  0.22732E+06  0.22809E+06  0.22886E+06  0.22964E+06  0.23043E+06
rxn00015
  0.00000E+00  0.15379E+06  0.16962E+06  0.18325E+06  0.19383E+06  0.20177E+06  0.20761E+06  0.21191E+06  0.21512E+06  0.21759E+06  0.21949E+06  0.22107E+06  0.22238E+06  0.22350E+06  0.22448E+06  0.22538E+06  0.22620E+06  0.22700E+06  0.22778E+06  0.22855E+06  0.22931E+06  0.23008E+06  0.23084E+06  0.23160E+06  0.23237E+06  0.23314E+06  0.23392E+06  0.23471E+06  0.23551E+06  0.23631E+06  0.23712E+06
rxn00016
  0.00000E+00  0.12869E+07  0.14194E+07  0.15334E+07  0.16220E+07  0.16884E+07  0.17373E+07  0.17733E+07  0.18002E+07  0.18208E+07  0.18367E+07  0.18499E+07  0.18609E+07  0.18703E+07  0.18784E+07  0.18859E+07  0.18928E+07  0.18995E+07  0.19060E+07  0.19125E+07  0.19189E+07  0.19252E+07  0.19316E+07  0.19380E+07  0.19444E+07  0.19509E+07  0.19574E+07  0.19640E+07  0.19706E+07  0.19773E+07  0.19841E+07
rxn00017
  0.00000E+00  0.93131E+05  0.10271E+06  0.11095E+06  0.11734E+06  0.12213E+06  0.12565E+06  0.12824E+06  0.13017E+06  0.13164E+06  0.13277E+06  0.13371E+06  0.13449E+06  0.13515E+06  0.13572E+06  0.13625E+06  0.13673E+06  0.13720E+06  0.13765E+06  0.13810E+06  0.13854E+06  0.13899E+06  0.13943E+06  0.13987E+06  0.14032E+06  0.14077E+06  0.14122E+06  0.14168E+06  0.14214E+06  0.14260E+06  0.14308E+06
rxn00018
  0.00000E+00  0.38380E+05  0.61780E+05  0.75683E+05  0.83792E+05  0.88467E+05  0.91070E+05  0.92446E+05  0.93115E+05  0.93383E+05  0.93425E+05  0.93370E+05  0.93264E+05  0.93143E+05  0.93038E+05  0.92955E+05  0.92918E+05  0.92907E+05  0.92941E+05  0.92981E+05  0.93067E+05  0.93164E+05  0.93275E+05  0.93422E+05  0.93581E+05  0.93760E+05  0.93944E+05  0.94151E+05  0.94370E+05  0.94593E+05  0.94833E+05
rxn00019
  0.00000E+00  0.50006E+04  0.88662E+04  0.11722E+05  0.13717E+05  0.15066E+05  0.15951E+05  0.16521E+05  0.16889E+05  0.17127E+05  0.17282E+05  0.17393E+05  0.17475E+05  0.17539E+05  0.17594E+05  0.17648E+05  0.17705E+05  0.17765E+05  0.17832E+05  0.17899E+05  0.17975E+05  0.18053E+05  0.18134E+05  0.18223E+05  0.18314E+05  0.18410E+05  0.18508E+05  0.18611E+05  0.18717E+05  0.18825E+05  0.18937E+05
rxn00020
  0.00000E+00  0.12642E+04  0.32669E+04  0.48927E+04  0.59879E+04  0.66667E+04  0.70583E+04  0.72680E+04  0.73693E+04  0.74086E+04  0.74127E+04  0.74019E+04  0.73835E+04  0.73631E+04  0.73454E+04  0.73317E+04  0.73251E+04  0.73229E+04  0.73278E+04  0.73337E+04  0.73470E+04  0.73621E+04  0.73793E+04  0.74025E+04  0.74275E+04  0.74558E+04  0.74849E+04  0.75178E+04  0.75527E+04  0.75883E+04  0.76267E+04
rxn00021
  0.00000E+00  0.67474E+05  0.98178E+05  0.12578E+06  0.14894E+06  0.16768E+06  0.18249E+06  0.19407E+06  0.20315E+06  0.21030E+06  0.21587E+06  0.22046E+06  0.22418E+06  0.22719E+06  0.22960E+06  0.23165E+06  0.23332E+06  0.23481E+06  0.23609E+06  0.23735E+06  0.23844E+06  0.23949E+06  0.24050E+06  0.24142E+06  0.24233E+06  0.24320E+06  0.24406E+06  0.24490E+06  0.24573E+06  0.24655E+06  0.24736E+06
rxn00022
  0.00000E+00  0.51881E+06  0.53825E+06  0.55321E+06  0.56230E+06  0.56706E+06  0.56905E+06  0.56948E+06  0.56916E+06  0.56856E+06  0.56797E+06  0.56750E+06  0.56721E+06  0.56715E+06  0.56737E+06  0.56778E+06  0.56846E+06  0.56927E+06  0.57029E+06  0.57133E+06  0.57257E+06  0.57385E+06  0.57519E+06  0.57666E+06  0.57817E+06  0.57976E+06  0.58137E+06  0.58305E+06  0.58477E+06  0.58651E+06  0.58831E+06
rxn00023
  0.00000E+00  0.86811E+02  0.85197E+02  0.81636E+02  0.78996E+02  0.76852E+02  0.75084E+02  0.73631E+02  0.72446E+02  0.71491E+02  0.70748E+02  0.70147E+02  0.69679E+02  0.69336E+02  0.69104E+02  0.68944E+02  0.68873E+02  0.68846E+02  0.68876E+02  0.68914E+02  0.69005E+02  0.69107E+02  0.69224E+02  0.69376E+02  0.69536E+02  0.69715E+02  0.69897E+02  0.70097E+02  0.70305E+02  0.70517E+02  0.70741E+02
rxn00024
  0.00000E+00  0.75595E+06  0.16032E+07  0.23267E+07  0.28814E+07  0.32883E+07  0.35787E+07  0.37836E+07  0.39284E+07  0.40314E+07  0.41035E+07  0.41577E+07  0.41977E+07  0.42268E+07  0.42480E+07  0.42649E+07  0.42780E+07  0.42895E+07  0.42997E+07  0.43096E+07  0.43189E+07  0.43281E+07  0.43370E+07  0.43461E+07  0.43553E+07  0.43647E+07  0.43742E+07  0.43841E+07  0.43942E+07  0.44043E+07  0.44149E+07
rxn00025
  0.00000E+00  0.61605E+06  0.93154E+06  0.10846E+07  0.11529E+07  0.11786E+07  0.11827E+07  0.11767E+07  0.11665E+07  0.11552E+07  0.11443E+07  0.11343E+07  0.11256E+07  0.11183E+07  0.11126E+07  0.11079E+07  0.11047E+07  0.11022E+07  0.11008E+07  0.10995E+07  0.10992E+07  0.10991E+07  0.10994E+07  0.11003E+07  0.11014E+07  0.11028E+07  0.11043E+07  0.11062E+07  0.11083E+07  0.11105E+07  0.11129E+07
rxn00026
  0.00000E+00  0.23027E+02  0.76466E+02  0.14031E+03  0.20148E+03  0.25367E+03  0.29507E+03  0.32647E+03  0.34965E+03  0.36650E+03  0.37822E+03  0.38687E+03  0.39300E+03  0.39714E+03  0.39988E+03  0.40190E+03  0.40332E+03  0.40455E+03  0.40570E+03  0.40682E+03  0.40800E+03  0.40919E+03  0.41040E+03  0.41180E+03  0.41327E+03  0.41488E+03  0.41652E+03  0.41834E+03  0.42026E+03  0.42222E+03  0.42434E+03
rxn00027
  0.00000E+00  0.15722E+03  0.22489E+03  0.24411E+03  0.24704E+03  0.24362E+03  0.23802E+03  0.23205E+03  0.22647E+03  0.22154E+03  0.21739E+03  0.21386E+03  0.21091E+03  0.20853E+03  0.20668E+03  0.20519E+03  0.20414E+03  0.20330E+03  0.20277E+03  0.20228E+03  0.20205E+03  0.20189E+03  0.20180E+03  0.20189E+03  0.20203E+03  0.20226E+03  0.20251E+03  0.20285E+03  0.20323E+03  0.20364E+03  0.20410E+03
rxn00028
  0.00000E+00  0.67874E+01  0.19660E+02  0.38850E+02  0.63786E+02  0.93297E+02  0.12618E+03  0.16140E+03  0.19815E+03  0.23586E+03  0.27412E+03  0.31271E+03  0.35143E+03  0.39011E+03  0.42860E+03  0.46695E+03  0.50485E+03  0.54256E+03  0.57975E+03  0.61706E+03  0.65370E+03  0.69036E+03  0.72701E+03  0.76303E+03  0.79892E+03  0.83451E+03  0.87015E+03  0.90520E+03  0.94005E+03  0.97501E+03  0.10094E+04
rxn00029
  0.00000E+00  0.18522E+01  0.42112E+01  0.69701E+01  0.99903E+01  0.13157E+02  0.16389E+02  0.19645E+02  0.22902E+02  0.26154E+02  0.29394E+02  0.32637E+02  0.35880E+02  0.39124E+02  0.42372E+02  0.45633E+02  0.48909E+02  0.52207E+02  0.55530E+02  0.58875E+02  0.62252E+02  0.65654E+02  0.69079E+02  0.72543E+02  0.76036E+02  0.79563E+02  0.83117E+02  0.86715E+02  0.90346E+02  0.94004E+02  0.97709E+02
rxn00030
  0.00000E+00  0.42302E+08  0.42359E+08  0.42402E+08  0.42436E+08  0.42461E+08  0.42481E+08  0.42496E+08  0.42508E+08  0.42517E+08  0.42524E+08  0.42530E+08  0.42535E+08  0.42539E+08  0.42542E+08  0.42544E+08  0.42546E+08  0.42547E+08  0.42549E+08  0.42550E+08  0.42551E+08  0.42551E+08  0.42552E+08  0.42553E+08  0.42553E+08  0.42554E+08  0.42554E+08  0.42555E+08  0.42555E+08  0.42555E+08  0.42556E+08
rxn00031
  0.00000E+00  0.41852E+09  0.41908E+09  0.41951E+09  0.41984E+09  0.42009E+09  0.42028E+09  0.42044E+09  0.42055E+09  0.42064E+09  0.42072E+09  0.42077E+09  0.42082E+09  0.42086E+09  0.42089E+09  0.42091E+09  0.42093E+09  0.42094E+09  0.42096E+09  0.42097E+09  0.42098E+09  0.42098E+09  0.42099E+09  0.42100E+09  0.42100E+09  0.42101E+09  0.42101E+09  0.42101E+09  0.42102E+09  0.42102E+09  0.42102E+09
rxn00032
  0.00000E+00  0.18851E+06  0.18849E+06  0.18847E+06  0.18845E+06  0.18842E+06  0.18840E+06  0.18838E+06  0.18835E+06  0.18833E+06  0.18831E+06  0.18828E+06  0.18826E+06  0.18824E+06  0.18821E+06  0.18819E+06  0.18817E+06  0.18814E+06  0.18812E+06  0.18809E+06  0.18807E+06  0.18805E+06  0.18802E+06  0.18800E+06  0.18797E+06  0.18795E+06  0.18793E+06  0.18790E+06  0.18788E+06  0.18785E+06  0.18783E+06
rxn00033
  0.00000E+00  0.22562E+09  0.21223E+09  0.20191E+09  0.19402E+09  0.18797E+09  0.18332E+09  0.17974E+09  0.17695E+09  0.17476E+09  0.17307E+09  0.17169E+09  0.17059E+09  0.16972E+09  0.16904E+09  0.16849E+09  0.16807E+09  0.16772E+09  0.16745E+09  0.16719E+09  0.16699E+09  0.16681E+09  0.16665E+09  0.16653E+09  0.16641E+09  0.16631E+09  0.16622E+09  0.16614E+09  0.16607E+09  0.16600E+09  0.16594E+09
rxn00034
  0.00000E+00  0.41262E+05  0.36716E+05  0.32565E+05  0.29790E+05  0.27842E+05  0.26437E+05  0.25399E+05  0.24617E+05  0.24017E+05  0.23561E+05  0.23195E+05  0.22904E+05  0.22676E+05  0.22502E+05  0.22361E+05  0.22256E+05  0.22169E+05  0.22103E+05  0.22041E+05  0.21996E+05  0.21956E+05  0.21921E+05  0.21896E+05  0.21874E+05  0.21857E+05  0.21842E+05  0.21830E+05  0.21822E+05  0.21813E+05  0.21808E+05
rxn00035
  0.00000E+00  0.33064E+06  0.29421E+06  0.26094E+06  0.23871E+06  0.22310E+06  0.21184E+06  0.20352E+06  0.19726E+06  0.19245E+06  0.18880E+06  0.18586E+06  0.18353E+06  0.18171E+06  0.18031E+06  0.17918E+06  0.17834E+06  0.17764E+06  0.17711E+06  0.17661E+06  0.17626E+06  0.17594E+06  0.17566E+06  0.17546E+06  0.17528E+06  0.17515E+06  0.17502E+06  0.17493E+06  0.17486E+06  0.17479E+06  0.17475E+06
rxn00036
  0.00000E+00  0.98108E+03  0.25765E+04  0.47128E+04  0.73150E+04  0.10279E+05  0.13511E+05  0.16931E+05  0.20475E+05  0.24096E+05  0.27762E+05  0.31444E+05  0.35128E+05  0.38799E+05  0.42443E+05  0.46055E+05  0.49612E+05  0.53130E+05  0.56578E+05  0.60016E+05  0.63368E+05  0.66700E+05  0.70010E+05  0.73236E+05  0.76427E+05  0.79566E+05  0.82688E+05  0.85729E+05  0.88730E+05  0.91719E+05  0.94630E+05
rxn00037
  0.00000E+00  0.35884E+01  0.73970E+01  0.11332E+02  0.15356E+02  0.19427E+02  0.23520E+02  0.27620E+02  0.31718E+02  0.35811E+02  0.39900E+02  0.43986E+02  0.48070E+02  0.52153E+02  0.56237E+02  0.60324E+02  0.64419E+02  0.68520E+02  0.72633E+02  0.76748E+02  0.80881E+02  0.85018E+02  0.89159E+02  0.93320E+02  0.97490E+02  0.10167E+03  0.10586E+03  0.11007E+03  0.11429E+03  0.11852E+03  0.12277E+03
rxn00038
  0.00000E+00  0.72090E+04  0.14163E+05  0.18549E+05  0.21200E+05  0.22757E+05  0.23609E+05  0.24010E+05  0.24127E+05  0.24068E+05  0.23896E+05  0.23671E+05  0.23412E+05  0.23139E+05  0.22868E+05  0.22608E+05  0.22373E+05  0.22153E+05  0.21962E+05  0.21775E+05  0.21619E+05  0.21470E+05  0.21329E+05  0.21215E+05  0.21108E+05  0.21016E+05  0.20928E+05  0.20856E+05  0.20793E+05  0.20732E+05  0.20683E+05
rxn00039
  0.00000E+00  0.92658E+05  0.27898E+06  0.47385E+06  0.64326E+06  0.77801E+06  0.87954E+06  0.95338E+06  0.10058E+07  0.10424E+07  0.10664E+07  0.10830E+07  0.10936E+07  0.10996E+07  0.11024E+07  0.11035E+07  0.11034E+07  0.11029E+07  0.11022E+07  0.11015E+07  0.11010E+07  0.11006E+07  0.11002E+07  0.11003E+07  0.11006E+07  0.11012E+07  0.11019E+07  0.11030E+07  0.11043E+07  0.11057E+07  0.11075E+07
rxn00040
  0.00000E+00  0.51652E+06  0.56969E+06  0.61546E+06  0.65102E+06  0.67767E+06  0.69728E+06  0.71172E+06  0.72252E+06  0.73079E+06  0.73718E+06  0.74248E+06  0.74691E+06  0.75066E+06  0.75394E+06  0.75695E+06  0.75973E+06  0.76242E+06  0.76502E+06  0.76762E+06  0.77018E+06  0.77274E+06  0.77529E+06  0.77786E+06  0.78044E+06  0.78304E+06  0.78566E+06  0.78831E+06  0.79098E+06  0.79366E+06  0.79638E+06
rxn00041
  0.00000E+00  0.40158E+03  0.11300E+04  0.17443E+04  0.21270E+04  0.23227E+04  0.24013E+04  0.24176E+04  0.24050E+04  0.23813E+04  0.23558E+04  0.23320E+04  0.23114E+04  0.22951E+04  0.22834E+04  0.22752E+04  0.22715E+04  0.22701E+04  0.22719E+04  0.22743E+04  0.22797E+04  0.22858E+04  0.22928E+04  0.23019E+04  0.23116E+04  0.23225E+04  0.23337E+04  0.23461E+04  0.23592E+04  0.23725E+04  0.23866E+04
rxn00042
  0.00000E+00  0.44027E+02  0.12389E+03  0.19123E+03  0.23319E+03  0.25465E+03  0.26326E+03  0.26505E+03  0.26367E+03  0.26108E+03  0.25828E+03  0.25566E+03  0.25341E+03  0.25162E+03  0.25034E+03  0.24944E+03  0.24903E+03  0.24888E+03  0.24908E+03  0.24934E+03  0.24993E+03  0.25060E+03  0.25137E+03  0.25237E+03  0.25344E+03  0.25463E+03  0.25586E+03  0.25722E+03  0.25865E+03  0.26011E+03  0.26166E+03
rxn00043
  0.00000E+00  0.13739E+03  0.31728E+03  0.47456E+03  0.58559E+03  0.65547E+03  0.69658E+03  0.72006E+03  0.73350E+03  0.74137E+03  0.74612E+03  0.74942E+03  0.75184E+03  0.75377E+03  0.75552E+03  0.75722E+03  0.75898E+03  0.76079E+03  0.76271E+03  0.76464E+03  0.76671E+03  0.76882E+03  0.77096E+03  0.77323E+03  0.77553E+03  0.77790E+03  0.78030E+03  0.78277E+03  0.78530E+03  0.78783E+03  0.79044E+03
rxn00044
  0.00000E+00  0.13725E+06  0.31696E+06  0.47408E+06  0.58501E+06  0.65482E+06  0.69588E+06  0.71934E+06  0.73276E+06  0.74063E+06  0.74537E+06  0.74867E+06  0.75108E+06  0.75302E+06  0.75476E+06  0.75646E+06  0.75822E+06  0.76003E+06  0.76194E+06  0.76388E+06  0.76595E+06  0.76805E+06  0.77019E+06  0.77245E+06  0.77475E+06  0.77712E+06  0.77952E+06  0.78199E+06  0.78451E+06  0.78705E+06  0.78965E+06
rxn00045
  0.00000E+00  0.31895E+06  0.52518E+06  0.63018E+06  0.66750E+06  0.66926E+06  0.65582E+06  0.63794E+06  0.62047E+06  0.60516E+06  0.59270E+06  0.58246E+06  0.57433E+06  0.56814E+06  0.56369E+06  0.56035E+06  0.55831E+06  0.55689E+06  0.55625E+06  0.55573E+06  0.55589E+06  0.55620E+06  0.55672E+06  0.55764E+06  0.55867E+06  0.55991E+06  0.56119E+06  0.56267E+06  0.56425E+06  0.56586E+06  0.56759E+06
rxn00046
  0.00000E+00  0.94277E+01  0.14685E+02  0.16427E+02  0.16565E+02  0.16023E+02  0.15286E+02  0.14570E+02  0.13951E+02  0.13442E+02  0.13042E+02  0.12718E+02  0.12463E+02  0.12269E+02  0.12128E+02  0.12020E+02  0.11949E+02  0.11897E+02  0.11867E+02  0.11841E+02  0.11835E+02  0.11832E+02  0.11836E+02  0.11851E+02  0.11869E+02  0.11893E+02  0.11919E+02  0.11950E+02  0.11984E+02  0.12018E+02  0.12056E+02
rxn00047
  0.00000E+00  0.80931E-02  0.51653E-01  0.13427E+00  0.24552E+00  0.37244E+00  0.50616E+00  0.64173E+00  0.77684E+00  0.91064E+00  0.10428E+01  0.11737E+01  0.13033E+01  0.14320E+01  0.15597E+01  0.16870E+01  0.18140E+01  0.19408E+01  0.20680E+01  0.21951E+01  0.23228E+01  0.24507E+01  0.25787E+01  0.27075E+01  0.28369E+01  0.29668E+01  0.30970E+01  0.32285E+01  0.33606E+01  0.34929E+01  0.36266E+01
rxn00048
  0.00000E+00  0.19420E-01  0.13671E+00  0.38390E+00  0.74255E+00  0.11725E+01  0.16396E+01  0.21218E+01  0.26076E+01  0.30917E+01  0.35712E+01  0.40483E+01  0.45225E+01  0.49938E+01  0.54631E+01  0.59326E+01  0.64024E+01  0.68744E+01  0.73497E+01  0.78281E+01  0.83112E+01  0.87978E+01  0.92878E+01  0.97842E+01  0.10286E+02  0.10793E+02  0.11304E+02  0.11824E+02  0.12349E+02  0.12879E+02  0.13418E+02
rxn00049
  0.00000E+00  0.12947E-01  0.91138E-01  0.25594E+00  0.49504E+00  0.78168E+00  0.10931E+01  0.14146E+01  0.17384E+01  0.20611E+01  0.23808E+01  0.26989E+01  0.30150E+01  0.33292E+01  0.36421E+01  0.39551E+01  0.42683E+01  0.45830E+01  0.48998E+01  0.52187E+01  0.55408E+01  0.58652E+01  0.61918E+01  0.65228E+01  0.68571E+01  0.71952E+01  0.75360E+01  0.78825E+01  0.82328E+01  0.85859E+01  0.89451E+01
rxn00050
  0.00000E+00  0.41367E+06  0.41333E+06  0.41304E+06  0.41279E+06  0.41256E+06  0.41235E+06  0.41215E+06  0.41195E+06  0.41175E+06  0.41155E+06  0.41135E+06  0.41116E+06  0.41096E+06  0.41076E+06  0.41057E+06  0.41037E+06  0.41018E+06  0.40998E+06  0.40979E+06  0.40960E+06  0.40940E+06  0.40921E+06  0.40902E+06  0.40883E+06  0.40864E+06  0.40845E+06  0.40826E+06  0.40807E+06  0.40788E+06  0.40770E+06
rxn00051
  0.00000E+00  0.60031E+06  0.59982E+06  0.59940E+06  0.59903E+06  0.59871E+06  0.59840E+06  0.59810E+06  0.59781E+06  0.59753E+06  0.59724E+06  0.59695E+06  0.59667E+06  0.59638E+06  0.59610E+06  0.59581E+06  0.59553E+06  0.59525E+06  0.59497E+06  0.59468E+06  0.59440E+06  0.59412E+06  0.59385E+06  0.59357E+06  0.59329E+06  0.59301E+06  0.59274E+06  0.59246E+06  0.59219E+06  0.59192E+06  0.59165E+06
rxn00052
  0.00000E+00  0.13688E+02  0.12170E+02  0.10787E+02  0.98618E+01  0.92118E+01  0.87423E+01  0.83949E+01  0.81324E+01  0.79305E+01  0.77764E+01  0.76517E+01  0.75520E+01  0.74735E+01  0.74126E+01  0.73625E+01  0.73246E+01  0.72924E+01  0.72673E+01  0.72433E+01  0.72253E+01  0.72087E+01  0.71938E+01  0.71824E+01  0.71718E+01  0.71629E+01  0.71544E+01  0.71474E+01  0.71412E+01  0.71353E+01  0.71302E+01
rxn00053
  0.00000E+00  0.23960E+06  0.26405E+06  0.28506E+06  0.30135E+06  0.31351E+06  0.32242E+06  0.32893E+06  0.33377E+06  0.33742E+06  0.34021E+06  0.34249E+06  0.34437E+06  0.34593E+06  0.34728E+06  0.34850E+06  0.34961E+06  0.35068E+06  0.35172E+06  0.35274E+06  0.35375E+06  0.35476E+06  0.35576E+06  0.35678E+06  0.35779E+06  0.35882E+06  0.35985E+06  0.36090E+06  0.36195E+06  0.36301E+06  0.36409E+06
rxn00054
  0.00000E+00  0.62289E-03  0.29858E-02  0.71273E-02  0.12689E-01  0.19173E-01  0.26205E-01  0.33543E-01  0.41049E-01  0.48647E-01  0.56304E-01  0.63992E-01  0.71705E-01  0.79440E-01  0.87196E-01  0.94968E-01  0.10277E+00  0.11058E+00  0.11843E+00  0.12629E+00  0.13418E+00  0.14209E+00  0.15000E+00  0.15796E+00  0.16593E+00  0.17394E+00  0.18195E+00  0.19002E+00  0.19811E+00  0.20620E+00  0.21434E+00
rxn00055
  0.00000E+00  0.29033E-04  0.15350E-03  0.39585E-03  0.74546E-03  0.11725E-02  0.16489E-02  0.21543E-02  0.26764E-02  0.32082E-02  0.37456E-02  0.42876E-02  0.48330E-02  0.53813E-02  0.59324E-02  0.64871E-02  0.70456E-02  0.76083E-02  0.81762E-02  0.87479E-02  0.93258E-02  0.99080E-02  0.10494E-01  0.11088E-01  0.11686E-01  0.12291E-01  0.12900E-01  0.13517E-01  0.14141E-01  0.14768E-01  0.15404E-01
rxn00056
  0.00000E+00  0.13727E+06  0.31680E+06  0.47406E+06  0.58497E+06  0.65481E+06  0.69586E+06  0.71933E+06  0.73277E+06  0.74064E+06  0.74536E+06  0.74865E+06  0.75107E+06  0.75301E+06  0.75476E+06  0.75647E+06  0.75822E+06  0.76004E+06  0.76196E+06  0.76389E+06  0.76596E+06  0.76806E+06  0.77020E+06  0.77247E+06  0.77477E+06  0.77714E+06  0.77953E+06  0.78201E+06  0.78453E+06  0.78706E+06  0.78966E+06
rxn00057
  0.00000E+00  0.30117E+06  0.51502E+06  0.62557E+06  0.66619E+06  0.66960E+06  0.65684E+06  0.63913E+06  0.62160E+06  0.60614E+06  0.59353E+06  0.58313E+06  0.57485E+06  0.56855E+06  0.56400E+06  0.56058E+06  0.55848E+06  0.55701E+06  0.55633E+06  0.55577E+06  0.55591E+06  0.55619E+06  0.55669E+06  0.55760E+06  0.55861E+06  0.55984E+06  0.56111E+06  0.56258E+06  0.56415E+06  0.56576E+06  0.56748E+06
rxn00058
  0.00000E+00  0.00000E+00  0.00000E+00  0.00000E+00  0.00000E+00  0.00000E+00  0.00000E+00  0.00000E+00  0.00000E+00  0.00000E+00  0.00000E+00  0.00000E+00  0.00000E+00  0.00000E+00  0.00000E+00  0.00000E+00  0.00000E+00  0.00000E+00  0.00000E+00  0.00000E+00  0.00000E+00  0.00000E+00  0.00000E+00  0.00000E+00  0.00000E+00  0.00000E+00  0.00000E+00  0.00000E+00  0.00000E+00  0.00000E+00  0.00000E+00
rxn00059
  0.00000E+00  0.57650E+07  0.63425E+07  0.68332E+07  0.72068E+07  0.74789E+07  0.76710E+07  0.78045E+07  0.78969E+07  0.79607E+07  0.80033E+07  0.80336E+07  0.80540E+07  0.80668E+07  0.80742E+07  0.80786E+07  0.80802E+07  0.80806E+07  0.80800E+07  0.80791E+07  0.80777E+07  0.80760E+07  0.80741E+07  0.80722E+07  0.80702E+07  0.80683E+07  0.80663E+07  0.80646E+07  0.80628E+07  0.80609E+07  0.80593E+07
rxn00060
  0.00000E+00  0.26329E+06  0.26298E+06  0.26252E+06  0.26196E+06  0.26132E+06  0.26061E+06  0.25986E+06  0.25908E+06  0.25827E+06  0.25745E+06  0.25661E+06  0.25577E+06  0.25492E+06  0.25406E+06  0.25320E+06  0.25233E+06  0.25146E+06  0.25060E+06  0.24973E+06  0.24886E+06  0.24799E+06  0.24712E+06  0.24625E+06  0.24538E+06  0.24450E+06  0.24363E+06  0.24276E+06  0.24189E+06  0.24102E+06  0.24015E+06
rxn00061
  0.00000E+00  0.32652E+05  0.28981E+05  0.25634E+05  0.23382E+05  0.21786E+05  0.20621E+05  0.19747E+05  0.19076E+05  0.18549E+05  0.18136E+05  0.17794E+05  0.17510E+05  0.17277E+05  0.17086E+05  0.16920E+05  0.16783E+05  0.16659E+05  0.16551E+05  0.16447E+05  0.16356E+05  0.16269E+05  0.16186E+05  0.16110E+05  0.16037E+05  0.15968E+05  0.15899E+05  0.15834E+05  0.15771E+05  0.15708E+05  0.15647E+05
