rxn00001
  0.00000E+00  0.43775E-04  0.43775E-04  0.43775E-04  0.43775E-04  0.43775E-04  0.43775E-04  0.43775E-04  0.43775E-04  0.43775E-04  0.43775E-04  0.43775E-04  0.43775E-04  0.43775E-04  0.43775E-04  0.43775E-04  0.43775E-04  0.43775E-04  0.43775E-04  0.43775E-04  0.43775E-04  0.43775E-04  0.43775E-04  0.43775E-04  0.43775E-04  0.43775E-04  0.43775E-04  0.43775E-04  0.43775E-04  0.43775E-04  0.43775E-04
rxn00002
  0.00000E+00  0.39866E-03  0.39866E-03  0.39866E-03  0.39866E-03  0.39866E-03  0.39866E-03  0.39866E-03  0.39866E-03  0.39866E-03  0.39866E-03  0.39866E-03  0.39866E-03  0.39866E-03  0.39866E-03  0.39866E-03  0.39866E-03  0.39866E-03  0.39866E-03  0.39866E-03  0.39866E-03  0.39866E-03  0.39866E-03  0.39866E-03  0.39866E-03  0.39866E-03  0.39866E-03  0.39866E-03  0.39866E-03  0.39866E-03  0.39866E-03
rxn00003
  0.00000E+00  0.94890E-02  0.94890E-02  0.94890E-02  0.94890E-02  0.94890E-02  0.94890E-02  0.94890E-02  0.94890E-02  0.94890E-02  0.94890E-02  0.94890E-02  0.94890E-02  0.94890E-02  0.94890E-02  0.94890E-02  0.94890E-02  0.94890E-02  0.94890E-02  0.94890E-02  0.94890E-02  0.94890E-02  0.94890E-02  0.94890E-02  0.94890E-02  0.94890E-02  0.94890E-02  0.94890E-02  0.94890E-02  0.94890E-02  0.94890E-02
rxn00004
  0.00000E+00  0.41887E-04  0.41887E-04  0.41887E-04  0.41887E-04  0.41887E-04  0.41887E-04  0.41887E-04  0.41887E-04  0.41887E-04  0.41887E-04  0.41887E-04  0.41887E-04  0.41887E-04  0.41887E-04  0.41887E-04  0.41887E-04  0.41887E-04  0.41887E-04  0.41887E-04  0.41887E-04  0.41887E-04  0.41887E-04  0.41887E-04  0.41887E-04  0.41887E-04  0.41887E-04  0.41887E-04  0.41887E-04  0.41887E-04  0.41887E-04
rxn00005
  0.00000E+00  0.73497E-06  0.73497E-06  0.73497E-06  0.73497E-06  0.73497E-06  0.73497E-06  0.73497E-06  0.73497E-06  0.73497E-06  0.73497E-06  0.73497E-06  0.73497E-06  0.73497E-06  0.73497E-06  0.73497E-06  0.73497E-06  0.73497E-06  0.73497E-06  0.73497E-06  0.73497E-06  0.73497E-06  0.73497E-06  0.73497E-06  0.73497E-06  0.73497E-06  0.73497E-06  0.73497E-06  0.73497E-06  0.73497E-06  0.73497E-06
rxn00006
  0.00000E+00  0.17758E+00  0.17758E+00  0.17758E+00  0.17758E+00  0.17758E+00  0.17758E+00  0.17758E+00  0.17758E+00  0.17758E+00  0.17758E+00  0.17758E+00  0.17758E+00  0.17758E+00  0.17758E+00  0.17758E+00  0.17758E+00  0.17758E+00  0.17758E+00  0.17758E+00  0.17758E+00  0.17758E+00  0.17758E+00  0.17758E+00  0.17758E+00  0.17758E+00  0.17758E+00  0.17758E+00  0.17758E+00  0.17758E+00  0.17758E+00
rxn00007
  0.00000E+00  0.56190E-05  0.56190E-05  0.56190E-05  0.56190E-05  0.56190E-05  0.56190E-05  0.56190E-05  0.56190E-05  0.56190E-05  0.56190E-05  0.56190E-05  0.56190E-05  0.56190E-05  0.56190E-05  0.56190E-05  0.56190E-05  0.56190E-05  0.56190E-05  0.56190E-05  0.56190E-05  0.56190E-05  0.56190E-05  0.56190E-05  0.56190E-05  0.56190E-05  0.56190E-05  0.56190E-05  0.56190E-05  0.56190E-05  0.56190E-05
rxn00008
  0.00000E+00  0.59508E-05  0.59508E-05  0.59508E-05  0.59508E-05  0.59508E-05  0.59508E-05  0.59508E-05  0.59508E-05  0.59508E-05  0.59508E-05  0.59508E-05  0.59508E-05  0.59508E-05  0.59508E-05  0.59508E-05  0.59508E-05  0.59508E-05  0.59508E-05  0.59508E-05  0.59508E-05  0.59508E-05  0.59508E-05  0.59508E-05  0.59508E-05  0.59508E-05  0.59508E-05  0.59508E-05  0.59508E-05  0.59508E-05  0.59508E-05
rxn00009
  0.00000E+00  0.35506E-04  0.35506E-04  0.35506E-04  0.35506E-04  0.35506E-04  0.35506E-04  0.35506E-04  0.35506E-04  0.35506E-04  0.35506E-04  0.35506E-04  0.35506E-04  0.35506E-04  0.35506E-04  0.35506E-04  0.35506E-04  0.35506E-04  0.35506E-04  0.35506E-04  0.35506E-04  0.35506E-04  0.35506E-04  0.35506E-04  0.35506E-04  0.35506E-04  0.35506E-04  0.35506E-04  0.35506E-04  0.35506E-04  0.35506E-04
rxn00010
  0.00000E+00  0.51319E-04  0.51319E-04  0.51319E-04  0.51319E-04  0.51319E-04  0.51319E-04  0.51319E-04  0.51319E-04  0.51319E-04  0.51319E-04  0.51319E-04  0.51319E-04  0.51319E-04  0.51319E-04  0.51319E-04  0.51319E-04  0.51319E-04  0.51319E-04  0.51319E-04  0.51319E-04  0.51319E-04  0.51319E-04  0.51319E-04  0.51319E-04  0.51319E-04  0.51319E-04  0.51319E-04  0.51319E-04  0.51319E-04  0.51319E-04
rxn00011
  0.00000E+00  0.76216E-05  0.76216E-05  0.76216E-05  0.76216E-05  0.76216E-05  0.76216E-05  0.76216E-05  0.76216E-05  0.76216E-05  0.76216E-05  0.76216E-05  0.76216E-05  0.76216E-05  0.76216E-05  0.76216E-05  0.76216E-05  0.76216E-05  0.76216E-05  0.76216E-05  0.76216E-05  0.76216E-05  0.76216E-05  0.76216E-05  0.76216E-05  0.76216E-05  0.76216E-05  0.76216E-05  0.76216E-05  0.76216E-05  0.76216E-05
rxn00012
  0.00000E+00  0.75333E-05  0.75333E-05  0.75333E-05  0.75333E-05  0.75333E-05  0.75333E-05  0.75333E-05  0.75333E-05  0.75333E-05  0.75333E-05  0.75333E-05  0.75333E-05  0.75333E-05  0.75333E-05  0.75333E-05  0.75333E-05  0.75333E-05  0.75333E-05  0.75333E-05  0.75333E-05  0.75333E-05  0.75333E-05  0.75333E-05  0.75333E-05  0.75333E-05  0.75333E-05  0.75333E-05  0.75333E-05  0.75333E-05  0.75333E-05
rxn00013
  0.00000E+00  0.59508E-05  0.59508E-05  0.59508E-05  0.59508E-05  0.59508E-05  0.59508E-05  0.59508E-05  0.59508E-05  0.59508E-05  0.59508E-05  0.59508E-05  0.59508E-05  0.59508E-05  0.59508E-05  0.59508E-05  0.59508E-05  0.59508E-05  0.59508E-05  0.59508E-05  0.59508E-05  0.59508E-05  0.59508E-05  0.59508E-05  0.59508E-05  0.59508E-05  0.59508E-05  0.59508E-05  0.59508E-05  0.59508E-05  0.59508E-05
rxn00014
  0.00000E+00  0.91611E-06  0.91611E-06  0.91611E-06  0.91611E-06  0.91611E-06  0.91611E-06  0.91611E-06  0.91611E-06  0.91611E-06  0.91611E-06  0.91611E-06  0.91611E-06  0.91611E-06  0.91611E-06  0.91611E-06  0.91611E-06  0.91611E-06  0.91611E-06  0.91611E-06  0.91611E-06  0.91611E-06  0.91611E-06  0.91611E-06  0.91611E-06  0.91611E-06  0.91611E-06  0.91611E-06  0.91611E-06  0.91611E-06  0.91611E-06
rxn00015
  0.00000E+00  0.45325E-06  0.45325E-06  0.45325E-06  0.45325E-06  0.45325E-06  0.45325E-06  0.45325E-06  0.45325E-06  0.45325E-06  0.45325E-06  0.45325E-06  0.45325E-06  0.45325E-06  0.45325E-06  0.45325E-06  0.45325E-06  0.45325E-06  0.45325E-06  0.45325E-06  0.45325E-06  0.45325E-06  0.45325E-06  0.45325E-06  0.45325E-06  0.45325E-06  0.45325E-06  0.45325E-06  0.45325E-06  0.45325E-06  0.45325E-06
rxn00016
  0.00000E+00  0.45325E-06  0.45325E-06  0.45325E-06  0.45325E-06  0.45325E-06  0.45325E-06  0.45325E-06  0.45325E-06  0.45325E-06  0.45325E-06  0.45325E-06  0.45325E-06  0.45325E-06  0.45325E-06  0.45325E-06  0.45325E-06  0.45325E-06  0.45325E-06  0.45325E-06  0.45325E-06  0.45325E-06  0.45325E-06  0.45325E-06  0.45325E-06  0.45325E-06  0.45325E-06  0.45325E-06  0.45325E-06  0.45325E-06  0.45325E-06
rxn00017
  0.00000E+00  0.60493E-05  0.60493E-05  0.60493E-05  0.60493E-05  0.60493E-05  0.60493E-05  0.60493E-05  0.60493E-05  0.60493E-05  0.60493E-05  0.60493E-05  0.60493E-05  0.60493E-05  0.60493E-05  0.60493E-05  0.60493E-05  0.60493E-05  0.60493E-05  0.60493E-05  0.60493E-05  0.60493E-05  0.60493E-05  0.60493E-05  0.60493E-05  0.60493E-05  0.60493E-05  0.60493E-05  0.60493E-05  0.60493E-05  0.60493E-05
rxn00018
  0.00000E+00  0.22229E-05  0.22229E-05  0.22229E-05  0.22229E-05  0.22229E-05  0.22229E-05  0.22229E-05  0.22229E-05  0.22229E-05  0.22229E-05  0.22229E-05  0.22229E-05  0.22229E-05  0.22229E-05  0.22229E-05  0.22229E-05  0.22229E-05  0.22229E-05  0.22229E-05  0.22229E-05  0.22229E-05  0.22229E-05  0.22229E-05  0.22229E-05  0.22229E-05  0.22229E-05  0.22229E-05  0.22229E-05  0.22229E-05  0.22229E-05
rxn00019
  0.00000E+00  0.49168E-05  0.49168E-05  0.49168E-05  0.49168E-05  0.49168E-05  0.49168E-05  0.49168E-05  0.49168E-05  0.49168E-05  0.49168E-05  0.49168E-05  0.49168E-05  0.49168E-05  0.49168E-05  0.49168E-05  0.49168E-05  0.49168E-05  0.49168E-05  0.49168E-05  0.49168E-05  0.49168E-05  0.49168E-05  0.49168E-05  0.49168E-05  0.49168E-05  0.49168E-05  0.49168E-05  0.49168E-05  0.49168E-05  0.49168E-05
rxn00020
  0.00000E+00  0.59508E-05  0.59508E-05  0.59508E-05  0.59508E-05  0.59508E-05  0.59508E-05  0.59508E-05  0.59508E-05  0.59508E-05  0.59508E-05  0.59508E-05  0.59508E-05  0.59508E-05  0.59508E-05  0.59508E-05  0.59508E-05  0.59508E-05  0.59508E-05  0.59508E-05  0.59508E-05  0.59508E-05  0.59508E-05  0.59508E-05  0.59508E-05  0.59508E-05  0.59508E-05  0.59508E-05  0.59508E-05  0.59508E-05  0.59508E-05
rxn00021
  0.00000E+00  0.59508E-05  0.59508E-05  0.59508E-05  0.59508E-05  0.59508E-05  0.59508E-05  0.59508E-05  0.59508E-05  0.59508E-05  0.59508E-05  0.59508E-05  0.59508E-05  0.59508E-05  0.59508E-05  0.59508E-05  0.59508E-05  0.59508E-05  0.59508E-05  0.59508E-05  0.59508E-05  0.59508E-05  0.59508E-05  0.59508E-05  0.59508E-05  0.59508E-05  0.59508E-05  0.59508E-05  0.59508E-05  0.59508E-05  0.59508E-05
rxn00022
  0.00000E+00  0.91611E-06  0.91611E-06  0.91611E-06  0.91611E-06  0.91611E-06  0.91611E-06  0.91611E-06  0.91611E-06  0.91611E-06  0.91611E-06  0.91611E-06  0.91611E-06  0.91611E-06  0.91611E-06  0.91611E-06  0.91611E-06  0.91611E-06  0.91611E-06  0.91611E-06  0.91611E-06  0.91611E-06  0.91611E-06  0.91611E-06  0.91611E-06  0.91611E-06  0.91611E-06  0.91611E-06  0.91611E-06  0.91611E-06  0.91611E-06
rxn00023
  0.00000E+00  0.59019E-06  0.59019E-06  0.59019E-06  0.59019E-06  0.59019E-06  0.59019E-06  0.59019E-06  0.59019E-06  0.59019E-06  0.59019E-06  0.59019E-06  0.59019E-06  0.59019E-06  0.59019E-06  0.59019E-06  0.59019E-06  0.59019E-06  0.59019E-06  0.59019E-06  0.59019E-06  0.59019E-06  0.59019E-06  0.59019E-06  0.59019E-06  0.59019E-06  0.59019E-06  0.59019E-06  0.59019E-06  0.59019E-06  0.59019E-06
rxn00024
  0.00000E+00  0.13333E-03  0.13333E-03  0.13333E-03  0.13333E-03  0.13333E-03  0.13333E-03  0.13333E-03  0.13333E-03  0.13333E-03  0.13333E-03  0.13333E-03  0.13333E-03  0.13333E-03  0.13333E-03  0.13333E-03  0.13333E-03  0.13333E-03  0.13333E-03  0.13333E-03  0.13333E-03  0.13333E-03  0.13333E-03  0.13333E-03  0.13333E-03  0.13333E-03  0.13333E-03  0.13333E-03  0.13333E-03  0.13333E-03  0.13333E-03
rxn00025
  0.00000E+00  0.40386E+09  0.40386E+09  0.40386E+09  0.40386E+09  0.40386E+09  0.40386E+09  0.40386E+09  0.40386E+09  0.40386E+09  0.40386E+09  0.40386E+09  0.40386E+09  0.40386E+09  0.40386E+09  0.40386E+09  0.40386E+09  0.40386E+09  0.40386E+09  0.40386E+09  0.40386E+09  0.40386E+09  0.40386E+09  0.40386E+09  0.40386E+09  0.40386E+09  0.40386E+09  0.40386E+09  0.40386E+09  0.40386E+09  0.40386E+09
rxn00026
  0.00000E+00  0.16865E+09  0.16865E+09  0.16865E+09  0.16865E+09  0.16865E+09  0.16865E+09  0.16865E+09  0.16865E+09  0.16865E+09  0.16865E+09  0.16865E+09  0.16865E+09  0.16865E+09  0.16865E+09  0.16865E+09  0.16865E+09  0.16865E+09  0.16865E+09  0.16865E+09  0.16865E+09  0.16865E+09  0.16865E+09  0.16865E+09  0.16865E+09  0.16865E+09  0.16865E+09  0.16865E+09  0.16865E+09  0.16865E+09  0.16865E+09
rxn00027
  0.00000E+00  0.76880E+08  0.76880E+08  0.76880E+08  0.76880E+08  0.76880E+08  0.76880E+08  0.76880E+08  0.76880E+08  0.76880E+08  0.76880E+08  0.76880E+08  0.76880E+08  0.76880E+08  0.76880E+08  0.76880E+08  0.76880E+08  0.76880E+08  0.76880E+08  0.76880E+08  0.76880E+08  0.76880E+08  0.76880E+08  0.76880E+08  0.76880E+08  0.76880E+08  0.76880E+08  0.76880E+08  0.76880E+08  0.76880E+08  0.76880E+08
rxn00028
  0.00000E+00  0.49031E+05  0.49031E+05  0.49031E+05  0.49031E+05  0.49031E+05  0.49031E+05  0.49031E+05  0.49031E+05  0.49031E+05  0.49031E+05  0.49031E+05  0.49031E+05  0.49031E+05  0.49031E+05  0.49031E+05  0.49031E+05  0.49031E+05  0.49031E+05  0.49031E+05  0.49031E+05  0.49031E+05  0.49031E+05  0.49031E+05  0.49031E+05  0.49031E+05  0.49031E+05  0.49031E+05  0.49031E+05  0.49031E+05  0.49031E+05
rxn00029
  0.00000E+00  0.70999E-14  0.70999E-14  0.70999E-14  0.70999E-14  0.70999E-14  0.70999E-14  0.70999E-14  0.70999E-14  0.70999E-14  0.70999E-14  0.70999E-14  0.70999E-14  0.70999E-14  0.70999E-14  0.70999E-14  0.70999E-14  0.70999E-14  0.70999E-14  0.70999E-14  0.70999E-14  0.70999E-14  0.70999E-14  0.70999E-14  0.70999E-14  0.70999E-14  0.70999E-14  0.70999E-14  0.70999E-14  0.70999E-14  0.70999E-14
rxn00030
  0.00000E+00  0.33128E-10  0.33128E-10  0.33128E-10  0.33128E-10  0.33128E-10  0.33128E-10  0.33128E-10  0.33128E-10  0.33128E-10  0.33128E-10  0.33128E-10  0.33128E-10  0.33128E-10  0.33128E-10  0.33128E-10  0.33128E-10  0.33128E-10  0.33128E-10  0.33128E-10  0.33128E-10  0.33128E-10  0.33128E-10  0.33128E-10  0.33128E-10  0.33128E-10  0.33128E-10  0.33128E-10  0.33128E-10  0.33128E-10  0.33128E-10
rxn00031
  0.00000E+00  0.59349E-10  0.59349E-10  0.59349E-10  0.59349E-10  0.59349E-10  0.59349E-10  0.59349E-10  0.59349E-10  0.59349E-10  0.59349E-10  0.59349E-10  0.59349E-10  0.59349E-10  0.59349E-10  0.59349E-10  0.59349E-10  0.59349E-10  0.59349E-10  0.59349E-10  0.59349E-10  0.59349E-10  0.59349E-10  0.59349E-10  0.59349E-10  0.59349E-10  0.59349E-10  0.59349E-10  0.59349E-10  0.59349E-10  0.59349E-10
rxn00032
  0.00000E+00  0.64794E-13  0.64794E-13  0.64794E-13  0.64794E-13  0.64794E-13  0.64794E-13  0.64794E-13  0.64794E-13  0.64794E-13  0.64794E-13  0.64794E-13  0.64794E-13  0.64794E-13  0.64794E-13  0.64794E-13  0.64794E-13  0.64794E-13  0.64794E-13  0.64794E-13  0.64794E-13  0.64794E-13  0.64794E-13  0.64794E-13  0.64794E-13  0.64794E-13  0.64794E-13  0.64794E-13  0.64794E-13  0.64794E-13  0.64794E-13
rxn00033
  0.00000E+00  0.19983E-14  0.19983E-14  0.19983E-14  0.19983E-14  0.19983E-14  0.19983E-14  0.19983E-14  0.19983E-14  0.19983E-14  0.19983E-14  0.19983E-14  0.19983E-14  0.19983E-14  0.19983E-14  0.19983E-14  0.19983E-14  0.19983E-14  0.19983E-14  0.19983E-14  0.19983E-14  0.19983E-14  0.19983E-14  0.19983E-14  0.19983E-14  0.19983E-14  0.19983E-14  0.19983E-14  0.19983E-14  0.19983E-14  0.19983E-14
rxn00034
  0.00000E+00  0.27990E-11  0.27990E-11  0.27990E-11  0.27990E-11  0.27990E-11  0.27990E-11  0.27990E-11  0.27990E-11  0.27990E-11  0.27990E-11  0.27990E-11  0.27990E-11  0.27990E-11  0.27990E-11  0.27990E-11  0.27990E-11  0.27990E-11  0.27990E-11  0.27990E-11  0.27990E-11  0.27990E-11  0.27990E-11  0.27990E-11  0.27990E-11  0.27990E-11  0.27990E-11  0.27990E-11  0.27990E-11  0.27990E-11  0.27990E-11
rxn00035
  0.00000E+00  0.16802E-11  0.16802E-11  0.16802E-11  0.16802E-11  0.16802E-11  0.16802E-11  0.16802E-11  0.16802E-11  0.16802E-11  0.16802E-11  0.16802E-11  0.16802E-11  0.16802E-11  0.16802E-11  0.16802E-11  0.16802E-11  0.16802E-11  0.16802E-11  0.16802E-11  0.16802E-11  0.16802E-11  0.16802E-11  0.16802E-11  0.16802E-11  0.16802E-11  0.16802E-11  0.16802E-11  0.16802E-11  0.16802E-11  0.16802E-11
rxn00036
  0.00000E+00  0.11262E-09  0.11262E-09  0.11262E-09  0.11262E-09  0.11262E-09  0.11262E-09  0.11262E-09  0.11262E-09  0.11262E-09  0.11262E-09  0.11262E-09  0.11262E-09  0.11262E-09  0.11262E-09  0.11262E-09  0.11262E-09  0.11262E-09  0.11262E-09  0.11262E-09  0.11262E-09  0.11262E-09  0.11262E-09  0.11262E-09  0.11262E-09  0.11262E-09  0.11262E-09  0.11262E-09  0.11262E-09  0.11262E-09  0.11262E-09
rxn00037
  0.00000E+00  0.18522E-11  0.18522E-11  0.18522E-11  0.18522E-11  0.18522E-11  0.18522E-11  0.18522E-11  0.18522E-11  0.18522E-11  0.18522E-11  0.18522E-11  0.18522E-11  0.18522E-11  0.18522E-11  0.18522E-11  0.18522E-11  0.18522E-11  0.18522E-11  0.18522E-11  0.18522E-11  0.18522E-11  0.18522E-11  0.18522E-11  0.18522E-11  0.18522E-11  0.18522E-11  0.18522E-11  0.18522E-11  0.18522E-11  0.18522E-11
rxn00038
  0.00000E+00  0.59195E-01  0.59195E-01  0.59195E-01  0.59195E-01  0.59195E-01  0.59195E-01  0.59195E-01  0.59195E-01  0.59195E-01  0.59195E-01  0.59195E-01  0.59195E-01  0.59195E-01  0.59195E-01  0.59195E-01  0.59195E-01  0.59195E-01  0.59195E-01  0.59195E-01  0.59195E-01  0.59195E-01  0.59195E-01  0.59195E-01  0.59195E-01  0.59195E-01  0.59195E-01  0.59195E-01  0.59195E-01  0.59195E-01  0.59195E-01
rxn00039
  0.00000E+00  0.98827E+03  0.98827E+03  0.98827E+03  0.98827E+03  0.98827E+03  0.98827E+03  0.98827E+03  0.98827E+03  0.98827E+03  0.98827E+03  0.98827E+03  0.98827E+03  0.98827E+03  0.98827E+03  0.98827E+03  0.98827E+03  0.98827E+03  0.98827E+03  0.98827E+03  0.98827E+03  0.98827E+03  0.98827E+03  0.98827E+03  0.98827E+03  0.98827E+03  0.98827E+03  0.98827E+03  0.98827E+03  0.98827E+03  0.98827E+03
rxn00040
  0.00000E+00  0.82118E-11  0.82118E-11  0.82118E-11  0.82118E-11  0.82118E-11  0.82118E-11  0.82118E-11  0.82118E-11  0.82118E-11  0.82118E-11  0.82118E-11  0.82118E-11  0.82118E-11  0.82118E-11  0.82118E-11  0.82118E-11  0.82118E-11  0.82118E-11  0.82118E-11  0.82118E-11  0.82118E-11  0.82118E-11  0.82118E-11  0.82118E-11  0.82118E-11  0.82118E-11  0.82118E-11  0.82118E-11  0.82118E-11  0.82118E-11
rxn00041
  0.00000E+00  0.16864E-13  0.16864E-13  0.16864E-13  0.16864E-13  0.16864E-13  0.16864E-13  0.16864E-13  0.16864E-13  0.16864E-13  0.16864E-13  0.16864E-13  0.16864E-13  0.16864E-13  0.16864E-13  0.16864E-13  0.16864E-13  0.16864E-13  0.16864E-13  0.16864E-13  0.16864E-13  0.16864E-13  0.16864E-13  0.16864E-13  0.16864E-13  0.16864E-13  0.16864E-13  0.16864E-13  0.16864E-13  0.16864E-13  0.16864E-13
rxn00042
  0.00000E+00  0.97879E-11  0.97879E-11  0.97879E-11  0.97879E-11  0.97879E-11  0.97879E-11  0.97879E-11  0.97879E-11  0.97879E-11  0.97879E-11  0.97879E-11  0.97879E-11  0.97879E-11  0.97879E-11  0.97879E-11  0.97879E-11  0.97879E-11  0.97879E-11  0.97879E-11  0.97879E-11  0.97879E-11  0.97879E-11  0.97879E-11  0.97879E-11  0.97879E-11  0.97879E-11  0.97879E-11  0.97879E-11  0.97879E-11  0.97879E-11
rxn00043
  0.00000E+00  0.28156E-16  0.28156E-16  0.28156E-16  0.28156E-16  0.28156E-16  0.28156E-16  0.28156E-16  0.28156E-16  0.28156E-16  0.28156E-16  0.28156E-16  0.28156E-16  0.28156E-16  0.28156E-16  0.28156E-16  0.28156E-16  0.28156E-16  0.28156E-16  0.28156E-16  0.28156E-16  0.28156E-16  0.28156E-16  0.28156E-16  0.28156E-16  0.28156E-16  0.28156E-16  0.28156E-16  0.28156E-16  0.28156E-16  0.28156E-16
rxn00044
  0.00000E+00  0.41075E-11  0.41075E-11  0.41075E-11  0.41075E-11  0.41075E-11  0.41075E-11  0.41075E-11  0.41075E-11  0.41075E-11  0.41075E-11  0.41075E-11  0.41075E-11  0.41075E-11  0.41075E-11  0.41075E-11  0.41075E-11  0.41075E-11  0.41075E-11  0.41075E-11  0.41075E-11  0.41075E-11  0.41075E-11  0.41075E-11  0.41075E-11  0.41075E-11  0.41075E-11  0.41075E-11  0.41075E-11  0.41075E-11  0.41075E-11
rxn00045
  0.00000E+00  0.11186E-11  0.11186E-11  0.11186E-11  0.11186E-11  0.11186E-11  0.11186E-11  0.11186E-11  0.11186E-11  0.11186E-11  0.11186E-11  0.11186E-11  0.11186E-11  0.11186E-11  0.11186E-11  0.11186E-11  0.11186E-11  0.11186E-11  0.11186E-11  0.11186E-11  0.11186E-11  0.11186E-11  0.11186E-11  0.11186E-11  0.11186E-11  0.11186E-11  0.11186E-11  0.11186E-11  0.11186E-11  0.11186E-11  0.11186E-11
rxn00046
  0.00000E+00  0.27393E-01  0.27393E-01  0.27393E-01  0.27393E-01  0.27393E-01  0.27393E-01  0.27393E-01  0.27393E-01  0.27393E-01  0.27393E-01  0.27393E-01  0.27393E-01  0.27393E-01  0.27393E-01  0.27393E-01  0.27393E-01  0.27393E-01  0.27393E-01  0.27393E-01  0.27393E-01  0.27393E-01  0.27393E-01  0.27393E-01  0.27393E-01  0.27393E-01  0.27393E-01  0.27393E-01  0.27393E-01  0.27393E-01  0.27393E-01
rxn00047
  0.00000E+00  0.69891E-03  0.69891E-03  0.69891E-03  0.69891E-03  0.69891E-03  0.69891E-03  0.69891E-03  0.69891E-03  0.69891E-03  0.69891E-03  0.69891E-03  0.69891E-03  0.69891E-03  0.69891E-03  0.69891E-03  0.69891E-03  0.69891E-03  0.69891E-03  0.69891E-03  0.69891E-03  0.69891E-03  0.69891E-03  0.69891E-03  0.69891E-03  0.69891E-03  0.69891E-03  0.69891E-03  0.69891E-03  0.69891E-03  0.69891E-03
rxn00048
  0.00000E+00  0.90679E-11  0.90679E-11  0.90679E-11  0.90679E-11  0.90679E-11  0.90679E-11  0.90679E-11  0.90679E-11  0.90679E-11  0.90679E-11  0.90679E-11  0.90679E-11  0.90679E-11  0.90679E-11  0.90679E-11  0.90679E-11  0.90679E-11  0.90679E-11  0.90679E-11  0.90679E-11  0.90679E-11  0.90679E-11  0.90679E-11  0.90679E-11  0.90679E-11  0.90679E-11  0.90679E-11  0.90679E-11  0.90679E-11  0.90679E-11
rxn00049
  0.00000E+00  0.16226E-12  0.16226E-12  0.16226E-12  0.16226E-12  0.16226E-12  0.16226E-12  0.16226E-12  0.16226E-12  0.16226E-12  0.16226E-12  0.16226E-12  0.16226E-12  0.16226E-12  0.16226E-12  0.16226E-12  0.16226E-12  0.16226E-12  0.16226E-12  0.16226E-12  0.16226E-12  0.16226E-12  0.16226E-12  0.16226E-12  0.16226E-12  0.16226E-12  0.16226E-12  0.16226E-12  0.16226E-12  0.16226E-12  0.16226E-12
rxn00050
  0.00000E+00  0.26788E-10  0.26788E-10  0.26788E-10  0.26788E-10  0.26788E-10  0.26788E-10  0.26788E-10  0.26788E-10  0.26788E-10  0.26788E-10  0.26788E-10  0.26788E-10  0.26788E-10  0.26788E-10  0.26788E-10  0.26788E-10  0.26788E-10  0.26788E-10  0.26788E-10  0.26788E-10  0.26788E-10  0.26788E-10  0.26788E-10  0.26788E-10  0.26788E-10  0.26788E-10  0.26788E-10  0.26788E-10  0.26788E-10  0.26788E-10
rxn00051
  0.00000E+00  0.11778E-11  0.11778E-11  0.11778E-11  0.11778E-11  0.11778E-11  0.11778E-11  0.11778E-11  0.11778E-11  0.11778E-11  0.11778E-11  0.11778E-11  0.11778E-11  0.11778E-11  0.11778E-11  0.11778E-11  0.11778E-11  0.11778E-11  0.11778E-11  0.11778E-11  0.11778E-11  0.11778E-11  0.11778E-11  0.11778E-11  0.11778E-11  0.11778E-11  0.11778E-11  0.11778E-11  0.11778E-11  0.11778E-11  0.11778E-11
rxn00052
  0.00000E+00  0.40662E-01  0.40662E-01  0.40662E-01  0.40662E-01  0.40662E-01  0.40662E-01  0.40662E-01  0.40662E-01  0.40662E-01  0.40662E-01  0.40662E-01  0.40662E-01  0.40662E-01  0.40662E-01  0.40662E-01  0.40662E-01  0.40662E-01  0.40662E-01  0.40662E-01  0.40662E-01  0.40662E-01  0.40662E-01  0.40662E-01  0.40662E-01  0.40662E-01  0.40662E-01  0.40662E-01  0.40662E-01  0.40662E-01  0.40662E-01
rxn00053
  0.00000E+00  0.47523E-11  0.47523E-11  0.47523E-11  0.47523E-11  0.47523E-11  0.47523E-11  0.47523E-11  0.47523E-11  0.47523E-11  0.47523E-11  0.47523E-11  0.47523E-11  0.47523E-11  0.47523E-11  0.47523E-11  0.47523E-11  0.47523E-11  0.47523E-11  0.47523E-11  0.47523E-11  0.47523E-11  0.47523E-11  0.47523E-11  0.47523E-11  0.47523E-11  0.47523E-11  0.47523E-11  0.47523E-11  0.47523E-11  0.47523E-11
rxn00054
  0.00000E+00  0.57484E-14  0.57484E-14  0.57484E-14  0.57484E-14  0.57484E-14  0.57484E-14  0.57484E-14  0.57484E-14  0.57484E-14  0.57484E-14  0.57484E-14  0.57484E-14  0.57484E-14  0.57484E-14  0.57484E-14  0.57484E-14  0.57484E-14  0.57484E-14  0.57484E-14  0.57484E-14  0.57484E-14  0.57484E-14  0.57484E-14  0.57484E-14  0.57484E-14  0.57484E-14  0.57484E-14  0.57484E-14  0.57484E-14  0.57484E-14
rxn00055
  0.00000E+00  0.14000E-09  0.14000E-09  0.14000E-09  0.14000E-09  0.14000E-09  0.14000E-09  0.14000E-09  0.14000E-09  0.14000E-09  0.14000E-09  0.14000E-09  0.14000E-09  0.14000E-09  0.14000E-09  0.14000E-09  0.14000E-09  0.14000E-09  0.14000E-09  0.14000E-09  0.14000E-09  0.14000E-09  0.14000E-09  0.14000E-09  0.14000E-09  0.14000E-09  0.14000E-09  0.14000E-09  0.14000E-09  0.14000E-09  0.14000E-09
rxn00056
  0.00000E+00  0.14000E-10  0.14000E-10  0.14000E-10  0.14000E-10  0.14000E-10  0.14000E-10  0.14000E-10  0.14000E-10  0.14000E-10  0.14000E-10  0.14000E-10  0.14000E-10  0.14000E-10  0.14000E-10  0.14000E-10  0.14000E-10  0.14000E-10  0.14000E-10  0.14000E-10  0.14000E-10  0.14000E-10  0.14000E-10  0.14000E-10  0.14000E-10  0.14000E-10  0.14000E-10  0.14000E-10  0.14000E-10  0.14000E-10  0.14000E-10
rxn00057
  0.00000E+00  0.77971E-11  0.77971E-11  0.77971E-11  0.77971E-11  0.77971E-11  0.77971E-11  0.77971E-11  0.77971E-11  0.77971E-11  0.77971E-11  0.77971E-11  0.77971E-11  0.77971E-11  0.77971E-11  0.77971E-11  0.77971E-11  0.77971E-11  0.77971E-11  0.77971E-11  0.77971E-11  0.77971E-11  0.77971E-11  0.77971E-11  0.77971E-11  0.77971E-11  0.77971E-11  0.77971E-11  0.77971E-11  0.77971E-11  0.77971E-11
rxn00058
  0.00000E+00  0.47799E-12  0.47799E-12  0.47799E-12  0.47799E-12  0.47799E-12  0.47799E-12  0.47799E-12  0.47799E-12  0.47799E-12  0.47799E-12  0.47799E-12  0.47799E-12  0.47799E-12  0.47799E-12  0.47799E-12  0.47799E-12  0.47799E-12  0.47799E-12  0.47799E-12  0.47799E-12  0.47799E-12  0.47799E-12  0.47799E-12  0.47799E-12  0.47799E-12  0.47799E-12  0.47799E-12  0.47799E-12  0.47799E-12  0.47799E-12
rxn00059
  0.00000E+00  0.58205E-11  0.58205E-11  0.58205E-11  0.58205E-11  0.58205E-11  0.58205E-11  0.58205E-11  0.58205E-11  0.58205E-11  0.58205E-11  0.58205E-11  0.58205E-11  0.58205E-11  0.58205E-11  0.58205E-11  0.58205E-11  0.58205E-11  0.58205E-11  0.58205E-11  0.58205E-11  0.58205E-11  0.58205E-11  0.58205E-11  0.58205E-11  0.58205E-11  0.58205E-11  0.58205E-11  0.58205E-11  0.58205E-11  0.58205E-11
rxn00060
  0.00000E+00  0.75176E-11  0.75176E-11  0.75176E-11  0.75176E-11  0.75176E-11  0.75176E-11  0.75176E-11  0.75176E-11  0.75176E-11  0.75176E-11  0.75176E-11  0.75176E-11  0.75176E-11  0.75176E-11  0.75176E-11  0.75176E-11  0.75176E-11  0.75176E-11  0.75176E-11  0.75176E-11  0.75176E-11  0.75176E-11  0.75176E-11  0.75176E-11  0.75176E-11  0.75176E-11  0.75176E-11  0.75176E-11  0.75176E-11  0.75176E-11
rxn00061
  0.00000E+00  0.11000E-10  0.11000E-10  0.11000E-10  0.11000E-10  0.11000E-10  0.11000E-10  0.11000E-10  0.11000E-10  0.11000E-10  0.11000E-10  0.11000E-10  0.11000E-10  0.11000E-10  0.11000E-10  0.11000E-10  0.11000E-10  0.11000E-10  0.11000E-10  0.11000E-10  0.11000E-10  0.11000E-10  0.11000E-10  0.11000E-10  0.11000E-10  0.11000E-10  0.11000E-10  0.11000E-10  0.11000E-10  0.11000E-10  0.11000E-10
rxn00062
  0.00000E+00  0.53614E-15  0.53614E-15  0.53614E-15  0.53614E-15  0.53614E-15  0.53614E-15  0.53614E-15  0.53614E-15  0.53614E-15  0.53614E-15  0.53614E-15  0.53614E-15  0.53614E-15  0.53614E-15  0.53614E-15  0.53614E-15  0.53614E-15  0.53614E-15  0.53614E-15  0.53614E-15  0.53614E-15  0.53614E-15  0.53614E-15  0.53614E-15  0.53614E-15  0.53614E-15  0.53614E-15  0.53614E-15  0.53614E-15  0.53614E-15
rxn00063
  0.00000E+00  0.21180E-12  0.21180E-12  0.21180E-12  0.21180E-12  0.21180E-12  0.21180E-12  0.21180E-12  0.21180E-12  0.21180E-12  0.21180E-12  0.21180E-12  0.21180E-12  0.21180E-12  0.21180E-12  0.21180E-12  0.21180E-12  0.21180E-12  0.21180E-12  0.21180E-12  0.21180E-12  0.21180E-12  0.21180E-12  0.21180E-12  0.21180E-12  0.21180E-12  0.21180E-12  0.21180E-12  0.21180E-12  0.21180E-12  0.21180E-12
rxn00064
  0.00000E+00  0.22612E-12  0.22612E-12  0.22612E-12  0.22612E-12  0.22612E-12  0.22612E-12  0.22612E-12  0.22612E-12  0.22612E-12  0.22612E-12  0.22612E-12  0.22612E-12  0.22612E-12  0.22612E-12  0.22612E-12  0.22612E-12  0.22612E-12  0.22612E-12  0.22612E-12  0.22612E-12  0.22612E-12  0.22612E-12  0.22612E-12  0.22612E-12  0.22612E-12  0.22612E-12  0.22612E-12  0.22612E-12  0.22612E-12  0.22612E-12
rxn00065
  0.00000E+00  0.90305E-11  0.90305E-11  0.90305E-11  0.90305E-11  0.90305E-11  0.90305E-11  0.90305E-11  0.90305E-11  0.90305E-11  0.90305E-11  0.90305E-11  0.90305E-11  0.90305E-11  0.90305E-11  0.90305E-11  0.90305E-11  0.90305E-11  0.90305E-11  0.90305E-11  0.90305E-11  0.90305E-11  0.90305E-11  0.90305E-11  0.90305E-11  0.90305E-11  0.90305E-11  0.90305E-11  0.90305E-11  0.90305E-11  0.90305E-11
rxn00066
  0.00000E+00  0.81676E-11  0.81676E-11  0.81676E-11  0.81676E-11  0.81676E-11  0.81676E-11  0.81676E-11  0.81676E-11  0.81676E-11  0.81676E-11  0.81676E-11  0.81676E-11  0.81676E-11  0.81676E-11  0.81676E-11  0.81676E-11  0.81676E-11  0.81676E-11  0.81676E-11  0.81676E-11  0.81676E-11  0.81676E-11  0.81676E-11  0.81676E-11  0.81676E-11  0.81676E-11  0.81676E-11  0.81676E-11  0.81676E-11  0.81676E-11
rxn00067
  0.00000E+00  0.32717E-12  0.32717E-12  0.32717E-12  0.32717E-12  0.32717E-12  0.32717E-12  0.32717E-12  0.32717E-12  0.32717E-12  0.32717E-12  0.32717E-12  0.32717E-12  0.32717E-12  0.32717E-12  0.32717E-12  0.32717E-12  0.32717E-12  0.32717E-12  0.32717E-12  0.32717E-12  0.32717E-12  0.32717E-12  0.32717E-12  0.32717E-12  0.32717E-12  0.32717E-12  0.32717E-12  0.32717E-12  0.32717E-12  0.32717E-12
rxn00068
  0.00000E+00  0.65000E-13  0.65000E-13  0.65000E-13  0.65000E-13  0.65000E-13  0.65000E-13  0.65000E-13  0.65000E-13  0.65000E-13  0.65000E-13  0.65000E-13  0.65000E-13  0.65000E-13  0.65000E-13  0.65000E-13  0.65000E-13  0.65000E-13  0.65000E-13  0.65000E-13  0.65000E-13  0.65000E-13  0.65000E-13  0.65000E-13  0.65000E-13  0.65000E-13  0.65000E-13  0.65000E-13  0.65000E-13  0.65000E-13  0.65000E-13
rxn00069
  0.00000E+00  0.75176E-11  0.75176E-11  0.75176E-11  0.75176E-11  0.75176E-11  0.75176E-11  0.75176E-11  0.75176E-11  0.75176E-11  0.75176E-11  0.75176E-11  0.75176E-11  0.75176E-11  0.75176E-11  0.75176E-11  0.75176E-11  0.75176E-11  0.75176E-11  0.75176E-11  0.75176E-11  0.75176E-11  0.75176E-11  0.75176E-11  0.75176E-11  0.75176E-11  0.75176E-11  0.75176E-11  0.75176E-11  0.75176E-11  0.75176E-11
rxn00070
  0.00000E+00  0.10525E-11  0.10525E-11  0.10525E-11  0.10525E-11  0.10525E-11  0.10525E-11  0.10525E-11  0.10525E-11  0.10525E-11  0.10525E-11  0.10525E-11  0.10525E-11  0.10525E-11  0.10525E-11  0.10525E-11  0.10525E-11  0.10525E-11  0.10525E-11  0.10525E-11  0.10525E-11  0.10525E-11  0.10525E-11  0.10525E-11  0.10525E-11  0.10525E-11  0.10525E-11  0.10525E-11  0.10525E-11  0.10525E-11  0.10525E-11
rxn00071
  0.00000E+00  0.77609E-11  0.77609E-11  0.77609E-11  0.77609E-11  0.77609E-11  0.77609E-11  0.77609E-11  0.77609E-11  0.77609E-11  0.77609E-11  0.77609E-11  0.77609E-11  0.77609E-11  0.77609E-11  0.77609E-11  0.77609E-11  0.77609E-11  0.77609E-11  0.77609E-11  0.77609E-11  0.77609E-11  0.77609E-11  0.77609E-11  0.77609E-11  0.77609E-11  0.77609E-11  0.77609E-11  0.77609E-11  0.77609E-11  0.77609E-11
rxn00072
  0.00000E+00  0.81676E-11  0.81676E-11  0.81676E-11  0.81676E-11  0.81676E-11  0.81676E-11  0.81676E-11  0.81676E-11  0.81676E-11  0.81676E-11  0.81676E-11  0.81676E-11  0.81676E-11  0.81676E-11  0.81676E-11  0.81676E-11  0.81676E-11  0.81676E-11  0.81676E-11  0.81676E-11  0.81676E-11  0.81676E-11  0.81676E-11  0.81676E-11  0.81676E-11  0.81676E-11  0.81676E-11  0.81676E-11  0.81676E-11  0.81676E-11
rxn00073
  0.00000E+00  0.32717E-12  0.32717E-12  0.32717E-12  0.32717E-12  0.32717E-12  0.32717E-12  0.32717E-12  0.32717E-12  0.32717E-12  0.32717E-12  0.32717E-12  0.32717E-12  0.32717E-12  0.32717E-12  0.32717E-12  0.32717E-12  0.32717E-12  0.32717E-12  0.32717E-12  0.32717E-12  0.32717E-12  0.32717E-12  0.32717E-12  0.32717E-12  0.32717E-12  0.32717E-12  0.32717E-12  0.32717E-12  0.32717E-12  0.32717E-12
rxn00074
  0.00000E+00  0.75176E-11  0.75176E-11  0.75176E-11  0.75176E-11  0.75176E-11  0.75176E-11  0.75176E-11  0.75176E-11  0.75176E-11  0.75176E-11  0.75176E-11  0.75176E-11  0.75176E-11  0.75176E-11  0.75176E-11  0.75176E-11  0.75176E-11  0.75176E-11  0.75176E-11  0.75176E-11  0.75176E-11  0.75176E-11  0.75176E-11  0.75176E-11  0.75176E-11  0.75176E-11  0.75176E-11  0.75176E-11  0.75176E-11  0.75176E-11
rxn00075
  0.00000E+00  0.21262E-12  0.21262E-12  0.21262E-12  0.21262E-12  0.21262E-12  0.21262E-12  0.21262E-12  0.21262E-12  0.21262E-12  0.21262E-12  0.21262E-12  0.21262E-12  0.21262E-12  0.21262E-12  0.21262E-12  0.21262E-12  0.21262E-12  0.21262E-12  0.21262E-12  0.21262E-12  0.21262E-12  0.21262E-12  0.21262E-12  0.21262E-12  0.21262E-12  0.21262E-12  0.21262E-12  0.21262E-12  0.21262E-12  0.21262E-12
rxn00076
  0.00000E+00  0.77609E-11  0.77609E-11  0.77609E-11  0.77609E-11  0.77609E-11  0.77609E-11  0.77609E-11  0.77609E-11  0.77609E-11  0.77609E-11  0.77609E-11  0.77609E-11  0.77609E-11  0.77609E-11  0.77609E-11  0.77609E-11  0.77609E-11  0.77609E-11  0.77609E-11  0.77609E-11  0.77609E-11  0.77609E-11  0.77609E-11  0.77609E-11  0.77609E-11  0.77609E-11  0.77609E-11  0.77609E-11  0.77609E-11  0.77609E-11
rxn00077
  0.00000E+00  0.81676E-11  0.81676E-11  0.81676E-11  0.81676E-11  0.81676E-11  0.81676E-11  0.81676E-11  0.81676E-11  0.81676E-11  0.81676E-11  0.81676E-11  0.81676E-11  0.81676E-11  0.81676E-11  0.81676E-11  0.81676E-11  0.81676E-11  0.81676E-11  0.81676E-11  0.81676E-11  0.81676E-11  0.81676E-11  0.81676E-11  0.81676E-11  0.81676E-11  0.81676E-11  0.81676E-11  0.81676E-11  0.81676E-11  0.81676E-11
rxn00078
  0.00000E+00  0.75176E-11  0.75176E-11  0.75176E-11  0.75176E-11  0.75176E-11  0.75176E-11  0.75176E-11  0.75176E-11  0.75176E-11  0.75176E-11  0.75176E-11  0.75176E-11  0.75176E-11  0.75176E-11  0.75176E-11  0.75176E-11  0.75176E-11  0.75176E-11  0.75176E-11  0.75176E-11  0.75176E-11  0.75176E-11  0.75176E-11  0.75176E-11  0.75176E-11  0.75176E-11  0.75176E-11  0.75176E-11  0.75176E-11  0.75176E-11
rxn00079
  0.00000E+00  0.26342E+23  0.26342E+23  0.26342E+23  0.26342E+23  0.26342E+23  0.26342E+23  0.26342E+23  0.26342E+23  0.26342E+23  0.26342E+23  0.26342E+23  0.26342E+23  0.26342E+23  0.26342E+23  0.26342E+23  0.26342E+23  0.26342E+23  0.26342E+23  0.26342E+23  0.26342E+23  0.26342E+23  0.26342E+23  0.26342E+23  0.26342E+23  0.26342E+23  0.26342E+23  0.26342E+23  0.26342E+23  0.26342E+23  0.26342E+23
rxn00080
  0.00000E+00  0.22750E+04  0.22750E+04  0.22750E+04  0.22750E+04  0.22750E+04  0.22750E+04  0.22750E+04  0.22750E+04  0.22750E+04  0.22750E+04  0.22750E+04  0.22750E+04  0.22750E+04  0.22750E+04  0.22750E+04  0.22750E+04  0.22750E+04  0.22750E+04  0.22750E+04  0.22750E+04  0.22750E+04  0.22750E+04  0.22750E+04  0.22750E+04  0.22750E+04  0.22750E+04  0.22750E+04  0.22750E+04  0.22750E+04  0.22750E+04
rxn00081
  0.00000E+00  0.24566E-11  0.24566E-11  0.24566E-11  0.24566E-11  0.24566E-11  0.24566E-11  0.24566E-11  0.24566E-11  0.24566E-11  0.24566E-11  0.24566E-11  0.24566E-11  0.24566E-11  0.24566E-11  0.24566E-11  0.24566E-11  0.24566E-11  0.24566E-11  0.24566E-11  0.24566E-11  0.24566E-11  0.24566E-11  0.24566E-11  0.24566E-11  0.24566E-11  0.24566E-11  0.24566E-11  0.24566E-11  0.24566E-11  0.24566E-11
rxn00082
  0.00000E+00  0.28962E-10  0.28962E-10  0.28962E-10  0.28962E-10  0.28962E-10  0.28962E-10  0.28962E-10  0.28962E-10  0.28962E-10  0.28962E-10  0.28962E-10  0.28962E-10  0.28962E-10  0.28962E-10  0.28962E-10  0.28962E-10  0.28962E-10  0.28962E-10  0.28962E-10  0.28962E-10  0.28962E-10  0.28962E-10  0.28962E-10  0.28962E-10  0.28962E-10  0.28962E-10  0.28962E-10  0.28962E-10  0.28962E-10  0.28962E-10
rxn00083
  0.00000E+00  0.99566E-17  0.99566E-17  0.99566E-17  0.99566E-17  0.99566E-17  0.99566E-17  0.99566E-17  0.99566E-17  0.99566E-17  0.99566E-17  0.99566E-17  0.99566E-17  0.99566E-17  0.99566E-17  0.99566E-17  0.99566E-17  0.99566E-17  0.99566E-17  0.99566E-17  0.99566E-17  0.99566E-17  0.99566E-17  0.99566E-17  0.99566E-17  0.99566E-17  0.99566E-17  0.99566E-17  0.99566E-17  0.99566E-17  0.99566E-17
rxn00084
  0.00000E+00  0.40000E-14  0.40000E-14  0.40000E-14  0.40000E-14  0.40000E-14  0.40000E-14  0.40000E-14  0.40000E-14  0.40000E-14  0.40000E-14  0.40000E-14  0.40000E-14  0.40000E-14  0.40000E-14  0.40000E-14  0.40000E-14  0.40000E-14  0.40000E-14  0.40000E-14  0.40000E-14  0.40000E-14  0.40000E-14  0.40000E-14  0.40000E-14  0.40000E-14  0.40000E-14  0.40000E-14  0.40000E-14  0.40000E-14  0.40000E-14
rxn00085
  0.00000E+00  0.77609E-11  0.77609E-11  0.77609E-11  0.77609E-11  0.77609E-11  0.77609E-11  0.77609E-11  0.77609E-11  0.77609E-11  0.77609E-11  0.77609E-11  0.77609E-11  0.77609E-11  0.77609E-11  0.77609E-11  0.77609E-11  0.77609E-11  0.77609E-11  0.77609E-11  0.77609E-11  0.77609E-11  0.77609E-11  0.77609E-11  0.77609E-11  0.77609E-11  0.77609E-11  0.77609E-11  0.77609E-11  0.77609E-11  0.77609E-11
rxn00086
  0.00000E+00  0.59686E-11  0.59686E-11  0.59686E-11  0.59686E-11  0.59686E-11  0.59686E-11  0.59686E-11  0.59686E-11  0.59686E-11  0.59686E-11  0.59686E-11  0.59686E-11  0.59686E-11  0.59686E-11  0.59686E-11  0.59686E-11  0.59686E-11  0.59686E-11  0.59686E-11  0.59686E-11  0.59686E-11  0.59686E-11  0.59686E-11  0.59686E-11  0.59686E-11  0.59686E-11  0.59686E-11  0.59686E-11  0.59686E-11  0.59686E-11
rxn00087
  0.00000E+00  0.75176E-11  0.75176E-11  0.75176E-11  0.75176E-11  0.75176E-11  0.75176E-11  0.75176E-11  0.75176E-11  0.75176E-11  0.75176E-11  0.75176E-11  0.75176E-11  0.75176E-11  0.75176E-11  0.75176E-11  0.75176E-11  0.75176E-11  0.75176E-11  0.75176E-11  0.75176E-11  0.75176E-11  0.75176E-11  0.75176E-11  0.75176E-11  0.75176E-11  0.75176E-11  0.75176E-11  0.75176E-11  0.75176E-11  0.75176E-11
rxn00088
  0.00000E+00  0.14067E-10  0.14067E-10  0.14067E-10  0.14067E-10  0.14067E-10  0.14067E-10  0.14067E-10  0.14067E-10  0.14067E-10  0.14067E-10  0.14067E-10  0.14067E-10  0.14067E-10  0.14067E-10  0.14067E-10  0.14067E-10  0.14067E-10  0.14067E-10  0.14067E-10  0.14067E-10  0.14067E-10  0.14067E-10  0.14067E-10  0.14067E-10  0.14067E-10  0.14067E-10  0.14067E-10  0.14067E-10  0.14067E-10  0.14067E-10
rxn00089
  0.00000E+00  0.21445E-14  0.21445E-14  0.21445E-14  0.21445E-14  0.21445E-14  0.21445E-14  0.21445E-14  0.21445E-14  0.21445E-14  0.21445E-14  0.21445E-14  0.21445E-14  0.21445E-14  0.21445E-14  0.21445E-14  0.21445E-14  0.21445E-14  0.21445E-14  0.21445E-14  0.21445E-14  0.21445E-14  0.21445E-14  0.21445E-14  0.21445E-14  0.21445E-14  0.21445E-14  0.21445E-14  0.21445E-14  0.21445E-14  0.21445E-14
rxn00090
  0.00000E+00  0.18097E-10  0.18097E-10  0.18097E-10  0.18097E-10  0.18097E-10  0.18097E-10  0.18097E-10  0.18097E-10  0.18097E-10  0.18097E-10  0.18097E-10  0.18097E-10  0.18097E-10  0.18097E-10  0.18097E-10  0.18097E-10  0.18097E-10  0.18097E-10  0.18097E-10  0.18097E-10  0.18097E-10  0.18097E-10  0.18097E-10  0.18097E-10  0.18097E-10  0.18097E-10  0.18097E-10  0.18097E-10  0.18097E-10  0.18097E-10
rxn00091
  0.00000E+00  0.82253E-11  0.82253E-11  0.82253E-11  0.82253E-11  0.82253E-11  0.82253E-11  0.82253E-11  0.82253E-11  0.82253E-11  0.82253E-11  0.82253E-11  0.82253E-11  0.82253E-11  0.82253E-11  0.82253E-11  0.82253E-11  0.82253E-11  0.82253E-11  0.82253E-11  0.82253E-11  0.82253E-11  0.82253E-11  0.82253E-11  0.82253E-11  0.82253E-11  0.82253E-11  0.82253E-11  0.82253E-11  0.82253E-11  0.82253E-11
rxn00092
  0.00000E+00  0.16589E-03  0.16589E-03  0.16589E-03  0.16589E-03  0.16589E-03  0.16589E-03  0.16589E-03  0.16589E-03  0.16589E-03  0.16589E-03  0.16589E-03  0.16589E-03  0.16589E-03  0.16589E-03  0.16589E-03  0.16589E-03  0.16589E-03  0.16589E-03  0.16589E-03  0.16589E-03  0.16589E-03  0.16589E-03  0.16589E-03  0.16589E-03  0.16589E-03  0.16589E-03  0.16589E-03  0.16589E-03  0.16589E-03  0.16589E-03
rxn00093
  0.00000E+00  0.14935E-10  0.14935E-10  0.14935E-10  0.14935E-10  0.14935E-10  0.14935E-10  0.14935E-10  0.14935E-10  0.14935E-10  0.14935E-10  0.14935E-10  0.14935E-10  0.14935E-10  0.14935E-10  0.14935E-10  0.14935E-10  0.14935E-10  0.14935E-10  0.14935E-10  0.14935E-10  0.14935E-10  0.14935E-10  0.14935E-10  0.14935E-10  0.14935E-10  0.14935E-10  0.14935E-10  0.14935E-10  0.14935E-10  0.14935E-10
rxn00094
  0.00000E+00  0.38781E-11  0.38781E-11  0.38781E-11  0.38781E-11  0.38781E-11  0.38781E-11  0.38781E-11  0.38781E-11  0.38781E-11  0.38781E-11  0.38781E-11  0.38781E-11  0.38781E-11  0.38781E-11  0.38781E-11  0.38781E-11  0.38781E-11  0.38781E-11  0.38781E-11  0.38781E-11  0.38781E-11  0.38781E-11  0.38781E-11  0.38781E-11  0.38781E-11  0.38781E-11  0.38781E-11  0.38781E-11  0.38781E-11  0.38781E-11
rxn00095
  0.00000E+00  0.52952E-11  0.52952E-11  0.52952E-11  0.52952E-11  0.52952E-11  0.52952E-11  0.52952E-11  0.52952E-11  0.52952E-11  0.52952E-11  0.52952E-11  0.52952E-11  0.52952E-11  0.52952E-11  0.52952E-11  0.52952E-11  0.52952E-11  0.52952E-11  0.52952E-11  0.52952E-11  0.52952E-11  0.52952E-11  0.52952E-11  0.52952E-11  0.52952E-11  0.52952E-11  0.52952E-11  0.52952E-11  0.52952E-11  0.52952E-11
rxn00096
  0.00000E+00  0.15964E-10  0.15964E-10  0.15964E-10  0.15964E-10  0.15964E-10  0.15964E-10  0.15964E-10  0.15964E-10  0.15964E-10  0.15964E-10  0.15964E-10  0.15964E-10  0.15964E-10  0.15964E-10  0.15964E-10  0.15964E-10  0.15964E-10  0.15964E-10  0.15964E-10  0.15964E-10  0.15964E-10  0.15964E-10  0.15964E-10  0.15964E-10  0.15964E-10  0.15964E-10  0.15964E-10  0.15964E-10  0.15964E-10  0.15964E-10
rxn00097
  0.00000E+00  0.10000E-10  0.10000E-10  0.10000E-10  0.10000E-10  0.10000E-10  0.10000E-10  0.10000E-10  0.10000E-10  0.10000E-10  0.10000E-10  0.10000E-10  0.10000E-10  0.10000E-10  0.10000E-10  0.10000E-10  0.10000E-10  0.10000E-10  0.10000E-10  0.10000E-10  0.10000E-10  0.10000E-10  0.10000E-10  0.10000E-10  0.10000E-10  0.10000E-10  0.10000E-10  0.10000E-10  0.10000E-10  0.10000E-10  0.10000E-10
rxn00098
  0.00000E+00  0.80973E-11  0.80973E-11  0.80973E-11  0.80973E-11  0.80973E-11  0.80973E-11  0.80973E-11  0.80973E-11  0.80973E-11  0.80973E-11  0.80973E-11  0.80973E-11  0.80973E-11  0.80973E-11  0.80973E-11  0.80973E-11  0.80973E-11  0.80973E-11  0.80973E-11  0.80973E-11  0.80973E-11  0.80973E-11  0.80973E-11  0.80973E-11  0.80973E-11  0.80973E-11  0.80973E-11  0.80973E-11  0.80973E-11  0.80973E-11
rxn00099
  0.00000E+00  0.15237E-17  0.15237E-17  0.15237E-17  0.15237E-17  0.15237E-17  0.15237E-17  0.15237E-17  0.15237E-17  0.15237E-17  0.15237E-17  0.15237E-17  0.15237E-17  0.15237E-17  0.15237E-17  0.15237E-17  0.15237E-17  0.15237E-17  0.15237E-17  0.15237E-17  0.15237E-17  0.15237E-17  0.15237E-17  0.15237E-17  0.15237E-17  0.15237E-17  0.15237E-17  0.15237E-17  0.15237E-17  0.15237E-17  0.15237E-17
rxn00100
  0.00000E+00  0.11604E-09  0.11604E-09  0.11604E-09  0.11604E-09  0.11604E-09  0.11604E-09  0.11604E-09  0.11604E-09  0.11604E-09  0.11604E-09  0.11604E-09  0.11604E-09  0.11604E-09  0.11604E-09  0.11604E-09  0.11604E-09  0.11604E-09  0.11604E-09  0.11604E-09  0.11604E-09  0.11604E-09  0.11604E-09  0.11604E-09  0.11604E-09  0.11604E-09  0.11604E-09  0.11604E-09  0.11604E-09  0.11604E-09  0.11604E-09
rxn00101
  0.00000E+00  0.12502E-16  0.12502E-16  0.12502E-16  0.12502E-16  0.12502E-16  0.12502E-16  0.12502E-16  0.12502E-16  0.12502E-16  0.12502E-16  0.12502E-16  0.12502E-16  0.12502E-16  0.12502E-16  0.12502E-16  0.12502E-16  0.12502E-16  0.12502E-16  0.12502E-16  0.12502E-16  0.12502E-16  0.12502E-16  0.12502E-16  0.12502E-16  0.12502E-16  0.12502E-16  0.12502E-16  0.12502E-16  0.12502E-16  0.12502E-16
rxn00102
  0.00000E+00  0.66177E-12  0.66177E-12  0.66177E-12  0.66177E-12  0.66177E-12  0.66177E-12  0.66177E-12  0.66177E-12  0.66177E-12  0.66177E-12  0.66177E-12  0.66177E-12  0.66177E-12  0.66177E-12  0.66177E-12  0.66177E-12  0.66177E-12  0.66177E-12  0.66177E-12  0.66177E-12  0.66177E-12  0.66177E-12  0.66177E-12  0.66177E-12  0.66177E-12  0.66177E-12  0.66177E-12  0.66177E-12  0.66177E-12  0.66177E-12
rxn00103
  0.00000E+00  0.68370E-11  0.68370E-11  0.68370E-11  0.68370E-11  0.68370E-11  0.68370E-11  0.68370E-11  0.68370E-11  0.68370E-11  0.68370E-11  0.68370E-11  0.68370E-11  0.68370E-11  0.68370E-11  0.68370E-11  0.68370E-11  0.68370E-11  0.68370E-11  0.68370E-11  0.68370E-11  0.68370E-11  0.68370E-11  0.68370E-11  0.68370E-11  0.68370E-11  0.68370E-11  0.68370E-11  0.68370E-11  0.68370E-11  0.68370E-11
rxn00104
  0.00000E+00  0.92392E-12  0.92392E-12  0.92392E-12  0.92392E-12  0.92392E-12  0.92392E-12  0.92392E-12  0.92392E-12  0.92392E-12  0.92392E-12  0.92392E-12  0.92392E-12  0.92392E-12  0.92392E-12  0.92392E-12  0.92392E-12  0.92392E-12  0.92392E-12  0.92392E-12  0.92392E-12  0.92392E-12  0.92392E-12  0.92392E-12  0.92392E-12  0.92392E-12  0.92392E-12  0.92392E-12  0.92392E-12  0.92392E-12  0.92392E-12
rxn00105
  0.00000E+00  0.96865E-11  0.96865E-11  0.96865E-11  0.96865E-11  0.96865E-11  0.96865E-11  0.96865E-11  0.96865E-11  0.96865E-11  0.96865E-11  0.96865E-11  0.96865E-11  0.96865E-11  0.96865E-11  0.96865E-11  0.96865E-11  0.96865E-11  0.96865E-11  0.96865E-11  0.96865E-11  0.96865E-11  0.96865E-11  0.96865E-11  0.96865E-11  0.96865E-11  0.96865E-11  0.96865E-11  0.96865E-11  0.96865E-11  0.96865E-11
rxn00106
  0.00000E+00  0.13000E-13  0.13000E-13  0.13000E-13  0.13000E-13  0.13000E-13  0.13000E-13  0.13000E-13  0.13000E-13  0.13000E-13  0.13000E-13  0.13000E-13  0.13000E-13  0.13000E-13  0.13000E-13  0.13000E-13  0.13000E-13  0.13000E-13  0.13000E-13  0.13000E-13  0.13000E-13  0.13000E-13  0.13000E-13  0.13000E-13  0.13000E-13  0.13000E-13  0.13000E-13  0.13000E-13  0.13000E-13  0.13000E-13  0.13000E-13
rxn00107
  0.00000E+00  0.49000E-13  0.49000E-13  0.49000E-13  0.49000E-13  0.49000E-13  0.49000E-13  0.49000E-13  0.49000E-13  0.49000E-13  0.49000E-13  0.49000E-13  0.49000E-13  0.49000E-13  0.49000E-13  0.49000E-13  0.49000E-13  0.49000E-13  0.49000E-13  0.49000E-13  0.49000E-13  0.49000E-13  0.49000E-13  0.49000E-13  0.49000E-13  0.49000E-13  0.49000E-13  0.49000E-13  0.49000E-13  0.49000E-13  0.49000E-13
rxn00108
  0.00000E+00  0.19301E-10  0.19301E-10  0.19301E-10  0.19301E-10  0.19301E-10  0.19301E-10  0.19301E-10  0.19301E-10  0.19301E-10  0.19301E-10  0.19301E-10  0.19301E-10  0.19301E-10  0.19301E-10  0.19301E-10  0.19301E-10  0.19301E-10  0.19301E-10  0.19301E-10  0.19301E-10  0.19301E-10  0.19301E-10  0.19301E-10  0.19301E-10  0.19301E-10  0.19301E-10  0.19301E-10  0.19301E-10  0.19301E-10  0.19301E-10
rxn00109
  0.00000E+00  0.43562E-17  0.43562E-17  0.43562E-17  0.43562E-17  0.43562E-17  0.43562E-17  0.43562E-17  0.43562E-17  0.43562E-17  0.43562E-17  0.43562E-17  0.43562E-17  0.43562E-17  0.43562E-17  0.43562E-17  0.43562E-17  0.43562E-17  0.43562E-17  0.43562E-17  0.43562E-17  0.43562E-17  0.43562E-17  0.43562E-17  0.43562E-17  0.43562E-17  0.43562E-17  0.43562E-17  0.43562E-17  0.43562E-17  0.43562E-17
rxn00110
  0.00000E+00  0.33789E-10  0.33789E-10  0.33789E-10  0.33789E-10  0.33789E-10  0.33789E-10  0.33789E-10  0.33789E-10  0.33789E-10  0.33789E-10  0.33789E-10  0.33789E-10  0.33789E-10  0.33789E-10  0.33789E-10  0.33789E-10  0.33789E-10  0.33789E-10  0.33789E-10  0.33789E-10  0.33789E-10  0.33789E-10  0.33789E-10  0.33789E-10  0.33789E-10  0.33789E-10  0.33789E-10  0.33789E-10  0.33789E-10  0.33789E-10
rxn00111
  0.00000E+00  0.87049E-18  0.87049E-18  0.87049E-18  0.87049E-18  0.87049E-18  0.87049E-18  0.87049E-18  0.87049E-18  0.87049E-18  0.87049E-18  0.87049E-18  0.87049E-18  0.87049E-18  0.87049E-18  0.87049E-18  0.87049E-18  0.87049E-18  0.87049E-18  0.87049E-18  0.87049E-18  0.87049E-18  0.87049E-18  0.87049E-18  0.87049E-18  0.87049E-18  0.87049E-18  0.87049E-18  0.87049E-18  0.87049E-18  0.87049E-18
rxn00112
  0.00000E+00  0.64675E-11  0.64675E-11  0.64675E-11  0.64675E-11  0.64675E-11  0.64675E-11  0.64675E-11  0.64675E-11  0.64675E-11  0.64675E-11  0.64675E-11  0.64675E-11  0.64675E-11  0.64675E-11  0.64675E-11  0.64675E-11  0.64675E-11  0.64675E-11  0.64675E-11  0.64675E-11  0.64675E-11  0.64675E-11  0.64675E-11  0.64675E-11  0.64675E-11  0.64675E-11  0.64675E-11  0.64675E-11  0.64675E-11  0.64675E-11
rxn00113
  0.00000E+00  0.83153E-12  0.83153E-12  0.83153E-12  0.83153E-12  0.83153E-12  0.83153E-12  0.83153E-12  0.83153E-12  0.83153E-12  0.83153E-12  0.83153E-12  0.83153E-12  0.83153E-12  0.83153E-12  0.83153E-12  0.83153E-12  0.83153E-12  0.83153E-12  0.83153E-12  0.83153E-12  0.83153E-12  0.83153E-12  0.83153E-12  0.83153E-12  0.83153E-12  0.83153E-12  0.83153E-12  0.83153E-12  0.83153E-12  0.83153E-12
rxn00114
  0.00000E+00  0.81676E-11  0.81676E-11  0.81676E-11  0.81676E-11  0.81676E-11  0.81676E-11  0.81676E-11  0.81676E-11  0.81676E-11  0.81676E-11  0.81676E-11  0.81676E-11  0.81676E-11  0.81676E-11  0.81676E-11  0.81676E-11  0.81676E-11  0.81676E-11  0.81676E-11  0.81676E-11  0.81676E-11  0.81676E-11  0.81676E-11  0.81676E-11  0.81676E-11  0.81676E-11  0.81676E-11  0.81676E-11  0.81676E-11  0.81676E-11
rxn00115
  0.00000E+00  0.14077E-10  0.14077E-10  0.14077E-10  0.14077E-10  0.14077E-10  0.14077E-10  0.14077E-10  0.14077E-10  0.14077E-10  0.14077E-10  0.14077E-10  0.14077E-10  0.14077E-10  0.14077E-10  0.14077E-10  0.14077E-10  0.14077E-10  0.14077E-10  0.14077E-10  0.14077E-10  0.14077E-10  0.14077E-10  0.14077E-10  0.14077E-10  0.14077E-10  0.14077E-10  0.14077E-10  0.14077E-10  0.14077E-10  0.14077E-10
rxn00116
  0.00000E+00  0.21445E-14  0.21445E-14  0.21445E-14  0.21445E-14  0.21445E-14  0.21445E-14  0.21445E-14  0.21445E-14  0.21445E-14  0.21445E-14  0.21445E-14  0.21445E-14  0.21445E-14  0.21445E-14  0.21445E-14  0.21445E-14  0.21445E-14  0.21445E-14  0.21445E-14  0.21445E-14  0.21445E-14  0.21445E-14  0.21445E-14  0.21445E-14  0.21445E-14  0.21445E-14  0.21445E-14  0.21445E-14  0.21445E-14  0.21445E-14
rxn00117
  0.00000E+00  0.24000E-10  0.24000E-10  0.24000E-10  0.24000E-10  0.24000E-10  0.24000E-10  0.24000E-10  0.24000E-10  0.24000E-10  0.24000E-10  0.24000E-10  0.24000E-10  0.24000E-10  0.24000E-10  0.24000E-10  0.24000E-10  0.24000E-10  0.24000E-10  0.24000E-10  0.24000E-10  0.24000E-10  0.24000E-10  0.24000E-10  0.24000E-10  0.24000E-10  0.24000E-10  0.24000E-10  0.24000E-10  0.24000E-10  0.24000E-10
rxn00118
  0.00000E+00  0.82253E-11  0.82253E-11  0.82253E-11  0.82253E-11  0.82253E-11  0.82253E-11  0.82253E-11  0.82253E-11  0.82253E-11  0.82253E-11  0.82253E-11  0.82253E-11  0.82253E-11  0.82253E-11  0.82253E-11  0.82253E-11  0.82253E-11  0.82253E-11  0.82253E-11  0.82253E-11  0.82253E-11  0.82253E-11  0.82253E-11  0.82253E-11  0.82253E-11  0.82253E-11  0.82253E-11  0.82253E-11  0.82253E-11  0.82253E-11
rxn00119
  0.00000E+00  0.16589E-03  0.16589E-03  0.16589E-03  0.16589E-03  0.16589E-03  0.16589E-03  0.16589E-03  0.16589E-03  0.16589E-03  0.16589E-03  0.16589E-03  0.16589E-03  0.16589E-03  0.16589E-03  0.16589E-03  0.16589E-03  0.16589E-03  0.16589E-03  0.16589E-03  0.16589E-03  0.16589E-03  0.16589E-03  0.16589E-03  0.16589E-03  0.16589E-03  0.16589E-03  0.16589E-03  0.16589E-03  0.16589E-03  0.16589E-03
rxn00120
  0.00000E+00  0.15630E-10  0.15630E-10  0.15630E-10  0.15630E-10  0.15630E-10  0.15630E-10  0.15630E-10  0.15630E-10  0.15630E-10  0.15630E-10  0.15630E-10  0.15630E-10  0.15630E-10  0.15630E-10  0.15630E-10  0.15630E-10  0.15630E-10  0.15630E-10  0.15630E-10  0.15630E-10  0.15630E-10  0.15630E-10  0.15630E-10  0.15630E-10  0.15630E-10  0.15630E-10  0.15630E-10  0.15630E-10  0.15630E-10  0.15630E-10
rxn00121
  0.00000E+00  0.11704E-10  0.11704E-10  0.11704E-10  0.11704E-10  0.11704E-10  0.11704E-10  0.11704E-10  0.11704E-10  0.11704E-10  0.11704E-10  0.11704E-10  0.11704E-10  0.11704E-10  0.11704E-10  0.11704E-10  0.11704E-10  0.11704E-10  0.11704E-10  0.11704E-10  0.11704E-10  0.11704E-10  0.11704E-10  0.11704E-10  0.11704E-10  0.11704E-10  0.11704E-10  0.11704E-10  0.11704E-10  0.11704E-10  0.11704E-10
rxn00122
  0.00000E+00  0.32642E-10  0.32642E-10  0.32642E-10  0.32642E-10  0.32642E-10  0.32642E-10  0.32642E-10  0.32642E-10  0.32642E-10  0.32642E-10  0.32642E-10  0.32642E-10  0.32642E-10  0.32642E-10  0.32642E-10  0.32642E-10  0.32642E-10  0.32642E-10  0.32642E-10  0.32642E-10  0.32642E-10  0.32642E-10  0.32642E-10  0.32642E-10  0.32642E-10  0.32642E-10  0.32642E-10  0.32642E-10  0.32642E-10  0.32642E-10
rxn00123
  0.00000E+00  0.16321E-10  0.16321E-10  0.16321E-10  0.16321E-10  0.16321E-10  0.16321E-10  0.16321E-10  0.16321E-10  0.16321E-10  0.16321E-10  0.16321E-10  0.16321E-10  0.16321E-10  0.16321E-10  0.16321E-10  0.16321E-10  0.16321E-10  0.16321E-10  0.16321E-10  0.16321E-10  0.16321E-10  0.16321E-10  0.16321E-10  0.16321E-10  0.16321E-10  0.16321E-10  0.16321E-10  0.16321E-10  0.16321E-10  0.16321E-10
rxn00124
  0.00000E+00  0.68000E-12  0.68000E-12  0.68000E-12  0.68000E-12  0.68000E-12  0.68000E-12  0.68000E-12  0.68000E-12  0.68000E-12  0.68000E-12  0.68000E-12  0.68000E-12  0.68000E-12  0.68000E-12  0.68000E-12  0.68000E-12  0.68000E-12  0.68000E-12  0.68000E-12  0.68000E-12  0.68000E-12  0.68000E-12  0.68000E-12  0.68000E-12  0.68000E-12  0.68000E-12  0.68000E-12  0.68000E-12  0.68000E-12  0.68000E-12
rxn00125
  0.00000E+00  0.54570E-10  0.54570E-10  0.54570E-10  0.54570E-10  0.54570E-10  0.54570E-10  0.54570E-10  0.54570E-10  0.54570E-10  0.54570E-10  0.54570E-10  0.54570E-10  0.54570E-10  0.54570E-10  0.54570E-10  0.54570E-10  0.54570E-10  0.54570E-10  0.54570E-10  0.54570E-10  0.54570E-10  0.54570E-10  0.54570E-10  0.54570E-10  0.54570E-10  0.54570E-10  0.54570E-10  0.54570E-10  0.54570E-10  0.54570E-10
rxn00126
  0.00000E+00  0.82065E-16  0.82065E-16  0.82065E-16  0.82065E-16  0.82065E-16  0.82065E-16  0.82065E-16  0.82065E-16  0.82065E-16  0.82065E-16  0.82065E-16  0.82065E-16  0.82065E-16  0.82065E-16  0.82065E-16  0.82065E-16  0.82065E-16  0.82065E-16  0.82065E-16  0.82065E-16  0.82065E-16  0.82065E-16  0.82065E-16  0.82065E-16  0.82065E-16  0.82065E-16  0.82065E-16  0.82065E-16  0.82065E-16  0.82065E-16
rxn00127
  0.00000E+00  0.60986E-11  0.60986E-11  0.60986E-11  0.60986E-11  0.60986E-11  0.60986E-11  0.60986E-11  0.60986E-11  0.60986E-11  0.60986E-11  0.60986E-11  0.60986E-11  0.60986E-11  0.60986E-11  0.60986E-11  0.60986E-11  0.60986E-11  0.60986E-11  0.60986E-11  0.60986E-11  0.60986E-11  0.60986E-11  0.60986E-11  0.60986E-11  0.60986E-11  0.60986E-11  0.60986E-11  0.60986E-11  0.60986E-11  0.60986E-11
