rxn00001
  0.00000E+00  0.84838E+08  0.85086E+08  0.85252E+08  0.85364E+08  0.85447E+08  0.85508E+08  0.85560E+08  0.85605E+08  0.85648E+08  0.85689E+08  0.85731E+08  0.85773E+08  0.85816E+08  0.85861E+08  0.85906E+08  0.85954E+08  0.86002E+08  0.86051E+08  0.86102E+08  0.86154E+08  0.86207E+08  0.86260E+08  0.86315E+08  0.86370E+08  0.86426E+08  0.86483E+08  0.86540E+08  0.86598E+08  0.86656E+08  0.86715E+08
rxn00002
  0.00000E+00  0.83934E+09  0.84180E+09  0.84344E+09  0.84455E+09  0.84537E+09  0.84598E+09  0.84649E+09  0.84693E+09  0.84736E+09  0.84777E+09  0.84818E+09  0.84860E+09  0.84902E+09  0.84946E+09  0.84992E+09  0.85038E+09  0.85086E+09  0.85135E+09  0.85185E+09  0.85236E+09  0.85289E+09  0.85342E+09  0.85396E+09  0.85450E+09  0.85506E+09  0.85562E+09  0.85619E+09  0.85676E+09  0.85733E+09  0.85791E+09
rxn00003
  0.00000E+00  0.11261E+10  0.10691E+10  0.10327E+10  0.10100E+10  0.99528E+09  0.98641E+09  0.98077E+09  0.97716E+09  0.97481E+09  0.97326E+09  0.97219E+09  0.97140E+09  0.97077E+09  0.97022E+09  0.96970E+09  0.96918E+09  0.96864E+09  0.96807E+09  0.96746E+09  0.96682E+09  0.96613E+09  0.96541E+09  0.96465E+09  0.96385E+09  0.96301E+09  0.96214E+09  0.96124E+09  0.96031E+09  0.95935E+09  0.95837E+09
rxn00004
  0.00000E+00  0.51226E+03  0.85582E+03  0.10524E+04  0.11708E+04  0.12487E+04  0.12985E+04  0.13333E+04  0.13587E+04  0.13783E+04  0.13940E+04  0.14071E+04  0.14186E+04  0.14288E+04  0.14381E+04  0.14468E+04  0.14549E+04  0.14625E+04  0.14697E+04  0.14765E+04  0.14829E+04  0.14891E+04  0.14949E+04  0.15004E+04  0.15056E+04  0.15105E+04  0.15151E+04  0.15195E+04  0.15236E+04  0.15274E+04  0.15311E+04
rxn00005
  0.00000E+00  0.10705E+02  0.24108E+02  0.41160E+02  0.61387E+02  0.83979E+02  0.10892E+03  0.13574E+03  0.16423E+03  0.19420E+03  0.22556E+03  0.25816E+03  0.29195E+03  0.32679E+03  0.36267E+03  0.39943E+03  0.43712E+03  0.47561E+03  0.51488E+03  0.55486E+03  0.59553E+03  0.63684E+03  0.67875E+03  0.72124E+03  0.76426E+03  0.80779E+03  0.85179E+03  0.89625E+03  0.94113E+03  0.98642E+03  0.10321E+04
rxn00006
  0.00000E+00  0.17231E+07  0.13698E+07  0.12041E+07  0.11203E+07  0.10728E+07  0.10484E+07  0.10354E+07  0.10294E+07  0.10275E+07  0.10283E+07  0.10307E+07  0.10341E+07  0.10380E+07  0.10422E+07  0.10466E+07  0.10509E+07  0.10553E+07  0.10595E+07  0.10636E+07  0.10676E+07  0.10715E+07  0.10753E+07  0.10789E+07  0.10824E+07  0.10858E+07  0.10891E+07  0.10923E+07  0.10954E+07  0.10984E+07  0.11013E+07
rxn00007
  0.00000E+00  0.10867E+03  0.47743E+03  0.98546E+03  0.15135E+04  0.20200E+04  0.24914E+04  0.29312E+04  0.33425E+04  0.37282E+04  0.40899E+04  0.44297E+04  0.47488E+04  0.50487E+04  0.53301E+04  0.55952E+04  0.58430E+04  0.60757E+04  0.62938E+04  0.64981E+04  0.66893E+04  0.68680E+04  0.70350E+04  0.71908E+04  0.73361E+04  0.74715E+04  0.75974E+04  0.77145E+04  0.78231E+04  0.79239E+04  0.80173E+04
rxn00008
  0.00000E+00  0.84575E-02  0.83573E-01  0.27853E+00  0.59942E+00  0.10247E+01  0.15661E+01  0.22134E+01  0.29660E+01  0.38221E+01  0.47845E+01  0.58509E+01  0.70223E+01  0.82952E+01  0.96720E+01  0.11143E+02  0.12719E+02  0.14389E+02  0.16154E+02  0.18010E+02  0.19957E+02  0.21993E+02  0.24114E+02  0.26320E+02  0.28607E+02  0.30973E+02  0.33418E+02  0.35937E+02  0.38529E+02  0.41193E+02  0.43925E+02
rxn00009
  0.00000E+00  0.41612E+06  0.42279E+06  0.43307E+06  0.44590E+06  0.46047E+06  0.47671E+06  0.49422E+06  0.51282E+06  0.53234E+06  0.55271E+06  0.57381E+06  0.59556E+06  0.61788E+06  0.64072E+06  0.66400E+06  0.68770E+06  0.71177E+06  0.73615E+06  0.76082E+06  0.78574E+06  0.81088E+06  0.83620E+06  0.86169E+06  0.88731E+06  0.91304E+06  0.93887E+06  0.96477E+06  0.99072E+06  0.10167E+07  0.10427E+07
rxn00010
  0.00000E+00  0.60387E+06  0.61356E+06  0.62848E+06  0.64709E+06  0.66824E+06  0.69180E+06  0.71721E+06  0.74420E+06  0.77253E+06  0.80209E+06  0.83271E+06  0.86427E+06  0.89666E+06  0.92981E+06  0.96359E+06  0.99799E+06  0.10329E+07  0.10683E+07  0.11041E+07  0.11403E+07  0.11767E+07  0.12135E+07  0.12505E+07  0.12877E+07  0.13250E+07  0.13625E+07  0.14001E+07  0.14377E+07  0.14754E+07  0.15132E+07
rxn00011
  0.00000E+00  0.18851E+06  0.18849E+06  0.18848E+06  0.18846E+06  0.18844E+06  0.18842E+06  0.18841E+06  0.18839E+06  0.18837E+06  0.18836E+06  0.18834E+06  0.18833E+06  0.18832E+06  0.18831E+06  0.18830E+06  0.18829E+06  0.18828E+06  0.18827E+06  0.18827E+06  0.18826E+06  0.18826E+06  0.18825E+06  0.18825E+06  0.18825E+06  0.18824E+06  0.18824E+06  0.18824E+06  0.18824E+06  0.18824E+06  0.18824E+06
rxn00012
  0.00000E+00  0.16437E-02  0.11683E-01  0.38011E-01  0.87051E-01  0.15999E+00  0.26349E+00  0.39738E+00  0.56293E+00  0.76082E+00  0.99318E+00  0.12604E+01  0.15641E+01  0.19042E+01  0.22827E+01  0.26973E+01  0.31527E+01  0.36467E+01  0.41799E+01  0.47528E+01  0.53656E+01  0.60185E+01  0.67117E+01  0.74451E+01  0.82189E+01  0.90329E+01  0.98872E+01  0.10781E+02  0.11716E+02  0.12689E+02  0.13703E+02
rxn00013
  0.00000E+00  0.12249E-05  0.21475E-04  0.96453E-04  0.26052E-03  0.53030E-03  0.95271E-03  0.15471E-02  0.23402E-02  0.33551E-02  0.46264E-02  0.61767E-02  0.80369E-02  0.10225E-01  0.12775E-01  0.15680E-01  0.19003E-01  0.22735E-01  0.26894E-01  0.31496E-01  0.36557E-01  0.42088E-01  0.48099E-01  0.54601E-01  0.61599E-01  0.69100E-01  0.77111E-01  0.85633E-01  0.94673E-01  0.10423E+00  0.11430E+00
rxn00014
  0.00000E+00  0.51212E-03  0.62398E-02  0.20726E-01  0.43902E-01  0.74471E-01  0.11349E+00  0.16028E+00  0.21481E+00  0.27692E+00  0.34682E+00  0.42433E+00  0.50954E+00  0.60221E+00  0.70252E+00  0.80981E+00  0.92480E+00  0.10469E+01  0.11760E+01  0.13120E+01  0.14548E+01  0.16043E+01  0.17604E+01  0.19230E+01  0.20918E+01  0.22667E+01  0.24477E+01  0.26346E+01  0.28272E+01  0.30254E+01  0.32291E+01
rxn00015
  0.00000E+00  0.11747E+01  0.57798E+01  0.12716E+02  0.21110E+02  0.30498E+02  0.40886E+02  0.52114E+02  0.64122E+02  0.76853E+02  0.90290E+02  0.10439E+03  0.11913E+03  0.13448E+03  0.15043E+03  0.16692E+03  0.18399E+03  0.20159E+03  0.21970E+03  0.23830E+03  0.25740E+03  0.27697E+03  0.29701E+03  0.31750E+03  0.33842E+03  0.35978E+03  0.38155E+03  0.40373E+03  0.42632E+03  0.44929E+03  0.47265E+03
rxn00016
  0.00000E+00  0.12870E-02  0.10575E-01  0.38702E-01  0.97651E-01  0.19359E+00  0.34253E+00  0.54993E+00  0.82322E+00  0.11684E+01  0.15946E+01  0.21074E+01  0.27147E+01  0.34204E+01  0.42337E+01  0.51513E+01  0.61903E+01  0.73478E+01  0.86283E+01  0.10036E+02  0.11575E+02  0.13248E+02  0.15057E+02  0.17007E+02  0.19099E+02  0.21334E+02  0.23716E+02  0.26244E+02  0.28922E+02  0.31749E+02  0.34726E+02
rxn00017
  0.00000E+00  0.19532E+02  0.92676E+02  0.20744E+03  0.35180E+03  0.51705E+03  0.70276E+03  0.90475E+03  0.11211E+04  0.13504E+04  0.15917E+04  0.18440E+04  0.21066E+04  0.23787E+04  0.26601E+04  0.29496E+04  0.32477E+04  0.35535E+04  0.38667E+04  0.41869E+04  0.45140E+04  0.48475E+04  0.51874E+04  0.55333E+04  0.58850E+04  0.62424E+04  0.66051E+04  0.69731E+04  0.73462E+04  0.77241E+04  0.81068E+04
rxn00018
  0.00000E+00  0.97535E+02  0.34680E+03  0.71295E+03  0.11606E+04  0.16641E+04  0.22207E+04  0.28179E+04  0.34496E+04  0.41108E+04  0.47985E+04  0.55089E+04  0.62396E+04  0.69878E+04  0.77519E+04  0.85291E+04  0.93190E+04  0.10119E+05  0.10929E+05  0.11746E+05  0.12570E+05  0.13399E+05  0.14234E+05  0.15072E+05  0.15913E+05  0.16756E+05  0.17600E+05  0.18445E+05  0.19290E+05  0.20135E+05  0.20979E+05
rxn00019
  0.00000E+00  0.12266E+03  0.48309E+03  0.10268E+04  0.16986E+04  0.24583E+04  0.33019E+04  0.42097E+04  0.51723E+04  0.61821E+04  0.72342E+04  0.83228E+04  0.94444E+04  0.10594E+05  0.11771E+05  0.12968E+05  0.14187E+05  0.15424E+05  0.16676E+05  0.17942E+05  0.19220E+05  0.20508E+05  0.21805E+05  0.23109E+05  0.24419E+05  0.25734E+05  0.27053E+05  0.28374E+05  0.29697E+05  0.31021E+05  0.32344E+05
rxn00020
  0.00000E+00  0.00000E+00  0.00000E+00  0.00000E+00  0.00000E+00  0.00000E+00  0.00000E+00  0.00000E+00  0.00000E+00  0.00000E+00  0.00000E+00  0.00000E+00  0.00000E+00  0.00000E+00  0.00000E+00  0.00000E+00  0.00000E+00  0.00000E+00  0.00000E+00  0.00000E+00  0.00000E+00  0.00000E+00  0.00000E+00  0.00000E+00  0.00000E+00  0.00000E+00  0.00000E+00  0.00000E+00  0.00000E+00  0.00000E+00  0.00000E+00
rxn00021
  0.00000E+00  0.00000E+00  0.00000E+00  0.00000E+00  0.00000E+00  0.00000E+00  0.00000E+00  0.00000E+00  0.00000E+00  0.00000E+00  0.00000E+00  0.00000E+00  0.00000E+00  0.00000E+00  0.00000E+00  0.00000E+00  0.00000E+00  0.00000E+00  0.00000E+00  0.00000E+00  0.00000E+00  0.00000E+00  0.00000E+00  0.00000E+00  0.00000E+00  0.00000E+00  0.00000E+00  0.00000E+00  0.00000E+00  0.00000E+00  0.00000E+00
rxn00022
  0.00000E+00  0.00000E+00  0.00000E+00  0.00000E+00  0.00000E+00  0.00000E+00  0.00000E+00  0.00000E+00  0.00000E+00  0.00000E+00  0.00000E+00  0.00000E+00  0.00000E+00  0.00000E+00  0.00000E+00  0.00000E+00  0.00000E+00  0.00000E+00  0.00000E+00  0.00000E+00  0.00000E+00  0.00000E+00  0.00000E+00  0.00000E+00  0.00000E+00  0.00000E+00  0.00000E+00  0.00000E+00  0.00000E+00  0.00000E+00  0.00000E+00
rxn00023
  0.00000E+00  0.00000E+00  0.00000E+00  0.00000E+00  0.00000E+00  0.00000E+00  0.00000E+00  0.00000E+00  0.00000E+00  0.00000E+00  0.00000E+00  0.00000E+00  0.00000E+00  0.00000E+00  0.00000E+00  0.00000E+00  0.00000E+00  0.00000E+00  0.00000E+00  0.00000E+00  0.00000E+00  0.00000E+00  0.00000E+00  0.00000E+00  0.00000E+00  0.00000E+00  0.00000E+00  0.00000E+00  0.00000E+00  0.00000E+00  0.00000E+00
rxn00024
  0.00000E+00  0.13682E+00  0.99502E+00  0.31968E+01  0.72512E+01  0.13286E+02  0.21900E+02  0.33134E+02  0.47127E+02  0.63964E+02  0.83853E+02  0.10686E+03  0.13313E+03  0.16268E+03  0.19572E+03  0.23205E+03  0.27211E+03  0.31572E+03  0.36295E+03  0.41386E+03  0.46848E+03  0.52687E+03  0.58903E+03  0.65499E+03  0.72477E+03  0.79838E+03  0.87583E+03  0.95712E+03  0.10423E+04  0.11312E+04  0.12240E+04
rxn00025
  0.00000E+00  0.53672E+08  0.53829E+08  0.53934E+08  0.54005E+08  0.54057E+08  0.54096E+08  0.54129E+08  0.54157E+08  0.54184E+08  0.54211E+08  0.54237E+08  0.54264E+08  0.54291E+08  0.54319E+08  0.54348E+08  0.54378E+08  0.54408E+08  0.54440E+08  0.54472E+08  0.54505E+08  0.54538E+08  0.54572E+08  0.54606E+08  0.54641E+08  0.54677E+08  0.54713E+08  0.54749E+08  0.54785E+08  0.54822E+08  0.54859E+08
rxn00026
  0.00000E+00  0.22379E+08  0.22445E+08  0.22489E+08  0.22518E+08  0.22540E+08  0.22556E+08  0.22570E+08  0.22582E+08  0.22593E+08  0.22604E+08  0.22615E+08  0.22626E+08  0.22637E+08  0.22649E+08  0.22661E+08  0.22674E+08  0.22686E+08  0.22699E+08  0.22713E+08  0.22726E+08  0.22740E+08  0.22755E+08  0.22769E+08  0.22784E+08  0.22798E+08  0.22813E+08  0.22828E+08  0.22844E+08  0.22859E+08  0.22874E+08
rxn00027
  0.00000E+00  0.87857E+07  0.88115E+07  0.88286E+07  0.88403E+07  0.88488E+07  0.88552E+07  0.88605E+07  0.88652E+07  0.88696E+07  0.88739E+07  0.88782E+07  0.88826E+07  0.88871E+07  0.88917E+07  0.88964E+07  0.89013E+07  0.89063E+07  0.89114E+07  0.89167E+07  0.89220E+07  0.89275E+07  0.89331E+07  0.89387E+07  0.89444E+07  0.89502E+07  0.89561E+07  0.89620E+07  0.89680E+07  0.89740E+07  0.89801E+07
rxn00028
  0.00000E+00  0.20428E+10  0.19885E+10  0.19539E+10  0.19324E+10  0.19186E+10  0.19103E+10  0.19053E+10  0.19021E+10  0.19002E+10  0.18991E+10  0.18985E+10  0.18982E+10  0.18980E+10  0.18979E+10  0.18979E+10  0.18979E+10  0.18978E+10  0.18978E+10  0.18977E+10  0.18976E+10  0.18975E+10  0.18974E+10  0.18972E+10  0.18970E+10  0.18967E+10  0.18965E+10  0.18962E+10  0.18959E+10  0.18955E+10  0.18952E+10
rxn00029
  0.00000E+00  0.33068E+03  0.32282E+03  0.31782E+03  0.31474E+03  0.31279E+03  0.31167E+03  0.31103E+03  0.31068E+03  0.31053E+03  0.31050E+03  0.31054E+03  0.31064E+03  0.31077E+03  0.31092E+03  0.31108E+03  0.31125E+03  0.31142E+03  0.31159E+03  0.31176E+03  0.31194E+03  0.31211E+03  0.31228E+03  0.31244E+03  0.31261E+03  0.31277E+03  0.31293E+03  0.31309E+03  0.31325E+03  0.31340E+03  0.31356E+03
rxn00030
  0.00000E+00  0.11203E+01  0.14994E+01  0.18668E+01  0.21642E+01  0.24164E+01  0.26305E+01  0.28196E+01  0.29890E+01  0.31425E+01  0.32823E+01  0.34108E+01  0.35295E+01  0.36399E+01  0.37428E+01  0.38395E+01  0.39300E+01  0.40152E+01  0.40957E+01  0.41717E+01  0.42436E+01  0.43118E+01  0.43764E+01  0.44378E+01  0.44961E+01  0.45515E+01  0.46043E+01  0.46546E+01  0.47025E+01  0.47483E+01  0.47920E+01
rxn00031
  0.00000E+00  0.51599E+02  0.11735E+03  0.16247E+03  0.19416E+03  0.22060E+03  0.24409E+03  0.26588E+03  0.28629E+03  0.30548E+03  0.32352E+03  0.34048E+03  0.35642E+03  0.37140E+03  0.38545E+03  0.39869E+03  0.41107E+03  0.42269E+03  0.43359E+03  0.44381E+03  0.45337E+03  0.46232E+03  0.47069E+03  0.47852E+03  0.48582E+03  0.49264E+03  0.49900E+03  0.50493E+03  0.51045E+03  0.51558E+03  0.52035E+03
rxn00032
  0.00000E+00  0.17322E+06  0.23888E+06  0.30327E+06  0.35596E+06  0.40070E+06  0.43840E+06  0.47145E+06  0.50086E+06  0.52737E+06  0.55142E+06  0.57348E+06  0.59384E+06  0.61277E+06  0.63044E+06  0.64708E+06  0.66270E+06  0.67747E+06  0.69146E+06  0.70473E+06  0.71735E+06  0.72937E+06  0.74082E+06  0.75175E+06  0.76220E+06  0.77220E+06  0.78177E+06  0.79096E+06  0.79977E+06  0.80824E+06  0.81639E+06
rxn00033
  0.00000E+00  0.13920E+06  0.32619E+06  0.46046E+06  0.55713E+06  0.63818E+06  0.70969E+06  0.77558E+06  0.83694E+06  0.89439E+06  0.94820E+06  0.99874E+06  0.10462E+07  0.10908E+07  0.11327E+07  0.11723E+07  0.12093E+07  0.12442E+07  0.12771E+07  0.13080E+07  0.13370E+07  0.13644E+07  0.13900E+07  0.14142E+07  0.14369E+07  0.14582E+07  0.14781E+07  0.14969E+07  0.15145E+07  0.15311E+07  0.15466E+07
rxn00034
  0.00000E+00  0.38658E+04  0.21105E+05  0.41893E+05  0.61169E+05  0.80106E+05  0.98920E+05  0.11800E+06  0.13726E+06  0.15660E+06  0.17584E+06  0.19489E+06  0.21363E+06  0.23202E+06  0.24993E+06  0.26740E+06  0.28427E+06  0.30058E+06  0.31629E+06  0.33139E+06  0.34587E+06  0.35970E+06  0.37291E+06  0.38548E+06  0.39743E+06  0.40877E+06  0.41951E+06  0.42966E+06  0.43925E+06  0.44829E+06  0.45680E+06
rxn00035
  0.00000E+00  0.57531E+05  0.79100E+05  0.10021E+06  0.11746E+06  0.13208E+06  0.14439E+06  0.15517E+06  0.16475E+06  0.17337E+06  0.18117E+06  0.18832E+06  0.19489E+06  0.20099E+06  0.20667E+06  0.21200E+06  0.21699E+06  0.22169E+06  0.22613E+06  0.23032E+06  0.23430E+06  0.23807E+06  0.24165E+06  0.24506E+06  0.24830E+06  0.25139E+06  0.25434E+06  0.25716E+06  0.25985E+06  0.26243E+06  0.26489E+06
rxn00036
  0.00000E+00  0.54018E+04  0.17355E+05  0.30981E+05  0.43883E+05  0.56475E+05  0.68613E+05  0.80540E+05  0.92236E+05  0.10368E+06  0.11482E+06  0.12566E+06  0.13616E+06  0.14635E+06  0.15619E+06  0.16574E+06  0.17491E+06  0.18377E+06  0.19229E+06  0.20049E+06  0.20836E+06  0.21591E+06  0.22315E+06  0.23009E+06  0.23672E+06  0.24307E+06  0.24913E+06  0.25492E+06  0.26045E+06  0.26572E+06  0.27075E+06
rxn00037
  0.00000E+00  0.34034E+01  0.64349E+01  0.10331E+02  0.14195E+02  0.17953E+02  0.21459E+02  0.24787E+02  0.27947E+02  0.30952E+02  0.33807E+02  0.36530E+02  0.39131E+02  0.41625E+02  0.44014E+02  0.46319E+02  0.48529E+02  0.50658E+02  0.52711E+02  0.54690E+02  0.56598E+02  0.58438E+02  0.60213E+02  0.61925E+02  0.63577E+02  0.65171E+02  0.66710E+02  0.68196E+02  0.69631E+02  0.71018E+02  0.72360E+02
rxn00038
  0.00000E+00  0.95798E+05  0.13173E+06  0.16690E+06  0.19564E+06  0.22002E+06  0.24055E+06  0.25853E+06  0.27451E+06  0.28890E+06  0.30193E+06  0.31385E+06  0.32483E+06  0.33502E+06  0.34451E+06  0.35341E+06  0.36174E+06  0.36959E+06  0.37701E+06  0.38402E+06  0.39066E+06  0.39696E+06  0.40294E+06  0.40863E+06  0.41405E+06  0.41921E+06  0.42413E+06  0.42882E+06  0.43331E+06  0.43761E+06  0.44172E+06
rxn00039
  0.00000E+00  0.13080E+03  0.13119E+03  0.13144E+03  0.13161E+03  0.13174E+03  0.13184E+03  0.13192E+03  0.13199E+03  0.13205E+03  0.13212E+03  0.13218E+03  0.13224E+03  0.13231E+03  0.13238E+03  0.13245E+03  0.13252E+03  0.13260E+03  0.13267E+03  0.13275E+03  0.13283E+03  0.13291E+03  0.13300E+03  0.13308E+03  0.13317E+03  0.13325E+03  0.13334E+03  0.13343E+03  0.13352E+03  0.13361E+03  0.13370E+03
rxn00040
  0.00000E+00  0.33849E+07  0.11838E+08  0.20124E+08  0.26833E+08  0.32495E+08  0.37202E+08  0.41287E+08  0.44872E+08  0.48053E+08  0.50888E+08  0.53439E+08  0.55745E+08  0.57843E+08  0.59755E+08  0.61512E+08  0.63117E+08  0.64593E+08  0.65950E+08  0.67199E+08  0.68347E+08  0.69403E+08  0.70373E+08  0.71263E+08  0.72079E+08  0.72826E+08  0.73509E+08  0.74132E+08  0.74699E+08  0.75214E+08  0.75680E+08
rxn00041
  0.00000E+00  0.38090E+09  0.57180E+09  0.69127E+09  0.76380E+09  0.80906E+09  0.83413E+09  0.84808E+09  0.85506E+09  0.85771E+09  0.85760E+09  0.85586E+09  0.85314E+09  0.84989E+09  0.84637E+09  0.84276E+09  0.83916E+09  0.83562E+09  0.83220E+09  0.82890E+09  0.82574E+09  0.82271E+09  0.81981E+09  0.81705E+09  0.81441E+09  0.81188E+09  0.80947E+09  0.80716E+09  0.80494E+09  0.80282E+09  0.80078E+09
rxn00042
  0.00000E+00  0.28502E+05  0.26337E+05  0.25000E+05  0.24182E+05  0.23658E+05  0.23346E+05  0.23151E+05  0.23028E+05  0.22950E+05  0.22900E+05  0.22867E+05  0.22845E+05  0.22828E+05  0.22814E+05  0.22801E+05  0.22789E+05  0.22776E+05  0.22762E+05  0.22747E+05  0.22730E+05  0.22713E+05  0.22694E+05  0.22674E+05  0.22653E+05  0.22630E+05  0.22607E+05  0.22582E+05  0.22556E+05  0.22530E+05  0.22502E+05
rxn00043
  0.00000E+00  0.61292E+07  0.58357E+07  0.56483E+07  0.55315E+07  0.54559E+07  0.54112E+07  0.53835E+07  0.53665E+07  0.53562E+07  0.53503E+07  0.53470E+07  0.53453E+07  0.53446E+07  0.53443E+07  0.53443E+07  0.53444E+07  0.53444E+07  0.53443E+07  0.53441E+07  0.53437E+07  0.53432E+07  0.53425E+07  0.53417E+07  0.53407E+07  0.53395E+07  0.53382E+07  0.53367E+07  0.53351E+07  0.53334E+07  0.53315E+07
rxn00044
  0.00000E+00  0.13163E+04  0.24451E+04  0.30280E+04  0.34043E+04  0.37308E+04  0.40514E+04  0.43701E+04  0.46858E+04  0.49960E+04  0.52982E+04  0.55909E+04  0.58727E+04  0.61433E+04  0.64019E+04  0.66495E+04  0.68846E+04  0.71084E+04  0.73212E+04  0.75231E+04  0.77146E+04  0.78961E+04  0.80680E+04  0.82306E+04  0.83845E+04  0.85299E+04  0.86674E+04  0.87973E+04  0.89199E+04  0.90358E+04  0.91451E+04
rxn00045
  0.00000E+00  0.12124E+07  0.91503E+06  0.77697E+06  0.70702E+06  0.66720E+06  0.64617E+06  0.63453E+06  0.62849E+06  0.62586E+06  0.62536E+06  0.62613E+06  0.62767E+06  0.62964E+06  0.63184E+06  0.63413E+06  0.63643E+06  0.63869E+06  0.64087E+06  0.64297E+06  0.64497E+06  0.64686E+06  0.64864E+06  0.65032E+06  0.65190E+06  0.65339E+06  0.65477E+06  0.65607E+06  0.65728E+06  0.65841E+06  0.65946E+06
rxn00046
  0.00000E+00  0.20883E+06  0.34889E+06  0.42902E+06  0.47730E+06  0.50906E+06  0.52935E+06  0.54352E+06  0.55390E+06  0.56189E+06  0.56828E+06  0.57364E+06  0.57829E+06  0.58246E+06  0.58626E+06  0.58979E+06  0.59309E+06  0.59619E+06  0.59913E+06  0.60191E+06  0.60454E+06  0.60704E+06  0.60940E+06  0.61164E+06  0.61376E+06  0.61576E+06  0.61764E+06  0.61942E+06  0.62110E+06  0.62268E+06  0.62416E+06
rxn00047
  0.00000E+00  0.86075E+04  0.14380E+05  0.17683E+05  0.19673E+05  0.20982E+05  0.21818E+05  0.22403E+05  0.22831E+05  0.23160E+05  0.23423E+05  0.23644E+05  0.23836E+05  0.24008E+05  0.24164E+05  0.24310E+05  0.24446E+05  0.24574E+05  0.24695E+05  0.24809E+05  0.24918E+05  0.25021E+05  0.25118E+05  0.25210E+05  0.25298E+05  0.25380E+05  0.25458E+05  0.25531E+05  0.25600E+05  0.25665E+05  0.25727E+05
rxn00048
  0.00000E+00  0.15996E+07  0.20880E+07  0.25558E+07  0.29300E+07  0.32470E+07  0.35182E+07  0.37596E+07  0.39774E+07  0.41757E+07  0.43571E+07  0.45242E+07  0.46787E+07  0.48224E+07  0.49560E+07  0.50814E+07  0.51984E+07  0.53083E+07  0.54116E+07  0.55088E+07  0.56003E+07  0.56866E+07  0.57680E+07  0.58448E+07  0.59173E+07  0.59858E+07  0.60506E+07  0.61119E+07  0.61699E+07  0.62249E+07  0.62769E+07
rxn00049
  0.00000E+00  0.34134E+01  0.10570E+02  0.22866E+02  0.39975E+02  0.61501E+02  0.87210E+02  0.11681E+03  0.15006E+03  0.18674E+03  0.22668E+03  0.26969E+03  0.31566E+03  0.36442E+03  0.41587E+03  0.46986E+03  0.52631E+03  0.58510E+03  0.64611E+03  0.70924E+03  0.77438E+03  0.84145E+03  0.91035E+03  0.98098E+03  0.10533E+04  0.11271E+04  0.12025E+04  0.12793E+04  0.13574E+04  0.14368E+04  0.15174E+04
rxn00050
  0.00000E+00  0.28779E+07  0.34245E+07  0.36320E+07  0.37289E+07  0.37790E+07  0.38046E+07  0.38180E+07  0.38249E+07  0.38280E+07  0.38287E+07  0.38279E+07  0.38264E+07  0.38243E+07  0.38220E+07  0.38195E+07  0.38169E+07  0.38143E+07  0.38117E+07  0.38092E+07  0.38067E+07  0.38042E+07  0.38018E+07  0.37994E+07  0.37970E+07  0.37947E+07  0.37924E+07  0.37901E+07  0.37878E+07  0.37855E+07  0.37832E+07
rxn00051
  0.00000E+00  0.53769E+07  0.11927E+08  0.16232E+08  0.19183E+08  0.21632E+08  0.23824E+08  0.25872E+08  0.27801E+08  0.29623E+08  0.31341E+08  0.32959E+08  0.34479E+08  0.35909E+08  0.37248E+08  0.38507E+08  0.39682E+08  0.40782E+08  0.41810E+08  0.42769E+08  0.43664E+08  0.44497E+08  0.45273E+08  0.45993E+08  0.46662E+08  0.47282E+08  0.47856E+08  0.48386E+08  0.48875E+08  0.49327E+08  0.49741E+08
rxn00052
  0.00000E+00  0.64838E+06  0.28485E+07  0.58795E+07  0.90302E+07  0.12052E+08  0.14864E+08  0.17488E+08  0.19942E+08  0.22244E+08  0.24401E+08  0.26429E+08  0.28332E+08  0.30122E+08  0.31801E+08  0.33382E+08  0.34861E+08  0.36249E+08  0.37550E+08  0.38769E+08  0.39910E+08  0.40976E+08  0.41973E+08  0.42902E+08  0.43769E+08  0.44577E+08  0.45328E+08  0.46027E+08  0.46675E+08  0.47276E+08  0.47833E+08
rxn00053
  0.00000E+00  0.13884E+03  0.83873E+03  0.21936E+04  0.39492E+04  0.59272E+04  0.79926E+04  0.10107E+05  0.12237E+05  0.14365E+05  0.16469E+05  0.18542E+05  0.20572E+05  0.22558E+05  0.24489E+05  0.26372E+05  0.28189E+05  0.29948E+05  0.31645E+05  0.33280E+05  0.34852E+05  0.36360E+05  0.37805E+05  0.39188E+05  0.40510E+05  0.41771E+05  0.42974E+05  0.44119E+05  0.45209E+05  0.46246E+05  0.47230E+05
rxn00054
  0.00000E+00  0.31520E+06  0.43341E+06  0.54917E+06  0.64373E+06  0.72393E+06  0.79148E+06  0.85063E+06  0.90323E+06  0.95056E+06  0.99343E+06  0.10327E+07  0.10688E+07  0.11023E+07  0.11335E+07  0.11628E+07  0.11902E+07  0.12161E+07  0.12405E+07  0.12635E+07  0.12854E+07  0.13061E+07  0.13258E+07  0.13445E+07  0.13623E+07  0.13793E+07  0.13955E+07  0.14109E+07  0.14257E+07  0.14398E+07  0.14534E+07
rxn00055
  0.00000E+00  0.62262E+03  0.62445E+03  0.62566E+03  0.62649E+03  0.62709E+03  0.62754E+03  0.62792E+03  0.62825E+03  0.62857E+03  0.62887E+03  0.62917E+03  0.62948E+03  0.62980E+03  0.63013E+03  0.63046E+03  0.63081E+03  0.63116E+03  0.63153E+03  0.63190E+03  0.63228E+03  0.63267E+03  0.63306E+03  0.63346E+03  0.63386E+03  0.63428E+03  0.63469E+03  0.63511E+03  0.63553E+03  0.63596E+03  0.63639E+03
rxn00056
  0.00000E+00  0.62262E+02  0.62445E+02  0.62566E+02  0.62649E+02  0.62709E+02  0.62754E+02  0.62792E+02  0.62825E+02  0.62857E+02  0.62887E+02  0.62917E+02  0.62948E+02  0.62980E+02  0.63013E+02  0.63046E+02  0.63081E+02  0.63116E+02  0.63153E+02  0.63190E+02  0.63228E+02  0.63267E+02  0.63306E+02  0.63346E+02  0.63386E+02  0.63428E+02  0.63469E+02  0.63511E+02  0.63553E+02  0.63596E+02  0.63639E+02
rxn00057
  0.00000E+00  0.22089E+06  0.65188E+06  0.11019E+07  0.14537E+07  0.17310E+07  0.19499E+07  0.21360E+07  0.22982E+07  0.24421E+07  0.25711E+07  0.26886E+07  0.27966E+07  0.28970E+07  0.29909E+07  0.30797E+07  0.31637E+07  0.32437E+07  0.33203E+07  0.33937E+07  0.34643E+07  0.35324E+07  0.35981E+07  0.36617E+07  0.37232E+07  0.37830E+07  0.38410E+07  0.38974E+07  0.39523E+07  0.40058E+07  0.40580E+07
rxn00058
  0.00000E+00  0.27639E+01  0.10744E+02  0.21084E+02  0.30140E+02  0.38160E+02  0.45623E+02  0.53026E+02  0.60448E+02  0.67900E+02  0.75358E+02  0.82818E+02  0.90265E+02  0.97703E+02  0.10512E+03  0.11253E+03  0.11990E+03  0.12726E+03  0.13459E+03  0.14190E+03  0.14918E+03  0.15643E+03  0.16366E+03  0.17086E+03  0.17803E+03  0.18517E+03  0.19228E+03  0.19937E+03  0.20643E+03  0.21347E+03  0.22049E+03
rxn00059
  0.00000E+00  0.50145E+03  0.23101E+04  0.45592E+04  0.65868E+04  0.84816E+04  0.10306E+05  0.12135E+05  0.13974E+05  0.15819E+05  0.17659E+05  0.19489E+05  0.21303E+05  0.23097E+05  0.24865E+05  0.26610E+05  0.28322E+05  0.30003E+05  0.31652E+05  0.33266E+05  0.34846E+05  0.36390E+05  0.37898E+05  0.39369E+05  0.40805E+05  0.42205E+05  0.43569E+05  0.44899E+05  0.46194E+05  0.47456E+05  0.48685E+05
rxn00060
  0.00000E+00  0.15507E-01  0.21070E+00  0.88972E+00  0.22445E+01  0.43151E+01  0.72100E+01  0.10952E+02  0.15583E+02  0.21133E+02  0.27648E+02  0.35145E+02  0.43657E+02  0.53189E+02  0.63772E+02  0.75373E+02  0.88055E+02  0.10178E+03  0.11656E+03  0.13237E+03  0.14922E+03  0.16709E+03  0.18597E+03  0.20584E+03  0.22669E+03  0.24850E+03  0.27126E+03  0.29494E+03  0.31953E+03  0.34500E+03  0.37134E+03
rxn00061
  0.00000E+00  0.19041E+06  0.26602E+06  0.34526E+06  0.41669E+06  0.48393E+06  0.54773E+06  0.61029E+06  0.67241E+06  0.73460E+06  0.79710E+06  0.86021E+06  0.92405E+06  0.98875E+06  0.10543E+07  0.11209E+07  0.11883E+07  0.12565E+07  0.13257E+07  0.13956E+07  0.14662E+07  0.15375E+07  0.16094E+07  0.16819E+07  0.17548E+07  0.18282E+07  0.19020E+07  0.19761E+07  0.20505E+07  0.21252E+07  0.22000E+07
rxn00062
  0.00000E+00  0.57622E+02  0.46544E+02  0.41907E+02  0.40145E+02  0.39702E+02  0.40165E+02  0.41125E+02  0.42423E+02  0.43959E+02  0.45677E+02  0.47532E+02  0.49495E+02  0.51544E+02  0.53667E+02  0.55848E+02  0.58083E+02  0.60363E+02  0.62681E+02  0.65034E+02  0.67418E+02  0.69828E+02  0.72262E+02  0.74716E+02  0.77189E+02  0.79677E+02  0.82179E+02  0.84692E+02  0.87215E+02  0.89746E+02  0.92284E+02
rxn00063
  0.00000E+00  0.79498E+06  0.10931E+07  0.13851E+07  0.16236E+07  0.18259E+07  0.19962E+07  0.21454E+07  0.22781E+07  0.23975E+07  0.25056E+07  0.26046E+07  0.26957E+07  0.27802E+07  0.28589E+07  0.29328E+07  0.30020E+07  0.30671E+07  0.31287E+07  0.31869E+07  0.32420E+07  0.32943E+07  0.33440E+07  0.33912E+07  0.34361E+07  0.34790E+07  0.35198E+07  0.35588E+07  0.35961E+07  0.36318E+07  0.36659E+07
rxn00064
  0.00000E+00  0.00000E+00  0.00000E+00  0.00000E+00  0.00000E+00  0.00000E+00  0.00000E+00  0.00000E+00  0.00000E+00  0.00000E+00  0.00000E+00  0.00000E+00  0.00000E+00  0.00000E+00  0.00000E+00  0.00000E+00  0.00000E+00  0.00000E+00  0.00000E+00  0.00000E+00  0.00000E+00  0.00000E+00  0.00000E+00  0.00000E+00  0.00000E+00  0.00000E+00  0.00000E+00  0.00000E+00  0.00000E+00  0.00000E+00  0.00000E+00
rxn00065
  0.00000E+00  0.00000E+00  0.00000E+00  0.00000E+00  0.00000E+00  0.00000E+00  0.00000E+00  0.00000E+00  0.00000E+00  0.00000E+00  0.00000E+00  0.00000E+00  0.00000E+00  0.00000E+00  0.00000E+00  0.00000E+00  0.00000E+00  0.00000E+00  0.00000E+00  0.00000E+00  0.00000E+00  0.00000E+00  0.00000E+00  0.00000E+00  0.00000E+00  0.00000E+00  0.00000E+00  0.00000E+00  0.00000E+00  0.00000E+00  0.00000E+00
rxn00066
  0.00000E+00  0.00000E+00  0.00000E+00  0.00000E+00  0.00000E+00  0.00000E+00  0.00000E+00  0.00000E+00  0.00000E+00  0.00000E+00  0.00000E+00  0.00000E+00  0.00000E+00  0.00000E+00  0.00000E+00  0.00000E+00  0.00000E+00  0.00000E+00  0.00000E+00  0.00000E+00  0.00000E+00  0.00000E+00  0.00000E+00  0.00000E+00  0.00000E+00  0.00000E+00  0.00000E+00  0.00000E+00  0.00000E+00  0.00000E+00  0.00000E+00
rxn00067
  0.00000E+00  0.00000E+00  0.00000E+00  0.00000E+00  0.00000E+00  0.00000E+00  0.00000E+00  0.00000E+00  0.00000E+00  0.00000E+00  0.00000E+00  0.00000E+00  0.00000E+00  0.00000E+00  0.00000E+00  0.00000E+00  0.00000E+00  0.00000E+00  0.00000E+00  0.00000E+00  0.00000E+00  0.00000E+00  0.00000E+00  0.00000E+00  0.00000E+00  0.00000E+00  0.00000E+00  0.00000E+00  0.00000E+00  0.00000E+00  0.00000E+00
rxn00068
  0.00000E+00  0.00000E+00  0.00000E+00  0.00000E+00  0.00000E+00  0.00000E+00  0.00000E+00  0.00000E+00  0.00000E+00  0.00000E+00  0.00000E+00  0.00000E+00  0.00000E+00  0.00000E+00  0.00000E+00  0.00000E+00  0.00000E+00  0.00000E+00  0.00000E+00  0.00000E+00  0.00000E+00  0.00000E+00  0.00000E+00  0.00000E+00  0.00000E+00  0.00000E+00  0.00000E+00  0.00000E+00  0.00000E+00  0.00000E+00  0.00000E+00
rxn00069
  0.00000E+00  0.00000E+00  0.00000E+00  0.00000E+00  0.00000E+00  0.00000E+00  0.00000E+00  0.00000E+00  0.00000E+00  0.00000E+00  0.00000E+00  0.00000E+00  0.00000E+00  0.00000E+00  0.00000E+00  0.00000E+00  0.00000E+00  0.00000E+00  0.00000E+00  0.00000E+00  0.00000E+00  0.00000E+00  0.00000E+00  0.00000E+00  0.00000E+00  0.00000E+00  0.00000E+00  0.00000E+00  0.00000E+00  0.00000E+00  0.00000E+00
rxn00070
  0.00000E+00  0.00000E+00  0.00000E+00  0.00000E+00  0.00000E+00  0.00000E+00  0.00000E+00  0.00000E+00  0.00000E+00  0.00000E+00  0.00000E+00  0.00000E+00  0.00000E+00  0.00000E+00  0.00000E+00  0.00000E+00  0.00000E+00  0.00000E+00  0.00000E+00  0.00000E+00  0.00000E+00  0.00000E+00  0.00000E+00  0.00000E+00  0.00000E+00  0.00000E+00  0.00000E+00  0.00000E+00  0.00000E+00  0.00000E+00  0.00000E+00
rxn00071
  0.00000E+00  0.00000E+00  0.00000E+00  0.00000E+00  0.00000E+00  0.00000E+00  0.00000E+00  0.00000E+00  0.00000E+00  0.00000E+00  0.00000E+00  0.00000E+00  0.00000E+00  0.00000E+00  0.00000E+00  0.00000E+00  0.00000E+00  0.00000E+00  0.00000E+00  0.00000E+00  0.00000E+00  0.00000E+00  0.00000E+00  0.00000E+00  0.00000E+00  0.00000E+00  0.00000E+00  0.00000E+00  0.00000E+00  0.00000E+00  0.00000E+00
rxn00072
  0.00000E+00  0.00000E+00  0.00000E+00  0.00000E+00  0.00000E+00  0.00000E+00  0.00000E+00  0.00000E+00  0.00000E+00  0.00000E+00  0.00000E+00  0.00000E+00  0.00000E+00  0.00000E+00  0.00000E+00  0.00000E+00  0.00000E+00  0.00000E+00  0.00000E+00  0.00000E+00  0.00000E+00  0.00000E+00  0.00000E+00  0.00000E+00  0.00000E+00  0.00000E+00  0.00000E+00  0.00000E+00  0.00000E+00  0.00000E+00  0.00000E+00
rxn00073
  0.00000E+00  0.00000E+00  0.00000E+00  0.00000E+00  0.00000E+00  0.00000E+00  0.00000E+00  0.00000E+00  0.00000E+00  0.00000E+00  0.00000E+00  0.00000E+00  0.00000E+00  0.00000E+00  0.00000E+00  0.00000E+00  0.00000E+00  0.00000E+00  0.00000E+00  0.00000E+00  0.00000E+00  0.00000E+00  0.00000E+00  0.00000E+00  0.00000E+00  0.00000E+00  0.00000E+00  0.00000E+00  0.00000E+00  0.00000E+00  0.00000E+00
rxn00074
  0.00000E+00  0.00000E+00  0.00000E+00  0.00000E+00  0.00000E+00  0.00000E+00  0.00000E+00  0.00000E+00  0.00000E+00  0.00000E+00  0.00000E+00  0.00000E+00  0.00000E+00  0.00000E+00  0.00000E+00  0.00000E+00  0.00000E+00  0.00000E+00  0.00000E+00  0.00000E+00  0.00000E+00  0.00000E+00  0.00000E+00  0.00000E+00  0.00000E+00  0.00000E+00  0.00000E+00  0.00000E+00  0.00000E+00  0.00000E+00  0.00000E+00
rxn00075
  0.00000E+00  0.00000E+00  0.00000E+00  0.00000E+00  0.00000E+00  0.00000E+00  0.00000E+00  0.00000E+00  0.00000E+00  0.00000E+00  0.00000E+00  0.00000E+00  0.00000E+00  0.00000E+00  0.00000E+00  0.00000E+00  0.00000E+00  0.00000E+00  0.00000E+00  0.00000E+00  0.00000E+00  0.00000E+00  0.00000E+00  0.00000E+00  0.00000E+00  0.00000E+00  0.00000E+00  0.00000E+00  0.00000E+00  0.00000E+00  0.00000E+00
rxn00076
  0.00000E+00  0.00000E+00  0.00000E+00  0.00000E+00  0.00000E+00  0.00000E+00  0.00000E+00  0.00000E+00  0.00000E+00  0.00000E+00  0.00000E+00  0.00000E+00  0.00000E+00  0.00000E+00  0.00000E+00  0.00000E+00  0.00000E+00  0.00000E+00  0.00000E+00  0.00000E+00  0.00000E+00  0.00000E+00  0.00000E+00  0.00000E+00  0.00000E+00  0.00000E+00  0.00000E+00  0.00000E+00  0.00000E+00  0.00000E+00  0.00000E+00
rxn00077
  0.00000E+00  0.00000E+00  0.00000E+00  0.00000E+00  0.00000E+00  0.00000E+00  0.00000E+00  0.00000E+00  0.00000E+00  0.00000E+00  0.00000E+00  0.00000E+00  0.00000E+00  0.00000E+00  0.00000E+00  0.00000E+00  0.00000E+00  0.00000E+00  0.00000E+00  0.00000E+00  0.00000E+00  0.00000E+00  0.00000E+00  0.00000E+00  0.00000E+00  0.00000E+00  0.00000E+00  0.00000E+00  0.00000E+00  0.00000E+00  0.00000E+00
rxn00078
  0.00000E+00  0.00000E+00  0.00000E+00  0.00000E+00  0.00000E+00  0.00000E+00  0.00000E+00  0.00000E+00  0.00000E+00  0.00000E+00  0.00000E+00  0.00000E+00  0.00000E+00  0.00000E+00  0.00000E+00  0.00000E+00  0.00000E+00  0.00000E+00  0.00000E+00  0.00000E+00  0.00000E+00  0.00000E+00  0.00000E+00  0.00000E+00  0.00000E+00  0.00000E+00  0.00000E+00  0.00000E+00  0.00000E+00  0.00000E+00  0.00000E+00
rxn00079
  0.00000E+00  0.22317E+03  0.15958E+04  0.49016E+04  0.10165E+05  0.17138E+05  0.25685E+05  0.35500E+05  0.46465E+05  0.58442E+05  0.71367E+05  0.85114E+05  0.99637E+05  0.11485E+06  0.13073E+06  0.14720E+06  0.16425E+06  0.18182E+06  0.19985E+06  0.21832E+06  0.23719E+06  0.25643E+06  0.27599E+06  0.29585E+06  0.31598E+06  0.33635E+06  0.35694E+06  0.37771E+06  0.39865E+06  0.41973E+06  0.44094E+06
rxn00080
  0.00000E+00  0.23983E-16  0.17149E-15  0.52674E-15  0.10923E-14  0.18417E-14  0.27602E-14  0.38150E-14  0.49933E-14  0.62803E-14  0.76693E-14  0.91467E-14  0.10707E-13  0.12342E-13  0.14049E-13  0.15819E-13  0.17651E-13  0.19539E-13  0.21476E-13  0.23461E-13  0.25489E-13  0.27556E-13  0.29659E-13  0.31793E-13  0.33956E-13  0.36146E-13  0.38358E-13  0.40590E-13  0.42840E-13  0.45106E-13  0.47385E-13
rxn00081
  0.00000E+00  0.00000E+00  0.00000E+00  0.00000E+00  0.00000E+00  0.00000E+00  0.00000E+00  0.00000E+00  0.00000E+00  0.00000E+00  0.00000E+00  0.00000E+00  0.00000E+00  0.00000E+00  0.00000E+00  0.00000E+00  0.00000E+00  0.00000E+00  0.00000E+00  0.00000E+00  0.00000E+00  0.00000E+00  0.00000E+00  0.00000E+00  0.00000E+00  0.00000E+00  0.00000E+00  0.00000E+00  0.00000E+00  0.00000E+00  0.00000E+00
rxn00082
  0.00000E+00  0.11749E+03  0.32326E+03  0.61424E+03  0.95921E+03  0.13467E+04  0.17638E+04  0.22071E+04  0.26723E+04  0.31561E+04  0.36552E+04  0.41678E+04  0.46920E+04  0.52264E+04  0.57693E+04  0.63205E+04  0.68775E+04  0.74402E+04  0.80074E+04  0.85784E+04  0.91523E+04  0.97282E+04  0.10306E+05  0.10884E+05  0.11462E+05  0.12041E+05  0.12618E+05  0.13195E+05  0.13769E+05  0.14343E+05  0.14914E+05
rxn00083
  0.00000E+00  0.56121E+02  0.11263E+03  0.16923E+03  0.22575E+03  0.28210E+03  0.33818E+03  0.39399E+03  0.44949E+03  0.50468E+03  0.55954E+03  0.61407E+03  0.66825E+03  0.72209E+03  0.77557E+03  0.82870E+03  0.88144E+03  0.93382E+03  0.98582E+03  0.10374E+04  0.10887E+04  0.11395E+04  0.11900E+04  0.12400E+04  0.12897E+04  0.13389E+04  0.13878E+04  0.14363E+04  0.14843E+04  0.15319E+04  0.15792E+04
rxn00084
  0.00000E+00  0.10856E+00  0.17269E+00  0.22765E+00  0.28217E+00  0.33735E+00  0.39492E+00  0.45412E+00  0.51478E+00  0.57667E+00  0.63955E+00  0.70318E+00  0.76735E+00  0.83189E+00  0.89666E+00  0.96157E+00  0.10265E+01  0.10913E+01  0.11560E+01  0.12206E+01  0.12849E+01  0.13490E+01  0.14128E+01  0.14763E+01  0.15395E+01  0.16022E+01  0.16646E+01  0.17266E+01  0.17882E+01  0.18494E+01  0.19101E+01
rxn00085
  0.00000E+00  0.39185E+02  0.19931E+03  0.46562E+03  0.79519E+03  0.11655E+04  0.15665E+04  0.19928E+04  0.24409E+04  0.29075E+04  0.33908E+04  0.38879E+04  0.43974E+04  0.49176E+04  0.54474E+04  0.59847E+04  0.65295E+04  0.70801E+04  0.76354E+04  0.81946E+04  0.87570E+04  0.93219E+04  0.98884E+04  0.10456E+05  0.11024E+05  0.11592E+05  0.12160E+05  0.12726E+05  0.13291E+05  0.13855E+05  0.14417E+05
rxn00086
  0.00000E+00  0.91472E-01  0.72629E+00  0.19812E+01  0.37051E+01  0.58727E+01  0.85137E+01  0.11642E+02  0.15262E+02  0.19367E+02  0.23948E+02  0.28981E+02  0.34445E+02  0.40317E+02  0.46569E+02  0.53175E+02  0.60108E+02  0.67341E+02  0.74846E+02  0.82599E+02  0.90575E+02  0.98750E+02  0.10710E+03  0.11560E+03  0.12424E+03  0.13299E+03  0.14183E+03  0.15076E+03  0.15975E+03  0.16878E+03  0.17786E+03
rxn00087
  0.00000E+00  0.22458E-05  0.54141E-04  0.30811E-03  0.97548E-03  0.22331E-02  0.43861E-02  0.76550E-02  0.12295E-01  0.18551E-01  0.26734E-01  0.37102E-01  0.49965E-01  0.65559E-01  0.84232E-01  0.10606E+00  0.13156E+00  0.16082E+00  0.19405E+00  0.23149E+00  0.27333E+00  0.31976E+00  0.37094E+00  0.42702E+00  0.48813E+00  0.55440E+00  0.62593E+00  0.70281E+00  0.78513E+00  0.87294E+00  0.96631E+00
rxn00088
  0.00000E+00  0.54873E-02  0.53633E-01  0.22109E+00  0.59351E+00  0.12268E+01  0.22088E+01  0.35802E+01  0.53853E+01  0.76599E+01  0.10450E+02  0.13786E+02  0.17706E+02  0.22232E+02  0.27405E+02  0.33220E+02  0.39743E+02  0.46970E+02  0.54918E+02  0.63605E+02  0.73048E+02  0.83259E+02  0.94247E+02  0.10602E+03  0.11859E+03  0.13196E+03  0.14614E+03  0.16112E+03  0.17691E+03  0.19352E+03  0.21093E+03
rxn00089
  0.00000E+00  0.51727E-05  0.29231E-04  0.83593E-04  0.17812E-03  0.31351E-03  0.50454E-03  0.75150E-03  0.10583E-02  0.14278E-02  0.18654E-02  0.23728E-02  0.29542E-02  0.36101E-02  0.43453E-02  0.51559E-02  0.60514E-02  0.70285E-02  0.80886E-02  0.92329E-02  0.10463E-01  0.11779E-01  0.13181E-01  0.14671E-01  0.16249E-01  0.17914E-01  0.19668E-01  0.21509E-01  0.23439E-01  0.25456E-01  0.27561E-01
rxn00090
  0.00000E+00  0.13829E+06  0.44225E+06  0.71354E+06  0.92705E+06  0.11041E+07  0.12481E+07  0.13710E+07  0.14780E+07  0.15725E+07  0.16572E+07  0.17344E+07  0.18054E+07  0.18717E+07  0.19341E+07  0.19935E+07  0.20500E+07  0.21043E+07  0.21566E+07  0.22072E+07  0.22563E+07  0.23040E+07  0.23504E+07  0.23956E+07  0.24398E+07  0.24831E+07  0.25254E+07  0.25668E+07  0.26075E+07  0.26474E+07  0.26866E+07
rxn00091
  0.00000E+00  0.61523E+06  0.12479E+07  0.16119E+07  0.18562E+07  0.20586E+07  0.22386E+07  0.24062E+07  0.25646E+07  0.27151E+07  0.28585E+07  0.29958E+07  0.31275E+07  0.32543E+07  0.33766E+07  0.34951E+07  0.36097E+07  0.37209E+07  0.38291E+07  0.39344E+07  0.40370E+07  0.41371E+07  0.42348E+07  0.43303E+07  0.44236E+07  0.45150E+07  0.46045E+07  0.46922E+07  0.47782E+07  0.48625E+07  0.49454E+07
rxn00092
  0.00000E+00  0.23935E+03  0.11776E+04  0.25910E+04  0.43013E+04  0.62140E+04  0.83306E+04  0.10618E+05  0.13065E+05  0.15659E+05  0.18397E+05  0.21270E+05  0.24273E+05  0.27401E+05  0.30651E+05  0.34010E+05  0.37488E+05  0.41074E+05  0.44763E+05  0.48555E+05  0.52446E+05  0.56434E+05  0.60516E+05  0.64690E+05  0.68954E+05  0.73305E+05  0.77742E+05  0.82262E+05  0.86863E+05  0.91545E+05  0.96304E+05
rxn00093
  0.00000E+00  0.34911E+03  0.17428E+04  0.32834E+04  0.46714E+04  0.60165E+04  0.73359E+04  0.86618E+04  0.99937E+04  0.11328E+05  0.12658E+05  0.13982E+05  0.15294E+05  0.16596E+05  0.17882E+05  0.19155E+05  0.20409E+05  0.21645E+05  0.22863E+05  0.24061E+05  0.25239E+05  0.26395E+05  0.27531E+05  0.28645E+05  0.29737E+05  0.30808E+05  0.31857E+05  0.32885E+05  0.33892E+05  0.34879E+05  0.35845E+05
rxn00094
  0.00000E+00  0.56019E+01  0.23599E+02  0.44205E+02  0.62227E+02  0.78804E+02  0.94545E+02  0.11019E+03  0.12586E+03  0.14155E+03  0.15725E+03  0.17296E+03  0.18866E+03  0.20437E+03  0.22008E+03  0.23582E+03  0.25154E+03  0.26728E+03  0.28303E+03  0.29879E+03  0.31455E+03  0.33033E+03  0.34611E+03  0.36190E+03  0.37769E+03  0.39349E+03  0.40929E+03  0.42511E+03  0.44092E+03  0.45675E+03  0.47260E+03
rxn00095
  0.00000E+00  0.88381E+01  0.37231E+02  0.69742E+02  0.98176E+02  0.12433E+03  0.14916E+03  0.17385E+03  0.19856E+03  0.22333E+03  0.24810E+03  0.27288E+03  0.29765E+03  0.32244E+03  0.34721E+03  0.37205E+03  0.39685E+03  0.42168E+03  0.44653E+03  0.47139E+03  0.49627E+03  0.52116E+03  0.54606E+03  0.57097E+03  0.59588E+03  0.62081E+03  0.64574E+03  0.67069E+03  0.69565E+03  0.72062E+03  0.74561E+03
rxn00096
  0.00000E+00  0.67531E+01  0.30828E+02  0.55124E+02  0.76416E+02  0.96794E+02  0.11653E+03  0.13619E+03  0.15585E+03  0.17552E+03  0.19518E+03  0.21485E+03  0.23453E+03  0.25427E+03  0.27405E+03  0.29393E+03  0.31386E+03  0.33388E+03  0.35399E+03  0.37420E+03  0.39449E+03  0.41488E+03  0.43536E+03  0.45593E+03  0.47660E+03  0.49735E+03  0.51819E+03  0.53913E+03  0.56015E+03  0.58127E+03  0.60249E+03
rxn00097
  0.00000E+00  0.81941E-02  0.13728E+00  0.57777E+00  0.14346E+01  0.27366E+01  0.45595E+01  0.69210E+01  0.98489E+01  0.13362E+02  0.17489E+02  0.22244E+02  0.27644E+02  0.33697E+02  0.40422E+02  0.47800E+02  0.55874E+02  0.64623E+02  0.74049E+02  0.84149E+02  0.94925E+02  0.10637E+03  0.11848E+03  0.13124E+03  0.14465E+03  0.15871E+03  0.17339E+03  0.18869E+03  0.20461E+03  0.22112E+03  0.23823E+03
rxn00098
  0.00000E+00  0.00000E+00  0.00000E+00  0.00000E+00  0.00000E+00  0.00000E+00  0.00000E+00  0.00000E+00  0.00000E+00  0.00000E+00  0.00000E+00  0.00000E+00  0.00000E+00  0.00000E+00  0.00000E+00  0.00000E+00  0.00000E+00  0.00000E+00  0.00000E+00  0.00000E+00  0.00000E+00  0.00000E+00  0.00000E+00  0.00000E+00  0.00000E+00  0.00000E+00  0.00000E+00  0.00000E+00  0.00000E+00  0.00000E+00  0.00000E+00
rxn00099
  0.00000E+00  0.00000E+00  0.00000E+00  0.00000E+00  0.00000E+00  0.00000E+00  0.00000E+00  0.00000E+00  0.00000E+00  0.00000E+00  0.00000E+00  0.00000E+00  0.00000E+00  0.00000E+00  0.00000E+00  0.00000E+00  0.00000E+00  0.00000E+00  0.00000E+00  0.00000E+00  0.00000E+00  0.00000E+00  0.00000E+00  0.00000E+00  0.00000E+00  0.00000E+00  0.00000E+00  0.00000E+00  0.00000E+00  0.00000E+00  0.00000E+00
rxn00100
  0.00000E+00  0.20287E+08  0.27835E+08  0.35170E+08  0.41088E+08  0.46033E+08  0.50118E+08  0.53622E+08  0.56666E+08  0.59335E+08  0.61685E+08  0.63771E+08  0.65629E+08  0.67293E+08  0.68783E+08  0.70128E+08  0.71330E+08  0.72410E+08  0.73379E+08  0.74246E+08  0.75018E+08  0.75703E+08  0.76307E+08  0.76836E+08  0.77296E+08  0.77691E+08  0.78025E+08  0.78305E+08  0.78532E+08  0.78710E+08  0.78844E+08
rxn00101
  0.00000E+00  0.29790E+07  0.29812E+07  0.29787E+07  0.29726E+07  0.29643E+07  0.29540E+07  0.29425E+07  0.29300E+07  0.29167E+07  0.29028E+07  0.28884E+07  0.28734E+07  0.28581E+07  0.28425E+07  0.28265E+07  0.28103E+07  0.27938E+07  0.27771E+07  0.27602E+07  0.27432E+07  0.27260E+07  0.27086E+07  0.26911E+07  0.26735E+07  0.26558E+07  0.26381E+07  0.26202E+07  0.26023E+07  0.25844E+07  0.25664E+07
rxn00102
  0.00000E+00  0.74997E+06  0.59492E+06  0.52147E+06  0.48356E+06  0.46134E+06  0.44895E+06  0.44140E+06  0.43672E+06  0.43374E+06  0.43181E+06  0.43045E+06  0.42942E+06  0.42853E+06  0.42769E+06  0.42683E+06  0.42592E+06  0.42492E+06  0.42383E+06  0.42265E+06  0.42137E+06  0.41999E+06  0.41852E+06  0.41697E+06  0.41533E+06  0.41361E+06  0.41182E+06  0.40995E+06  0.40803E+06  0.40604E+06  0.40400E+06
rxn00103
  0.00000E+00  0.10539E+08  0.21879E+08  0.29405E+08  0.34736E+08  0.39050E+08  0.42587E+08  0.45638E+08  0.48301E+08  0.50648E+08  0.52719E+08  0.54561E+08  0.56203E+08  0.57675E+08  0.58993E+08  0.60182E+08  0.61245E+08  0.62200E+08  0.63057E+08  0.63824E+08  0.64507E+08  0.65112E+08  0.65647E+08  0.66116E+08  0.66523E+08  0.66874E+08  0.67171E+08  0.67420E+08  0.67623E+08  0.67784E+08  0.67905E+08
rxn00104
  0.00000E+00  0.14242E+07  0.29566E+07  0.39736E+07  0.46941E+07  0.52770E+07  0.57550E+07  0.61672E+07  0.65272E+07  0.68443E+07  0.71241E+07  0.73731E+07  0.75950E+07  0.77939E+07  0.79720E+07  0.81327E+07  0.82764E+07  0.84055E+07  0.85213E+07  0.86248E+07  0.87171E+07  0.87990E+07  0.88712E+07  0.89345E+07  0.89896E+07  0.90370E+07  0.90772E+07  0.91108E+07  0.91382E+07  0.91599E+07  0.91763E+07
rxn00105
  0.00000E+00  0.45490E+05  0.14742E+06  0.23135E+06  0.29927E+06  0.36382E+06  0.42797E+06  0.49296E+06  0.55841E+06  0.62380E+06  0.68846E+06  0.75202E+06  0.81404E+06  0.87432E+06  0.93252E+06  0.98875E+06  0.10425E+07  0.10939E+07  0.11430E+07  0.11896E+07  0.12337E+07  0.12754E+07  0.13147E+07  0.13516E+07  0.13862E+07  0.14186E+07  0.14488E+07  0.14768E+07  0.15028E+07  0.15269E+07  0.15490E+07
rxn00106
  0.00000E+00  0.40765E+01  0.11147E+02  0.17394E+02  0.22263E+02  0.26612E+02  0.30802E+02  0.35022E+02  0.39273E+02  0.43532E+02  0.47765E+02  0.51954E+02  0.56078E+02  0.60130E+02  0.64093E+02  0.67977E+02  0.71755E+02  0.75436E+02  0.79016E+02  0.82495E+02  0.85869E+02  0.89139E+02  0.92305E+02  0.95367E+02  0.98328E+02  0.10119E+03  0.10395E+03  0.10662E+03  0.10919E+03  0.11167E+03  0.11406E+03
rxn00107
  0.00000E+00  0.41321E+01  0.12245E+02  0.18238E+02  0.22989E+02  0.27485E+02  0.31924E+02  0.36398E+02  0.40894E+02  0.45388E+02  0.49850E+02  0.54266E+02  0.58619E+02  0.62905E+02  0.67110E+02  0.71245E+02  0.75284E+02  0.79237E+02  0.83101E+02  0.86873E+02  0.90553E+02  0.94138E+02  0.97629E+02  0.10103E+03  0.10433E+03  0.10754E+03  0.11066E+03  0.11369E+03  0.11664E+03  0.11949E+03  0.12226E+03
rxn00108
  0.00000E+00  0.70413E+03  0.38132E+04  0.10270E+05  0.19913E+05  0.32411E+05  0.47594E+05  0.65214E+05  0.85082E+05  0.10702E+06  0.13088E+06  0.15653E+06  0.18383E+06  0.21269E+06  0.24299E+06  0.27463E+06  0.30753E+06  0.34159E+06  0.37673E+06  0.41287E+06  0.44992E+06  0.48782E+06  0.52648E+06  0.56585E+06  0.60585E+06  0.64643E+06  0.68753E+06  0.72910E+06  0.77108E+06  0.81344E+06  0.85612E+06
rxn00109
  0.00000E+00  0.21669E+03  0.85592E+03  0.18228E+04  0.30193E+04  0.43741E+04  0.58791E+04  0.75000E+04  0.92200E+04  0.11025E+05  0.12908E+05  0.14858E+05  0.16868E+05  0.18932E+05  0.21045E+05  0.23198E+05  0.25393E+05  0.27622E+05  0.29881E+05  0.32168E+05  0.34480E+05  0.36813E+05  0.39166E+05  0.41534E+05  0.43917E+05  0.46312E+05  0.48717E+05  0.51131E+05  0.53550E+05  0.55975E+05  0.58403E+05
rxn00110
  0.00000E+00  0.20994E+04  0.10264E+05  0.26736E+05  0.51017E+05  0.82265E+05  0.12002E+06  0.16368E+06  0.21277E+06  0.26684E+06  0.32552E+06  0.38847E+06  0.45540E+06  0.52600E+06  0.60004E+06  0.67726E+06  0.75743E+06  0.84033E+06  0.92574E+06  0.10135E+07  0.11033E+07  0.11951E+07  0.12887E+07  0.13838E+07  0.14804E+07  0.15782E+07  0.16772E+07  0.17772E+07  0.18781E+07  0.19798E+07  0.20821E+07
rxn00111
  0.00000E+00  0.73139E+02  0.26082E+03  0.53723E+03  0.87569E+03  0.12568E+04  0.16784E+04  0.21310E+04  0.26102E+04  0.31120E+04  0.36344E+04  0.41745E+04  0.47305E+04  0.53004E+04  0.58831E+04  0.64764E+04  0.70800E+04  0.76924E+04  0.83124E+04  0.89393E+04  0.95721E+04  0.10210E+05  0.10853E+05  0.11499E+05  0.12148E+05  0.12800E+05  0.13454E+05  0.14109E+05  0.14766E+05  0.15422E+05  0.16080E+05
rxn00112
  0.00000E+00  0.38446E+03  0.38613E+04  0.13621E+05  0.30192E+05  0.52480E+05  0.80246E+05  0.11271E+06  0.14952E+06  0.19030E+06  0.23492E+06  0.28300E+06  0.33439E+06  0.38879E+06  0.44610E+06  0.50591E+06  0.56832E+06  0.63298E+06  0.69971E+06  0.76837E+06  0.83882E+06  0.91090E+06  0.98447E+06  0.10594E+07  0.11356E+07  0.12128E+07  0.12911E+07  0.13702E+07  0.14502E+07  0.15308E+07  0.16120E+07
rxn00113
  0.00000E+00  0.49431E+02  0.49645E+03  0.17513E+04  0.38819E+04  0.67474E+04  0.10317E+05  0.14491E+05  0.19224E+05  0.24467E+05  0.30204E+05  0.36386E+05  0.42993E+05  0.49987E+05  0.57356E+05  0.65045E+05  0.73069E+05  0.81384E+05  0.89963E+05  0.98790E+05  0.10785E+06  0.11712E+06  0.12657E+06  0.13621E+06  0.14600E+06  0.15593E+06  0.16600E+06  0.17617E+06  0.18645E+06  0.19682E+06  0.20726E+06
rxn00114
  0.00000E+00  0.14765E+01  0.23148E+02  0.95350E+02  0.23144E+03  0.43502E+03  0.71748E+03  0.10832E+04  0.15380E+04  0.20853E+04  0.27296E+04  0.34705E+04  0.43092E+04  0.52439E+04  0.62741E+04  0.73952E+04  0.86070E+04  0.99047E+04  0.11284E+05  0.12742E+05  0.14273E+05  0.15875E+05  0.17542E+05  0.19270E+05  0.21054E+05  0.22891E+05  0.24776E+05  0.26705E+05  0.28674E+05  0.30680E+05  0.32718E+05
rxn00115
  0.00000E+00  0.68313E+02  0.44569E+03  0.12640E+04  0.25128E+04  0.41533E+04  0.61717E+04  0.85395E+04  0.11236E+05  0.14243E+05  0.17545E+05  0.21129E+05  0.24982E+05  0.29095E+05  0.33457E+05  0.38057E+05  0.42892E+05  0.47949E+05  0.53221E+05  0.58701E+05  0.64380E+05  0.70253E+05  0.76311E+05  0.82549E+05  0.88960E+05  0.95537E+05  0.10228E+06  0.10917E+06  0.11621E+06  0.12340E+06  0.13073E+06
rxn00116
  0.00000E+00  0.64395E-01  0.24290E+00  0.47790E+00  0.75409E+00  0.10614E+01  0.14097E+01  0.17924E+01  0.22081E+01  0.26549E+01  0.31318E+01  0.36366E+01  0.41681E+01  0.47244E+01  0.53047E+01  0.59065E+01  0.65306E+01  0.71749E+01  0.78385E+01  0.85208E+01  0.92210E+01  0.99385E+01  0.10673E+02  0.11423E+02  0.12189E+02  0.12969E+02  0.13765E+02  0.14574E+02  0.15397E+02  0.16233E+02  0.17082E+02
rxn00117
  0.00000E+00  0.22331E+03  0.15973E+04  0.48973E+04  0.10155E+05  0.17141E+05  0.25662E+05  0.35482E+05  0.46448E+05  0.58418E+05  0.71334E+05  0.85068E+05  0.99580E+05  0.11479E+06  0.13067E+06  0.14713E+06  0.16417E+06  0.18173E+06  0.19975E+06  0.21820E+06  0.23706E+06  0.25628E+06  0.27582E+06  0.29567E+06  0.31578E+06  0.33613E+06  0.35670E+06  0.37745E+06  0.39837E+06  0.41942E+06  0.44061E+06
rxn00118
  0.00000E+00  0.75918E+03  0.34441E+04  0.84543E+04  0.15537E+05  0.24421E+05  0.35171E+05  0.47586E+05  0.61590E+05  0.77076E+05  0.94024E+05  0.11229E+06  0.13182E+06  0.15252E+06  0.17433E+06  0.19712E+06  0.22090E+06  0.24556E+06  0.27101E+06  0.29722E+06  0.32412E+06  0.35165E+06  0.37976E+06  0.40840E+06  0.43751E+06  0.46705E+06  0.49698E+06  0.52726E+06  0.55784E+06  0.58869E+06  0.61979E+06
rxn00119
  0.00000E+00  0.26222E+00  0.21547E+01  0.78857E+01  0.19897E+02  0.39445E+02  0.69790E+02  0.11205E+03  0.16773E+03  0.23805E+03  0.32491E+03  0.42939E+03  0.55313E+03  0.69692E+03  0.86263E+03  0.10496E+04  0.12613E+04  0.14971E+04  0.17580E+04  0.20448E+04  0.23583E+04  0.26992E+04  0.30680E+04  0.34653E+04  0.38914E+04  0.43469E+04  0.48322E+04  0.53474E+04  0.58929E+04  0.64689E+04  0.70755E+04
rxn00120
  0.00000E+00  0.45084E+00  0.50339E+01  0.18022E+02  0.40921E+02  0.74696E+02  0.12062E+03  0.17926E+03  0.25117E+03  0.33654E+03  0.43572E+03  0.54842E+03  0.67461E+03  0.81395E+03  0.96614E+03  0.11306E+04  0.13071E+04  0.14949E+04  0.16934E+04  0.19022E+04  0.21206E+04  0.23480E+04  0.25837E+04  0.28272E+04  0.30779E+04  0.33351E+04  0.35984E+04  0.38672E+04  0.41409E+04  0.44191E+04  0.47012E+04
rxn00121
  0.00000E+00  0.22711E-01  0.21398E+00  0.76168E+00  0.17113E+01  0.30714E+01  0.48802E+01  0.71592E+01  0.99299E+01  0.13202E+02  0.16993E+02  0.21298E+02  0.26124E+02  0.31467E+02  0.37328E+02  0.43695E+02  0.50572E+02  0.57948E+02  0.65811E+02  0.74154E+02  0.82970E+02  0.92246E+02  0.10197E+03  0.11213E+03  0.12272E+03  0.13373E+03  0.14514E+03  0.15694E+03  0.16912E+03  0.18167E+03  0.19459E+03
rxn00122
  0.00000E+00  0.17071E-01  0.17430E+00  0.59226E+00  0.13103E+01  0.23524E+01  0.37507E+01  0.55175E+01  0.76676E+01  0.10208E+02  0.13152E+02  0.16497E+02  0.20251E+02  0.24412E+02  0.28984E+02  0.33960E+02  0.39347E+02  0.45138E+02  0.51326E+02  0.57909E+02  0.64884E+02  0.72243E+02  0.79980E+02  0.88089E+02  0.96563E+02  0.10539E+03  0.11458E+03  0.12411E+03  0.13397E+03  0.14416E+03  0.15468E+03
rxn00123
  0.00000E+00  0.10533E-04  0.24053E-03  0.15531E-02  0.54842E-02  0.13953E-01  0.29465E-01  0.54558E-01  0.92072E-01  0.14489E+00  0.21630E+00  0.30916E+00  0.42677E+00  0.57205E+00  0.74820E+00  0.95769E+00  0.12040E+01  0.14894E+01  0.18163E+01  0.21873E+01  0.26047E+01  0.30703E+01  0.35862E+01  0.41540E+01  0.47752E+01  0.54513E+01  0.61835E+01  0.69728E+01  0.78204E+01  0.87268E+01  0.96929E+01
rxn00124
  0.00000E+00  0.90280E+01  0.32551E+02  0.73368E+02  0.12951E+03  0.19938E+03  0.28193E+03  0.37619E+03  0.48132E+03  0.59654E+03  0.72119E+03  0.85466E+03  0.99642E+03  0.11460E+04  0.13029E+04  0.14667E+04  0.16370E+04  0.18134E+04  0.19956E+04  0.21831E+04  0.23756E+04  0.25728E+04  0.27743E+04  0.29800E+04  0.31894E+04  0.34023E+04  0.36184E+04  0.38376E+04  0.40596E+04  0.42841E+04  0.45110E+04
rxn00125
  0.00000E+00  0.00000E+00  0.00000E+00  0.00000E+00  0.00000E+00  0.00000E+00  0.00000E+00  0.00000E+00  0.00000E+00  0.00000E+00  0.00000E+00  0.00000E+00  0.00000E+00  0.00000E+00  0.00000E+00  0.00000E+00  0.00000E+00  0.00000E+00  0.00000E+00  0.00000E+00  0.00000E+00  0.00000E+00  0.00000E+00  0.00000E+00  0.00000E+00  0.00000E+00  0.00000E+00  0.00000E+00  0.00000E+00  0.00000E+00  0.00000E+00
rxn00126
  0.00000E+00  0.00000E+00  0.00000E+00  0.00000E+00  0.00000E+00  0.00000E+00  0.00000E+00  0.00000E+00  0.00000E+00  0.00000E+00  0.00000E+00  0.00000E+00  0.00000E+00  0.00000E+00  0.00000E+00  0.00000E+00  0.00000E+00  0.00000E+00  0.00000E+00  0.00000E+00  0.00000E+00  0.00000E+00  0.00000E+00  0.00000E+00  0.00000E+00  0.00000E+00  0.00000E+00  0.00000E+00  0.00000E+00  0.00000E+00  0.00000E+00
rxn00127
  0.00000E+00  0.00000E+00  0.00000E+00  0.00000E+00  0.00000E+00  0.00000E+00  0.00000E+00  0.00000E+00  0.00000E+00  0.00000E+00  0.00000E+00  0.00000E+00  0.00000E+00  0.00000E+00  0.00000E+00  0.00000E+00  0.00000E+00  0.00000E+00  0.00000E+00  0.00000E+00  0.00000E+00  0.00000E+00  0.00000E+00  0.00000E+00  0.00000E+00  0.00000E+00  0.00000E+00  0.00000E+00  0.00000E+00  0.00000E+00  0.00000E+00
