================================================================================
 case5                                                                                               
 Short sim name = case5           
 Chemistry mech = racm2_plus 
 OPT_SIMTYPE    = DYNAMIC
 Latitude       =   23.50 deg
 Longitude      =  -84.37 deg
 Year           = 2018
 Month          =    7
 Day            =    4
 Start time     = 12:00:00 LT
 Time zone diff =  -5
 Integration dt =    10.0 s
 Output dt      =  1800.0 s

 Species to STDOUT =   12
 NO NO2 O3 HO HO2 CO H2O2 HNO3 HCHO ISO MACR MVK

 Model Options:
 CHEMISTRY      =  T
 AQPHASE        =  F
 CONSTRAIN      =  F
 EMISSION       =  F
 DRYDEPOS       =  F
 ODESOLVER      = DVODE   

 Input Files:
 IC file name   = cinit_middle.dat
 ENVDATA file name  = envdynam.dat    
================================================================================
Total CPU time:        0.005 hrs
                      17.722 sec
