rxn00001
  0.00000E+00  0.96047E-02  0.96047E-02  0.96047E-02  0.96047E-02  0.96047E-02  0.96047E-02  0.96047E-02  0.96047E-02  0.96047E-02  0.96047E-02  0.96047E-02  0.96047E-02  0.96047E-02  0.96047E-02  0.96047E-02  0.96047E-02  0.96047E-02  0.96047E-02  0.96047E-02  0.96047E-02  0.96047E-02  0.96047E-02  0.96047E-02  0.96047E-02  0.96047E-02  0.96047E-02  0.96047E-02  0.96047E-02  0.96047E-02  0.96047E-02
rxn00002
  0.00000E+00  0.18885E+00  0.18885E+00  0.18885E+00  0.18885E+00  0.18885E+00  0.18885E+00  0.18885E+00  0.18885E+00  0.18885E+00  0.18885E+00  0.18885E+00  0.18885E+00  0.18885E+00  0.18885E+00  0.18885E+00  0.18885E+00  0.18885E+00  0.18885E+00  0.18885E+00  0.18885E+00  0.18885E+00  0.18885E+00  0.18885E+00  0.18885E+00  0.18885E+00  0.18885E+00  0.18885E+00  0.18885E+00  0.18885E+00  0.18885E+00
rxn00003
  0.00000E+00  0.19523E-02  0.19523E-02  0.19523E-02  0.19523E-02  0.19523E-02  0.19523E-02  0.19523E-02  0.19523E-02  0.19523E-02  0.19523E-02  0.19523E-02  0.19523E-02  0.19523E-02  0.19523E-02  0.19523E-02  0.19523E-02  0.19523E-02  0.19523E-02  0.19523E-02  0.19523E-02  0.19523E-02  0.19523E-02  0.19523E-02  0.19523E-02  0.19523E-02  0.19523E-02  0.19523E-02  0.19523E-02  0.19523E-02  0.19523E-02
rxn00004
  0.00000E+00  0.71999E-06  0.71999E-06  0.71999E-06  0.71999E-06  0.71999E-06  0.71999E-06  0.71999E-06  0.71999E-06  0.71999E-06  0.71999E-06  0.71999E-06  0.71999E-06  0.71999E-06  0.71999E-06  0.71999E-06  0.71999E-06  0.71999E-06  0.71999E-06  0.71999E-06  0.71999E-06  0.71999E-06  0.71999E-06  0.71999E-06  0.71999E-06  0.71999E-06  0.71999E-06  0.71999E-06  0.71999E-06  0.71999E-06  0.71999E-06
rxn00005
  0.00000E+00  0.51364E-05  0.51364E-05  0.51364E-05  0.51364E-05  0.51364E-05  0.51364E-05  0.51364E-05  0.51364E-05  0.51364E-05  0.51364E-05  0.51364E-05  0.51364E-05  0.51364E-05  0.51364E-05  0.51364E-05  0.51364E-05  0.51364E-05  0.51364E-05  0.51364E-05  0.51364E-05  0.51364E-05  0.51364E-05  0.51364E-05  0.51364E-05  0.51364E-05  0.51364E-05  0.51364E-05  0.51364E-05  0.51364E-05  0.51364E-05
rxn00006
  0.00000E+00  0.45970E-04  0.45970E-04  0.45970E-04  0.45970E-04  0.45970E-04  0.45970E-04  0.45970E-04  0.45970E-04  0.45970E-04  0.45970E-04  0.45970E-04  0.45970E-04  0.45970E-04  0.45970E-04  0.45970E-04  0.45970E-04  0.45970E-04  0.45970E-04  0.45970E-04  0.45970E-04  0.45970E-04  0.45970E-04  0.45970E-04  0.45970E-04  0.45970E-04  0.45970E-04  0.45970E-04  0.45970E-04  0.45970E-04  0.45970E-04
rxn00007
  0.00000E+00  0.41284E-03  0.41284E-03  0.41284E-03  0.41284E-03  0.41284E-03  0.41284E-03  0.41284E-03  0.41284E-03  0.41284E-03  0.41284E-03  0.41284E-03  0.41284E-03  0.41284E-03  0.41284E-03  0.41284E-03  0.41284E-03  0.41284E-03  0.41284E-03  0.41284E-03  0.41284E-03  0.41284E-03  0.41284E-03  0.41284E-03  0.41284E-03  0.41284E-03  0.41284E-03  0.41284E-03  0.41284E-03  0.41284E-03  0.41284E-03
rxn00008
  0.00000E+00  0.41729E-04  0.41729E-04  0.41729E-04  0.41729E-04  0.41729E-04  0.41729E-04  0.41729E-04  0.41729E-04  0.41729E-04  0.41729E-04  0.41729E-04  0.41729E-04  0.41729E-04  0.41729E-04  0.41729E-04  0.41729E-04  0.41729E-04  0.41729E-04  0.41729E-04  0.41729E-04  0.41729E-04  0.41729E-04  0.41729E-04  0.41729E-04  0.41729E-04  0.41729E-04  0.41729E-04  0.41729E-04  0.41729E-04  0.41729E-04
rxn00009
  0.00000E+00  0.74518E-05  0.74518E-05  0.74518E-05  0.74518E-05  0.74518E-05  0.74518E-05  0.74518E-05  0.74518E-05  0.74518E-05  0.74518E-05  0.74518E-05  0.74518E-05  0.74518E-05  0.74518E-05  0.74518E-05  0.74518E-05  0.74518E-05  0.74518E-05  0.74518E-05  0.74518E-05  0.74518E-05  0.74518E-05  0.74518E-05  0.74518E-05  0.74518E-05  0.74518E-05  0.74518E-05  0.74518E-05  0.74518E-05  0.74518E-05
rxn00010
  0.00000E+00  0.32732E-04  0.32732E-04  0.32732E-04  0.32732E-04  0.32732E-04  0.32732E-04  0.32732E-04  0.32732E-04  0.32732E-04  0.32732E-04  0.32732E-04  0.32732E-04  0.32732E-04  0.32732E-04  0.32732E-04  0.32732E-04  0.32732E-04  0.32732E-04  0.32732E-04  0.32732E-04  0.32732E-04  0.32732E-04  0.32732E-04  0.32732E-04  0.32732E-04  0.32732E-04  0.32732E-04  0.32732E-04  0.32732E-04  0.32732E-04
rxn00011
  0.00000E+00  0.47500E-04  0.47500E-04  0.47500E-04  0.47500E-04  0.47500E-04  0.47500E-04  0.47500E-04  0.47500E-04  0.47500E-04  0.47500E-04  0.47500E-04  0.47500E-04  0.47500E-04  0.47500E-04  0.47500E-04  0.47500E-04  0.47500E-04  0.47500E-04  0.47500E-04  0.47500E-04  0.47500E-04  0.47500E-04  0.47500E-04  0.47500E-04  0.47500E-04  0.47500E-04  0.47500E-04  0.47500E-04  0.47500E-04  0.47500E-04
rxn00012
  0.00000E+00  0.56242E-05  0.56242E-05  0.56242E-05  0.56242E-05  0.56242E-05  0.56242E-05  0.56242E-05  0.56242E-05  0.56242E-05  0.56242E-05  0.56242E-05  0.56242E-05  0.56242E-05  0.56242E-05  0.56242E-05  0.56242E-05  0.56242E-05  0.56242E-05  0.56242E-05  0.56242E-05  0.56242E-05  0.56242E-05  0.56242E-05  0.56242E-05  0.56242E-05  0.56242E-05  0.56242E-05  0.56242E-05  0.56242E-05  0.56242E-05
rxn00013
  0.00000E+00  0.56242E-05  0.56242E-05  0.56242E-05  0.56242E-05  0.56242E-05  0.56242E-05  0.56242E-05  0.56242E-05  0.56242E-05  0.56242E-05  0.56242E-05  0.56242E-05  0.56242E-05  0.56242E-05  0.56242E-05  0.56242E-05  0.56242E-05  0.56242E-05  0.56242E-05  0.56242E-05  0.56242E-05  0.56242E-05  0.56242E-05  0.56242E-05  0.56242E-05  0.56242E-05  0.56242E-05  0.56242E-05  0.56242E-05  0.56242E-05
rxn00014
  0.00000E+00  0.57946E-05  0.57946E-05  0.57946E-05  0.57946E-05  0.57946E-05  0.57946E-05  0.57946E-05  0.57946E-05  0.57946E-05  0.57946E-05  0.57946E-05  0.57946E-05  0.57946E-05  0.57946E-05  0.57946E-05  0.57946E-05  0.57946E-05  0.57946E-05  0.57946E-05  0.57946E-05  0.57946E-05  0.57946E-05  0.57946E-05  0.57946E-05  0.57946E-05  0.57946E-05  0.57946E-05  0.57946E-05  0.57946E-05  0.57946E-05
rxn00015
  0.00000E+00  0.52198E-06  0.52198E-06  0.52198E-06  0.52198E-06  0.52198E-06  0.52198E-06  0.52198E-06  0.52198E-06  0.52198E-06  0.52198E-06  0.52198E-06  0.52198E-06  0.52198E-06  0.52198E-06  0.52198E-06  0.52198E-06  0.52198E-06  0.52198E-06  0.52198E-06  0.52198E-06  0.52198E-06  0.52198E-06  0.52198E-06  0.52198E-06  0.52198E-06  0.52198E-06  0.52198E-06  0.52198E-06  0.52198E-06  0.52198E-06
rxn00016
  0.00000E+00  0.12735E-03  0.12735E-03  0.12735E-03  0.12735E-03  0.12735E-03  0.12735E-03  0.12735E-03  0.12735E-03  0.12735E-03  0.12735E-03  0.12735E-03  0.12735E-03  0.12735E-03  0.12735E-03  0.12735E-03  0.12735E-03  0.12735E-03  0.12735E-03  0.12735E-03  0.12735E-03  0.12735E-03  0.12735E-03  0.12735E-03  0.12735E-03  0.12735E-03  0.12735E-03  0.12735E-03  0.12735E-03  0.12735E-03  0.12735E-03
rxn00017
  0.00000E+00  0.29458E-03  0.29458E-03  0.29458E-03  0.29458E-03  0.29458E-03  0.29458E-03  0.29458E-03  0.29458E-03  0.29458E-03  0.29458E-03  0.29458E-03  0.29458E-03  0.29458E-03  0.29458E-03  0.29458E-03  0.29458E-03  0.29458E-03  0.29458E-03  0.29458E-03  0.29458E-03  0.29458E-03  0.29458E-03  0.29458E-03  0.29458E-03  0.29458E-03  0.29458E-03  0.29458E-03  0.29458E-03  0.29458E-03  0.29458E-03
rxn00018
  0.00000E+00  0.56242E-05  0.56242E-05  0.56242E-05  0.56242E-05  0.56242E-05  0.56242E-05  0.56242E-05  0.56242E-05  0.56242E-05  0.56242E-05  0.56242E-05  0.56242E-05  0.56242E-05  0.56242E-05  0.56242E-05  0.56242E-05  0.56242E-05  0.56242E-05  0.56242E-05  0.56242E-05  0.56242E-05  0.56242E-05  0.56242E-05  0.56242E-05  0.56242E-05  0.56242E-05  0.56242E-05  0.56242E-05  0.56242E-05  0.56242E-05
rxn00019
  0.00000E+00  0.16704E-05  0.16704E-05  0.16704E-05  0.16704E-05  0.16704E-05  0.16704E-05  0.16704E-05  0.16704E-05  0.16704E-05  0.16704E-05  0.16704E-05  0.16704E-05  0.16704E-05  0.16704E-05  0.16704E-05  0.16704E-05  0.16704E-05  0.16704E-05  0.16704E-05  0.16704E-05  0.16704E-05  0.16704E-05  0.16704E-05  0.16704E-05  0.16704E-05  0.16704E-05  0.16704E-05  0.16704E-05  0.16704E-05  0.16704E-05
rxn00020
  0.00000E+00  0.11875E-05  0.11875E-05  0.11875E-05  0.11875E-05  0.11875E-05  0.11875E-05  0.11875E-05  0.11875E-05  0.11875E-05  0.11875E-05  0.11875E-05  0.11875E-05  0.11875E-05  0.11875E-05  0.11875E-05  0.11875E-05  0.11875E-05  0.11875E-05  0.11875E-05  0.11875E-05  0.11875E-05  0.11875E-05  0.11875E-05  0.11875E-05  0.11875E-05  0.11875E-05  0.11875E-05  0.11875E-05  0.11875E-05  0.11875E-05
rxn00021
  0.00000E+00  0.73549E+09  0.73549E+09  0.73549E+09  0.73549E+09  0.73549E+09  0.73549E+09  0.73549E+09  0.73549E+09  0.73549E+09  0.73549E+09  0.73549E+09  0.73549E+09  0.73549E+09  0.73549E+09  0.73549E+09  0.73549E+09  0.73549E+09  0.73549E+09  0.73549E+09  0.73549E+09  0.73549E+09  0.73549E+09  0.73549E+09  0.73549E+09  0.73549E+09  0.73549E+09  0.73549E+09  0.73549E+09  0.73549E+09  0.73549E+09
rxn00022
  0.00000E+00  0.84967E+08  0.84967E+08  0.84967E+08  0.84967E+08  0.84967E+08  0.84967E+08  0.84967E+08  0.84967E+08  0.84967E+08  0.84967E+08  0.84967E+08  0.84967E+08  0.84967E+08  0.84967E+08  0.84967E+08  0.84967E+08  0.84967E+08  0.84967E+08  0.84967E+08  0.84967E+08  0.84967E+08  0.84967E+08  0.84967E+08  0.84967E+08  0.84967E+08  0.84967E+08  0.84967E+08  0.84967E+08  0.84967E+08  0.84967E+08
rxn00023
  0.00000E+00  0.82621E+05  0.82621E+05  0.82621E+05  0.82621E+05  0.82621E+05  0.82621E+05  0.82621E+05  0.82621E+05  0.82621E+05  0.82621E+05  0.82621E+05  0.82621E+05  0.82621E+05  0.82621E+05  0.82621E+05  0.82621E+05  0.82621E+05  0.82621E+05  0.82621E+05  0.82621E+05  0.82621E+05  0.82621E+05  0.82621E+05  0.82621E+05  0.82621E+05  0.82621E+05  0.82621E+05  0.82621E+05  0.82621E+05  0.82621E+05
rxn00024
  0.00000E+00  0.65781E-14  0.65781E-14  0.65781E-14  0.65781E-14  0.65781E-14  0.65781E-14  0.65781E-14  0.65781E-14  0.65781E-14  0.65781E-14  0.65781E-14  0.65781E-14  0.65781E-14  0.65781E-14  0.65781E-14  0.65781E-14  0.65781E-14  0.65781E-14  0.65781E-14  0.65781E-14  0.65781E-14  0.65781E-14  0.65781E-14  0.65781E-14  0.65781E-14  0.65781E-14  0.65781E-14  0.65781E-14  0.65781E-14  0.65781E-14
rxn00025
  0.00000E+00  0.42974E-11  0.42974E-11  0.42974E-11  0.42974E-11  0.42974E-11  0.42974E-11  0.42974E-11  0.42974E-11  0.42974E-11  0.42974E-11  0.42974E-11  0.42974E-11  0.42974E-11  0.42974E-11  0.42974E-11  0.42974E-11  0.42974E-11  0.42974E-11  0.42974E-11  0.42974E-11  0.42974E-11  0.42974E-11  0.42974E-11  0.42974E-11  0.42974E-11  0.42974E-11  0.42974E-11  0.42974E-11  0.42974E-11  0.42974E-11
rxn00026
  0.00000E+00  0.31560E-11  0.31560E-11  0.31560E-11  0.31560E-11  0.31560E-11  0.31560E-11  0.31560E-11  0.31560E-11  0.31560E-11  0.31560E-11  0.31560E-11  0.31560E-11  0.31560E-11  0.31560E-11  0.31560E-11  0.31560E-11  0.31560E-11  0.31560E-11  0.31560E-11  0.31560E-11  0.31560E-11  0.31560E-11  0.31560E-11  0.31560E-11  0.31560E-11  0.31560E-11  0.31560E-11  0.31560E-11  0.31560E-11  0.31560E-11
rxn00027
  0.00000E+00  0.16171E-11  0.16171E-11  0.16171E-11  0.16171E-11  0.16171E-11  0.16171E-11  0.16171E-11  0.16171E-11  0.16171E-11  0.16171E-11  0.16171E-11  0.16171E-11  0.16171E-11  0.16171E-11  0.16171E-11  0.16171E-11  0.16171E-11  0.16171E-11  0.16171E-11  0.16171E-11  0.16171E-11  0.16171E-11  0.16171E-11  0.16171E-11  0.16171E-11  0.16171E-11  0.16171E-11  0.16171E-11  0.16171E-11  0.16171E-11
rxn00028
  0.00000E+00  0.16012E-13  0.16012E-13  0.16012E-13  0.16012E-13  0.16012E-13  0.16012E-13  0.16012E-13  0.16012E-13  0.16012E-13  0.16012E-13  0.16012E-13  0.16012E-13  0.16012E-13  0.16012E-13  0.16012E-13  0.16012E-13  0.16012E-13  0.16012E-13  0.16012E-13  0.16012E-13  0.16012E-13  0.16012E-13  0.16012E-13  0.16012E-13  0.16012E-13  0.16012E-13  0.16012E-13  0.16012E-13  0.16012E-13  0.16012E-13
rxn00029
  0.00000E+00  0.25712E-16  0.25712E-16  0.25712E-16  0.25712E-16  0.25712E-16  0.25712E-16  0.25712E-16  0.25712E-16  0.25712E-16  0.25712E-16  0.25712E-16  0.25712E-16  0.25712E-16  0.25712E-16  0.25712E-16  0.25712E-16  0.25712E-16  0.25712E-16  0.25712E-16  0.25712E-16  0.25712E-16  0.25712E-16  0.25712E-16  0.25712E-16  0.25712E-16  0.25712E-16  0.25712E-16  0.25712E-16  0.25712E-16  0.25712E-16
rxn00030
  0.00000E+00  0.62576E-13  0.62576E-13  0.62576E-13  0.62576E-13  0.62576E-13  0.62576E-13  0.62576E-13  0.62576E-13  0.62576E-13  0.62576E-13  0.62576E-13  0.62576E-13  0.62576E-13  0.62576E-13  0.62576E-13  0.62576E-13  0.62576E-13  0.62576E-13  0.62576E-13  0.62576E-13  0.62576E-13  0.62576E-13  0.62576E-13  0.62576E-13  0.62576E-13  0.62576E-13  0.62576E-13  0.62576E-13  0.62576E-13  0.62576E-13
rxn00031
  0.00000E+00  0.19616E-14  0.19616E-14  0.19616E-14  0.19616E-14  0.19616E-14  0.19616E-14  0.19616E-14  0.19616E-14  0.19616E-14  0.19616E-14  0.19616E-14  0.19616E-14  0.19616E-14  0.19616E-14  0.19616E-14  0.19616E-14  0.19616E-14  0.19616E-14  0.19616E-14  0.19616E-14  0.19616E-14  0.19616E-14  0.19616E-14  0.19616E-14  0.19616E-14  0.19616E-14  0.19616E-14  0.19616E-14  0.19616E-14  0.19616E-14
rxn00032
  0.00000E+00  0.69773E-01  0.69773E-01  0.69773E-01  0.69773E-01  0.69773E-01  0.69773E-01  0.69773E-01  0.69773E-01  0.69773E-01  0.69773E-01  0.69773E-01  0.69773E-01  0.69773E-01  0.69773E-01  0.69773E-01  0.69773E-01  0.69773E-01  0.69773E-01  0.69773E-01  0.69773E-01  0.69773E-01  0.69773E-01  0.69773E-01  0.69773E-01  0.69773E-01  0.69773E-01  0.69773E-01  0.69773E-01  0.69773E-01  0.69773E-01
rxn00033
  0.00000E+00  0.70748E-11  0.70748E-11  0.70748E-11  0.70748E-11  0.70748E-11  0.70748E-11  0.70748E-11  0.70748E-11  0.70748E-11  0.70748E-11  0.70748E-11  0.70748E-11  0.70748E-11  0.70748E-11  0.70748E-11  0.70748E-11  0.70748E-11  0.70748E-11  0.70748E-11  0.70748E-11  0.70748E-11  0.70748E-11  0.70748E-11  0.70748E-11  0.70748E-11  0.70748E-11  0.70748E-11  0.70748E-11  0.70748E-11  0.70748E-11
rxn00034
  0.00000E+00  0.10020E-10  0.10020E-10  0.10020E-10  0.10020E-10  0.10020E-10  0.10020E-10  0.10020E-10  0.10020E-10  0.10020E-10  0.10020E-10  0.10020E-10  0.10020E-10  0.10020E-10  0.10020E-10  0.10020E-10  0.10020E-10  0.10020E-10  0.10020E-10  0.10020E-10  0.10020E-10  0.10020E-10  0.10020E-10  0.10020E-10  0.10020E-10  0.10020E-10  0.10020E-10  0.10020E-10  0.10020E-10  0.10020E-10  0.10020E-10
rxn00035
  0.00000E+00  0.22000E-10  0.22000E-10  0.22000E-10  0.22000E-10  0.22000E-10  0.22000E-10  0.22000E-10  0.22000E-10  0.22000E-10  0.22000E-10  0.22000E-10  0.22000E-10  0.22000E-10  0.22000E-10  0.22000E-10  0.22000E-10  0.22000E-10  0.22000E-10  0.22000E-10  0.22000E-10  0.22000E-10  0.22000E-10  0.22000E-10  0.22000E-10  0.22000E-10  0.22000E-10  0.22000E-10  0.22000E-10  0.22000E-10  0.22000E-10
rxn00036
  0.00000E+00  0.46905E-11  0.46905E-11  0.46905E-11  0.46905E-11  0.46905E-11  0.46905E-11  0.46905E-11  0.46905E-11  0.46905E-11  0.46905E-11  0.46905E-11  0.46905E-11  0.46905E-11  0.46905E-11  0.46905E-11  0.46905E-11  0.46905E-11  0.46905E-11  0.46905E-11  0.46905E-11  0.46905E-11  0.46905E-11  0.46905E-11  0.46905E-11  0.46905E-11  0.46905E-11  0.46905E-11  0.46905E-11  0.46905E-11  0.46905E-11
rxn00037
  0.00000E+00  0.16861E-12  0.16861E-12  0.16861E-12  0.16861E-12  0.16861E-12  0.16861E-12  0.16861E-12  0.16861E-12  0.16861E-12  0.16861E-12  0.16861E-12  0.16861E-12  0.16861E-12  0.16861E-12  0.16861E-12  0.16861E-12  0.16861E-12  0.16861E-12  0.16861E-12  0.16861E-12  0.16861E-12  0.16861E-12  0.16861E-12  0.16861E-12  0.16861E-12  0.16861E-12  0.16861E-12  0.16861E-12  0.16861E-12  0.16861E-12
rxn00038
  0.00000E+00  0.48197E-11  0.48197E-11  0.48197E-11  0.48197E-11  0.48197E-11  0.48197E-11  0.48197E-11  0.48197E-11  0.48197E-11  0.48197E-11  0.48197E-11  0.48197E-11  0.48197E-11  0.48197E-11  0.48197E-11  0.48197E-11  0.48197E-11  0.48197E-11  0.48197E-11  0.48197E-11  0.48197E-11  0.48197E-11  0.48197E-11  0.48197E-11  0.48197E-11  0.48197E-11  0.48197E-11  0.48197E-11  0.48197E-11  0.48197E-11
rxn00039
  0.00000E+00  0.11367E-09  0.11367E-09  0.11367E-09  0.11367E-09  0.11367E-09  0.11367E-09  0.11367E-09  0.11367E-09  0.11367E-09  0.11367E-09  0.11367E-09  0.11367E-09  0.11367E-09  0.11367E-09  0.11367E-09  0.11367E-09  0.11367E-09  0.11367E-09  0.11367E-09  0.11367E-09  0.11367E-09  0.11367E-09  0.11367E-09  0.11367E-09  0.11367E-09  0.11367E-09  0.11367E-09  0.11367E-09  0.11367E-09  0.11367E-09
rxn00040
  0.00000E+00  0.16703E-11  0.16703E-11  0.16703E-11  0.16703E-11  0.16703E-11  0.16703E-11  0.16703E-11  0.16703E-11  0.16703E-11  0.16703E-11  0.16703E-11  0.16703E-11  0.16703E-11  0.16703E-11  0.16703E-11  0.16703E-11  0.16703E-11  0.16703E-11  0.16703E-11  0.16703E-11  0.16703E-11  0.16703E-11  0.16703E-11  0.16703E-11  0.16703E-11  0.16703E-11  0.16703E-11  0.16703E-11  0.16703E-11  0.16703E-11
rxn00041
  0.00000E+00  0.31525E-11  0.31525E-11  0.31525E-11  0.31525E-11  0.31525E-11  0.31525E-11  0.31525E-11  0.31525E-11  0.31525E-11  0.31525E-11  0.31525E-11  0.31525E-11  0.31525E-11  0.31525E-11  0.31525E-11  0.31525E-11  0.31525E-11  0.31525E-11  0.31525E-11  0.31525E-11  0.31525E-11  0.31525E-11  0.31525E-11  0.31525E-11  0.31525E-11  0.31525E-11  0.31525E-11  0.31525E-11  0.31525E-11  0.31525E-11
rxn00042
  0.00000E+00  0.33198E-11  0.33198E-11  0.33198E-11  0.33198E-11  0.33198E-11  0.33198E-11  0.33198E-11  0.33198E-11  0.33198E-11  0.33198E-11  0.33198E-11  0.33198E-11  0.33198E-11  0.33198E-11  0.33198E-11  0.33198E-11  0.33198E-11  0.33198E-11  0.33198E-11  0.33198E-11  0.33198E-11  0.33198E-11  0.33198E-11  0.33198E-11  0.33198E-11  0.33198E-11  0.33198E-11  0.33198E-11  0.33198E-11  0.33198E-11
rxn00043
  0.00000E+00  0.82882E-11  0.82882E-11  0.82882E-11  0.82882E-11  0.82882E-11  0.82882E-11  0.82882E-11  0.82882E-11  0.82882E-11  0.82882E-11  0.82882E-11  0.82882E-11  0.82882E-11  0.82882E-11  0.82882E-11  0.82882E-11  0.82882E-11  0.82882E-11  0.82882E-11  0.82882E-11  0.82882E-11  0.82882E-11  0.82882E-11  0.82882E-11  0.82882E-11  0.82882E-11  0.82882E-11  0.82882E-11  0.82882E-11  0.82882E-11
rxn00044
  0.00000E+00  0.13139E-11  0.13139E-11  0.13139E-11  0.13139E-11  0.13139E-11  0.13139E-11  0.13139E-11  0.13139E-11  0.13139E-11  0.13139E-11  0.13139E-11  0.13139E-11  0.13139E-11  0.13139E-11  0.13139E-11  0.13139E-11  0.13139E-11  0.13139E-11  0.13139E-11  0.13139E-11  0.13139E-11  0.13139E-11  0.13139E-11  0.13139E-11  0.13139E-11  0.13139E-11  0.13139E-11  0.13139E-11  0.13139E-11  0.13139E-11
rxn00045
  0.00000E+00  0.50000E-15  0.50000E-15  0.50000E-15  0.50000E-15  0.50000E-15  0.50000E-15  0.50000E-15  0.50000E-15  0.50000E-15  0.50000E-15  0.50000E-15  0.50000E-15  0.50000E-15  0.50000E-15  0.50000E-15  0.50000E-15  0.50000E-15  0.50000E-15  0.50000E-15  0.50000E-15  0.50000E-15  0.50000E-15  0.50000E-15  0.50000E-15  0.50000E-15  0.50000E-15  0.50000E-15  0.50000E-15  0.50000E-15  0.50000E-15
rxn00046
  0.00000E+00  0.30645E-01  0.30645E-01  0.30645E-01  0.30645E-01  0.30645E-01  0.30645E-01  0.30645E-01  0.30645E-01  0.30645E-01  0.30645E-01  0.30645E-01  0.30645E-01  0.30645E-01  0.30645E-01  0.30645E-01  0.30645E-01  0.30645E-01  0.30645E-01  0.30645E-01  0.30645E-01  0.30645E-01  0.30645E-01  0.30645E-01  0.30645E-01  0.30645E-01  0.30645E-01  0.30645E-01  0.30645E-01  0.30645E-01  0.30645E-01
rxn00047
  0.00000E+00  0.26957E-10  0.26957E-10  0.26957E-10  0.26957E-10  0.26957E-10  0.26957E-10  0.26957E-10  0.26957E-10  0.26957E-10  0.26957E-10  0.26957E-10  0.26957E-10  0.26957E-10  0.26957E-10  0.26957E-10  0.26957E-10  0.26957E-10  0.26957E-10  0.26957E-10  0.26957E-10  0.26957E-10  0.26957E-10  0.26957E-10  0.26957E-10  0.26957E-10  0.26957E-10  0.26957E-10  0.26957E-10  0.26957E-10  0.26957E-10
rxn00048
  0.00000E+00  0.58382E-15  0.58382E-15  0.58382E-15  0.58382E-15  0.58382E-15  0.58382E-15  0.58382E-15  0.58382E-15  0.58382E-15  0.58382E-15  0.58382E-15  0.58382E-15  0.58382E-15  0.58382E-15  0.58382E-15  0.58382E-15  0.58382E-15  0.58382E-15  0.58382E-15  0.58382E-15  0.58382E-15  0.58382E-15  0.58382E-15  0.58382E-15  0.58382E-15  0.58382E-15  0.58382E-15  0.58382E-15  0.58382E-15  0.58382E-15
rxn00049
  0.00000E+00  0.11334E-11  0.11334E-11  0.11334E-11  0.11334E-11  0.11334E-11  0.11334E-11  0.11334E-11  0.11334E-11  0.11334E-11  0.11334E-11  0.11334E-11  0.11334E-11  0.11334E-11  0.11334E-11  0.11334E-11  0.11334E-11  0.11334E-11  0.11334E-11  0.11334E-11  0.11334E-11  0.11334E-11  0.11334E-11  0.11334E-11  0.11334E-11  0.11334E-11  0.11334E-11  0.11334E-11  0.11334E-11  0.11334E-11  0.11334E-11
rxn00050
  0.00000E+00  0.18213E-15  0.18213E-15  0.18213E-15  0.18213E-15  0.18213E-15  0.18213E-15  0.18213E-15  0.18213E-15  0.18213E-15  0.18213E-15  0.18213E-15  0.18213E-15  0.18213E-15  0.18213E-15  0.18213E-15  0.18213E-15  0.18213E-15  0.18213E-15  0.18213E-15  0.18213E-15  0.18213E-15  0.18213E-15  0.18213E-15  0.18213E-15  0.18213E-15  0.18213E-15  0.18213E-15  0.18213E-15  0.18213E-15  0.18213E-15
rxn00051
  0.00000E+00  0.35000E-11  0.35000E-11  0.35000E-11  0.35000E-11  0.35000E-11  0.35000E-11  0.35000E-11  0.35000E-11  0.35000E-11  0.35000E-11  0.35000E-11  0.35000E-11  0.35000E-11  0.35000E-11  0.35000E-11  0.35000E-11  0.35000E-11  0.35000E-11  0.35000E-11  0.35000E-11  0.35000E-11  0.35000E-11  0.35000E-11  0.35000E-11  0.35000E-11  0.35000E-11  0.35000E-11  0.35000E-11  0.35000E-11  0.35000E-11
rxn00052
  0.00000E+00  0.77242E-03  0.77242E-03  0.77242E-03  0.77242E-03  0.77242E-03  0.77242E-03  0.77242E-03  0.77242E-03  0.77242E-03  0.77242E-03  0.77242E-03  0.77242E-03  0.77242E-03  0.77242E-03  0.77242E-03  0.77242E-03  0.77242E-03  0.77242E-03  0.77242E-03  0.77242E-03  0.77242E-03  0.77242E-03  0.77242E-03  0.77242E-03  0.77242E-03  0.77242E-03  0.77242E-03  0.77242E-03  0.77242E-03  0.77242E-03
rxn00053
  0.00000E+00  0.18740E-01  0.18740E-01  0.18740E-01  0.18740E-01  0.18740E-01  0.18740E-01  0.18740E-01  0.18740E-01  0.18740E-01  0.18740E-01  0.18740E-01  0.18740E-01  0.18740E-01  0.18740E-01  0.18740E-01  0.18740E-01  0.18740E-01  0.18740E-01  0.18740E-01  0.18740E-01  0.18740E-01  0.18740E-01  0.18740E-01  0.18740E-01  0.18740E-01  0.18740E-01  0.18740E-01  0.18740E-01  0.18740E-01  0.18740E-01
rxn00054
  0.00000E+00  0.10903E-18  0.10903E-18  0.10903E-18  0.10903E-18  0.10903E-18  0.10903E-18  0.10903E-18  0.10903E-18  0.10903E-18  0.10903E-18  0.10903E-18  0.10903E-18  0.10903E-18  0.10903E-18  0.10903E-18  0.10903E-18  0.10903E-18  0.10903E-18  0.10903E-18  0.10903E-18  0.10903E-18  0.10903E-18  0.10903E-18  0.10903E-18  0.10903E-18  0.10903E-18  0.10903E-18  0.10903E-18  0.10903E-18  0.10903E-18
rxn00055
  0.00000E+00  0.24502E-12  0.24502E-12  0.24502E-12  0.24502E-12  0.24502E-12  0.24502E-12  0.24502E-12  0.24502E-12  0.24502E-12  0.24502E-12  0.24502E-12  0.24502E-12  0.24502E-12  0.24502E-12  0.24502E-12  0.24502E-12  0.24502E-12  0.24502E-12  0.24502E-12  0.24502E-12  0.24502E-12  0.24502E-12  0.24502E-12  0.24502E-12  0.24502E-12  0.24502E-12  0.24502E-12  0.24502E-12  0.24502E-12  0.24502E-12
rxn00056
  0.00000E+00  0.99938E-12  0.99938E-12  0.99938E-12  0.99938E-12  0.99938E-12  0.99938E-12  0.99938E-12  0.99938E-12  0.99938E-12  0.99938E-12  0.99938E-12  0.99938E-12  0.99938E-12  0.99938E-12  0.99938E-12  0.99938E-12  0.99938E-12  0.99938E-12  0.99938E-12  0.99938E-12  0.99938E-12  0.99938E-12  0.99938E-12  0.99938E-12  0.99938E-12  0.99938E-12  0.99938E-12  0.99938E-12  0.99938E-12  0.99938E-12
rxn00057
  0.00000E+00  0.53816E-14  0.53816E-14  0.53816E-14  0.53816E-14  0.53816E-14  0.53816E-14  0.53816E-14  0.53816E-14  0.53816E-14  0.53816E-14  0.53816E-14  0.53816E-14  0.53816E-14  0.53816E-14  0.53816E-14  0.53816E-14  0.53816E-14  0.53816E-14  0.53816E-14  0.53816E-14  0.53816E-14  0.53816E-14  0.53816E-14  0.53816E-14  0.53816E-14  0.53816E-14  0.53816E-14  0.53816E-14  0.53816E-14  0.53816E-14
rxn00058
  0.00000E+00  0.23125E-12  0.23125E-12  0.23125E-12  0.23125E-12  0.23125E-12  0.23125E-12  0.23125E-12  0.23125E-12  0.23125E-12  0.23125E-12  0.23125E-12  0.23125E-12  0.23125E-12  0.23125E-12  0.23125E-12  0.23125E-12  0.23125E-12  0.23125E-12  0.23125E-12  0.23125E-12  0.23125E-12  0.23125E-12  0.23125E-12  0.23125E-12  0.23125E-12  0.23125E-12  0.23125E-12  0.23125E-12  0.23125E-12  0.23125E-12
rxn00059
  0.00000E+00  0.81000E-12  0.81000E-12  0.81000E-12  0.81000E-12  0.81000E-12  0.81000E-12  0.81000E-12  0.81000E-12  0.81000E-12  0.81000E-12  0.81000E-12  0.81000E-12  0.81000E-12  0.81000E-12  0.81000E-12  0.81000E-12  0.81000E-12  0.81000E-12  0.81000E-12  0.81000E-12  0.81000E-12  0.81000E-12  0.81000E-12  0.81000E-12  0.81000E-12  0.81000E-12  0.81000E-12  0.81000E-12  0.81000E-12  0.81000E-12
rxn00060
  0.00000E+00  0.84632E-12  0.84632E-12  0.84632E-12  0.84632E-12  0.84632E-12  0.84632E-12  0.84632E-12  0.84632E-12  0.84632E-12  0.84632E-12  0.84632E-12  0.84632E-12  0.84632E-12  0.84632E-12  0.84632E-12  0.84632E-12  0.84632E-12  0.84632E-12  0.84632E-12  0.84632E-12  0.84632E-12  0.84632E-12  0.84632E-12  0.84632E-12  0.84632E-12  0.84632E-12  0.84632E-12  0.84632E-12  0.84632E-12  0.84632E-12
rxn00061
  0.00000E+00  0.10000E-10  0.10000E-10  0.10000E-10  0.10000E-10  0.10000E-10  0.10000E-10  0.10000E-10  0.10000E-10  0.10000E-10  0.10000E-10  0.10000E-10  0.10000E-10  0.10000E-10  0.10000E-10  0.10000E-10  0.10000E-10  0.10000E-10  0.10000E-10  0.10000E-10  0.10000E-10  0.10000E-10  0.10000E-10  0.10000E-10  0.10000E-10  0.10000E-10  0.10000E-10  0.10000E-10  0.10000E-10  0.10000E-10  0.10000E-10
rxn00062
  0.00000E+00  0.48540E-15  0.48540E-15  0.48540E-15  0.48540E-15  0.48540E-15  0.48540E-15  0.48540E-15  0.48540E-15  0.48540E-15  0.48540E-15  0.48540E-15  0.48540E-15  0.48540E-15  0.48540E-15  0.48540E-15  0.48540E-15  0.48540E-15  0.48540E-15  0.48540E-15  0.48540E-15  0.48540E-15  0.48540E-15  0.48540E-15  0.48540E-15  0.48540E-15  0.48540E-15  0.48540E-15  0.48540E-15  0.48540E-15  0.48540E-15
rxn00063
  0.00000E+00  0.14208E-10  0.14208E-10  0.14208E-10  0.14208E-10  0.14208E-10  0.14208E-10  0.14208E-10  0.14208E-10  0.14208E-10  0.14208E-10  0.14208E-10  0.14208E-10  0.14208E-10  0.14208E-10  0.14208E-10  0.14208E-10  0.14208E-10  0.14208E-10  0.14208E-10  0.14208E-10  0.14208E-10  0.14208E-10  0.14208E-10  0.14208E-10  0.14208E-10  0.14208E-10  0.14208E-10  0.14208E-10  0.14208E-10  0.14208E-10
rxn00064
  0.00000E+00  0.19987E-14  0.19987E-14  0.19987E-14  0.19987E-14  0.19987E-14  0.19987E-14  0.19987E-14  0.19987E-14  0.19987E-14  0.19987E-14  0.19987E-14  0.19987E-14  0.19987E-14  0.19987E-14  0.19987E-14  0.19987E-14  0.19987E-14  0.19987E-14  0.19987E-14  0.19987E-14  0.19987E-14  0.19987E-14  0.19987E-14  0.19987E-14  0.19987E-14  0.19987E-14  0.19987E-14  0.19987E-14  0.19987E-14  0.19987E-14
rxn00065
  0.00000E+00  0.20167E-12  0.20167E-12  0.20167E-12  0.20167E-12  0.20167E-12  0.20167E-12  0.20167E-12  0.20167E-12  0.20167E-12  0.20167E-12  0.20167E-12  0.20167E-12  0.20167E-12  0.20167E-12  0.20167E-12  0.20167E-12  0.20167E-12  0.20167E-12  0.20167E-12  0.20167E-12  0.20167E-12  0.20167E-12  0.20167E-12  0.20167E-12  0.20167E-12  0.20167E-12  0.20167E-12  0.20167E-12  0.20167E-12  0.20167E-12
rxn00066
  0.00000E+00  0.17000E-10  0.17000E-10  0.17000E-10  0.17000E-10  0.17000E-10  0.17000E-10  0.17000E-10  0.17000E-10  0.17000E-10  0.17000E-10  0.17000E-10  0.17000E-10  0.17000E-10  0.17000E-10  0.17000E-10  0.17000E-10  0.17000E-10  0.17000E-10  0.17000E-10  0.17000E-10  0.17000E-10  0.17000E-10  0.17000E-10  0.17000E-10  0.17000E-10  0.17000E-10  0.17000E-10  0.17000E-10  0.17000E-10  0.17000E-10
rxn00067
  0.00000E+00  0.19987E-14  0.19987E-14  0.19987E-14  0.19987E-14  0.19987E-14  0.19987E-14  0.19987E-14  0.19987E-14  0.19987E-14  0.19987E-14  0.19987E-14  0.19987E-14  0.19987E-14  0.19987E-14  0.19987E-14  0.19987E-14  0.19987E-14  0.19987E-14  0.19987E-14  0.19987E-14  0.19987E-14  0.19987E-14  0.19987E-14  0.19987E-14  0.19987E-14  0.19987E-14  0.19987E-14  0.19987E-14  0.19987E-14  0.19987E-14
rxn00068
  0.00000E+00  0.13822E-17  0.13822E-17  0.13822E-17  0.13822E-17  0.13822E-17  0.13822E-17  0.13822E-17  0.13822E-17  0.13822E-17  0.13822E-17  0.13822E-17  0.13822E-17  0.13822E-17  0.13822E-17  0.13822E-17  0.13822E-17  0.13822E-17  0.13822E-17  0.13822E-17  0.13822E-17  0.13822E-17  0.13822E-17  0.13822E-17  0.13822E-17  0.13822E-17  0.13822E-17  0.13822E-17  0.13822E-17  0.13822E-17  0.13822E-17
rxn00069
  0.00000E+00  0.84202E-11  0.84202E-11  0.84202E-11  0.84202E-11  0.84202E-11  0.84202E-11  0.84202E-11  0.84202E-11  0.84202E-11  0.84202E-11  0.84202E-11  0.84202E-11  0.84202E-11  0.84202E-11  0.84202E-11  0.84202E-11  0.84202E-11  0.84202E-11  0.84202E-11  0.84202E-11  0.84202E-11  0.84202E-11  0.84202E-11  0.84202E-11  0.84202E-11  0.84202E-11  0.84202E-11  0.84202E-11  0.84202E-11  0.84202E-11
rxn00070
  0.00000E+00  0.84650E-17  0.84650E-17  0.84650E-17  0.84650E-17  0.84650E-17  0.84650E-17  0.84650E-17  0.84650E-17  0.84650E-17  0.84650E-17  0.84650E-17  0.84650E-17  0.84650E-17  0.84650E-17  0.84650E-17  0.84650E-17  0.84650E-17  0.84650E-17  0.84650E-17  0.84650E-17  0.84650E-17  0.84650E-17  0.84650E-17  0.84650E-17  0.84650E-17  0.84650E-17  0.84650E-17  0.84650E-17  0.84650E-17  0.84650E-17
rxn00071
  0.00000E+00  0.23033E-15  0.23033E-15  0.23033E-15  0.23033E-15  0.23033E-15  0.23033E-15  0.23033E-15  0.23033E-15  0.23033E-15  0.23033E-15  0.23033E-15  0.23033E-15  0.23033E-15  0.23033E-15  0.23033E-15  0.23033E-15  0.23033E-15  0.23033E-15  0.23033E-15  0.23033E-15  0.23033E-15  0.23033E-15  0.23033E-15  0.23033E-15  0.23033E-15  0.23033E-15  0.23033E-15  0.23033E-15  0.23033E-15  0.23033E-15
rxn00072
  0.00000E+00  0.30148E-10  0.30148E-10  0.30148E-10  0.30148E-10  0.30148E-10  0.30148E-10  0.30148E-10  0.30148E-10  0.30148E-10  0.30148E-10  0.30148E-10  0.30148E-10  0.30148E-10  0.30148E-10  0.30148E-10  0.30148E-10  0.30148E-10  0.30148E-10  0.30148E-10  0.30148E-10  0.30148E-10  0.30148E-10  0.30148E-10  0.30148E-10  0.30148E-10  0.30148E-10  0.30148E-10  0.30148E-10  0.30148E-10  0.30148E-10
rxn00073
  0.00000E+00  0.69868E-10  0.69868E-10  0.69868E-10  0.69868E-10  0.69868E-10  0.69868E-10  0.69868E-10  0.69868E-10  0.69868E-10  0.69868E-10  0.69868E-10  0.69868E-10  0.69868E-10  0.69868E-10  0.69868E-10  0.69868E-10  0.69868E-10  0.69868E-10  0.69868E-10  0.69868E-10  0.69868E-10  0.69868E-10  0.69868E-10  0.69868E-10  0.69868E-10  0.69868E-10  0.69868E-10  0.69868E-10  0.69868E-10  0.69868E-10
rxn00074
  0.00000E+00  0.95240E-14  0.95240E-14  0.95240E-14  0.95240E-14  0.95240E-14  0.95240E-14  0.95240E-14  0.95240E-14  0.95240E-14  0.95240E-14  0.95240E-14  0.95240E-14  0.95240E-14  0.95240E-14  0.95240E-14  0.95240E-14  0.95240E-14  0.95240E-14  0.95240E-14  0.95240E-14  0.95240E-14  0.95240E-14  0.95240E-14  0.95240E-14  0.95240E-14  0.95240E-14  0.95240E-14  0.95240E-14  0.95240E-14  0.95240E-14
rxn00075
  0.00000E+00  0.25000E-11  0.25000E-11  0.25000E-11  0.25000E-11  0.25000E-11  0.25000E-11  0.25000E-11  0.25000E-11  0.25000E-11  0.25000E-11  0.25000E-11  0.25000E-11  0.25000E-11  0.25000E-11  0.25000E-11  0.25000E-11  0.25000E-11  0.25000E-11  0.25000E-11  0.25000E-11  0.25000E-11  0.25000E-11  0.25000E-11  0.25000E-11  0.25000E-11  0.25000E-11  0.25000E-11  0.25000E-11  0.25000E-11  0.25000E-11
rxn00076
  0.00000E+00  0.63744E-11  0.63744E-11  0.63744E-11  0.63744E-11  0.63744E-11  0.63744E-11  0.63744E-11  0.63744E-11  0.63744E-11  0.63744E-11  0.63744E-11  0.63744E-11  0.63744E-11  0.63744E-11  0.63744E-11  0.63744E-11  0.63744E-11  0.63744E-11  0.63744E-11  0.63744E-11  0.63744E-11  0.63744E-11  0.63744E-11  0.63744E-11  0.63744E-11  0.63744E-11  0.63744E-11  0.63744E-11  0.63744E-11  0.63744E-11
rxn00077
  0.00000E+00  0.25361E-10  0.25361E-10  0.25361E-10  0.25361E-10  0.25361E-10  0.25361E-10  0.25361E-10  0.25361E-10  0.25361E-10  0.25361E-10  0.25361E-10  0.25361E-10  0.25361E-10  0.25361E-10  0.25361E-10  0.25361E-10  0.25361E-10  0.25361E-10  0.25361E-10  0.25361E-10  0.25361E-10  0.25361E-10  0.25361E-10  0.25361E-10  0.25361E-10  0.25361E-10  0.25361E-10  0.25361E-10  0.25361E-10  0.25361E-10
rxn00078
  0.00000E+00  0.81000E-11  0.81000E-11  0.81000E-11  0.81000E-11  0.81000E-11  0.81000E-11  0.81000E-11  0.81000E-11  0.81000E-11  0.81000E-11  0.81000E-11  0.81000E-11  0.81000E-11  0.81000E-11  0.81000E-11  0.81000E-11  0.81000E-11  0.81000E-11  0.81000E-11  0.81000E-11  0.81000E-11  0.81000E-11  0.81000E-11  0.81000E-11  0.81000E-11  0.81000E-11  0.81000E-11  0.81000E-11  0.81000E-11  0.81000E-11
rxn00079
  0.00000E+00  0.41000E-10  0.41000E-10  0.41000E-10  0.41000E-10  0.41000E-10  0.41000E-10  0.41000E-10  0.41000E-10  0.41000E-10  0.41000E-10  0.41000E-10  0.41000E-10  0.41000E-10  0.41000E-10  0.41000E-10  0.41000E-10  0.41000E-10  0.41000E-10  0.41000E-10  0.41000E-10  0.41000E-10  0.41000E-10  0.41000E-10  0.41000E-10  0.41000E-10  0.41000E-10  0.41000E-10  0.41000E-10  0.41000E-10  0.41000E-10
rxn00080
  0.00000E+00  0.22000E-10  0.22000E-10  0.22000E-10  0.22000E-10  0.22000E-10  0.22000E-10  0.22000E-10  0.22000E-10  0.22000E-10  0.22000E-10  0.22000E-10  0.22000E-10  0.22000E-10  0.22000E-10  0.22000E-10  0.22000E-10  0.22000E-10  0.22000E-10  0.22000E-10  0.22000E-10  0.22000E-10  0.22000E-10  0.22000E-10  0.22000E-10  0.22000E-10  0.22000E-10  0.22000E-10  0.22000E-10  0.22000E-10  0.22000E-10
rxn00081
  0.00000E+00  0.14000E-10  0.14000E-10  0.14000E-10  0.14000E-10  0.14000E-10  0.14000E-10  0.14000E-10  0.14000E-10  0.14000E-10  0.14000E-10  0.14000E-10  0.14000E-10  0.14000E-10  0.14000E-10  0.14000E-10  0.14000E-10  0.14000E-10  0.14000E-10  0.14000E-10  0.14000E-10  0.14000E-10  0.14000E-10  0.14000E-10  0.14000E-10  0.14000E-10  0.14000E-10  0.14000E-10  0.14000E-10  0.14000E-10  0.14000E-10
rxn00082
  0.00000E+00  0.30000E-10  0.30000E-10  0.30000E-10  0.30000E-10  0.30000E-10  0.30000E-10  0.30000E-10  0.30000E-10  0.30000E-10  0.30000E-10  0.30000E-10  0.30000E-10  0.30000E-10  0.30000E-10  0.30000E-10  0.30000E-10  0.30000E-10  0.30000E-10  0.30000E-10  0.30000E-10  0.30000E-10  0.30000E-10  0.30000E-10  0.30000E-10  0.30000E-10  0.30000E-10  0.30000E-10  0.30000E-10  0.30000E-10  0.30000E-10
rxn00083
  0.00000E+00  0.96296E-17  0.96296E-17  0.96296E-17  0.96296E-17  0.96296E-17  0.96296E-17  0.96296E-17  0.96296E-17  0.96296E-17  0.96296E-17  0.96296E-17  0.96296E-17  0.96296E-17  0.96296E-17  0.96296E-17  0.96296E-17  0.96296E-17  0.96296E-17  0.96296E-17  0.96296E-17  0.96296E-17  0.96296E-17  0.96296E-17  0.96296E-17  0.96296E-17  0.96296E-17  0.96296E-17  0.96296E-17  0.96296E-17  0.96296E-17
rxn00084
  0.00000E+00  0.10653E-09  0.10653E-09  0.10653E-09  0.10653E-09  0.10653E-09  0.10653E-09  0.10653E-09  0.10653E-09  0.10653E-09  0.10653E-09  0.10653E-09  0.10653E-09  0.10653E-09  0.10653E-09  0.10653E-09  0.10653E-09  0.10653E-09  0.10653E-09  0.10653E-09  0.10653E-09  0.10653E-09  0.10653E-09  0.10653E-09  0.10653E-09  0.10653E-09  0.10653E-09  0.10653E-09  0.10653E-09  0.10653E-09  0.10653E-09
rxn00085
  0.00000E+00  0.11603E-16  0.11603E-16  0.11603E-16  0.11603E-16  0.11603E-16  0.11603E-16  0.11603E-16  0.11603E-16  0.11603E-16  0.11603E-16  0.11603E-16  0.11603E-16  0.11603E-16  0.11603E-16  0.11603E-16  0.11603E-16  0.11603E-16  0.11603E-16  0.11603E-16  0.11603E-16  0.11603E-16  0.11603E-16  0.11603E-16  0.11603E-16  0.11603E-16  0.11603E-16  0.11603E-16  0.11603E-16  0.11603E-16  0.11603E-16
rxn00086
  0.00000E+00  0.64448E-12  0.64448E-12  0.64448E-12  0.64448E-12  0.64448E-12  0.64448E-12  0.64448E-12  0.64448E-12  0.64448E-12  0.64448E-12  0.64448E-12  0.64448E-12  0.64448E-12  0.64448E-12  0.64448E-12  0.64448E-12  0.64448E-12  0.64448E-12  0.64448E-12  0.64448E-12  0.64448E-12  0.64448E-12  0.64448E-12  0.64448E-12  0.64448E-12  0.64448E-12  0.64448E-12  0.64448E-12  0.64448E-12  0.64448E-12
rxn00087
  0.00000E+00  0.33000E-10  0.33000E-10  0.33000E-10  0.33000E-10  0.33000E-10  0.33000E-10  0.33000E-10  0.33000E-10  0.33000E-10  0.33000E-10  0.33000E-10  0.33000E-10  0.33000E-10  0.33000E-10  0.33000E-10  0.33000E-10  0.33000E-10  0.33000E-10  0.33000E-10  0.33000E-10  0.33000E-10  0.33000E-10  0.33000E-10  0.33000E-10  0.33000E-10  0.33000E-10  0.33000E-10  0.33000E-10  0.33000E-10  0.33000E-10
rxn00088
  0.00000E+00  0.70000E-17  0.70000E-17  0.70000E-17  0.70000E-17  0.70000E-17  0.70000E-17  0.70000E-17  0.70000E-17  0.70000E-17  0.70000E-17  0.70000E-17  0.70000E-17  0.70000E-17  0.70000E-17  0.70000E-17  0.70000E-17  0.70000E-17  0.70000E-17  0.70000E-17  0.70000E-17  0.70000E-17  0.70000E-17  0.70000E-17  0.70000E-17  0.70000E-17  0.70000E-17  0.70000E-17  0.70000E-17  0.70000E-17  0.70000E-17
rxn00089
  0.00000E+00  0.10000E-14  0.10000E-14  0.10000E-14  0.10000E-14  0.10000E-14  0.10000E-14  0.10000E-14  0.10000E-14  0.10000E-14  0.10000E-14  0.10000E-14  0.10000E-14  0.10000E-14  0.10000E-14  0.10000E-14  0.10000E-14  0.10000E-14  0.10000E-14  0.10000E-14  0.10000E-14  0.10000E-14  0.10000E-14  0.10000E-14  0.10000E-14  0.10000E-14  0.10000E-14  0.10000E-14  0.10000E-14  0.10000E-14  0.10000E-14
rxn00090
  0.00000E+00  0.40000E-11  0.40000E-11  0.40000E-11  0.40000E-11  0.40000E-11  0.40000E-11  0.40000E-11  0.40000E-11  0.40000E-11  0.40000E-11  0.40000E-11  0.40000E-11  0.40000E-11  0.40000E-11  0.40000E-11  0.40000E-11  0.40000E-11  0.40000E-11  0.40000E-11  0.40000E-11  0.40000E-11  0.40000E-11  0.40000E-11  0.40000E-11  0.40000E-11  0.40000E-11  0.40000E-11  0.40000E-11  0.40000E-11  0.40000E-11
rxn00091
  0.00000E+00  0.40000E-11  0.40000E-11  0.40000E-11  0.40000E-11  0.40000E-11  0.40000E-11  0.40000E-11  0.40000E-11  0.40000E-11  0.40000E-11  0.40000E-11  0.40000E-11  0.40000E-11  0.40000E-11  0.40000E-11  0.40000E-11  0.40000E-11  0.40000E-11  0.40000E-11  0.40000E-11  0.40000E-11  0.40000E-11  0.40000E-11  0.40000E-11  0.40000E-11  0.40000E-11  0.40000E-11  0.40000E-11  0.40000E-11  0.40000E-11
rxn00092
  0.00000E+00  0.40000E-11  0.40000E-11  0.40000E-11  0.40000E-11  0.40000E-11  0.40000E-11  0.40000E-11  0.40000E-11  0.40000E-11  0.40000E-11  0.40000E-11  0.40000E-11  0.40000E-11  0.40000E-11  0.40000E-11  0.40000E-11  0.40000E-11  0.40000E-11  0.40000E-11  0.40000E-11  0.40000E-11  0.40000E-11  0.40000E-11  0.40000E-11  0.40000E-11  0.40000E-11  0.40000E-11  0.40000E-11  0.40000E-11  0.40000E-11
rxn00093
  0.00000E+00  0.15041E-10  0.15041E-10  0.15041E-10  0.15041E-10  0.15041E-10  0.15041E-10  0.15041E-10  0.15041E-10  0.15041E-10  0.15041E-10  0.15041E-10  0.15041E-10  0.15041E-10  0.15041E-10  0.15041E-10  0.15041E-10  0.15041E-10  0.15041E-10  0.15041E-10  0.15041E-10  0.15041E-10  0.15041E-10  0.15041E-10  0.15041E-10  0.15041E-10  0.15041E-10  0.15041E-10  0.15041E-10  0.15041E-10  0.15041E-10
rxn00094
  0.00000E+00  0.15041E-10  0.15041E-10  0.15041E-10  0.15041E-10  0.15041E-10  0.15041E-10  0.15041E-10  0.15041E-10  0.15041E-10  0.15041E-10  0.15041E-10  0.15041E-10  0.15041E-10  0.15041E-10  0.15041E-10  0.15041E-10  0.15041E-10  0.15041E-10  0.15041E-10  0.15041E-10  0.15041E-10  0.15041E-10  0.15041E-10  0.15041E-10  0.15041E-10  0.15041E-10  0.15041E-10  0.15041E-10  0.15041E-10  0.15041E-10
rxn00095
  0.00000E+00  0.15041E-10  0.15041E-10  0.15041E-10  0.15041E-10  0.15041E-10  0.15041E-10  0.15041E-10  0.15041E-10  0.15041E-10  0.15041E-10  0.15041E-10  0.15041E-10  0.15041E-10  0.15041E-10  0.15041E-10  0.15041E-10  0.15041E-10  0.15041E-10  0.15041E-10  0.15041E-10  0.15041E-10  0.15041E-10  0.15041E-10  0.15041E-10  0.15041E-10  0.15041E-10  0.15041E-10  0.15041E-10  0.15041E-10  0.15041E-10
rxn00096
  0.00000E+00  0.75735E-11  0.75735E-11  0.75735E-11  0.75735E-11  0.75735E-11  0.75735E-11  0.75735E-11  0.75735E-11  0.75735E-11  0.75735E-11  0.75735E-11  0.75735E-11  0.75735E-11  0.75735E-11  0.75735E-11  0.75735E-11  0.75735E-11  0.75735E-11  0.75735E-11  0.75735E-11  0.75735E-11  0.75735E-11  0.75735E-11  0.75735E-11  0.75735E-11  0.75735E-11  0.75735E-11  0.75735E-11  0.75735E-11  0.75735E-11
rxn00097
  0.00000E+00  0.75735E-11  0.75735E-11  0.75735E-11  0.75735E-11  0.75735E-11  0.75735E-11  0.75735E-11  0.75735E-11  0.75735E-11  0.75735E-11  0.75735E-11  0.75735E-11  0.75735E-11  0.75735E-11  0.75735E-11  0.75735E-11  0.75735E-11  0.75735E-11  0.75735E-11  0.75735E-11  0.75735E-11  0.75735E-11  0.75735E-11  0.75735E-11  0.75735E-11  0.75735E-11  0.75735E-11  0.75735E-11  0.75735E-11  0.75735E-11
rxn00098
  0.00000E+00  0.75735E-11  0.75735E-11  0.75735E-11  0.75735E-11  0.75735E-11  0.75735E-11  0.75735E-11  0.75735E-11  0.75735E-11  0.75735E-11  0.75735E-11  0.75735E-11  0.75735E-11  0.75735E-11  0.75735E-11  0.75735E-11  0.75735E-11  0.75735E-11  0.75735E-11  0.75735E-11  0.75735E-11  0.75735E-11  0.75735E-11  0.75735E-11  0.75735E-11  0.75735E-11  0.75735E-11  0.75735E-11  0.75735E-11  0.75735E-11
rxn00099
  0.00000E+00  0.24856E-11  0.24856E-11  0.24856E-11  0.24856E-11  0.24856E-11  0.24856E-11  0.24856E-11  0.24856E-11  0.24856E-11  0.24856E-11  0.24856E-11  0.24856E-11  0.24856E-11  0.24856E-11  0.24856E-11  0.24856E-11  0.24856E-11  0.24856E-11  0.24856E-11  0.24856E-11  0.24856E-11  0.24856E-11  0.24856E-11  0.24856E-11  0.24856E-11  0.24856E-11  0.24856E-11  0.24856E-11  0.24856E-11  0.24856E-11
rxn00100
  0.00000E+00  0.90813E-11  0.90813E-11  0.90813E-11  0.90813E-11  0.90813E-11  0.90813E-11  0.90813E-11  0.90813E-11  0.90813E-11  0.90813E-11  0.90813E-11  0.90813E-11  0.90813E-11  0.90813E-11  0.90813E-11  0.90813E-11  0.90813E-11  0.90813E-11  0.90813E-11  0.90813E-11  0.90813E-11  0.90813E-11  0.90813E-11  0.90813E-11  0.90813E-11  0.90813E-11  0.90813E-11  0.90813E-11  0.90813E-11  0.90813E-11
rxn00101
  0.00000E+00  0.10914E-03  0.10914E-03  0.10914E-03  0.10914E-03  0.10914E-03  0.10914E-03  0.10914E-03  0.10914E-03  0.10914E-03  0.10914E-03  0.10914E-03  0.10914E-03  0.10914E-03  0.10914E-03  0.10914E-03  0.10914E-03  0.10914E-03  0.10914E-03  0.10914E-03  0.10914E-03  0.10914E-03  0.10914E-03  0.10914E-03  0.10914E-03  0.10914E-03  0.10914E-03  0.10914E-03  0.10914E-03  0.10914E-03  0.10914E-03
rxn00102
  0.00000E+00  0.78784E-11  0.78784E-11  0.78784E-11  0.78784E-11  0.78784E-11  0.78784E-11  0.78784E-11  0.78784E-11  0.78784E-11  0.78784E-11  0.78784E-11  0.78784E-11  0.78784E-11  0.78784E-11  0.78784E-11  0.78784E-11  0.78784E-11  0.78784E-11  0.78784E-11  0.78784E-11  0.78784E-11  0.78784E-11  0.78784E-11  0.78784E-11  0.78784E-11  0.78784E-11  0.78784E-11  0.78784E-11  0.78784E-11  0.78784E-11
rxn00103
  0.00000E+00  0.91535E-11  0.91535E-11  0.91535E-11  0.91535E-11  0.91535E-11  0.91535E-11  0.91535E-11  0.91535E-11  0.91535E-11  0.91535E-11  0.91535E-11  0.91535E-11  0.91535E-11  0.91535E-11  0.91535E-11  0.91535E-11  0.91535E-11  0.91535E-11  0.91535E-11  0.91535E-11  0.91535E-11  0.91535E-11  0.91535E-11  0.91535E-11  0.91535E-11  0.91535E-11  0.91535E-11  0.91535E-11  0.91535E-11  0.91535E-11
rxn00104
  0.00000E+00  0.40000E-11  0.40000E-11  0.40000E-11  0.40000E-11  0.40000E-11  0.40000E-11  0.40000E-11  0.40000E-11  0.40000E-11  0.40000E-11  0.40000E-11  0.40000E-11  0.40000E-11  0.40000E-11  0.40000E-11  0.40000E-11  0.40000E-11  0.40000E-11  0.40000E-11  0.40000E-11  0.40000E-11  0.40000E-11  0.40000E-11  0.40000E-11  0.40000E-11  0.40000E-11  0.40000E-11  0.40000E-11  0.40000E-11  0.40000E-11
rxn00105
  0.00000E+00  0.18340E-10  0.18340E-10  0.18340E-10  0.18340E-10  0.18340E-10  0.18340E-10  0.18340E-10  0.18340E-10  0.18340E-10  0.18340E-10  0.18340E-10  0.18340E-10  0.18340E-10  0.18340E-10  0.18340E-10  0.18340E-10  0.18340E-10  0.18340E-10  0.18340E-10  0.18340E-10  0.18340E-10  0.18340E-10  0.18340E-10  0.18340E-10  0.18340E-10  0.18340E-10  0.18340E-10  0.18340E-10  0.18340E-10  0.18340E-10
rxn00106
  0.00000E+00  0.40000E-11  0.40000E-11  0.40000E-11  0.40000E-11  0.40000E-11  0.40000E-11  0.40000E-11  0.40000E-11  0.40000E-11  0.40000E-11  0.40000E-11  0.40000E-11  0.40000E-11  0.40000E-11  0.40000E-11  0.40000E-11  0.40000E-11  0.40000E-11  0.40000E-11  0.40000E-11  0.40000E-11  0.40000E-11  0.40000E-11  0.40000E-11  0.40000E-11  0.40000E-11  0.40000E-11  0.40000E-11  0.40000E-11  0.40000E-11
rxn00107
  0.00000E+00  0.40000E-11  0.40000E-11  0.40000E-11  0.40000E-11  0.40000E-11  0.40000E-11  0.40000E-11  0.40000E-11  0.40000E-11  0.40000E-11  0.40000E-11  0.40000E-11  0.40000E-11  0.40000E-11  0.40000E-11  0.40000E-11  0.40000E-11  0.40000E-11  0.40000E-11  0.40000E-11  0.40000E-11  0.40000E-11  0.40000E-11  0.40000E-11  0.40000E-11  0.40000E-11  0.40000E-11  0.40000E-11  0.40000E-11  0.40000E-11
rxn00108
  0.00000E+00  0.40000E-11  0.40000E-11  0.40000E-11  0.40000E-11  0.40000E-11  0.40000E-11  0.40000E-11  0.40000E-11  0.40000E-11  0.40000E-11  0.40000E-11  0.40000E-11  0.40000E-11  0.40000E-11  0.40000E-11  0.40000E-11  0.40000E-11  0.40000E-11  0.40000E-11  0.40000E-11  0.40000E-11  0.40000E-11  0.40000E-11  0.40000E-11  0.40000E-11  0.40000E-11  0.40000E-11  0.40000E-11  0.40000E-11  0.40000E-11
rxn00109
  0.00000E+00  0.11000E-11  0.11000E-11  0.11000E-11  0.11000E-11  0.11000E-11  0.11000E-11  0.11000E-11  0.11000E-11  0.11000E-11  0.11000E-11  0.11000E-11  0.11000E-11  0.11000E-11  0.11000E-11  0.11000E-11  0.11000E-11  0.11000E-11  0.11000E-11  0.11000E-11  0.11000E-11  0.11000E-11  0.11000E-11  0.11000E-11  0.11000E-11  0.11000E-11  0.11000E-11  0.11000E-11  0.11000E-11  0.11000E-11  0.11000E-11
rxn00110
  0.00000E+00  0.25000E-11  0.25000E-11  0.25000E-11  0.25000E-11  0.25000E-11  0.25000E-11  0.25000E-11  0.25000E-11  0.25000E-11  0.25000E-11  0.25000E-11  0.25000E-11  0.25000E-11  0.25000E-11  0.25000E-11  0.25000E-11  0.25000E-11  0.25000E-11  0.25000E-11  0.25000E-11  0.25000E-11  0.25000E-11  0.25000E-11  0.25000E-11  0.25000E-11  0.25000E-11  0.25000E-11  0.25000E-11  0.25000E-11  0.25000E-11
rxn00111
  0.00000E+00  0.25000E-11  0.25000E-11  0.25000E-11  0.25000E-11  0.25000E-11  0.25000E-11  0.25000E-11  0.25000E-11  0.25000E-11  0.25000E-11  0.25000E-11  0.25000E-11  0.25000E-11  0.25000E-11  0.25000E-11  0.25000E-11  0.25000E-11  0.25000E-11  0.25000E-11  0.25000E-11  0.25000E-11  0.25000E-11  0.25000E-11  0.25000E-11  0.25000E-11  0.25000E-11  0.25000E-11  0.25000E-11  0.25000E-11  0.25000E-11
rxn00112
  0.00000E+00  0.40000E-11  0.40000E-11  0.40000E-11  0.40000E-11  0.40000E-11  0.40000E-11  0.40000E-11  0.40000E-11  0.40000E-11  0.40000E-11  0.40000E-11  0.40000E-11  0.40000E-11  0.40000E-11  0.40000E-11  0.40000E-11  0.40000E-11  0.40000E-11  0.40000E-11  0.40000E-11  0.40000E-11  0.40000E-11  0.40000E-11  0.40000E-11  0.40000E-11  0.40000E-11  0.40000E-11  0.40000E-11  0.40000E-11  0.40000E-11
rxn00113
  0.00000E+00  0.12000E-11  0.12000E-11  0.12000E-11  0.12000E-11  0.12000E-11  0.12000E-11  0.12000E-11  0.12000E-11  0.12000E-11  0.12000E-11  0.12000E-11  0.12000E-11  0.12000E-11  0.12000E-11  0.12000E-11  0.12000E-11  0.12000E-11  0.12000E-11  0.12000E-11  0.12000E-11  0.12000E-11  0.12000E-11  0.12000E-11  0.12000E-11  0.12000E-11  0.12000E-11  0.12000E-11  0.12000E-11  0.12000E-11  0.12000E-11
rxn00114
  0.00000E+00  0.40000E-11  0.40000E-11  0.40000E-11  0.40000E-11  0.40000E-11  0.40000E-11  0.40000E-11  0.40000E-11  0.40000E-11  0.40000E-11  0.40000E-11  0.40000E-11  0.40000E-11  0.40000E-11  0.40000E-11  0.40000E-11  0.40000E-11  0.40000E-11  0.40000E-11  0.40000E-11  0.40000E-11  0.40000E-11  0.40000E-11  0.40000E-11  0.40000E-11  0.40000E-11  0.40000E-11  0.40000E-11  0.40000E-11  0.40000E-11
rxn00115
  0.00000E+00  0.25000E-11  0.25000E-11  0.25000E-11  0.25000E-11  0.25000E-11  0.25000E-11  0.25000E-11  0.25000E-11  0.25000E-11  0.25000E-11  0.25000E-11  0.25000E-11  0.25000E-11  0.25000E-11  0.25000E-11  0.25000E-11  0.25000E-11  0.25000E-11  0.25000E-11  0.25000E-11  0.25000E-11  0.25000E-11  0.25000E-11  0.25000E-11  0.25000E-11  0.25000E-11  0.25000E-11  0.25000E-11  0.25000E-11  0.25000E-11
rxn00116
  0.00000E+00  0.59957E-11  0.59957E-11  0.59957E-11  0.59957E-11  0.59957E-11  0.59957E-11  0.59957E-11  0.59957E-11  0.59957E-11  0.59957E-11  0.59957E-11  0.59957E-11  0.59957E-11  0.59957E-11  0.59957E-11  0.59957E-11  0.59957E-11  0.59957E-11  0.59957E-11  0.59957E-11  0.59957E-11  0.59957E-11  0.59957E-11  0.59957E-11  0.59957E-11  0.59957E-11  0.59957E-11  0.59957E-11  0.59957E-11  0.59957E-11
rxn00117
  0.00000E+00  0.83822E-11  0.83822E-11  0.83822E-11  0.83822E-11  0.83822E-11  0.83822E-11  0.83822E-11  0.83822E-11  0.83822E-11  0.83822E-11  0.83822E-11  0.83822E-11  0.83822E-11  0.83822E-11  0.83822E-11  0.83822E-11  0.83822E-11  0.83822E-11  0.83822E-11  0.83822E-11  0.83822E-11  0.83822E-11  0.83822E-11  0.83822E-11  0.83822E-11  0.83822E-11  0.83822E-11  0.83822E-11  0.83822E-11  0.83822E-11
rxn00118
  0.00000E+00  0.15041E-10  0.15041E-10  0.15041E-10  0.15041E-10  0.15041E-10  0.15041E-10  0.15041E-10  0.15041E-10  0.15041E-10  0.15041E-10  0.15041E-10  0.15041E-10  0.15041E-10  0.15041E-10  0.15041E-10  0.15041E-10  0.15041E-10  0.15041E-10  0.15041E-10  0.15041E-10  0.15041E-10  0.15041E-10  0.15041E-10  0.15041E-10  0.15041E-10  0.15041E-10  0.15041E-10  0.15041E-10  0.15041E-10  0.15041E-10
rxn00119
  0.00000E+00  0.14151E-10  0.14151E-10  0.14151E-10  0.14151E-10  0.14151E-10  0.14151E-10  0.14151E-10  0.14151E-10  0.14151E-10  0.14151E-10  0.14151E-10  0.14151E-10  0.14151E-10  0.14151E-10  0.14151E-10  0.14151E-10  0.14151E-10  0.14151E-10  0.14151E-10  0.14151E-10  0.14151E-10  0.14151E-10  0.14151E-10  0.14151E-10  0.14151E-10  0.14151E-10  0.14151E-10  0.14151E-10  0.14151E-10  0.14151E-10
rxn00120
  0.00000E+00  0.10617E-10  0.10617E-10  0.10617E-10  0.10617E-10  0.10617E-10  0.10617E-10  0.10617E-10  0.10617E-10  0.10617E-10  0.10617E-10  0.10617E-10  0.10617E-10  0.10617E-10  0.10617E-10  0.10617E-10  0.10617E-10  0.10617E-10  0.10617E-10  0.10617E-10  0.10617E-10  0.10617E-10  0.10617E-10  0.10617E-10  0.10617E-10  0.10617E-10  0.10617E-10  0.10617E-10  0.10617E-10  0.10617E-10  0.10617E-10
rxn00121
  0.00000E+00  0.15041E-10  0.15041E-10  0.15041E-10  0.15041E-10  0.15041E-10  0.15041E-10  0.15041E-10  0.15041E-10  0.15041E-10  0.15041E-10  0.15041E-10  0.15041E-10  0.15041E-10  0.15041E-10  0.15041E-10  0.15041E-10  0.15041E-10  0.15041E-10  0.15041E-10  0.15041E-10  0.15041E-10  0.15041E-10  0.15041E-10  0.15041E-10  0.15041E-10  0.15041E-10  0.15041E-10  0.15041E-10  0.15041E-10  0.15041E-10
rxn00122
  0.00000E+00  0.15041E-10  0.15041E-10  0.15041E-10  0.15041E-10  0.15041E-10  0.15041E-10  0.15041E-10  0.15041E-10  0.15041E-10  0.15041E-10  0.15041E-10  0.15041E-10  0.15041E-10  0.15041E-10  0.15041E-10  0.15041E-10  0.15041E-10  0.15041E-10  0.15041E-10  0.15041E-10  0.15041E-10  0.15041E-10  0.15041E-10  0.15041E-10  0.15041E-10  0.15041E-10  0.15041E-10  0.15041E-10  0.15041E-10  0.15041E-10
rxn00123
  0.00000E+00  0.00000E+00  0.22289E-03  0.35989E-03  0.43989E-03  0.49299E-03  0.53345E-03  0.56835E-03  0.59998E-03  0.62935E-03  0.65662E-03  0.68212E-03  0.70586E-03  0.72783E-03  0.74824E-03  0.76709E-03  0.78450E-03  0.80058E-03  0.81538E-03  0.82903E-03  0.84159E-03  0.85314E-03  0.86379E-03  0.87360E-03  0.88263E-03  0.89092E-03  0.89860E-03  0.90561E-03  0.91204E-03  0.91799E-03  0.92350E-03
rxn00124
  0.00000E+00  0.00000E+00  0.84229E-04  0.13591E-03  0.16603E-03  0.18602E-03  0.20127E-03  0.21442E-03  0.22634E-03  0.23741E-03  0.24769E-03  0.25731E-03  0.26625E-03  0.27454E-03  0.28223E-03  0.28934E-03  0.29590E-03  0.30196E-03  0.30754E-03  0.31268E-03  0.31741E-03  0.32176E-03  0.32577E-03  0.32947E-03  0.33287E-03  0.33598E-03  0.33887E-03  0.34151E-03  0.34393E-03  0.34617E-03  0.34824E-03
rxn00125
  0.00000E+00  0.00000E+00  0.13182E-02  0.21237E-02  0.25915E-02  0.29021E-02  0.31392E-02  0.33440E-02  0.35297E-02  0.37024E-02  0.38627E-02  0.40127E-02  0.41524E-02  0.42817E-02  0.44019E-02  0.45130E-02  0.46157E-02  0.47105E-02  0.47979E-02  0.48784E-02  0.49526E-02  0.50209E-02  0.50839E-02  0.51420E-02  0.51955E-02  0.52447E-02  0.52903E-02  0.53320E-02  0.53702E-02  0.54057E-02  0.54385E-02
rxn00126
  0.00000E+00  0.00000E+00  0.90984E-03  0.14705E-02  0.17973E-02  0.20141E-02  0.21794E-02  0.23219E-02  0.24511E-02  0.25710E-02  0.26823E-02  0.27864E-02  0.28832E-02  0.29728E-02  0.30560E-02  0.31329E-02  0.32038E-02  0.32692E-02  0.33294E-02  0.33849E-02  0.34359E-02  0.34828E-02  0.35260E-02  0.35658E-02  0.36023E-02  0.36358E-02  0.36668E-02  0.36951E-02  0.37210E-02  0.37449E-02  0.37670E-02
rxn00127
  0.00000E+00  0.00000E+00  0.32300E-03  0.52117E-03  0.63669E-03  0.71336E-03  0.77182E-03  0.82226E-03  0.86797E-03  0.91044E-03  0.94986E-03  0.98672E-03  0.10210E-02  0.10528E-02  0.10823E-02  0.11096E-02  0.11347E-02  0.11580E-02  0.11794E-02  0.11991E-02  0.12172E-02  0.12339E-02  0.12493E-02  0.12634E-02  0.12765E-02  0.12884E-02  0.12995E-02  0.13096E-02  0.13189E-02  0.13275E-02  0.13354E-02
rxn00128
  0.00000E+00  0.00000E+00  0.22591E-03  0.36451E-03  0.44530E-03  0.49893E-03  0.53981E-03  0.57509E-03  0.60706E-03  0.63676E-03  0.66433E-03  0.69011E-03  0.71411E-03  0.73632E-03  0.75695E-03  0.77601E-03  0.79360E-03  0.80985E-03  0.82481E-03  0.83860E-03  0.85129E-03  0.86295E-03  0.87370E-03  0.88361E-03  0.89273E-03  0.90109E-03  0.90884E-03  0.91590E-03  0.92239E-03  0.92838E-03  0.93393E-03
rxn00129
  0.00000E+00  0.00000E+00  0.18413E-03  0.29356E-03  0.35448E-03  0.39380E-03  0.42383E-03  0.45013E-03  0.47431E-03  0.49703E-03  0.51831E-03  0.53835E-03  0.55712E-03  0.57459E-03  0.59091E-03  0.60607E-03  0.62016E-03  0.63325E-03  0.64540E-03  0.65667E-03  0.66713E-03  0.67683E-03  0.68585E-03  0.69425E-03  0.70206E-03  0.70931E-03  0.71610E-03  0.72239E-03  0.72825E-03  0.73374E-03  0.73890E-03
rxn00130
  0.00000E+00  0.00000E+00  0.31292E-03  0.50662E-03  0.62144E-03  0.69835E-03  0.75698E-03  0.80735E-03  0.85281E-03  0.89493E-03  0.93396E-03  0.97041E-03  0.10043E-02  0.10357E-02  0.10648E-02  0.10918E-02  0.11166E-02  0.11395E-02  0.11607E-02  0.11801E-02  0.11980E-02  0.12145E-02  0.12297E-02  0.12437E-02  0.12566E-02  0.12684E-02  0.12793E-02  0.12893E-02  0.12985E-02  0.13070E-02  0.13148E-02
rxn00131
  0.00000E+00  0.00000E+00  0.31891E-03  0.51455E-03  0.62856E-03  0.70417E-03  0.76176E-03  0.81140E-03  0.85633E-03  0.89803E-03  0.93669E-03  0.97280E-03  0.10064E-02  0.10374E-02  0.10662E-02  0.10927E-02  0.11172E-02  0.11397E-02  0.11604E-02  0.11794E-02  0.11969E-02  0.12129E-02  0.12276E-02  0.12411E-02  0.12535E-02  0.12648E-02  0.12753E-02  0.12847E-02  0.12934E-02  0.13013E-02  0.13086E-02
rxn00132
  0.00000E+00  0.00000E+00  0.30327E-03  0.48996E-03  0.59962E-03  0.67288E-03  0.72884E-03  0.77706E-03  0.82067E-03  0.86112E-03  0.89861E-03  0.93364E-03  0.96623E-03  0.99638E-03  0.10244E-02  0.10502E-02  0.10740E-02  0.10960E-02  0.11163E-02  0.11349E-02  0.11521E-02  0.11678E-02  0.11823E-02  0.11957E-02  0.12080E-02  0.12192E-02  0.12296E-02  0.12391E-02  0.12478E-02  0.12558E-02  0.12633E-02
