NO         
  0.10000E+00  0.46249E+00  0.69225E+00  0.83527E+00  0.92169E+00  0.97536E+00  0.10049E+01  0.10211E+01  0.10289E+01  0.10316E+01  0.10310E+01  0.10284E+01  0.10246E+01  0.10202E+01  0.10154E+01  0.10105E+01  0.10057E+01  0.10009E+01  0.99621E+00  0.99167E+00  0.98729E+00  0.98307E+00  0.97900E+00  0.97509E+00  0.97131E+00  0.96767E+00  0.96416E+00  0.96078E+00  0.95750E+00  0.95433E+00  0.95126E+00
NO2        
  0.50000E+01  0.46344E+01  0.43995E+01  0.42500E+01  0.41566E+01  0.40959E+01  0.40593E+01  0.40361E+01  0.40213E+01  0.40116E+01  0.40052E+01  0.40008E+01  0.39976E+01  0.39950E+01  0.39928E+01  0.39906E+01  0.39885E+01  0.39862E+01  0.39839E+01  0.39814E+01  0.39787E+01  0.39759E+01  0.39729E+01  0.39698E+01  0.39665E+01  0.39631E+01  0.39595E+01  0.39558E+01  0.39520E+01  0.39480E+01  0.39440E+01
O3         
  0.80000E+02  0.80360E+02  0.80595E+02  0.80752E+02  0.80858E+02  0.80936E+02  0.80995E+02  0.81043E+02  0.81086E+02  0.81127E+02  0.81166E+02  0.81205E+02  0.81245E+02  0.81286E+02  0.81328E+02  0.81372E+02  0.81416E+02  0.81462E+02  0.81509E+02  0.81557E+02  0.81606E+02  0.81656E+02  0.81707E+02  0.81759E+02  0.81811E+02  0.81864E+02  0.81918E+02  0.81972E+02  0.82027E+02  0.82082E+02  0.82137E+02
O1D        
  0.00000E+00  0.10340E+00  0.10371E+00  0.10391E+00  0.10404E+00  0.10414E+00  0.10422E+00  0.10428E+00  0.10434E+00  0.10439E+00  0.10444E+00  0.10449E+00  0.10454E+00  0.10459E+00  0.10465E+00  0.10470E+00  0.10476E+00  0.10482E+00  0.10488E+00  0.10494E+00  0.10501E+00  0.10507E+00  0.10514E+00  0.10520E+00  0.10527E+00  0.10534E+00  0.10541E+00  0.10548E+00  0.10555E+00  0.10562E+00  0.10569E+00
O3P        
  0.00000E+00  0.24725E+05  0.24067E+05  0.23649E+05  0.23389E+05  0.23221E+05  0.23122E+05  0.23060E+05  0.23022E+05  0.22999E+05  0.22986E+05  0.22978E+05  0.22974E+05  0.22972E+05  0.22971E+05  0.22971E+05  0.22971E+05  0.22970E+05  0.22970E+05  0.22969E+05  0.22968E+05  0.22966E+05  0.22965E+05  0.22962E+05  0.22960E+05  0.22957E+05  0.22954E+05  0.22950E+05  0.22947E+05  0.22942E+05  0.22938E+05
N2O5       
  0.00000E+00  0.44046E-03  0.73586E-03  0.90487E-03  0.10067E-02  0.10737E-02  0.11165E-02  0.11464E-02  0.11683E-02  0.11851E-02  0.11986E-02  0.12099E-02  0.12197E-02  0.12285E-02  0.12365E-02  0.12440E-02  0.12509E-02  0.12575E-02  0.12637E-02  0.12695E-02  0.12751E-02  0.12803E-02  0.12853E-02  0.12900E-02  0.12945E-02  0.12987E-02  0.13027E-02  0.13065E-02  0.13100E-02  0.13133E-02  0.13165E-02
NO3        
  0.00000E+00  0.91239E+07  0.72534E+07  0.63757E+07  0.59321E+07  0.56809E+07  0.55514E+07  0.54827E+07  0.54506E+07  0.54409E+07  0.54452E+07  0.54579E+07  0.54757E+07  0.54965E+07  0.55188E+07  0.55418E+07  0.55649E+07  0.55877E+07  0.56102E+07  0.56321E+07  0.56533E+07  0.56739E+07  0.56938E+07  0.57131E+07  0.57317E+07  0.57497E+07  0.57672E+07  0.57840E+07  0.58003E+07  0.58161E+07  0.58313E+07
HNO3       
  0.00000E+00  0.58767E-03  0.13235E-02  0.22596E-02  0.33700E-02  0.46103E-02  0.59795E-02  0.74520E-02  0.90158E-02  0.10661E-01  0.12382E-01  0.14173E-01  0.16027E-01  0.17940E-01  0.19910E-01  0.21928E-01  0.23997E-01  0.26110E-01  0.28266E-01  0.30461E-01  0.32693E-01  0.34961E-01  0.37262E-01  0.39594E-01  0.41956E-01  0.44346E-01  0.46762E-01  0.49202E-01  0.51666E-01  0.54152E-01  0.56659E-01
HO2NO2     
  0.00000E+00  0.83628E-03  0.36740E-02  0.75834E-02  0.11647E-01  0.15544E-01  0.19172E-01  0.22557E-01  0.25721E-01  0.28690E-01  0.31473E-01  0.34088E-01  0.36543E-01  0.38851E-01  0.41017E-01  0.43056E-01  0.44964E-01  0.46754E-01  0.48432E-01  0.50005E-01  0.51476E-01  0.52851E-01  0.54136E-01  0.55335E-01  0.56453E-01  0.57495E-01  0.58464E-01  0.59365E-01  0.60201E-01  0.60977E-01  0.61695E-01
OH         
  0.00000E+00  0.13616E+07  0.18722E+07  0.23722E+07  0.27807E+07  0.31271E+07  0.34189E+07  0.36744E+07  0.39016E+07  0.41061E+07  0.42913E+07  0.44608E+07  0.46168E+07  0.47617E+07  0.48964E+07  0.50230E+07  0.51414E+07  0.52530E+07  0.53584E+07  0.54581E+07  0.55525E+07  0.56420E+07  0.57270E+07  0.58079E+07  0.58848E+07  0.59581E+07  0.60281E+07  0.60948E+07  0.61586E+07  0.62197E+07  0.62781E+07
HO2        
  0.00000E+00  0.34903E+08  0.81552E+08  0.11490E+09  0.13884E+09  0.15888E+09  0.17656E+09  0.19283E+09  0.20798E+09  0.22215E+09  0.23540E+09  0.24782E+09  0.25947E+09  0.27040E+09  0.28064E+09  0.29028E+09  0.29930E+09  0.30777E+09  0.31571E+09  0.32316E+09  0.33014E+09  0.33668E+09  0.34280E+09  0.34853E+09  0.35389E+09  0.35891E+09  0.36359E+09  0.36797E+09  0.37205E+09  0.37586E+09  0.37941E+09
CH3OOH     
  0.00000E+00  0.15038E+04  0.14860E+05  0.49523E+05  0.10658E+06  0.18220E+06  0.27845E+06  0.39355E+06  0.52736E+06  0.67957E+06  0.85070E+06  0.10403E+07  0.12486E+07  0.14749E+07  0.17197E+07  0.19813E+07  0.22614E+07  0.25584E+07  0.28721E+07  0.32022E+07  0.35484E+07  0.39103E+07  0.42875E+07  0.46797E+07  0.50863E+07  0.55071E+07  0.59417E+07  0.63897E+07  0.68506E+07  0.73241E+07  0.78099E+07
HCHO       
  0.50000E+00  0.50249E+00  0.51056E+00  0.52297E+00  0.53846E+00  0.55606E+00  0.57567E+00  0.59681E+00  0.61927E+00  0.64285E+00  0.66744E+00  0.69292E+00  0.71918E+00  0.74614E+00  0.77372E+00  0.80183E+00  0.83046E+00  0.85952E+00  0.88897E+00  0.91875E+00  0.94884E+00  0.97920E+00  0.10098E+01  0.10406E+01  0.10715E+01  0.11026E+01  0.11338E+01  0.11650E+01  0.11964E+01  0.12278E+01  0.12592E+01
CO         
  0.10000E+03  0.10000E+03  0.10000E+03  0.10000E+03  0.10000E+03  0.10000E+03  0.10000E+03  0.10000E+03  0.10000E+03  0.10000E+03  0.10000E+03  0.10000E+03  0.10000E+03  0.10000E+03  0.10000E+03  0.10000E+03  0.10000E+03  0.10000E+03  0.10000E+03  0.10000E+03  0.10000E+03  0.10000E+03  0.10000E+03  0.10000E+03  0.10001E+03  0.10001E+03  0.10001E+03  0.10001E+03  0.10001E+03  0.10001E+03  0.10001E+03
H2O2       
  0.10000E+01  0.99991E+00  0.99981E+00  0.99971E+00  0.99961E+00  0.99952E+00  0.99942E+00  0.99933E+00  0.99925E+00  0.99917E+00  0.99909E+00  0.99901E+00  0.99895E+00  0.99888E+00  0.99882E+00  0.99877E+00  0.99872E+00  0.99868E+00  0.99864E+00  0.99861E+00  0.99857E+00  0.99855E+00  0.99853E+00  0.99851E+00  0.99849E+00  0.99848E+00  0.99847E+00  0.99847E+00  0.99846E+00  0.99846E+00  0.99846E+00
CH3CHO     
  0.00000E+00  0.28365E+03  0.20163E+04  0.65598E+04  0.15023E+05  0.27611E+05  0.45472E+05  0.68578E+05  0.97147E+05  0.13130E+06  0.17140E+06  0.21752E+06  0.26992E+06  0.32862E+06  0.39394E+06  0.46548E+06  0.54407E+06  0.62933E+06  0.72135E+06  0.82020E+06  0.92596E+06  0.10386E+07  0.11583E+07  0.12848E+07  0.14184E+07  0.15588E+07  0.17063E+07  0.18606E+07  0.20218E+07  0.21899E+07  0.23647E+07
CH3O2      
  0.00000E+00  0.23962E+07  0.47244E+07  0.66182E+07  0.79128E+07  0.89036E+07  0.97354E+07  0.10496E+08  0.11206E+08  0.11877E+08  0.12512E+08  0.13117E+08  0.13694E+08  0.14247E+08  0.14777E+08  0.15289E+08  0.15783E+08  0.16259E+08  0.16721E+08  0.17169E+08  0.17604E+08  0.18027E+08  0.18439E+08  0.18840E+08  0.19231E+08  0.19613E+08  0.19986E+08  0.20351E+08  0.20709E+08  0.21059E+08  0.21402E+08
C3H6OHOOH  
  0.00000E+00  0.21779E+00  0.38184E+01  0.17149E+02  0.46320E+02  0.94288E+02  0.16939E+03  0.27508E+03  0.41609E+03  0.59654E+03  0.82259E+03  0.10982E+04  0.14290E+04  0.18179E+04  0.22714E+04  0.27880E+04  0.33787E+04  0.40423E+04  0.47818E+04  0.56001E+04  0.64999E+04  0.74834E+04  0.85522E+04  0.97081E+04  0.10952E+05  0.12286E+05  0.13710E+05  0.15226E+05  0.16833E+05  0.18532E+05  0.20323E+05
CH3COOOH   
  0.00000E+00  0.60181E+03  0.73326E+04  0.24356E+05  0.51590E+05  0.87513E+05  0.13336E+06  0.18835E+06  0.25243E+06  0.32542E+06  0.40756E+06  0.49865E+06  0.59878E+06  0.70767E+06  0.82555E+06  0.95164E+06  0.10868E+07  0.12302E+07  0.13819E+07  0.15417E+07  0.17096E+07  0.18853E+07  0.20687E+07  0.22597E+07  0.24581E+07  0.26637E+07  0.28764E+07  0.30959E+07  0.33223E+07  0.35552E+07  0.37946E+07
PAN        
  0.00000E+00  0.96776E-04  0.47615E-03  0.10476E-02  0.17391E-02  0.25125E-02  0.33683E-02  0.42933E-02  0.52825E-02  0.63313E-02  0.74383E-02  0.85998E-02  0.98144E-02  0.11079E-01  0.12393E-01  0.13751E-01  0.15158E-01  0.16607E-01  0.18099E-01  0.19632E-01  0.21205E-01  0.22818E-01  0.24468E-01  0.26156E-01  0.27880E-01  0.29639E-01  0.31433E-01  0.33261E-01  0.35121E-01  0.37014E-01  0.38938E-01
CH3CO3     
  0.00000E+00  0.64441E+06  0.13768E+07  0.18411E+07  0.21677E+07  0.24397E+07  0.26769E+07  0.28939E+07  0.30958E+07  0.32853E+07  0.34644E+07  0.36348E+07  0.37976E+07  0.39542E+07  0.41051E+07  0.42514E+07  0.43931E+07  0.45311E+07  0.46656E+07  0.47969E+07  0.49253E+07  0.50509E+07  0.51741E+07  0.52949E+07  0.54136E+07  0.55302E+07  0.56449E+07  0.57578E+07  0.58690E+07  0.59786E+07  0.60867E+07
MPAN       
  0.00000E+00  0.26824E+04  0.22041E+05  0.80666E+05  0.20353E+06  0.40350E+06  0.71391E+06  0.11462E+07  0.17158E+07  0.24352E+07  0.33236E+07  0.43925E+07  0.56582E+07  0.71290E+07  0.88242E+07  0.10737E+08  0.12902E+08  0.15315E+08  0.17984E+08  0.20917E+08  0.24124E+08  0.27611E+08  0.31384E+08  0.35448E+08  0.39807E+08  0.44466E+08  0.49431E+08  0.54700E+08  0.60281E+08  0.66173E+08  0.72378E+08
MCO3       
  0.00000E+00  0.79519E+03  0.38000E+04  0.96561E+04  0.18145E+05  0.28943E+05  0.42058E+05  0.57231E+05  0.74347E+05  0.93264E+05  0.11395E+06  0.13624E+06  0.16006E+06  0.18532E+06  0.21194E+06  0.23978E+06  0.26885E+06  0.29902E+06  0.33022E+06  0.36237E+06  0.39543E+06  0.42933E+06  0.46400E+06  0.49938E+06  0.53542E+06  0.57207E+06  0.60928E+06  0.64700E+06  0.68519E+06  0.72381E+06  0.76282E+06
CH2OHCHO   
  0.00000E+00  0.35312E+07  0.16755E+08  0.37502E+08  0.63601E+08  0.93476E+08  0.12705E+09  0.16357E+09  0.20269E+09  0.24413E+09  0.28776E+09  0.33336E+09  0.38084E+09  0.43004E+09  0.48091E+09  0.53325E+09  0.58715E+09  0.64243E+09  0.69905E+09  0.75694E+09  0.81607E+09  0.87637E+09  0.93781E+09  0.10004E+10  0.10639E+10  0.11285E+10  0.11941E+10  0.12607E+10  0.13281E+10  0.13964E+10  0.14656E+10
MACR       
  0.00000E+00  0.17920E-02  0.63718E-02  0.13099E-01  0.21323E-01  0.30575E-01  0.40801E-01  0.51773E-01  0.63380E-01  0.75529E-01  0.88163E-01  0.10122E+00  0.11464E+00  0.12839E+00  0.14243E+00  0.15671E+00  0.17122E+00  0.18592E+00  0.20079E+00  0.21581E+00  0.23095E+00  0.24619E+00  0.26152E+00  0.27692E+00  0.29237E+00  0.30786E+00  0.32337E+00  0.33890E+00  0.35443E+00  0.36994E+00  0.38544E+00
CH3COCHO   
  0.00000E+00  0.10743E+04  0.78130E+04  0.25101E+05  0.56937E+05  0.10432E+06  0.17196E+06  0.26017E+06  0.37004E+06  0.50225E+06  0.65842E+06  0.83904E+06  0.10453E+07  0.12774E+07  0.15368E+07  0.18221E+07  0.21366E+07  0.24791E+07  0.28499E+07  0.32496E+07  0.36786E+07  0.41370E+07  0.46251E+07  0.51430E+07  0.56910E+07  0.62689E+07  0.68771E+07  0.75154E+07  0.81840E+07  0.88825E+07  0.96112E+07
MVK        
  0.00000E+00  0.10415E-02  0.41017E-02  0.87184E-02  0.14422E-01  0.20873E-01  0.28035E-01  0.35742E-01  0.43916E-01  0.52489E-01  0.61422E-01  0.70665E-01  0.80188E-01  0.89953E-01  0.99939E-01  0.11011E+00  0.12046E+00  0.13096E+00  0.14159E+00  0.15234E+00  0.16319E+00  0.17412E+00  0.18513E+00  0.19621E+00  0.20733E+00  0.21850E+00  0.22969E+00  0.24091E+00  0.25214E+00  0.26338E+00  0.27462E+00
C2H5OOH    
  0.00000E+00  0.00000E+00  0.00000E+00  0.00000E+00  0.00000E+00  0.00000E+00  0.00000E+00  0.00000E+00  0.00000E+00  0.00000E+00  0.00000E+00  0.00000E+00  0.00000E+00  0.00000E+00  0.00000E+00  0.00000E+00  0.00000E+00  0.00000E+00  0.00000E+00  0.00000E+00  0.00000E+00  0.00000E+00  0.00000E+00  0.00000E+00  0.00000E+00  0.00000E+00  0.00000E+00  0.00000E+00  0.00000E+00  0.00000E+00  0.00000E+00
C3H7OOH    
  0.00000E+00  0.00000E+00  0.00000E+00  0.00000E+00  0.00000E+00  0.00000E+00  0.00000E+00  0.00000E+00  0.00000E+00  0.00000E+00  0.00000E+00  0.00000E+00  0.00000E+00  0.00000E+00  0.00000E+00  0.00000E+00  0.00000E+00  0.00000E+00  0.00000E+00  0.00000E+00  0.00000E+00  0.00000E+00  0.00000E+00  0.00000E+00  0.00000E+00  0.00000E+00  0.00000E+00  0.00000E+00  0.00000E+00  0.00000E+00  0.00000E+00
CH3COCH3   
  0.00000E+00  0.00000E+00  0.00000E+00  0.00000E+00  0.00000E+00  0.00000E+00  0.00000E+00  0.00000E+00  0.00000E+00  0.00000E+00  0.00000E+00  0.00000E+00  0.00000E+00  0.00000E+00  0.00000E+00  0.00000E+00  0.00000E+00  0.00000E+00  0.00000E+00  0.00000E+00  0.00000E+00  0.00000E+00  0.00000E+00  0.00000E+00  0.00000E+00  0.00000E+00  0.00000E+00  0.00000E+00  0.00000E+00  0.00000E+00  0.00000E+00
CH3COCH2OOH
  0.00000E+00  0.00000E+00  0.00000E+00  0.00000E+00  0.00000E+00  0.00000E+00  0.00000E+00  0.00000E+00  0.00000E+00  0.00000E+00  0.00000E+00  0.00000E+00  0.00000E+00  0.00000E+00  0.00000E+00  0.00000E+00  0.00000E+00  0.00000E+00  0.00000E+00  0.00000E+00  0.00000E+00  0.00000E+00  0.00000E+00  0.00000E+00  0.00000E+00  0.00000E+00  0.00000E+00  0.00000E+00  0.00000E+00  0.00000E+00  0.00000E+00
CH3COCH2O  
  0.00000E+00  0.86744E-20  0.62029E-19  0.19052E-18  0.39509E-18  0.66612E-18  0.99837E-18  0.13799E-17  0.18061E-17  0.22716E-17  0.27739E-17  0.33083E-17  0.38728E-17  0.44642E-17  0.50814E-17  0.57217E-17  0.63842E-17  0.70671E-17  0.77679E-17  0.84858E-17  0.92194E-17  0.99670E-17  0.10727E-16  0.11500E-16  0.12282E-16  0.13074E-16  0.13874E-16  0.14681E-16  0.15495E-16  0.16315E-16  0.17139E-16
CH4        
  0.17000E+04  0.17000E+04  0.17000E+04  0.17000E+04  0.17000E+04  0.17000E+04  0.17000E+04  0.17000E+04  0.17000E+04  0.17000E+04  0.17000E+04  0.17000E+04  0.17000E+04  0.17000E+04  0.17000E+04  0.17000E+04  0.17000E+04  0.17000E+04  0.17000E+04  0.17000E+04  0.17000E+04  0.17000E+04  0.17000E+04  0.17000E+04  0.17000E+04  0.17000E+04  0.17000E+04  0.17000E+04  0.17000E+04  0.17000E+04  0.17000E+04
C2H6       
  0.00000E+00  0.00000E+00  0.00000E+00  0.00000E+00  0.00000E+00  0.00000E+00  0.00000E+00  0.00000E+00  0.00000E+00  0.00000E+00  0.00000E+00  0.00000E+00  0.00000E+00  0.00000E+00  0.00000E+00  0.00000E+00  0.00000E+00  0.00000E+00  0.00000E+00  0.00000E+00  0.00000E+00  0.00000E+00  0.00000E+00  0.00000E+00  0.00000E+00  0.00000E+00  0.00000E+00  0.00000E+00  0.00000E+00  0.00000E+00  0.00000E+00
C2H5O2     
  0.00000E+00  0.00000E+00  0.00000E+00  0.00000E+00  0.00000E+00  0.00000E+00  0.00000E+00  0.00000E+00  0.00000E+00  0.00000E+00  0.00000E+00  0.00000E+00  0.00000E+00  0.00000E+00  0.00000E+00  0.00000E+00  0.00000E+00  0.00000E+00  0.00000E+00  0.00000E+00  0.00000E+00  0.00000E+00  0.00000E+00  0.00000E+00  0.00000E+00  0.00000E+00  0.00000E+00  0.00000E+00  0.00000E+00  0.00000E+00  0.00000E+00
C3H8       
  0.00000E+00  0.00000E+00  0.00000E+00  0.00000E+00  0.00000E+00  0.00000E+00  0.00000E+00  0.00000E+00  0.00000E+00  0.00000E+00  0.00000E+00  0.00000E+00  0.00000E+00  0.00000E+00  0.00000E+00  0.00000E+00  0.00000E+00  0.00000E+00  0.00000E+00  0.00000E+00  0.00000E+00  0.00000E+00  0.00000E+00  0.00000E+00  0.00000E+00  0.00000E+00  0.00000E+00  0.00000E+00  0.00000E+00  0.00000E+00  0.00000E+00
C3H7O2     
  0.00000E+00  0.00000E+00  0.00000E+00  0.00000E+00  0.00000E+00  0.00000E+00  0.00000E+00  0.00000E+00  0.00000E+00  0.00000E+00  0.00000E+00  0.00000E+00  0.00000E+00  0.00000E+00  0.00000E+00  0.00000E+00  0.00000E+00  0.00000E+00  0.00000E+00  0.00000E+00  0.00000E+00  0.00000E+00  0.00000E+00  0.00000E+00  0.00000E+00  0.00000E+00  0.00000E+00  0.00000E+00  0.00000E+00  0.00000E+00  0.00000E+00
CH3COCH2O2 
  0.00000E+00  0.00000E+00  0.00000E+00  0.00000E+00  0.00000E+00  0.00000E+00  0.00000E+00  0.00000E+00  0.00000E+00  0.00000E+00  0.00000E+00  0.00000E+00  0.00000E+00  0.00000E+00  0.00000E+00  0.00000E+00  0.00000E+00  0.00000E+00  0.00000E+00  0.00000E+00  0.00000E+00  0.00000E+00  0.00000E+00  0.00000E+00  0.00000E+00  0.00000E+00  0.00000E+00  0.00000E+00  0.00000E+00  0.00000E+00  0.00000E+00
C4H10      
  0.00000E+00  0.00000E+00  0.00000E+00  0.00000E+00  0.00000E+00  0.00000E+00  0.00000E+00  0.00000E+00  0.00000E+00  0.00000E+00  0.00000E+00  0.00000E+00  0.00000E+00  0.00000E+00  0.00000E+00  0.00000E+00  0.00000E+00  0.00000E+00  0.00000E+00  0.00000E+00  0.00000E+00  0.00000E+00  0.00000E+00  0.00000E+00  0.00000E+00  0.00000E+00  0.00000E+00  0.00000E+00  0.00000E+00  0.00000E+00  0.00000E+00
ISO1       
  0.00000E+00  0.13086E+09  0.18150E+09  0.20217E+09  0.21643E+09  0.22992E+09  0.24338E+09  0.25668E+09  0.26959E+09  0.28195E+09  0.29366E+09  0.30469E+09  0.31501E+09  0.32466E+09  0.33363E+09  0.34200E+09  0.34973E+09  0.35689E+09  0.36350E+09  0.36960E+09  0.37521E+09  0.38036E+09  0.38508E+09  0.38938E+09  0.39331E+09  0.39687E+09  0.40008E+09  0.40298E+09  0.40558E+09  0.40789E+09  0.40994E+09
C3H6       
  0.00000E+00  0.29746E+07  0.59522E+07  0.89262E+07  0.11892E+08  0.14846E+08  0.17785E+08  0.20707E+08  0.23611E+08  0.26497E+08  0.29363E+08  0.32209E+08  0.35034E+08  0.37838E+08  0.40618E+08  0.43378E+08  0.46114E+08  0.48826E+08  0.51516E+08  0.54181E+08  0.56823E+08  0.59440E+08  0.62033E+08  0.64602E+08  0.67146E+08  0.69665E+08  0.72160E+08  0.74630E+08  0.77074E+08  0.79495E+08  0.81890E+08
C3H6OHO2   
  0.00000E+00  0.42864E+03  0.14566E+04  0.28202E+04  0.43647E+04  0.60455E+04  0.78868E+04  0.98740E+04  0.12002E+05  0.14259E+05  0.16639E+05  0.19127E+05  0.21713E+05  0.24386E+05  0.27140E+05  0.29961E+05  0.32847E+05  0.35787E+05  0.38775E+05  0.41805E+05  0.44872E+05  0.47972E+05  0.51099E+05  0.54249E+05  0.57419E+05  0.60604E+05  0.63802E+05  0.67011E+05  0.70227E+05  0.73448E+05  0.76672E+05
ONIT       
  0.00000E+00  0.97509E+07  0.25568E+08  0.45483E+08  0.68494E+08  0.93760E+08  0.12127E+09  0.15056E+09  0.18142E+09  0.21365E+09  0.24715E+09  0.28176E+09  0.31739E+09  0.35392E+09  0.39130E+09  0.42940E+09  0.46822E+09  0.50767E+09  0.54767E+09  0.58819E+09  0.62918E+09  0.67060E+09  0.71240E+09  0.75455E+09  0.79701E+09  0.83975E+09  0.88274E+09  0.92595E+09  0.96936E+09  0.10129E+10  0.10567E+10
CH3COOH    
  0.00000E+00  0.32187E+03  0.38594E+04  0.12786E+05  0.27064E+05  0.45885E+05  0.69887E+05  0.98660E+05  0.13217E+06  0.17034E+06  0.21329E+06  0.26092E+06  0.31329E+06  0.37026E+06  0.43194E+06  0.49794E+06  0.56870E+06  0.64387E+06  0.72340E+06  0.80723E+06  0.89533E+06  0.98762E+06  0.10840E+07  0.11845E+07  0.12889E+07  0.13972E+07  0.15093E+07  0.16252E+07  0.17447E+07  0.18678E+07  0.19944E+07
C2H4       
  0.00000E+00  0.00000E+00  0.00000E+00  0.00000E+00  0.00000E+00  0.00000E+00  0.00000E+00  0.00000E+00  0.00000E+00  0.00000E+00  0.00000E+00  0.00000E+00  0.00000E+00  0.00000E+00  0.00000E+00  0.00000E+00  0.00000E+00  0.00000E+00  0.00000E+00  0.00000E+00  0.00000E+00  0.00000E+00  0.00000E+00  0.00000E+00  0.00000E+00  0.00000E+00  0.00000E+00  0.00000E+00  0.00000E+00  0.00000E+00  0.00000E+00
C5H8       
  0.50000E+01  0.49914E+01  0.49805E+01  0.49665E+01  0.49499E+01  0.49313E+01  0.49107E+01  0.48886E+01  0.48653E+01  0.48408E+01  0.48154E+01  0.47891E+01  0.47620E+01  0.47342E+01  0.47059E+01  0.46770E+01  0.46476E+01  0.46177E+01  0.45875E+01  0.45569E+01  0.45260E+01  0.44948E+01  0.44634E+01  0.44318E+01  0.44001E+01  0.43681E+01  0.43361E+01  0.43039E+01  0.42717E+01  0.42393E+01  0.42070E+01
MOHO2      
  0.00000E+00  0.50467E+04  0.33863E+05  0.99003E+05  0.19887E+06  0.32665E+06  0.48481E+06  0.67014E+06  0.88220E+06  0.11199E+07  0.13834E+07  0.16707E+07  0.19813E+07  0.23136E+07  0.26671E+07  0.30392E+07  0.34307E+07  0.38394E+07  0.42640E+07  0.47038E+07  0.51579E+07  0.56252E+07  0.61048E+07  0.65958E+07  0.70975E+07  0.76088E+07  0.81293E+07  0.86581E+07  0.91946E+07  0.97380E+07  0.10288E+08
TERP       
  0.00000E+00  0.00000E+00  0.00000E+00  0.00000E+00  0.00000E+00  0.00000E+00  0.00000E+00  0.00000E+00  0.00000E+00  0.00000E+00  0.00000E+00  0.00000E+00  0.00000E+00  0.00000E+00  0.00000E+00  0.00000E+00  0.00000E+00  0.00000E+00  0.00000E+00  0.00000E+00  0.00000E+00  0.00000E+00  0.00000E+00  0.00000E+00  0.00000E+00  0.00000E+00  0.00000E+00  0.00000E+00  0.00000E+00  0.00000E+00  0.00000E+00
