NO         
  0.10000E+00  0.16981E+00  0.22210E+00  0.26052E+00  0.28817E+00  0.30776E+00  0.32101E+00  0.32981E+00  0.33503E+00  0.33785E+00  0.33884E+00  0.33870E+00  0.33768E+00  0.33620E+00  0.33433E+00  0.33228E+00  0.33015E+00  0.32800E+00  0.32587E+00  0.32380E+00  0.32183E+00  0.31995E+00  0.31817E+00  0.31648E+00  0.31488E+00  0.31337E+00  0.31194E+00  0.31058E+00  0.30929E+00  0.30807E+00  0.30691E+00
NO2        
  0.10000E+01  0.92970E+00  0.87662E+00  0.83712E+00  0.80813E+00  0.78704E+00  0.77217E+00  0.76167E+00  0.75470E+00  0.75008E+00  0.74727E+00  0.74556E+00  0.74472E+00  0.74433E+00  0.74433E+00  0.74450E+00  0.74474E+00  0.74501E+00  0.74526E+00  0.74544E+00  0.74553E+00  0.74553E+00  0.74543E+00  0.74524E+00  0.74495E+00  0.74458E+00  0.74413E+00  0.74360E+00  0.74300E+00  0.74233E+00  0.74160E+00
O3         
  0.40000E+02  0.40068E+02  0.40121E+02  0.40161E+02  0.40193E+02  0.40219E+02  0.40240E+02  0.40258E+02  0.40275E+02  0.40290E+02  0.40304E+02  0.40318E+02  0.40332E+02  0.40346E+02  0.40360E+02  0.40375E+02  0.40390E+02  0.40405E+02  0.40421E+02  0.40437E+02  0.40453E+02  0.40470E+02  0.40487E+02  0.40504E+02  0.40521E+02  0.40539E+02  0.40557E+02  0.40575E+02  0.40593E+02  0.40611E+02  0.40629E+02
O1D        
  0.00000E+00  0.51558E-01  0.51625E-01  0.51677E-01  0.51718E-01  0.51751E-01  0.51779E-01  0.51802E-01  0.51823E-01  0.51842E-01  0.51861E-01  0.51879E-01  0.51897E-01  0.51915E-01  0.51933E-01  0.51952E-01  0.51972E-01  0.51991E-01  0.52011E-01  0.52032E-01  0.52053E-01  0.52075E-01  0.52096E-01  0.52118E-01  0.52141E-01  0.52163E-01  0.52186E-01  0.52209E-01  0.52232E-01  0.52256E-01  0.52279E-01
O3P        
  0.00000E+00  0.82603E+04  0.81114E+04  0.80008E+04  0.79200E+04  0.78615E+04  0.78207E+04  0.77923E+04  0.77740E+04  0.77625E+04  0.77562E+04  0.77531E+04  0.77525E+04  0.77533E+04  0.77552E+04  0.77578E+04  0.77605E+04  0.77634E+04  0.77663E+04  0.77690E+04  0.77715E+04  0.77738E+04  0.77758E+04  0.77776E+04  0.77792E+04  0.77805E+04  0.77816E+04  0.77825E+04  0.77832E+04  0.77837E+04  0.77841E+04
N2O5       
  0.00000E+00  0.13937E-04  0.27221E-04  0.35626E-04  0.40853E-04  0.44100E-04  0.46043E-04  0.47210E-04  0.47848E-04  0.48198E-04  0.48374E-04  0.48474E-04  0.48540E-04  0.48601E-04  0.48678E-04  0.48773E-04  0.48887E-04  0.49020E-04  0.49171E-04  0.49336E-04  0.49511E-04  0.49690E-04  0.49868E-04  0.50042E-04  0.50210E-04  0.50370E-04  0.50520E-04  0.50660E-04  0.50788E-04  0.50905E-04  0.51010E-04
NO3        
  0.00000E+00  0.17832E+07  0.16035E+07  0.14338E+07  0.13236E+07  0.12505E+07  0.12026E+07  0.11707E+07  0.11510E+07  0.11392E+07  0.11334E+07  0.11312E+07  0.11320E+07  0.11343E+07  0.11380E+07  0.11424E+07  0.11472E+07  0.11522E+07  0.11572E+07  0.11621E+07  0.11668E+07  0.11713E+07  0.11755E+07  0.11794E+07  0.11831E+07  0.11865E+07  0.11897E+07  0.11926E+07  0.11953E+07  0.11977E+07  0.12000E+07
HNO3       
  0.00000E+00  0.21113E-03  0.44565E-03  0.71297E-03  0.10201E-02  0.13674E-02  0.17547E-02  0.21768E-02  0.26339E-02  0.31203E-02  0.36357E-02  0.41739E-02  0.47363E-02  0.53150E-02  0.59157E-02  0.65321E-02  0.71608E-02  0.78029E-02  0.84571E-02  0.91242E-02  0.98040E-02  0.10493E-01  0.11191E-01  0.11898E-01  0.12612E-01  0.13332E-01  0.14060E-01  0.14793E-01  0.15533E-01  0.16277E-01  0.17027E-01
HO2NO2     
  0.00000E+00  0.15302E-03  0.56612E-03  0.11729E-02  0.19046E-02  0.26997E-02  0.35144E-02  0.43209E-02  0.51005E-02  0.58459E-02  0.65494E-02  0.72147E-02  0.78345E-02  0.84213E-02  0.89598E-02  0.94616E-02  0.99334E-02  0.10371E-01  0.10776E-01  0.11146E-01  0.11480E-01  0.11785E-01  0.12065E-01  0.12321E-01  0.12554E-01  0.12766E-01  0.12959E-01  0.13133E-01  0.13291E-01  0.13434E-01  0.13562E-01
OH         
  0.00000E+00  0.23844E+07  0.28240E+07  0.33955E+07  0.40180E+07  0.46340E+07  0.52087E+07  0.57343E+07  0.62016E+07  0.66180E+07  0.69839E+07  0.73107E+07  0.75979E+07  0.78590E+07  0.80876E+07  0.82942E+07  0.84845E+07  0.86579E+07  0.88171E+07  0.89619E+07  0.90941E+07  0.92171E+07  0.93321E+07  0.94400E+07  0.95417E+07  0.96379E+07  0.97291E+07  0.98158E+07  0.98986E+07  0.99777E+07  0.10054E+08
HO2        
  0.00000E+00  0.27895E+08  0.60104E+08  0.94348E+08  0.12763E+09  0.15854E+09  0.18659E+09  0.21211E+09  0.23513E+09  0.25606E+09  0.27499E+09  0.29232E+09  0.30797E+09  0.32249E+09  0.33548E+09  0.34737E+09  0.35841E+09  0.36851E+09  0.37777E+09  0.38614E+09  0.39365E+09  0.40051E+09  0.40678E+09  0.41252E+09  0.41776E+09  0.42255E+09  0.42694E+09  0.43094E+09  0.43461E+09  0.43795E+09  0.44102E+09
CH3OOH     
  0.00000E+00  0.24753E+04  0.20397E+05  0.69209E+05  0.16224E+06  0.30772E+06  0.51498E+06  0.78332E+06  0.11212E+07  0.15244E+07  0.19985E+07  0.25337E+07  0.31390E+07  0.37947E+07  0.45236E+07  0.53076E+07  0.61370E+07  0.70186E+07  0.79493E+07  0.89347E+07  0.99762E+07  0.11062E+08  0.12190E+08  0.13358E+08  0.14564E+08  0.15807E+08  0.17085E+08  0.18397E+08  0.19742E+08  0.21117E+08  0.22521E+08
HCHO       
  0.50000E+00  0.49993E+00  0.50085E+00  0.50286E+00  0.50590E+00  0.50982E+00  0.51457E+00  0.51999E+00  0.52604E+00  0.53260E+00  0.53963E+00  0.54700E+00  0.55471E+00  0.56263E+00  0.57082E+00  0.57917E+00  0.58764E+00  0.59623E+00  0.60492E+00  0.61368E+00  0.62252E+00  0.63138E+00  0.64027E+00  0.64917E+00  0.65807E+00  0.66696E+00  0.67583E+00  0.68468E+00  0.69350E+00  0.70228E+00  0.71102E+00
CO         
  0.10000E+03  0.10000E+03  0.10000E+03  0.10000E+03  0.10000E+03  0.99999E+02  0.99999E+02  0.99998E+02  0.99998E+02  0.99997E+02  0.99996E+02  0.99996E+02  0.99995E+02  0.99994E+02  0.99993E+02  0.99992E+02  0.99991E+02  0.99990E+02  0.99989E+02  0.99989E+02  0.99988E+02  0.99987E+02  0.99986E+02  0.99985E+02  0.99984E+02  0.99983E+02  0.99982E+02  0.99981E+02  0.99980E+02  0.99979E+02  0.99978E+02
H2O2       
  0.10000E+01  0.99989E+00  0.99977E+00  0.99966E+00  0.99953E+00  0.99941E+00  0.99929E+00  0.99918E+00  0.99907E+00  0.99896E+00  0.99886E+00  0.99877E+00  0.99869E+00  0.99861E+00  0.99854E+00  0.99848E+00  0.99842E+00  0.99837E+00  0.99833E+00  0.99829E+00  0.99826E+00  0.99823E+00  0.99821E+00  0.99819E+00  0.99817E+00  0.99816E+00  0.99816E+00  0.99815E+00  0.99815E+00  0.99815E+00  0.99815E+00
CH3CHO     
  0.00000E+00  0.18353E+02  0.13861E+03  0.48601E+03  0.11994E+04  0.23948E+04  0.42175E+04  0.67118E+04  0.10027E+05  0.14163E+05  0.19241E+05  0.25166E+05  0.32116E+05  0.39825E+05  0.48697E+05  0.58484E+05  0.69051E+05  0.80541E+05  0.92938E+05  0.10639E+06  0.12098E+06  0.13653E+06  0.15302E+06  0.17044E+06  0.18880E+06  0.20806E+06  0.22825E+06  0.24933E+06  0.27131E+06  0.29418E+06  0.31791E+06
CH3O2      
  0.00000E+00  0.44821E+07  0.84224E+07  0.11945E+08  0.15194E+08  0.18211E+08  0.20994E+08  0.23568E+08  0.25930E+08  0.28116E+08  0.30131E+08  0.32013E+08  0.33756E+08  0.35405E+08  0.36931E+08  0.38368E+08  0.39737E+08  0.41032E+08  0.42262E+08  0.43424E+08  0.44519E+08  0.45564E+08  0.46565E+08  0.47526E+08  0.48449E+08  0.49340E+08  0.50200E+08  0.51032E+08  0.51839E+08  0.52622E+08  0.53385E+08
C3H6OHOOH  
  0.00000E+00  0.38709E-01  0.64443E+00  0.33528E+01  0.10671E+02  0.25457E+02  0.51691E+02  0.91881E+02  0.15117E+03  0.23163E+03  0.33864E+03  0.47140E+03  0.63770E+03  0.83011E+03  0.10652E+04  0.13350E+04  0.16358E+04  0.19746E+04  0.23518E+04  0.27749E+04  0.32488E+04  0.37659E+04  0.43263E+04  0.49303E+04  0.55783E+04  0.62699E+04  0.70056E+04  0.77851E+04  0.86081E+04  0.94745E+04  0.10384E+05
CH3COOOH   
  0.00000E+00  0.23319E+03  0.31378E+04  0.13090E+05  0.33920E+05  0.67782E+05  0.11693E+06  0.18118E+06  0.26262E+06  0.36028E+06  0.47559E+06  0.60616E+06  0.75437E+06  0.91530E+06  0.10949E+07  0.12887E+07  0.14942E+07  0.17134E+07  0.19457E+07  0.21926E+07  0.24548E+07  0.27294E+07  0.30160E+07  0.33142E+07  0.36236E+07  0.39440E+07  0.42752E+07  0.46167E+07  0.49684E+07  0.53300E+07  0.57012E+07
PAN        
  0.00000E+00  0.83063E-05  0.51708E-04  0.13504E-03  0.25269E-03  0.39833E-03  0.56915E-03  0.76099E-03  0.97410E-03  0.12056E-02  0.14560E-02  0.17221E-02  0.20055E-02  0.23011E-02  0.26143E-02  0.29406E-02  0.32776E-02  0.36270E-02  0.39881E-02  0.43622E-02  0.47501E-02  0.51489E-02  0.55585E-02  0.59784E-02  0.64083E-02  0.68481E-02  0.72976E-02  0.77564E-02  0.82245E-02  0.87015E-02  0.91873E-02
CH3CO3     
  0.00000E+00  0.30403E+06  0.88890E+06  0.14789E+07  0.20049E+07  0.24693E+07  0.28848E+07  0.32647E+07  0.36120E+07  0.39337E+07  0.42314E+07  0.45108E+07  0.47715E+07  0.50200E+07  0.52532E+07  0.54756E+07  0.56900E+07  0.58964E+07  0.60956E+07  0.62880E+07  0.64738E+07  0.66547E+07  0.68314E+07  0.70044E+07  0.71741E+07  0.73409E+07  0.75049E+07  0.76665E+07  0.78260E+07  0.79834E+07  0.81390E+07
MPAN       
  0.00000E+00  0.30247E+03  0.30376E+04  0.12289E+05  0.33710E+05  0.73237E+05  0.13927E+06  0.23669E+06  0.37646E+06  0.56275E+06  0.80709E+06  0.11076E+07  0.14811E+07  0.19113E+07  0.24342E+07  0.30326E+07  0.36984E+07  0.44465E+07  0.52780E+07  0.62093E+07  0.72522E+07  0.83899E+07  0.96239E+07  0.10955E+08  0.12384E+08  0.13912E+08  0.15540E+08  0.17267E+08  0.19094E+08  0.21021E+08  0.23048E+08
MCO3       
  0.00000E+00  0.50500E+03  0.27858E+04  0.80279E+04  0.17250E+05  0.31033E+05  0.49797E+05  0.73317E+05  0.10172E+06  0.13443E+06  0.17138E+06  0.21170E+06  0.25565E+06  0.30200E+06  0.35156E+06  0.40291E+06  0.45624E+06  0.51155E+06  0.56842E+06  0.62678E+06  0.68620E+06  0.74651E+06  0.80767E+06  0.86959E+06  0.93215E+06  0.99527E+06  0.10588E+07  0.11228E+07  0.11871E+07  0.12516E+07  0.13164E+07
CH2OHCHO   
  0.00000E+00  0.59132E+06  0.28340E+07  0.69006E+07  0.12671E+08  0.19938E+08  0.28602E+08  0.38432E+08  0.49411E+08  0.61344E+08  0.74202E+08  0.87789E+08  0.10214E+09  0.11701E+09  0.13259E+09  0.14866E+09  0.16514E+09  0.18206E+09  0.19938E+09  0.21715E+09  0.23536E+09  0.25393E+09  0.27283E+09  0.29204E+09  0.31156E+09  0.33138E+09  0.35147E+09  0.37184E+09  0.39247E+09  0.41335E+09  0.43448E+09
MACR       
  0.00000E+00  0.24777E-03  0.97164E-03  0.22207E-02  0.39572E-02  0.61157E-02  0.86593E-02  0.11515E-01  0.14665E-01  0.18047E-01  0.21642E-01  0.25391E-01  0.29288E-01  0.33277E-01  0.37374E-01  0.41539E-01  0.45750E-01  0.50003E-01  0.54287E-01  0.58595E-01  0.62915E-01  0.67235E-01  0.71551E-01  0.75855E-01  0.80143E-01  0.84410E-01  0.88652E-01  0.92865E-01  0.97047E-01  0.10120E+00  0.10531E+00
CH3COCHO   
  0.00000E+00  0.90153E+02  0.69446E+03  0.23969E+04  0.57775E+04  0.11280E+05  0.19483E+05  0.30561E+05  0.45175E+05  0.63389E+05  0.85804E+05  0.11208E+06  0.14313E+06  0.17776E+06  0.21799E+06  0.26268E+06  0.31125E+06  0.36443E+06  0.42218E+06  0.48531E+06  0.55434E+06  0.62833E+06  0.70727E+06  0.79114E+06  0.87996E+06  0.97369E+06  0.10723E+07  0.11758E+07  0.12842E+07  0.13974E+07  0.15153E+07
MVK        
  0.00000E+00  0.15386E-03  0.65266E-03  0.15322E-02  0.27654E-02  0.43054E-02  0.61258E-02  0.81739E-02  0.10438E-01  0.12874E-01  0.15466E-01  0.18174E-01  0.20993E-01  0.23882E-01  0.26855E-01  0.29881E-01  0.32944E-01  0.36043E-01  0.39168E-01  0.42316E-01  0.45479E-01  0.48647E-01  0.51817E-01  0.54984E-01  0.58144E-01  0.61294E-01  0.64432E-01  0.67554E-01  0.70659E-01  0.73744E-01  0.76808E-01
C2H5OOH    
  0.00000E+00  0.00000E+00  0.00000E+00  0.00000E+00  0.00000E+00  0.00000E+00  0.00000E+00  0.00000E+00  0.00000E+00  0.00000E+00  0.00000E+00  0.00000E+00  0.00000E+00  0.00000E+00  0.00000E+00  0.00000E+00  0.00000E+00  0.00000E+00  0.00000E+00  0.00000E+00  0.00000E+00  0.00000E+00  0.00000E+00  0.00000E+00  0.00000E+00  0.00000E+00  0.00000E+00  0.00000E+00  0.00000E+00  0.00000E+00  0.00000E+00
C3H7OOH    
  0.00000E+00  0.00000E+00  0.00000E+00  0.00000E+00  0.00000E+00  0.00000E+00  0.00000E+00  0.00000E+00  0.00000E+00  0.00000E+00  0.00000E+00  0.00000E+00  0.00000E+00  0.00000E+00  0.00000E+00  0.00000E+00  0.00000E+00  0.00000E+00  0.00000E+00  0.00000E+00  0.00000E+00  0.00000E+00  0.00000E+00  0.00000E+00  0.00000E+00  0.00000E+00  0.00000E+00  0.00000E+00  0.00000E+00  0.00000E+00  0.00000E+00
CH3COCH3   
  0.00000E+00  0.00000E+00  0.00000E+00  0.00000E+00  0.00000E+00  0.00000E+00  0.00000E+00  0.00000E+00  0.00000E+00  0.00000E+00  0.00000E+00  0.00000E+00  0.00000E+00  0.00000E+00  0.00000E+00  0.00000E+00  0.00000E+00  0.00000E+00  0.00000E+00  0.00000E+00  0.00000E+00  0.00000E+00  0.00000E+00  0.00000E+00  0.00000E+00  0.00000E+00  0.00000E+00  0.00000E+00  0.00000E+00  0.00000E+00  0.00000E+00
CH3COCH2OOH
  0.00000E+00  0.00000E+00  0.00000E+00  0.00000E+00  0.00000E+00  0.00000E+00  0.00000E+00  0.00000E+00  0.00000E+00  0.00000E+00  0.00000E+00  0.00000E+00  0.00000E+00  0.00000E+00  0.00000E+00  0.00000E+00  0.00000E+00  0.00000E+00  0.00000E+00  0.00000E+00  0.00000E+00  0.00000E+00  0.00000E+00  0.00000E+00  0.00000E+00  0.00000E+00  0.00000E+00  0.00000E+00  0.00000E+00  0.00000E+00  0.00000E+00
CH3COCH2O  
  0.00000E+00  0.20255E-20  0.14597E-19  0.49164E-19  0.11641E-18  0.22541E-18  0.37928E-18  0.57186E-18  0.80631E-18  0.10743E-17  0.13738E-17  0.16967E-17  0.20427E-17  0.24033E-17  0.27819E-17  0.31697E-17  0.35673E-17  0.39743E-17  0.43877E-17  0.48076E-17  0.52320E-17  0.56593E-17  0.60896E-17  0.65224E-17  0.69573E-17  0.73935E-17  0.78307E-17  0.82686E-17  0.87067E-17  0.91448E-17  0.95825E-17
CH4        
  0.17000E+04  0.17000E+04  0.17000E+04  0.17000E+04  0.17000E+04  0.17000E+04  0.17000E+04  0.17000E+04  0.17000E+04  0.17000E+04  0.17000E+04  0.17000E+04  0.17000E+04  0.17000E+04  0.17000E+04  0.17000E+04  0.17000E+04  0.17000E+04  0.17000E+04  0.17000E+04  0.17000E+04  0.17000E+04  0.17000E+04  0.17000E+04  0.17000E+04  0.17000E+04  0.17000E+04  0.17000E+04  0.17000E+04  0.17000E+04  0.17000E+04
C2H6       
  0.00000E+00  0.00000E+00  0.00000E+00  0.00000E+00  0.00000E+00  0.00000E+00  0.00000E+00  0.00000E+00  0.00000E+00  0.00000E+00  0.00000E+00  0.00000E+00  0.00000E+00  0.00000E+00  0.00000E+00  0.00000E+00  0.00000E+00  0.00000E+00  0.00000E+00  0.00000E+00  0.00000E+00  0.00000E+00  0.00000E+00  0.00000E+00  0.00000E+00  0.00000E+00  0.00000E+00  0.00000E+00  0.00000E+00  0.00000E+00  0.00000E+00
C2H5O2     
  0.00000E+00  0.00000E+00  0.00000E+00  0.00000E+00  0.00000E+00  0.00000E+00  0.00000E+00  0.00000E+00  0.00000E+00  0.00000E+00  0.00000E+00  0.00000E+00  0.00000E+00  0.00000E+00  0.00000E+00  0.00000E+00  0.00000E+00  0.00000E+00  0.00000E+00  0.00000E+00  0.00000E+00  0.00000E+00  0.00000E+00  0.00000E+00  0.00000E+00  0.00000E+00  0.00000E+00  0.00000E+00  0.00000E+00  0.00000E+00  0.00000E+00
C3H8       
  0.00000E+00  0.00000E+00  0.00000E+00  0.00000E+00  0.00000E+00  0.00000E+00  0.00000E+00  0.00000E+00  0.00000E+00  0.00000E+00  0.00000E+00  0.00000E+00  0.00000E+00  0.00000E+00  0.00000E+00  0.00000E+00  0.00000E+00  0.00000E+00  0.00000E+00  0.00000E+00  0.00000E+00  0.00000E+00  0.00000E+00  0.00000E+00  0.00000E+00  0.00000E+00  0.00000E+00  0.00000E+00  0.00000E+00  0.00000E+00  0.00000E+00
C3H7O2     
  0.00000E+00  0.00000E+00  0.00000E+00  0.00000E+00  0.00000E+00  0.00000E+00  0.00000E+00  0.00000E+00  0.00000E+00  0.00000E+00  0.00000E+00  0.00000E+00  0.00000E+00  0.00000E+00  0.00000E+00  0.00000E+00  0.00000E+00  0.00000E+00  0.00000E+00  0.00000E+00  0.00000E+00  0.00000E+00  0.00000E+00  0.00000E+00  0.00000E+00  0.00000E+00  0.00000E+00  0.00000E+00  0.00000E+00  0.00000E+00  0.00000E+00
CH3COCH2O2 
  0.00000E+00  0.00000E+00  0.00000E+00  0.00000E+00  0.00000E+00  0.00000E+00  0.00000E+00  0.00000E+00  0.00000E+00  0.00000E+00  0.00000E+00  0.00000E+00  0.00000E+00  0.00000E+00  0.00000E+00  0.00000E+00  0.00000E+00  0.00000E+00  0.00000E+00  0.00000E+00  0.00000E+00  0.00000E+00  0.00000E+00  0.00000E+00  0.00000E+00  0.00000E+00  0.00000E+00  0.00000E+00  0.00000E+00  0.00000E+00  0.00000E+00
C4H10      
  0.00000E+00  0.00000E+00  0.00000E+00  0.00000E+00  0.00000E+00  0.00000E+00  0.00000E+00  0.00000E+00  0.00000E+00  0.00000E+00  0.00000E+00  0.00000E+00  0.00000E+00  0.00000E+00  0.00000E+00  0.00000E+00  0.00000E+00  0.00000E+00  0.00000E+00  0.00000E+00  0.00000E+00  0.00000E+00  0.00000E+00  0.00000E+00  0.00000E+00  0.00000E+00  0.00000E+00  0.00000E+00  0.00000E+00  0.00000E+00  0.00000E+00
ISO1       
  0.00000E+00  0.56808E+08  0.10164E+09  0.13518E+09  0.16163E+09  0.18395E+09  0.20354E+09  0.22124E+09  0.23721E+09  0.25175E+09  0.26483E+09  0.27672E+09  0.28731E+09  0.29700E+09  0.30542E+09  0.31294E+09  0.31974E+09  0.32573E+09  0.33099E+09  0.33547E+09  0.33921E+09  0.34240E+09  0.34508E+09  0.34729E+09  0.34908E+09  0.35047E+09  0.35152E+09  0.35224E+09  0.35267E+09  0.35283E+09  0.35275E+09
C3H6       
  0.00000E+00  0.29685E+06  0.59298E+06  0.88804E+06  0.11816E+07  0.14734E+07  0.17630E+07  0.20502E+07  0.23345E+07  0.26160E+07  0.28941E+07  0.31693E+07  0.34408E+07  0.37095E+07  0.39739E+07  0.42350E+07  0.44931E+07  0.47478E+07  0.49991E+07  0.52463E+07  0.54891E+07  0.57282E+07  0.59637E+07  0.61954E+07  0.64235E+07  0.66479E+07  0.68686E+07  0.70856E+07  0.72990E+07  0.75087E+07  0.77149E+07
C3H6OHO2   
  0.00000E+00  0.89031E+02  0.34537E+03  0.75596E+03  0.13118E+04  0.19983E+04  0.28042E+04  0.37062E+04  0.46971E+04  0.57572E+04  0.68804E+04  0.80502E+04  0.92668E+04  0.10513E+05  0.11797E+05  0.13101E+05  0.14423E+05  0.15765E+05  0.17122E+05  0.18490E+05  0.19862E+05  0.21233E+05  0.22604E+05  0.23973E+05  0.25339E+05  0.26701E+05  0.28059E+05  0.29410E+05  0.30754E+05  0.32091E+05  0.33421E+05
ONIT       
  0.00000E+00  0.63958E+06  0.24768E+07  0.55456E+07  0.97654E+07  0.14990E+08  0.21142E+08  0.28053E+08  0.35693E+08  0.43919E+08  0.52689E+08  0.61870E+08  0.71457E+08  0.81308E+08  0.91485E+08  0.10188E+09  0.11244E+09  0.12316E+09  0.13402E+09  0.14502E+09  0.15613E+09  0.16732E+09  0.17857E+09  0.18987E+09  0.20122E+09  0.21259E+09  0.22399E+09  0.23540E+09  0.24681E+09  0.25823E+09  0.26964E+09
CH3COOH    
  0.00000E+00  0.13588E+03  0.18011E+04  0.74233E+04  0.19084E+05  0.37946E+05  0.65248E+05  0.10089E+06  0.14603E+06  0.20016E+06  0.26408E+06  0.33649E+06  0.41873E+06  0.50808E+06  0.60790E+06  0.71568E+06  0.83012E+06  0.95228E+06  0.10818E+07  0.12198E+07  0.13665E+07  0.15204E+07  0.16811E+07  0.18487E+07  0.20228E+07  0.22034E+07  0.23904E+07  0.25835E+07  0.27827E+07  0.29879E+07  0.31989E+07
C2H4       
  0.00000E+00  0.00000E+00  0.00000E+00  0.00000E+00  0.00000E+00  0.00000E+00  0.00000E+00  0.00000E+00  0.00000E+00  0.00000E+00  0.00000E+00  0.00000E+00  0.00000E+00  0.00000E+00  0.00000E+00  0.00000E+00  0.00000E+00  0.00000E+00  0.00000E+00  0.00000E+00  0.00000E+00  0.00000E+00  0.00000E+00  0.00000E+00  0.00000E+00  0.00000E+00  0.00000E+00  0.00000E+00  0.00000E+00  0.00000E+00  0.00000E+00
C5H8       
  0.10000E+01  0.99729E+00  0.99412E+00  0.99034E+00  0.98587E+00  0.98071E+00  0.97487E+00  0.96846E+00  0.96150E+00  0.95410E+00  0.94630E+00  0.93820E+00  0.92981E+00  0.92124E+00  0.91245E+00  0.90352E+00  0.89450E+00  0.88538E+00  0.87618E+00  0.86692E+00  0.85761E+00  0.84828E+00  0.83893E+00  0.82959E+00  0.82025E+00  0.81093E+00  0.80163E+00  0.79236E+00  0.78313E+00  0.77393E+00  0.76478E+00
MOHO2      
  0.00000E+00  0.14071E+04  0.10945E+05  0.38681E+05  0.95170E+05  0.18793E+06  0.32447E+06  0.50453E+06  0.73308E+06  0.10058E+07  0.13245E+07  0.16812E+07  0.20796E+07  0.25068E+07  0.29738E+07  0.34673E+07  0.39835E+07  0.45251E+07  0.50889E+07  0.56751E+07  0.62801E+07  0.68984E+07  0.75289E+07  0.81703E+07  0.88214E+07  0.94811E+07  0.10148E+08  0.10821E+08  0.11500E+08  0.12183E+08  0.12870E+08
TERP       
  0.00000E+00  0.00000E+00  0.00000E+00  0.00000E+00  0.00000E+00  0.00000E+00  0.00000E+00  0.00000E+00  0.00000E+00  0.00000E+00  0.00000E+00  0.00000E+00  0.00000E+00  0.00000E+00  0.00000E+00  0.00000E+00  0.00000E+00  0.00000E+00  0.00000E+00  0.00000E+00  0.00000E+00  0.00000E+00  0.00000E+00  0.00000E+00  0.00000E+00  0.00000E+00  0.00000E+00  0.00000E+00  0.00000E+00  0.00000E+00  0.00000E+00
