================================================================================
 case2                                                                                               
 Short sim name = case2           
================================================================================
    t-t0      NO            NO2           O3            OH            HO2           CO            H2O2          HNO3          HCHO          ISOP          ISOPRD
     0.0  0.100000E+00  0.500000E+01  0.800000E+02  0.000000E+00  0.000000E+00  0.100000E+03  0.100000E+01  0.000000E+00  0.500000E+00  0.500000E+01  0.000000E+00
    10.0  0.463273E+00  0.463369E+01  0.803589E+02  0.132529E+07  0.236093E+08  0.100000E+03  0.999906E+00  0.590142E-03  0.500926E+00  0.499204E+01  0.170514E-02
    20.0  0.695828E+00  0.439711E+01  0.805934E+02  0.171170E+07  0.563690E+08  0.100000E+03  0.999810E+00  0.127937E-02  0.504106E+00  0.498260E+01  0.656913E-02
    30.0  0.841621E+00  0.424611E+01  0.807480E+02  0.214894E+07  0.847430E+08  0.100001E+03  0.999717E+00  0.212877E-02  0.509557E+00  0.497094E+01  0.146568E-01
    40.0  0.931821E+00  0.415008E+01  0.808525E+02  0.253444E+07  0.106811E+09  0.100001E+03  0.999627E+00  0.313127E-02  0.516778E+00  0.495713E+01  0.252663E-01
    50.0  0.985275E+00  0.409051E+01  0.809250E+02  0.285275E+07  0.124449E+09  0.100001E+03  0.999542E+00  0.426868E-02  0.525391E+00  0.494144E+01  0.378553E-01
    60.0  0.101720E+01  0.405240E+01  0.809794E+02  0.312056E+07  0.139488E+09  0.100001E+03  0.999463E+00  0.551216E-02  0.535005E+00  0.492428E+01  0.518662E-01
    70.0  0.103519E+01  0.402823E+01  0.810228E+02  0.334832E+07  0.152721E+09  0.100000E+03  0.999390E+00  0.684836E-02  0.545440E+00  0.490588E+01  0.670372E-01
    80.0  0.104473E+01  0.401253E+01  0.810601E+02  0.354685E+07  0.164667E+09  0.100000E+03  0.999323E+00  0.826197E-02  0.556523E+00  0.488648E+01  0.831226E-01
    90.0  0.104851E+01  0.400263E+01  0.810939E+02  0.371950E+07  0.175479E+09  0.100000E+03  0.999263E+00  0.975152E-02  0.568210E+00  0.486612E+01  0.100057E+00
   100.0  0.104917E+01  0.399589E+01  0.811262E+02  0.387421E+07  0.185428E+09  0.100000E+03  0.999209E+00  0.113019E-01  0.580361E+00  0.484503E+01  0.117638E+00
   110.0  0.104784E+01  0.399118E+01  0.811581E+02  0.401368E+07  0.194589E+09  0.999999E+02  0.999163E+00  0.129093E-01  0.592927E+00  0.482328E+01  0.135797E+00
   120.0  0.104529E+01  0.398773E+01  0.811903E+02  0.413975E+07  0.203008E+09  0.999998E+02  0.999123E+00  0.145709E-01  0.605875E+00  0.480092E+01  0.154481E+00
   130.0  0.104211E+01  0.398494E+01  0.812230E+02  0.425552E+07  0.210807E+09  0.999996E+02  0.999090E+00  0.162781E-01  0.619129E+00  0.477807E+01  0.173583E+00
   140.0  0.103859E+01  0.398254E+01  0.812565E+02  0.436182E+07  0.218004E+09  0.999995E+02  0.999063E+00  0.180296E-01  0.632669E+00  0.475476E+01  0.193072E+00
   150.0  0.103492E+01  0.398032E+01  0.812908E+02  0.446006E+07  0.224660E+09  0.999994E+02  0.999042E+00  0.198209E-01  0.646456E+00  0.473105E+01  0.212890E+00
   160.0  0.103122E+01  0.397815E+01  0.813260E+02  0.455123E+07  0.230821E+09  0.999993E+02  0.999027E+00  0.216489E-01  0.660460E+00  0.470699E+01  0.232993E+00
   170.0  0.102758E+01  0.397597E+01  0.813621E+02  0.463604E+07  0.236519E+09  0.999992E+02  0.999018E+00  0.235114E-01  0.674656E+00  0.468262E+01  0.253345E+00
   180.0  0.102402E+01  0.397372E+01  0.813990E+02  0.471518E+07  0.241792E+09  0.999991E+02  0.999014E+00  0.254055E-01  0.689022E+00  0.465796E+01  0.273911E+00
   190.0  0.102058E+01  0.397139E+01  0.814366E+02  0.478924E+07  0.246675E+09  0.999990E+02  0.999015E+00  0.273291E-01  0.703534E+00  0.463307E+01  0.294658E+00
   200.0  0.101727E+01  0.396896E+01  0.814750E+02  0.485865E+07  0.251193E+09  0.999990E+02  0.999021E+00  0.292803E-01  0.718177E+00  0.460795E+01  0.315561E+00
   210.0  0.101407E+01  0.396643E+01  0.815141E+02  0.492396E+07  0.255385E+09  0.999990E+02  0.999031E+00  0.312566E-01  0.732930E+00  0.458266E+01  0.336590E+00
   220.0  0.101100E+01  0.396380E+01  0.815537E+02  0.498558E+07  0.259278E+09  0.999989E+02  0.999045E+00  0.332561E-01  0.747776E+00  0.455720E+01  0.357723E+00
   230.0  0.100804E+01  0.396108E+01  0.815939E+02  0.504374E+07  0.262888E+09  0.999990E+02  0.999064E+00  0.352780E-01  0.762705E+00  0.453160E+01  0.378941E+00
   240.0  0.100520E+01  0.395825E+01  0.816346E+02  0.509866E+07  0.266230E+09  0.999990E+02  0.999086E+00  0.373212E-01  0.777706E+00  0.450587E+01  0.400227E+00
   250.0  0.100246E+01  0.395535E+01  0.816757E+02  0.515098E+07  0.269354E+09  0.999991E+02  0.999111E+00  0.393822E-01  0.792760E+00  0.448006E+01  0.421559E+00
   260.0  0.999817E+00  0.395235E+01  0.817173E+02  0.520041E+07  0.272235E+09  0.999991E+02  0.999140E+00  0.414635E-01  0.807867E+00  0.445414E+01  0.442928E+00
   270.0  0.997272E+00  0.394928E+01  0.817593E+02  0.524737E+07  0.274907E+09  0.999993E+02  0.999171E+00  0.435625E-01  0.823013E+00  0.442815E+01  0.464317E+00
   280.0  0.994803E+00  0.394613E+01  0.818016E+02  0.529231E+07  0.277406E+09  0.999994E+02  0.999206E+00  0.456765E-01  0.838186E+00  0.440211E+01  0.485710E+00
   290.0  0.992407E+00  0.394293E+01  0.818441E+02  0.533536E+07  0.279745E+09  0.999996E+02  0.999243E+00  0.478048E-01  0.853379E+00  0.437603E+01  0.507102E+00
   300.0  0.990093E+00  0.393965E+01  0.818870E+02  0.537629E+07  0.281899E+09  0.999998E+02  0.999282E+00  0.499499E-01  0.868590E+00  0.434990E+01  0.528476E+00
