================================================================================
 case5                                                                                               
 Short sim name = case5           
================================================================================
    t-t0    NO            NO2           O3            OH            HO2           CO            H2O2          HNO3          HCHO          C5H8          IPROD   
     0.0  0.100000E+00  0.500000E+01  0.800000E+02  0.000000E+00  0.000000E+00  0.100000E+03  0.100000E+01  0.000000E+00  0.500000E+00  0.500000E+01  0.000000E+00
  1800.0  0.112291E+01  0.384151E+01  0.804311E+02  0.151270E+07  0.102660E+08  0.100018E+03  0.982678E+00  0.933726E-01  0.446134E+00  0.375015E+01  0.124956E+01
  3600.0  0.107985E+01  0.373716E+01  0.798845E+02  0.203384E+07  0.128255E+08  0.100002E+03  0.964432E+00  0.213535E+00  0.405817E+00  0.260236E+01  0.239649E+01
  5400.0  0.101203E+01  0.362510E+01  0.794352E+02  0.284452E+07  0.174857E+08  0.999440E+02  0.945118E+00  0.372440E+00  0.380881E+00  0.161082E+01  0.338660E+01
  7200.0  0.915949E+00  0.348453E+01  0.791254E+02  0.422688E+07  0.267939E+08  0.998333E+02  0.924053E+00  0.592303E+00  0.374774E+00  0.827725E+00  0.416774E+01
  9000.0  0.787482E+00  0.328076E+01  0.790188E+02  0.654470E+07  0.460291E+08  0.996473E+02  0.899756E+00  0.909588E+00  0.393570E+00  0.309725E+00  0.468327E+01
 10800.0  0.633928E+00  0.299400E+01  0.791668E+02  0.883897E+07  0.754321E+08  0.993716E+02  0.871477E+00  0.133752E+01  0.439054E+00  0.759854E-01  0.491409E+01
 12600.0  0.487335E+00  0.269477E+01  0.794706E+02  0.880691E+07  0.968884E+08  0.990563E+02  0.843420E+00  0.177870E+01  0.491763E+00  0.153535E-01  0.497139E+01
 14400.0  0.367953E+00  0.246576E+01  0.797550E+02  0.706810E+07  0.102174E+09  0.987715E+02  0.820689E+00  0.212785E+01  0.531361E+00  0.370271E-02  0.497936E+01
 16200.0  0.273278E+00  0.232511E+01  0.799323E+02  0.488968E+07  0.941357E+08  0.985426E+02  0.804597E+00  0.236471E+01  0.554629E+00  0.127759E-02  0.497781E+01
 18000.0  0.195292E+00  0.226056E+01  0.799865E+02  0.292351E+07  0.774541E+08  0.983676E+02  0.794309E+00  0.250757E+01  0.565481E+00  0.631971E-03  0.497426E+01
 19800.0  0.128394E+00  0.225046E+01  0.799394E+02  0.147738E+07  0.577067E+08  0.982340E+02  0.788350E+00  0.258272E+01  0.568807E+00  0.415397E-03  0.497013E+01
 21600.0  0.719804E-01  0.226885E+01  0.798289E+02  0.608058E+06  0.393425E+08  0.981264E+02  0.785208E+00  0.261533E+01  0.568701E+00  0.325962E-03  0.496579E+01
 23400.0  0.298586E-01  0.228632E+01  0.796916E+02  0.196240E+06  0.243765E+08  0.980323E+02  0.783607E+00  0.262568E+01  0.567781E+00  0.271769E-03  0.496142E+01
 25200.0  0.634716E-02  0.225137E+01  0.795374E+02  0.564767E+05  0.127749E+08  0.979445E+02  0.782666E+00  0.262722E+01  0.567017E+00  0.200771E-03  0.495715E+01
 27000.0  0.260544E-04  0.199230E+01  0.792896E+02  0.372836E+05  0.626135E+07  0.978610E+02  0.781918E+00  0.262695E+01  0.566335E+00  0.681444E-04  0.495308E+01
 28800.0  0.285119E-04  0.169691E+01  0.790294E+02  0.569109E+05  0.563689E+07  0.977823E+02  0.781190E+00  0.262765E+01  0.565045E+00  0.403791E-05  0.494917E+01
 30600.0  0.269869E-04  0.147001E+01  0.788023E+02  0.920489E+05  0.655536E+07  0.977095E+02  0.780444E+00  0.262992E+01  0.563011E+00  0.388491E-07  0.494549E+01
 32400.0  0.248567E-04  0.129676E+01  0.786022E+02  0.134566E+06  0.763869E+07  0.976431E+02  0.779665E+00  0.263385E+01  0.560534E+00  0.750905E-10  0.494216E+01
 34200.0  0.228775E-04  0.116487E+01  0.784247E+02  0.178294E+06  0.860245E+07  0.975841E+02  0.778853E+00  0.263932E+01  0.557768E+00  0.353329E-13  0.493924E+01
 36000.0  0.212240E-04  0.106480E+01  0.782666E+02  0.220355E+06  0.944146E+07  0.975335E+02  0.778016E+00  0.264612E+01  0.554827E+00  0.530702E-17  0.493678E+01
 37800.0  0.199062E-04  0.989204E+00  0.781253E+02  0.258648E+06  0.101544E+08  0.974919E+02  0.777167E+00  0.265407E+01  0.551802E+00  0.339819E-21  0.493482E+01
 39600.0  0.188845E-04  0.932389E+00  0.779992E+02  0.291844E+06  0.107411E+08  0.974602E+02  0.776323E+00  0.266300E+01  0.548764E+00  0.120067E-25  0.493339E+01
 41400.0  0.181083E-04  0.889908E+00  0.778868E+02  0.319464E+06  0.112079E+08  0.974389E+02  0.775499E+00  0.267275E+01  0.545759E+00  0.215979E-30  0.493253E+01
 43200.0  0.175304E-04  0.858377E+00  0.777870E+02  0.341656E+06  0.115666E+08  0.974283E+02  0.774709E+00  0.268321E+01  0.542820E+00  0.277121E-35  0.493224E+01
 45000.0  0.171099E-04  0.835167E+00  0.776988E+02  0.359031E+06  0.118329E+08  0.974287E+02  0.773966E+00  0.269428E+01  0.539965E+00  0.236361E-40  0.493253E+01
 46800.0  0.168141E-04  0.818310E+00  0.776215E+02  0.372366E+06  0.120227E+08  0.974401E+02  0.773280E+00  0.270588E+01  0.537202E+00  0.163413E-45  0.493339E+01
 48600.0  0.166168E-04  0.806302E+00  0.775540E+02  0.382465E+06  0.121513E+08  0.974622E+02  0.772654E+00  0.271796E+01  0.534534E+00  0.133568E-50  0.493482E+01
 50400.0  0.164980E-04  0.798013E+00  0.774957E+02  0.390071E+06  0.122321E+08  0.974946E+02  0.772093E+00  0.273047E+01  0.531961E+00  0.200488E-55  0.493678E+01
 52200.0  0.164410E-04  0.792559E+00  0.774456E+02  0.395813E+06  0.122765E+08  0.975368E+02  0.771594E+00  0.274338E+01  0.529477E+00  0.547322E-60  0.493924E+01
 54000.0  0.164333E-04  0.789273E+00  0.774026E+02  0.400194E+06  0.122934E+08  0.975880E+02  0.771155E+00  0.275664E+01  0.527078E+00  0.241536E-64  0.494216E+01
 55800.0  0.164644E-04  0.787638E+00  0.773658E+02  0.403592E+06  0.122902E+08  0.976471E+02  0.770771E+00  0.277022E+01  0.524756E+00  0.211791E-68  0.494549E+01
 57600.0  0.165259E-04  0.787247E+00  0.773341E+02  0.406287E+06  0.122724E+08  0.977131E+02  0.770433E+00  0.278410E+01  0.522505E+00  0.495662E-72  0.494918E+01
 59400.0  0.166104E-04  0.787759E+00  0.773064E+02  0.408485E+06  0.122444E+08  0.977848E+02  0.770134E+00  0.279822E+01  0.520316E+00  0.290685E-75  0.495315E+01
 61200.0  0.167109E-04  0.788881E+00  0.772814E+02  0.410301E+06  0.122085E+08  0.978608E+02  0.769864E+00  0.281257E+01  0.518181E+00  0.442736E-79  0.495735E+01
 63000.0  0.168220E-04  0.790398E+00  0.772580E+02  0.411861E+06  0.121687E+08  0.979398E+02  0.769612E+00  0.282708E+01  0.516091E+00  0.364210E-83  0.496170E+01
 64800.0  0.169384E-04  0.792110E+00  0.772349E+02  0.413208E+06  0.121265E+08  0.980201E+02  0.769367E+00  0.284173E+01  0.514041E+00  0.188432E-87  0.496612E+01
 66600.0  0.212305E-01  0.207334E+01  0.780051E+02  0.942863E+05  0.120823E+08  0.981051E+02  0.769613E+00  0.284974E+01  0.513312E+00  0.213631E-89  0.497054E+01
 68400.0  0.644606E-01  0.204460E+01  0.781065E+02  0.402146E+06  0.266597E+08  0.981864E+02  0.769415E+00  0.286084E+01  0.512747E+00  0.182931E-89  0.497489E+01
 70200.0  0.120940E+00  0.196503E+01  0.782477E+02  0.118597E+07  0.471821E+08  0.982511E+02  0.767524E+00  0.289135E+01  0.513114E+00  0.147446E-89  0.497909E+01
 72000.0  0.176779E+00  0.184328E+01  0.784674E+02  0.272843E+07  0.769368E+08  0.982790E+02  0.762508E+00  0.296029E+01  0.518604E+00  0.966674E-90  0.498306E+01
 73800.0  0.217320E+00  0.167267E+01  0.788161E+02  0.535890E+07  0.123748E+09  0.982409E+02  0.752845E+00  0.308981E+01  0.535988E+00  0.431773E-90  0.498674E+01
 75600.0  0.231504E+00  0.144956E+01  0.793605E+02  0.929716E+07  0.199489E+09  0.981008E+02  0.738010E+00  0.329597E+01  0.572149E+00  0.105636E-90  0.499008E+01
 77400.0  0.216272E+00  0.118582E+01  0.801558E+02  0.142719E+08  0.318155E+09  0.978291E+02  0.721271E+00  0.357246E+01  0.627821E+00  0.115458E-91  0.499300E+01
 79200.0  0.180545E+00  0.916396E+00  0.811697E+02  0.190303E+08  0.479223E+09  0.974267E+02  0.713723E+00  0.387810E+01  0.690877E+00  0.521641E-93  0.499546E+01
 81000.0  0.140395E+00  0.683507E+00  0.822327E+02  0.221002E+08  0.652132E+09  0.969356E+02  0.732745E+00  0.415522E+01  0.741036E+00  0.123816E-94  0.499742E+01
 82800.0  0.106519E+00  0.507199E+00  0.831358E+02  0.232867E+08  0.800907E+09  0.964094E+02  0.789773E+00  0.437085E+01  0.766793E+00  0.208319E-96  0.499885E+01
 84600.0  0.812933E-01  0.383316E+00  0.837614E+02  0.232439E+08  0.909328E+09  0.958810E+02  0.883203E+00  0.452469E+01  0.770458E+00  0.325078E-98  0.499971E+01
 86400.0  0.633478E-01  0.298937E+00  0.840958E+02  0.225186E+08  0.976517E+09  0.953646E+02  0.100224E+01  0.463032E+01  0.760424E+00  0.551693-100  0.500000E+01
