================================================================================
 case2                                                                                               
 Short sim name = case2           
================================================================================
    t-t0    NO            NO2           O3            OH            HO2           CO            H2O2          HNO3          HCHO          C5H8          IPROD   
     0.0  0.100000E+00  0.500000E+01  0.800000E+02  0.000000E+00  0.000000E+00  0.100000E+03  0.100000E+01  0.000000E+00  0.500000E+00  0.500000E+01  0.000000E+00
    10.0  0.468233E+00  0.462927E+01  0.803629E+02  0.106393E+07  0.750759E+07  0.100000E+03  0.999908E+00  0.493551E-03  0.499578E+00  0.499332E+01  0.667736E-02
    20.0  0.710980E+00  0.438479E+01  0.806014E+02  0.110493E+07  0.840824E+07  0.100000E+03  0.999816E+00  0.982967E-03  0.499213E+00  0.498637E+01  0.136296E-01
    30.0  0.869899E+00  0.422453E+01  0.807564E+02  0.112923E+07  0.845669E+07  0.100001E+03  0.999723E+00  0.146419E-02  0.498876E+00  0.497931E+01  0.206927E-01
    40.0  0.974973E+00  0.411834E+01  0.808577E+02  0.114452E+07  0.838986E+07  0.100001E+03  0.999629E+00  0.193872E-02  0.498543E+00  0.497218E+01  0.278214E-01
    50.0  0.104351E+01  0.404883E+01  0.809226E+02  0.115473E+07  0.832880E+07  0.100001E+03  0.999536E+00  0.240836E-02  0.498206E+00  0.496501E+01  0.349924E-01
    60.0  0.108963E+01  0.400182E+01  0.809652E+02  0.116215E+07  0.829138E+07  0.100001E+03  0.999442E+00  0.287505E-02  0.497868E+00  0.495781E+01  0.421886E-01
    70.0  0.112052E+01  0.397010E+01  0.809926E+02  0.116777E+07  0.827193E+07  0.100001E+03  0.999348E+00  0.333993E-02  0.497529E+00  0.495060E+01  0.494019E-01
    80.0  0.114151E+01  0.394833E+01  0.810102E+02  0.117220E+07  0.826325E+07  0.100002E+03  0.999254E+00  0.380383E-02  0.497190E+00  0.494337E+01  0.566260E-01
    90.0  0.115583E+01  0.393323E+01  0.810210E+02  0.117583E+07  0.826097E+07  0.100002E+03  0.999160E+00  0.426729E-02  0.496850E+00  0.493614E+01  0.638571E-01
   100.0  0.116514E+01  0.392318E+01  0.810269E+02  0.117885E+07  0.826291E+07  0.100002E+03  0.999066E+00  0.473066E-02  0.496511E+00  0.492891E+01  0.710931E-01
   110.0  0.117130E+01  0.391628E+01  0.810297E+02  0.118148E+07  0.826714E+07  0.100002E+03  0.998972E+00  0.519428E-02  0.496172E+00  0.492167E+01  0.783314E-01
   120.0  0.117534E+01  0.391151E+01  0.810303E+02  0.118385E+07  0.827268E+07  0.100002E+03  0.998878E+00  0.565839E-02  0.495834E+00  0.491443E+01  0.855707E-01
   130.0  0.117817E+01  0.390795E+01  0.810297E+02  0.118606E+07  0.827884E+07  0.100002E+03  0.998784E+00  0.612306E-02  0.495496E+00  0.490719E+01  0.928098E-01
   140.0  0.118024E+01  0.390517E+01  0.810284E+02  0.118816E+07  0.828532E+07  0.100003E+03  0.998690E+00  0.658831E-02  0.495158E+00  0.489995E+01  0.100048E+00
   150.0  0.118188E+01  0.390280E+01  0.810266E+02  0.119022E+07  0.829198E+07  0.100003E+03  0.998595E+00  0.705398E-02  0.494821E+00  0.489271E+01  0.107286E+00
   160.0  0.118310E+01  0.390087E+01  0.810245E+02  0.119222E+07  0.829879E+07  0.100003E+03  0.998501E+00  0.752002E-02  0.494484E+00  0.488548E+01  0.114523E+00
   170.0  0.118373E+01  0.389952E+01  0.810217E+02  0.119414E+07  0.830567E+07  0.100003E+03  0.998407E+00  0.798742E-02  0.494147E+00  0.487824E+01  0.121758E+00
   180.0  0.118419E+01  0.389835E+01  0.810188E+02  0.119603E+07  0.831253E+07  0.100003E+03  0.998313E+00  0.845547E-02  0.493812E+00  0.487101E+01  0.128991E+00
   190.0  0.118452E+01  0.389731E+01  0.810157E+02  0.119790E+07  0.831937E+07  0.100003E+03  0.998218E+00  0.892413E-02  0.493476E+00  0.486378E+01  0.136222E+00
   200.0  0.118478E+01  0.389634E+01  0.810126E+02  0.119977E+07  0.832620E+07  0.100004E+03  0.998124E+00  0.939325E-02  0.493141E+00  0.485655E+01  0.143452E+00
   210.0  0.118498E+01  0.389543E+01  0.810094E+02  0.120163E+07  0.833304E+07  0.100004E+03  0.998030E+00  0.986239E-02  0.492806E+00  0.484932E+01  0.150682E+00
   220.0  0.118509E+01  0.389461E+01  0.810061E+02  0.120347E+07  0.833986E+07  0.100004E+03  0.997935E+00  0.103321E-01  0.492471E+00  0.484209E+01  0.157911E+00
   230.0  0.118514E+01  0.389385E+01  0.810028E+02  0.120532E+07  0.834664E+07  0.100004E+03  0.997841E+00  0.108023E-01  0.492137E+00  0.483486E+01  0.165138E+00
   240.0  0.118511E+01  0.389318E+01  0.809994E+02  0.120714E+07  0.835334E+07  0.100004E+03  0.997747E+00  0.112738E-01  0.491803E+00  0.482764E+01  0.172362E+00
   250.0  0.118507E+01  0.389250E+01  0.809960E+02  0.120897E+07  0.836004E+07  0.100004E+03  0.997652E+00  0.117454E-01  0.491470E+00  0.482041E+01  0.179585E+00
   260.0  0.118500E+01  0.389187E+01  0.809925E+02  0.121079E+07  0.836668E+07  0.100005E+03  0.997558E+00  0.122181E-01  0.491137E+00  0.481319E+01  0.186806E+00
   270.0  0.118493E+01  0.389124E+01  0.809891E+02  0.121261E+07  0.837331E+07  0.100005E+03  0.997463E+00  0.126910E-01  0.490804E+00  0.480597E+01  0.194026E+00
   280.0  0.118484E+01  0.389062E+01  0.809856E+02  0.121443E+07  0.837992E+07  0.100005E+03  0.997369E+00  0.131643E-01  0.490471E+00  0.479876E+01  0.201244E+00
   290.0  0.118473E+01  0.389002E+01  0.809821E+02  0.121625E+07  0.838647E+07  0.100005E+03  0.997274E+00  0.136395E-01  0.490140E+00  0.479154E+01  0.208457E+00
   300.0  0.118463E+01  0.388942E+01  0.809787E+02  0.121806E+07  0.839302E+07  0.100005E+03  0.997180E+00  0.141150E-01  0.489809E+00  0.478433E+01  0.215669E+00
