rxn00001
  0.00000E+00  0.17386E+09  0.16314E+09  0.15484E+09  0.14848E+09  0.14366E+09  0.14006E+09  0.13741E+09  0.13549E+09  0.13411E+09  0.13314E+09  0.13247E+09  0.13202E+09  0.13172E+09  0.13153E+09  0.13141E+09  0.13133E+09  0.13129E+09  0.13126E+09  0.13123E+09  0.13121E+09  0.13118E+09  0.13115E+09  0.13111E+09  0.13106E+09  0.13100E+09  0.13093E+09  0.13085E+09  0.13076E+09  0.13067E+09  0.13056E+09
rxn00002
  0.00000E+00  0.24142E+06  0.22027E+06  0.19582E+06  0.17884E+06  0.16699E+06  0.15861E+06  0.15270E+06  0.14855E+06  0.14568E+06  0.14373E+06  0.14246E+06  0.14169E+06  0.14127E+06  0.14111E+06  0.14112E+06  0.14125E+06  0.14147E+06  0.14173E+06  0.14202E+06  0.14233E+06  0.14264E+06  0.14294E+06  0.14323E+06  0.14350E+06  0.14376E+06  0.14401E+06  0.14423E+06  0.14444E+06  0.14463E+06  0.14481E+06
rxn00003
  0.00000E+00  0.91930E+03  0.24280E+04  0.45472E+04  0.73049E+04  0.10706E+05  0.14718E+05  0.19278E+05  0.24305E+05  0.29713E+05  0.35414E+05  0.41339E+05  0.47419E+05  0.53603E+05  0.59846E+05  0.66114E+05  0.72378E+05  0.78619E+05  0.84820E+05  0.90968E+05  0.97056E+05  0.10308E+06  0.10902E+06  0.11489E+06  0.12068E+06  0.12639E+06  0.13201E+06  0.13755E+06  0.14300E+06  0.14838E+06  0.15367E+06
rxn00004
  0.00000E+00  0.34829E+01  0.71736E+01  0.11139E+02  0.15463E+02  0.20189E+02  0.25320E+02  0.30842E+02  0.36724E+02  0.42935E+02  0.49436E+02  0.56201E+02  0.63197E+02  0.70399E+02  0.77783E+02  0.85327E+02  0.93014E+02  0.10083E+03  0.10876E+03  0.11679E+03  0.12491E+03  0.13312E+03  0.14140E+03  0.14976E+03  0.15818E+03  0.16667E+03  0.17521E+03  0.18381E+03  0.19246E+03  0.20116E+03  0.20991E+03
rxn00005
  0.00000E+00  0.12990E+02  0.43929E+02  0.84502E+02  0.12999E+03  0.17722E+03  0.22396E+03  0.26872E+03  0.31071E+03  0.34952E+03  0.38509E+03  0.41742E+03  0.44671E+03  0.47313E+03  0.49692E+03  0.51829E+03  0.53746E+03  0.55463E+03  0.57000E+03  0.58374E+03  0.59601E+03  0.60697E+03  0.61676E+03  0.62549E+03  0.63324E+03  0.64013E+03  0.64626E+03  0.65172E+03  0.65658E+03  0.66093E+03  0.66481E+03
rxn00006
  0.00000E+00  0.79629E+01  0.15451E+02  0.19574E+02  0.21584E+02  0.22355E+02  0.22429E+02  0.22134E+02  0.21669E+02  0.21155E+02  0.20654E+02  0.20203E+02  0.19813E+02  0.19490E+02  0.19229E+02  0.19025E+02  0.18868E+02  0.18752E+02  0.18670E+02  0.18614E+02  0.18578E+02  0.18559E+02  0.18552E+02  0.18554E+02  0.18562E+02  0.18573E+02  0.18587E+02  0.18602E+02  0.18616E+02  0.18630E+02  0.18642E+02
rxn00007
  0.00000E+00  0.31575E+09  0.31619E+09  0.31653E+09  0.31681E+09  0.31703E+09  0.31722E+09  0.31737E+09  0.31751E+09  0.31763E+09  0.31774E+09  0.31784E+09  0.31795E+09  0.31804E+09  0.31814E+09  0.31824E+09  0.31834E+09  0.31844E+09  0.31854E+09  0.31864E+09  0.31874E+09  0.31885E+09  0.31895E+09  0.31906E+09  0.31917E+09  0.31928E+09  0.31939E+09  0.31950E+09  0.31961E+09  0.31972E+09  0.31983E+09
rxn00008
  0.00000E+00  0.34670E+08  0.34718E+08  0.34757E+08  0.34787E+08  0.34812E+08  0.34832E+08  0.34849E+08  0.34864E+08  0.34877E+08  0.34889E+08  0.34901E+08  0.34912E+08  0.34923E+08  0.34933E+08  0.34944E+08  0.34955E+08  0.34966E+08  0.34977E+08  0.34988E+08  0.34999E+08  0.35011E+08  0.35022E+08  0.35034E+08  0.35046E+08  0.35058E+08  0.35070E+08  0.35082E+08  0.35094E+08  0.35106E+08  0.35119E+08
rxn00009
  0.00000E+00  0.15063E+06  0.15061E+06  0.15059E+06  0.15057E+06  0.15055E+06  0.15053E+06  0.15052E+06  0.15050E+06  0.15049E+06  0.15047E+06  0.15046E+06  0.15045E+06  0.15044E+06  0.15044E+06  0.15043E+06  0.15042E+06  0.15042E+06  0.15041E+06  0.15041E+06  0.15041E+06  0.15040E+06  0.15040E+06  0.15040E+06  0.15040E+06  0.15040E+06  0.15040E+06  0.15040E+06  0.15040E+06  0.15040E+06  0.15040E+06
rxn00010
  0.00000E+00  0.35062E+06  0.35062E+06  0.35096E+06  0.35165E+06  0.35268E+06  0.35403E+06  0.35566E+06  0.35754E+06  0.35963E+06  0.36191E+06  0.36434E+06  0.36690E+06  0.36957E+06  0.37231E+06  0.37513E+06  0.37801E+06  0.38092E+06  0.38387E+06  0.38685E+06  0.38984E+06  0.39285E+06  0.39587E+06  0.39889E+06  0.40192E+06  0.40494E+06  0.40796E+06  0.41097E+06  0.41398E+06  0.41697E+06  0.41996E+06
rxn00011
  0.00000E+00  0.50678E+06  0.50678E+06  0.50727E+06  0.50826E+06  0.50975E+06  0.51170E+06  0.51406E+06  0.51677E+06  0.51980E+06  0.52310E+06  0.52661E+06  0.53031E+06  0.53416E+06  0.53813E+06  0.54221E+06  0.54636E+06  0.55058E+06  0.55484E+06  0.55914E+06  0.56347E+06  0.56782E+06  0.57218E+06  0.57655E+06  0.58092E+06  0.58529E+06  0.58965E+06  0.59401E+06  0.59835E+06  0.60268E+06  0.60700E+06
rxn00012
  0.00000E+00  0.13527E-01  0.10323E+00  0.32297E+00  0.70377E+00  0.12627E+01  0.20072E+01  0.29411E+01  0.40628E+01  0.53705E+01  0.68562E+01  0.85168E+01  0.10342E+02  0.12325E+02  0.14455E+02  0.16724E+02  0.19123E+02  0.21643E+02  0.24278E+02  0.27020E+02  0.29863E+02  0.32802E+02  0.35830E+02  0.38944E+02  0.42142E+02  0.45420E+02  0.48775E+02  0.52204E+02  0.55704E+02  0.59271E+02  0.62905E+02
rxn00013
  0.00000E+00  0.51787E-09  0.26866E-07  0.27210E-06  0.14095E-05  0.50708E-05  0.14433E-04  0.34827E-04  0.73716E-04  0.14153E-03  0.24969E-03  0.41330E-03  0.64658E-03  0.96635E-03  0.13875E-02  0.19256E-02  0.25952E-02  0.34101E-02  0.43833E-02  0.55269E-02  0.68518E-02  0.83680E-02  0.10085E-01  0.12010E-01  0.14162E-01  0.16548E-01  0.19175E-01  0.22049E-01  0.25176E-01  0.28560E-01  0.32205E-01
rxn00014
  0.00000E+00  0.22433E+01  0.46415E+01  0.72236E+01  0.99677E+01  0.12853E+02  0.15876E+02  0.19059E+02  0.22443E+02  0.26085E+02  0.30041E+02  0.34381E+02  0.39158E+02  0.44432E+02  0.50242E+02  0.56629E+02  0.63625E+02  0.71256E+02  0.79544E+02  0.88507E+02  0.98159E+02  0.10851E+03  0.11957E+03  0.13135E+03  0.14388E+03  0.15716E+03  0.17121E+03  0.18602E+03  0.20160E+03  0.21793E+03  0.23502E+03
rxn00015
  0.00000E+00  0.14774E-04  0.22818E-03  0.13339E-02  0.48925E-02  0.13635E-01  0.31555E-01  0.63853E-01  0.11623E+00  0.19518E+00  0.30622E+00  0.45597E+00  0.64915E+00  0.89104E+00  0.11852E+01  0.15352E+01  0.19436E+01  0.24130E+01  0.29452E+01  0.35419E+01  0.42044E+01  0.49337E+01  0.57306E+01  0.65959E+01  0.75330E+01  0.85427E+01  0.96253E+01  0.10781E+02  0.12010E+02  0.13312E+02  0.14687E+02
rxn00016
  0.00000E+00  0.10619E-01  0.95706E-01  0.40335E+00  0.11947E+01  0.28737E+01  0.59903E+01  0.11231E+02  0.19321E+02  0.31075E+02  0.47162E+02  0.68386E+02  0.95300E+02  0.12852E+03  0.16846E+03  0.21550E+03  0.26993E+03  0.33202E+03  0.40195E+03  0.47989E+03  0.56596E+03  0.66024E+03  0.76280E+03  0.87369E+03  0.99330E+03  0.11217E+04  0.12588E+04  0.14047E+04  0.15593E+04  0.17226E+04  0.18944E+04
rxn00017
  0.00000E+00  0.00000E+00  0.00000E+00  0.00000E+00  0.00000E+00  0.00000E+00  0.00000E+00  0.00000E+00  0.00000E+00  0.00000E+00  0.00000E+00  0.00000E+00  0.00000E+00  0.00000E+00  0.00000E+00  0.00000E+00  0.00000E+00  0.00000E+00  0.00000E+00  0.00000E+00  0.00000E+00  0.00000E+00  0.00000E+00  0.00000E+00  0.00000E+00  0.00000E+00  0.00000E+00  0.00000E+00  0.00000E+00  0.00000E+00  0.00000E+00
rxn00018
  0.00000E+00  0.36798E+00  0.29431E+01  0.97180E+01  0.22341E+02  0.42101E+02  0.69827E+02  0.10597E+03  0.15054E+03  0.20337E+03  0.26393E+03  0.33186E+03  0.40648E+03  0.48723E+03  0.57346E+03  0.66460E+03  0.76009E+03  0.85942E+03  0.96215E+03  0.10678E+04  0.11761E+04  0.12867E+04  0.13993E+04  0.15135E+04  0.16293E+04  0.17464E+04  0.18646E+04  0.19837E+04  0.21036E+04  0.22242E+04  0.23452E+04
rxn00019
  0.00000E+00  0.47385E+00  0.24509E+01  0.63796E+01  0.12394E+02  0.20468E+02  0.30471E+02  0.42225E+02  0.55516E+02  0.70137E+02  0.85868E+02  0.10255E+03  0.12000E+03  0.13809E+03  0.15669E+03  0.17570E+03  0.19503E+03  0.21462E+03  0.23441E+03  0.25434E+03  0.27437E+03  0.29447E+03  0.31462E+03  0.33478E+03  0.35493E+03  0.37507E+03  0.39516E+03  0.41521E+03  0.43519E+03  0.45510E+03  0.47493E+03
rxn00020
  0.00000E+00  0.52989E+01  0.22228E+02  0.54332E+02  0.10274E+03  0.16733E+03  0.24710E+03  0.34068E+03  0.44636E+03  0.56247E+03  0.68725E+03  0.81933E+03  0.95731E+03  0.11001E+04  0.12466E+04  0.13960E+04  0.15475E+04  0.17007E+04  0.18550E+04  0.20101E+04  0.21654E+04  0.23209E+04  0.24762E+04  0.26311E+04  0.27854E+04  0.29391E+04  0.30919E+04  0.32437E+04  0.33945E+04  0.35442E+04  0.36927E+04
rxn00021
  0.00000E+00  0.30566E+08  0.30608E+08  0.30642E+08  0.30669E+08  0.30690E+08  0.30708E+08  0.30723E+08  0.30736E+08  0.30748E+08  0.30759E+08  0.30769E+08  0.30779E+08  0.30788E+08  0.30798E+08  0.30807E+08  0.30817E+08  0.30826E+08  0.30836E+08  0.30846E+08  0.30856E+08  0.30866E+08  0.30876E+08  0.30887E+08  0.30897E+08  0.30908E+08  0.30918E+08  0.30929E+08  0.30939E+08  0.30950E+08  0.30961E+08
rxn00022
  0.00000E+00  0.41045E+07  0.41102E+07  0.41147E+07  0.41183E+07  0.41213E+07  0.41237E+07  0.41257E+07  0.41274E+07  0.41290E+07  0.41304E+07  0.41318E+07  0.41331E+07  0.41344E+07  0.41357E+07  0.41369E+07  0.41382E+07  0.41395E+07  0.41408E+07  0.41421E+07  0.41435E+07  0.41448E+07  0.41462E+07  0.41476E+07  0.41490E+07  0.41504E+07  0.41518E+07  0.41533E+07  0.41547E+07  0.41561E+07  0.41576E+07
rxn00023
  0.00000E+00  0.52039E+09  0.51013E+09  0.50219E+09  0.49611E+09  0.49153E+09  0.48812E+09  0.48564E+09  0.48386E+09  0.48262E+09  0.48177E+09  0.48121E+09  0.48087E+09  0.48068E+09  0.48059E+09  0.48058E+09  0.48061E+09  0.48068E+09  0.48076E+09  0.48085E+09  0.48094E+09  0.48102E+09  0.48111E+09  0.48118E+09  0.48125E+09  0.48131E+09  0.48136E+09  0.48140E+09  0.48143E+09  0.48146E+09  0.48148E+09
rxn00024
  0.00000E+00  0.59682E+02  0.58587E+02  0.57738E+02  0.57089E+02  0.56602E+02  0.56242E+02  0.55984E+02  0.55802E+02  0.55680E+02  0.55601E+02  0.55555E+02  0.55533E+02  0.55528E+02  0.55536E+02  0.55551E+02  0.55572E+02  0.55597E+02  0.55624E+02  0.55652E+02  0.55681E+02  0.55709E+02  0.55737E+02  0.55765E+02  0.55791E+02  0.55817E+02  0.55842E+02  0.55866E+02  0.55889E+02  0.55912E+02  0.55934E+02
rxn00025
  0.00000E+00  0.83942E+03  0.77215E+03  0.72145E+03  0.68341E+03  0.65512E+03  0.63428E+03  0.61912E+03  0.60822E+03  0.60051E+03  0.59511E+03  0.59144E+03  0.58899E+03  0.58742E+03  0.58645E+03  0.58590E+03  0.58561E+03  0.58548E+03  0.58545E+03  0.58546E+03  0.58546E+03  0.58545E+03  0.58541E+03  0.58531E+03  0.58517E+03  0.58497E+03  0.58472E+03  0.58442E+03  0.58407E+03  0.58367E+03  0.58323E+03
rxn00026
  0.00000E+00  0.52972E+03  0.48727E+03  0.45528E+03  0.43127E+03  0.41342E+03  0.40027E+03  0.39070E+03  0.38383E+03  0.37896E+03  0.37555E+03  0.37323E+03  0.37169E+03  0.37070E+03  0.37009E+03  0.36974E+03  0.36955E+03  0.36948E+03  0.36945E+03  0.36946E+03  0.36946E+03  0.36946E+03  0.36943E+03  0.36937E+03  0.36928E+03  0.36915E+03  0.36899E+03  0.36880E+03  0.36858E+03  0.36833E+03  0.36805E+03
rxn00027
  0.00000E+00  0.48111E+02  0.62604E+02  0.73317E+02  0.81195E+02  0.86923E+02  0.91029E+02  0.93909E+02  0.95877E+02  0.97167E+02  0.97966E+02  0.98400E+02  0.98575E+02  0.98566E+02  0.98429E+02  0.98206E+02  0.97928E+02  0.97615E+02  0.97284E+02  0.96945E+02  0.96606E+02  0.96271E+02  0.95945E+02  0.95628E+02  0.95323E+02  0.95030E+02  0.94749E+02  0.94478E+02  0.94218E+02  0.93967E+02  0.93726E+02
rxn00028
  0.00000E+00  0.45543E+08  0.60538E+08  0.72097E+08  0.80893E+08  0.87469E+08  0.92293E+08  0.95748E+08  0.98155E+08  0.99770E+08  0.10080E+09  0.10140E+09  0.10169E+09  0.10175E+09  0.10166E+09  0.10146E+09  0.10120E+09  0.10089E+09  0.10056E+09  0.10023E+09  0.99890E+08  0.99559E+08  0.99237E+08  0.98927E+08  0.98631E+08  0.98349E+08  0.98081E+08  0.97826E+08  0.97584E+08  0.97353E+08  0.97132E+08
rxn00029
  0.00000E+00  0.40858E+06  0.38393E+06  0.36479E+06  0.35010E+06  0.33898E+06  0.33068E+06  0.32458E+06  0.32018E+06  0.31705E+06  0.31486E+06  0.31339E+06  0.31241E+06  0.31180E+06  0.31144E+06  0.31125E+06  0.31117E+06  0.31116E+06  0.31119E+06  0.31123E+06  0.31128E+06  0.31132E+06  0.31134E+06  0.31135E+06  0.31133E+06  0.31129E+06  0.31123E+06  0.31115E+06  0.31105E+06  0.31093E+06  0.31079E+06
rxn00030
  0.00000E+00  0.15102E+06  0.17034E+06  0.19481E+06  0.22220E+06  0.25035E+06  0.27756E+06  0.30281E+06  0.32563E+06  0.34587E+06  0.36367E+06  0.37920E+06  0.39274E+06  0.40453E+06  0.41486E+06  0.42393E+06  0.43197E+06  0.43913E+06  0.44556E+06  0.45138E+06  0.45669E+06  0.46159E+06  0.46613E+06  0.47037E+06  0.47435E+06  0.47812E+06  0.48172E+06  0.48516E+06  0.48847E+06  0.49169E+06  0.49481E+06
rxn00031
  0.00000E+00  0.38016E+05  0.75878E+05  0.11451E+06  0.15285E+06  0.18947E+06  0.22339E+06  0.25418E+06  0.28177E+06  0.30630E+06  0.32803E+06  0.34719E+06  0.36410E+06  0.37899E+06  0.39214E+06  0.40374E+06  0.41402E+06  0.42313E+06  0.43123E+06  0.43845E+06  0.44491E+06  0.45070E+06  0.45591E+06  0.46061E+06  0.46485E+06  0.46870E+06  0.47220E+06  0.47541E+06  0.47836E+06  0.48109E+06  0.48362E+06
rxn00032
  0.00000E+00  0.17340E+06  0.19531E+06  0.22311E+06  0.25426E+06  0.28627E+06  0.31720E+06  0.34589E+06  0.37180E+06  0.39476E+06  0.41494E+06  0.43251E+06  0.44781E+06  0.46112E+06  0.47274E+06  0.48293E+06  0.49193E+06  0.49993E+06  0.50709E+06  0.51355E+06  0.51943E+06  0.52482E+06  0.52981E+06  0.53445E+06  0.53880E+06  0.54289E+06  0.54679E+06  0.55050E+06  0.55408E+06  0.55752E+06  0.56087E+06
rxn00033
  0.00000E+00  0.62544E+05  0.93512E+05  0.12708E+06  0.16235E+06  0.19751E+06  0.23079E+06  0.26095E+06  0.28743E+06  0.31009E+06  0.32919E+06  0.34505E+06  0.35815E+06  0.36890E+06  0.37774E+06  0.38503E+06  0.39106E+06  0.39609E+06  0.40034E+06  0.40395E+06  0.40707E+06  0.40980E+06  0.41222E+06  0.41439E+06  0.41637E+06  0.41820E+06  0.41990E+06  0.42151E+06  0.42305E+06  0.42453E+06  0.42596E+06
rxn00034
  0.00000E+00  0.48894E+06  0.51678E+06  0.56032E+06  0.61229E+06  0.66699E+06  0.72054E+06  0.77085E+06  0.81699E+06  0.85866E+06  0.89601E+06  0.92927E+06  0.95884E+06  0.98509E+06  0.10084E+07  0.10292E+07  0.10478E+07  0.10645E+07  0.10795E+07  0.10930E+07  0.11054E+07  0.11166E+07  0.11269E+07  0.11365E+07  0.11453E+07  0.11534E+07  0.11611E+07  0.11683E+07  0.11751E+07  0.11815E+07  0.11877E+07
rxn00035
  0.00000E+00  0.88021E+02  0.90458E+02  0.91866E+02  0.95615E+02  0.10051E+03  0.10579E+03  0.11105E+03  0.11613E+03  0.12092E+03  0.12540E+03  0.12956E+03  0.13341E+03  0.13697E+03  0.14026E+03  0.14330E+03  0.14611E+03  0.14871E+03  0.15112E+03  0.15336E+03  0.15545E+03  0.15740E+03  0.15923E+03  0.16095E+03  0.16258E+03  0.16411E+03  0.16556E+03  0.16695E+03  0.16828E+03  0.16955E+03  0.17078E+03
rxn00036
  0.00000E+00  0.65560E+01  0.19504E+02  0.41726E+02  0.76391E+02  0.12605E+03  0.19201E+03  0.27425E+03  0.37166E+03  0.48242E+03  0.60437E+03  0.73536E+03  0.87336E+03  0.10166E+04  0.11636E+04  0.13132E+04  0.14644E+04  0.16165E+04  0.17690E+04  0.19214E+04  0.20734E+04  0.22249E+04  0.23756E+04  0.25255E+04  0.26743E+04  0.28221E+04  0.29687E+04  0.31143E+04  0.32588E+04  0.34023E+04  0.35448E+04
rxn00037
  0.00000E+00  0.22629E+01  0.52497E+01  0.93117E+01  0.14732E+02  0.21655E+02  0.30094E+02  0.39971E+02  0.51160E+02  0.63506E+02  0.76860E+02  0.91079E+02  0.10604E+03  0.12163E+03  0.13778E+03  0.15440E+03  0.17145E+03  0.18887E+03  0.20664E+03  0.22472E+03  0.24311E+03  0.26177E+03  0.28070E+03  0.29990E+03  0.31934E+03  0.33903E+03  0.35897E+03  0.37915E+03  0.39957E+03  0.42023E+03  0.44113E+03
rxn00038
  0.00000E+00  0.32330E+02  0.12315E+03  0.27062E+03  0.47443E+03  0.72824E+03  0.10197E+04  0.13342E+04  0.16582E+04  0.19805E+04  0.22936E+04  0.25915E+04  0.28714E+04  0.31316E+04  0.33719E+04  0.35928E+04  0.37951E+04  0.39800E+04  0.41489E+04  0.43030E+04  0.44438E+04  0.45725E+04  0.46903E+04  0.47984E+04  0.48974E+04  0.49883E+04  0.50722E+04  0.51498E+04  0.52219E+04  0.52892E+04  0.53522E+04
rxn00039
  0.00000E+00  0.79608E+04  0.17873E+05  0.30778E+05  0.46777E+05  0.65237E+05  0.85181E+05  0.10563E+06  0.12582E+06  0.14516E+06  0.16335E+06  0.18016E+06  0.19555E+06  0.20953E+06  0.22219E+06  0.23363E+06  0.24397E+06  0.25331E+06  0.26177E+06  0.26946E+06  0.27647E+06  0.28288E+06  0.28877E+06  0.29421E+06  0.29924E+06  0.30390E+06  0.30827E+06  0.31236E+06  0.31623E+06  0.31990E+06  0.32340E+06
rxn00040
  0.00000E+00  0.97721E+05  0.11006E+06  0.12571E+06  0.14324E+06  0.16125E+06  0.17866E+06  0.19479E+06  0.20936E+06  0.22227E+06  0.23361E+06  0.24349E+06  0.25208E+06  0.25956E+06  0.26608E+06  0.27181E+06  0.27686E+06  0.28135E+06  0.28537E+06  0.28900E+06  0.29231E+06  0.29534E+06  0.29814E+06  0.30075E+06  0.30319E+06  0.30550E+06  0.30768E+06  0.30978E+06  0.31179E+06  0.31373E+06  0.31561E+06
rxn00041
  0.00000E+00  0.15961E+04  0.63409E+04  0.14409E+05  0.25628E+05  0.39324E+05  0.54605E+05  0.70623E+05  0.86715E+05  0.10239E+06  0.11735E+06  0.13138E+06  0.14439E+06  0.15635E+06  0.16728E+06  0.17722E+06  0.18624E+06  0.19440E+06  0.20179E+06  0.20847E+06  0.21452E+06  0.21999E+06  0.22496E+06  0.22947E+06  0.23356E+06  0.23728E+06  0.24068E+06  0.24379E+06  0.24665E+06  0.24929E+06  0.25175E+06
rxn00042
  0.00000E+00  0.14041E+04  0.55783E+04  0.12676E+05  0.22546E+05  0.34594E+05  0.48038E+05  0.62129E+05  0.76286E+05  0.90073E+05  0.10324E+06  0.11558E+06  0.12703E+06  0.13754E+06  0.14716E+06  0.15590E+06  0.16384E+06  0.17102E+06  0.17752E+06  0.18340E+06  0.18872E+06  0.19353E+06  0.19790E+06  0.20187E+06  0.20547E+06  0.20874E+06  0.21173E+06  0.21447E+06  0.21699E+06  0.21931E+06  0.22147E+06
rxn00043
  0.00000E+00  0.67257E+06  0.17795E+07  0.31912E+07  0.47709E+07  0.63857E+07  0.79352E+07  0.93575E+07  0.10625E+08  0.11731E+08  0.12685E+08  0.13496E+08  0.14184E+08  0.14764E+08  0.15253E+08  0.15665E+08  0.16012E+08  0.16305E+08  0.16552E+08  0.16762E+08  0.16941E+08  0.17093E+08  0.17224E+08  0.17335E+08  0.17431E+08  0.17513E+08  0.17584E+08  0.17645E+08  0.17698E+08  0.17745E+08  0.17785E+08
rxn00044
  0.00000E+00  0.51837E+06  0.96952E+06  0.13871E+07  0.17739E+07  0.21260E+07  0.24425E+07  0.27252E+07  0.29775E+07  0.32026E+07  0.34038E+07  0.35834E+07  0.37438E+07  0.38869E+07  0.40146E+07  0.41283E+07  0.42297E+07  0.43199E+07  0.44003E+07  0.44717E+07  0.45353E+07  0.45919E+07  0.46422E+07  0.46871E+07  0.47268E+07  0.47621E+07  0.47935E+07  0.48215E+07  0.48465E+07  0.48688E+07  0.48889E+07
rxn00045
  0.00000E+00  0.22006E+03  0.41157E+03  0.58885E+03  0.75303E+03  0.90251E+03  0.10369E+04  0.11569E+04  0.12640E+04  0.13595E+04  0.14450E+04  0.15212E+04  0.15893E+04  0.16500E+04  0.17042E+04  0.17525E+04  0.17956E+04  0.18339E+04  0.18680E+04  0.18983E+04  0.19253E+04  0.19493E+04  0.19707E+04  0.19897E+04  0.20066E+04  0.20216E+04  0.20349E+04  0.20468E+04  0.20574E+04  0.20669E+04  0.20754E+04
rxn00046
  0.00000E+00  0.93999E+05  0.31789E+06  0.61150E+06  0.94069E+06  0.12825E+07  0.16207E+07  0.19446E+07  0.22485E+07  0.25293E+07  0.27867E+07  0.30207E+07  0.32326E+07  0.34238E+07  0.35960E+07  0.37506E+07  0.38893E+07  0.40136E+07  0.41248E+07  0.42242E+07  0.43131E+07  0.43924E+07  0.44632E+07  0.45263E+07  0.45824E+07  0.46323E+07  0.46767E+07  0.47162E+07  0.47514E+07  0.47828E+07  0.48109E+07
rxn00047
  0.00000E+00  0.12418E+06  0.15040E+06  0.15906E+06  0.16285E+06  0.16430E+06  0.16457E+06  0.16428E+06  0.16377E+06  0.16318E+06  0.16261E+06  0.16208E+06  0.16160E+06  0.16117E+06  0.16079E+06  0.16045E+06  0.16013E+06  0.15984E+06  0.15957E+06  0.15931E+06  0.15906E+06  0.15883E+06  0.15859E+06  0.15837E+06  0.15814E+06  0.15792E+06  0.15771E+06  0.15749E+06  0.15727E+06  0.15705E+06  0.15683E+06
rxn00048
  0.00000E+00  0.15238E+02  0.13046E+02  0.11008E+02  0.96399E+01  0.87087E+01  0.80646E+01  0.76171E+01  0.73065E+01  0.70926E+01  0.69471E+01  0.68514E+01  0.67908E+01  0.67555E+01  0.67377E+01  0.67320E+01  0.67346E+01  0.67424E+01  0.67535E+01  0.67662E+01  0.67796E+01  0.67928E+01  0.68055E+01  0.68172E+01  0.68277E+01  0.68369E+01  0.68447E+01  0.68513E+01  0.68566E+01  0.68607E+01  0.68637E+01
rxn00049
  0.00000E+00  0.27865E+05  0.23856E+05  0.20129E+05  0.17628E+05  0.15925E+05  0.14747E+05  0.13929E+05  0.13361E+05  0.12970E+05  0.12704E+05  0.12529E+05  0.12418E+05  0.12353E+05  0.12321E+05  0.12310E+05  0.12315E+05  0.12330E+05  0.12350E+05  0.12373E+05  0.12397E+05  0.12422E+05  0.12445E+05  0.12466E+05  0.12485E+05  0.12502E+05  0.12517E+05  0.12529E+05  0.12538E+05  0.12546E+05  0.12551E+05
rxn00050
  0.00000E+00  0.36863E-03  0.30686E-03  0.24252E-03  0.20229E-03  0.17636E-03  0.15911E-03  0.14747E-03  0.13956E-03  0.13422E-03  0.13065E-03  0.12836E-03  0.12697E-03  0.12623E-03  0.12593E-03  0.12595E-03  0.12619E-03  0.12657E-03  0.12705E-03  0.12757E-03  0.12812E-03  0.12867E-03  0.12922E-03  0.12974E-03  0.13024E-03  0.13072E-03  0.13116E-03  0.13157E-03  0.13195E-03  0.13230E-03  0.13263E-03
rxn00051
  0.00000E+00  0.11430E+03  0.20786E+03  0.27855E+03  0.33928E+03  0.39241E+03  0.43921E+03  0.48088E+03  0.51838E+03  0.55239E+03  0.58347E+03  0.61193E+03  0.63803E+03  0.66197E+03  0.68391E+03  0.70400E+03  0.72238E+03  0.73916E+03  0.75448E+03  0.76845E+03  0.78119E+03  0.79280E+03  0.80339E+03  0.81305E+03  0.82185E+03  0.82987E+03  0.83720E+03  0.84391E+03  0.85008E+03  0.85576E+03  0.86102E+03
rxn00052
  0.00000E+00  0.13287E+03  0.25782E+03  0.32661E+03  0.36014E+03  0.37301E+03  0.37424E+03  0.36931E+03  0.36157E+03  0.35298E+03  0.34463E+03  0.33709E+03  0.33060E+03  0.32521E+03  0.32086E+03  0.31744E+03  0.31483E+03  0.31290E+03  0.31152E+03  0.31058E+03  0.30999E+03  0.30968E+03  0.30956E+03  0.30959E+03  0.30972E+03  0.30991E+03  0.31014E+03  0.31038E+03  0.31062E+03  0.31085E+03  0.31105E+03
rxn00053
  0.00000E+00  0.52077E+04  0.10105E+05  0.12801E+05  0.14116E+05  0.14620E+05  0.14668E+05  0.14475E+05  0.14171E+05  0.13835E+05  0.13508E+05  0.13212E+05  0.12958E+05  0.12746E+05  0.12576E+05  0.12442E+05  0.12340E+05  0.12264E+05  0.12210E+05  0.12173E+05  0.12150E+05  0.12138E+05  0.12133E+05  0.12134E+05  0.12139E+05  0.12147E+05  0.12156E+05  0.12165E+05  0.12175E+05  0.12184E+05  0.12192E+05
rxn00054
  0.00000E+00  0.97111E+00  0.17111E+01  0.24216E+01  0.30432E+01  0.35531E+01  0.39512E+01  0.42484E+01  0.44609E+01  0.46054E+01  0.46980E+01  0.47507E+01  0.47744E+01  0.47773E+01  0.47657E+01  0.47445E+01  0.47169E+01  0.46856E+01  0.46523E+01  0.46182E+01  0.45842E+01  0.45509E+01  0.45185E+01  0.44873E+01  0.44575E+01  0.44291E+01  0.44019E+01  0.43761E+01  0.43514E+01  0.43278E+01  0.43052E+01
rxn00055
  0.00000E+00  0.13181E+07  0.14846E+07  0.16960E+07  0.19328E+07  0.21761E+07  0.24112E+07  0.26292E+07  0.28261E+07  0.30007E+07  0.31540E+07  0.32876E+07  0.34038E+07  0.35049E+07  0.35932E+07  0.36707E+07  0.37390E+07  0.37998E+07  0.38542E+07  0.39032E+07  0.39479E+07  0.39888E+07  0.40267E+07  0.40619E+07  0.40949E+07  0.41260E+07  0.41556E+07  0.41838E+07  0.42109E+07  0.42370E+07  0.42624E+07
rxn00056
  0.00000E+00  0.00000E+00  0.00000E+00  0.00000E+00  0.00000E+00  0.00000E+00  0.00000E+00  0.00000E+00  0.00000E+00  0.00000E+00  0.00000E+00  0.00000E+00  0.00000E+00  0.00000E+00  0.00000E+00  0.00000E+00  0.00000E+00  0.00000E+00  0.00000E+00  0.00000E+00  0.00000E+00  0.00000E+00  0.00000E+00  0.00000E+00  0.00000E+00  0.00000E+00  0.00000E+00  0.00000E+00  0.00000E+00  0.00000E+00  0.00000E+00
rxn00057
  0.00000E+00  0.56821E+06  0.64002E+06  0.73114E+06  0.83321E+06  0.93810E+06  0.10395E+07  0.11335E+07  0.12184E+07  0.12936E+07  0.13597E+07  0.14173E+07  0.14674E+07  0.15111E+07  0.15491E+07  0.15825E+07  0.16120E+07  0.16382E+07  0.16617E+07  0.16829E+07  0.17021E+07  0.17198E+07  0.17361E+07  0.17513E+07  0.17656E+07  0.17790E+07  0.17918E+07  0.18040E+07  0.18157E+07  0.18270E+07  0.18379E+07
rxn00058
  0.00000E+00  0.00000E+00  0.66957E-10  0.95591E-09  0.59332E-08  0.24254E-07  0.76135E-07  0.19873E-06  0.44913E-06  0.90987E-06  0.16799E-05  0.28873E-05  0.46639E-05  0.71613E-05  0.10524E-04  0.14900E-04  0.20433E-04  0.27260E-04  0.35510E-04  0.45307E-04  0.56763E-04  0.69984E-04  0.85065E-04  0.10210E-03  0.12124E-03  0.14259E-03  0.16621E-03  0.19218E-03  0.22058E-03  0.25145E-03  0.28485E-03
rxn00059
  0.00000E+00  0.13732E+01  0.80004E+01  0.23789E+02  0.52666E+02  0.97921E+02  0.16152E+03  0.24404E+03  0.34484E+03  0.46249E+03  0.59505E+03  0.74055E+03  0.89699E+03  0.10626E+04  0.12357E+04  0.14150E+04  0.15994E+04  0.17879E+04  0.19799E+04  0.21746E+04  0.23717E+04  0.25706E+04  0.27712E+04  0.29731E+04  0.31760E+04  0.33799E+04  0.35845E+04  0.37897E+04  0.39955E+04  0.42018E+04  0.44084E+04
rxn00060
  0.00000E+00  0.00000E+00  0.54834E-02  0.24440E-01  0.64753E-01  0.13349E+00  0.23619E+00  0.37675E+00  0.55744E+00  0.77925E+00  0.10419E+01  0.13447E+01  0.16860E+01  0.20640E+01  0.24767E+01  0.29221E+01  0.33984E+01  0.39038E+01  0.44365E+01  0.49950E+01  0.55781E+01  0.61846E+01  0.68134E+01  0.74636E+01  0.81346E+01  0.88258E+01  0.95366E+01  0.10266E+02  0.11015E+02  0.11782E+02  0.12566E+02
rxn00061
  0.00000E+00  0.29061E+06  0.32733E+06  0.37430E+06  0.42739E+06  0.48260E+06  0.53679E+06  0.58803E+06  0.63542E+06  0.67862E+06  0.71782E+06  0.75325E+06  0.78537E+06  0.81458E+06  0.84132E+06  0.86597E+06  0.88886E+06  0.91028E+06  0.93047E+06  0.94963E+06  0.96794E+06  0.98554E+06  0.10025E+07  0.10190E+07  0.10351E+07  0.10508E+07  0.10663E+07  0.10814E+07  0.10964E+07  0.11112E+07  0.11259E+07
rxn00062
  0.00000E+00  0.69922E+01  0.63795E+01  0.56768E+01  0.51948E+01  0.48646E+01  0.46382E+01  0.44859E+01  0.43871E+01  0.43276E+01  0.42967E+01  0.42875E+01  0.42942E+01  0.43126E+01  0.43396E+01  0.43728E+01  0.44105E+01  0.44513E+01  0.44941E+01  0.45383E+01  0.45832E+01  0.46286E+01  0.46740E+01  0.47193E+01  0.47642E+01  0.48087E+01  0.48528E+01  0.48962E+01  0.49392E+01  0.49815E+01  0.50234E+01
rxn00063
  0.00000E+00  0.12327E+02  0.28729E+02  0.51076E+02  0.80318E+02  0.11660E+03  0.15959E+03  0.20892E+03  0.26443E+03  0.32633E+03  0.39503E+03  0.47125E+03  0.55572E+03  0.64929E+03  0.75270E+03  0.86669E+03  0.99190E+03  0.11289E+04  0.12783E+04  0.14404E+04  0.16158E+04  0.18048E+04  0.20076E+04  0.22247E+04  0.24567E+04  0.27040E+04  0.29668E+04  0.32454E+04  0.35399E+04  0.38505E+04  0.41773E+04
rxn00064
  0.00000E+00  0.86819E-03  0.16390E-02  0.22676E-02  0.28577E-02  0.34406E-02  0.40366E-02  0.46654E-02  0.53443E-02  0.60916E-02  0.69217E-02  0.78520E-02  0.88945E-02  0.10063E-01  0.11365E-01  0.12811E-01  0.14407E-01  0.16160E-01  0.18073E-01  0.20151E-01  0.22396E-01  0.24812E-01  0.27399E-01  0.30158E-01  0.33099E-01  0.36221E-01  0.39525E-01  0.43011E-01  0.46679E-01  0.50529E-01  0.54558E-01
rxn00065
  0.00000E+00  0.15311E-04  0.26635E-03  0.17787E-02  0.74349E-02  0.23328E-01  0.59821E-01  0.13200E+00  0.25828E+00  0.46050E+00  0.75942E+00  0.11787E+01  0.17374E+01  0.24556E+01  0.33487E+01  0.44309E+01  0.57144E+01  0.72097E+01  0.89260E+01  0.10871E+02  0.13052E+02  0.15475E+02  0.18146E+02  0.21068E+02  0.24258E+02  0.27718E+02  0.31455E+02  0.35472E+02  0.39772E+02  0.44358E+02  0.49233E+02
rxn00066
  0.00000E+00  0.39845E-02  0.40451E-01  0.19475E+00  0.65738E+00  0.17803E+01  0.41120E+01  0.84063E+01  0.15546E+02  0.26547E+02  0.42349E+02  0.64008E+02  0.92354E+02  0.12825E+03  0.17234E+03  0.22521E+03  0.28736E+03  0.35920E+03  0.44109E+03  0.53333E+03  0.63618E+03  0.74986E+03  0.87458E+03  0.10105E+04  0.11582E+04  0.13178E+04  0.14895E+04  0.16734E+04  0.18697E+04  0.20783E+04  0.22994E+04
rxn00067
  0.00000E+00  0.23220E-06  0.19095E-05  0.71543E-05  0.19354E-04  0.43466E-04  0.86060E-04  0.15533E-03  0.25997E-03  0.41005E-03  0.61399E-03  0.88247E-03  0.12231E-02  0.16446E-02  0.21532E-02  0.27546E-02  0.34537E-02  0.42544E-02  0.51602E-02  0.61735E-02  0.72963E-02  0.85302E-02  0.98761E-02  0.11335E-01  0.12911E-01  0.14606E-01  0.16420E-01  0.18351E-01  0.20400E-01  0.22566E-01  0.24849E-01
rxn00068
  0.00000E+00  0.00000E+00  0.00000E+00  0.00000E+00  0.00000E+00  0.00000E+00  0.00000E+00  0.00000E+00  0.00000E+00  0.00000E+00  0.00000E+00  0.00000E+00  0.00000E+00  0.00000E+00  0.00000E+00  0.00000E+00  0.00000E+00  0.00000E+00  0.00000E+00  0.00000E+00  0.00000E+00  0.00000E+00  0.00000E+00  0.00000E+00  0.00000E+00  0.00000E+00  0.00000E+00  0.00000E+00  0.00000E+00  0.00000E+00  0.00000E+00
rxn00069
  0.00000E+00  0.00000E+00  0.00000E+00  0.00000E+00  0.00000E+00  0.00000E+00  0.00000E+00  0.00000E+00  0.00000E+00  0.00000E+00  0.00000E+00  0.00000E+00  0.00000E+00  0.00000E+00  0.00000E+00  0.00000E+00  0.00000E+00  0.00000E+00  0.00000E+00  0.00000E+00  0.00000E+00  0.00000E+00  0.00000E+00  0.00000E+00  0.00000E+00  0.00000E+00  0.00000E+00  0.00000E+00  0.00000E+00  0.00000E+00  0.00000E+00
rxn00070
  0.00000E+00  0.00000E+00  0.00000E+00  0.00000E+00  0.00000E+00  0.00000E+00  0.00000E+00  0.00000E+00  0.00000E+00  0.00000E+00  0.00000E+00  0.00000E+00  0.00000E+00  0.00000E+00  0.00000E+00  0.00000E+00  0.00000E+00  0.00000E+00  0.00000E+00  0.00000E+00  0.00000E+00  0.00000E+00  0.00000E+00  0.00000E+00  0.00000E+00  0.00000E+00  0.00000E+00  0.00000E+00  0.00000E+00  0.00000E+00  0.00000E+00
rxn00071
  0.00000E+00  0.00000E+00  0.00000E+00  0.00000E+00  0.00000E+00  0.00000E+00  0.00000E+00  0.00000E+00  0.00000E+00  0.00000E+00  0.00000E+00  0.00000E+00  0.00000E+00  0.00000E+00  0.00000E+00  0.00000E+00  0.00000E+00  0.00000E+00  0.00000E+00  0.00000E+00  0.00000E+00  0.00000E+00  0.00000E+00  0.00000E+00  0.00000E+00  0.00000E+00  0.00000E+00  0.00000E+00  0.00000E+00  0.00000E+00  0.00000E+00
rxn00072
  0.00000E+00  0.00000E+00  0.00000E+00  0.00000E+00  0.00000E+00  0.00000E+00  0.00000E+00  0.00000E+00  0.00000E+00  0.00000E+00  0.00000E+00  0.00000E+00  0.00000E+00  0.00000E+00  0.00000E+00  0.00000E+00  0.00000E+00  0.00000E+00  0.00000E+00  0.00000E+00  0.00000E+00  0.00000E+00  0.00000E+00  0.00000E+00  0.00000E+00  0.00000E+00  0.00000E+00  0.00000E+00  0.00000E+00  0.00000E+00  0.00000E+00
rxn00073
  0.00000E+00  0.00000E+00  0.00000E+00  0.00000E+00  0.00000E+00  0.00000E+00  0.00000E+00  0.00000E+00  0.00000E+00  0.00000E+00  0.00000E+00  0.00000E+00  0.00000E+00  0.00000E+00  0.00000E+00  0.00000E+00  0.00000E+00  0.00000E+00  0.00000E+00  0.00000E+00  0.00000E+00  0.00000E+00  0.00000E+00  0.00000E+00  0.00000E+00  0.00000E+00  0.00000E+00  0.00000E+00  0.00000E+00  0.00000E+00  0.00000E+00
rxn00074
  0.00000E+00  0.00000E+00  0.00000E+00  0.00000E+00  0.00000E+00  0.00000E+00  0.00000E+00  0.00000E+00  0.00000E+00  0.00000E+00  0.00000E+00  0.00000E+00  0.00000E+00  0.00000E+00  0.00000E+00  0.00000E+00  0.00000E+00  0.00000E+00  0.00000E+00  0.00000E+00  0.00000E+00  0.00000E+00  0.00000E+00  0.00000E+00  0.00000E+00  0.00000E+00  0.00000E+00  0.00000E+00  0.00000E+00  0.00000E+00  0.00000E+00
rxn00075
  0.00000E+00  0.00000E+00  0.00000E+00  0.00000E+00  0.00000E+00  0.00000E+00  0.00000E+00  0.00000E+00  0.00000E+00  0.00000E+00  0.00000E+00  0.00000E+00  0.00000E+00  0.00000E+00  0.00000E+00  0.00000E+00  0.00000E+00  0.00000E+00  0.00000E+00  0.00000E+00  0.00000E+00  0.00000E+00  0.00000E+00  0.00000E+00  0.00000E+00  0.00000E+00  0.00000E+00  0.00000E+00  0.00000E+00  0.00000E+00  0.00000E+00
rxn00076
  0.00000E+00  0.00000E+00  0.00000E+00  0.00000E+00  0.00000E+00  0.00000E+00  0.00000E+00  0.00000E+00  0.00000E+00  0.00000E+00  0.00000E+00  0.00000E+00  0.00000E+00  0.00000E+00  0.00000E+00  0.00000E+00  0.00000E+00  0.00000E+00  0.00000E+00  0.00000E+00  0.00000E+00  0.00000E+00  0.00000E+00  0.00000E+00  0.00000E+00  0.00000E+00  0.00000E+00  0.00000E+00  0.00000E+00  0.00000E+00  0.00000E+00
rxn00077
  0.00000E+00  0.00000E+00  0.00000E+00  0.00000E+00  0.00000E+00  0.00000E+00  0.00000E+00  0.00000E+00  0.00000E+00  0.00000E+00  0.00000E+00  0.00000E+00  0.00000E+00  0.00000E+00  0.00000E+00  0.00000E+00  0.00000E+00  0.00000E+00  0.00000E+00  0.00000E+00  0.00000E+00  0.00000E+00  0.00000E+00  0.00000E+00  0.00000E+00  0.00000E+00  0.00000E+00  0.00000E+00  0.00000E+00  0.00000E+00  0.00000E+00
rxn00078
  0.00000E+00  0.00000E+00  0.00000E+00  0.00000E+00  0.00000E+00  0.00000E+00  0.00000E+00  0.00000E+00  0.00000E+00  0.00000E+00  0.00000E+00  0.00000E+00  0.00000E+00  0.00000E+00  0.00000E+00  0.00000E+00  0.00000E+00  0.00000E+00  0.00000E+00  0.00000E+00  0.00000E+00  0.00000E+00  0.00000E+00  0.00000E+00  0.00000E+00  0.00000E+00  0.00000E+00  0.00000E+00  0.00000E+00  0.00000E+00  0.00000E+00
rxn00079
  0.00000E+00  0.00000E+00  0.00000E+00  0.00000E+00  0.00000E+00  0.00000E+00  0.00000E+00  0.00000E+00  0.00000E+00  0.00000E+00  0.00000E+00  0.00000E+00  0.00000E+00  0.00000E+00  0.00000E+00  0.00000E+00  0.00000E+00  0.00000E+00  0.00000E+00  0.00000E+00  0.00000E+00  0.00000E+00  0.00000E+00  0.00000E+00  0.00000E+00  0.00000E+00  0.00000E+00  0.00000E+00  0.00000E+00  0.00000E+00  0.00000E+00
rxn00080
  0.00000E+00  0.00000E+00  0.00000E+00  0.00000E+00  0.00000E+00  0.00000E+00  0.00000E+00  0.00000E+00  0.00000E+00  0.00000E+00  0.00000E+00  0.00000E+00  0.00000E+00  0.00000E+00  0.00000E+00  0.00000E+00  0.00000E+00  0.00000E+00  0.00000E+00  0.00000E+00  0.00000E+00  0.00000E+00  0.00000E+00  0.00000E+00  0.00000E+00  0.00000E+00  0.00000E+00  0.00000E+00  0.00000E+00  0.00000E+00  0.00000E+00
rxn00081
  0.00000E+00  0.00000E+00  0.00000E+00  0.00000E+00  0.00000E+00  0.00000E+00  0.00000E+00  0.00000E+00  0.00000E+00  0.00000E+00  0.00000E+00  0.00000E+00  0.00000E+00  0.00000E+00  0.00000E+00  0.00000E+00  0.00000E+00  0.00000E+00  0.00000E+00  0.00000E+00  0.00000E+00  0.00000E+00  0.00000E+00  0.00000E+00  0.00000E+00  0.00000E+00  0.00000E+00  0.00000E+00  0.00000E+00  0.00000E+00  0.00000E+00
rxn00082
  0.00000E+00  0.00000E+00  0.00000E+00  0.00000E+00  0.00000E+00  0.00000E+00  0.00000E+00  0.00000E+00  0.00000E+00  0.00000E+00  0.00000E+00  0.00000E+00  0.00000E+00  0.00000E+00  0.00000E+00  0.00000E+00  0.00000E+00  0.00000E+00  0.00000E+00  0.00000E+00  0.00000E+00  0.00000E+00  0.00000E+00  0.00000E+00  0.00000E+00  0.00000E+00  0.00000E+00  0.00000E+00  0.00000E+00  0.00000E+00  0.00000E+00
rxn00083
  0.00000E+00  0.00000E+00  0.00000E+00  0.00000E+00  0.00000E+00  0.00000E+00  0.00000E+00  0.00000E+00  0.00000E+00  0.00000E+00  0.00000E+00  0.00000E+00  0.00000E+00  0.00000E+00  0.00000E+00  0.00000E+00  0.00000E+00  0.00000E+00  0.00000E+00  0.00000E+00  0.00000E+00  0.00000E+00  0.00000E+00  0.00000E+00  0.00000E+00  0.00000E+00  0.00000E+00  0.00000E+00  0.00000E+00  0.00000E+00  0.00000E+00
rxn00084
  0.00000E+00  0.60852E+07  0.68310E+07  0.77737E+07  0.88203E+07  0.98817E+07  0.10889E+08  0.11802E+08  0.12604E+08  0.13289E+08  0.13865E+08  0.14342E+08  0.14731E+08  0.15044E+08  0.15293E+08  0.15488E+08  0.15639E+08  0.15751E+08  0.15832E+08  0.15887E+08  0.15920E+08  0.15935E+08  0.15934E+08  0.15920E+08  0.15896E+08  0.15862E+08  0.15820E+08  0.15771E+08  0.15717E+08  0.15658E+08  0.15594E+08
rxn00085
  0.00000E+00  0.19512E+06  0.19473E+06  0.19420E+06  0.19352E+06  0.19271E+06  0.19176E+06  0.19069E+06  0.18953E+06  0.18828E+06  0.18696E+06  0.18559E+06  0.18417E+06  0.18272E+06  0.18123E+06  0.17973E+06  0.17820E+06  0.17667E+06  0.17513E+06  0.17358E+06  0.17203E+06  0.17047E+06  0.16892E+06  0.16736E+06  0.16581E+06  0.16426E+06  0.16272E+06  0.16118E+06  0.15964E+06  0.15811E+06  0.15659E+06
rxn00086
  0.00000E+00  0.17554E+05  0.15962E+05  0.14136E+05  0.12854E+05  0.11943E+05  0.11281E+05  0.10795E+05  0.10433E+05  0.10160E+05  0.99510E+04  0.97877E+04  0.96570E+04  0.95495E+04  0.94580E+04  0.93773E+04  0.93038E+04  0.92348E+04  0.91683E+04  0.91030E+04  0.90380E+04  0.89727E+04  0.89067E+04  0.88398E+04  0.87717E+04  0.87026E+04  0.86323E+04  0.85610E+04  0.84888E+04  0.84158E+04  0.83421E+04
rxn00087
  0.00000E+00  0.40109E+03  0.18952E+04  0.52918E+04  0.11404E+05  0.20911E+05  0.34217E+05  0.51442E+05  0.72447E+05  0.96931E+05  0.12449E+06  0.15470E+06  0.18714E+06  0.22144E+06  0.25725E+06  0.29430E+06  0.33233E+06  0.37117E+06  0.41064E+06  0.45063E+06  0.49102E+06  0.53173E+06  0.57269E+06  0.61386E+06  0.65515E+06  0.69655E+06  0.73801E+06  0.77952E+06  0.82105E+06  0.86259E+06  0.90412E+06
rxn00088
  0.00000E+00  0.22898E+02  0.96188E+02  0.23537E+03  0.44545E+03  0.72601E+03  0.10728E+04  0.14798E+04  0.19396E+04  0.24451E+04  0.29885E+04  0.35641E+04  0.41656E+04  0.47882E+04  0.54276E+04  0.60799E+04  0.67422E+04  0.74120E+04  0.80870E+04  0.87656E+04  0.94462E+04  0.10128E+05  0.10809E+05  0.11489E+05  0.12167E+05  0.12843E+05  0.13515E+05  0.14183E+05  0.14848E+05  0.15508E+05  0.16163E+05
rxn00089
  0.00000E+00  0.56151E-02  0.21491E-01  0.46699E-01  0.80649E-01  0.12264E+00  0.17203E+00  0.22834E+00  0.29104E+00  0.35966E+00  0.43356E+00  0.51234E+00  0.59537E+00  0.68214E+00  0.77207E+00  0.86468E+00  0.95948E+00  0.10561E+01  0.11540E+01  0.12530E+01  0.13528E+01  0.14530E+01  0.15535E+01  0.16541E+01  0.17545E+01  0.18546E+01  0.19543E+01  0.20535E+01  0.21521E+01  0.22500E+01  0.23471E+01
rxn00090
  0.00000E+00  0.73335E+06  0.18957E+07  0.32436E+07  0.46267E+07  0.59550E+07  0.71790E+07  0.82736E+07  0.92312E+07  0.10054E+08  0.10752E+08  0.11336E+08  0.11821E+08  0.12218E+08  0.12542E+08  0.12802E+08  0.13010E+08  0.13173E+08  0.13299E+08  0.13394E+08  0.13462E+08  0.13508E+08  0.13536E+08  0.13548E+08  0.13546E+08  0.13533E+08  0.13510E+08  0.13479E+08  0.13441E+08  0.13397E+08  0.13348E+08
rxn00091
  0.00000E+00  0.16897E+04  0.46957E+04  0.74084E+04  0.93564E+04  0.10508E+05  0.11020E+05  0.11094E+05  0.10906E+05  0.10588E+05  0.10222E+05  0.98575E+04  0.95195E+04  0.92184E+04  0.89559E+04  0.87296E+04  0.85350E+04  0.83672E+04  0.82216E+04  0.80939E+04  0.79803E+04  0.78780E+04  0.77843E+04  0.76974E+04  0.76156E+04  0.75378E+04  0.74628E+04  0.73899E+04  0.73185E+04  0.72481E+04  0.71786E+04
rxn00092
  0.00000E+00  0.93815E+01  0.99674E+02  0.43984E+03  0.12823E+04  0.29238E+04  0.56464E+04  0.96695E+04  0.15107E+05  0.21997E+05  0.30270E+05  0.39850E+05  0.50592E+05  0.62365E+05  0.75022E+05  0.88433E+05  0.10248E+06  0.11707E+06  0.13210E+06  0.14751E+06  0.16323E+06  0.17921E+06  0.19540E+06  0.21177E+06  0.22829E+06  0.24494E+06  0.26167E+06  0.27848E+06  0.29534E+06  0.31224E+06  0.32916E+06
rxn00093
  0.00000E+00  0.18513E+05  0.71860E+05  0.15580E+06  0.26438E+06  0.39010E+06  0.52551E+06  0.66424E+06  0.80143E+06  0.93345E+06  0.10582E+07  0.11739E+07  0.12801E+07  0.13764E+07  0.14631E+07  0.15407E+07  0.16097E+07  0.16708E+07  0.17247E+07  0.17720E+07  0.18133E+07  0.18494E+07  0.18807E+07  0.19077E+07  0.19308E+07  0.19505E+07  0.19671E+07  0.19810E+07  0.19926E+07  0.20021E+07  0.20099E+07
rxn00094
  0.00000E+00  0.42654E+02  0.17800E+03  0.35584E+03  0.53464E+03  0.68833E+03  0.80669E+03  0.89067E+03  0.94683E+03  0.98300E+03  0.10060E+04  0.10208E+04  0.10308E+04  0.10384E+04  0.10448E+04  0.10506E+04  0.10560E+04  0.10613E+04  0.10662E+04  0.10708E+04  0.10750E+04  0.10785E+04  0.10815E+04  0.10839E+04  0.10855E+04  0.10864E+04  0.10866E+04  0.10861E+04  0.10850E+04  0.10832E+04  0.10809E+04
rxn00095
  0.00000E+00  0.23683E+00  0.37783E+01  0.21126E+02  0.73271E+02  0.19153E+03  0.41332E+03  0.77631E+03  0.13116E+04  0.20423E+04  0.29789E+04  0.41265E+04  0.54785E+04  0.70253E+04  0.87520E+04  0.10643E+05  0.12680E+05  0.14848E+05  0.17132E+05  0.19516E+05  0.21987E+05  0.24535E+05  0.27149E+05  0.29820E+05  0.32540E+05  0.35302E+05  0.38100E+05  0.40929E+05  0.43784E+05  0.46663E+05  0.49563E+05
rxn00096
  0.00000E+00  0.50291E-01  0.43228E+00  0.15450E+01  0.38367E+01  0.77500E+01  0.13651E+02  0.21812E+02  0.32387E+02  0.45456E+02  0.60997E+02  0.78979E+02  0.99297E+02  0.12185E+03  0.14651E+03  0.17317E+03  0.20170E+03  0.23199E+03  0.26396E+03  0.29752E+03  0.33259E+03  0.36910E+03  0.40700E+03  0.44625E+03  0.48682E+03  0.52869E+03  0.57181E+03  0.61617E+03  0.66174E+03  0.70851E+03  0.75645E+03
rxn00097
  0.00000E+00  0.19253E-08  0.11250E-06  0.13016E-05  0.76841E-05  0.31124E-04  0.98156E-04  0.25828E-03  0.58763E-03  0.11979E-02  0.22214E-02  0.38327E-02  0.62080E-02  0.95539E-02  0.14064E-01  0.19939E-01  0.27372E-01  0.36552E-01  0.47657E-01  0.60856E-01  0.76307E-01  0.94161E-01  0.11456E+00  0.13762E+00  0.16360E+00  0.19261E+00  0.22479E+00  0.26025E+00  0.29909E+00  0.34140E+00  0.38728E+00
rxn00098
  0.00000E+00  0.13680E+01  0.12324E+02  0.46488E+02  0.12179E+03  0.25841E+03  0.47490E+03  0.78587E+03  0.12000E+04  0.17213E+04  0.23481E+04  0.30775E+04  0.39027E+04  0.48171E+04  0.58125E+04  0.68815E+04  0.80169E+04  0.92119E+04  0.10461E+05  0.11758E+05  0.13099E+05  0.14479E+05  0.15895E+05  0.17343E+05  0.18822E+05  0.20328E+05  0.21860E+05  0.23414E+05  0.24991E+05  0.26587E+05  0.28202E+05
rxn00099
  0.00000E+00  0.21496E+01  0.12523E+02  0.37239E+02  0.82443E+02  0.15329E+03  0.25287E+03  0.38210E+03  0.54001E+03  0.72436E+03  0.93216E+03  0.11604E+04  0.14059E+04  0.16659E+04  0.19379E+04  0.22199E+04  0.25101E+04  0.28071E+04  0.31098E+04  0.34171E+04  0.37285E+04  0.40432E+04  0.43608E+04  0.46810E+04  0.50032E+04  0.53272E+04  0.56529E+04  0.59800E+04  0.63084E+04  0.66381E+04  0.69690E+04
rxn00100
  0.00000E+00  0.25681E+05  0.25924E+05  0.24651E+05  0.24365E+05  0.25241E+05  0.27253E+05  0.30348E+05  0.34448E+05  0.39469E+05  0.45303E+05  0.51868E+05  0.59055E+05  0.66784E+05  0.74969E+05  0.83542E+05  0.92441E+05  0.10161E+06  0.11102E+06  0.12061E+06  0.13036E+06  0.14025E+06  0.15025E+06  0.16034E+06  0.17052E+06  0.18076E+06  0.19105E+06  0.20139E+06  0.21176E+06  0.22216E+06  0.23259E+06
rxn00101
  0.00000E+00  0.31766E+02  0.78533E+02  0.12346E+03  0.16691E+03  0.21091E+03  0.25758E+03  0.30904E+03  0.36718E+03  0.43390E+03  0.51063E+03  0.59905E+03  0.70020E+03  0.81530E+03  0.94509E+03  0.10903E+04  0.12515E+04  0.14291E+04  0.16235E+04  0.18351E+04  0.20640E+04  0.23104E+04  0.25745E+04  0.28564E+04  0.31569E+04  0.34761E+04  0.38141E+04  0.41708E+04  0.45464E+04  0.49405E+04  0.53533E+04
rxn00102
  0.00000E+00  0.12785E+06  0.30891E+06  0.49012E+06  0.65135E+06  0.79009E+06  0.91015E+06  0.10155E+07  0.11091E+07  0.11926E+07  0.12676E+07  0.13347E+07  0.13949E+07  0.14492E+07  0.14982E+07  0.15427E+07  0.15834E+07  0.16209E+07  0.16556E+07  0.16879E+07  0.17183E+07  0.17470E+07  0.17742E+07  0.18003E+07  0.18254E+07  0.18495E+07  0.18729E+07  0.18957E+07  0.19179E+07  0.19397E+07  0.19611E+07
rxn00103
  0.00000E+00  0.72785E-02  0.12450E+00  0.67049E+00  0.22112E+01  0.55565E+01  0.11694E+02  0.21689E+02  0.36471E+02  0.56847E+02  0.83222E+02  0.11596E+03  0.15502E+03  0.20029E+03  0.25145E+03  0.30816E+03  0.37001E+03  0.43660E+03  0.50753E+03  0.58242E+03  0.66090E+03  0.74265E+03  0.82736E+03  0.91475E+03  0.10047E+04  0.10969E+04  0.11912E+04  0.12873E+04  0.13852E+04  0.14845E+04  0.15851E+04
rxn00104
  0.00000E+00  0.88742E-01  0.15755E+01  0.87580E+01  0.29510E+02  0.74867E+02  0.15742E+03  0.28941E+03  0.48014E+03  0.73656E+03  0.10606E+04  0.14538E+04  0.19132E+04  0.24361E+04  0.30174E+04  0.36524E+04  0.43365E+04  0.50651E+04  0.58338E+04  0.66389E+04  0.74768E+04  0.83444E+04  0.92388E+04  0.10158E+05  0.11100E+05  0.12063E+05  0.13045E+05  0.14044E+05  0.15059E+05  0.16088E+05  0.17130E+05
rxn00105
  0.00000E+00  0.97551E+04  0.13930E+05  0.16602E+05  0.19185E+05  0.22196E+05  0.25921E+05  0.30507E+05  0.35988E+05  0.42326E+05  0.49425E+05  0.57191E+05  0.65503E+05  0.74267E+05  0.83391E+05  0.92804E+05  0.10245E+06  0.11228E+06  0.12226E+06  0.13236E+06  0.14256E+06  0.15285E+06  0.16320E+06  0.17362E+06  0.18409E+06  0.19461E+06  0.20517E+06  0.21577E+06  0.22639E+06  0.23704E+06  0.24772E+06
rxn00106
  0.00000E+00  0.46882E-06  0.18559E-04  0.19663E-03  0.11207E-02  0.44295E-02  0.13641E-01  0.34983E-01  0.77377E-01  0.15314E+00  0.27548E+00  0.46115E+00  0.72514E+00  0.10845E+01  0.15532E+01  0.21454E+01  0.28737E+01  0.37495E+01  0.47832E+01  0.59840E+01  0.73603E+01  0.89194E+01  0.10668E+02  0.12612E+02  0.14767E+02  0.17138E+02  0.19730E+02  0.22548E+02  0.25594E+02  0.28873E+02  0.32386E+02
rxn00107
  0.00000E+00  0.84581E-01  0.12166E+01  0.59244E+01  0.18056E+02  0.42160E+02  0.82569E+02  0.14268E+03  0.22428E+03  0.32801E+03  0.45288E+03  0.59784E+03  0.76073E+03  0.93966E+03  0.11324E+04  0.13372E+04  0.15521E+04  0.17759E+04  0.20070E+04  0.22445E+04  0.24875E+04  0.27351E+04  0.29867E+04  0.32418E+04  0.35000E+04  0.37609E+04  0.40242E+04  0.42894E+04  0.45563E+04  0.48246E+04  0.50943E+04
rxn00108
  0.00000E+00  0.63687E+05  0.16375E+06  0.27861E+06  0.39515E+06  0.50589E+06  0.60712E+06  0.69721E+06  0.77602E+06  0.84402E+06  0.90232E+06  0.95183E+06  0.99380E+06  0.10292E+07  0.10592E+07  0.10845E+07  0.11060E+07  0.11243E+07  0.11398E+07  0.11531E+07  0.11645E+07  0.11743E+07  0.11828E+07  0.11902E+07  0.11966E+07  0.12022E+07  0.12072E+07  0.12115E+07  0.12154E+07  0.12188E+07  0.12219E+07
rxn00109
  0.00000E+00  0.71918E+01  0.11944E+02  0.14161E+02  0.15332E+02  0.16071E+02  0.16675E+02  0.17274E+02  0.17910E+02  0.18589E+02  0.19299E+02  0.20030E+02  0.20769E+02  0.21506E+02  0.22235E+02  0.22949E+02  0.23646E+02  0.24322E+02  0.24978E+02  0.25613E+02  0.26226E+02  0.26819E+02  0.27393E+02  0.27949E+02  0.28487E+02  0.29009E+02  0.29516E+02  0.30010E+02  0.30492E+02  0.30963E+02  0.31425E+02
rxn00110
  0.00000E+00  0.80342E-06  0.94461E-05  0.38015E-04  0.10214E-03  0.22178E-03  0.42041E-03  0.72396E-03  0.11557E-02  0.17387E-02  0.24865E-02  0.34151E-02  0.45290E-02  0.58328E-02  0.73232E-02  0.89955E-02  0.10843E-01  0.12856E-01  0.15026E-01  0.17342E-01  0.19795E-01  0.22373E-01  0.25066E-01  0.27867E-01  0.30768E-01  0.33761E-01  0.36838E-01  0.39991E-01  0.43214E-01  0.46500E-01  0.49845E-01
rxn00111
  0.00000E+00  0.22115E-04  0.26987E-03  0.11210E-02  0.30774E-02  0.67463E-02  0.12777E-01  0.21809E-01  0.34350E-01  0.50860E-01  0.71540E-01  0.96660E-01  0.12620E+00  0.16016E+00  0.19839E+00  0.24070E+00  0.28689E+00  0.33671E+00  0.38993E+00  0.44630E+00  0.50557E+00  0.56752E+00  0.63193E+00  0.69860E+00  0.76742E+00  0.83820E+00  0.91077E+00  0.98496E+00  0.10607E+01  0.11377E+01  0.12161E+01
rxn00112
  0.00000E+00  0.85972E+00  0.84383E+00  0.75154E+00  0.70753E+00  0.70733E+00  0.74404E+00  0.81302E+00  0.91053E+00  0.10336E+01  0.11790E+01  0.13447E+01  0.15280E+01  0.17268E+01  0.19390E+01  0.21629E+01  0.23969E+01  0.26397E+01  0.28899E+01  0.31467E+01  0.34091E+01  0.36763E+01  0.39477E+01  0.42228E+01  0.45012E+01  0.47823E+01  0.50659E+01  0.53515E+01  0.56391E+01  0.59284E+01  0.62193E+01
rxn00113
  0.00000E+00  0.56078E-10  0.15259E-08  0.12081E-07  0.56096E-07  0.19159E-06  0.53142E-06  0.12654E-05  0.26571E-05  0.50757E-05  0.89193E-05  0.14717E-04  0.22959E-04  0.34224E-04  0.49018E-04  0.67867E-04  0.91255E-04  0.11964E-03  0.15346E-03  0.19309E-03  0.23889E-03  0.29118E-03  0.35025E-03  0.41635E-03  0.49006E-03  0.57160E-03  0.66120E-03  0.75904E-03  0.86529E-03  0.98009E-03  0.11036E-02
rxn00114
  0.00000E+00  0.33724E-04  0.33342E-03  0.12133E-02  0.30126E-02  0.60785E-02  0.10723E-01  0.17203E-01  0.25673E-01  0.36239E-01  0.48876E-01  0.63598E-01  0.80285E-01  0.98847E-01  0.11913E+00  0.14100E+00  0.16430E+00  0.18889E+00  0.21464E+00  0.24142E+00  0.26912E+00  0.29763E+00  0.32686E+00  0.35673E+00  0.38718E+00  0.41813E+00  0.44953E+00  0.48132E+00  0.51346E+00  0.54591E+00  0.57864E+00
rxn00115
  0.00000E+00  0.15871E+02  0.28048E+02  0.35661E+02  0.41207E+02  0.45587E+02  0.49277E+02  0.52540E+02  0.55518E+02  0.58280E+02  0.60863E+02  0.63284E+02  0.65552E+02  0.67669E+02  0.69642E+02  0.71474E+02  0.73170E+02  0.74738E+02  0.76184E+02  0.77515E+02  0.78740E+02  0.79867E+02  0.80904E+02  0.81858E+02  0.82734E+02  0.83540E+02  0.84282E+02  0.84968E+02  0.85604E+02  0.86195E+02  0.86746E+02
rxn00116
  0.00000E+00  0.67235E+03  0.24393E+04  0.49041E+04  0.77534E+04  0.10782E+05  0.13879E+05  0.16984E+05  0.20058E+05  0.23067E+05  0.25987E+05  0.28790E+05  0.31467E+05  0.34007E+05  0.36409E+05  0.38676E+05  0.40812E+05  0.42826E+05  0.44725E+05  0.46518E+05  0.48215E+05  0.49823E+05  0.51352E+05  0.52809E+05  0.54199E+05  0.55529E+05  0.56807E+05  0.58039E+05  0.59231E+05  0.60388E+05  0.61514E+05
rxn00117
  0.00000E+00  0.46375E-04  0.11911E-02  0.81283E-02  0.31890E-01  0.91868E-01  0.21605E+00  0.43949E+00  0.79915E+00  0.13321E+01  0.20671E+01  0.30307E+01  0.42367E+01  0.56945E+01  0.74038E+01  0.93602E+01  0.11555E+02  0.13976E+02  0.16612E+02  0.19447E+02  0.22469E+02  0.25662E+02  0.29013E+02  0.32510E+02  0.36143E+02  0.39902E+02  0.43775E+02  0.47753E+02  0.51828E+02  0.55993E+02  0.60241E+02
rxn00118
  0.00000E+00  0.22402E-02  0.59723E-01  0.42066E+00  0.16863E+01  0.49043E+01  0.11524E+02  0.23235E+02  0.41684E+02  0.68386E+02  0.10438E+03  0.15054E+03  0.20718E+03  0.27442E+03  0.35200E+03  0.43955E+03  0.53655E+03  0.64243E+03  0.75655E+03  0.87832E+03  0.10071E+04  0.11424E+04  0.12836E+04  0.14303E+04  0.15821E+04  0.17386E+04  0.18994E+04  0.20641E+04  0.22325E+04  0.24043E+04  0.25794E+04
rxn00119
  0.00000E+00  0.51781E+02  0.11103E+03  0.16768E+03  0.23051E+03  0.30573E+03  0.39898E+03  0.51500E+03  0.65696E+03  0.82630E+03  0.10228E+04  0.12452E+04  0.14915E+04  0.17591E+04  0.20456E+04  0.23484E+04  0.26654E+04  0.29944E+04  0.33338E+04  0.36820E+04  0.40378E+04  0.44000E+04  0.47678E+04  0.51404E+04  0.55173E+04  0.58977E+04  0.62814E+04  0.66679E+04  0.70571E+04  0.74489E+04  0.78432E+04
rxn00120
  0.00000E+00  0.83541E-08  0.49659E-06  0.66668E-05  0.45203E-04  0.20482E-03  0.70483E-03  0.19825E-02  0.47419E-02  0.10036E-01  0.19137E-01  0.33708E-01  0.55429E-01  0.86232E-01  0.12790E+00  0.18225E+00  0.25098E+00  0.33569E+00  0.43786E+00  0.55883E+00  0.69984E+00  0.86197E+00  0.10462E+01  0.12536E+01  0.14857E+01  0.17435E+01  0.20278E+01  0.23392E+01  0.26784E+01  0.30459E+01  0.34422E+01
rxn00121
  0.00000E+00  0.21352E-02  0.46116E-01  0.28456E+00  0.10317E+01  0.27618E+01  0.60442E+01  0.11455E+02  0.19471E+02  0.30454E+02  0.44570E+02  0.61907E+02  0.82378E+02  0.10585E+03  0.13211E+03  0.16092E+03  0.19204E+03  0.22524E+03  0.26028E+03  0.29695E+03  0.33507E+03  0.37445E+03  0.41497E+03  0.45647E+03  0.49887E+03  0.54205E+03  0.58592E+03  0.63041E+03  0.67547E+03  0.72103E+03  0.76708E+03
rxn00122
  0.00000E+00  0.16077E+04  0.62071E+04  0.13382E+05  0.22580E+05  0.33140E+05  0.44442E+05  0.55975E+05  0.67372E+05  0.78363E+05  0.88801E+05  0.98562E+05  0.10762E+06  0.11594E+06  0.12357E+06  0.13052E+06  0.13685E+06  0.14259E+06  0.14781E+06  0.15255E+06  0.15686E+06  0.16077E+06  0.16434E+06  0.16759E+06  0.17056E+06  0.17328E+06  0.17577E+06  0.17806E+06  0.18018E+06  0.18215E+06  0.18399E+06
rxn00123
  0.00000E+00  0.00000E+00  0.71254E+03  0.18405E+04  0.31265E+04  0.44535E+04  0.57836E+04  0.71057E+04  0.84120E+04  0.96930E+04  0.10937E+05  0.12136E+05  0.13279E+05  0.14364E+05  0.15387E+05  0.16348E+05  0.17249E+05  0.18093E+05  0.18882E+05  0.19621E+05  0.20313E+05  0.20962E+05  0.21572E+05  0.22147E+05  0.22689E+05  0.23201E+05  0.23686E+05  0.24147E+05  0.24587E+05  0.25009E+05  0.25413E+05
rxn00124
  0.00000E+00  0.00000E+00  0.96163E-04  0.84172E-03  0.35418E-02  0.10435E-01  0.24726E-01  0.50449E-01  0.91891E-01  0.15340E+00  0.23835E+00  0.34990E+00  0.48962E+00  0.65861E+00  0.85668E+00  0.10832E+01  0.13370E+01  0.16165E+01  0.19199E+01  0.22455E+01  0.25913E+01  0.29554E+01  0.33362E+01  0.37319E+01  0.41414E+01  0.45632E+01  0.49956E+01  0.54377E+01  0.58882E+01  0.63462E+01  0.68108E+01
rxn00125
  0.00000E+00  0.00000E+00  0.44611E-01  0.40172E+00  0.17208E+01  0.51022E+01  0.12048E+02  0.24320E+02  0.43647E+02  0.71650E+02  0.10944E+03  0.15800E+03  0.21762E+03  0.28847E+03  0.37022E+03  0.46244E+03  0.56451E+03  0.67576E+03  0.79546E+03  0.92288E+03  0.10573E+04  0.11981E+04  0.13446E+04  0.14962E+04  0.16525E+04  0.18131E+04  0.19774E+04  0.21450E+04  0.23157E+04  0.24890E+04  0.26647E+04
rxn00126
  0.00000E+00  0.00000E+00  0.58019E+02  0.11258E+03  0.16608E+03  0.22534E+03  0.29634E+03  0.38368E+03  0.49026E+03  0.61751E+03  0.76524E+03  0.93279E+03  0.11182E+04  0.13197E+04  0.15351E+04  0.17623E+04  0.19995E+04  0.22450E+04  0.24972E+04  0.27549E+04  0.30170E+04  0.32825E+04  0.35506E+04  0.38208E+04  0.40927E+04  0.43654E+04  0.46387E+04  0.49123E+04  0.51860E+04  0.54597E+04  0.57333E+04
rxn00127
  0.00000E+00  0.00000E+00  0.12410E-06  0.21371E-05  0.15541E-04  0.72019E-04  0.24970E-03  0.70448E-03  0.16879E-02  0.35778E-02  0.68307E-02  0.12047E-01  0.19829E-01  0.30873E-01  0.45812E-01  0.65290E-01  0.89897E-01  0.12018E+00  0.15665E+00  0.19974E+00  0.24985E+00  0.30731E+00  0.37242E+00  0.44546E+00  0.52699E+00  0.61723E+00  0.71636E+00  0.82455E+00  0.94195E+00  0.10686E+01  0.12047E+01
rxn00128
  0.00000E+00  0.00000E+00  0.54849E-02  0.43412E-01  0.16881E+00  0.46215E+00  0.10191E+01  0.19371E+01  0.32984E+01  0.51666E+01  0.75709E+01  0.10529E+02  0.14025E+02  0.18036E+02  0.22520E+02  0.27435E+02  0.32735E+02  0.38377E+02  0.44315E+02  0.50510E+02  0.56927E+02  0.63531E+02  0.70295E+02  0.77193E+02  0.84209E+02  0.91317E+02  0.98501E+02  0.10575E+03  0.11304E+03  0.12038E+03  0.12775E+03
rxn00129
  0.00000E+00  0.00000E+00  0.69976E+04  0.19355E+05  0.35076E+05  0.52752E+05  0.71420E+05  0.90388E+05  0.10913E+06  0.12724E+06  0.14443E+06  0.16050E+06  0.17531E+06  0.18883E+06  0.20105E+06  0.21202E+06  0.22180E+06  0.23048E+06  0.23813E+06  0.24486E+06  0.25073E+06  0.25584E+06  0.26027E+06  0.26407E+06  0.26732E+06  0.27007E+06  0.27237E+06  0.27428E+06  0.27584E+06  0.27710E+06  0.27809E+06
rxn00130
  0.00000E+00  0.00000E+00  0.30403E+02  0.77956E+02  0.12563E+03  0.16544E+03  0.19537E+03  0.21638E+03  0.23044E+03  0.23961E+03  0.24553E+03  0.24948E+03  0.25220E+03  0.25427E+03  0.25594E+03  0.25740E+03  0.25870E+03  0.25987E+03  0.26090E+03  0.26178E+03  0.26248E+03  0.26300E+03  0.26332E+03  0.26344E+03  0.26335E+03  0.26306E+03  0.26256E+03  0.26186E+03  0.26099E+03  0.25995E+03  0.25876E+03
rxn00131
  0.00000E+00  0.00000E+00  0.64599E+00  0.46332E+01  0.17233E+02  0.46069E+02  0.10016E+03  0.18866E+03  0.31923E+03  0.49773E+03  0.72673E+03  0.10077E+04  0.13388E+04  0.17176E+04  0.21399E+04  0.26015E+04  0.30978E+04  0.36244E+04  0.41770E+04  0.47516E+04  0.53447E+04  0.59530E+04  0.65738E+04  0.72046E+04  0.78435E+04  0.84882E+04  0.91372E+04  0.97889E+04  0.10442E+05  0.11096E+05  0.11751E+05
rxn00132
  0.00000E+00  0.00000E+00  0.10216E+04  0.28249E+04  0.51121E+04  0.76739E+04  0.10370E+05  0.13101E+05  0.15797E+05  0.18403E+05  0.20882E+05  0.23208E+05  0.25365E+05  0.27349E+05  0.29160E+05  0.30804E+05  0.32290E+05  0.33630E+05  0.34834E+05  0.35913E+05  0.36880E+05  0.37746E+05  0.38519E+05  0.39211E+05  0.39829E+05  0.40379E+05  0.40869E+05  0.41307E+05  0.41698E+05  0.42049E+05  0.42364E+05
