rxn00001
  0.00000E+00  0.22588E+09  0.21287E+09  0.20310E+09  0.19582E+09  0.19048E+09  0.18659E+09  0.18381E+09  0.18184E+09  0.18046E+09  0.17951E+09  0.17886E+09  0.17843E+09  0.17814E+09  0.17795E+09  0.17783E+09  0.17774E+09  0.17767E+09  0.17762E+09  0.17757E+09  0.17751E+09  0.17745E+09  0.17738E+09  0.17730E+09  0.17720E+09  0.17710E+09  0.17699E+09  0.17687E+09  0.17674E+09  0.17660E+09  0.17645E+09
rxn00002
  0.00000E+00  0.33715E+06  0.30297E+06  0.27022E+06  0.24875E+06  0.23435E+06  0.22456E+06  0.21794E+06  0.21351E+06  0.21058E+06  0.20872E+06  0.20763E+06  0.20706E+06  0.20687E+06  0.20692E+06  0.20715E+06  0.20748E+06  0.20788E+06  0.20831E+06  0.20876E+06  0.20920E+06  0.20964E+06  0.21006E+06  0.21046E+06  0.21083E+06  0.21118E+06  0.21151E+06  0.21181E+06  0.21209E+06  0.21235E+06  0.21259E+06
rxn00003
  0.00000E+00  0.10920E+04  0.29029E+04  0.54558E+04  0.87732E+04  0.12838E+05  0.17586E+05  0.22933E+05  0.28771E+05  0.34996E+05  0.41512E+05  0.48246E+05  0.55129E+05  0.62106E+05  0.69134E+05  0.76180E+05  0.83216E+05  0.90224E+05  0.97186E+05  0.10409E+06  0.11093E+06  0.11770E+06  0.12439E+06  0.13099E+06  0.13750E+06  0.14393E+06  0.15027E+06  0.15651E+06  0.16267E+06  0.16873E+06  0.17471E+06
rxn00004
  0.00000E+00  0.40048E+01  0.83683E+01  0.13156E+02  0.18454E+02  0.24293E+02  0.30655E+02  0.37515E+02  0.44824E+02  0.52533E+02  0.60594E+02  0.68975E+02  0.77634E+02  0.86541E+02  0.95667E+02  0.10499E+03  0.11448E+03  0.12413E+03  0.13392E+03  0.14383E+03  0.15386E+03  0.16399E+03  0.17422E+03  0.18454E+03  0.19494E+03  0.20542E+03  0.21598E+03  0.22660E+03  0.23728E+03  0.24802E+03  0.25881E+03
rxn00005
  0.00000E+00  0.19161E+02  0.65375E+02  0.12740E+03  0.19853E+03  0.27397E+03  0.35013E+03  0.42451E+03  0.49558E+03  0.56247E+03  0.62482E+03  0.68237E+03  0.73526E+03  0.78361E+03  0.82771E+03  0.86781E+03  0.90419E+03  0.93715E+03  0.96697E+03  0.99390E+03  0.10182E+04  0.10401E+04  0.10599E+04  0.10776E+04  0.10936E+04  0.11079E+04  0.11207E+04  0.11322E+04  0.11426E+04  0.11520E+04  0.11604E+04
rxn00006
  0.00000E+00  0.16226E+02  0.31669E+02  0.41408E+02  0.47417E+02  0.51052E+02  0.53182E+02  0.54347E+02  0.54921E+02  0.55142E+02  0.55164E+02  0.55079E+02  0.54951E+02  0.54816E+02  0.54693E+02  0.54593E+02  0.54519E+02  0.54471E+02  0.54448E+02  0.54445E+02  0.54460E+02  0.54488E+02  0.54526E+02  0.54571E+02  0.54619E+02  0.54670E+02  0.54720E+02  0.54768E+02  0.54814E+02  0.54855E+02  0.54893E+02
rxn00007
  0.00000E+00  0.41851E+09  0.41905E+09  0.41947E+09  0.41980E+09  0.42006E+09  0.42027E+09  0.42044E+09  0.42059E+09  0.42073E+09  0.42085E+09  0.42097E+09  0.42108E+09  0.42120E+09  0.42131E+09  0.42143E+09  0.42154E+09  0.42166E+09  0.42178E+09  0.42190E+09  0.42202E+09  0.42214E+09  0.42227E+09  0.42240E+09  0.42253E+09  0.42266E+09  0.42279E+09  0.42292E+09  0.42305E+09  0.42318E+09  0.42332E+09
rxn00008
  0.00000E+00  0.42301E+08  0.42356E+08  0.42399E+08  0.42432E+08  0.42458E+08  0.42479E+08  0.42497E+08  0.42512E+08  0.42526E+08  0.42538E+08  0.42550E+08  0.42562E+08  0.42573E+08  0.42585E+08  0.42596E+08  0.42608E+08  0.42620E+08  0.42632E+08  0.42644E+08  0.42656E+08  0.42669E+08  0.42682E+08  0.42694E+08  0.42707E+08  0.42720E+08  0.42734E+08  0.42747E+08  0.42760E+08  0.42774E+08  0.42787E+08
rxn00009
  0.00000E+00  0.18851E+06  0.18849E+06  0.18847E+06  0.18844E+06  0.18842E+06  0.18840E+06  0.18839E+06  0.18837E+06  0.18835E+06  0.18834E+06  0.18833E+06  0.18831E+06  0.18830E+06  0.18830E+06  0.18829E+06  0.18828E+06  0.18828E+06  0.18827E+06  0.18827E+06  0.18827E+06  0.18827E+06  0.18826E+06  0.18826E+06  0.18826E+06  0.18826E+06  0.18826E+06  0.18827E+06  0.18827E+06  0.18827E+06  0.18827E+06
rxn00010
  0.00000E+00  0.41379E+06  0.41385E+06  0.41430E+06  0.41514E+06  0.41634E+06  0.41787E+06  0.41969E+06  0.42175E+06  0.42402E+06  0.42647E+06  0.42906E+06  0.43177E+06  0.43458E+06  0.43747E+06  0.44043E+06  0.44344E+06  0.44649E+06  0.44958E+06  0.45269E+06  0.45583E+06  0.45898E+06  0.46214E+06  0.46531E+06  0.46848E+06  0.47165E+06  0.47482E+06  0.47799E+06  0.48116E+06  0.48431E+06  0.48746E+06
rxn00011
  0.00000E+00  0.60049E+06  0.60058E+06  0.60123E+06  0.60245E+06  0.60419E+06  0.60641E+06  0.60905E+06  0.61204E+06  0.61534E+06  0.61888E+06  0.62265E+06  0.62658E+06  0.63066E+06  0.63485E+06  0.63915E+06  0.64351E+06  0.64794E+06  0.65242E+06  0.65694E+06  0.66149E+06  0.66606E+06  0.67065E+06  0.67525E+06  0.67985E+06  0.68446E+06  0.68906E+06  0.69366E+06  0.69825E+06  0.70283E+06  0.70740E+06
rxn00012
  0.00000E+00  0.13849E-01  0.10254E+00  0.31097E+00  0.66002E+00  0.11585E+01  0.18087E+01  0.26133E+01  0.35701E+01  0.46751E+01  0.59227E+01  0.73114E+01  0.88320E+01  0.10479E+02  0.12245E+02  0.14124E+02  0.16107E+02  0.18190E+02  0.20367E+02  0.22633E+02  0.24982E+02  0.27410E+02  0.29912E+02  0.32488E+02  0.35134E+02  0.37847E+02  0.40623E+02  0.43459E+02  0.46354E+02  0.49304E+02  0.52307E+02
rxn00013
  0.00000E+00  0.70534E-09  0.33512E-07  0.32195E-06  0.15968E-05  0.55137E-05  0.15073E-04  0.35195E-04  0.72423E-04  0.13491E-03  0.23172E-03  0.37484E-03  0.57444E-03  0.84297E-03  0.11909E-02  0.16293E-02  0.21687E-02  0.28191E-02  0.35899E-02  0.44897E-02  0.55265E-02  0.67076E-02  0.80395E-02  0.95348E-02  0.11200E-01  0.13041E-01  0.15062E-01  0.17268E-01  0.19661E-01  0.22244E-01  0.25019E-01
rxn00014
  0.00000E+00  0.26439E+01  0.55327E+01  0.86817E+01  0.12035E+02  0.15540E+02  0.19172E+02  0.22939E+02  0.26872E+02  0.31011E+02  0.35402E+02  0.40100E+02  0.45145E+02  0.50580E+02  0.56435E+02  0.62738E+02  0.69513E+02  0.76779E+02  0.84555E+02  0.92851E+02  0.10168E+03  0.11105E+03  0.12096E+03  0.13145E+03  0.14252E+03  0.15417E+03  0.16641E+03  0.17923E+03  0.19263E+03  0.20662E+03  0.22118E+03
rxn00015
  0.00000E+00  0.20435E-04  0.29597E-03  0.16675E-02  0.59518E-02  0.16166E-01  0.36447E-01  0.72134E-01  0.12874E+00  0.21175E+00  0.32608E+00  0.47770E+00  0.67020E+00  0.90799E+00  0.11938E+01  0.15304E+01  0.19200E+01  0.23648E+01  0.28662E+01  0.34256E+01  0.40442E+01  0.47227E+01  0.54619E+01  0.62649E+01  0.71323E+01  0.80646E+01  0.90620E+01  0.10125E+02  0.11252E+02  0.12445E+02  0.13701E+02
rxn00016
  0.00000E+00  0.18001E-01  0.15301E+00  0.61555E+00  0.17532E+01  0.40681E+01  0.81946E+01  0.14918E+02  0.25017E+02  0.39242E+02  0.58252E+02  0.82859E+02  0.11352E+03  0.15080E+03  0.19504E+03  0.24657E+03  0.30568E+03  0.37259E+03  0.44749E+03  0.53052E+03  0.62178E+03  0.72138E+03  0.82935E+03  0.94608E+03  0.10716E+04  0.12060E+04  0.13492E+04  0.15013E+04  0.16620E+04  0.18315E+04  0.20095E+04
rxn00017
  0.00000E+00  0.00000E+00  0.00000E+00  0.00000E+00  0.00000E+00  0.00000E+00  0.00000E+00  0.00000E+00  0.00000E+00  0.00000E+00  0.00000E+00  0.00000E+00  0.00000E+00  0.00000E+00  0.00000E+00  0.00000E+00  0.00000E+00  0.00000E+00  0.00000E+00  0.00000E+00  0.00000E+00  0.00000E+00  0.00000E+00  0.00000E+00  0.00000E+00  0.00000E+00  0.00000E+00  0.00000E+00  0.00000E+00  0.00000E+00  0.00000E+00
rxn00018
  0.00000E+00  0.41797E+00  0.32779E+01  0.10599E+02  0.23915E+02  0.44296E+02  0.72298E+02  0.10824E+03  0.15199E+03  0.20319E+03  0.26137E+03  0.32624E+03  0.39712E+03  0.47357E+03  0.55502E+03  0.64097E+03  0.73099E+03  0.82463E+03  0.92153E+03  0.10213E+04  0.11237E+04  0.12283E+04  0.13349E+04  0.14434E+04  0.15535E+04  0.16650E+04  0.17778E+04  0.18915E+04  0.20062E+04  0.21217E+04  0.22378E+04
rxn00019
  0.00000E+00  0.65431E+00  0.33421E+01  0.85702E+01  0.16410E+02  0.26730E+02  0.39284E+02  0.53824E+02  0.70058E+02  0.87712E+02  0.10654E+03  0.12638E+03  0.14703E+03  0.16834E+03  0.19020E+03  0.21250E+03  0.23515E+03  0.25809E+03  0.28125E+03  0.30458E+03  0.32804E+03  0.35160E+03  0.37523E+03  0.39889E+03  0.42258E+03  0.44626E+03  0.46992E+03  0.49354E+03  0.51712E+03  0.54065E+03  0.56411E+03
rxn00020
  0.00000E+00  0.68633E+01  0.27881E+02  0.66718E+02  0.12404E+03  0.19906E+03  0.29007E+03  0.39536E+03  0.51281E+03  0.64043E+03  0.77643E+03  0.91950E+03  0.10682E+04  0.12215E+04  0.13784E+04  0.15381E+04  0.17001E+04  0.18637E+04  0.20286E+04  0.21942E+04  0.23604E+04  0.25269E+04  0.26933E+04  0.28596E+04  0.30255E+04  0.31909E+04  0.33557E+04  0.35197E+04  0.36828E+04  0.38451E+04  0.40063E+04
rxn00021
  0.00000E+00  0.37920E+08  0.37970E+08  0.38008E+08  0.38038E+08  0.38061E+08  0.38080E+08  0.38096E+08  0.38109E+08  0.38122E+08  0.38133E+08  0.38144E+08  0.38154E+08  0.38164E+08  0.38175E+08  0.38185E+08  0.38195E+08  0.38206E+08  0.38217E+08  0.38228E+08  0.38239E+08  0.38250E+08  0.38261E+08  0.38273E+08  0.38285E+08  0.38296E+08  0.38308E+08  0.38320E+08  0.38332E+08  0.38344E+08  0.38356E+08
rxn00022
  0.00000E+00  0.43807E+07  0.43864E+07  0.43908E+07  0.43943E+07  0.43970E+07  0.43992E+07  0.44010E+07  0.44026E+07  0.44040E+07  0.44053E+07  0.44065E+07  0.44077E+07  0.44089E+07  0.44101E+07  0.44113E+07  0.44125E+07  0.44137E+07  0.44149E+07  0.44162E+07  0.44175E+07  0.44188E+07  0.44201E+07  0.44214E+07  0.44228E+07  0.44241E+07  0.44255E+07  0.44269E+07  0.44283E+07  0.44297E+07  0.44311E+07
rxn00023
  0.00000E+00  0.68260E+09  0.67017E+09  0.66082E+09  0.65388E+09  0.64880E+09  0.64513E+09  0.64254E+09  0.64073E+09  0.63950E+09  0.63868E+09  0.63816E+09  0.63785E+09  0.63769E+09  0.63762E+09  0.63762E+09  0.63766E+09  0.63772E+09  0.63780E+09  0.63788E+09  0.63796E+09  0.63803E+09  0.63810E+09  0.63815E+09  0.63820E+09  0.63824E+09  0.63827E+09  0.63829E+09  0.63831E+09  0.63831E+09  0.63831E+09
rxn00024
  0.00000E+00  0.55093E+02  0.54160E+02  0.53458E+02  0.52938E+02  0.52560E+02  0.52288E+02  0.52099E+02  0.51972E+02  0.51888E+02  0.51837E+02  0.51809E+02  0.51798E+02  0.51799E+02  0.51807E+02  0.51821E+02  0.51839E+02  0.51858E+02  0.51879E+02  0.51900E+02  0.51922E+02  0.51943E+02  0.51964E+02  0.51984E+02  0.52004E+02  0.52023E+02  0.52042E+02  0.52060E+02  0.52077E+02  0.52094E+02  0.52110E+02
rxn00025
  0.00000E+00  0.83498E+03  0.77257E+03  0.72682E+03  0.69342E+03  0.66925E+03  0.65187E+03  0.63958E+03  0.63096E+03  0.62497E+03  0.62087E+03  0.61813E+03  0.61633E+03  0.61518E+03  0.61446E+03  0.61403E+03  0.61377E+03  0.61360E+03  0.61349E+03  0.61338E+03  0.61327E+03  0.61312E+03  0.61294E+03  0.61272E+03  0.61244E+03  0.61213E+03  0.61177E+03  0.61136E+03  0.61092E+03  0.61044E+03  0.60993E+03
rxn00026
  0.00000E+00  0.61321E+03  0.56738E+03  0.53377E+03  0.50925E+03  0.49149E+03  0.47873E+03  0.46970E+03  0.46337E+03  0.45898E+03  0.45597E+03  0.45396E+03  0.45263E+03  0.45179E+03  0.45126E+03  0.45094E+03  0.45075E+03  0.45063E+03  0.45054E+03  0.45047E+03  0.45038E+03  0.45028E+03  0.45014E+03  0.44998E+03  0.44978E+03  0.44954E+03  0.44928E+03  0.44898E+03  0.44866E+03  0.44831E+03  0.44793E+03
rxn00027
  0.00000E+00  0.57436E+02  0.73902E+02  0.85724E+02  0.94158E+02  0.10010E+03  0.10421E+03  0.10698E+03  0.10878E+03  0.10989E+03  0.11051E+03  0.11078E+03  0.11080E+03  0.11066E+03  0.11041E+03  0.11009E+03  0.10973E+03  0.10934E+03  0.10895E+03  0.10856E+03  0.10817E+03  0.10780E+03  0.10744E+03  0.10709E+03  0.10675E+03  0.10643E+03  0.10612E+03  0.10583E+03  0.10554E+03  0.10527E+03  0.10501E+03
rxn00028
  0.00000E+00  0.69780E+08  0.91570E+08  0.10783E+09  0.11979E+09  0.12842E+09  0.13453E+09  0.13872E+09  0.14150E+09  0.14326E+09  0.14430E+09  0.14480E+09  0.14495E+09  0.14484E+09  0.14456E+09  0.14418E+09  0.14374E+09  0.14326E+09  0.14277E+09  0.14228E+09  0.14180E+09  0.14133E+09  0.14089E+09  0.14046E+09  0.14005E+09  0.13966E+09  0.13930E+09  0.13895E+09  0.13862E+09  0.13830E+09  0.13800E+09
rxn00029
  0.00000E+00  0.61299E+06  0.57845E+06  0.55245E+06  0.53307E+06  0.51883E+06  0.50849E+06  0.50112E+06  0.49594E+06  0.49234E+06  0.48988E+06  0.48825E+06  0.48720E+06  0.48655E+06  0.48616E+06  0.48595E+06  0.48584E+06  0.48580E+06  0.48579E+06  0.48579E+06  0.48577E+06  0.48575E+06  0.48570E+06  0.48562E+06  0.48552E+06  0.48538E+06  0.48522E+06  0.48504E+06  0.48483E+06  0.48460E+06  0.48435E+06
rxn00030
  0.00000E+00  0.15682E+06  0.18027E+06  0.20873E+06  0.23941E+06  0.26988E+06  0.29852E+06  0.32451E+06  0.34762E+06  0.36795E+06  0.38576E+06  0.40126E+06  0.41482E+06  0.42670E+06  0.43717E+06  0.44646E+06  0.45475E+06  0.46220E+06  0.46895E+06  0.47510E+06  0.48074E+06  0.48596E+06  0.49081E+06  0.49535E+06  0.49960E+06  0.50363E+06  0.50745E+06  0.51110E+06  0.51460E+06  0.51797E+06  0.52123E+06
rxn00031
  0.00000E+00  0.51434E+05  0.10024E+06  0.14858E+06  0.19537E+06  0.23911E+06  0.27901E+06  0.31483E+06  0.34677E+06  0.37517E+06  0.40040E+06  0.42276E+06  0.44262E+06  0.46027E+06  0.47599E+06  0.49003E+06  0.50258E+06  0.51383E+06  0.52393E+06  0.53303E+06  0.54124E+06  0.54866E+06  0.55540E+06  0.56151E+06  0.56706E+06  0.57212E+06  0.57676E+06  0.58102E+06  0.58494E+06  0.58857E+06  0.59195E+06
rxn00032
  0.00000E+00  0.17249E+06  0.19802E+06  0.22906E+06  0.26252E+06  0.29575E+06  0.32697E+06  0.35529E+06  0.38046E+06  0.40258E+06  0.42194E+06  0.43878E+06  0.45348E+06  0.46634E+06  0.47765E+06  0.48767E+06  0.49659E+06  0.50459E+06  0.51181E+06  0.51837E+06  0.52438E+06  0.52991E+06  0.53505E+06  0.53983E+06  0.54430E+06  0.54851E+06  0.55250E+06  0.55630E+06  0.55994E+06  0.56343E+06  0.56680E+06
rxn00033
  0.00000E+00  0.75190E+05  0.11313E+06  0.15394E+06  0.19585E+06  0.23638E+06  0.27364E+06  0.30647E+06  0.33464E+06  0.35840E+06  0.37823E+06  0.39459E+06  0.40810E+06  0.41925E+06  0.42850E+06  0.43621E+06  0.44271E+06  0.44822E+06  0.45295E+06  0.45705E+06  0.46064E+06  0.46384E+06  0.46671E+06  0.46930E+06  0.47167E+06  0.47387E+06  0.47591E+06  0.47784E+06  0.47966E+06  0.48140E+06  0.48307E+06
rxn00034
  0.00000E+00  0.58254E+06  0.63027E+06  0.69559E+06  0.76865E+06  0.84228E+06  0.91219E+06  0.97642E+06  0.10344E+07  0.10863E+07  0.11325E+07  0.11734E+07  0.12098E+07  0.12421E+07  0.12709E+07  0.12966E+07  0.13197E+07  0.13405E+07  0.13592E+07  0.13762E+07  0.13918E+07  0.14060E+07  0.14190E+07  0.14310E+07  0.14421E+07  0.14525E+07  0.14621E+07  0.14711E+07  0.14796E+07  0.14877E+07  0.14953E+07
rxn00035
  0.00000E+00  0.97095E+02  0.10017E+03  0.10334E+03  0.10903E+03  0.11572E+03  0.12259E+03  0.12928E+03  0.13562E+03  0.14155E+03  0.14704E+03  0.15211E+03  0.15677E+03  0.16107E+03  0.16502E+03  0.16866E+03  0.17202E+03  0.17513E+03  0.17800E+03  0.18067E+03  0.18316E+03  0.18548E+03  0.18765E+03  0.18968E+03  0.19160E+03  0.19340E+03  0.19511E+03  0.19673E+03  0.19828E+03  0.19976E+03  0.20118E+03
rxn00036
  0.00000E+00  0.64858E+01  0.19794E+02  0.43033E+02  0.79308E+02  0.13074E+03  0.19800E+03  0.28056E+03  0.37693E+03  0.48513E+03  0.60314E+03  0.72895E+03  0.86085E+03  0.99730E+03  0.11371E+04  0.12793E+04  0.14230E+04  0.15676E+04  0.17128E+04  0.18580E+04  0.20030E+04  0.21476E+04  0.22917E+04  0.24349E+04  0.25772E+04  0.27185E+04  0.28588E+04  0.29981E+04  0.31364E+04  0.32736E+04  0.34098E+04
rxn00037
  0.00000E+00  0.23186E+01  0.55619E+01  0.10115E+02  0.16261E+02  0.24114E+02  0.33643E+02  0.44737E+02  0.57240E+02  0.70985E+02  0.85813E+02  0.10158E+03  0.11816E+03  0.13546E+03  0.15337E+03  0.17185E+03  0.19081E+03  0.21023E+03  0.23005E+03  0.25025E+03  0.27080E+03  0.29168E+03  0.31288E+03  0.33437E+03  0.35614E+03  0.37820E+03  0.40052E+03  0.42310E+03  0.44594E+03  0.46903E+03  0.49237E+03
rxn00038
  0.00000E+00  0.44448E+02  0.17410E+03  0.39245E+03  0.70093E+03  0.10897E+04  0.15396E+04  0.20284E+04  0.25357E+04  0.30453E+04  0.35455E+04  0.40266E+04  0.44840E+04  0.49144E+04  0.53169E+04  0.56914E+04  0.60385E+04  0.63595E+04  0.66556E+04  0.69288E+04  0.71805E+04  0.74125E+04  0.76266E+04  0.78235E+04  0.80049E+04  0.81723E+04  0.83272E+04  0.84708E+04  0.86044E+04  0.87289E+04  0.88454E+04
rxn00039
  0.00000E+00  0.72682E+04  0.16241E+05  0.27818E+05  0.41889E+05  0.57720E+05  0.74426E+05  0.91217E+05  0.10755E+06  0.12308E+06  0.13764E+06  0.15108E+06  0.16343E+06  0.17472E+06  0.18503E+06  0.19442E+06  0.20299E+06  0.21082E+06  0.21798E+06  0.22455E+06  0.23058E+06  0.23614E+06  0.24129E+06  0.24604E+06  0.25046E+06  0.25457E+06  0.25842E+06  0.26204E+06  0.26545E+06  0.26868E+06  0.27175E+06
rxn00040
  0.00000E+00  0.10445E+06  0.11990E+06  0.13868E+06  0.15892E+06  0.17902E+06  0.19790E+06  0.21501E+06  0.23022E+06  0.24359E+06  0.25528E+06  0.26545E+06  0.27433E+06  0.28210E+06  0.28893E+06  0.29498E+06  0.30036E+06  0.30519E+06  0.30955E+06  0.31351E+06  0.31714E+06  0.32049E+06  0.32359E+06  0.32648E+06  0.32918E+06  0.33173E+06  0.33415E+06  0.33645E+06  0.33865E+06  0.34077E+06  0.34281E+06
rxn00041
  0.00000E+00  0.21091E+04  0.79908E+04  0.17520E+05  0.30243E+05  0.45246E+05  0.61546E+05  0.78300E+05  0.94923E+05  0.11103E+06  0.12640E+06  0.14083E+06  0.15429E+06  0.16675E+06  0.17824E+06  0.18880E+06  0.19849E+06  0.20736E+06  0.21547E+06  0.22289E+06  0.22968E+06  0.23589E+06  0.24157E+06  0.24676E+06  0.25151E+06  0.25587E+06  0.25987E+06  0.26356E+06  0.26696E+06  0.27012E+06  0.27305E+06
rxn00042
  0.00000E+00  0.22211E+04  0.84148E+04  0.18450E+05  0.31848E+05  0.47647E+05  0.64812E+05  0.82455E+05  0.99961E+05  0.11693E+06  0.13311E+06  0.14830E+06  0.16248E+06  0.17560E+06  0.18770E+06  0.19882E+06  0.20902E+06  0.21836E+06  0.22691E+06  0.23472E+06  0.24187E+06  0.24840E+06  0.25439E+06  0.25986E+06  0.26486E+06  0.26945E+06  0.27366E+06  0.27754E+06  0.28113E+06  0.28445E+06  0.28754E+06
rxn00043
  0.00000E+00  0.92163E+06  0.23510E+07  0.40952E+07  0.59726E+07  0.78268E+07  0.95579E+07  0.11112E+08  0.12476E+08  0.13657E+08  0.14672E+08  0.15537E+08  0.16274E+08  0.16901E+08  0.17436E+08  0.17893E+08  0.18285E+08  0.18622E+08  0.18912E+08  0.19163E+08  0.19381E+08  0.19571E+08  0.19737E+08  0.19881E+08  0.20007E+08  0.20118E+08  0.20215E+08  0.20301E+08  0.20376E+08  0.20443E+08  0.20502E+08
rxn00044
  0.00000E+00  0.79924E+06  0.14661E+07  0.20712E+07  0.26238E+07  0.31216E+07  0.35664E+07  0.39627E+07  0.43164E+07  0.46331E+07  0.49171E+07  0.51715E+07  0.53999E+07  0.56046E+07  0.57883E+07  0.59532E+07  0.61010E+07  0.62335E+07  0.63524E+07  0.64589E+07  0.65544E+07  0.66401E+07  0.67169E+07  0.67856E+07  0.68471E+07  0.69021E+07  0.69514E+07  0.69957E+07  0.70356E+07  0.70714E+07  0.71038E+07
rxn00045
  0.00000E+00  0.30415E+03  0.55792E+03  0.78820E+03  0.99848E+03  0.11879E+04  0.13572E+04  0.15080E+04  0.16426E+04  0.17631E+04  0.18712E+04  0.19680E+04  0.20549E+04  0.21328E+04  0.22027E+04  0.22655E+04  0.23217E+04  0.23722E+04  0.24174E+04  0.24579E+04  0.24943E+04  0.25269E+04  0.25561E+04  0.25823E+04  0.26056E+04  0.26266E+04  0.26453E+04  0.26622E+04  0.26774E+04  0.26910E+04  0.27033E+04
rxn00046
  0.00000E+00  0.11432E+06  0.39005E+06  0.76009E+06  0.11845E+07  0.16346E+07  0.20889E+07  0.25328E+07  0.29568E+07  0.33559E+07  0.37279E+07  0.40712E+07  0.43868E+07  0.46752E+07  0.49383E+07  0.51776E+07  0.53947E+07  0.55913E+07  0.57692E+07  0.59299E+07  0.60749E+07  0.62057E+07  0.63236E+07  0.64295E+07  0.65245E+07  0.66098E+07  0.66864E+07  0.67553E+07  0.68172E+07  0.68731E+07  0.69234E+07
rxn00047
  0.00000E+00  0.20690E+06  0.24366E+06  0.25566E+06  0.26124E+06  0.26369E+06  0.26456E+06  0.26465E+06  0.26437E+06  0.26392E+06  0.26340E+06  0.26286E+06  0.26233E+06  0.26182E+06  0.26132E+06  0.26085E+06  0.26039E+06  0.25995E+06  0.25952E+06  0.25911E+06  0.25871E+06  0.25832E+06  0.25794E+06  0.25757E+06  0.25720E+06  0.25684E+06  0.25648E+06  0.25612E+06  0.25577E+06  0.25542E+06  0.25507E+06
rxn00048
  0.00000E+00  0.24512E+02  0.20759E+02  0.17665E+02  0.15678E+02  0.14368E+02  0.13486E+02  0.12894E+02  0.12496E+02  0.12232E+02  0.12060E+02  0.11953E+02  0.11892E+02  0.11861E+02  0.11852E+02  0.11856E+02  0.11869E+02  0.11888E+02  0.11909E+02  0.11931E+02  0.11953E+02  0.11973E+02  0.11993E+02  0.12010E+02  0.12025E+02  0.12038E+02  0.12049E+02  0.12058E+02  0.12065E+02  0.12070E+02  0.12074E+02
rxn00049
  0.00000E+00  0.47584E+05  0.40299E+05  0.34293E+05  0.30437E+05  0.27892E+05  0.26181E+05  0.25031E+05  0.24259E+05  0.23745E+05  0.23411E+05  0.23205E+05  0.23085E+05  0.23026E+05  0.23008E+05  0.23017E+05  0.23042E+05  0.23078E+05  0.23119E+05  0.23162E+05  0.23204E+05  0.23244E+05  0.23281E+05  0.23315E+05  0.23344E+05  0.23369E+05  0.23391E+05  0.23408E+05  0.23421E+05  0.23432E+05  0.23439E+05
rxn00050
  0.00000E+00  0.58047E-03  0.46875E-03  0.37289E-03  0.31598E-03  0.28046E-03  0.25752E-03  0.24256E-03  0.23279E-03  0.22646E-03  0.22248E-03  0.22015E-03  0.21895E-03  0.21854E-03  0.21866E-03  0.21913E-03  0.21983E-03  0.22067E-03  0.22159E-03  0.22254E-03  0.22350E-03  0.22443E-03  0.22533E-03  0.22618E-03  0.22699E-03  0.22774E-03  0.22845E-03  0.22910E-03  0.22971E-03  0.23028E-03  0.23080E-03
rxn00051
  0.00000E+00  0.16162E+03  0.28269E+03  0.37334E+03  0.45154E+03  0.52032E+03  0.58150E+03  0.63656E+03  0.68662E+03  0.73244E+03  0.77457E+03  0.81331E+03  0.84897E+03  0.88175E+03  0.91187E+03  0.93951E+03  0.96485E+03  0.98806E+03  0.10093E+04  0.10287E+04  0.10465E+04  0.10628E+04  0.10777E+04  0.10912E+04  0.11037E+04  0.11150E+04  0.11254E+04  0.11350E+04  0.11438E+04  0.11520E+04  0.11596E+04
rxn00052
  0.00000E+00  0.27264E+03  0.53213E+03  0.69577E+03  0.79673E+03  0.85781E+03  0.89360E+03  0.91319E+03  0.92283E+03  0.92655E+03  0.92691E+03  0.92549E+03  0.92334E+03  0.92106E+03  0.91900E+03  0.91731E+03  0.91607E+03  0.91527E+03  0.91488E+03  0.91484E+03  0.91508E+03  0.91555E+03  0.91619E+03  0.91694E+03  0.91776E+03  0.91861E+03  0.91945E+03  0.92027E+03  0.92103E+03  0.92173E+03  0.92235E+03
rxn00053
  0.00000E+00  0.66147E+04  0.12910E+05  0.16880E+05  0.19330E+05  0.20812E+05  0.21680E+05  0.22155E+05  0.22389E+05  0.22479E+05  0.22488E+05  0.22454E+05  0.22402E+05  0.22346E+05  0.22296E+05  0.22255E+05  0.22225E+05  0.22206E+05  0.22196E+05  0.22195E+05  0.22201E+05  0.22213E+05  0.22228E+05  0.22246E+05  0.22266E+05  0.22287E+05  0.22307E+05  0.22327E+05  0.22345E+05  0.22362E+05  0.22378E+05
rxn00054
  0.00000E+00  0.20152E+01  0.34612E+01  0.47899E+01  0.59020E+01  0.67748E+01  0.74273E+01  0.78906E+01  0.82045E+01  0.84050E+01  0.85218E+01  0.85767E+01  0.85888E+01  0.85714E+01  0.85344E+01  0.84851E+01  0.84284E+01  0.83679E+01  0.83059E+01  0.82442E+01  0.81837E+01  0.81251E+01  0.80688E+01  0.80150E+01  0.79637E+01  0.79149E+01  0.78685E+01  0.78243E+01  0.77821E+01  0.77418E+01  0.77032E+01
rxn00055
  0.00000E+00  0.15325E+07  0.17593E+07  0.20351E+07  0.23324E+07  0.26276E+07  0.29050E+07  0.31565E+07  0.33801E+07  0.35767E+07  0.37486E+07  0.38982E+07  0.40287E+07  0.41430E+07  0.42435E+07  0.43324E+07  0.44116E+07  0.44826E+07  0.45467E+07  0.46050E+07  0.46583E+07  0.47074E+07  0.47530E+07  0.47954E+07  0.48351E+07  0.48725E+07  0.49079E+07  0.49416E+07  0.49738E+07  0.50048E+07  0.50346E+07
rxn00056
  0.00000E+00  0.00000E+00  0.00000E+00  0.00000E+00  0.00000E+00  0.00000E+00  0.00000E+00  0.00000E+00  0.00000E+00  0.00000E+00  0.00000E+00  0.00000E+00  0.00000E+00  0.00000E+00  0.00000E+00  0.00000E+00  0.00000E+00  0.00000E+00  0.00000E+00  0.00000E+00  0.00000E+00  0.00000E+00  0.00000E+00  0.00000E+00  0.00000E+00  0.00000E+00  0.00000E+00  0.00000E+00  0.00000E+00  0.00000E+00  0.00000E+00
rxn00057
  0.00000E+00  0.57220E+06  0.65690E+06  0.75987E+06  0.87088E+06  0.98110E+06  0.10847E+07  0.11786E+07  0.12621E+07  0.13355E+07  0.13997E+07  0.14556E+07  0.15043E+07  0.15470E+07  0.15845E+07  0.16178E+07  0.16473E+07  0.16739E+07  0.16978E+07  0.17196E+07  0.17395E+07  0.17579E+07  0.17749E+07  0.17908E+07  0.18056E+07  0.18196E+07  0.18328E+07  0.18454E+07  0.18575E+07  0.18691E+07  0.18802E+07
rxn00058
  0.00000E+00  0.00000E+00  0.72413E-10  0.10017E-08  0.60177E-08  0.23709E-07  0.71523E-07  0.18013E-06  0.39411E-06  0.77188E-06  0.13824E-05  0.23138E-05  0.36500E-05  0.54885E-05  0.79182E-05  0.11032E-04  0.14918E-04  0.19663E-04  0.25349E-04  0.32051E-04  0.39840E-04  0.48783E-04  0.58939E-04  0.70408E-04  0.83251E-04  0.97519E-04  0.11326E-03  0.13052E-03  0.14933E-03  0.16973E-03  0.19173E-03
rxn00059
  0.00000E+00  0.15687E+01  0.91988E+01  0.27286E+02  0.59877E+02  0.10987E+03  0.17851E+03  0.26574E+03  0.37035E+03  0.49057E+03  0.62445E+03  0.77012E+03  0.92574E+03  0.10898E+04  0.12608E+04  0.14377E+04  0.16196E+04  0.18056E+04  0.19951E+04  0.21876E+04  0.23826E+04  0.25796E+04  0.27786E+04  0.29790E+04  0.31807E+04  0.33835E+04  0.35872E+04  0.37917E+04  0.39970E+04  0.42028E+04  0.44092E+04
rxn00060
  0.00000E+00  0.00000E+00  0.47911E-02  0.21137E-01  0.55146E-01  0.11172E+00  0.19425E+00  0.30498E+00  0.44495E+00  0.61437E+00  0.81284E+00  0.10396E+01  0.12936E+01  0.15735E+01  0.18780E+01  0.22057E+01  0.25555E+01  0.29262E+01  0.33166E+01  0.37258E+01  0.41528E+01  0.45967E+01  0.50569E+01  0.55328E+01  0.60237E+01  0.65292E+01  0.70487E+01  0.75818E+01  0.81281E+01  0.86872E+01  0.92589E+01
rxn00061
  0.00000E+00  0.31253E+06  0.35884E+06  0.41554E+06  0.47721E+06  0.53916E+06  0.59827E+06  0.65291E+06  0.70260E+06  0.74747E+06  0.78791E+06  0.82433E+06  0.85734E+06  0.88739E+06  0.91497E+06  0.94047E+06  0.96422E+06  0.98649E+06  0.10075E+07  0.10275E+07  0.10466E+07  0.10650E+07  0.10827E+07  0.10999E+07  0.11165E+07  0.11328E+07  0.11487E+07  0.11643E+07  0.11797E+07  0.11948E+07  0.12098E+07
rxn00062
  0.00000E+00  0.10955E+02  0.98461E+01  0.87913E+01  0.81090E+01  0.76618E+01  0.73687E+01  0.71826E+01  0.70710E+01  0.70118E+01  0.69899E+01  0.69955E+01  0.70205E+01  0.70596E+01  0.71084E+01  0.71642E+01  0.72247E+01  0.72884E+01  0.73541E+01  0.74209E+01  0.74882E+01  0.75557E+01  0.76230E+01  0.76898E+01  0.77560E+01  0.78215E+01  0.78863E+01  0.79503E+01  0.80135E+01  0.80760E+01  0.81378E+01
rxn00063
  0.00000E+00  0.16026E+02  0.38500E+02  0.69884E+02  0.11103E+03  0.16150E+03  0.22029E+03  0.28641E+03  0.35927E+03  0.43872E+03  0.52492E+03  0.61831E+03  0.71942E+03  0.82889E+03  0.94728E+03  0.10752E+04  0.12131E+04  0.13614E+04  0.15208E+04  0.16914E+04  0.18737E+04  0.20679E+04  0.22744E+04  0.24937E+04  0.27260E+04  0.29717E+04  0.32310E+04  0.35038E+04  0.37905E+04  0.40909E+04  0.44054E+04
rxn00064
  0.00000E+00  0.16280E-02  0.30616E-02  0.42849E-02  0.54677E-02  0.66514E-02  0.78632E-02  0.91313E-02  0.10479E-01  0.11927E-01  0.13496E-01  0.15207E-01  0.17073E-01  0.19111E-01  0.21329E-01  0.23736E-01  0.26342E-01  0.29151E-01  0.32170E-01  0.35402E-01  0.38851E-01  0.42519E-01  0.46408E-01  0.50528E-01  0.54880E-01  0.59465E-01  0.64284E-01  0.69337E-01  0.74621E-01  0.80136E-01  0.85880E-01
rxn00065
  0.00000E+00  0.19518E-04  0.32453E-03  0.21150E-02  0.86519E-02  0.26473E-01  0.65989E-01  0.14191E+00  0.27123E+00  0.47204E+00  0.76184E+00  0.11606E+01  0.16829E+01  0.23446E+01  0.31574E+01  0.41325E+01  0.52796E+01  0.66072E+01  0.81227E+01  0.98327E+01  0.11743E+02  0.13858E+02  0.16182E+02  0.18727E+02  0.21496E+02  0.24494E+02  0.27724E+02  0.31188E+02  0.34888E+02  0.38825E+02  0.43001E+02
rxn00066
  0.00000E+00  0.59402E-02  0.57967E-01  0.26975E+00  0.88055E+00  0.23018E+01  0.51261E+01  0.10140E+02  0.18209E+02  0.30224E+02  0.47023E+02  0.69555E+02  0.98483E+02  0.13454E+03  0.17823E+03  0.23005E+03  0.29041E+03  0.35968E+03  0.43816E+03  0.52612E+03  0.62378E+03  0.73133E+03  0.84894E+03  0.97708E+03  0.11159E+04  0.12656E+04  0.14262E+04  0.15978E+04  0.17804E+04  0.19742E+04  0.21790E+04
rxn00067
  0.00000E+00  0.50435E-06  0.38525E-05  0.13823E-04  0.36242E-04  0.79227E-04  0.15292E-03  0.27019E-03  0.44387E-03  0.68673E-03  0.10104E-02  0.14297E-02  0.19534E-02  0.25925E-02  0.33538E-02  0.42446E-02  0.52705E-02  0.64365E-02  0.77465E-02  0.92035E-02  0.10810E-01  0.12567E-01  0.14477E-01  0.16546E-01  0.18776E-01  0.21165E-01  0.23715E-01  0.26425E-01  0.29294E-01  0.32320E-01  0.35502E-01
rxn00068
  0.00000E+00  0.00000E+00  0.00000E+00  0.00000E+00  0.00000E+00  0.00000E+00  0.00000E+00  0.00000E+00  0.00000E+00  0.00000E+00  0.00000E+00  0.00000E+00  0.00000E+00  0.00000E+00  0.00000E+00  0.00000E+00  0.00000E+00  0.00000E+00  0.00000E+00  0.00000E+00  0.00000E+00  0.00000E+00  0.00000E+00  0.00000E+00  0.00000E+00  0.00000E+00  0.00000E+00  0.00000E+00  0.00000E+00  0.00000E+00  0.00000E+00
rxn00069
  0.00000E+00  0.00000E+00  0.00000E+00  0.00000E+00  0.00000E+00  0.00000E+00  0.00000E+00  0.00000E+00  0.00000E+00  0.00000E+00  0.00000E+00  0.00000E+00  0.00000E+00  0.00000E+00  0.00000E+00  0.00000E+00  0.00000E+00  0.00000E+00  0.00000E+00  0.00000E+00  0.00000E+00  0.00000E+00  0.00000E+00  0.00000E+00  0.00000E+00  0.00000E+00  0.00000E+00  0.00000E+00  0.00000E+00  0.00000E+00  0.00000E+00
rxn00070
  0.00000E+00  0.00000E+00  0.00000E+00  0.00000E+00  0.00000E+00  0.00000E+00  0.00000E+00  0.00000E+00  0.00000E+00  0.00000E+00  0.00000E+00  0.00000E+00  0.00000E+00  0.00000E+00  0.00000E+00  0.00000E+00  0.00000E+00  0.00000E+00  0.00000E+00  0.00000E+00  0.00000E+00  0.00000E+00  0.00000E+00  0.00000E+00  0.00000E+00  0.00000E+00  0.00000E+00  0.00000E+00  0.00000E+00  0.00000E+00  0.00000E+00
rxn00071
  0.00000E+00  0.00000E+00  0.00000E+00  0.00000E+00  0.00000E+00  0.00000E+00  0.00000E+00  0.00000E+00  0.00000E+00  0.00000E+00  0.00000E+00  0.00000E+00  0.00000E+00  0.00000E+00  0.00000E+00  0.00000E+00  0.00000E+00  0.00000E+00  0.00000E+00  0.00000E+00  0.00000E+00  0.00000E+00  0.00000E+00  0.00000E+00  0.00000E+00  0.00000E+00  0.00000E+00  0.00000E+00  0.00000E+00  0.00000E+00  0.00000E+00
rxn00072
  0.00000E+00  0.00000E+00  0.00000E+00  0.00000E+00  0.00000E+00  0.00000E+00  0.00000E+00  0.00000E+00  0.00000E+00  0.00000E+00  0.00000E+00  0.00000E+00  0.00000E+00  0.00000E+00  0.00000E+00  0.00000E+00  0.00000E+00  0.00000E+00  0.00000E+00  0.00000E+00  0.00000E+00  0.00000E+00  0.00000E+00  0.00000E+00  0.00000E+00  0.00000E+00  0.00000E+00  0.00000E+00  0.00000E+00  0.00000E+00  0.00000E+00
rxn00073
  0.00000E+00  0.00000E+00  0.00000E+00  0.00000E+00  0.00000E+00  0.00000E+00  0.00000E+00  0.00000E+00  0.00000E+00  0.00000E+00  0.00000E+00  0.00000E+00  0.00000E+00  0.00000E+00  0.00000E+00  0.00000E+00  0.00000E+00  0.00000E+00  0.00000E+00  0.00000E+00  0.00000E+00  0.00000E+00  0.00000E+00  0.00000E+00  0.00000E+00  0.00000E+00  0.00000E+00  0.00000E+00  0.00000E+00  0.00000E+00  0.00000E+00
rxn00074
  0.00000E+00  0.00000E+00  0.00000E+00  0.00000E+00  0.00000E+00  0.00000E+00  0.00000E+00  0.00000E+00  0.00000E+00  0.00000E+00  0.00000E+00  0.00000E+00  0.00000E+00  0.00000E+00  0.00000E+00  0.00000E+00  0.00000E+00  0.00000E+00  0.00000E+00  0.00000E+00  0.00000E+00  0.00000E+00  0.00000E+00  0.00000E+00  0.00000E+00  0.00000E+00  0.00000E+00  0.00000E+00  0.00000E+00  0.00000E+00  0.00000E+00
rxn00075
  0.00000E+00  0.00000E+00  0.00000E+00  0.00000E+00  0.00000E+00  0.00000E+00  0.00000E+00  0.00000E+00  0.00000E+00  0.00000E+00  0.00000E+00  0.00000E+00  0.00000E+00  0.00000E+00  0.00000E+00  0.00000E+00  0.00000E+00  0.00000E+00  0.00000E+00  0.00000E+00  0.00000E+00  0.00000E+00  0.00000E+00  0.00000E+00  0.00000E+00  0.00000E+00  0.00000E+00  0.00000E+00  0.00000E+00  0.00000E+00  0.00000E+00
rxn00076
  0.00000E+00  0.00000E+00  0.00000E+00  0.00000E+00  0.00000E+00  0.00000E+00  0.00000E+00  0.00000E+00  0.00000E+00  0.00000E+00  0.00000E+00  0.00000E+00  0.00000E+00  0.00000E+00  0.00000E+00  0.00000E+00  0.00000E+00  0.00000E+00  0.00000E+00  0.00000E+00  0.00000E+00  0.00000E+00  0.00000E+00  0.00000E+00  0.00000E+00  0.00000E+00  0.00000E+00  0.00000E+00  0.00000E+00  0.00000E+00  0.00000E+00
rxn00077
  0.00000E+00  0.00000E+00  0.00000E+00  0.00000E+00  0.00000E+00  0.00000E+00  0.00000E+00  0.00000E+00  0.00000E+00  0.00000E+00  0.00000E+00  0.00000E+00  0.00000E+00  0.00000E+00  0.00000E+00  0.00000E+00  0.00000E+00  0.00000E+00  0.00000E+00  0.00000E+00  0.00000E+00  0.00000E+00  0.00000E+00  0.00000E+00  0.00000E+00  0.00000E+00  0.00000E+00  0.00000E+00  0.00000E+00  0.00000E+00  0.00000E+00
rxn00078
  0.00000E+00  0.00000E+00  0.00000E+00  0.00000E+00  0.00000E+00  0.00000E+00  0.00000E+00  0.00000E+00  0.00000E+00  0.00000E+00  0.00000E+00  0.00000E+00  0.00000E+00  0.00000E+00  0.00000E+00  0.00000E+00  0.00000E+00  0.00000E+00  0.00000E+00  0.00000E+00  0.00000E+00  0.00000E+00  0.00000E+00  0.00000E+00  0.00000E+00  0.00000E+00  0.00000E+00  0.00000E+00  0.00000E+00  0.00000E+00  0.00000E+00
rxn00079
  0.00000E+00  0.00000E+00  0.00000E+00  0.00000E+00  0.00000E+00  0.00000E+00  0.00000E+00  0.00000E+00  0.00000E+00  0.00000E+00  0.00000E+00  0.00000E+00  0.00000E+00  0.00000E+00  0.00000E+00  0.00000E+00  0.00000E+00  0.00000E+00  0.00000E+00  0.00000E+00  0.00000E+00  0.00000E+00  0.00000E+00  0.00000E+00  0.00000E+00  0.00000E+00  0.00000E+00  0.00000E+00  0.00000E+00  0.00000E+00  0.00000E+00
rxn00080
  0.00000E+00  0.00000E+00  0.00000E+00  0.00000E+00  0.00000E+00  0.00000E+00  0.00000E+00  0.00000E+00  0.00000E+00  0.00000E+00  0.00000E+00  0.00000E+00  0.00000E+00  0.00000E+00  0.00000E+00  0.00000E+00  0.00000E+00  0.00000E+00  0.00000E+00  0.00000E+00  0.00000E+00  0.00000E+00  0.00000E+00  0.00000E+00  0.00000E+00  0.00000E+00  0.00000E+00  0.00000E+00  0.00000E+00  0.00000E+00  0.00000E+00
rxn00081
  0.00000E+00  0.00000E+00  0.00000E+00  0.00000E+00  0.00000E+00  0.00000E+00  0.00000E+00  0.00000E+00  0.00000E+00  0.00000E+00  0.00000E+00  0.00000E+00  0.00000E+00  0.00000E+00  0.00000E+00  0.00000E+00  0.00000E+00  0.00000E+00  0.00000E+00  0.00000E+00  0.00000E+00  0.00000E+00  0.00000E+00  0.00000E+00  0.00000E+00  0.00000E+00  0.00000E+00  0.00000E+00  0.00000E+00  0.00000E+00  0.00000E+00
rxn00082
  0.00000E+00  0.00000E+00  0.00000E+00  0.00000E+00  0.00000E+00  0.00000E+00  0.00000E+00  0.00000E+00  0.00000E+00  0.00000E+00  0.00000E+00  0.00000E+00  0.00000E+00  0.00000E+00  0.00000E+00  0.00000E+00  0.00000E+00  0.00000E+00  0.00000E+00  0.00000E+00  0.00000E+00  0.00000E+00  0.00000E+00  0.00000E+00  0.00000E+00  0.00000E+00  0.00000E+00  0.00000E+00  0.00000E+00  0.00000E+00  0.00000E+00
rxn00083
  0.00000E+00  0.00000E+00  0.00000E+00  0.00000E+00  0.00000E+00  0.00000E+00  0.00000E+00  0.00000E+00  0.00000E+00  0.00000E+00  0.00000E+00  0.00000E+00  0.00000E+00  0.00000E+00  0.00000E+00  0.00000E+00  0.00000E+00  0.00000E+00  0.00000E+00  0.00000E+00  0.00000E+00  0.00000E+00  0.00000E+00  0.00000E+00  0.00000E+00  0.00000E+00  0.00000E+00  0.00000E+00  0.00000E+00  0.00000E+00  0.00000E+00
rxn00084
  0.00000E+00  0.66460E+07  0.76072E+07  0.87699E+07  0.10012E+08  0.11229E+08  0.12354E+08  0.13352E+08  0.14215E+08  0.14950E+08  0.15568E+08  0.16080E+08  0.16503E+08  0.16850E+08  0.17132E+08  0.17360E+08  0.17542E+08  0.17687E+08  0.17798E+08  0.17883E+08  0.17944E+08  0.17986E+08  0.18011E+08  0.18021E+08  0.18018E+08  0.18005E+08  0.17982E+08  0.17951E+08  0.17913E+08  0.17868E+08  0.17819E+08
rxn00085
  0.00000E+00  0.29683E+06  0.29634E+06  0.29563E+06  0.29471E+06  0.29360E+06  0.29230E+06  0.29086E+06  0.28928E+06  0.28760E+06  0.28583E+06  0.28399E+06  0.28209E+06  0.28014E+06  0.27816E+06  0.27615E+06  0.27412E+06  0.27206E+06  0.27000E+06  0.26792E+06  0.26584E+06  0.26375E+06  0.26166E+06  0.25956E+06  0.25747E+06  0.25538E+06  0.25329E+06  0.25121E+06  0.24912E+06  0.24705E+06  0.24498E+06
rxn00086
  0.00000E+00  0.29035E+05  0.26014E+05  0.23124E+05  0.21203E+05  0.19888E+05  0.18964E+05  0.18307E+05  0.17830E+05  0.17478E+05  0.17212E+05  0.17007E+05  0.16843E+05  0.16706E+05  0.16588E+05  0.16482E+05  0.16382E+05  0.16286E+05  0.16191E+05  0.16097E+05  0.16001E+05  0.15904E+05  0.15804E+05  0.15703E+05  0.15599E+05  0.15493E+05  0.15386E+05  0.15276E+05  0.15165E+05  0.15052E+05  0.14938E+05
rxn00087
  0.00000E+00  0.47151E+03  0.21989E+04  0.60868E+04  0.12970E+05  0.23447E+05  0.37776E+05  0.55946E+05  0.77707E+05  0.10269E+06  0.13048E+06  0.16069E+06  0.19293E+06  0.22687E+06  0.26223E+06  0.29876E+06  0.33625E+06  0.37455E+06  0.41351E+06  0.45302E+06  0.49298E+06  0.53331E+06  0.57395E+06  0.61483E+06  0.65589E+06  0.69710E+06  0.73843E+06  0.77984E+06  0.82132E+06  0.86285E+06  0.90442E+06
rxn00088
  0.00000E+00  0.41013E+02  0.16682E+03  0.39961E+03  0.74352E+03  0.11939E+04  0.17407E+04  0.23735E+04  0.30797E+04  0.38473E+04  0.46657E+04  0.55269E+04  0.64225E+04  0.73461E+04  0.82920E+04  0.92555E+04  0.10233E+05  0.11221E+05  0.12217E+05  0.13218E+05  0.14223E+05  0.15231E+05  0.16239E+05  0.17247E+05  0.18253E+05  0.19257E+05  0.20257E+05  0.21254E+05  0.22246E+05  0.23233E+05  0.24216E+05
rxn00089
  0.00000E+00  0.10318E-01  0.37667E-01  0.80393E-01  0.13759E+00  0.20801E+00  0.29046E+00  0.38423E+00  0.48822E+00  0.60137E+00  0.72264E+00  0.85132E+00  0.98630E+00  0.11268E+01  0.12718E+01  0.14208E+01  0.15729E+01  0.17276E+01  0.18843E+01  0.20425E+01  0.22019E+01  0.23621E+01  0.25228E+01  0.26836E+01  0.28443E+01  0.30048E+01  0.31648E+01  0.33243E+01  0.34830E+01  0.36409E+01  0.37979E+01
rxn00090
  0.00000E+00  0.98142E+06  0.24882E+07  0.41712E+07  0.58354E+07  0.73795E+07  0.87606E+07  0.99618E+07  0.10990E+08  0.11860E+08  0.12590E+08  0.13197E+08  0.13700E+08  0.14113E+08  0.14452E+08  0.14729E+08  0.14954E+08  0.15134E+08  0.15277E+08  0.15389E+08  0.15475E+08  0.15538E+08  0.15582E+08  0.15609E+08  0.15622E+08  0.15623E+08  0.15613E+08  0.15594E+08  0.15567E+08  0.15534E+08  0.15495E+08
rxn00091
  0.00000E+00  0.36607E+04  0.94842E+04  0.14268E+05  0.17338E+05  0.18874E+05  0.19332E+05  0.19142E+05  0.18631E+05  0.18007E+05  0.17380E+05  0.16806E+05  0.16304E+05  0.15876E+05  0.15515E+05  0.15211E+05  0.14953E+05  0.14732E+05  0.14540E+05  0.14370E+05  0.14217E+05  0.14077E+05  0.13946E+05  0.13822E+05  0.13704E+05  0.13589E+05  0.13476E+05  0.13365E+05  0.13255E+05  0.13146E+05  0.13038E+05
rxn00092
  0.00000E+00  0.13769E+02  0.14153E+03  0.60611E+03  0.17188E+04  0.38113E+04  0.71571E+04  0.11948E+05  0.18238E+05  0.25987E+05  0.35092E+05  0.45454E+05  0.56902E+05  0.69307E+05  0.82523E+05  0.96432E+05  0.11093E+06  0.12593E+06  0.14135E+06  0.15712E+06  0.17320E+06  0.18952E+06  0.20606E+06  0.22278E+06  0.23966E+06  0.25665E+06  0.27375E+06  0.29092E+06  0.30815E+06  0.32542E+06  0.34272E+06
rxn00093
  0.00000E+00  0.22204E+05  0.83607E+05  0.17642E+06  0.29212E+06  0.42174E+06  0.55769E+06  0.69397E+06  0.82665E+06  0.95326E+06  0.10723E+07  0.11826E+07  0.12841E+07  0.13766E+07  0.14606E+07  0.15365E+07  0.16048E+07  0.16660E+07  0.17208E+07  0.17696E+07  0.18130E+07  0.18515E+07  0.18855E+07  0.19154E+07  0.19415E+07  0.19644E+07  0.19843E+07  0.20015E+07  0.20164E+07  0.20292E+07  0.20401E+07
rxn00094
  0.00000E+00  0.82821E+02  0.31868E+03  0.60347E+03  0.86794E+03  0.10786E+04  0.12307E+04  0.13335E+04  0.14015E+04  0.14474E+04  0.14802E+04  0.15060E+04  0.15282E+04  0.15486E+04  0.15680E+04  0.15867E+04  0.16047E+04  0.16218E+04  0.16377E+04  0.16524E+04  0.16656E+04  0.16773E+04  0.16875E+04  0.16961E+04  0.17031E+04  0.17086E+04  0.17127E+04  0.17154E+04  0.17169E+04  0.17173E+04  0.17166E+04
rxn00095
  0.00000E+00  0.31152E+00  0.47555E+01  0.25635E+02  0.86042E+02  0.21782E+03  0.45561E+03  0.83232E+03  0.13719E+04  0.20888E+04  0.29888E+04  0.40732E+04  0.53334E+04  0.67602E+04  0.83400E+04  0.10059E+05  0.11905E+05  0.13863E+05  0.15921E+05  0.18067E+05  0.20291E+05  0.22583E+05  0.24934E+05  0.27337E+05  0.29785E+05  0.32271E+05  0.34790E+05  0.37339E+05  0.39912E+05  0.42508E+05  0.45124E+05
rxn00096
  0.00000E+00  0.46103E-01  0.39189E+00  0.13747E+01  0.33441E+01  0.66126E+01  0.11413E+02  0.17919E+02  0.26214E+02  0.36324E+02  0.48230E+02  0.61914E+02  0.77296E+02  0.94315E+02  0.11288E+03  0.13293E+03  0.15437E+03  0.17714E+03  0.20118E+03  0.22643E+03  0.25282E+03  0.28032E+03  0.30888E+03  0.33847E+03  0.36907E+03  0.40065E+03  0.43316E+03  0.46660E+03  0.50092E+03  0.53612E+03  0.57218E+03
rxn00097
  0.00000E+00  0.23480E-08  0.12807E-06  0.14232E-05  0.80903E-05  0.31471E-04  0.95119E-04  0.24133E-03  0.53178E-03  0.10482E-02  0.18869E-02  0.31742E-02  0.50275E-02  0.75868E-02  0.10978E-01  0.15335E-01  0.20784E-01  0.27453E-01  0.35460E-01  0.44917E-01  0.55930E-01  0.68599E-01  0.83017E-01  0.99337E-01  0.11765E+00  0.13805E+00  0.16061E+00  0.18539E+00  0.21247E+00  0.24188E+00  0.27368E+00
rxn00098
  0.00000E+00  0.13914E+01  0.12527E+02  0.46854E+02  0.12117E+03  0.25283E+03  0.45623E+03  0.74221E+03  0.11160E+04  0.15787E+04  0.21284E+04  0.27626E+04  0.34756E+04  0.42622E+04  0.51164E+04  0.60327E+04  0.70057E+04  0.80305E+04  0.91025E+04  0.10218E+05  0.11372E+05  0.12562E+05  0.13785E+05  0.15038E+05  0.16319E+05  0.17626E+05  0.18956E+05  0.20308E+05  0.21680E+05  0.23071E+05  0.24479E+05
rxn00099
  0.00000E+00  0.24069E+01  0.14114E+02  0.41866E+02  0.91875E+02  0.16860E+03  0.27394E+03  0.40783E+03  0.56844E+03  0.75307E+03  0.95875E+03  0.11826E+04  0.14219E+04  0.16743E+04  0.19376E+04  0.22101E+04  0.24904E+04  0.27773E+04  0.30698E+04  0.33671E+04  0.36686E+04  0.39735E+04  0.42816E+04  0.45923E+04  0.49053E+04  0.52203E+04  0.55371E+04  0.58555E+04  0.61753E+04  0.64965E+04  0.68188E+04
rxn00100
  0.00000E+00  0.41355E+05  0.40067E+05  0.37964E+05  0.37409E+05  0.38338E+05  0.40620E+05  0.44143E+05  0.48769E+05  0.54366E+05  0.60804E+05  0.67988E+05  0.75794E+05  0.84141E+05  0.92941E+05  0.10213E+06  0.11164E+06  0.12143E+06  0.13145E+06  0.14168E+06  0.15207E+06  0.16260E+06  0.17325E+06  0.18401E+06  0.19486E+06  0.20578E+06  0.21675E+06  0.22778E+06  0.23885E+06  0.24996E+06  0.26110E+06
rxn00101
  0.00000E+00  0.33574E+02  0.78346E+02  0.12064E+03  0.16148E+03  0.20256E+03  0.24548E+03  0.29175E+03  0.34270E+03  0.39948E+03  0.46305E+03  0.53451E+03  0.61445E+03  0.70363E+03  0.80248E+03  0.91143E+03  0.10308E+04  0.11610E+04  0.13023E+04  0.14547E+04  0.16185E+04  0.17938E+04  0.19806E+04  0.21797E+04  0.23909E+04  0.26144E+04  0.28503E+04  0.30984E+04  0.33587E+04  0.36313E+04  0.39160E+04
rxn00102
  0.00000E+00  0.15829E+06  0.36927E+06  0.56643E+06  0.73249E+06  0.87077E+06  0.98881E+06  0.10917E+07  0.11827E+07  0.12638E+07  0.13363E+07  0.14011E+07  0.14593E+07  0.15118E+07  0.15593E+07  0.16027E+07  0.16425E+07  0.16792E+07  0.17134E+07  0.17453E+07  0.17754E+07  0.18039E+07  0.18310E+07  0.18569E+07  0.18817E+07  0.19056E+07  0.19288E+07  0.19513E+07  0.19732E+07  0.19946E+07  0.20155E+07
rxn00103
  0.00000E+00  0.11749E-01  0.18928E+00  0.96726E+00  0.30497E+01  0.73525E+01  0.14875E+02  0.26635E+02  0.43389E+02  0.65626E+02  0.93550E+02  0.12737E+03  0.16684E+03  0.21181E+03  0.26190E+03  0.31679E+03  0.37611E+03  0.43954E+03  0.50672E+03  0.57735E+03  0.65113E+03  0.72777E+03  0.80703E+03  0.88878E+03  0.97278E+03  0.10588E+04  0.11467E+04  0.12362E+04  0.13272E+04  0.14196E+04  0.15132E+04
rxn00104
  0.00000E+00  0.11954E+00  0.20781E+01  0.11200E+02  0.36585E+02  0.89873E+02  0.18293E+03  0.32660E+03  0.52777E+03  0.78997E+03  0.11136E+04  0.14991E+04  0.19424E+04  0.24409E+04  0.29899E+04  0.35855E+04  0.42237E+04  0.49010E+04  0.56137E+04  0.63589E+04  0.71335E+04  0.79350E+04  0.87609E+04  0.96103E+04  0.10481E+05  0.11371E+05  0.12278E+05  0.13201E+05  0.14138E+05  0.15088E+05  0.16051E+05
rxn00105
  0.00000E+00  0.15267E+05  0.20570E+05  0.24031E+05  0.27262E+05  0.30774E+05  0.34851E+05  0.39629E+05  0.45126E+05  0.51305E+05  0.58085E+05  0.65392E+05  0.73129E+05  0.81231E+05  0.89628E+05  0.98271E+05  0.10712E+06  0.11613E+06  0.12529E+06  0.13457E+06  0.14396E+06  0.15343E+06  0.16298E+06  0.17261E+06  0.18229E+06  0.19202E+06  0.20180E+06  0.21161E+06  0.22147E+06  0.23135E+06  0.24126E+06
rxn00106
  0.00000E+00  0.75835E-06  0.27908E-04  0.28323E-03  0.15594E-02  0.59426E-02  0.17597E-01  0.43633E-01  0.93645E-01  0.17937E+00  0.31333E+00  0.51137E+00  0.78594E+00  0.11517E+01  0.16200E+01  0.22022E+01  0.29087E+01  0.37490E+01  0.47313E+01  0.58632E+01  0.71511E+01  0.86009E+01  0.10218E+02  0.12014E+02  0.13995E+02  0.16164E+02  0.18524E+02  0.21079E+02  0.23830E+02  0.26779E+02  0.29927E+02
rxn00107
  0.00000E+00  0.11648E+00  0.16677E+01  0.79558E+01  0.23682E+02  0.53873E+02  0.10268E+03  0.17302E+03  0.26575E+03  0.38034E+03  0.51527E+03  0.66914E+03  0.83948E+03  0.10244E+04  0.12218E+04  0.14299E+04  0.16473E+04  0.18726E+04  0.21048E+04  0.23429E+04  0.25860E+04  0.28335E+04  0.30849E+04  0.33397E+04  0.35975E+04  0.38578E+04  0.41204E+04  0.43848E+04  0.46509E+04  0.49185E+04  0.51873E+04
rxn00108
  0.00000E+00  0.87989E+05  0.22112E+06  0.36741E+06  0.50955E+06  0.63931E+06  0.75391E+06  0.85283E+06  0.93730E+06  0.10091E+07  0.10699E+07  0.11212E+07  0.11647E+07  0.12014E+07  0.12327E+07  0.12594E+07  0.12823E+07  0.13019E+07  0.13189E+07  0.13336E+07  0.13464E+07  0.13576E+07  0.13675E+07  0.13761E+07  0.13837E+07  0.13905E+07  0.13965E+07  0.14018E+07  0.14066E+07  0.14109E+07  0.14148E+07
rxn00109
  0.00000E+00  0.91775E+01  0.14681E+02  0.17073E+02  0.18309E+02  0.19140E+02  0.19890E+02  0.20677E+02  0.21521E+02  0.22410E+02  0.23325E+02  0.24250E+02  0.25171E+02  0.26078E+02  0.26964E+02  0.27824E+02  0.28656E+02  0.29459E+02  0.30233E+02  0.30978E+02  0.31696E+02  0.32388E+02  0.33055E+02  0.33698E+02  0.34319E+02  0.34921E+02  0.35504E+02  0.36071E+02  0.36623E+02  0.37162E+02  0.37689E+02
rxn00110
  0.00000E+00  0.13325E-05  0.14720E-04  0.57032E-04  0.14912E-03  0.31613E-03  0.58533E-03  0.98686E-03  0.15445E-02  0.22764E-02  0.31942E-02  0.43123E-02  0.56294E-02  0.71472E-02  0.88589E-02  0.10758E-01  0.12836E-01  0.15084E-01  0.17490E-01  0.20046E-01  0.22739E-01  0.25560E-01  0.28500E-01  0.31551E-01  0.34706E-01  0.37954E-01  0.41289E-01  0.44702E-01  0.48187E-01  0.51738E-01  0.55351E-01
rxn00111
  0.00000E+00  0.31025E-04  0.36982E-03  0.15112E-02  0.40936E-02  0.88428E-02  0.16472E-01  0.27691E-01  0.42990E-01  0.62706E-01  0.87008E-01  0.11614E+00  0.14998E+00  0.18848E+00  0.23143E+00  0.27864E+00  0.32987E+00  0.38487E+00  0.44341E+00  0.50523E+00  0.57008E+00  0.63774E+00  0.70799E+00  0.78071E+00  0.85569E+00  0.93274E+00  0.10117E+01  0.10924E+01  0.11746E+01  0.12584E+01  0.13436E+01
rxn00112
  0.00000E+00  0.13828E+01  0.12774E+01  0.11315E+01  0.10645E+01  0.10566E+01  0.10951E+01  0.11725E+01  0.12827E+01  0.14211E+01  0.15838E+01  0.17680E+01  0.19704E+01  0.21888E+01  0.24210E+01  0.26650E+01  0.29193E+01  0.31826E+01  0.34535E+01  0.37312E+01  0.40147E+01  0.43032E+01  0.45961E+01  0.48931E+01  0.51934E+01  0.54967E+01  0.58025E+01  0.61107E+01  0.64210E+01  0.67332E+01  0.70472E+01
rxn00113
  0.00000E+00  0.94475E-10  0.23840E-08  0.18343E-07  0.83752E-07  0.28066E-06  0.76055E-06  0.17757E-05  0.36615E-05  0.68341E-05  0.11752E-04  0.19017E-04  0.29128E-04  0.42687E-04  0.60189E-04  0.82147E-04  0.10904E-03  0.14132E-03  0.17938E-03  0.22360E-03  0.27431E-03  0.33180E-03  0.39635E-03  0.46848E-03  0.54844E-03  0.63644E-03  0.73266E-03  0.83726E-03  0.95035E-03  0.10720E-02  0.12024E-02
rxn00114
  0.00000E+00  0.48372E-04  0.47486E-03  0.17175E-02  0.42397E-02  0.84811E-02  0.14793E-01  0.23472E-01  0.34636E-01  0.48305E-01  0.64417E-01  0.82949E-01  0.10371E+00  0.12656E+00  0.15131E+00  0.17780E+00  0.20584E+00  0.23530E+00  0.26601E+00  0.29784E+00  0.33066E+00  0.36437E+00  0.39887E+00  0.43408E+00  0.46993E+00  0.50633E+00  0.54322E+00  0.58054E+00  0.61826E+00  0.65633E+00  0.69473E+00
rxn00115
  0.00000E+00  0.22837E+02  0.39351E+02  0.49574E+02  0.57015E+02  0.62903E+02  0.67886E+02  0.72309E+02  0.76350E+02  0.80097E+02  0.83598E+02  0.86869E+02  0.89925E+02  0.92771E+02  0.95417E+02  0.97872E+02  0.10014E+03  0.10224E+03  0.10417E+03  0.10596E+03  0.10760E+03  0.10911E+03  0.11051E+03  0.11179E+03  0.11297E+03  0.11406E+03  0.11507E+03  0.11600E+03  0.11687E+03  0.11767E+03  0.11843E+03
rxn00116
  0.00000E+00  0.72476E+03  0.25111E+04  0.48484E+04  0.74210E+04  0.10072E+05  0.12739E+05  0.15391E+05  0.18004E+05  0.20558E+05  0.23033E+05  0.25410E+05  0.27682E+05  0.29843E+05  0.31894E+05  0.33836E+05  0.35674E+05  0.37412E+05  0.39058E+05  0.40617E+05  0.42095E+05  0.43501E+05  0.44839E+05  0.46112E+05  0.47328E+05  0.48492E+05  0.49610E+05  0.50685E+05  0.51724E+05  0.52730E+05  0.53706E+05
rxn00117
  0.00000E+00  0.64732E-04  0.15489E-02  0.99626E-02  0.37179E-01  0.10233E+00  0.23061E+00  0.45185E+00  0.79482E+00  0.12846E+01  0.19403E+01  0.27795E+01  0.38083E+01  0.50313E+01  0.64459E+01  0.80476E+01  0.98297E+01  0.11784E+02  0.13899E+02  0.16167E+02  0.18577E+02  0.21118E+02  0.23781E+02  0.26559E+02  0.29441E+02  0.32421E+02  0.35489E+02  0.38639E+02  0.41864E+02  0.45159E+02  0.48518E+02
rxn00118
  0.00000E+00  0.27045E-02  0.69826E-01  0.47369E+00  0.18314E+01  0.51363E+01  0.11645E+02  0.22752E+02  0.39699E+02  0.63496E+02  0.94841E+02  0.13433E+03  0.18207E+03  0.23809E+03  0.30217E+03  0.37403E+03  0.45328E+03  0.53953E+03  0.63231E+03  0.73119E+03  0.83573E+03  0.94550E+03  0.10601E+04  0.11792E+04  0.13026E+04  0.14297E+04  0.15604E+04  0.16943E+04  0.18312E+04  0.19710E+04  0.21133E+04
rxn00119
  0.00000E+00  0.70875E+02  0.14182E+03  0.20855E+03  0.28003E+03  0.36088E+03  0.45523E+03  0.56646E+03  0.69650E+03  0.84615E+03  0.10151E+04  0.12024E+04  0.14064E+04  0.16258E+04  0.18586E+04  0.21034E+04  0.23588E+04  0.26233E+04  0.28958E+04  0.31752E+04  0.34606E+04  0.37513E+04  0.40466E+04  0.43458E+04  0.46485E+04  0.49541E+04  0.52624E+04  0.55730E+04  0.58859E+04  0.62008E+04  0.65177E+04
rxn00120
  0.00000E+00  0.12111E-07  0.66195E-06  0.84557E-05  0.55103E-04  0.23973E-03  0.79072E-03  0.21456E-02  0.49723E-02  0.10177E-01  0.18837E-01  0.32347E-01  0.52000E-01  0.79298E-01  0.11557E+00  0.16216E+00  0.22035E+00  0.29133E+00  0.37618E+00  0.47590E+00  0.59138E+00  0.72342E+00  0.87274E+00  0.10406E+01  0.12277E+01  0.14346E+01  0.16618E+01  0.19098E+01  0.21788E+01  0.24692E+01  0.27814E+01
rxn00121
  0.00000E+00  0.26354E-02  0.56037E-01  0.33649E+00  0.11855E+01  0.30789E+01  0.65366E+01  0.12053E+02  0.19990E+02  0.30571E+02  0.43885E+02  0.59963E+02  0.78684E+02  0.99919E+02  0.12348E+03  0.14916E+03  0.17679E+03  0.20615E+03  0.23708E+03  0.26940E+03  0.30297E+03  0.33763E+03  0.37328E+03  0.40980E+03  0.44709E+03  0.48507E+03  0.52365E+03  0.56279E+03  0.60241E+03  0.64248E+03  0.68297E+03
rxn00122
  0.00000E+00  0.19907E+04  0.74299E+04  0.15539E+05  0.25508E+05  0.36537E+05  0.47993E+05  0.59411E+05  0.70505E+05  0.81107E+05  0.91124E+05  0.10047E+06  0.10916E+06  0.11719E+06  0.12458E+06  0.13138E+06  0.13761E+06  0.14332E+06  0.14855E+06  0.15335E+06  0.15774E+06  0.16177E+06  0.16547E+06  0.16886E+06  0.17197E+06  0.17483E+06  0.17748E+06  0.17992E+06  0.18219E+06  0.18430E+06  0.18628E+06
rxn00123
  0.00000E+00  0.00000E+00  0.73624E+03  0.18449E+04  0.30494E+04  0.42508E+04  0.54294E+04  0.65843E+04  0.77117E+04  0.88065E+04  0.98626E+04  0.10874E+05  0.11836E+05  0.12746E+05  0.13605E+05  0.14413E+05  0.15172E+05  0.15885E+05  0.16554E+05  0.17182E+05  0.17773E+05  0.18329E+05  0.18852E+05  0.19347E+05  0.19813E+05  0.20255E+05  0.20674E+05  0.21072E+05  0.21453E+05  0.21817E+05  0.22167E+05
rxn00124
  0.00000E+00  0.00000E+00  0.12519E-03  0.10431E-02  0.41960E-02  0.11844E-01  0.26921E-01  0.52905E-01  0.93123E-01  0.15047E+00  0.22712E+00  0.32511E+00  0.44498E+00  0.58722E+00  0.75133E+00  0.93667E+00  0.11423E+01  0.13670E+01  0.16096E+01  0.18687E+01  0.21429E+01  0.24310E+01  0.27318E+01  0.30442E+01  0.33672E+01  0.36995E+01  0.40402E+01  0.43883E+01  0.47432E+01  0.51039E+01  0.54701E+01
rxn00125
  0.00000E+00  0.00000E+00  0.51317E-01  0.44928E+00  0.18651E+01  0.53471E+01  0.12198E+02  0.23864E+02  0.41623E+02  0.66512E+02  0.99237E+02  0.14043E+03  0.19012E+03  0.24835E+03  0.31481E+03  0.38917E+03  0.47098E+03  0.55976E+03  0.65501E+03  0.75619E+03  0.86282E+03  0.97441E+03  0.10905E+04  0.12108E+04  0.13349E+04  0.14623E+04  0.15927E+04  0.17259E+04  0.18615E+04  0.19992E+04  0.21391E+04
rxn00126
  0.00000E+00  0.00000E+00  0.73339E+02  0.13998E+03  0.20274E+03  0.26801E+03  0.34105E+03  0.42565E+03  0.52373E+03  0.63607E+03  0.76248E+03  0.90244E+03  0.10544E+04  0.12173E+04  0.13897E+04  0.15703E+04  0.17579E+04  0.19515E+04  0.21500E+04  0.23527E+04  0.25587E+04  0.27675E+04  0.29785E+04  0.31914E+04  0.34055E+04  0.36206E+04  0.38363E+04  0.40525E+04  0.42690E+04  0.44857E+04  0.47025E+04
rxn00127
  0.00000E+00  0.00000E+00  0.16198E-06  0.26804E-05  0.18828E-04  0.84003E-04  0.27946E-03  0.76055E-03  0.17637E-02  0.36089E-02  0.66755E-02  0.11454E-01  0.18395E-01  0.28020E-01  0.40782E-01  0.57141E-01  0.77524E-01  0.10232E+00  0.13189E+00  0.16653E+00  0.20653E+00  0.25212E+00  0.30352E+00  0.36112E+00  0.42510E+00  0.49561E+00  0.57276E+00  0.65666E+00  0.74735E+00  0.84491E+00  0.94937E+00
rxn00128
  0.00000E+00  0.00000E+00  0.67697E-02  0.52660E-01  0.19998E+00  0.53262E+00  0.11405E+01  0.21093E+01  0.35007E+01  0.53523E+01  0.76778E+01  0.10483E+02  0.13742E+02  0.17430E+02  0.21511E+02  0.25949E+02  0.30706E+02  0.35746E+02  0.41034E+02  0.46540E+02  0.52234E+02  0.58090E+02  0.64086E+02  0.70204E+02  0.76423E+02  0.82725E+02  0.89097E+02  0.95528E+02  0.10201E+03  0.10853E+03  0.11508E+03
rxn00129
  0.00000E+00  0.00000E+00  0.81161E+04  0.22042E+05  0.39152E+05  0.57755E+05  0.76826E+05  0.95712E+05  0.11397E+06  0.13133E+06  0.14763E+06  0.16275E+06  0.17664E+06  0.18931E+06  0.20080E+06  0.21116E+06  0.22048E+06  0.22881E+06  0.23623E+06  0.24283E+06  0.24867E+06  0.25382E+06  0.25836E+06  0.26232E+06  0.26576E+06  0.26874E+06  0.27130E+06  0.27350E+06  0.27537E+06  0.27694E+06  0.27826E+06
rxn00130
  0.00000E+00  0.00000E+00  0.54262E+02  0.13310E+03  0.20637E+03  0.26307E+03  0.30280E+03  0.32911E+03  0.34617E+03  0.35745E+03  0.36534E+03  0.37146E+03  0.37655E+03  0.38116E+03  0.38545E+03  0.38950E+03  0.39329E+03  0.39681E+03  0.39999E+03  0.40281E+03  0.40523E+03  0.40725E+03  0.40885E+03  0.41004E+03  0.41083E+03  0.41122E+03  0.41124E+03  0.41092E+03  0.41029E+03  0.40938E+03  0.40821E+03
rxn00131
  0.00000E+00  0.00000E+00  0.81100E+00  0.56633E+01  0.20488E+02  0.53186E+02  0.11220E+03  0.20555E+03  0.33896E+03  0.51588E+03  0.73745E+03  0.10040E+04  0.13129E+04  0.16618E+04  0.20467E+04  0.24643E+04  0.29107E+04  0.33824E+04  0.38760E+04  0.43884E+04  0.49167E+04  0.54584E+04  0.60113E+04  0.65736E+04  0.71431E+04  0.77183E+04  0.82978E+04  0.88804E+04  0.94652E+04  0.10051E+05  0.10638E+05
rxn00132
  0.00000E+00  0.00000E+00  0.12182E+04  0.33005E+04  0.58404E+04  0.85804E+04  0.11370E+05  0.14119E+05  0.16770E+05  0.19289E+05  0.21658E+05  0.23865E+05  0.25903E+05  0.27776E+05  0.29490E+05  0.31052E+05  0.32473E+05  0.33763E+05  0.34930E+05  0.35987E+05  0.36941E+05  0.37804E+05  0.38582E+05  0.39284E+05  0.39916E+05  0.40484E+05  0.40997E+05  0.41459E+05  0.41876E+05  0.42254E+05  0.42596E+05
