NO      
  0.10000E+00  0.17351E+00  0.23174E+00  0.27763E+00  0.31416E+00  0.34267E+00  0.36498E+00  0.38261E+00  0.39659E+00  0.40773E+00  0.41656E+00  0.42355E+00  0.42925E+00  0.43381E+00  0.43759E+00  0.44072E+00  0.44302E+00  0.44485E+00  0.44638E+00  0.44773E+00  0.44877E+00  0.44954E+00  0.45023E+00  0.45070E+00  0.45111E+00  0.45137E+00  0.45159E+00  0.45173E+00  0.45184E+00  0.45186E+00  0.45186E+00
NO2     
  0.10000E+01  0.92605E+00  0.86733E+00  0.82095E+00  0.78394E+00  0.75499E+00  0.73226E+00  0.71424E+00  0.69990E+00  0.68841E+00  0.67925E+00  0.67192E+00  0.66591E+00  0.66102E+00  0.65692E+00  0.65347E+00  0.65087E+00  0.64871E+00  0.64687E+00  0.64520E+00  0.64384E+00  0.64275E+00  0.64174E+00  0.64096E+00  0.64023E+00  0.63965E+00  0.63911E+00  0.63866E+00  0.63822E+00  0.63788E+00  0.63756E+00
O3      
  0.40000E+02  0.40072E+02  0.40128E+02  0.40173E+02  0.40209E+02  0.40237E+02  0.40260E+02  0.40277E+02  0.40292E+02  0.40303E+02  0.40312E+02  0.40320E+02  0.40326E+02  0.40331E+02  0.40335E+02  0.40338E+02  0.40341E+02  0.40343E+02  0.40345E+02  0.40347E+02  0.40348E+02  0.40350E+02  0.40351E+02  0.40352E+02  0.40352E+02  0.40353E+02  0.40354E+02  0.40354E+02  0.40355E+02  0.40355E+02  0.40356E+02
NO3     
  0.00000E+00  0.14855E+07  0.13549E+07  0.11992E+07  0.10872E+07  0.10069E+07  0.94734E+06  0.90206E+06  0.86714E+06  0.83983E+06  0.81846E+06  0.80162E+06  0.78800E+06  0.77701E+06  0.76791E+06  0.76032E+06  0.75469E+06  0.75009E+06  0.74623E+06  0.74276E+06  0.74003E+06  0.73790E+06  0.73596E+06  0.73454E+06  0.73325E+06  0.73231E+06  0.73147E+06  0.73082E+06  0.73021E+06  0.72983E+06  0.72950E+06
O       
  0.00000E+00  0.10621E+05  0.10406E+05  0.10236E+05  0.10100E+05  0.99944E+04  0.99112E+04  0.98452E+04  0.97928E+04  0.97507E+04  0.97173E+04  0.96905E+04  0.96685E+04  0.96506E+04  0.96357E+04  0.96231E+04  0.96136E+04  0.96057E+04  0.95990E+04  0.95929E+04  0.95879E+04  0.95840E+04  0.95803E+04  0.95775E+04  0.95748E+04  0.95727E+04  0.95708E+04  0.95691E+04  0.95676E+04  0.95663E+04  0.95652E+04
O1D     
  0.00000E+00  0.47993E-01  0.48061E-01  0.48115E-01  0.48158E-01  0.48192E-01  0.48218E-01  0.48240E-01  0.48257E-01  0.48270E-01  0.48281E-01  0.48290E-01  0.48297E-01  0.48303E-01  0.48308E-01  0.48313E-01  0.48316E-01  0.48318E-01  0.48321E-01  0.48323E-01  0.48325E-01  0.48326E-01  0.48327E-01  0.48328E-01  0.48329E-01  0.48330E-01  0.48331E-01  0.48332E-01  0.48332E-01  0.48333E-01  0.48334E-01
N2O5    
  0.00000E+00  0.10526E-04  0.20469E-04  0.25910E-04  0.28586E-04  0.29481E-04  0.29400E-04  0.28810E-04  0.27972E-04  0.27041E-04  0.26107E-04  0.25225E-04  0.24412E-04  0.23681E-04  0.23020E-04  0.22427E-04  0.21940E-04  0.21522E-04  0.21154E-04  0.20814E-04  0.20530E-04  0.20297E-04  0.20080E-04  0.19912E-04  0.19754E-04  0.19633E-04  0.19522E-04  0.19431E-04  0.19345E-04  0.19284E-04  0.19229E-04
OH      
  0.00000E+00  0.26401E+07  0.28903E+07  0.31297E+07  0.33342E+07  0.34947E+07  0.36154E+07  0.37050E+07  0.37710E+07  0.38201E+07  0.38566E+07  0.38847E+07  0.39076E+07  0.39270E+07  0.39441E+07  0.39598E+07  0.39743E+07  0.39885E+07  0.40026E+07  0.40167E+07  0.40309E+07  0.40455E+07  0.40601E+07  0.40751E+07  0.40903E+07  0.41059E+07  0.41217E+07  0.41378E+07  0.41540E+07  0.41708E+07  0.41876E+07
HO2     
  0.00000E+00  0.18719E+08  0.32025E+08  0.40910E+08  0.46788E+08  0.50358E+08  0.52390E+08  0.53441E+08  0.53872E+08  0.53932E+08  0.53778E+08  0.53522E+08  0.53234E+08  0.52949E+08  0.52679E+08  0.52437E+08  0.52252E+08  0.52111E+08  0.52004E+08  0.51915E+08  0.51868E+08  0.51861E+08  0.51865E+08  0.51910E+08  0.51963E+08  0.52048E+08  0.52142E+08  0.52254E+08  0.52370E+08  0.52511E+08  0.52658E+08
CO      
  0.10000E+03  0.10000E+03  0.10000E+03  0.10000E+03  0.10000E+03  0.10000E+03  0.99999E+02  0.99999E+02  0.99999E+02  0.99999E+02  0.99999E+02  0.99998E+02  0.99998E+02  0.99998E+02  0.99998E+02  0.99997E+02  0.99997E+02  0.99997E+02  0.99997E+02  0.99996E+02  0.99996E+02  0.99996E+02  0.99996E+02  0.99995E+02  0.99995E+02  0.99995E+02  0.99995E+02  0.99994E+02  0.99994E+02  0.99994E+02  0.99994E+02
H2O2    
  0.10000E+01  0.99988E+00  0.99976E+00  0.99964E+00  0.99951E+00  0.99938E+00  0.99925E+00  0.99911E+00  0.99898E+00  0.99884E+00  0.99870E+00  0.99857E+00  0.99843E+00  0.99829E+00  0.99815E+00  0.99801E+00  0.99788E+00  0.99774E+00  0.99760E+00  0.99746E+00  0.99732E+00  0.99718E+00  0.99704E+00  0.99690E+00  0.99676E+00  0.99661E+00  0.99647E+00  0.99633E+00  0.99619E+00  0.99605E+00  0.99591E+00
HONO    
  0.00000E+00  0.21025E-04  0.55644E-04  0.10266E-03  0.16019E-03  0.22724E-03  0.30164E-03  0.38130E-03  0.46466E-03  0.55049E-03  0.63787E-03  0.72602E-03  0.81439E-03  0.90258E-03  0.99046E-03  0.10779E-02  0.11641E-02  0.12494E-02  0.13337E-02  0.14176E-02  0.15002E-02  0.15815E-02  0.16623E-02  0.17413E-02  0.18200E-02  0.18969E-02  0.19731E-02  0.20482E-02  0.21230E-02  0.21952E-02  0.22670E-02
HNO3    
  0.00000E+00  0.21135E-03  0.43577E-03  0.66626E-03  0.90147E-03  0.11399E-02  0.13798E-02  0.16197E-02  0.18592E-02  0.20977E-02  0.23353E-02  0.25719E-02  0.28078E-02  0.30431E-02  0.32780E-02  0.35126E-02  0.37471E-02  0.39817E-02  0.42166E-02  0.44516E-02  0.46870E-02  0.49230E-02  0.51593E-02  0.53966E-02  0.56341E-02  0.58728E-02  0.61120E-02  0.63520E-02  0.65924E-02  0.68350E-02  0.70779E-02
HO2NO2  
  0.00000E+00  0.94699E-04  0.28902E-03  0.49280E-03  0.66958E-03  0.80534E-03  0.90135E-03  0.96537E-03  0.10049E-02  0.10269E-02  0.10363E-02  0.10375E-02  0.10342E-02  0.10281E-02  0.10206E-02  0.10124E-02  0.10045E-02  0.99738E-03  0.99094E-03  0.98488E-03  0.97988E-03  0.97603E-03  0.97249E-03  0.97027E-03  0.96833E-03  0.96746E-03  0.96691E-03  0.96698E-03  0.96722E-03  0.96837E-03  0.96971E-03
CH4     
  0.17000E+04  0.17000E+04  0.17000E+04  0.17000E+04  0.17000E+04  0.17000E+04  0.17000E+04  0.17000E+04  0.17000E+04  0.17000E+04  0.17000E+04  0.17000E+04  0.17000E+04  0.17000E+04  0.17000E+04  0.17000E+04  0.17000E+04  0.17000E+04  0.17000E+04  0.17000E+04  0.17000E+04  0.17000E+04  0.17000E+04  0.17000E+04  0.17000E+04  0.17000E+04  0.17000E+04  0.17000E+04  0.17000E+04  0.17000E+04  0.17000E+04
CH3O2   
  0.00000E+00  0.40986E+07  0.74587E+07  0.97379E+07  0.11126E+08  0.11816E+08  0.12082E+08  0.12121E+08  0.12047E+08  0.11925E+08  0.11792E+08  0.11667E+08  0.11557E+08  0.11465E+08  0.11389E+08  0.11327E+08  0.11288E+08  0.11262E+08  0.11246E+08  0.11236E+08  0.11236E+08  0.11246E+08  0.11259E+08  0.11281E+08  0.11305E+08  0.11336E+08  0.11369E+08  0.11405E+08  0.11443E+08  0.11485E+08  0.11529E+08
CH3OOH  
  0.00000E+00  0.13111E+04  0.90659E+04  0.25195E+05  0.48094E+05  0.75998E+05  0.10656E+06  0.13821E+06  0.17006E+06  0.20166E+06  0.23278E+06  0.26336E+06  0.29348E+06  0.32315E+06  0.35250E+06  0.38158E+06  0.41032E+06  0.43892E+06  0.46744E+06  0.49591E+06  0.52435E+06  0.55281E+06  0.58127E+06  0.60987E+06  0.63850E+06  0.66732E+06  0.69624E+06  0.72531E+06  0.75444E+06  0.78404E+06  0.81373E+06
HCHO    
  0.50000E+00  0.49949E+00  0.49903E+00  0.49865E+00  0.49832E+00  0.49804E+00  0.49780E+00  0.49757E+00  0.49735E+00  0.49714E+00  0.49693E+00  0.49672E+00  0.49651E+00  0.49630E+00  0.49610E+00  0.49589E+00  0.49568E+00  0.49548E+00  0.49527E+00  0.49507E+00  0.49486E+00  0.49466E+00  0.49445E+00  0.49425E+00  0.49405E+00  0.49385E+00  0.49365E+00  0.49345E+00  0.49326E+00  0.49306E+00  0.49287E+00
CH3NO3  
  0.00000E+00  0.47883E+03  0.23843E+04  0.59102E+04  0.10779E+05  0.16741E+05  0.23418E+05  0.30529E+05  0.37903E+05  0.45430E+05  0.53049E+05  0.60721E+05  0.68421E+05  0.76143E+05  0.83878E+05  0.91625E+05  0.99391E+05  0.10718E+06  0.11498E+06  0.12278E+06  0.13062E+06  0.13848E+06  0.14634E+06  0.15426E+06  0.16218E+06  0.17014E+06  0.17812E+06  0.18614E+06  0.19416E+06  0.20227E+06  0.21039E+06
CH3O    
  0.00000E+00  0.14692E+02  0.35694E+02  0.55895E+02  0.72190E+02  0.83636E+02  0.91090E+02  0.95799E+02  0.98689E+02  0.10044E+03  0.10146E+03  0.10208E+03  0.10247E+03  0.10274E+03  0.10295E+03  0.10312E+03  0.10330E+03  0.10349E+03  0.10370E+03  0.10392E+03  0.10416E+03  0.10444E+03  0.10472E+03  0.10503E+03  0.10535E+03  0.10570E+03  0.10606E+03  0.10643E+03  0.10681E+03  0.10721E+03  0.10761E+03
CH3O2NO2
  0.00000E+00  0.15479E+06  0.27489E+06  0.34410E+06  0.37792E+06  0.38768E+06  0.38508E+06  0.37708E+06  0.36732E+06  0.35763E+06  0.34888E+06  0.34141E+06  0.33510E+06  0.32993E+06  0.32563E+06  0.32211E+06  0.31966E+06  0.31783E+06  0.31645E+06  0.31531E+06  0.31463E+06  0.31436E+06  0.31420E+06  0.31442E+06  0.31472E+06  0.31528E+06  0.31592E+06  0.31669E+06  0.31751E+06  0.31851E+06  0.31956E+06
CH3OH   
  0.00000E+00  0.00000E+00  0.00000E+00  0.00000E+00  0.00000E+00  0.00000E+00  0.00000E+00  0.00000E+00  0.00000E+00  0.00000E+00  0.00000E+00  0.00000E+00  0.00000E+00  0.00000E+00  0.00000E+00  0.00000E+00  0.00000E+00  0.00000E+00  0.00000E+00  0.00000E+00  0.00000E+00  0.00000E+00  0.00000E+00  0.00000E+00  0.00000E+00  0.00000E+00  0.00000E+00  0.00000E+00  0.00000E+00  0.00000E+00  0.00000E+00
C5H8    
  0.10000E+01  0.99743E+00  0.99452E+00  0.99136E+00  0.98799E+00  0.98444E+00  0.98075E+00  0.97698E+00  0.97315E+00  0.96929E+00  0.96540E+00  0.96149E+00  0.95758E+00  0.95367E+00  0.94975E+00  0.94584E+00  0.94193E+00  0.93802E+00  0.93412E+00  0.93021E+00  0.92632E+00  0.92242E+00  0.91853E+00  0.91464E+00  0.91075E+00  0.90686E+00  0.90298E+00  0.89910E+00  0.89521E+00  0.89134E+00  0.88746E+00
IPROD   
  0.00000E+00  0.25720E-02  0.54838E-02  0.86446E-02  0.12014E-01  0.15565E-01  0.19246E-01  0.23016E-01  0.26846E-01  0.30713E-01  0.34605E-01  0.38510E-01  0.42421E-01  0.46335E-01  0.50249E-01  0.54163E-01  0.58073E-01  0.61979E-01  0.65883E-01  0.69786E-01  0.73685E-01  0.77580E-01  0.81474E-01  0.85364E-01  0.89253E-01  0.93139E-01  0.97023E-01  0.10090E+00  0.10479E+00  0.10866E+00  0.11254E+00
