NO      
  0.10000E+00  0.17103E+00  0.22563E+00  0.26757E+00  0.29953E+00  0.32396E+00  0.34265E+00  0.35701E+00  0.36811E+00  0.37676E+00  0.38339E+00  0.38874E+00  0.39297E+00  0.39624E+00  0.39870E+00  0.40067E+00  0.40208E+00  0.40322E+00  0.40404E+00  0.40481E+00  0.40532E+00  0.40576E+00  0.40612E+00  0.40634E+00  0.40652E+00  0.40662E+00  0.40671E+00  0.40673E+00  0.40673E+00  0.40671E+00  0.40666E+00
NO2     
  0.10000E+01  0.92851E+00  0.87339E+00  0.83091E+00  0.79844E+00  0.77354E+00  0.75442E+00  0.73967E+00  0.72820E+00  0.71920E+00  0.71223E+00  0.70656E+00  0.70201E+00  0.69843E+00  0.69566E+00  0.69338E+00  0.69168E+00  0.69023E+00  0.68911E+00  0.68803E+00  0.68723E+00  0.68649E+00  0.68582E+00  0.68531E+00  0.68483E+00  0.68443E+00  0.68404E+00  0.68371E+00  0.68342E+00  0.68314E+00  0.68289E+00
O3      
  0.40000E+02  0.40069E+02  0.40123E+02  0.40164E+02  0.40196E+02  0.40220E+02  0.40238E+02  0.40253E+02  0.40264E+02  0.40273E+02  0.40280E+02  0.40285E+02  0.40290E+02  0.40293E+02  0.40296E+02  0.40298E+02  0.40300E+02  0.40302E+02  0.40303E+02  0.40304E+02  0.40305E+02  0.40305E+02  0.40306E+02  0.40307E+02  0.40307E+02  0.40308E+02  0.40308E+02  0.40308E+02  0.40309E+02  0.40309E+02  0.40309E+02
NO3     
  0.00000E+00  0.19693E+07  0.17523E+07  0.15542E+07  0.14218E+07  0.13288E+07  0.12617E+07  0.12122E+07  0.11749E+07  0.11462E+07  0.11245E+07  0.11070E+07  0.10931E+07  0.10823E+07  0.10740E+07  0.10672E+07  0.10622E+07  0.10580E+07  0.10549E+07  0.10519E+07  0.10498E+07  0.10479E+07  0.10462E+07  0.10450E+07  0.10440E+07  0.10432E+07  0.10424E+07  0.10419E+07  0.10415E+07  0.10411E+07  0.10408E+07
O       
  0.00000E+00  0.82661E+04  0.81109E+04  0.79913E+04  0.78999E+04  0.78298E+04  0.77760E+04  0.77345E+04  0.77022E+04  0.76769E+04  0.76573E+04  0.76414E+04  0.76286E+04  0.76185E+04  0.76107E+04  0.76043E+04  0.75995E+04  0.75955E+04  0.75923E+04  0.75893E+04  0.75871E+04  0.75850E+04  0.75831E+04  0.75817E+04  0.75803E+04  0.75792E+04  0.75781E+04  0.75772E+04  0.75764E+04  0.75756E+04  0.75749E+04
O1D     
  0.00000E+00  0.46253E-01  0.46315E-01  0.46363E-01  0.46399E-01  0.46427E-01  0.46448E-01  0.46465E-01  0.46478E-01  0.46488E-01  0.46496E-01  0.46503E-01  0.46508E-01  0.46512E-01  0.46515E-01  0.46518E-01  0.46520E-01  0.46521E-01  0.46523E-01  0.46524E-01  0.46525E-01  0.46526E-01  0.46527E-01  0.46527E-01  0.46528E-01  0.46528E-01  0.46529E-01  0.46529E-01  0.46530E-01  0.46530E-01  0.46530E-01
N2O5    
  0.00000E+00  0.15205E-04  0.29872E-04  0.39123E-04  0.44714E-04  0.47997E-04  0.49794E-04  0.50641E-04  0.50888E-04  0.50763E-04  0.50401E-04  0.49925E-04  0.49380E-04  0.48803E-04  0.48233E-04  0.47684E-04  0.47188E-04  0.46725E-04  0.46322E-04  0.45927E-04  0.45598E-04  0.45283E-04  0.44987E-04  0.44746E-04  0.44521E-04  0.44327E-04  0.44141E-04  0.43988E-04  0.43855E-04  0.43727E-04  0.43623E-04
OH      
  0.00000E+00  0.22041E+07  0.24310E+07  0.26263E+07  0.27781E+07  0.28918E+07  0.29755E+07  0.30371E+07  0.30832E+07  0.31185E+07  0.31457E+07  0.31684E+07  0.31873E+07  0.32033E+07  0.32173E+07  0.32301E+07  0.32420E+07  0.32534E+07  0.32646E+07  0.32756E+07  0.32866E+07  0.32975E+07  0.33084E+07  0.33194E+07  0.33304E+07  0.33415E+07  0.33526E+07  0.33639E+07  0.33753E+07  0.33868E+07  0.33984E+07
HO2     
  0.00000E+00  0.19959E+08  0.32086E+08  0.39266E+08  0.43439E+08  0.45835E+08  0.47162E+08  0.47858E+08  0.48190E+08  0.48318E+08  0.48332E+08  0.48296E+08  0.48236E+08  0.48170E+08  0.48112E+08  0.48067E+08  0.48045E+08  0.48038E+08  0.48054E+08  0.48073E+08  0.48117E+08  0.48166E+08  0.48223E+08  0.48298E+08  0.48380E+08  0.48472E+08  0.48567E+08  0.48673E+08  0.48786E+08  0.48901E+08  0.49024E+08
CO      
  0.10000E+03  0.10000E+03  0.10000E+03  0.10000E+03  0.10000E+03  0.10000E+03  0.10000E+03  0.99999E+02  0.99999E+02  0.99999E+02  0.99999E+02  0.99999E+02  0.99998E+02  0.99998E+02  0.99998E+02  0.99998E+02  0.99998E+02  0.99997E+02  0.99997E+02  0.99997E+02  0.99997E+02  0.99996E+02  0.99996E+02  0.99996E+02  0.99996E+02  0.99996E+02  0.99995E+02  0.99995E+02  0.99995E+02  0.99995E+02  0.99994E+02
H2O2    
  0.10000E+01  0.99989E+00  0.99978E+00  0.99966E+00  0.99955E+00  0.99943E+00  0.99931E+00  0.99918E+00  0.99906E+00  0.99894E+00  0.99881E+00  0.99869E+00  0.99856E+00  0.99844E+00  0.99831E+00  0.99819E+00  0.99806E+00  0.99794E+00  0.99781E+00  0.99769E+00  0.99756E+00  0.99743E+00  0.99731E+00  0.99718E+00  0.99705E+00  0.99693E+00  0.99680E+00  0.99667E+00  0.99654E+00  0.99642E+00  0.99629E+00
HONO    
  0.00000E+00  0.19863E-04  0.52165E-04  0.95416E-04  0.14810E-03  0.20810E-03  0.27354E-03  0.34278E-03  0.41453E-03  0.48785E-03  0.56208E-03  0.63662E-03  0.71120E-03  0.78554E-03  0.85929E-03  0.93244E-03  0.10044E-02  0.10757E-02  0.11455E-02  0.12151E-02  0.12830E-02  0.13504E-02  0.14174E-02  0.14827E-02  0.15473E-02  0.16109E-02  0.16741E-02  0.17357E-02  0.17964E-02  0.18569E-02  0.19159E-02
HNO3    
  0.00000E+00  0.19699E-03  0.40608E-03  0.62213E-03  0.84299E-03  0.10665E-02  0.12912E-02  0.15162E-02  0.17412E-02  0.19660E-02  0.21904E-02  0.24147E-02  0.26389E-02  0.28631E-02  0.30873E-02  0.33117E-02  0.35365E-02  0.37616E-02  0.39874E-02  0.42133E-02  0.44402E-02  0.46673E-02  0.48946E-02  0.51231E-02  0.53520E-02  0.55816E-02  0.58115E-02  0.60427E-02  0.62745E-02  0.65065E-02  0.67398E-02
HO2NO2  
  0.00000E+00  0.11951E-03  0.35982E-03  0.61117E-03  0.82967E-03  0.10035E-02  0.11344E-02  0.12297E-02  0.12973E-02  0.13444E-02  0.13754E-02  0.13968E-02  0.14105E-02  0.14183E-02  0.14218E-02  0.14233E-02  0.14231E-02  0.14225E-02  0.14216E-02  0.14207E-02  0.14201E-02  0.14196E-02  0.14191E-02  0.14192E-02  0.14196E-02  0.14203E-02  0.14212E-02  0.14226E-02  0.14243E-02  0.14262E-02  0.14284E-02
CH4     
  0.17000E+04  0.17000E+04  0.17000E+04  0.17000E+04  0.17000E+04  0.17000E+04  0.17000E+04  0.17000E+04  0.17000E+04  0.17000E+04  0.17000E+04  0.17000E+04  0.17000E+04  0.17000E+04  0.17000E+04  0.17000E+04  0.17000E+04  0.17000E+04  0.17000E+04  0.17000E+04  0.17000E+04  0.17000E+04  0.17000E+04  0.17000E+04  0.17000E+04  0.17000E+04  0.17000E+04  0.17000E+04  0.17000E+04  0.17000E+04  0.17000E+04
CH3O2   
  0.00000E+00  0.39895E+07  0.69836E+07  0.88081E+07  0.97092E+07  0.10048E+08  0.10096E+08  0.10017E+08  0.98958E+07  0.97724E+07  0.96649E+07  0.95741E+07  0.95016E+07  0.94475E+07  0.94108E+07  0.93857E+07  0.93746E+07  0.93703E+07  0.93748E+07  0.93806E+07  0.93944E+07  0.94098E+07  0.94276E+07  0.94503E+07  0.94744E+07  0.95010E+07  0.95281E+07  0.95578E+07  0.95887E+07  0.96201E+07  0.96531E+07
CH3OOH  
  0.00000E+00  0.14390E+04  0.91841E+04  0.23873E+05  0.43654E+05  0.66220E+05  0.89996E+05  0.11410E+06  0.13812E+06  0.16191E+06  0.18541E+06  0.20868E+06  0.23174E+06  0.25461E+06  0.27732E+06  0.29996E+06  0.32253E+06  0.34509E+06  0.36769E+06  0.39030E+06  0.41300E+06  0.43574E+06  0.45849E+06  0.48140E+06  0.50440E+06  0.52751E+06  0.55066E+06  0.57404E+06  0.59753E+06  0.62105E+06  0.64482E+06
HCHO    
  0.50000E+00  0.49954E+00  0.49913E+00  0.49878E+00  0.49847E+00  0.49820E+00  0.49795E+00  0.49770E+00  0.49746E+00  0.49722E+00  0.49698E+00  0.49674E+00  0.49650E+00  0.49627E+00  0.49603E+00  0.49579E+00  0.49556E+00  0.49532E+00  0.49509E+00  0.49485E+00  0.49462E+00  0.49439E+00  0.49415E+00  0.49392E+00  0.49369E+00  0.49346E+00  0.49323E+00  0.49301E+00  0.49278E+00  0.49255E+00  0.49233E+00
CH3NO3  
  0.00000E+00  0.60680E+03  0.29087E+04  0.69432E+04  0.12361E+05  0.18678E+05  0.25529E+05  0.32677E+05  0.39988E+05  0.47391E+05  0.54850E+05  0.62339E+05  0.69853E+05  0.77388E+05  0.84944E+05  0.92515E+05  0.10011E+06  0.10773E+06  0.11537E+06  0.12302E+06  0.13072E+06  0.13842E+06  0.14613E+06  0.15388E+06  0.16165E+06  0.16945E+06  0.17726E+06  0.18511E+06  0.19299E+06  0.20087E+06  0.20881E+06
CH3O    
  0.00000E+00  0.14869E+02  0.34316E+02  0.51349E+02  0.63363E+02  0.70928E+02  0.75374E+02  0.77917E+02  0.79372E+02  0.80225E+02  0.80736E+02  0.81092E+02  0.81355E+02  0.81565E+02  0.81754E+02  0.81939E+02  0.82130E+02  0.82326E+02  0.82534E+02  0.82744E+02  0.82968E+02  0.83195E+02  0.83427E+02  0.83673E+02  0.83922E+02  0.84179E+02  0.84438E+02  0.84706E+02  0.84979E+02  0.85253E+02  0.85535E+02
CH3O2NO2
  0.00000E+00  0.19469E+06  0.33292E+06  0.40439E+06  0.43064E+06  0.43285E+06  0.42460E+06  0.41315E+06  0.40182E+06  0.39182E+06  0.38367E+06  0.37695E+06  0.37160E+06  0.36752E+06  0.36459E+06  0.36238E+06  0.36102E+06  0.36006E+06  0.35962E+06  0.35926E+06  0.35935E+06  0.35954E+06  0.35986E+06  0.36044E+06  0.36110E+06  0.36189E+06  0.36272E+06  0.36367E+06  0.36468E+06  0.36572E+06  0.36684E+06
CH3OH   
  0.00000E+00  0.00000E+00  0.00000E+00  0.00000E+00  0.00000E+00  0.00000E+00  0.00000E+00  0.00000E+00  0.00000E+00  0.00000E+00  0.00000E+00  0.00000E+00  0.00000E+00  0.00000E+00  0.00000E+00  0.00000E+00  0.00000E+00  0.00000E+00  0.00000E+00  0.00000E+00  0.00000E+00  0.00000E+00  0.00000E+00  0.00000E+00  0.00000E+00  0.00000E+00  0.00000E+00  0.00000E+00  0.00000E+00  0.00000E+00  0.00000E+00
C5H8    
  0.10000E+01  0.99777E+00  0.99526E+00  0.99253E+00  0.98962E+00  0.98659E+00  0.98347E+00  0.98029E+00  0.97706E+00  0.97381E+00  0.97054E+00  0.96726E+00  0.96397E+00  0.96067E+00  0.95737E+00  0.95407E+00  0.95077E+00  0.94747E+00  0.94417E+00  0.94088E+00  0.93758E+00  0.93428E+00  0.93099E+00  0.92769E+00  0.92440E+00  0.92111E+00  0.91782E+00  0.91453E+00  0.91124E+00  0.90796E+00  0.90467E+00
IPROD   
  0.00000E+00  0.22307E-02  0.47450E-02  0.74727E-02  0.10375E-01  0.13406E-01  0.16528E-01  0.19712E-01  0.22937E-01  0.26189E-01  0.29461E-01  0.32744E-01  0.36034E-01  0.39330E-01  0.42628E-01  0.45928E-01  0.49228E-01  0.52528E-01  0.55826E-01  0.59125E-01  0.62421E-01  0.65717E-01  0.69012E-01  0.72305E-01  0.75598E-01  0.78889E-01  0.82179E-01  0.85468E-01  0.88755E-01  0.92043E-01  0.95328E-01
