NO      
  0.10000E+00  0.46823E+00  0.71098E+00  0.86990E+00  0.97497E+00  0.10435E+01  0.10896E+01  0.11205E+01  0.11415E+01  0.11558E+01  0.11651E+01  0.11713E+01  0.11753E+01  0.11782E+01  0.11802E+01  0.11819E+01  0.11831E+01  0.11837E+01  0.11842E+01  0.11845E+01  0.11848E+01  0.11850E+01  0.11851E+01  0.11851E+01  0.11851E+01  0.11851E+01  0.11850E+01  0.11849E+01  0.11848E+01  0.11847E+01  0.11846E+01
NO2     
  0.50000E+01  0.46293E+01  0.43848E+01  0.42245E+01  0.41183E+01  0.40488E+01  0.40018E+01  0.39701E+01  0.39483E+01  0.39332E+01  0.39232E+01  0.39163E+01  0.39115E+01  0.39080E+01  0.39052E+01  0.39028E+01  0.39009E+01  0.38995E+01  0.38984E+01  0.38973E+01  0.38963E+01  0.38954E+01  0.38946E+01  0.38939E+01  0.38932E+01  0.38925E+01  0.38919E+01  0.38912E+01  0.38906E+01  0.38900E+01  0.38894E+01
O3      
  0.80000E+02  0.80363E+02  0.80601E+02  0.80756E+02  0.80858E+02  0.80923E+02  0.80965E+02  0.80993E+02  0.81010E+02  0.81021E+02  0.81027E+02  0.81030E+02  0.81030E+02  0.81030E+02  0.81028E+02  0.81027E+02  0.81024E+02  0.81022E+02  0.81019E+02  0.81016E+02  0.81013E+02  0.81009E+02  0.81006E+02  0.81003E+02  0.80999E+02  0.80996E+02  0.80993E+02  0.80989E+02  0.80986E+02  0.80982E+02  0.80979E+02
NO3     
  0.00000E+00  0.99527E+07  0.78902E+07  0.68621E+07  0.62986E+07  0.59704E+07  0.57633E+07  0.56304E+07  0.55420E+07  0.54820E+07  0.54432E+07  0.54173E+07  0.54000E+07  0.53875E+07  0.53782E+07  0.53706E+07  0.53648E+07  0.53614E+07  0.53588E+07  0.53566E+07  0.53548E+07  0.53532E+07  0.53521E+07  0.53511E+07  0.53506E+07  0.53500E+07  0.53497E+07  0.53494E+07  0.53491E+07  0.53490E+07  0.53488E+07
O       
  0.00000E+00  0.24728E+05  0.24038E+05  0.23586E+05  0.23287E+05  0.23090E+05  0.22958E+05  0.22868E+05  0.22806E+05  0.22763E+05  0.22734E+05  0.22714E+05  0.22700E+05  0.22690E+05  0.22681E+05  0.22674E+05  0.22668E+05  0.22664E+05  0.22660E+05  0.22656E+05  0.22653E+05  0.22650E+05  0.22647E+05  0.22645E+05  0.22642E+05  0.22640E+05  0.22637E+05  0.22635E+05  0.22633E+05  0.22630E+05  0.22628E+05
O1D     
  0.00000E+00  0.92765E-01  0.93041E-01  0.93220E-01  0.93337E-01  0.93412E-01  0.93461E-01  0.93492E-01  0.93513E-01  0.93525E-01  0.93532E-01  0.93535E-01  0.93536E-01  0.93535E-01  0.93534E-01  0.93532E-01  0.93529E-01  0.93526E-01  0.93523E-01  0.93519E-01  0.93515E-01  0.93512E-01  0.93508E-01  0.93504E-01  0.93500E-01  0.93496E-01  0.93492E-01  0.93488E-01  0.93484E-01  0.93480E-01  0.93476E-01
N2O5    
  0.00000E+00  0.48698E-03  0.81073E-03  0.99232E-03  0.11009E-02  0.11662E-02  0.12072E-02  0.12327E-02  0.12486E-02  0.12584E-02  0.12638E-02  0.12667E-02  0.12680E-02  0.12685E-02  0.12685E-02  0.12683E-02  0.12679E-02  0.12673E-02  0.12666E-02  0.12660E-02  0.12654E-02  0.12647E-02  0.12641E-02  0.12635E-02  0.12629E-02  0.12624E-02  0.12619E-02  0.12614E-02  0.12610E-02  0.12606E-02  0.12603E-02
OH      
  0.00000E+00  0.10639E+07  0.11049E+07  0.11292E+07  0.11445E+07  0.11547E+07  0.11622E+07  0.11678E+07  0.11722E+07  0.11758E+07  0.11789E+07  0.11815E+07  0.11838E+07  0.11861E+07  0.11882E+07  0.11902E+07  0.11922E+07  0.11941E+07  0.11960E+07  0.11979E+07  0.11998E+07  0.12016E+07  0.12035E+07  0.12053E+07  0.12071E+07  0.12090E+07  0.12108E+07  0.12126E+07  0.12144E+07  0.12163E+07  0.12181E+07
HO2     
  0.00000E+00  0.75076E+07  0.84082E+07  0.84567E+07  0.83899E+07  0.83288E+07  0.82914E+07  0.82719E+07  0.82632E+07  0.82610E+07  0.82629E+07  0.82671E+07  0.82727E+07  0.82788E+07  0.82853E+07  0.82920E+07  0.82988E+07  0.83057E+07  0.83125E+07  0.83194E+07  0.83262E+07  0.83330E+07  0.83399E+07  0.83466E+07  0.83533E+07  0.83600E+07  0.83667E+07  0.83733E+07  0.83799E+07  0.83865E+07  0.83930E+07
CO      
  0.10000E+03  0.10000E+03  0.10000E+03  0.10000E+03  0.10000E+03  0.10000E+03  0.10000E+03  0.10000E+03  0.10000E+03  0.10000E+03  0.10000E+03  0.10000E+03  0.10000E+03  0.10000E+03  0.10000E+03  0.10000E+03  0.10000E+03  0.10000E+03  0.10000E+03  0.10000E+03  0.10000E+03  0.10000E+03  0.10000E+03  0.10000E+03  0.10000E+03  0.10000E+03  0.10000E+03  0.10000E+03  0.10000E+03  0.10001E+03  0.10001E+03
H2O2    
  0.10000E+01  0.99991E+00  0.99982E+00  0.99972E+00  0.99963E+00  0.99954E+00  0.99944E+00  0.99935E+00  0.99925E+00  0.99916E+00  0.99907E+00  0.99897E+00  0.99888E+00  0.99878E+00  0.99869E+00  0.99860E+00  0.99850E+00  0.99841E+00  0.99831E+00  0.99822E+00  0.99812E+00  0.99803E+00  0.99794E+00  0.99784E+00  0.99775E+00  0.99765E+00  0.99756E+00  0.99746E+00  0.99737E+00  0.99727E+00  0.99718E+00
HONO    
  0.00000E+00  0.21616E-04  0.67045E-04  0.12878E-03  0.20071E-03  0.27904E-03  0.36079E-03  0.44435E-03  0.52856E-03  0.61275E-03  0.69633E-03  0.77887E-03  0.86000E-03  0.93974E-03  0.10181E-02  0.10956E-02  0.11722E-02  0.12460E-02  0.13185E-02  0.13898E-02  0.14603E-02  0.15306E-02  0.16000E-02  0.16682E-02  0.17342E-02  0.18000E-02  0.18639E-02  0.19275E-02  0.19903E-02  0.20499E-02  0.21094E-02
HNO3    
  0.00000E+00  0.49355E-03  0.98297E-03  0.14642E-02  0.19387E-02  0.24084E-02  0.28751E-02  0.33399E-02  0.38038E-02  0.42673E-02  0.47307E-02  0.51943E-02  0.56584E-02  0.61231E-02  0.65883E-02  0.70540E-02  0.75200E-02  0.79874E-02  0.84555E-02  0.89241E-02  0.93932E-02  0.98624E-02  0.10332E-01  0.10802E-01  0.11274E-01  0.11745E-01  0.12218E-01  0.12691E-01  0.13164E-01  0.13640E-01  0.14115E-01
HO2NO2  
  0.00000E+00  0.27835E-03  0.61562E-03  0.85974E-03  0.10253E-02  0.11344E-02  0.12085E-02  0.12591E-02  0.12942E-02  0.13190E-02  0.13359E-02  0.13478E-02  0.13562E-02  0.13626E-02  0.13677E-02  0.13721E-02  0.13757E-02  0.13782E-02  0.13804E-02  0.13824E-02  0.13842E-02  0.13859E-02  0.13874E-02  0.13888E-02  0.13899E-02  0.13911E-02  0.13922E-02  0.13933E-02  0.13943E-02  0.13953E-02  0.13962E-02
CH4     
  0.17000E+04  0.17000E+04  0.17000E+04  0.17000E+04  0.17000E+04  0.17000E+04  0.17000E+04  0.17000E+04  0.17000E+04  0.17000E+04  0.17000E+04  0.17000E+04  0.17000E+04  0.17000E+04  0.17000E+04  0.17000E+04  0.17000E+04  0.17000E+04  0.17000E+04  0.17000E+04  0.17000E+04  0.17000E+04  0.17000E+04  0.17000E+04  0.17000E+04  0.17000E+04  0.17000E+04  0.17000E+04  0.17000E+04  0.17000E+04  0.17000E+04
CH3O2   
  0.00000E+00  0.14638E+07  0.18322E+07  0.16710E+07  0.14770E+07  0.13515E+07  0.12772E+07  0.12340E+07  0.12078E+07  0.11916E+07  0.11823E+07  0.11769E+07  0.11740E+07  0.11726E+07  0.11720E+07  0.11720E+07  0.11724E+07  0.11735E+07  0.11747E+07  0.11761E+07  0.11776E+07  0.11791E+07  0.11808E+07  0.11825E+07  0.11843E+07  0.11861E+07  0.11880E+07  0.11898E+07  0.11917E+07  0.11936E+07  0.11954E+07
CH3OOH  
  0.00000E+00  0.24924E+03  0.95087E+03  0.16982E+04  0.23573E+04  0.29420E+04  0.34850E+04  0.40037E+04  0.45089E+04  0.50061E+04  0.54980E+04  0.59874E+04  0.64758E+04  0.69641E+04  0.74528E+04  0.79418E+04  0.84311E+04  0.89223E+04  0.94145E+04  0.99077E+04  0.10402E+05  0.10896E+05  0.11390E+05  0.11886E+05  0.12384E+05  0.12882E+05  0.13382E+05  0.13882E+05  0.14383E+05  0.14888E+05  0.15392E+05
HCHO    
  0.50000E+00  0.49958E+00  0.49921E+00  0.49888E+00  0.49854E+00  0.49821E+00  0.49787E+00  0.49753E+00  0.49719E+00  0.49685E+00  0.49651E+00  0.49617E+00  0.49583E+00  0.49550E+00  0.49516E+00  0.49482E+00  0.49448E+00  0.49415E+00  0.49381E+00  0.49348E+00  0.49314E+00  0.49281E+00  0.49247E+00  0.49214E+00  0.49180E+00  0.49147E+00  0.49114E+00  0.49080E+00  0.49047E+00  0.49014E+00  0.48981E+00
CH3NO3  
  0.00000E+00  0.57866E+03  0.26701E+04  0.55046E+04  0.84214E+04  0.11280E+05  0.14092E+05  0.16880E+05  0.19658E+05  0.22431E+05  0.25204E+05  0.27980E+05  0.30759E+05  0.33543E+05  0.36331E+05  0.39121E+05  0.41914E+05  0.44717E+05  0.47524E+05  0.50335E+05  0.53149E+05  0.55963E+05  0.58781E+05  0.61603E+05  0.64433E+05  0.67264E+05  0.70101E+05  0.72941E+05  0.75783E+05  0.78638E+05  0.81494E+05
CH3O    
  0.00000E+00  0.14937E+02  0.28304E+02  0.31660E+02  0.31380E+02  0.30732E+02  0.30325E+02  0.30123E+02  0.30036E+02  0.30009E+02  0.30014E+02  0.30036E+02  0.30067E+02  0.30103E+02  0.30141E+02  0.30181E+02  0.30223E+02  0.30267E+02  0.30311E+02  0.30356E+02  0.30401E+02  0.30446E+02  0.30491E+02  0.30537E+02  0.30582E+02  0.30628E+02  0.30674E+02  0.30720E+02  0.30766E+02  0.30812E+02  0.30858E+02
CH3O2NO2
  0.00000E+00  0.36254E+06  0.44835E+06  0.39706E+06  0.34166E+06  0.30646E+06  0.28560E+06  0.27337E+06  0.26587E+06  0.26114E+06  0.25835E+06  0.25666E+06  0.25569E+06  0.25511E+06  0.25479E+06  0.25460E+06  0.25455E+06  0.25469E+06  0.25488E+06  0.25511E+06  0.25537E+06  0.25564E+06  0.25594E+06  0.25626E+06  0.25661E+06  0.25695E+06  0.25731E+06  0.25767E+06  0.25803E+06  0.25840E+06  0.25877E+06
CH3OH   
  0.00000E+00  0.00000E+00  0.00000E+00  0.00000E+00  0.00000E+00  0.00000E+00  0.00000E+00  0.00000E+00  0.00000E+00  0.00000E+00  0.00000E+00  0.00000E+00  0.00000E+00  0.00000E+00  0.00000E+00  0.00000E+00  0.00000E+00  0.00000E+00  0.00000E+00  0.00000E+00  0.00000E+00  0.00000E+00  0.00000E+00  0.00000E+00  0.00000E+00  0.00000E+00  0.00000E+00  0.00000E+00  0.00000E+00  0.00000E+00  0.00000E+00
C5H8    
  0.50000E+01  0.49933E+01  0.49864E+01  0.49793E+01  0.49722E+01  0.49650E+01  0.49578E+01  0.49506E+01  0.49434E+01  0.49361E+01  0.49289E+01  0.49217E+01  0.49144E+01  0.49072E+01  0.49000E+01  0.48927E+01  0.48855E+01  0.48782E+01  0.48710E+01  0.48638E+01  0.48565E+01  0.48493E+01  0.48421E+01  0.48349E+01  0.48276E+01  0.48204E+01  0.48132E+01  0.48060E+01  0.47988E+01  0.47915E+01  0.47843E+01
IPROD   
  0.00000E+00  0.66774E-02  0.13630E-01  0.20693E-01  0.27821E-01  0.34992E-01  0.42189E-01  0.49402E-01  0.56626E-01  0.63857E-01  0.71093E-01  0.78331E-01  0.85571E-01  0.92810E-01  0.10005E+00  0.10729E+00  0.11452E+00  0.12176E+00  0.12899E+00  0.13622E+00  0.14345E+00  0.15068E+00  0.15791E+00  0.16514E+00  0.17236E+00  0.17959E+00  0.18681E+00  0.19403E+00  0.20124E+00  0.20846E+00  0.21567E+00
