NO    
  0.10000E+00  0.17251E+00  0.22899E+00  0.27242E+00  0.30539E+00  0.32998E+00  0.34797E+00  0.36082E+00  0.36974E+00  0.37568E+00  0.37944E+00  0.38156E+00  0.38251E+00  0.38262E+00  0.38216E+00  0.38131E+00  0.38020E+00  0.37894E+00  0.37759E+00  0.37620E+00  0.37481E+00  0.37345E+00  0.37212E+00  0.37083E+00  0.36960E+00  0.36842E+00  0.36729E+00  0.36621E+00  0.36517E+00  0.36418E+00  0.36323E+00
NO2   
  0.10000E+01  0.92699E+00  0.86985E+00  0.82559E+00  0.79164E+00  0.76595E+00  0.74676E+00  0.73263E+00  0.72238E+00  0.71506E+00  0.70988E+00  0.70631E+00  0.70389E+00  0.70230E+00  0.70127E+00  0.70062E+00  0.70023E+00  0.69998E+00  0.69983E+00  0.69970E+00  0.69958E+00  0.69944E+00  0.69926E+00  0.69904E+00  0.69877E+00  0.69845E+00  0.69808E+00  0.69765E+00  0.69719E+00  0.69668E+00  0.69613E+00
O3    
  0.40000E+02  0.40071E+02  0.40126E+02  0.40170E+02  0.40205E+02  0.40234E+02  0.40257E+02  0.40277E+02  0.40294E+02  0.40309E+02  0.40323E+02  0.40337E+02  0.40350E+02  0.40362E+02  0.40374E+02  0.40387E+02  0.40399E+02  0.40412E+02  0.40425E+02  0.40438E+02  0.40451E+02  0.40464E+02  0.40478E+02  0.40491E+02  0.40505E+02  0.40519E+02  0.40532E+02  0.40546E+02  0.40560E+02  0.40575E+02  0.40589E+02
O3P   
  0.00000E+00  0.10614E+05  0.10404E+05  0.10242E+05  0.10118E+05  0.10025E+05  0.99555E+04  0.99048E+04  0.98686E+04  0.98432E+04  0.98258E+04  0.98145E+04  0.98075E+04  0.98036E+04  0.98018E+04  0.98016E+04  0.98022E+04  0.98036E+04  0.98052E+04  0.98070E+04  0.98089E+04  0.98107E+04  0.98124E+04  0.98139E+04  0.98153E+04  0.98165E+04  0.98175E+04  0.98184E+04  0.98190E+04  0.98196E+04  0.98200E+04
O1D   
  0.00000E+00  0.53389E-01  0.53463E-01  0.53522E-01  0.53569E-01  0.53606E-01  0.53638E-01  0.53664E-01  0.53687E-01  0.53707E-01  0.53726E-01  0.53744E-01  0.53761E-01  0.53777E-01  0.53794E-01  0.53810E-01  0.53827E-01  0.53844E-01  0.53861E-01  0.53878E-01  0.53896E-01  0.53913E-01  0.53931E-01  0.53949E-01  0.53967E-01  0.53986E-01  0.54004E-01  0.54023E-01  0.54042E-01  0.54060E-01  0.54079E-01
NO3   
  0.00000E+00  0.13595E+07  0.12404E+07  0.11027E+07  0.10071E+07  0.94036E+06  0.89319E+06  0.85989E+06  0.83653E+06  0.82037E+06  0.80939E+06  0.80227E+06  0.79791E+06  0.79556E+06  0.79463E+06  0.79470E+06  0.79545E+06  0.79665E+06  0.79814E+06  0.79978E+06  0.80150E+06  0.80323E+06  0.80493E+06  0.80657E+06  0.80812E+06  0.80959E+06  0.81095E+06  0.81222E+06  0.81339E+06  0.81448E+06  0.81548E+06
HONO  
  0.00000E+00  0.23685E-04  0.62555E-04  0.11715E-03  0.18820E-03  0.27583E-03  0.37918E-03  0.49668E-03  0.62619E-03  0.76552E-03  0.91240E-03  0.10650E-02  0.12217E-02  0.13810E-02  0.15419E-02  0.17033E-02  0.18647E-02  0.20255E-02  0.21853E-02  0.23437E-02  0.25005E-02  0.26556E-02  0.28088E-02  0.29601E-02  0.31092E-02  0.32562E-02  0.34011E-02  0.35438E-02  0.36843E-02  0.38228E-02  0.39591E-02
HNO3  
  0.00000E+00  0.23976E-03  0.49381E-03  0.76675E-03  0.10645E-02  0.13897E-02  0.17430E-02  0.21231E-02  0.25280E-02  0.29555E-02  0.34030E-02  0.38687E-02  0.43503E-02  0.48461E-02  0.53543E-02  0.58737E-02  0.64028E-02  0.69407E-02  0.74864E-02  0.80393E-02  0.85985E-02  0.91635E-02  0.97338E-02  0.10309E-01  0.10889E-01  0.11473E-01  0.12061E-01  0.12653E-01  0.13249E-01  0.13848E-01  0.14450E-01
HNO4  
  0.00000E+00  0.11696E-03  0.39553E-03  0.76085E-03  0.11704E-02  0.15957E-02  0.20165E-02  0.24195E-02  0.27976E-02  0.31470E-02  0.34673E-02  0.37584E-02  0.40222E-02  0.42600E-02  0.44742E-02  0.46666E-02  0.48392E-02  0.49939E-02  0.51322E-02  0.52559E-02  0.53665E-02  0.54651E-02  0.55532E-02  0.56318E-02  0.57016E-02  0.57637E-02  0.58189E-02  0.58680E-02  0.59118E-02  0.59509E-02  0.59859E-02
N2O5  
  0.00000E+00  0.96181E-05  0.18663E-04  0.23643E-04  0.26070E-04  0.27002E-04  0.27091E-04  0.26734E-04  0.26173E-04  0.25552E-04  0.24947E-04  0.24402E-04  0.23932E-04  0.23542E-04  0.23227E-04  0.22979E-04  0.22790E-04  0.22650E-04  0.22550E-04  0.22483E-04  0.22440E-04  0.22417E-04  0.22409E-04  0.22411E-04  0.22420E-04  0.22434E-04  0.22451E-04  0.22468E-04  0.22486E-04  0.22502E-04  0.22517E-04
OH    
  0.00000E+00  0.29429E+07  0.33148E+07  0.37867E+07  0.43154E+07  0.48586E+07  0.53835E+07  0.58704E+07  0.63101E+07  0.66999E+07  0.70423E+07  0.73406E+07  0.76002E+07  0.78260E+07  0.80233E+07  0.81963E+07  0.83490E+07  0.84847E+07  0.86063E+07  0.87159E+07  0.88157E+07  0.89072E+07  0.89918E+07  0.90706E+07  0.91444E+07  0.92140E+07  0.92800E+07  0.93431E+07  0.94037E+07  0.94623E+07  0.95190E+07
HO2   
  0.00000E+00  0.24020E+08  0.47877E+08  0.72172E+08  0.96251E+08  0.11923E+09  0.14050E+09  0.15978E+09  0.17705E+09  0.19239E+09  0.20597E+09  0.21793E+09  0.22847E+09  0.23774E+09  0.24591E+09  0.25311E+09  0.25947E+09  0.26510E+09  0.27009E+09  0.27452E+09  0.27847E+09  0.28200E+09  0.28517E+09  0.28801E+09  0.29057E+09  0.29287E+09  0.29496E+09  0.29686E+09  0.29860E+09  0.30020E+09  0.30167E+09
H2O2  
  0.10000E+01  0.99988E+00  0.99975E+00  0.99963E+00  0.99950E+00  0.99938E+00  0.99926E+00  0.99915E+00  0.99905E+00  0.99895E+00  0.99887E+00  0.99879E+00  0.99872E+00  0.99866E+00  0.99861E+00  0.99856E+00  0.99852E+00  0.99849E+00  0.99846E+00  0.99844E+00  0.99842E+00  0.99840E+00  0.99839E+00  0.99838E+00  0.99837E+00  0.99837E+00  0.99836E+00  0.99836E+00  0.99836E+00  0.99837E+00  0.99837E+00
HCHO  
  0.50000E+00  0.49962E+00  0.49961E+00  0.50009E+00  0.50108E+00  0.50254E+00  0.50446E+00  0.50679E+00  0.50947E+00  0.51245E+00  0.51570E+00  0.51916E+00  0.52281E+00  0.52661E+00  0.53052E+00  0.53454E+00  0.53863E+00  0.54279E+00  0.54699E+00  0.55123E+00  0.55550E+00  0.55979E+00  0.56409E+00  0.56840E+00  0.57271E+00  0.57701E+00  0.58131E+00  0.58561E+00  0.58989E+00  0.59416E+00  0.59841E+00
CO    
  0.10000E+03  0.10000E+03  0.10000E+03  0.10000E+03  0.99999E+02  0.99999E+02  0.99999E+02  0.99998E+02  0.99997E+02  0.99997E+02  0.99996E+02  0.99995E+02  0.99994E+02  0.99993E+02  0.99993E+02  0.99992E+02  0.99991E+02  0.99990E+02  0.99989E+02  0.99988E+02  0.99987E+02  0.99986E+02  0.99985E+02  0.99984E+02  0.99983E+02  0.99982E+02  0.99981E+02  0.99980E+02  0.99979E+02  0.99978E+02  0.99977E+02
CH3OOH
  0.00000E+00  0.22732E+04  0.17348E+05  0.54274E+05  0.11827E+06  0.21219E+06  0.33731E+06  0.49424E+06  0.68273E+06  0.90249E+06  0.11522E+07  0.14312E+07  0.17379E+07  0.20712E+07  0.24291E+07  0.28104E+07  0.32135E+07  0.36371E+07  0.40799E+07  0.45407E+07  0.50184E+07  0.55122E+07  0.60211E+07  0.65443E+07  0.70817E+07  0.76326E+07  0.81964E+07  0.87727E+07  0.93608E+07  0.99603E+07  0.10571E+08
ETHOOH
  0.00000E+00  0.87025E-04  0.45147E-02  0.45725E-01  0.23686E+00  0.85212E+00  0.24253E+01  0.58524E+01  0.12388E+02  0.23784E+02  0.41960E+02  0.69453E+02  0.10865E+03  0.16239E+03  0.23317E+03  0.32359E+03  0.43611E+03  0.57305E+03  0.73660E+03  0.92877E+03  0.11514E+04  0.14062E+04  0.16947E+04  0.20182E+04  0.23798E+04  0.27807E+04  0.32222E+04  0.37053E+04  0.42308E+04  0.47995E+04  0.54119E+04
ALD2  
  0.00000E+00  0.29778E+06  0.61613E+06  0.95889E+06  0.13232E+07  0.17061E+07  0.21074E+07  0.25300E+07  0.29791E+07  0.34626E+07  0.39878E+07  0.45639E+07  0.51981E+07  0.58981E+07  0.66694E+07  0.75172E+07  0.84459E+07  0.94588E+07  0.10559E+08  0.11749E+08  0.13030E+08  0.14404E+08  0.15873E+08  0.17436E+08  0.19099E+08  0.20863E+08  0.22728E+08  0.24694E+08  0.26761E+08  0.28929E+08  0.31197E+08
CH3O2 
  0.00000E+00  0.48090E+07  0.87534E+07  0.11674E+08  0.13840E+08  0.15536E+08  0.16972E+08  0.18262E+08  0.19464E+08  0.20599E+08  0.21677E+08  0.22697E+08  0.23663E+08  0.24576E+08  0.25438E+08  0.26252E+08  0.27024E+08  0.27755E+08  0.28450E+08  0.29113E+08  0.29746E+08  0.30354E+08  0.30938E+08  0.31502E+08  0.32046E+08  0.32574E+08  0.33088E+08  0.33589E+08  0.34080E+08  0.34560E+08  0.35033E+08
AONE  
  0.00000E+00  0.25033E+02  0.38663E+03  0.22601E+04  0.82897E+04  0.23102E+05  0.53465E+05  0.10819E+06  0.19694E+06  0.33071E+06  0.51886E+06  0.77258E+06  0.10999E+07  0.15097E+07  0.20082E+07  0.26011E+07  0.32932E+07  0.40885E+07  0.49903E+07  0.60013E+07  0.71238E+07  0.83594E+07  0.97097E+07  0.11176E+08  0.12764E+08  0.14475E+08  0.16309E+08  0.18267E+08  0.20350E+08  0.22556E+08  0.24886E+08
C2O3  
  0.00000E+00  0.15809E+06  0.17007E+06  0.17038E+06  0.17563E+06  0.18805E+06  0.20825E+06  0.23637E+06  0.27212E+06  0.31498E+06  0.36416E+06  0.41904E+06  0.47874E+06  0.54264E+06  0.61004E+06  0.68042E+06  0.75333E+06  0.82836E+06  0.90521E+06  0.98361E+06  0.10633E+07  0.11442E+07  0.12261E+07  0.13089E+07  0.13925E+07  0.14768E+07  0.15617E+07  0.16472E+07  0.17332E+07  0.18197E+07  0.19066E+07
MGLY  
  0.00000E+00  0.79644E+02  0.71784E+03  0.30253E+04  0.89608E+04  0.21554E+05  0.44930E+05  0.84234E+05  0.14492E+06  0.23308E+06  0.35373E+06  0.51292E+06  0.71479E+06  0.96399E+06  0.12635E+07  0.16163E+07  0.20246E+07  0.24903E+07  0.30148E+07  0.35994E+07  0.42450E+07  0.49521E+07  0.57214E+07  0.65531E+07  0.74502E+07  0.84130E+07  0.94415E+07  0.10536E+08  0.11695E+08  0.12920E+08  0.14209E+08
OPEN  
  0.00000E+00  0.00000E+00  0.00000E+00  0.00000E+00  0.00000E+00  0.00000E+00  0.00000E+00  0.00000E+00  0.00000E+00  0.00000E+00  0.00000E+00  0.00000E+00  0.00000E+00  0.00000E+00  0.00000E+00  0.00000E+00  0.00000E+00  0.00000E+00  0.00000E+00  0.00000E+00  0.00000E+00  0.00000E+00  0.00000E+00  0.00000E+00  0.00000E+00  0.00000E+00  0.00000E+00  0.00000E+00  0.00000E+00  0.00000E+00  0.00000E+00
ROOH  
  0.00000E+00  0.61837E+05  0.49458E+06  0.16331E+07  0.37543E+07  0.70748E+07  0.11734E+08  0.17808E+08  0.25297E+08  0.34175E+08  0.44352E+08  0.55768E+08  0.68306E+08  0.81877E+08  0.96368E+08  0.11168E+09  0.12773E+09  0.14442E+09  0.16168E+09  0.17945E+09  0.19765E+09  0.21623E+09  0.23514E+09  0.25434E+09  0.27380E+09  0.29348E+09  0.31334E+09  0.33336E+09  0.35351E+09  0.37376E+09  0.39411E+09
XO2   
  0.00000E+00  0.46695E+07  0.90447E+07  0.12936E+08  0.16366E+08  0.19391E+08  0.22068E+08  0.24440E+08  0.26547E+08  0.28416E+08  0.30079E+08  0.31553E+08  0.32862E+08  0.34023E+08  0.35056E+08  0.35975E+08  0.36794E+08  0.37526E+08  0.38181E+08  0.38768E+08  0.39296E+08  0.39773E+08  0.40204E+08  0.40596E+08  0.40951E+08  0.41275E+08  0.41572E+08  0.41845E+08  0.42097E+08  0.42331E+08  0.42550E+08
ETHP  
  0.00000E+00  0.23638E+00  0.30461E+01  0.13789E+02  0.40565E+02  0.94339E+02  0.18828E+03  0.33677E+03  0.55263E+03  0.84776E+03  0.12288E+04  0.17027E+04  0.22705E+04  0.29327E+04  0.36863E+04  0.45278E+04  0.54524E+04  0.64551E+04  0.75306E+04  0.86735E+04  0.98787E+04  0.11141E+05  0.12456E+05  0.13820E+05  0.15229E+05  0.16681E+05  0.18170E+05  0.19695E+05  0.21251E+05  0.22837E+05  0.24449E+05
PAR   
  0.00000E+00  0.57609E+06  0.29797E+07  0.77560E+07  0.15067E+08  0.24882E+08  0.37039E+08  0.51322E+08  0.67467E+08  0.85221E+08  0.10432E+09  0.12455E+09  0.14571E+09  0.16762E+09  0.19014E+09  0.21313E+09  0.23650E+09  0.26015E+09  0.28401E+09  0.30802E+09  0.33213E+09  0.35629E+09  0.38048E+09  0.40465E+09  0.42879E+09  0.45287E+09  0.47686E+09  0.50076E+09  0.52455E+09  0.54821E+09  0.57175E+09
ONIT  
  0.00000E+00  0.28804E+06  0.14898E+07  0.38780E+07  0.75338E+07  0.12442E+08  0.18523E+08  0.25668E+08  0.33747E+08  0.42635E+08  0.52198E+08  0.62336E+08  0.72944E+08  0.83940E+08  0.95247E+08  0.10680E+09  0.11856E+09  0.13047E+09  0.14249E+09  0.15461E+09  0.16678E+09  0.17900E+09  0.19125E+09  0.20350E+09  0.21576E+09  0.22800E+09  0.24021E+09  0.25240E+09  0.26454E+09  0.27665E+09  0.28870E+09
ISOPRD
  0.00000E+00  0.20896E-03  0.87656E-03  0.21425E-02  0.40514E-02  0.65984E-02  0.97443E-02  0.13435E-01  0.17602E-01  0.22181E-01  0.27101E-01  0.32310E-01  0.37751E-01  0.43380E-01  0.49157E-01  0.55048E-01  0.61026E-01  0.67067E-01  0.73152E-01  0.79265E-01  0.85392E-01  0.91522E-01  0.97645E-01  0.10375E+00  0.10984E+00  0.11590E+00  0.12193E+00  0.12791E+00  0.13386E+00  0.13976E+00  0.14562E+00
SO2   
  0.00000E+00  0.00000E+00  0.00000E+00  0.00000E+00  0.00000E+00  0.00000E+00  0.00000E+00  0.00000E+00  0.00000E+00  0.00000E+00  0.00000E+00  0.00000E+00  0.00000E+00  0.00000E+00  0.00000E+00  0.00000E+00  0.00000E+00  0.00000E+00  0.00000E+00  0.00000E+00  0.00000E+00  0.00000E+00  0.00000E+00  0.00000E+00  0.00000E+00  0.00000E+00  0.00000E+00  0.00000E+00  0.00000E+00  0.00000E+00  0.00000E+00
H2SO4 
  0.00000E+00  0.00000E+00  0.00000E+00  0.00000E+00  0.00000E+00  0.00000E+00  0.00000E+00  0.00000E+00  0.00000E+00  0.00000E+00  0.00000E+00  0.00000E+00  0.00000E+00  0.00000E+00  0.00000E+00  0.00000E+00  0.00000E+00  0.00000E+00  0.00000E+00  0.00000E+00  0.00000E+00  0.00000E+00  0.00000E+00  0.00000E+00  0.00000E+00  0.00000E+00  0.00000E+00  0.00000E+00  0.00000E+00  0.00000E+00  0.00000E+00
CH4   
  0.17000E+04  0.17000E+04  0.17000E+04  0.17000E+04  0.17000E+04  0.17000E+04  0.17000E+04  0.17000E+04  0.17000E+04  0.17000E+04  0.17000E+04  0.17000E+04  0.17000E+04  0.17000E+04  0.17000E+04  0.17000E+04  0.17000E+04  0.17000E+04  0.17000E+04  0.17000E+04  0.17000E+04  0.17000E+04  0.17000E+04  0.17000E+04  0.17000E+04  0.17000E+04  0.17000E+04  0.17000E+04  0.17000E+04  0.17000E+04  0.17000E+04
C2H6  
  0.00000E+00  0.00000E+00  0.83938E-04  0.10490E-02  0.57133E-02  0.20744E-01  0.58767E-01  0.14067E+00  0.29577E+00  0.56432E+00  0.99126E+00  0.16345E+01  0.25500E+01  0.38025E+01  0.54505E+01  0.75542E+01  0.10170E+02  0.13350E+02  0.17146E+02  0.21601E+02  0.26756E+02  0.32649E+02  0.39311E+02  0.46773E+02  0.55096E+02  0.64305E+02  0.74425E+02  0.85475E+02  0.97472E+02  0.11043E+03  0.12435E+03
RO2   
  0.00000E+00  0.65065E+01  0.87025E+02  0.40663E+03  0.12222E+04  0.28697E+04  0.57221E+04  0.10145E+05  0.16425E+05  0.24798E+05  0.35355E+05  0.48193E+05  0.63265E+05  0.80529E+05  0.99865E+05  0.12115E+06  0.14427E+06  0.16906E+06  0.19542E+06  0.22321E+06  0.25231E+06  0.28262E+06  0.31403E+06  0.34645E+06  0.37985E+06  0.41414E+06  0.44923E+06  0.48507E+06  0.52160E+06  0.55876E+06  0.59651E+06
CH3OH 
  0.00000E+00  0.00000E+00  0.19117E+04  0.74585E+04  0.17340E+05  0.31751E+05  0.50700E+05  0.74164E+05  0.10209E+06  0.13441E+06  0.17098E+06  0.21169E+06  0.25635E+06  0.30477E+06  0.35672E+06  0.41200E+06  0.47039E+06  0.53169E+06  0.59571E+06  0.66227E+06  0.73121E+06  0.80238E+06  0.87564E+06  0.95086E+06  0.10280E+07  0.11069E+07  0.11876E+07  0.12698E+07  0.13536E+07  0.14389E+07  0.15255E+07
ANO2  
  0.00000E+00  0.34373E-04  0.10251E-02  0.91296E-02  0.46415E-01  0.16979E+00  0.49581E+00  0.12263E+01  0.26470E+01  0.51559E+01  0.91831E+01  0.15287E+02  0.23978E+02  0.35849E+02  0.51406E+02  0.71166E+02  0.95601E+02  0.12515E+03  0.16023E+03  0.20119E+03  0.24838E+03  0.30209E+03  0.36260E+03  0.43017E+03  0.50535E+03  0.58837E+03  0.67944E+03  0.77877E+03  0.88650E+03  0.10028E+04  0.11277E+04
C2H4  
  0.00000E+00  0.00000E+00  0.00000E+00  0.00000E+00  0.00000E+00  0.00000E+00  0.00000E+00  0.00000E+00  0.00000E+00  0.00000E+00  0.00000E+00  0.00000E+00  0.00000E+00  0.00000E+00  0.00000E+00  0.00000E+00  0.00000E+00  0.00000E+00  0.00000E+00  0.00000E+00  0.00000E+00  0.00000E+00  0.00000E+00  0.00000E+00  0.00000E+00  0.00000E+00  0.00000E+00  0.00000E+00  0.00000E+00  0.00000E+00  0.00000E+00
HCOOH 
  0.00000E+00  0.00000E+00  0.00000E+00  0.00000E+00  0.00000E+00  0.00000E+00  0.00000E+00  0.00000E+00  0.00000E+00  0.00000E+00  0.00000E+00  0.00000E+00  0.00000E+00  0.00000E+00  0.00000E+00  0.00000E+00  0.00000E+00  0.00000E+00  0.00000E+00  0.00000E+00  0.00000E+00  0.00000E+00  0.00000E+00  0.00000E+00  0.00000E+00  0.00000E+00  0.00000E+00  0.00000E+00  0.00000E+00  0.00000E+00  0.00000E+00
OLET  
  0.00000E+00  0.00000E+00  0.00000E+00  0.00000E+00  0.00000E+00  0.00000E+00  0.00000E+00  0.00000E+00  0.00000E+00  0.00000E+00  0.00000E+00  0.00000E+00  0.00000E+00  0.00000E+00  0.00000E+00  0.00000E+00  0.00000E+00  0.00000E+00  0.00000E+00  0.00000E+00  0.00000E+00  0.00000E+00  0.00000E+00  0.00000E+00  0.00000E+00  0.00000E+00  0.00000E+00  0.00000E+00  0.00000E+00  0.00000E+00  0.00000E+00
RCOOH 
  0.00000E+00  0.76165E+06  0.15225E+07  0.22822E+07  0.30406E+07  0.37974E+07  0.45526E+07  0.53059E+07  0.60573E+07  0.68068E+07  0.75544E+07  0.83001E+07  0.90440E+07  0.97860E+07  0.10526E+08  0.11265E+08  0.12002E+08  0.12737E+08  0.13471E+08  0.14203E+08  0.14933E+08  0.15662E+08  0.16390E+08  0.17116E+08  0.17841E+08  0.18564E+08  0.19286E+08  0.20006E+08  0.20725E+08  0.21442E+08  0.22158E+08
OLEI  
  0.00000E+00  0.00000E+00  0.00000E+00  0.00000E+00  0.00000E+00  0.00000E+00  0.00000E+00  0.00000E+00  0.00000E+00  0.00000E+00  0.00000E+00  0.00000E+00  0.00000E+00  0.00000E+00  0.00000E+00  0.00000E+00  0.00000E+00  0.00000E+00  0.00000E+00  0.00000E+00  0.00000E+00  0.00000E+00  0.00000E+00  0.00000E+00  0.00000E+00  0.00000E+00  0.00000E+00  0.00000E+00  0.00000E+00  0.00000E+00  0.00000E+00
NAP   
  0.00000E+00  0.62014E+01  0.67198E+02  0.27507E+03  0.74782E+03  0.16160E+04  0.30013E+04  0.50015E+04  0.76724E+04  0.11043E+05  0.15097E+05  0.19818E+05  0.25155E+05  0.31062E+05  0.37480E+05  0.44355E+05  0.51636E+05  0.59275E+05  0.67231E+05  0.75464E+05  0.83942E+05  0.92636E+05  0.10152E+06  0.11057E+06  0.11978E+06  0.12912E+06  0.13858E+06  0.14815E+06  0.15781E+06  0.16756E+06  0.17739E+06
TOL   
  0.00000E+00  0.00000E+00  0.00000E+00  0.00000E+00  0.00000E+00  0.00000E+00  0.00000E+00  0.00000E+00  0.00000E+00  0.00000E+00  0.00000E+00  0.00000E+00  0.00000E+00  0.00000E+00  0.00000E+00  0.00000E+00  0.00000E+00  0.00000E+00  0.00000E+00  0.00000E+00  0.00000E+00  0.00000E+00  0.00000E+00  0.00000E+00  0.00000E+00  0.00000E+00  0.00000E+00  0.00000E+00  0.00000E+00  0.00000E+00  0.00000E+00
CRES  
  0.00000E+00  0.00000E+00  0.00000E+00  0.00000E+00  0.00000E+00  0.00000E+00  0.00000E+00  0.00000E+00  0.00000E+00  0.00000E+00  0.00000E+00  0.00000E+00  0.00000E+00  0.00000E+00  0.00000E+00  0.00000E+00  0.00000E+00  0.00000E+00  0.00000E+00  0.00000E+00  0.00000E+00  0.00000E+00  0.00000E+00  0.00000E+00  0.00000E+00  0.00000E+00  0.00000E+00  0.00000E+00  0.00000E+00  0.00000E+00  0.00000E+00
TO2   
  0.00000E+00  0.00000E+00  0.00000E+00  0.00000E+00  0.00000E+00  0.00000E+00  0.00000E+00  0.00000E+00  0.00000E+00  0.00000E+00  0.00000E+00  0.00000E+00  0.00000E+00  0.00000E+00  0.00000E+00  0.00000E+00  0.00000E+00  0.00000E+00  0.00000E+00  0.00000E+00  0.00000E+00  0.00000E+00  0.00000E+00  0.00000E+00  0.00000E+00  0.00000E+00  0.00000E+00  0.00000E+00  0.00000E+00  0.00000E+00  0.00000E+00
XYL   
  0.00000E+00  0.00000E+00  0.00000E+00  0.00000E+00  0.00000E+00  0.00000E+00  0.00000E+00  0.00000E+00  0.00000E+00  0.00000E+00  0.00000E+00  0.00000E+00  0.00000E+00  0.00000E+00  0.00000E+00  0.00000E+00  0.00000E+00  0.00000E+00  0.00000E+00  0.00000E+00  0.00000E+00  0.00000E+00  0.00000E+00  0.00000E+00  0.00000E+00  0.00000E+00  0.00000E+00  0.00000E+00  0.00000E+00  0.00000E+00  0.00000E+00
CRO   
  0.00000E+00  0.00000E+00  0.00000E+00  0.00000E+00  0.00000E+00  0.00000E+00  0.00000E+00  0.00000E+00  0.00000E+00  0.00000E+00  0.00000E+00  0.00000E+00  0.00000E+00  0.00000E+00  0.00000E+00  0.00000E+00  0.00000E+00  0.00000E+00  0.00000E+00  0.00000E+00  0.00000E+00  0.00000E+00  0.00000E+00  0.00000E+00  0.00000E+00  0.00000E+00  0.00000E+00  0.00000E+00  0.00000E+00  0.00000E+00  0.00000E+00
ISOP  
  0.10000E+01  0.99701E+00  0.99364E+00  0.98984E+00  0.98552E+00  0.98066E+00  0.97527E+00  0.96938E+00  0.96305E+00  0.95635E+00  0.94933E+00  0.94204E+00  0.93454E+00  0.92687E+00  0.91906E+00  0.91114E+00  0.90315E+00  0.89509E+00  0.88699E+00  0.87887E+00  0.87072E+00  0.86257E+00  0.85442E+00  0.84627E+00  0.83814E+00  0.83003E+00  0.82195E+00  0.81389E+00  0.80586E+00  0.79786E+00  0.78990E+00
ISOPP 
  0.00000E+00  0.53769E+08  0.10471E+09  0.15060E+09  0.19163E+09  0.22826E+09  0.26095E+09  0.29002E+09  0.31579E+09  0.33849E+09  0.35843E+09  0.37580E+09  0.39088E+09  0.40389E+09  0.41509E+09  0.42466E+09  0.43281E+09  0.43970E+09  0.44549E+09  0.45032E+09  0.45429E+09  0.45752E+09  0.46010E+09  0.46210E+09  0.46359E+09  0.46462E+09  0.46526E+09  0.46555E+09  0.46555E+09  0.46529E+09  0.46480E+09
ISOPN 
  0.00000E+00  0.12388E+06  0.25937E+06  0.34397E+06  0.38752E+06  0.40277E+06  0.40057E+06  0.38889E+06  0.37308E+06  0.35646E+06  0.34074E+06  0.32677E+06  0.31478E+06  0.30473E+06  0.29641E+06  0.28957E+06  0.28394E+06  0.27929E+06  0.27541E+06  0.27213E+06  0.26930E+06  0.26682E+06  0.26459E+06  0.26254E+06  0.26062E+06  0.25878E+06  0.25700E+06  0.25524E+06  0.25349E+06  0.25173E+06  0.24997E+06
ISOPO2
  0.00000E+00  0.68784E+03  0.55055E+04  0.20422E+05  0.53108E+05  0.11207E+06  0.20524E+06  0.33896E+06  0.51681E+06  0.74060E+06  0.10090E+07  0.13210E+07  0.16729E+07  0.20616E+07  0.24830E+07  0.29334E+07  0.34093E+07  0.39076E+07  0.44252E+07  0.49596E+07  0.55084E+07  0.60698E+07  0.66418E+07  0.72231E+07  0.78127E+07  0.84091E+07  0.90113E+07  0.96184E+07  0.10230E+08  0.10844E+08  0.11462E+08
PAN   
  0.00000E+00  0.89787E-05  0.22198E-04  0.34897E-04  0.47178E-04  0.59614E-04  0.72807E-04  0.87351E-04  0.10378E-03  0.12264E-03  0.14433E-03  0.16932E-03  0.19791E-03  0.23045E-03  0.26713E-03  0.30818E-03  0.35374E-03  0.40394E-03  0.45890E-03  0.51870E-03  0.58340E-03  0.65306E-03  0.72771E-03  0.80738E-03  0.89231E-03  0.98254E-03  0.10781E-02  0.11789E-02  0.12850E-02  0.13965E-02  0.15131E-02
