NO      
  0.10000E+01  0.13756E+01  0.15870E+01  0.17033E+01  0.17674E+01  0.18055E+01  0.18272E+01  0.18399E+01  0.18472E+01  0.18516E+01  0.18544E+01  0.18559E+01  0.18569E+01  0.18574E+01  0.18577E+01  0.18577E+01  0.18577E+01  0.18576E+01  0.18575E+01  0.18573E+01  0.18572E+01  0.18570E+01  0.18568E+01  0.18566E+01  0.18564E+01  0.18562E+01  0.18560E+01  0.18559E+01  0.18557E+01  0.18555E+01  0.18553E+01
NO2     
  0.10000E+02  0.96190E+01  0.94035E+01  0.92838E+01  0.92167E+01  0.91758E+01  0.91516E+01  0.91365E+01  0.91269E+01  0.91204E+01  0.91155E+01  0.91120E+01  0.91091E+01  0.91066E+01  0.91045E+01  0.91025E+01  0.91007E+01  0.90990E+01  0.90974E+01  0.90958E+01  0.90942E+01  0.90927E+01  0.90911E+01  0.90896E+01  0.90881E+01  0.90866E+01  0.90851E+01  0.90836E+01  0.90821E+01  0.90806E+01  0.90792E+01
O3      
  0.12000E+03  0.12036E+03  0.12057E+03  0.12067E+03  0.12073E+03  0.12076E+03  0.12077E+03  0.12078E+03  0.12078E+03  0.12077E+03  0.12077E+03  0.12076E+03  0.12075E+03  0.12075E+03  0.12074E+03  0.12073E+03  0.12072E+03  0.12071E+03  0.12071E+03  0.12070E+03  0.12069E+03  0.12068E+03  0.12067E+03  0.12067E+03  0.12066E+03  0.12065E+03  0.12064E+03  0.12063E+03  0.12063E+03  0.12062E+03  0.12061E+03
NO3     
  0.00000E+00  0.13975E+08  0.12850E+08  0.12366E+08  0.12153E+08  0.12066E+08  0.12045E+08  0.12057E+08  0.12084E+08  0.12115E+08  0.12148E+08  0.12178E+08  0.12207E+08  0.12233E+08  0.12257E+08  0.12277E+08  0.12295E+08  0.12311E+08  0.12325E+08  0.12336E+08  0.12346E+08  0.12355E+08  0.12363E+08  0.12370E+08  0.12375E+08  0.12380E+08  0.12385E+08  0.12389E+08  0.12392E+08  0.12395E+08  0.12397E+08
O       
  0.00000E+00  0.44933E+05  0.44324E+05  0.43986E+05  0.43796E+05  0.43680E+05  0.43610E+05  0.43567E+05  0.43538E+05  0.43519E+05  0.43504E+05  0.43492E+05  0.43483E+05  0.43475E+05  0.43467E+05  0.43461E+05  0.43454E+05  0.43448E+05  0.43442E+05  0.43436E+05  0.43431E+05  0.43425E+05  0.43419E+05  0.43414E+05  0.43408E+05  0.43403E+05  0.43397E+05  0.43392E+05  0.43386E+05  0.43381E+05  0.43375E+05
O1D     
  0.00000E+00  0.13894E+00  0.13917E+00  0.13930E+00  0.13936E+00  0.13940E+00  0.13941E+00  0.13942E+00  0.13942E+00  0.13941E+00  0.13941E+00  0.13940E+00  0.13939E+00  0.13938E+00  0.13937E+00  0.13936E+00  0.13935E+00  0.13934E+00  0.13933E+00  0.13933E+00  0.13932E+00  0.13931E+00  0.13930E+00  0.13929E+00  0.13928E+00  0.13927E+00  0.13926E+00  0.13925E+00  0.13924E+00  0.13923E+00  0.13922E+00
N2O5    
  0.00000E+00  0.14105E-02  0.24751E-02  0.32509E-02  0.38423E-02  0.43189E-02  0.47036E-02  0.50205E-02  0.52823E-02  0.55015E-02  0.56911E-02  0.58466E-02  0.59822E-02  0.60979E-02  0.62004E-02  0.62844E-02  0.63603E-02  0.64214E-02  0.64771E-02  0.65214E-02  0.65596E-02  0.65959E-02  0.66254E-02  0.66528E-02  0.66742E-02  0.66941E-02  0.67104E-02  0.67253E-02  0.67379E-02  0.67487E-02  0.67576E-02
OH      
  0.00000E+00  0.80794E+06  0.81832E+06  0.82510E+06  0.83005E+06  0.83401E+06  0.83724E+06  0.83998E+06  0.84237E+06  0.84450E+06  0.84646E+06  0.84824E+06  0.84992E+06  0.85150E+06  0.85302E+06  0.85446E+06  0.85585E+06  0.85719E+06  0.85849E+06  0.85975E+06  0.86099E+06  0.86221E+06  0.86341E+06  0.86460E+06  0.86576E+06  0.86692E+06  0.86806E+06  0.86920E+06  0.87033E+06  0.87146E+06  0.87257E+06
HO2     
  0.00000E+00  0.31558E+07  0.33852E+07  0.35317E+07  0.36613E+07  0.37774E+07  0.38794E+07  0.39680E+07  0.40439E+07  0.41090E+07  0.41662E+07  0.42139E+07  0.42559E+07  0.42920E+07  0.43243E+07  0.43510E+07  0.43753E+07  0.43953E+07  0.44136E+07  0.44285E+07  0.44416E+07  0.44542E+07  0.44648E+07  0.44748E+07  0.44830E+07  0.44908E+07  0.44976E+07  0.45040E+07  0.45098E+07  0.45150E+07  0.45197E+07
CO      
  0.10000E+03  0.10000E+03  0.10000E+03  0.10000E+03  0.10000E+03  0.10000E+03  0.10000E+03  0.10000E+03  0.10000E+03  0.10000E+03  0.10000E+03  0.10000E+03  0.10000E+03  0.10000E+03  0.10000E+03  0.10000E+03  0.10000E+03  0.10000E+03  0.10000E+03  0.10000E+03  0.10000E+03  0.10001E+03  0.10001E+03  0.10001E+03  0.10001E+03  0.10001E+03  0.10001E+03  0.10001E+03  0.10001E+03  0.10001E+03  0.10001E+03
H2O2    
  0.10000E+01  0.99991E+00  0.99982E+00  0.99974E+00  0.99965E+00  0.99956E+00  0.99947E+00  0.99938E+00  0.99929E+00  0.99921E+00  0.99912E+00  0.99903E+00  0.99894E+00  0.99885E+00  0.99876E+00  0.99867E+00  0.99858E+00  0.99850E+00  0.99841E+00  0.99832E+00  0.99823E+00  0.99814E+00  0.99805E+00  0.99796E+00  0.99788E+00  0.99779E+00  0.99770E+00  0.99761E+00  0.99752E+00  0.99743E+00  0.99734E+00
HONO    
  0.00000E+00  0.67223E-04  0.15098E-03  0.24349E-03  0.33998E-03  0.43775E-03  0.53557E-03  0.63266E-03  0.72853E-03  0.82297E-03  0.91614E-03  0.10074E-02  0.10973E-02  0.11856E-02  0.12728E-02  0.13579E-02  0.14421E-02  0.15242E-02  0.16054E-02  0.16844E-02  0.17618E-02  0.18388E-02  0.19138E-02  0.19884E-02  0.20609E-02  0.21327E-02  0.22027E-02  0.22723E-02  0.23406E-02  0.24077E-02  0.24736E-02
HNO3    
  0.00000E+00  0.77967E-03  0.15541E-02  0.23230E-02  0.30897E-02  0.38564E-02  0.46239E-02  0.53927E-02  0.61629E-02  0.69347E-02  0.77078E-02  0.84825E-02  0.92585E-02  0.10036E-01  0.10814E-01  0.11594E-01  0.12374E-01  0.13156E-01  0.13939E-01  0.14723E-01  0.15508E-01  0.16294E-01  0.17081E-01  0.17868E-01  0.18657E-01  0.19446E-01  0.20237E-01  0.21028E-01  0.21820E-01  0.22613E-01  0.23407E-01
HO2NO2  
  0.00000E+00  0.28161E-03  0.55948E-03  0.77430E-03  0.94080E-03  0.10754E-02  0.11839E-02  0.12728E-02  0.13458E-02  0.14065E-02  0.14587E-02  0.15013E-02  0.15382E-02  0.15696E-02  0.15972E-02  0.16198E-02  0.16402E-02  0.16566E-02  0.16715E-02  0.16834E-02  0.16938E-02  0.17036E-02  0.17116E-02  0.17191E-02  0.17251E-02  0.17307E-02  0.17353E-02  0.17397E-02  0.17434E-02  0.17467E-02  0.17496E-02
CH4     
  0.17000E+04  0.17000E+04  0.17000E+04  0.17000E+04  0.17000E+04  0.17000E+04  0.17000E+04  0.17000E+04  0.17000E+04  0.17000E+04  0.17000E+04  0.17000E+04  0.17000E+04  0.17000E+04  0.17000E+04  0.17000E+04  0.17000E+04  0.17000E+04  0.17000E+04  0.17000E+04  0.17000E+04  0.17000E+04  0.17000E+04  0.17000E+04  0.17000E+04  0.17000E+04  0.17000E+04  0.17000E+04  0.17000E+04  0.17000E+04  0.17000E+04
CH3O2   
  0.00000E+00  0.58892E+06  0.62317E+06  0.58113E+06  0.55598E+06  0.54243E+06  0.53575E+06  0.53255E+06  0.53126E+06  0.53095E+06  0.53113E+06  0.53169E+06  0.53239E+06  0.53318E+06  0.53403E+06  0.53490E+06  0.53577E+06  0.53664E+06  0.53750E+06  0.53834E+06  0.53916E+06  0.53999E+06  0.54079E+06  0.54160E+06  0.54239E+06  0.54317E+06  0.54395E+06  0.54472E+06  0.54548E+06  0.54625E+06  0.54700E+06
CH3OOH  
  0.00000E+00  0.54055E+02  0.15615E+03  0.26077E+03  0.36350E+03  0.46650E+03  0.57089E+03  0.67708E+03  0.78524E+03  0.89524E+03  0.10066E+04  0.11198E+04  0.12341E+04  0.13496E+04  0.14659E+04  0.15833E+04  0.17013E+04  0.18204E+04  0.19398E+04  0.20602E+04  0.21811E+04  0.23021E+04  0.24238E+04  0.25457E+04  0.26682E+04  0.27909E+04  0.29141E+04  0.30374E+04  0.31610E+04  0.32850E+04  0.34092E+04
HCHO    
  0.50000E+00  0.49960E+00  0.49924E+00  0.49888E+00  0.49853E+00  0.49817E+00  0.49781E+00  0.49745E+00  0.49710E+00  0.49674E+00  0.49638E+00  0.49603E+00  0.49567E+00  0.49532E+00  0.49496E+00  0.49461E+00  0.49426E+00  0.49390E+00  0.49355E+00  0.49320E+00  0.49285E+00  0.49249E+00  0.49214E+00  0.49179E+00  0.49144E+00  0.49109E+00  0.49074E+00  0.49039E+00  0.49004E+00  0.48969E+00  0.48934E+00
CH3NO3  
  0.00000E+00  0.96435E+03  0.28175E+04  0.48128E+04  0.67950E+04  0.87685E+04  0.10740E+05  0.12712E+05  0.14688E+05  0.16667E+05  0.18650E+05  0.20638E+05  0.22629E+05  0.24624E+05  0.26621E+05  0.28623E+05  0.30627E+05  0.32635E+05  0.34646E+05  0.36661E+05  0.38679E+05  0.40699E+05  0.42722E+05  0.44746E+05  0.46775E+05  0.48806E+05  0.50840E+05  0.52875E+05  0.54913E+05  0.56954E+05  0.58997E+05
CH3O    
  0.00000E+00  0.17638E+02  0.21541E+02  0.21551E+02  0.21406E+02  0.21336E+02  0.21330E+02  0.21350E+02  0.21384E+02  0.21422E+02  0.21462E+02  0.21502E+02  0.21541E+02  0.21579E+02  0.21617E+02  0.21653E+02  0.21688E+02  0.21722E+02  0.21755E+02  0.21787E+02  0.21818E+02  0.21850E+02  0.21880E+02  0.21911E+02  0.21940E+02  0.21970E+02  0.21999E+02  0.22028E+02  0.22057E+02  0.22085E+02  0.22113E+02
CH3O2NO2
  0.00000E+00  0.30901E+06  0.32801E+06  0.30177E+06  0.28606E+06  0.27748E+06  0.27314E+06  0.27095E+06  0.26994E+06  0.26955E+06  0.26948E+06  0.26965E+06  0.26991E+06  0.27024E+06  0.27060E+06  0.27098E+06  0.27137E+06  0.27175E+06  0.27214E+06  0.27252E+06  0.27289E+06  0.27326E+06  0.27362E+06  0.27398E+06  0.27434E+06  0.27469E+06  0.27504E+06  0.27538E+06  0.27572E+06  0.27606E+06  0.27640E+06
CH3OH   
  0.00000E+00  0.00000E+00  0.00000E+00  0.00000E+00  0.00000E+00  0.00000E+00  0.00000E+00  0.00000E+00  0.00000E+00  0.00000E+00  0.00000E+00  0.00000E+00  0.00000E+00  0.00000E+00  0.00000E+00  0.00000E+00  0.00000E+00  0.00000E+00  0.00000E+00  0.00000E+00  0.00000E+00  0.00000E+00  0.00000E+00  0.00000E+00  0.00000E+00  0.00000E+00  0.00000E+00  0.00000E+00  0.00000E+00  0.00000E+00  0.00000E+00
C5H8    
  0.10000E+02  0.99877E+01  0.99753E+01  0.99629E+01  0.99504E+01  0.99379E+01  0.99254E+01  0.99129E+01  0.99003E+01  0.98878E+01  0.98752E+01  0.98627E+01  0.98501E+01  0.98375E+01  0.98250E+01  0.98124E+01  0.97999E+01  0.97873E+01  0.97747E+01  0.97622E+01  0.97496E+01  0.97371E+01  0.97246E+01  0.97120E+01  0.96995E+01  0.96870E+01  0.96744E+01  0.96619E+01  0.96494E+01  0.96369E+01  0.96244E+01
IPROD   
  0.00000E+00  0.12269E-01  0.24688E-01  0.37133E-01  0.49605E-01  0.62098E-01  0.74610E-01  0.87137E-01  0.99676E-01  0.11222E+00  0.12478E+00  0.13733E+00  0.14989E+00  0.16246E+00  0.17502E+00  0.18758E+00  0.20014E+00  0.21270E+00  0.22526E+00  0.23781E+00  0.25036E+00  0.26290E+00  0.27544E+00  0.28798E+00  0.30052E+00  0.31305E+00  0.32557E+00  0.33809E+00  0.35061E+00  0.36312E+00  0.37562E+00
