rxn00001
  0.00000E+00  0.42301E+08  0.42357E+08  0.42400E+08  0.42433E+08  0.42460E+08  0.42483E+08  0.42502E+08  0.42519E+08  0.42535E+08  0.42550E+08  0.42565E+08  0.42579E+08  0.42594E+08  0.42610E+08  0.42625E+08  0.42641E+08  0.42657E+08  0.42673E+08  0.42690E+08  0.42708E+08  0.42725E+08  0.42743E+08  0.42761E+08  0.42780E+08  0.42798E+08  0.42817E+08  0.42836E+08  0.42855E+08  0.42874E+08  0.42893E+08
rxn00002
  0.00000E+00  0.41851E+09  0.41906E+09  0.41948E+09  0.41981E+09  0.42008E+09  0.42030E+09  0.42049E+09  0.42066E+09  0.42082E+09  0.42097E+09  0.42111E+09  0.42126E+09  0.42141E+09  0.42156E+09  0.42171E+09  0.42187E+09  0.42203E+09  0.42219E+09  0.42236E+09  0.42253E+09  0.42270E+09  0.42288E+09  0.42306E+09  0.42324E+09  0.42342E+09  0.42361E+09  0.42380E+09  0.42399E+09  0.42417E+09  0.42437E+09
rxn00003
  0.00000E+00  0.22591E+09  0.21302E+09  0.20342E+09  0.19637E+09  0.19125E+09  0.18764E+09  0.18508E+09  0.18339E+09  0.18227E+09  0.18158E+09  0.18117E+09  0.18096E+09  0.18087E+09  0.18087E+09  0.18091E+09  0.18097E+09  0.18103E+09  0.18109E+09  0.18114E+09  0.18116E+09  0.18116E+09  0.18114E+09  0.18109E+09  0.18102E+09  0.18093E+09  0.18082E+09  0.18069E+09  0.18055E+09  0.18038E+09  0.18021E+09
rxn00004
  0.00000E+00  0.16209E+02  0.31658E+02  0.41434E+02  0.47513E+02  0.51290E+02  0.53549E+02  0.54907E+02  0.55649E+02  0.56055E+02  0.56261E+02  0.56376E+02  0.56453E+02  0.56524E+02  0.56613E+02  0.56725E+02  0.56857E+02  0.57012E+02  0.57187E+02  0.57379E+02  0.57583E+02  0.57791E+02  0.57997E+02  0.58200E+02  0.58395E+02  0.58582E+02  0.58757E+02  0.58919E+02  0.59068E+02  0.59204E+02  0.59326E+02
rxn00005
  0.00000E+00  0.38459E+01  0.81178E+01  0.12987E+02  0.18583E+02  0.24907E+02  0.31964E+02  0.39653E+02  0.47978E+02  0.56839E+02  0.66226E+02  0.76030E+02  0.86274E+02  0.96816E+02  0.10776E+03  0.11899E+03  0.13044E+03  0.14214E+03  0.15405E+03  0.16620E+03  0.17859E+03  0.19114E+03  0.20386E+03  0.21672E+03  0.22973E+03  0.24286E+03  0.25611E+03  0.26947E+03  0.28294E+03  0.29650E+03  0.31016E+03
rxn00006
  0.00000E+00  0.33675E+06  0.30282E+06  0.27077E+06  0.24996E+06  0.23616E+06  0.22711E+06  0.22108E+06  0.21737E+06  0.21515E+06  0.21404E+06  0.21363E+06  0.21377E+06  0.21421E+06  0.21491E+06  0.21575E+06  0.21665E+06  0.21759E+06  0.21854E+06  0.21947E+06  0.22036E+06  0.22120E+06  0.22200E+06  0.22274E+06  0.22343E+06  0.22408E+06  0.22467E+06  0.22522E+06  0.22573E+06  0.22619E+06  0.22662E+06
rxn00007
  0.00000E+00  0.19886E+02  0.73567E+02  0.15242E+03  0.24750E+03  0.35082E+03  0.45670E+03  0.56150E+03  0.66281E+03  0.75968E+03  0.85110E+03  0.93755E+03  0.10181E+04  0.10944E+04  0.11643E+04  0.12295E+04  0.12908E+04  0.13477E+04  0.14003E+04  0.14484E+04  0.14918E+04  0.15315E+04  0.15679E+04  0.16011E+04  0.16314E+04  0.16589E+04  0.16840E+04  0.17067E+04  0.17272E+04  0.17457E+04  0.17624E+04
rxn00008
  0.00000E+00  0.13922E-01  0.11471E+00  0.38924E+00  0.91245E+00  0.17307E+01  0.28964E+01  0.44056E+01  0.63057E+01  0.85737E+01  0.11240E+02  0.14250E+02  0.17654E+02  0.21342E+02  0.25442E+02  0.29851E+02  0.34516E+02  0.39474E+02  0.44709E+02  0.50251E+02  0.56108E+02  0.62214E+02  0.68557E+02  0.75126E+02  0.81912E+02  0.88903E+02  0.96093E+02  0.10347E+03  0.11103E+03  0.11876E+03  0.12666E+03
rxn00009
  0.00000E+00  0.41400E+06  0.41476E+06  0.41642E+06  0.41894E+06  0.42219E+06  0.42612E+06  0.43060E+06  0.43561E+06  0.44105E+06  0.44687E+06  0.45297E+06  0.45936E+06  0.46592E+06  0.47270E+06  0.47961E+06  0.48663E+06  0.49374E+06  0.50093E+06  0.50819E+06  0.51551E+06  0.52285E+06  0.53021E+06  0.53758E+06  0.54495E+06  0.55231E+06  0.55966E+06  0.56699E+06  0.57429E+06  0.58156E+06  0.58880E+06
rxn00010
  0.00000E+00  0.60079E+06  0.60189E+06  0.60431E+06  0.60796E+06  0.61268E+06  0.61838E+06  0.62489E+06  0.63216E+06  0.64004E+06  0.64849E+06  0.65735E+06  0.66662E+06  0.67614E+06  0.68597E+06  0.69601E+06  0.70619E+06  0.71652E+06  0.72695E+06  0.73749E+06  0.74810E+06  0.75876E+06  0.76944E+06  0.78013E+06  0.79083E+06  0.80151E+06  0.81217E+06  0.82281E+06  0.83340E+06  0.84396E+06  0.85446E+06
rxn00011
  0.00000E+00  0.18851E+06  0.18849E+06  0.18847E+06  0.18844E+06  0.18842E+06  0.18840E+06  0.18838E+06  0.18835E+06  0.18834E+06  0.18832E+06  0.18830E+06  0.18828E+06  0.18827E+06  0.18826E+06  0.18824E+06  0.18823E+06  0.18822E+06  0.18821E+06  0.18821E+06  0.18820E+06  0.18820E+06  0.18819E+06  0.18819E+06  0.18819E+06  0.18818E+06  0.18818E+06  0.18818E+06  0.18818E+06  0.18818E+06  0.18818E+06
rxn00012
  0.00000E+00  0.10635E-03  0.80319E-03  0.28162E-02  0.69500E-02  0.13877E-01  0.24439E-01  0.38892E-01  0.58100E-01  0.82072E-01  0.11149E+00  0.14583E+00  0.18610E+00  0.23077E+00  0.28218E+00  0.33889E+00  0.40013E+00  0.46670E+00  0.53854E+00  0.61647E+00  0.70106E+00  0.79114E+00  0.88669E+00  0.98765E+00  0.10940E+01  0.12057E+01  0.13226E+01  0.14448E+01  0.15722E+01  0.17046E+01  0.18422E+01
rxn00013
  0.00000E+00  0.21771E-06  0.36244E-05  0.18857E-04  0.60018E-04  0.14317E-03  0.29072E-03  0.51676E-03  0.85022E-03  0.13028E-02  0.19046E-02  0.26512E-02  0.35866E-02  0.46687E-02  0.59910E-02  0.75083E-02  0.92004E-02  0.11106E-01  0.13227E-01  0.15606E-01  0.18272E-01  0.21180E-01  0.24332E-01  0.27729E-01  0.31373E-01  0.35264E-01  0.39401E-01  0.43785E-01  0.48414E-01  0.53287E-01  0.58401E-01
rxn00014
  0.00000E+00  0.19843E-03  0.26702E-02  0.11139E-01  0.28865E-01  0.57681E-01  0.99506E-01  0.15418E+00  0.22348E+00  0.30659E+00  0.40472E+00  0.51582E+00  0.64195E+00  0.77890E+00  0.93174E+00  0.10966E+01  0.12716E+01  0.14581E+01  0.16557E+01  0.18658E+01  0.20890E+01  0.23227E+01  0.25665E+01  0.28202E+01  0.30836E+01  0.33563E+01  0.36380E+01  0.39287E+01  0.42280E+01  0.45357E+01  0.48516E+01
rxn00015
  0.00000E+00  0.10083E+00  0.62766E+00  0.16392E+01  0.30673E+01  0.48351E+01  0.69087E+01  0.92373E+01  0.11824E+02  0.14635E+02  0.17674E+02  0.20903E+02  0.24343E+02  0.27932E+02  0.31733E+02  0.35694E+02  0.39786E+02  0.44027E+02  0.48409E+02  0.52951E+02  0.57659E+02  0.62500E+02  0.67471E+02  0.72568E+02  0.77788E+02  0.83126E+02  0.88582E+02  0.94151E+02  0.99833E+02  0.10562E+03  0.11152E+03
rxn00016
  0.00000E+00  0.14512E-03  0.14574E-02  0.58962E-02  0.16173E-01  0.35138E-01  0.66821E-01  0.11356E+00  0.18062E+00  0.27000E+00  0.38723E+00  0.53142E+00  0.71061E+00  0.91702E+00  0.11679E+01  0.14550E+01  0.17744E+01  0.21334E+01  0.25323E+01  0.29791E+01  0.34795E+01  0.40254E+01  0.46174E+01  0.52561E+01  0.59419E+01  0.66749E+01  0.74558E+01  0.82845E+01  0.91611E+01  0.10086E+02  0.11058E+02
rxn00017
  0.00000E+00  0.32708E+01  0.15676E+02  0.38170E+02  0.70090E+02  0.11028E+03  0.15821E+03  0.21258E+03  0.27331E+03  0.33931E+03  0.41044E+03  0.48559E+03  0.56498E+03  0.64724E+03  0.73338E+03  0.82231E+03  0.91345E+03  0.10070E+04  0.11028E+04  0.12011E+04  0.13019E+04  0.14046E+04  0.15091E+04  0.16154E+04  0.17234E+04  0.18330E+04  0.19441E+04  0.20568E+04  0.21709E+04  0.22864E+04  0.24033E+04
rxn00018
  0.00000E+00  0.13485E+02  0.52883E+02  0.12087E+03  0.21538E+03  0.33286E+03  0.47130E+03  0.62670E+03  0.79816E+03  0.98227E+03  0.11779E+04  0.13819E+04  0.15940E+04  0.18112E+04  0.20342E+04  0.22609E+04  0.24900E+04  0.27215E+04  0.29547E+04  0.31891E+04  0.34243E+04  0.36594E+04  0.38943E+04  0.41286E+04  0.43619E+04  0.45942E+04  0.48251E+04  0.50544E+04  0.52820E+04  0.55078E+04  0.57315E+04
rxn00019
  0.00000E+00  0.18122E+02  0.76869E+02  0.18046E+03  0.32571E+03  0.50708E+03  0.72149E+03  0.96271E+03  0.12294E+04  0.15163E+04  0.18216E+04  0.21405E+04  0.24725E+04  0.28128E+04  0.31629E+04  0.35194E+04  0.38801E+04  0.42450E+04  0.46131E+04  0.49839E+04  0.53564E+04  0.57296E+04  0.61029E+04  0.64759E+04  0.68481E+04  0.72191E+04  0.75887E+04  0.79564E+04  0.83221E+04  0.86854E+04  0.90463E+04
rxn00020
  0.00000E+00  0.00000E+00  0.00000E+00  0.00000E+00  0.00000E+00  0.00000E+00  0.00000E+00  0.00000E+00  0.00000E+00  0.00000E+00  0.00000E+00  0.00000E+00  0.00000E+00  0.00000E+00  0.00000E+00  0.00000E+00  0.00000E+00  0.00000E+00  0.00000E+00  0.00000E+00  0.00000E+00  0.00000E+00  0.00000E+00  0.00000E+00  0.00000E+00  0.00000E+00  0.00000E+00  0.00000E+00  0.00000E+00  0.00000E+00  0.00000E+00
rxn00021
  0.00000E+00  0.00000E+00  0.00000E+00  0.00000E+00  0.00000E+00  0.00000E+00  0.00000E+00  0.00000E+00  0.00000E+00  0.00000E+00  0.00000E+00  0.00000E+00  0.00000E+00  0.00000E+00  0.00000E+00  0.00000E+00  0.00000E+00  0.00000E+00  0.00000E+00  0.00000E+00  0.00000E+00  0.00000E+00  0.00000E+00  0.00000E+00  0.00000E+00  0.00000E+00  0.00000E+00  0.00000E+00  0.00000E+00  0.00000E+00  0.00000E+00
rxn00022
  0.00000E+00  0.00000E+00  0.00000E+00  0.00000E+00  0.00000E+00  0.00000E+00  0.00000E+00  0.00000E+00  0.00000E+00  0.00000E+00  0.00000E+00  0.00000E+00  0.00000E+00  0.00000E+00  0.00000E+00  0.00000E+00  0.00000E+00  0.00000E+00  0.00000E+00  0.00000E+00  0.00000E+00  0.00000E+00  0.00000E+00  0.00000E+00  0.00000E+00  0.00000E+00  0.00000E+00  0.00000E+00  0.00000E+00  0.00000E+00  0.00000E+00
rxn00023
  0.00000E+00  0.00000E+00  0.00000E+00  0.00000E+00  0.00000E+00  0.00000E+00  0.00000E+00  0.00000E+00  0.00000E+00  0.00000E+00  0.00000E+00  0.00000E+00  0.00000E+00  0.00000E+00  0.00000E+00  0.00000E+00  0.00000E+00  0.00000E+00  0.00000E+00  0.00000E+00  0.00000E+00  0.00000E+00  0.00000E+00  0.00000E+00  0.00000E+00  0.00000E+00  0.00000E+00  0.00000E+00  0.00000E+00  0.00000E+00  0.00000E+00
rxn00024
  0.00000E+00  0.11481E-01  0.88443E-01  0.30526E+00  0.73579E+00  0.14366E+01  0.24813E+01  0.38920E+01  0.57532E+01  0.80729E+01  0.10928E+02  0.14274E+02  0.18228E+02  0.22638E+02  0.27761E+02  0.33454E+02  0.39639E+02  0.46411E+02  0.53767E+02  0.61806E+02  0.70598E+02  0.80021E+02  0.90074E+02  0.10076E+03  0.11207E+03  0.12400E+03  0.13657E+03  0.14975E+03  0.16355E+03  0.17796E+03  0.19298E+03
rxn00025
  0.00000E+00  0.26762E+08  0.26797E+08  0.26824E+08  0.26845E+08  0.26862E+08  0.26876E+08  0.26888E+08  0.26899E+08  0.26909E+08  0.26919E+08  0.26928E+08  0.26938E+08  0.26947E+08  0.26957E+08  0.26966E+08  0.26976E+08  0.26987E+08  0.26997E+08  0.27008E+08  0.27019E+08  0.27030E+08  0.27041E+08  0.27053E+08  0.27064E+08  0.27076E+08  0.27088E+08  0.27100E+08  0.27112E+08  0.27124E+08  0.27136E+08
rxn00026
  0.00000E+00  0.11159E+08  0.11173E+08  0.11185E+08  0.11193E+08  0.11201E+08  0.11206E+08  0.11212E+08  0.11216E+08  0.11220E+08  0.11224E+08  0.11228E+08  0.11232E+08  0.11236E+08  0.11240E+08  0.11244E+08  0.11248E+08  0.11252E+08  0.11257E+08  0.11261E+08  0.11266E+08  0.11270E+08  0.11275E+08  0.11280E+08  0.11285E+08  0.11290E+08  0.11295E+08  0.11300E+08  0.11305E+08  0.11310E+08  0.11315E+08
rxn00027
  0.00000E+00  0.43807E+07  0.43864E+07  0.43909E+07  0.43943E+07  0.43972E+07  0.43995E+07  0.44015E+07  0.44032E+07  0.44049E+07  0.44064E+07  0.44080E+07  0.44095E+07  0.44110E+07  0.44126E+07  0.44142E+07  0.44159E+07  0.44175E+07  0.44192E+07  0.44210E+07  0.44228E+07  0.44246E+07  0.44265E+07  0.44283E+07  0.44302E+07  0.44322E+07  0.44341E+07  0.44361E+07  0.44380E+07  0.44400E+07  0.44420E+07
rxn00028
  0.00000E+00  0.68247E+09  0.67017E+09  0.66104E+09  0.65435E+09  0.64952E+09  0.64615E+09  0.64380E+09  0.64229E+09  0.64134E+09  0.64082E+09  0.64056E+09  0.64052E+09  0.64058E+09  0.64074E+09  0.64095E+09  0.64118E+09  0.64142E+09  0.64166E+09  0.64188E+09  0.64209E+09  0.64228E+09  0.64245E+09  0.64259E+09  0.64272E+09  0.64283E+09  0.64292E+09  0.64300E+09  0.64305E+09  0.64310E+09  0.64313E+09
rxn00029
  0.00000E+00  0.55083E+02  0.54161E+02  0.53477E+02  0.52978E+02  0.52620E+02  0.52375E+02  0.52208E+02  0.52107E+02  0.52049E+02  0.52025E+02  0.52022E+02  0.52037E+02  0.52060E+02  0.52092E+02  0.52128E+02  0.52166E+02  0.52205E+02  0.52244E+02  0.52283E+02  0.52321E+02  0.52358E+02  0.52394E+02  0.52428E+02  0.52461E+02  0.52493E+02  0.52523E+02  0.52553E+02  0.52581E+02  0.52608E+02  0.52634E+02
rxn00030
  0.00000E+00  0.65541E+00  0.76224E+00  0.90402E+00  0.10589E+01  0.12122E+01  0.13555E+01  0.14869E+01  0.16043E+01  0.17095E+01  0.18025E+01  0.18861E+01  0.19600E+01  0.20276E+01  0.20871E+01  0.21411E+01  0.21910E+01  0.22366E+01  0.22786E+01  0.23169E+01  0.23518E+01  0.23843E+01  0.24147E+01  0.24432E+01  0.24700E+01  0.24953E+01  0.25193E+01  0.25420E+01  0.25637E+01  0.25843E+01  0.26041E+01
rxn00031
  0.00000E+00  0.13777E+02  0.29150E+02  0.45134E+02  0.60438E+02  0.74520E+02  0.87250E+02  0.98825E+02  0.10929E+03  0.11885E+03  0.12752E+03  0.13551E+03  0.14275E+03  0.14950E+03  0.15556E+03  0.16112E+03  0.16630E+03  0.17106E+03  0.17542E+03  0.17937E+03  0.18292E+03  0.18616E+03  0.18912E+03  0.19183E+03  0.19431E+03  0.19657E+03  0.19864E+03  0.20053E+03  0.20225E+03  0.20382E+03  0.20526E+03
rxn00032
  0.00000E+00  0.15125E+06  0.17937E+06  0.21590E+06  0.25567E+06  0.29506E+06  0.33182E+06  0.36548E+06  0.39542E+06  0.42213E+06  0.44563E+06  0.46664E+06  0.48514E+06  0.50199E+06  0.51677E+06  0.53016E+06  0.54253E+06  0.55383E+06  0.56423E+06  0.57373E+06  0.58242E+06  0.59054E+06  0.59816E+06  0.60534E+06  0.61212E+06  0.61856E+06  0.62469E+06  0.63053E+06  0.63613E+06  0.64150E+06  0.64666E+06
rxn00033
  0.00000E+00  0.55469E+05  0.11967E+06  0.18805E+06  0.25459E+06  0.31644E+06  0.37262E+06  0.42379E+06  0.46996E+06  0.51200E+06  0.55003E+06  0.58490E+06  0.61644E+06  0.64572E+06  0.67196E+06  0.69603E+06  0.71842E+06  0.73895E+06  0.75782E+06  0.77492E+06  0.79030E+06  0.80440E+06  0.81734E+06  0.82922E+06  0.84012E+06  0.85013E+06  0.85932E+06  0.86777E+06  0.87553E+06  0.88267E+06  0.88924E+06
rxn00034
  0.00000E+00  0.24692E+04  0.11464E+05  0.28248E+05  0.51692E+05  0.79759E+05  0.11048E+06  0.14277E+06  0.17544E+06  0.20807E+06  0.23996E+06  0.27116E+06  0.30098E+06  0.33002E+06  0.35714E+06  0.38291E+06  0.40763E+06  0.43094E+06  0.45287E+06  0.47316E+06  0.49173E+06  0.50902E+06  0.52509E+06  0.54000E+06  0.55382E+06  0.56660E+06  0.57842E+06  0.58932E+06  0.59938E+06  0.60865E+06  0.61720E+06
rxn00035
  0.00000E+00  0.10075E+06  0.11931E+06  0.14344E+06  0.16971E+06  0.19571E+06  0.21995E+06  0.24212E+06  0.26182E+06  0.27937E+06  0.29479E+06  0.30855E+06  0.32065E+06  0.33164E+06  0.34126E+06  0.34996E+06  0.35797E+06  0.36527E+06  0.37196E+06  0.37806E+06  0.38362E+06  0.38880E+06  0.39364E+06  0.39819E+06  0.40248E+06  0.40653E+06  0.41037E+06  0.41403E+06  0.41752E+06  0.42085E+06  0.42405E+06
rxn00036
  0.00000E+00  0.75602E+04  0.19293E+05  0.36415E+05  0.58290E+05  0.83506E+05  0.11047E+06  0.13825E+06  0.16574E+06  0.19262E+06  0.21829E+06  0.24291E+06  0.26597E+06  0.28808E+06  0.30840E+06  0.32749E+06  0.34565E+06  0.36266E+06  0.37861E+06  0.39335E+06  0.40691E+06  0.41960E+06  0.43149E+06  0.44264E+06  0.45309E+06  0.46291E+06  0.47214E+06  0.48082E+06  0.48899E+06  0.49670E+06  0.50397E+06
rxn00037
  0.00000E+00  0.10438E+02  0.14641E+02  0.21167E+02  0.29638E+02  0.39422E+02  0.49806E+02  0.60365E+02  0.70605E+02  0.80406E+02  0.89543E+02  0.98119E+02  0.10598E+03  0.11339E+03  0.12008E+03  0.12629E+03  0.13216E+03  0.13761E+03  0.14272E+03  0.14745E+03  0.15183E+03  0.15596E+03  0.15988E+03  0.16360E+03  0.16714E+03  0.17053E+03  0.17377E+03  0.17688E+03  0.17988E+03  0.18276E+03  0.18555E+03
rxn00038
  0.00000E+00  0.16776E+06  0.19869E+06  0.23891E+06  0.28270E+06  0.32604E+06  0.36647E+06  0.40345E+06  0.43633E+06  0.46563E+06  0.49138E+06  0.51437E+06  0.53457E+06  0.55295E+06  0.56903E+06  0.58357E+06  0.59696E+06  0.60916E+06  0.62035E+06  0.63055E+06  0.63984E+06  0.64850E+06  0.65659E+06  0.66419E+06  0.67134E+06  0.67811E+06  0.68453E+06  0.69063E+06  0.69645E+06  0.70201E+06  0.70735E+06
rxn00039
  0.00000E+00  0.65220E+02  0.65306E+02  0.65372E+02  0.65423E+02  0.65465E+02  0.65500E+02  0.65529E+02  0.65556E+02  0.65580E+02  0.65603E+02  0.65626E+02  0.65649E+02  0.65672E+02  0.65695E+02  0.65719E+02  0.65744E+02  0.65769E+02  0.65794E+02  0.65820E+02  0.65847E+02  0.65874E+02  0.65901E+02  0.65929E+02  0.65958E+02  0.65986E+02  0.66015E+02  0.66044E+02  0.66074E+02  0.66103E+02  0.66133E+02
rxn00040
  0.00000E+00  0.99323E+06  0.27992E+07  0.51540E+07  0.77124E+07  0.10231E+08  0.12560E+08  0.14669E+08  0.16518E+08  0.18140E+08  0.19538E+08  0.20761E+08  0.21807E+08  0.22735E+08  0.23519E+08  0.24203E+08  0.24813E+08  0.25346E+08  0.25814E+08  0.26218E+08  0.26565E+08  0.26871E+08  0.27139E+08  0.27376E+08  0.27584E+08  0.27766E+08  0.27926E+08  0.28065E+08  0.28187E+08  0.28292E+08  0.28382E+08
rxn00041
  0.00000E+00  0.69731E+08  0.91325E+08  0.10723E+09  0.11871E+09  0.12686E+09  0.13239E+09  0.13608E+09  0.13829E+09  0.13950E+09  0.13996E+09  0.13995E+09  0.13958E+09  0.13902E+09  0.13829E+09  0.13749E+09  0.13667E+09  0.13583E+09  0.13500E+09  0.13419E+09  0.13343E+09  0.13271E+09  0.13202E+09  0.13138E+09  0.13077E+09  0.13020E+09  0.12966E+09  0.12915E+09  0.12867E+09  0.12822E+09  0.12780E+09
rxn00042
  0.00000E+00  0.19102E+04  0.17687E+04  0.16659E+04  0.15920E+04  0.15390E+04  0.15021E+04  0.14763E+04  0.14593E+04  0.14483E+04  0.14417E+04  0.14378E+04  0.14361E+04  0.14355E+04  0.14358E+04  0.14366E+04  0.14376E+04  0.14386E+04  0.14397E+04  0.14405E+04  0.14412E+04  0.14416E+04  0.14418E+04  0.14417E+04  0.14415E+04  0.14410E+04  0.14403E+04  0.14395E+04  0.14384E+04  0.14372E+04  0.14359E+04
rxn00043
  0.00000E+00  0.61308E+06  0.57884E+06  0.55331E+06  0.53458E+06  0.52096E+06  0.51139E+06  0.50466E+06  0.50024E+06  0.49737E+06  0.49568E+06  0.49472E+06  0.49433E+06  0.49425E+06  0.49442E+06  0.49471E+06  0.49506E+06  0.49542E+06  0.49578E+06  0.49610E+06  0.49636E+06  0.49656E+06  0.49671E+06  0.49679E+06  0.49681E+06  0.49678E+06  0.49670E+06  0.49656E+06  0.49638E+06  0.49615E+06  0.49589E+06
rxn00044
  0.00000E+00  0.20560E+03  0.39837E+03  0.55916E+03  0.69827E+03  0.81947E+03  0.92750E+03  0.10264E+04  0.11187E+04  0.12058E+04  0.12883E+04  0.13668E+04  0.14410E+04  0.15120E+04  0.15780E+04  0.16403E+04  0.16995E+04  0.17550E+04  0.18070E+04  0.18549E+04  0.18986E+04  0.19391E+04  0.19765E+04  0.20111E+04  0.20430E+04  0.20724E+04  0.20995E+04  0.21243E+04  0.21472E+04  0.21682E+04  0.21875E+04
rxn00045
  0.00000E+00  0.47536E+05  0.40306E+05  0.34416E+05  0.30671E+05  0.28221E+05  0.26627E+05  0.25568E+05  0.24908E+05  0.24502E+05  0.24285E+05  0.24184E+05  0.24172E+05  0.24208E+05  0.24288E+05  0.24388E+05  0.24498E+05  0.24613E+05  0.24729E+05  0.24840E+05  0.24944E+05  0.25039E+05  0.25126E+05  0.25204E+05  0.25272E+05  0.25333E+05  0.25384E+05  0.25428E+05  0.25465E+05  0.25495E+05  0.25517E+05
rxn00046
  0.00000E+00  0.66077E+04  0.12906E+05  0.16891E+05  0.19369E+05  0.20909E+05  0.21830E+05  0.22383E+05  0.22686E+05  0.22852E+05  0.22935E+05  0.22982E+05  0.23014E+05  0.23043E+05  0.23079E+05  0.23125E+05  0.23178E+05  0.23242E+05  0.23313E+05  0.23391E+05  0.23474E+05  0.23559E+05  0.23643E+05  0.23726E+05  0.23806E+05  0.23881E+05  0.23953E+05  0.24019E+05  0.24080E+05  0.24135E+05  0.24185E+05
rxn00047
  0.00000E+00  0.27235E+03  0.53195E+03  0.69621E+03  0.79835E+03  0.86182E+03  0.89979E+03  0.92259E+03  0.93506E+03  0.94189E+03  0.94534E+03  0.94728E+03  0.94857E+03  0.94977E+03  0.95127E+03  0.95314E+03  0.95536E+03  0.95797E+03  0.96090E+03  0.96414E+03  0.96756E+03  0.97105E+03  0.97452E+03  0.97793E+03  0.98121E+03  0.98434E+03  0.98728E+03  0.99001E+03  0.99252E+03  0.99480E+03  0.99684E+03
rxn00048
  0.00000E+00  0.56196E+06  0.62756E+06  0.72057E+06  0.82313E+06  0.92455E+06  0.10196E+07  0.11072E+07  0.11865E+07  0.12584E+07  0.13230E+07  0.13817E+07  0.14344E+07  0.14829E+07  0.15260E+07  0.15654E+07  0.16018E+07  0.16351E+07  0.16658E+07  0.16936E+07  0.17187E+07  0.17420E+07  0.17635E+07  0.17834E+07  0.18019E+07  0.18192E+07  0.18353E+07  0.18503E+07  0.18644E+07  0.18776E+07  0.18900E+07
rxn00049
  0.00000E+00  0.21476E+01  0.53687E+01  0.10327E+02  0.17486E+02  0.27030E+02  0.38990E+02  0.53249E+02  0.69680E+02  0.88093E+02  0.10832E+03  0.13017E+03  0.15351E+03  0.17819E+03  0.20410E+03  0.23112E+03  0.25918E+03  0.28819E+03  0.31810E+03  0.34883E+03  0.38034E+03  0.41259E+03  0.44553E+03  0.47912E+03  0.51334E+03  0.54815E+03  0.58353E+03  0.61945E+03  0.65589E+03  0.69283E+03  0.73025E+03
rxn00050
  0.00000E+00  0.20651E+06  0.24289E+06  0.25475E+06  0.26014E+06  0.26248E+06  0.26328E+06  0.26333E+06  0.26300E+06  0.26250E+06  0.26192E+06  0.26131E+06  0.26069E+06  0.26008E+06  0.25948E+06  0.25889E+06  0.25831E+06  0.25774E+06  0.25719E+06  0.25664E+06  0.25611E+06  0.25559E+06  0.25508E+06  0.25458E+06  0.25408E+06  0.25359E+06  0.25310E+06  0.25262E+06  0.25213E+06  0.25166E+06  0.25118E+06
rxn00051
  0.00000E+00  0.86207E+06  0.17514E+07  0.26254E+07  0.34286E+07  0.41477E+07  0.47894E+07  0.53705E+07  0.58987E+07  0.63846E+07  0.68307E+07  0.72447E+07  0.76241E+07  0.79792E+07  0.83005E+07  0.85967E+07  0.88728E+07  0.91263E+07  0.93588E+07  0.95685E+07  0.97556E+07  0.99256E+07  0.10080E+08  0.10219E+08  0.10345E+08  0.10459E+08  0.10561E+08  0.10652E+08  0.10734E+08  0.10807E+08  0.10872E+08
rxn00052
  0.00000E+00  0.11864E+06  0.43892E+06  0.90941E+06  0.14767E+07  0.20931E+07  0.27248E+07  0.33500E+07  0.39545E+07  0.45325E+07  0.50779E+07  0.55936E+07  0.60742E+07  0.65292E+07  0.69467E+07  0.73358E+07  0.77015E+07  0.80406E+07  0.83548E+07  0.86415E+07  0.89002E+07  0.91374E+07  0.93544E+07  0.95526E+07  0.97332E+07  0.98977E+07  0.10047E+08  0.10182E+08  0.10305E+08  0.10415E+08  0.10515E+08
rxn00053
  0.00000E+00  0.44492E+02  0.19494E+03  0.48565E+03  0.93314E+03  0.15255E+04  0.22321E+04  0.30212E+04  0.38570E+04  0.47176E+04  0.55775E+04  0.64315E+04  0.72584E+04  0.80703E+04  0.88360E+04  0.95692E+04  0.10277E+05  0.10949E+05  0.11586E+05  0.12180E+05  0.12730E+05  0.13246E+05  0.13729E+05  0.14182E+05  0.14606E+05  0.15003E+05  0.15373E+05  0.15719E+05  0.16042E+05  0.16344E+05  0.16626E+05
rxn00054
  0.00000E+00  0.55199E+06  0.65376E+06  0.78607E+06  0.93016E+06  0.10728E+07  0.12058E+07  0.13275E+07  0.14357E+07  0.15321E+07  0.16168E+07  0.16924E+07  0.17589E+07  0.18194E+07  0.18723E+07  0.19201E+07  0.19642E+07  0.20043E+07  0.20411E+07  0.20747E+07  0.21053E+07  0.21337E+07  0.21604E+07  0.21853E+07  0.22089E+07  0.22312E+07  0.22523E+07  0.22723E+07  0.22915E+07  0.23098E+07  0.23274E+07
rxn00055
  0.00000E+00  0.31045E+03  0.31085E+03  0.31117E+03  0.31142E+03  0.31161E+03  0.31178E+03  0.31192E+03  0.31205E+03  0.31216E+03  0.31227E+03  0.31238E+03  0.31249E+03  0.31260E+03  0.31271E+03  0.31282E+03  0.31294E+03  0.31306E+03  0.31318E+03  0.31330E+03  0.31343E+03  0.31356E+03  0.31369E+03  0.31382E+03  0.31396E+03  0.31409E+03  0.31423E+03  0.31437E+03  0.31451E+03  0.31465E+03  0.31479E+03
rxn00056
  0.00000E+00  0.31045E+02  0.31085E+02  0.31117E+02  0.31142E+02  0.31161E+02  0.31178E+02  0.31192E+02  0.31205E+02  0.31216E+02  0.31227E+02  0.31238E+02  0.31249E+02  0.31260E+02  0.31271E+02  0.31282E+02  0.31294E+02  0.31306E+02  0.31318E+02  0.31330E+02  0.31343E+02  0.31356E+02  0.31369E+02  0.31382E+02  0.31396E+02  0.31409E+02  0.31423E+02  0.31437E+02  0.31451E+02  0.31465E+02  0.31479E+02
rxn00057
  0.00000E+00  0.15170E+06  0.37286E+06  0.62024E+06  0.87272E+06  0.11172E+07  0.13433E+07  0.15493E+07  0.17316E+07  0.18934E+07  0.20350E+07  0.21612E+07  0.22720E+07  0.23726E+07  0.24611E+07  0.25411E+07  0.26150E+07  0.26826E+07  0.27451E+07  0.28026E+07  0.28558E+07  0.29058E+07  0.29531E+07  0.29980E+07  0.30408E+07  0.30818E+07  0.31212E+07  0.31592E+07  0.31958E+07  0.32313E+07  0.32658E+07
rxn00058
  0.00000E+00  0.96705E+01  0.34147E+02  0.68678E+02  0.11112E+03  0.15965E+03  0.21216E+03  0.26737E+03  0.32366E+03  0.38053E+03  0.43703E+03  0.49333E+03  0.54851E+03  0.60342E+03  0.65653E+03  0.70861E+03  0.76008E+03  0.81045E+03  0.85978E+03  0.90769E+03  0.95404E+03  0.99938E+03  0.10438E+04  0.10873E+04  0.11299E+04  0.11719E+04  0.12131E+04  0.12536E+04  0.12936E+04  0.13330E+04  0.13719E+04
rxn00059
  0.00000E+00  0.74962E+03  0.30352E+04  0.67568E+04  0.11627E+05  0.17311E+05  0.23487E+05  0.29973E+05  0.36555E+05  0.43166E+05  0.49678E+05  0.56108E+05  0.62331E+05  0.68458E+05  0.74283E+05  0.79908E+05  0.85390E+05  0.90660E+05  0.95724E+05  0.10053E+06  0.10507E+06  0.10941E+06  0.11357E+06  0.11755E+06  0.12135E+06  0.12500E+06  0.12850E+06  0.13186E+06  0.13508E+06  0.13818E+06  0.14116E+06
rxn00060
  0.00000E+00  0.44700E-01  0.43623E+00  0.17798E+01  0.49369E+01  0.10800E+02  0.20315E+02  0.34018E+02  0.52658E+02  0.76406E+02  0.10571E+03  0.14028E+03  0.18062E+03  0.22586E+03  0.27707E+03  0.33340E+03  0.39435E+03  0.46021E+03  0.53082E+03  0.60643E+03  0.68710E+03  0.77217E+03  0.86152E+03  0.95499E+03  0.10525E+04  0.11538E+04  0.12589E+04  0.13677E+04  0.14800E+04  0.15957E+04  0.17148E+04
rxn00061
  0.00000E+00  0.33175E+06  0.39363E+06  0.47519E+06  0.56570E+06  0.65748E+06  0.74590E+06  0.82981E+06  0.90788E+06  0.98093E+06  0.10488E+07  0.11129E+07  0.11729E+07  0.12306E+07  0.12848E+07  0.13369E+07  0.13876E+07  0.14366E+07  0.14843E+07  0.15306E+07  0.15755E+07  0.16196E+07  0.16628E+07  0.17055E+07  0.17475E+07  0.17889E+07  0.18299E+07  0.18704E+07  0.19104E+07  0.19501E+07  0.19893E+07
rxn00062
  0.00000E+00  0.11204E+02  0.10094E+02  0.90618E+01  0.84158E+01  0.80128E+01  0.77774E+01  0.76508E+01  0.76099E+01  0.76259E+01  0.76869E+01  0.77770E+01  0.78918E+01  0.80208E+01  0.81641E+01  0.83158E+01  0.84727E+01  0.86339E+01  0.87979E+01  0.89635E+01  0.91293E+01  0.92948E+01  0.94595E+01  0.96231E+01  0.97853E+01  0.99461E+01  0.10105E+02  0.10263E+02  0.10418E+02  0.10572E+02  0.10724E+02
rxn00063
  0.00000E+00  0.13922E+07  0.16488E+07  0.19825E+07  0.23460E+07  0.27056E+07  0.30411E+07  0.33480E+07  0.36208E+07  0.38639E+07  0.40775E+07  0.42683E+07  0.44359E+07  0.45884E+07  0.47217E+07  0.48423E+07  0.49534E+07  0.50546E+07  0.51474E+07  0.52320E+07  0.53091E+07  0.53808E+07  0.54479E+07  0.55109E+07  0.55702E+07  0.56263E+07  0.56795E+07  0.57300E+07  0.57783E+07  0.58244E+07  0.58686E+07
rxn00064
  0.00000E+00  0.00000E+00  0.00000E+00  0.00000E+00  0.00000E+00  0.00000E+00  0.00000E+00  0.00000E+00  0.00000E+00  0.00000E+00  0.00000E+00  0.00000E+00  0.00000E+00  0.00000E+00  0.00000E+00  0.00000E+00  0.00000E+00  0.00000E+00  0.00000E+00  0.00000E+00  0.00000E+00  0.00000E+00  0.00000E+00  0.00000E+00  0.00000E+00  0.00000E+00  0.00000E+00  0.00000E+00  0.00000E+00  0.00000E+00  0.00000E+00
rxn00065
  0.00000E+00  0.00000E+00  0.00000E+00  0.00000E+00  0.00000E+00  0.00000E+00  0.00000E+00  0.00000E+00  0.00000E+00  0.00000E+00  0.00000E+00  0.00000E+00  0.00000E+00  0.00000E+00  0.00000E+00  0.00000E+00  0.00000E+00  0.00000E+00  0.00000E+00  0.00000E+00  0.00000E+00  0.00000E+00  0.00000E+00  0.00000E+00  0.00000E+00  0.00000E+00  0.00000E+00  0.00000E+00  0.00000E+00  0.00000E+00  0.00000E+00
rxn00066
  0.00000E+00  0.00000E+00  0.00000E+00  0.00000E+00  0.00000E+00  0.00000E+00  0.00000E+00  0.00000E+00  0.00000E+00  0.00000E+00  0.00000E+00  0.00000E+00  0.00000E+00  0.00000E+00  0.00000E+00  0.00000E+00  0.00000E+00  0.00000E+00  0.00000E+00  0.00000E+00  0.00000E+00  0.00000E+00  0.00000E+00  0.00000E+00  0.00000E+00  0.00000E+00  0.00000E+00  0.00000E+00  0.00000E+00  0.00000E+00  0.00000E+00
rxn00067
  0.00000E+00  0.00000E+00  0.00000E+00  0.00000E+00  0.00000E+00  0.00000E+00  0.00000E+00  0.00000E+00  0.00000E+00  0.00000E+00  0.00000E+00  0.00000E+00  0.00000E+00  0.00000E+00  0.00000E+00  0.00000E+00  0.00000E+00  0.00000E+00  0.00000E+00  0.00000E+00  0.00000E+00  0.00000E+00  0.00000E+00  0.00000E+00  0.00000E+00  0.00000E+00  0.00000E+00  0.00000E+00  0.00000E+00  0.00000E+00  0.00000E+00
rxn00068
  0.00000E+00  0.00000E+00  0.00000E+00  0.00000E+00  0.00000E+00  0.00000E+00  0.00000E+00  0.00000E+00  0.00000E+00  0.00000E+00  0.00000E+00  0.00000E+00  0.00000E+00  0.00000E+00  0.00000E+00  0.00000E+00  0.00000E+00  0.00000E+00  0.00000E+00  0.00000E+00  0.00000E+00  0.00000E+00  0.00000E+00  0.00000E+00  0.00000E+00  0.00000E+00  0.00000E+00  0.00000E+00  0.00000E+00  0.00000E+00  0.00000E+00
rxn00069
  0.00000E+00  0.00000E+00  0.00000E+00  0.00000E+00  0.00000E+00  0.00000E+00  0.00000E+00  0.00000E+00  0.00000E+00  0.00000E+00  0.00000E+00  0.00000E+00  0.00000E+00  0.00000E+00  0.00000E+00  0.00000E+00  0.00000E+00  0.00000E+00  0.00000E+00  0.00000E+00  0.00000E+00  0.00000E+00  0.00000E+00  0.00000E+00  0.00000E+00  0.00000E+00  0.00000E+00  0.00000E+00  0.00000E+00  0.00000E+00  0.00000E+00
rxn00070
  0.00000E+00  0.00000E+00  0.00000E+00  0.00000E+00  0.00000E+00  0.00000E+00  0.00000E+00  0.00000E+00  0.00000E+00  0.00000E+00  0.00000E+00  0.00000E+00  0.00000E+00  0.00000E+00  0.00000E+00  0.00000E+00  0.00000E+00  0.00000E+00  0.00000E+00  0.00000E+00  0.00000E+00  0.00000E+00  0.00000E+00  0.00000E+00  0.00000E+00  0.00000E+00  0.00000E+00  0.00000E+00  0.00000E+00  0.00000E+00  0.00000E+00
rxn00071
  0.00000E+00  0.00000E+00  0.00000E+00  0.00000E+00  0.00000E+00  0.00000E+00  0.00000E+00  0.00000E+00  0.00000E+00  0.00000E+00  0.00000E+00  0.00000E+00  0.00000E+00  0.00000E+00  0.00000E+00  0.00000E+00  0.00000E+00  0.00000E+00  0.00000E+00  0.00000E+00  0.00000E+00  0.00000E+00  0.00000E+00  0.00000E+00  0.00000E+00  0.00000E+00  0.00000E+00  0.00000E+00  0.00000E+00  0.00000E+00  0.00000E+00
rxn00072
  0.00000E+00  0.00000E+00  0.00000E+00  0.00000E+00  0.00000E+00  0.00000E+00  0.00000E+00  0.00000E+00  0.00000E+00  0.00000E+00  0.00000E+00  0.00000E+00  0.00000E+00  0.00000E+00  0.00000E+00  0.00000E+00  0.00000E+00  0.00000E+00  0.00000E+00  0.00000E+00  0.00000E+00  0.00000E+00  0.00000E+00  0.00000E+00  0.00000E+00  0.00000E+00  0.00000E+00  0.00000E+00  0.00000E+00  0.00000E+00  0.00000E+00
rxn00073
  0.00000E+00  0.00000E+00  0.00000E+00  0.00000E+00  0.00000E+00  0.00000E+00  0.00000E+00  0.00000E+00  0.00000E+00  0.00000E+00  0.00000E+00  0.00000E+00  0.00000E+00  0.00000E+00  0.00000E+00  0.00000E+00  0.00000E+00  0.00000E+00  0.00000E+00  0.00000E+00  0.00000E+00  0.00000E+00  0.00000E+00  0.00000E+00  0.00000E+00  0.00000E+00  0.00000E+00  0.00000E+00  0.00000E+00  0.00000E+00  0.00000E+00
rxn00074
  0.00000E+00  0.00000E+00  0.00000E+00  0.00000E+00  0.00000E+00  0.00000E+00  0.00000E+00  0.00000E+00  0.00000E+00  0.00000E+00  0.00000E+00  0.00000E+00  0.00000E+00  0.00000E+00  0.00000E+00  0.00000E+00  0.00000E+00  0.00000E+00  0.00000E+00  0.00000E+00  0.00000E+00  0.00000E+00  0.00000E+00  0.00000E+00  0.00000E+00  0.00000E+00  0.00000E+00  0.00000E+00  0.00000E+00  0.00000E+00  0.00000E+00
rxn00075
  0.00000E+00  0.00000E+00  0.00000E+00  0.00000E+00  0.00000E+00  0.00000E+00  0.00000E+00  0.00000E+00  0.00000E+00  0.00000E+00  0.00000E+00  0.00000E+00  0.00000E+00  0.00000E+00  0.00000E+00  0.00000E+00  0.00000E+00  0.00000E+00  0.00000E+00  0.00000E+00  0.00000E+00  0.00000E+00  0.00000E+00  0.00000E+00  0.00000E+00  0.00000E+00  0.00000E+00  0.00000E+00  0.00000E+00  0.00000E+00  0.00000E+00
rxn00076
  0.00000E+00  0.00000E+00  0.00000E+00  0.00000E+00  0.00000E+00  0.00000E+00  0.00000E+00  0.00000E+00  0.00000E+00  0.00000E+00  0.00000E+00  0.00000E+00  0.00000E+00  0.00000E+00  0.00000E+00  0.00000E+00  0.00000E+00  0.00000E+00  0.00000E+00  0.00000E+00  0.00000E+00  0.00000E+00  0.00000E+00  0.00000E+00  0.00000E+00  0.00000E+00  0.00000E+00  0.00000E+00  0.00000E+00  0.00000E+00  0.00000E+00
rxn00077
  0.00000E+00  0.00000E+00  0.00000E+00  0.00000E+00  0.00000E+00  0.00000E+00  0.00000E+00  0.00000E+00  0.00000E+00  0.00000E+00  0.00000E+00  0.00000E+00  0.00000E+00  0.00000E+00  0.00000E+00  0.00000E+00  0.00000E+00  0.00000E+00  0.00000E+00  0.00000E+00  0.00000E+00  0.00000E+00  0.00000E+00  0.00000E+00  0.00000E+00  0.00000E+00  0.00000E+00  0.00000E+00  0.00000E+00  0.00000E+00  0.00000E+00
rxn00078
  0.00000E+00  0.00000E+00  0.00000E+00  0.00000E+00  0.00000E+00  0.00000E+00  0.00000E+00  0.00000E+00  0.00000E+00  0.00000E+00  0.00000E+00  0.00000E+00  0.00000E+00  0.00000E+00  0.00000E+00  0.00000E+00  0.00000E+00  0.00000E+00  0.00000E+00  0.00000E+00  0.00000E+00  0.00000E+00  0.00000E+00  0.00000E+00  0.00000E+00  0.00000E+00  0.00000E+00  0.00000E+00  0.00000E+00  0.00000E+00  0.00000E+00
rxn00079
  0.00000E+00  0.52110E+02  0.37554E+03  0.12649E+04  0.29948E+04  0.57992E+04  0.97580E+04  0.14713E+05  0.20744E+05  0.27639E+05  0.35345E+05  0.43652E+05  0.52554E+05  0.61830E+05  0.71572E+05  0.81549E+05  0.91777E+05  0.10225E+06  0.11288E+06  0.12369E+06  0.13461E+06  0.14560E+06  0.15667E+06  0.16781E+06  0.17899E+06  0.19022E+06  0.20146E+06  0.21273E+06  0.22400E+06  0.23527E+06  0.24653E+06
rxn00080
  0.00000E+00  0.55999E-17  0.40357E-16  0.13593E-15  0.32183E-15  0.62320E-15  0.10486E-14  0.15811E-14  0.22292E-14  0.29702E-14  0.37983E-14  0.46910E-14  0.56476E-14  0.66445E-14  0.76914E-14  0.87635E-14  0.98626E-14  0.10988E-13  0.12131E-13  0.13292E-13  0.14465E-13  0.15647E-13  0.16836E-13  0.18033E-13  0.19235E-13  0.20441E-13  0.21650E-13  0.22861E-13  0.24072E-13  0.25283E-13  0.26493E-13
rxn00081
  0.00000E+00  0.00000E+00  0.00000E+00  0.00000E+00  0.00000E+00  0.00000E+00  0.00000E+00  0.00000E+00  0.00000E+00  0.00000E+00  0.00000E+00  0.00000E+00  0.00000E+00  0.00000E+00  0.00000E+00  0.00000E+00  0.00000E+00  0.00000E+00  0.00000E+00  0.00000E+00  0.00000E+00  0.00000E+00  0.00000E+00  0.00000E+00  0.00000E+00  0.00000E+00  0.00000E+00  0.00000E+00  0.00000E+00  0.00000E+00  0.00000E+00
rxn00082
  0.00000E+00  0.20532E+02  0.48577E+02  0.87471E+02  0.13772E+03  0.19806E+03  0.26637E+03  0.34103E+03  0.41997E+03  0.50221E+03  0.58633E+03  0.67211E+03  0.75834E+03  0.84567E+03  0.93230E+03  0.10189E+04  0.11059E+04  0.11924E+04  0.12786E+04  0.13639E+04  0.14480E+04  0.15316E+04  0.16144E+04  0.16965E+04  0.17779E+04  0.18586E+04  0.19385E+04  0.20175E+04  0.20958E+04  0.21733E+04  0.22499E+04
rxn00083
  0.00000E+00  0.27925E+01  0.55855E+01  0.83733E+01  0.11150E+02  0.13913E+02  0.16656E+02  0.19378E+02  0.22074E+02  0.24745E+02  0.27385E+02  0.29999E+02  0.32580E+02  0.35137E+02  0.37655E+02  0.40144E+02  0.42607E+02  0.45039E+02  0.47440E+02  0.49806E+02  0.52133E+02  0.54426E+02  0.56687E+02  0.58915E+02  0.61109E+02  0.63272E+02  0.65401E+02  0.67497E+02  0.69561E+02  0.71592E+02  0.73590E+02
rxn00084
  0.00000E+00  0.21173E-02  0.38034E-02  0.50931E-02  0.62560E-02  0.73701E-02  0.84804E-02  0.96004E-02  0.10748E-01  0.11921E-01  0.13121E-01  0.14341E-01  0.15579E-01  0.16830E-01  0.18089E-01  0.19352E-01  0.20618E-01  0.21881E-01  0.23140E-01  0.24388E-01  0.25620E-01  0.26838E-01  0.28041E-01  0.29229E-01  0.30399E-01  0.31551E-01  0.32686E-01  0.33801E-01  0.34897E-01  0.35974E-01  0.37031E-01
rxn00085
  0.00000E+00  0.29883E+01  0.15162E+02  0.38928E+02  0.74724E+02  0.12156E+03  0.17793E+03  0.24162E+03  0.31106E+03  0.38447E+03  0.46082E+03  0.53895E+03  0.61853E+03  0.69866E+03  0.77963E+03  0.86047E+03  0.94126E+03  0.10221E+04  0.11029E+04  0.11835E+04  0.12635E+04  0.13429E+04  0.14216E+04  0.14997E+04  0.15771E+04  0.16539E+04  0.17301E+04  0.18055E+04  0.18802E+04  0.19542E+04  0.20274E+04
rxn00086
  0.00000E+00  0.15184E-01  0.12692E+00  0.43608E+00  0.10237E+01  0.19370E+01  0.31991E+01  0.48065E+01  0.67526E+01  0.90135E+01  0.11568E+02  0.14388E+02  0.17449E+02  0.20729E+02  0.24198E+02  0.27824E+02  0.31606E+02  0.35521E+02  0.39547E+02  0.43654E+02  0.47803E+02  0.51995E+02  0.56218E+02  0.60464E+02  0.64722E+02  0.68984E+02  0.73242E+02  0.77490E+02  0.81721E+02  0.85931E+02  0.90116E+02
rxn00087
  0.00000E+00  0.69902E-06  0.13783E-04  0.86221E-04  0.32473E-03  0.89341E-03  0.20391E-02  0.39903E-02  0.71001E-02  0.11610E-01  0.17912E-01  0.26100E-01  0.36695E-01  0.49408E-01  0.65246E-01  0.83859E-01  0.10512E+00  0.12948E+00  0.15705E+00  0.18834E+00  0.22376E+00  0.26288E+00  0.30577E+00  0.35249E+00  0.40311E+00  0.45766E+00  0.51620E+00  0.57874E+00  0.64532E+00  0.71595E+00  0.79063E+00
rxn00088
  0.00000E+00  0.62175E-03  0.55615E-02  0.23447E-01  0.68470E-01  0.15767E+00  0.31212E+00  0.54683E+00  0.88346E+00  0.13318E+01  0.19092E+01  0.26140E+01  0.34669E+01  0.44469E+01  0.55957E+01  0.68920E+01  0.83240E+01  0.99075E+01  0.11643E+02  0.13546E+02  0.15632E+02  0.17879E+02  0.20289E+02  0.22860E+02  0.25595E+02  0.28491E+02  0.31551E+02  0.34773E+02  0.38157E+02  0.41703E+02  0.45410E+02
rxn00089
  0.00000E+00  0.65410E-07  0.44423E-06  0.13928E-05  0.31730E-05  0.59857E-05  0.10137E-04  0.15705E-04  0.23067E-04  0.32250E-04  0.43587E-04  0.56901E-04  0.72661E-04  0.90286E-04  0.11076E-03  0.13354E-03  0.15833E-03  0.18547E-03  0.21496E-03  0.24711E-03  0.28216E-03  0.31963E-03  0.35952E-03  0.40180E-03  0.44645E-03  0.49343E-03  0.54273E-03  0.59432E-03  0.64817E-03  0.70424E-03  0.76250E-03
rxn00090
  0.00000E+00  0.23955E+05  0.91605E+05  0.17877E+06  0.26808E+06  0.35263E+06  0.42969E+06  0.49961E+06  0.56150E+06  0.61665E+06  0.66527E+06  0.70889E+06  0.74762E+06  0.78311E+06  0.81492E+06  0.84421E+06  0.87167E+06  0.89738E+06  0.92168E+06  0.94474E+06  0.96673E+06  0.98795E+06  0.10085E+07  0.10286E+07  0.10482E+07  0.10674E+07  0.10863E+07  0.11048E+07  0.11231E+07  0.11412E+07  0.11590E+07
rxn00091
  0.00000E+00  0.58230E+05  0.16053E+06  0.25504E+06  0.33377E+06  0.40037E+06  0.45890E+06  0.51226E+06  0.56157E+06  0.60785E+06  0.65140E+06  0.69282E+06  0.73204E+06  0.76976E+06  0.80551E+06  0.83981E+06  0.87298E+06  0.90496E+06  0.93586E+06  0.96564E+06  0.99428E+06  0.10221E+07  0.10491E+07  0.10754E+07  0.11010E+07  0.11260E+07  0.11505E+07  0.11744E+07  0.11979E+07  0.12209E+07  0.12434E+07
rxn00092
  0.00000E+00  0.20544E+02  0.12789E+03  0.33398E+03  0.62497E+03  0.98517E+03  0.14077E+04  0.18821E+04  0.24092E+04  0.29819E+04  0.36012E+04  0.42591E+04  0.49600E+04  0.56912E+04  0.64657E+04  0.72728E+04  0.81064E+04  0.89705E+04  0.98635E+04  0.10789E+05  0.11748E+05  0.12735E+05  0.13747E+05  0.14786E+05  0.15849E+05  0.16937E+05  0.18049E+05  0.19184E+05  0.20341E+05  0.21521E+05  0.22722E+05
rxn00093
  0.00000E+00  0.13164E+03  0.82927E+03  0.21658E+04  0.39717E+04  0.60765E+04  0.83550E+04  0.10748E+05  0.13182E+05  0.15635E+05  0.18061E+05  0.20466E+05  0.22809E+05  0.25128E+05  0.27354E+05  0.29523E+05  0.31654E+05  0.33727E+05  0.35743E+05  0.37688E+05  0.39555E+05  0.41370E+05  0.43133E+05  0.44849E+05  0.46519E+05  0.48147E+05  0.49733E+05  0.51281E+05  0.52793E+05  0.54269E+05  0.55714E+05
rxn00094
  0.00000E+00  0.49437E+01  0.27161E+02  0.64087E+02  0.11051E+03  0.16315E+03  0.21972E+03  0.27913E+03  0.33979E+03  0.40124E+03  0.46255E+03  0.52388E+03  0.58434E+03  0.64481E+03  0.70382E+03  0.76216E+03  0.82027E+03  0.87773E+03  0.93460E+03  0.99059E+03  0.10456E+04  0.11000E+04  0.11541E+04  0.12077E+04  0.12610E+04  0.13140E+04  0.13668E+04  0.14194E+04  0.14718E+04  0.15241E+04  0.15763E+04
rxn00095
  0.00000E+00  0.77997E+01  0.42851E+02  0.10111E+03  0.17435E+03  0.25739E+03  0.34665E+03  0.44039E+03  0.53608E+03  0.63304E+03  0.72976E+03  0.82652E+03  0.92191E+03  0.10173E+04  0.11104E+04  0.12025E+04  0.12941E+04  0.13848E+04  0.14745E+04  0.15629E+04  0.16496E+04  0.17355E+04  0.18207E+04  0.19054E+04  0.19894E+04  0.20731E+04  0.21564E+04  0.22393E+04  0.23220E+04  0.24045E+04  0.24869E+04
rxn00096
  0.00000E+00  0.15032E+01  0.12850E+02  0.35569E+02  0.65366E+02  0.99161E+02  0.13534E+03  0.17332E+03  0.21217E+03  0.25164E+03  0.29118E+03  0.33089E+03  0.37025E+03  0.40982E+03  0.44877E+03  0.48758E+03  0.52651E+03  0.56539E+03  0.60425E+03  0.64300E+03  0.68155E+03  0.72018E+03  0.75894E+03  0.79786E+03  0.83699E+03  0.87634E+03  0.91595E+03  0.95583E+03  0.99600E+03  0.10365E+04  0.10773E+04
rxn00097
  0.00000E+00  0.55601E-02  0.88612E-01  0.44448E+00  0.13629E+01  0.31410E+01  0.60906E+01  0.10389E+02  0.16286E+02  0.23844E+02  0.33215E+02  0.44314E+02  0.57316E+02  0.71934E+02  0.88552E+02  0.10689E+03  0.12678E+03  0.14835E+03  0.17155E+03  0.19650E+03  0.22324E+03  0.25157E+03  0.28145E+03  0.31286E+03  0.34576E+03  0.38012E+03  0.41593E+03  0.45317E+03  0.49180E+03  0.53181E+03  0.57317E+03
rxn00098
  0.00000E+00  0.00000E+00  0.00000E+00  0.00000E+00  0.00000E+00  0.00000E+00  0.00000E+00  0.00000E+00  0.00000E+00  0.00000E+00  0.00000E+00  0.00000E+00  0.00000E+00  0.00000E+00  0.00000E+00  0.00000E+00  0.00000E+00  0.00000E+00  0.00000E+00  0.00000E+00  0.00000E+00  0.00000E+00  0.00000E+00  0.00000E+00  0.00000E+00  0.00000E+00  0.00000E+00  0.00000E+00  0.00000E+00  0.00000E+00  0.00000E+00
rxn00099
  0.00000E+00  0.00000E+00  0.00000E+00  0.00000E+00  0.00000E+00  0.00000E+00  0.00000E+00  0.00000E+00  0.00000E+00  0.00000E+00  0.00000E+00  0.00000E+00  0.00000E+00  0.00000E+00  0.00000E+00  0.00000E+00  0.00000E+00  0.00000E+00  0.00000E+00  0.00000E+00  0.00000E+00  0.00000E+00  0.00000E+00  0.00000E+00  0.00000E+00  0.00000E+00  0.00000E+00  0.00000E+00  0.00000E+00  0.00000E+00  0.00000E+00
rxn00100
  0.00000E+00  0.70985E+07  0.83804E+07  0.10038E+08  0.11825E+08  0.13566E+08  0.15158E+08  0.16578E+08  0.17800E+08  0.18849E+08  0.19728E+08  0.20475E+08  0.21089E+08  0.21613E+08  0.22029E+08  0.22371E+08  0.22655E+08  0.22883E+08  0.23061E+08  0.23192E+08  0.23281E+08  0.23340E+08  0.23371E+08  0.23378E+08  0.23364E+08  0.23331E+08  0.23282E+08  0.23217E+08  0.23140E+08  0.23051E+08  0.22952E+08
rxn00101
  0.00000E+00  0.29678E+06  0.29623E+06  0.29540E+06  0.29430E+06  0.29294E+06  0.29135E+06  0.28957E+06  0.28760E+06  0.28550E+06  0.28326E+06  0.28094E+06  0.27852E+06  0.27605E+06  0.27351E+06  0.27094E+06  0.26833E+06  0.26569E+06  0.26303E+06  0.26036E+06  0.25767E+06  0.25497E+06  0.25226E+06  0.24956E+06  0.24686E+06  0.24416E+06  0.24146E+06  0.23878E+06  0.23610E+06  0.23343E+06  0.23078E+06
rxn00102
  0.00000E+00  0.29286E+05  0.26251E+05  0.23384E+05  0.21489E+05  0.20196E+05  0.19307E+05  0.18671E+05  0.18225E+05  0.17900E+05  0.17663E+05  0.17478E+05  0.17333E+05  0.17208E+05  0.17100E+05  0.16998E+05  0.16899E+05  0.16799E+05  0.16697E+05  0.16591E+05  0.16480E+05  0.16363E+05  0.16240E+05  0.16113E+05  0.15982E+05  0.15846E+05  0.15705E+05  0.15562E+05  0.15415E+05  0.15265E+05  0.15113E+05
rxn00103
  0.00000E+00  0.16797E+07  0.39308E+07  0.61324E+07  0.81109E+07  0.98584E+07  0.11377E+08  0.12706E+08  0.13839E+08  0.14810E+08  0.15626E+08  0.16321E+08  0.16894E+08  0.17387E+08  0.17781E+08  0.18107E+08  0.18382E+08  0.18604E+08  0.18782E+08  0.18916E+08  0.19010E+08  0.19077E+08  0.19119E+08  0.19139E+08  0.19140E+08  0.19125E+08  0.19094E+08  0.19050E+08  0.18994E+08  0.18928E+08  0.18852E+08
rxn00104
  0.00000E+00  0.22699E+06  0.53119E+06  0.82871E+06  0.10961E+07  0.13322E+07  0.15375E+07  0.17171E+07  0.18701E+07  0.20014E+07  0.21116E+07  0.22055E+07  0.22830E+07  0.23496E+07  0.24029E+07  0.24469E+07  0.24841E+07  0.25141E+07  0.25381E+07  0.25562E+07  0.25689E+07  0.25779E+07  0.25836E+07  0.25864E+07  0.25865E+07  0.25844E+07  0.25803E+07  0.25743E+07  0.25668E+07  0.25578E+07  0.25476E+07
rxn00105
  0.00000E+00  0.15782E+05  0.60841E+05  0.12702E+06  0.20546E+06  0.29045E+06  0.37824E+06  0.46738E+06  0.55550E+06  0.64202E+06  0.72529E+06  0.80564E+06  0.88126E+06  0.95391E+06  0.10205E+07  0.10827E+07  0.11413E+07  0.11955E+07  0.12453E+07  0.12902E+07  0.13299E+07  0.13658E+07  0.13980E+07  0.14268E+07  0.14524E+07  0.14749E+07  0.14947E+07  0.15118E+07  0.15265E+07  0.15390E+07  0.15494E+07
rxn00106
  0.00000E+00  0.33101E+01  0.11128E+02  0.20991E+02  0.31926E+02  0.43551E+02  0.55551E+02  0.67785E+02  0.79964E+02  0.92016E+02  0.10374E+03  0.11517E+03  0.12608E+03  0.13670E+03  0.14663E+03  0.15609E+03  0.16517E+03  0.17375E+03  0.18185E+03  0.18938E+03  0.19632E+03  0.20282E+03  0.20889E+03  0.21457E+03  0.21986E+03  0.22480E+03  0.22940E+03  0.23368E+03  0.23767E+03  0.24137E+03  0.24481E+03
rxn00107
  0.00000E+00  0.84629E+00  0.44269E+01  0.97963E+01  0.15879E+02  0.22258E+02  0.28772E+02  0.35392E+02  0.41984E+02  0.48524E+02  0.54910E+02  0.61164E+02  0.67176E+02  0.73056E+02  0.78618E+02  0.83964E+02  0.89147E+02  0.94109E+02  0.98861E+02  0.10336E+03  0.10760E+03  0.11165E+03  0.11551E+03  0.11920E+03  0.12271E+03  0.12607E+03  0.12927E+03  0.13232E+03  0.13524E+03  0.13802E+03  0.14068E+03
rxn00108
  0.00000E+00  0.18217E+03  0.91520E+03  0.25834E+04  0.55175E+04  0.99067E+04  0.15844E+05  0.23274E+05  0.32144E+05  0.42306E+05  0.53635E+05  0.65974E+05  0.79202E+05  0.93200E+05  0.10785E+06  0.12307E+06  0.13880E+06  0.15495E+06  0.17148E+06  0.18831E+06  0.20537E+06  0.22265E+06  0.24012E+06  0.25774E+06  0.27549E+06  0.29334E+06  0.31127E+06  0.32927E+06  0.34730E+06  0.36536E+06  0.38343E+06
rxn00109
  0.00000E+00  0.15962E+02  0.67798E+02  0.15932E+03  0.28779E+03  0.44833E+03  0.63824E+03  0.85201E+03  0.10885E+04  0.13430E+04  0.16139E+04  0.18972E+04  0.21922E+04  0.24948E+04  0.28064E+04  0.31237E+04  0.34452E+04  0.37707E+04  0.40992E+04  0.44304E+04  0.47635E+04  0.50975E+04  0.54319E+04  0.57663E+04  0.61003E+04  0.64336E+04  0.67659E+04  0.70969E+04  0.74264E+04  0.77541E+04  0.80799E+04
rxn00110
  0.00000E+00  0.50832E+03  0.23609E+04  0.64880E+04  0.13681E+05  0.24384E+05  0.38807E+05  0.56810E+05  0.78250E+05  0.10277E+06  0.13004E+06  0.15971E+06  0.19146E+06  0.22502E+06  0.26007E+06  0.29644E+06  0.33398E+06  0.37249E+06  0.41184E+06  0.45182E+06  0.49228E+06  0.53321E+06  0.57451E+06  0.61612E+06  0.65796E+06  0.69997E+06  0.74210E+06  0.78431E+06  0.82653E+06  0.86875E+06  0.91091E+06
rxn00111
  0.00000E+00  0.50422E+01  0.19799E+02  0.45298E+02  0.80782E+02  0.12492E+03  0.17698E+03  0.23544E+03  0.29997E+03  0.36930E+03  0.44300E+03  0.51992E+03  0.59993E+03  0.68189E+03  0.76612E+03  0.85181E+03  0.93850E+03  0.10261E+04  0.11145E+04  0.12034E+04  0.12926E+04  0.13820E+04  0.14713E+04  0.15605E+04  0.16494E+04  0.17379E+04  0.18261E+04  0.19137E+04  0.20008E+04  0.20872E+04  0.21730E+04
rxn00112
  0.00000E+00  0.39357E+02  0.40041E+03  0.16599E+04  0.45175E+04  0.95273E+04  0.17157E+05  0.27410E+05  0.40456E+05  0.55975E+05  0.73928E+05  0.93793E+05  0.11567E+06  0.13882E+06  0.16377E+06  0.18978E+06  0.21664E+06  0.24448E+06  0.27316E+06  0.30269E+06  0.33292E+06  0.36356E+06  0.39458E+06  0.42593E+06  0.45755E+06  0.48940E+06  0.52143E+06  0.55361E+06  0.58589E+06  0.61825E+06  0.65064E+06
rxn00113
  0.00000E+00  0.50602E+01  0.51482E+02  0.21341E+03  0.58083E+03  0.12249E+04  0.22059E+04  0.35241E+04  0.52015E+04  0.71968E+04  0.95050E+04  0.12059E+05  0.14872E+05  0.17849E+05  0.21056E+05  0.24400E+05  0.27853E+05  0.31434E+05  0.35121E+05  0.38918E+05  0.42804E+05  0.46744E+05  0.50732E+05  0.54762E+05  0.58827E+05  0.62922E+05  0.67041E+05  0.71179E+05  0.75329E+05  0.79489E+05  0.83653E+05
rxn00114
  0.00000E+00  0.32900E+00  0.55141E+01  0.30591E+02  0.10181E+03  0.24974E+03  0.50749E+03  0.89705E+03  0.14448E+04  0.21589E+04  0.30531E+04  0.41193E+04  0.53684E+04  0.67762E+04  0.83624E+04  0.10096E+05  0.11968E+05  0.13978E+05  0.16115E+05  0.18369E+05  0.20722E+05  0.23159E+05  0.25671E+05  0.28251E+05  0.30890E+05  0.33581E+05  0.36317E+05  0.39090E+05  0.41894E+05  0.44725E+05  0.47577E+05
rxn00115
  0.00000E+00  0.20033E+02  0.11371E+03  0.33292E+03  0.72340E+03  0.13127E+04  0.21167E+04  0.31312E+04  0.43538E+04  0.57682E+04  0.73631E+04  0.91189E+04  0.11027E+05  0.13066E+05  0.15236E+05  0.17520E+05  0.19908E+05  0.22396E+05  0.24978E+05  0.27650E+05  0.30411E+05  0.33254E+05  0.36175E+05  0.39171E+05  0.42239E+05  0.45378E+05  0.48586E+05  0.51859E+05  0.55198E+05  0.58599E+05  0.62063E+05
rxn00116
  0.00000E+00  0.21075E-02  0.90828E-02  0.19775E-01  0.33522E-01  0.49833E-01  0.68748E-01  0.89924E-01  0.11367E+00  0.13968E+00  0.16809E+00  0.19849E+00  0.23109E+00  0.26528E+00  0.30157E+00  0.33945E+00  0.37864E+00  0.41925E+00  0.46115E+00  0.50438E+00  0.54890E+00  0.59447E+00  0.64101E+00  0.68845E+00  0.73676E+00  0.78587E+00  0.83574E+00  0.88633E+00  0.93761E+00  0.98953E+00  0.10421E+01
rxn00117
  0.00000E+00  0.52069E+02  0.37569E+03  0.12699E+04  0.30185E+04  0.57992E+04  0.97061E+04  0.14683E+05  0.20693E+05  0.27577E+05  0.35259E+05  0.43538E+05  0.52417E+05  0.61650E+05  0.71368E+05  0.81290E+05  0.91463E+05  0.10188E+06  0.11247E+06  0.12323E+06  0.13409E+06  0.14503E+06  0.15604E+06  0.16711E+06  0.17822E+06  0.18938E+06  0.20055E+06  0.21174E+06  0.22294E+06  0.23413E+06  0.24531E+06
rxn00118
  0.00000E+00  0.96721E+02  0.50309E+03  0.13844E+04  0.28719E+04  0.50316E+04  0.79214E+04  0.11504E+05  0.15815E+05  0.20772E+05  0.26382E+05  0.32516E+05  0.39221E+05  0.46308E+05  0.53908E+05  0.61795E+05  0.69998E+05  0.78511E+05  0.87270E+05  0.96253E+05  0.10539E+06  0.11465E+06  0.12403E+06  0.13350E+06  0.14305E+06  0.15266E+06  0.16232E+06  0.17200E+06  0.18170E+06  0.19141E+06  0.20111E+06
rxn00119
  0.00000E+00  0.29569E-01  0.29695E+00  0.12014E+01  0.32954E+01  0.71595E+01  0.13615E+02  0.23138E+02  0.36801E+02  0.55013E+02  0.78899E+02  0.10828E+03  0.14479E+03  0.18685E+03  0.23796E+03  0.29646E+03  0.36155E+03  0.43468E+03  0.51597E+03  0.60700E+03  0.70895E+03  0.82018E+03  0.94081E+03  0.10709E+04  0.12107E+04  0.13600E+04  0.15191E+04  0.16880E+04  0.18666E+04  0.20550E+04  0.22531E+04
rxn00120
  0.00000E+00  0.22882E+00  0.27198E+01  0.12303E+02  0.35763E+02  0.79916E+02  0.15093E+03  0.25261E+03  0.38851E+03  0.55914E+03  0.76550E+03  0.10052E+04  0.12789E+04  0.15820E+04  0.19158E+04  0.22734E+04  0.26562E+04  0.30621E+04  0.34881E+04  0.39314E+04  0.43878E+04  0.48566E+04  0.53368E+04  0.58269E+04  0.63255E+04  0.68313E+04  0.73431E+04  0.78598E+04  0.83804E+04  0.89041E+04  0.94301E+04
rxn00121
  0.00000E+00  0.26978E-01  0.27965E+00  0.11429E+01  0.31239E+01  0.67359E+01  0.12460E+02  0.20595E+02  0.31438E+02  0.45048E+02  0.61547E+02  0.80778E+02  0.10286E+03  0.12744E+03  0.15475E+03  0.18425E+03  0.21608E+03  0.25017E+03  0.28632E+03  0.32440E+03  0.36410E+03  0.40541E+03  0.44826E+03  0.49258E+03  0.53828E+03  0.58528E+03  0.63353E+03  0.68293E+03  0.73345E+03  0.78502E+03  0.83759E+03
rxn00122
  0.00000E+00  0.51150E-02  0.82496E-01  0.39553E+00  0.11522E+01  0.25529E+01  0.47858E+01  0.79740E+01  0.12240E+02  0.17617E+02  0.24159E+02  0.31813E+02  0.40638E+02  0.50506E+02  0.61525E+02  0.73497E+02  0.86486E+02  0.10048E+03  0.11543E+03  0.13130E+03  0.14799E+03  0.16550E+03  0.18381E+03  0.20292E+03  0.22279E+03  0.24340E+03  0.26473E+03  0.28677E+03  0.30950E+03  0.33289E+03  0.35693E+03
rxn00123
  0.00000E+00  0.42480E-05  0.12927E-03  0.10735E-02  0.49568E-02  0.16041E-01  0.41305E-01  0.89539E-01  0.17236E+00  0.30102E+00  0.48923E+00  0.74655E+00  0.10887E+01  0.15192E+01  0.20588E+01  0.27040E+01  0.34673E+01  0.43588E+01  0.53820E+01  0.65438E+01  0.78434E+01  0.92827E+01  0.10866E+02  0.12596E+02  0.14474E+02  0.16500E+02  0.18675E+02  0.21000E+02  0.23473E+02  0.26095E+02  0.28864E+02
rxn00124
  0.00000E+00  0.10370E+01  0.47563E+01  0.12805E+02  0.26681E+02  0.47236E+02  0.74883E+02  0.10939E+03  0.15052E+03  0.19764E+03  0.25022E+03  0.30757E+03  0.36919E+03  0.43452E+03  0.50313E+03  0.57462E+03  0.64872E+03  0.72511E+03  0.80355E+03  0.88375E+03  0.96550E+03  0.10487E+04  0.11332E+04  0.12188E+04  0.13056E+04  0.13933E+04  0.14819E+04  0.15712E+04  0.16613E+04  0.17520E+04  0.18434E+04
rxn00125
  0.00000E+00  0.00000E+00  0.00000E+00  0.00000E+00  0.00000E+00  0.00000E+00  0.00000E+00  0.00000E+00  0.00000E+00  0.00000E+00  0.00000E+00  0.00000E+00  0.00000E+00  0.00000E+00  0.00000E+00  0.00000E+00  0.00000E+00  0.00000E+00  0.00000E+00  0.00000E+00  0.00000E+00  0.00000E+00  0.00000E+00  0.00000E+00  0.00000E+00  0.00000E+00  0.00000E+00  0.00000E+00  0.00000E+00  0.00000E+00  0.00000E+00
rxn00126
  0.00000E+00  0.00000E+00  0.00000E+00  0.00000E+00  0.00000E+00  0.00000E+00  0.00000E+00  0.00000E+00  0.00000E+00  0.00000E+00  0.00000E+00  0.00000E+00  0.00000E+00  0.00000E+00  0.00000E+00  0.00000E+00  0.00000E+00  0.00000E+00  0.00000E+00  0.00000E+00  0.00000E+00  0.00000E+00  0.00000E+00  0.00000E+00  0.00000E+00  0.00000E+00  0.00000E+00  0.00000E+00  0.00000E+00  0.00000E+00  0.00000E+00
rxn00127
  0.00000E+00  0.00000E+00  0.00000E+00  0.00000E+00  0.00000E+00  0.00000E+00  0.00000E+00  0.00000E+00  0.00000E+00  0.00000E+00  0.00000E+00  0.00000E+00  0.00000E+00  0.00000E+00  0.00000E+00  0.00000E+00  0.00000E+00  0.00000E+00  0.00000E+00  0.00000E+00  0.00000E+00  0.00000E+00  0.00000E+00  0.00000E+00  0.00000E+00  0.00000E+00  0.00000E+00  0.00000E+00  0.00000E+00  0.00000E+00  0.00000E+00
