rxn00001
  0.00000E+00  0.41729E-04  0.41729E-04  0.41729E-04  0.41729E-04  0.41729E-04  0.41729E-04  0.41729E-04  0.41729E-04  0.41729E-04  0.41729E-04  0.41729E-04  0.41729E-04  0.41729E-04  0.41729E-04  0.41729E-04  0.41729E-04  0.41729E-04  0.41729E-04  0.41729E-04  0.41729E-04  0.41729E-04  0.41729E-04  0.41729E-04  0.41729E-04  0.41729E-04  0.41729E-04  0.41729E-04  0.41729E-04  0.41729E-04  0.41729E-04
rxn00002
  0.00000E+00  0.41284E-03  0.41284E-03  0.41284E-03  0.41284E-03  0.41284E-03  0.41284E-03  0.41284E-03  0.41284E-03  0.41284E-03  0.41284E-03  0.41284E-03  0.41284E-03  0.41284E-03  0.41284E-03  0.41284E-03  0.41284E-03  0.41284E-03  0.41284E-03  0.41284E-03  0.41284E-03  0.41284E-03  0.41284E-03  0.41284E-03  0.41284E-03  0.41284E-03  0.41284E-03  0.41284E-03  0.41284E-03  0.41284E-03  0.41284E-03
rxn00003
  0.00000E+00  0.96047E-02  0.96047E-02  0.96047E-02  0.96047E-02  0.96047E-02  0.96047E-02  0.96047E-02  0.96047E-02  0.96047E-02  0.96047E-02  0.96047E-02  0.96047E-02  0.96047E-02  0.96047E-02  0.96047E-02  0.96047E-02  0.96047E-02  0.96047E-02  0.96047E-02  0.96047E-02  0.96047E-02  0.96047E-02  0.96047E-02  0.96047E-02  0.96047E-02  0.96047E-02  0.96047E-02  0.96047E-02  0.96047E-02  0.96047E-02
rxn00004
  0.00000E+00  0.45970E-04  0.45970E-04  0.45970E-04  0.45970E-04  0.45970E-04  0.45970E-04  0.45970E-04  0.45970E-04  0.45970E-04  0.45970E-04  0.45970E-04  0.45970E-04  0.45970E-04  0.45970E-04  0.45970E-04  0.45970E-04  0.45970E-04  0.45970E-04  0.45970E-04  0.45970E-04  0.45970E-04  0.45970E-04  0.45970E-04  0.45970E-04  0.45970E-04  0.45970E-04  0.45970E-04  0.45970E-04  0.45970E-04  0.45970E-04
rxn00005
  0.00000E+00  0.71999E-06  0.71999E-06  0.71999E-06  0.71999E-06  0.71999E-06  0.71999E-06  0.71999E-06  0.71999E-06  0.71999E-06  0.71999E-06  0.71999E-06  0.71999E-06  0.71999E-06  0.71999E-06  0.71999E-06  0.71999E-06  0.71999E-06  0.71999E-06  0.71999E-06  0.71999E-06  0.71999E-06  0.71999E-06  0.71999E-06  0.71999E-06  0.71999E-06  0.71999E-06  0.71999E-06  0.71999E-06  0.71999E-06  0.71999E-06
rxn00006
  0.00000E+00  0.18885E+00  0.18885E+00  0.18885E+00  0.18885E+00  0.18885E+00  0.18885E+00  0.18885E+00  0.18885E+00  0.18885E+00  0.18885E+00  0.18885E+00  0.18885E+00  0.18885E+00  0.18885E+00  0.18885E+00  0.18885E+00  0.18885E+00  0.18885E+00  0.18885E+00  0.18885E+00  0.18885E+00  0.18885E+00  0.18885E+00  0.18885E+00  0.18885E+00  0.18885E+00  0.18885E+00  0.18885E+00  0.18885E+00  0.18885E+00
rxn00007
  0.00000E+00  0.51364E-05  0.51364E-05  0.51364E-05  0.51364E-05  0.51364E-05  0.51364E-05  0.51364E-05  0.51364E-05  0.51364E-05  0.51364E-05  0.51364E-05  0.51364E-05  0.51364E-05  0.51364E-05  0.51364E-05  0.51364E-05  0.51364E-05  0.51364E-05  0.51364E-05  0.51364E-05  0.51364E-05  0.51364E-05  0.51364E-05  0.51364E-05  0.51364E-05  0.51364E-05  0.51364E-05  0.51364E-05  0.51364E-05  0.51364E-05
rxn00008
  0.00000E+00  0.56242E-05  0.56242E-05  0.56242E-05  0.56242E-05  0.56242E-05  0.56242E-05  0.56242E-05  0.56242E-05  0.56242E-05  0.56242E-05  0.56242E-05  0.56242E-05  0.56242E-05  0.56242E-05  0.56242E-05  0.56242E-05  0.56242E-05  0.56242E-05  0.56242E-05  0.56242E-05  0.56242E-05  0.56242E-05  0.56242E-05  0.56242E-05  0.56242E-05  0.56242E-05  0.56242E-05  0.56242E-05  0.56242E-05  0.56242E-05
rxn00009
  0.00000E+00  0.32732E-04  0.32732E-04  0.32732E-04  0.32732E-04  0.32732E-04  0.32732E-04  0.32732E-04  0.32732E-04  0.32732E-04  0.32732E-04  0.32732E-04  0.32732E-04  0.32732E-04  0.32732E-04  0.32732E-04  0.32732E-04  0.32732E-04  0.32732E-04  0.32732E-04  0.32732E-04  0.32732E-04  0.32732E-04  0.32732E-04  0.32732E-04  0.32732E-04  0.32732E-04  0.32732E-04  0.32732E-04  0.32732E-04  0.32732E-04
rxn00010
  0.00000E+00  0.47500E-04  0.47500E-04  0.47500E-04  0.47500E-04  0.47500E-04  0.47500E-04  0.47500E-04  0.47500E-04  0.47500E-04  0.47500E-04  0.47500E-04  0.47500E-04  0.47500E-04  0.47500E-04  0.47500E-04  0.47500E-04  0.47500E-04  0.47500E-04  0.47500E-04  0.47500E-04  0.47500E-04  0.47500E-04  0.47500E-04  0.47500E-04  0.47500E-04  0.47500E-04  0.47500E-04  0.47500E-04  0.47500E-04  0.47500E-04
rxn00011
  0.00000E+00  0.74518E-05  0.74518E-05  0.74518E-05  0.74518E-05  0.74518E-05  0.74518E-05  0.74518E-05  0.74518E-05  0.74518E-05  0.74518E-05  0.74518E-05  0.74518E-05  0.74518E-05  0.74518E-05  0.74518E-05  0.74518E-05  0.74518E-05  0.74518E-05  0.74518E-05  0.74518E-05  0.74518E-05  0.74518E-05  0.74518E-05  0.74518E-05  0.74518E-05  0.74518E-05  0.74518E-05  0.74518E-05  0.74518E-05  0.74518E-05
rxn00012
  0.00000E+00  0.57946E-05  0.57946E-05  0.57946E-05  0.57946E-05  0.57946E-05  0.57946E-05  0.57946E-05  0.57946E-05  0.57946E-05  0.57946E-05  0.57946E-05  0.57946E-05  0.57946E-05  0.57946E-05  0.57946E-05  0.57946E-05  0.57946E-05  0.57946E-05  0.57946E-05  0.57946E-05  0.57946E-05  0.57946E-05  0.57946E-05  0.57946E-05  0.57946E-05  0.57946E-05  0.57946E-05  0.57946E-05  0.57946E-05  0.57946E-05
rxn00013
  0.00000E+00  0.56242E-05  0.56242E-05  0.56242E-05  0.56242E-05  0.56242E-05  0.56242E-05  0.56242E-05  0.56242E-05  0.56242E-05  0.56242E-05  0.56242E-05  0.56242E-05  0.56242E-05  0.56242E-05  0.56242E-05  0.56242E-05  0.56242E-05  0.56242E-05  0.56242E-05  0.56242E-05  0.56242E-05  0.56242E-05  0.56242E-05  0.56242E-05  0.56242E-05  0.56242E-05  0.56242E-05  0.56242E-05  0.56242E-05  0.56242E-05
rxn00014
  0.00000E+00  0.85097E-06  0.85097E-06  0.85097E-06  0.85097E-06  0.85097E-06  0.85097E-06  0.85097E-06  0.85097E-06  0.85097E-06  0.85097E-06  0.85097E-06  0.85097E-06  0.85097E-06  0.85097E-06  0.85097E-06  0.85097E-06  0.85097E-06  0.85097E-06  0.85097E-06  0.85097E-06  0.85097E-06  0.85097E-06  0.85097E-06  0.85097E-06  0.85097E-06  0.85097E-06  0.85097E-06  0.85097E-06  0.85097E-06  0.85097E-06
rxn00015
  0.00000E+00  0.47979E-06  0.47979E-06  0.47979E-06  0.47979E-06  0.47979E-06  0.47979E-06  0.47979E-06  0.47979E-06  0.47979E-06  0.47979E-06  0.47979E-06  0.47979E-06  0.47979E-06  0.47979E-06  0.47979E-06  0.47979E-06  0.47979E-06  0.47979E-06  0.47979E-06  0.47979E-06  0.47979E-06  0.47979E-06  0.47979E-06  0.47979E-06  0.47979E-06  0.47979E-06  0.47979E-06  0.47979E-06  0.47979E-06  0.47979E-06
rxn00016
  0.00000E+00  0.47979E-06  0.47979E-06  0.47979E-06  0.47979E-06  0.47979E-06  0.47979E-06  0.47979E-06  0.47979E-06  0.47979E-06  0.47979E-06  0.47979E-06  0.47979E-06  0.47979E-06  0.47979E-06  0.47979E-06  0.47979E-06  0.47979E-06  0.47979E-06  0.47979E-06  0.47979E-06  0.47979E-06  0.47979E-06  0.47979E-06  0.47979E-06  0.47979E-06  0.47979E-06  0.47979E-06  0.47979E-06  0.47979E-06  0.47979E-06
rxn00017
  0.00000E+00  0.55314E-05  0.55314E-05  0.55314E-05  0.55314E-05  0.55314E-05  0.55314E-05  0.55314E-05  0.55314E-05  0.55314E-05  0.55314E-05  0.55314E-05  0.55314E-05  0.55314E-05  0.55314E-05  0.55314E-05  0.55314E-05  0.55314E-05  0.55314E-05  0.55314E-05  0.55314E-05  0.55314E-05  0.55314E-05  0.55314E-05  0.55314E-05  0.55314E-05  0.55314E-05  0.55314E-05  0.55314E-05  0.55314E-05  0.55314E-05
rxn00018
  0.00000E+00  0.21513E-05  0.21513E-05  0.21513E-05  0.21513E-05  0.21513E-05  0.21513E-05  0.21513E-05  0.21513E-05  0.21513E-05  0.21513E-05  0.21513E-05  0.21513E-05  0.21513E-05  0.21513E-05  0.21513E-05  0.21513E-05  0.21513E-05  0.21513E-05  0.21513E-05  0.21513E-05  0.21513E-05  0.21513E-05  0.21513E-05  0.21513E-05  0.21513E-05  0.21513E-05  0.21513E-05  0.21513E-05  0.21513E-05  0.21513E-05
rxn00019
  0.00000E+00  0.46553E-05  0.46553E-05  0.46553E-05  0.46553E-05  0.46553E-05  0.46553E-05  0.46553E-05  0.46553E-05  0.46553E-05  0.46553E-05  0.46553E-05  0.46553E-05  0.46553E-05  0.46553E-05  0.46553E-05  0.46553E-05  0.46553E-05  0.46553E-05  0.46553E-05  0.46553E-05  0.46553E-05  0.46553E-05  0.46553E-05  0.46553E-05  0.46553E-05  0.46553E-05  0.46553E-05  0.46553E-05  0.46553E-05  0.46553E-05
rxn00020
  0.00000E+00  0.56242E-05  0.56242E-05  0.56242E-05  0.56242E-05  0.56242E-05  0.56242E-05  0.56242E-05  0.56242E-05  0.56242E-05  0.56242E-05  0.56242E-05  0.56242E-05  0.56242E-05  0.56242E-05  0.56242E-05  0.56242E-05  0.56242E-05  0.56242E-05  0.56242E-05  0.56242E-05  0.56242E-05  0.56242E-05  0.56242E-05  0.56242E-05  0.56242E-05  0.56242E-05  0.56242E-05  0.56242E-05  0.56242E-05  0.56242E-05
rxn00021
  0.00000E+00  0.56242E-05  0.56242E-05  0.56242E-05  0.56242E-05  0.56242E-05  0.56242E-05  0.56242E-05  0.56242E-05  0.56242E-05  0.56242E-05  0.56242E-05  0.56242E-05  0.56242E-05  0.56242E-05  0.56242E-05  0.56242E-05  0.56242E-05  0.56242E-05  0.56242E-05  0.56242E-05  0.56242E-05  0.56242E-05  0.56242E-05  0.56242E-05  0.56242E-05  0.56242E-05  0.56242E-05  0.56242E-05  0.56242E-05  0.56242E-05
rxn00022
  0.00000E+00  0.85097E-06  0.85097E-06  0.85097E-06  0.85097E-06  0.85097E-06  0.85097E-06  0.85097E-06  0.85097E-06  0.85097E-06  0.85097E-06  0.85097E-06  0.85097E-06  0.85097E-06  0.85097E-06  0.85097E-06  0.85097E-06  0.85097E-06  0.85097E-06  0.85097E-06  0.85097E-06  0.85097E-06  0.85097E-06  0.85097E-06  0.85097E-06  0.85097E-06  0.85097E-06  0.85097E-06  0.85097E-06  0.85097E-06  0.85097E-06
rxn00023
  0.00000E+00  0.52198E-06  0.52198E-06  0.52198E-06  0.52198E-06  0.52198E-06  0.52198E-06  0.52198E-06  0.52198E-06  0.52198E-06  0.52198E-06  0.52198E-06  0.52198E-06  0.52198E-06  0.52198E-06  0.52198E-06  0.52198E-06  0.52198E-06  0.52198E-06  0.52198E-06  0.52198E-06  0.52198E-06  0.52198E-06  0.52198E-06  0.52198E-06  0.52198E-06  0.52198E-06  0.52198E-06  0.52198E-06  0.52198E-06  0.52198E-06
rxn00024
  0.00000E+00  0.12735E-03  0.12735E-03  0.12735E-03  0.12735E-03  0.12735E-03  0.12735E-03  0.12735E-03  0.12735E-03  0.12735E-03  0.12735E-03  0.12735E-03  0.12735E-03  0.12735E-03  0.12735E-03  0.12735E-03  0.12735E-03  0.12735E-03  0.12735E-03  0.12735E-03  0.12735E-03  0.12735E-03  0.12735E-03  0.12735E-03  0.12735E-03  0.12735E-03  0.12735E-03  0.12735E-03  0.12735E-03  0.12735E-03  0.12735E-03
rxn00025
  0.00000E+00  0.51906E+09  0.51906E+09  0.51906E+09  0.51906E+09  0.51906E+09  0.51906E+09  0.51906E+09  0.51906E+09  0.51906E+09  0.51906E+09  0.51906E+09  0.51906E+09  0.51906E+09  0.51906E+09  0.51906E+09  0.51906E+09  0.51906E+09  0.51906E+09  0.51906E+09  0.51906E+09  0.51906E+09  0.51906E+09  0.51906E+09  0.51906E+09  0.51906E+09  0.51906E+09  0.51906E+09  0.51906E+09  0.51906E+09  0.51906E+09
rxn00026
  0.00000E+00  0.21643E+09  0.21643E+09  0.21643E+09  0.21643E+09  0.21643E+09  0.21643E+09  0.21643E+09  0.21643E+09  0.21643E+09  0.21643E+09  0.21643E+09  0.21643E+09  0.21643E+09  0.21643E+09  0.21643E+09  0.21643E+09  0.21643E+09  0.21643E+09  0.21643E+09  0.21643E+09  0.21643E+09  0.21643E+09  0.21643E+09  0.21643E+09  0.21643E+09  0.21643E+09  0.21643E+09  0.21643E+09  0.21643E+09  0.21643E+09
rxn00027
  0.00000E+00  0.84967E+08  0.84967E+08  0.84967E+08  0.84967E+08  0.84967E+08  0.84967E+08  0.84967E+08  0.84967E+08  0.84967E+08  0.84967E+08  0.84967E+08  0.84967E+08  0.84967E+08  0.84967E+08  0.84967E+08  0.84967E+08  0.84967E+08  0.84967E+08  0.84967E+08  0.84967E+08  0.84967E+08  0.84967E+08  0.84967E+08  0.84967E+08  0.84967E+08  0.84967E+08  0.84967E+08  0.84967E+08  0.84967E+08  0.84967E+08
rxn00028
  0.00000E+00  0.82621E+05  0.82621E+05  0.82621E+05  0.82621E+05  0.82621E+05  0.82621E+05  0.82621E+05  0.82621E+05  0.82621E+05  0.82621E+05  0.82621E+05  0.82621E+05  0.82621E+05  0.82621E+05  0.82621E+05  0.82621E+05  0.82621E+05  0.82621E+05  0.82621E+05  0.82621E+05  0.82621E+05  0.82621E+05  0.82621E+05  0.82621E+05  0.82621E+05  0.82621E+05  0.82621E+05  0.82621E+05  0.82621E+05  0.82621E+05
rxn00029
  0.00000E+00  0.65781E-14  0.65781E-14  0.65781E-14  0.65781E-14  0.65781E-14  0.65781E-14  0.65781E-14  0.65781E-14  0.65781E-14  0.65781E-14  0.65781E-14  0.65781E-14  0.65781E-14  0.65781E-14  0.65781E-14  0.65781E-14  0.65781E-14  0.65781E-14  0.65781E-14  0.65781E-14  0.65781E-14  0.65781E-14  0.65781E-14  0.65781E-14  0.65781E-14  0.65781E-14  0.65781E-14  0.65781E-14  0.65781E-14  0.65781E-14
rxn00030
  0.00000E+00  0.33276E-10  0.33276E-10  0.33276E-10  0.33276E-10  0.33276E-10  0.33276E-10  0.33276E-10  0.33276E-10  0.33276E-10  0.33276E-10  0.33276E-10  0.33276E-10  0.33276E-10  0.33276E-10  0.33276E-10  0.33276E-10  0.33276E-10  0.33276E-10  0.33276E-10  0.33276E-10  0.33276E-10  0.33276E-10  0.33276E-10  0.33276E-10  0.33276E-10  0.33276E-10  0.33276E-10  0.33276E-10  0.33276E-10  0.33276E-10
rxn00031
  0.00000E+00  0.59791E-10  0.59791E-10  0.59791E-10  0.59791E-10  0.59791E-10  0.59791E-10  0.59791E-10  0.59791E-10  0.59791E-10  0.59791E-10  0.59791E-10  0.59791E-10  0.59791E-10  0.59791E-10  0.59791E-10  0.59791E-10  0.59791E-10  0.59791E-10  0.59791E-10  0.59791E-10  0.59791E-10  0.59791E-10  0.59791E-10  0.59791E-10  0.59791E-10  0.59791E-10  0.59791E-10  0.59791E-10  0.59791E-10  0.59791E-10
rxn00032
  0.00000E+00  0.62576E-13  0.62576E-13  0.62576E-13  0.62576E-13  0.62576E-13  0.62576E-13  0.62576E-13  0.62576E-13  0.62576E-13  0.62576E-13  0.62576E-13  0.62576E-13  0.62576E-13  0.62576E-13  0.62576E-13  0.62576E-13  0.62576E-13  0.62576E-13  0.62576E-13  0.62576E-13  0.62576E-13  0.62576E-13  0.62576E-13  0.62576E-13  0.62576E-13  0.62576E-13  0.62576E-13  0.62576E-13  0.62576E-13  0.62576E-13
rxn00033
  0.00000E+00  0.19616E-14  0.19616E-14  0.19616E-14  0.19616E-14  0.19616E-14  0.19616E-14  0.19616E-14  0.19616E-14  0.19616E-14  0.19616E-14  0.19616E-14  0.19616E-14  0.19616E-14  0.19616E-14  0.19616E-14  0.19616E-14  0.19616E-14  0.19616E-14  0.19616E-14  0.19616E-14  0.19616E-14  0.19616E-14  0.19616E-14  0.19616E-14  0.19616E-14  0.19616E-14  0.19616E-14  0.19616E-14  0.19616E-14  0.19616E-14
rxn00034
  0.00000E+00  0.31733E-11  0.31733E-11  0.31733E-11  0.31733E-11  0.31733E-11  0.31733E-11  0.31733E-11  0.31733E-11  0.31733E-11  0.31733E-11  0.31733E-11  0.31733E-11  0.31733E-11  0.31733E-11  0.31733E-11  0.31733E-11  0.31733E-11  0.31733E-11  0.31733E-11  0.31733E-11  0.31733E-11  0.31733E-11  0.31733E-11  0.31733E-11  0.31733E-11  0.31733E-11  0.31733E-11  0.31733E-11  0.31733E-11  0.31733E-11
rxn00035
  0.00000E+00  0.16703E-11  0.16703E-11  0.16703E-11  0.16703E-11  0.16703E-11  0.16703E-11  0.16703E-11  0.16703E-11  0.16703E-11  0.16703E-11  0.16703E-11  0.16703E-11  0.16703E-11  0.16703E-11  0.16703E-11  0.16703E-11  0.16703E-11  0.16703E-11  0.16703E-11  0.16703E-11  0.16703E-11  0.16703E-11  0.16703E-11  0.16703E-11  0.16703E-11  0.16703E-11  0.16703E-11  0.16703E-11  0.16703E-11  0.16703E-11
rxn00036
  0.00000E+00  0.11367E-09  0.11367E-09  0.11367E-09  0.11367E-09  0.11367E-09  0.11367E-09  0.11367E-09  0.11367E-09  0.11367E-09  0.11367E-09  0.11367E-09  0.11367E-09  0.11367E-09  0.11367E-09  0.11367E-09  0.11367E-09  0.11367E-09  0.11367E-09  0.11367E-09  0.11367E-09  0.11367E-09  0.11367E-09  0.11367E-09  0.11367E-09  0.11367E-09  0.11367E-09  0.11367E-09  0.11367E-09  0.11367E-09  0.11367E-09
rxn00037
  0.00000E+00  0.18358E-11  0.18358E-11  0.18358E-11  0.18358E-11  0.18358E-11  0.18358E-11  0.18358E-11  0.18358E-11  0.18358E-11  0.18358E-11  0.18358E-11  0.18358E-11  0.18358E-11  0.18358E-11  0.18358E-11  0.18358E-11  0.18358E-11  0.18358E-11  0.18358E-11  0.18358E-11  0.18358E-11  0.18358E-11  0.18358E-11  0.18358E-11  0.18358E-11  0.18358E-11  0.18358E-11  0.18358E-11  0.18358E-11  0.18358E-11
rxn00038
  0.00000E+00  0.70358E-01  0.70358E-01  0.70358E-01  0.70358E-01  0.70358E-01  0.70358E-01  0.70358E-01  0.70358E-01  0.70358E-01  0.70358E-01  0.70358E-01  0.70358E-01  0.70358E-01  0.70358E-01  0.70358E-01  0.70358E-01  0.70358E-01  0.70358E-01  0.70358E-01  0.70358E-01  0.70358E-01  0.70358E-01  0.70358E-01  0.70358E-01  0.70358E-01  0.70358E-01  0.70358E-01  0.70358E-01  0.70358E-01  0.70358E-01
rxn00039
  0.00000E+00  0.12650E+04  0.12650E+04  0.12650E+04  0.12650E+04  0.12650E+04  0.12650E+04  0.12650E+04  0.12650E+04  0.12650E+04  0.12650E+04  0.12650E+04  0.12650E+04  0.12650E+04  0.12650E+04  0.12650E+04  0.12650E+04  0.12650E+04  0.12650E+04  0.12650E+04  0.12650E+04  0.12650E+04  0.12650E+04  0.12650E+04  0.12650E+04  0.12650E+04  0.12650E+04  0.12650E+04  0.12650E+04  0.12650E+04  0.12650E+04
rxn00040
  0.00000E+00  0.82882E-11  0.82882E-11  0.82882E-11  0.82882E-11  0.82882E-11  0.82882E-11  0.82882E-11  0.82882E-11  0.82882E-11  0.82882E-11  0.82882E-11  0.82882E-11  0.82882E-11  0.82882E-11  0.82882E-11  0.82882E-11  0.82882E-11  0.82882E-11  0.82882E-11  0.82882E-11  0.82882E-11  0.82882E-11  0.82882E-11  0.82882E-11  0.82882E-11  0.82882E-11  0.82882E-11  0.82882E-11  0.82882E-11  0.82882E-11
rxn00041
  0.00000E+00  0.16012E-13  0.16012E-13  0.16012E-13  0.16012E-13  0.16012E-13  0.16012E-13  0.16012E-13  0.16012E-13  0.16012E-13  0.16012E-13  0.16012E-13  0.16012E-13  0.16012E-13  0.16012E-13  0.16012E-13  0.16012E-13  0.16012E-13  0.16012E-13  0.16012E-13  0.16012E-13  0.16012E-13  0.16012E-13  0.16012E-13  0.16012E-13  0.16012E-13  0.16012E-13  0.16012E-13  0.16012E-13  0.16012E-13  0.16012E-13
rxn00042
  0.00000E+00  0.98315E-11  0.98315E-11  0.98315E-11  0.98315E-11  0.98315E-11  0.98315E-11  0.98315E-11  0.98315E-11  0.98315E-11  0.98315E-11  0.98315E-11  0.98315E-11  0.98315E-11  0.98315E-11  0.98315E-11  0.98315E-11  0.98315E-11  0.98315E-11  0.98315E-11  0.98315E-11  0.98315E-11  0.98315E-11  0.98315E-11  0.98315E-11  0.98315E-11  0.98315E-11  0.98315E-11  0.98315E-11  0.98315E-11  0.98315E-11
rxn00043
  0.00000E+00  0.25712E-16  0.25712E-16  0.25712E-16  0.25712E-16  0.25712E-16  0.25712E-16  0.25712E-16  0.25712E-16  0.25712E-16  0.25712E-16  0.25712E-16  0.25712E-16  0.25712E-16  0.25712E-16  0.25712E-16  0.25712E-16  0.25712E-16  0.25712E-16  0.25712E-16  0.25712E-16  0.25712E-16  0.25712E-16  0.25712E-16  0.25712E-16  0.25712E-16  0.25712E-16  0.25712E-16  0.25712E-16  0.25712E-16  0.25712E-16
rxn00044
  0.00000E+00  0.41335E-11  0.41335E-11  0.41335E-11  0.41335E-11  0.41335E-11  0.41335E-11  0.41335E-11  0.41335E-11  0.41335E-11  0.41335E-11  0.41335E-11  0.41335E-11  0.41335E-11  0.41335E-11  0.41335E-11  0.41335E-11  0.41335E-11  0.41335E-11  0.41335E-11  0.41335E-11  0.41335E-11  0.41335E-11  0.41335E-11  0.41335E-11  0.41335E-11  0.41335E-11  0.41335E-11  0.41335E-11  0.41335E-11  0.41335E-11
rxn00045
  0.00000E+00  0.11334E-11  0.11334E-11  0.11334E-11  0.11334E-11  0.11334E-11  0.11334E-11  0.11334E-11  0.11334E-11  0.11334E-11  0.11334E-11  0.11334E-11  0.11334E-11  0.11334E-11  0.11334E-11  0.11334E-11  0.11334E-11  0.11334E-11  0.11334E-11  0.11334E-11  0.11334E-11  0.11334E-11  0.11334E-11  0.11334E-11  0.11334E-11  0.11334E-11  0.11334E-11  0.11334E-11  0.11334E-11  0.11334E-11  0.11334E-11
rxn00046
  0.00000E+00  0.18740E-01  0.18740E-01  0.18740E-01  0.18740E-01  0.18740E-01  0.18740E-01  0.18740E-01  0.18740E-01  0.18740E-01  0.18740E-01  0.18740E-01  0.18740E-01  0.18740E-01  0.18740E-01  0.18740E-01  0.18740E-01  0.18740E-01  0.18740E-01  0.18740E-01  0.18740E-01  0.18740E-01  0.18740E-01  0.18740E-01  0.18740E-01  0.18740E-01  0.18740E-01  0.18740E-01  0.18740E-01  0.18740E-01  0.18740E-01
rxn00047
  0.00000E+00  0.77242E-03  0.77242E-03  0.77242E-03  0.77242E-03  0.77242E-03  0.77242E-03  0.77242E-03  0.77242E-03  0.77242E-03  0.77242E-03  0.77242E-03  0.77242E-03  0.77242E-03  0.77242E-03  0.77242E-03  0.77242E-03  0.77242E-03  0.77242E-03  0.77242E-03  0.77242E-03  0.77242E-03  0.77242E-03  0.77242E-03  0.77242E-03  0.77242E-03  0.77242E-03  0.77242E-03  0.77242E-03  0.77242E-03  0.77242E-03
rxn00048
  0.00000E+00  0.10020E-10  0.10020E-10  0.10020E-10  0.10020E-10  0.10020E-10  0.10020E-10  0.10020E-10  0.10020E-10  0.10020E-10  0.10020E-10  0.10020E-10  0.10020E-10  0.10020E-10  0.10020E-10  0.10020E-10  0.10020E-10  0.10020E-10  0.10020E-10  0.10020E-10  0.10020E-10  0.10020E-10  0.10020E-10  0.10020E-10  0.10020E-10  0.10020E-10  0.10020E-10  0.10020E-10  0.10020E-10  0.10020E-10  0.10020E-10
rxn00049
  0.00000E+00  0.16861E-12  0.16861E-12  0.16861E-12  0.16861E-12  0.16861E-12  0.16861E-12  0.16861E-12  0.16861E-12  0.16861E-12  0.16861E-12  0.16861E-12  0.16861E-12  0.16861E-12  0.16861E-12  0.16861E-12  0.16861E-12  0.16861E-12  0.16861E-12  0.16861E-12  0.16861E-12  0.16861E-12  0.16861E-12  0.16861E-12  0.16861E-12  0.16861E-12  0.16861E-12  0.16861E-12  0.16861E-12  0.16861E-12  0.16861E-12
rxn00050
  0.00000E+00  0.26957E-10  0.26957E-10  0.26957E-10  0.26957E-10  0.26957E-10  0.26957E-10  0.26957E-10  0.26957E-10  0.26957E-10  0.26957E-10  0.26957E-10  0.26957E-10  0.26957E-10  0.26957E-10  0.26957E-10  0.26957E-10  0.26957E-10  0.26957E-10  0.26957E-10  0.26957E-10  0.26957E-10  0.26957E-10  0.26957E-10  0.26957E-10  0.26957E-10  0.26957E-10  0.26957E-10  0.26957E-10  0.26957E-10  0.26957E-10
rxn00051
  0.00000E+00  0.13139E-11  0.13139E-11  0.13139E-11  0.13139E-11  0.13139E-11  0.13139E-11  0.13139E-11  0.13139E-11  0.13139E-11  0.13139E-11  0.13139E-11  0.13139E-11  0.13139E-11  0.13139E-11  0.13139E-11  0.13139E-11  0.13139E-11  0.13139E-11  0.13139E-11  0.13139E-11  0.13139E-11  0.13139E-11  0.13139E-11  0.13139E-11  0.13139E-11  0.13139E-11  0.13139E-11  0.13139E-11  0.13139E-11  0.13139E-11
rxn00052
  0.00000E+00  0.30645E-01  0.30645E-01  0.30645E-01  0.30645E-01  0.30645E-01  0.30645E-01  0.30645E-01  0.30645E-01  0.30645E-01  0.30645E-01  0.30645E-01  0.30645E-01  0.30645E-01  0.30645E-01  0.30645E-01  0.30645E-01  0.30645E-01  0.30645E-01  0.30645E-01  0.30645E-01  0.30645E-01  0.30645E-01  0.30645E-01  0.30645E-01  0.30645E-01  0.30645E-01  0.30645E-01  0.30645E-01  0.30645E-01  0.30645E-01
rxn00053
  0.00000E+00  0.48197E-11  0.48197E-11  0.48197E-11  0.48197E-11  0.48197E-11  0.48197E-11  0.48197E-11  0.48197E-11  0.48197E-11  0.48197E-11  0.48197E-11  0.48197E-11  0.48197E-11  0.48197E-11  0.48197E-11  0.48197E-11  0.48197E-11  0.48197E-11  0.48197E-11  0.48197E-11  0.48197E-11  0.48197E-11  0.48197E-11  0.48197E-11  0.48197E-11  0.48197E-11  0.48197E-11  0.48197E-11  0.48197E-11  0.48197E-11
rxn00054
  0.00000E+00  0.53825E-14  0.53825E-14  0.53825E-14  0.53825E-14  0.53825E-14  0.53825E-14  0.53825E-14  0.53825E-14  0.53825E-14  0.53825E-14  0.53825E-14  0.53825E-14  0.53825E-14  0.53825E-14  0.53825E-14  0.53825E-14  0.53825E-14  0.53825E-14  0.53825E-14  0.53825E-14  0.53825E-14  0.53825E-14  0.53825E-14  0.53825E-14  0.53825E-14  0.53825E-14  0.53825E-14  0.53825E-14  0.53825E-14  0.53825E-14
rxn00055
  0.00000E+00  0.14000E-09  0.14000E-09  0.14000E-09  0.14000E-09  0.14000E-09  0.14000E-09  0.14000E-09  0.14000E-09  0.14000E-09  0.14000E-09  0.14000E-09  0.14000E-09  0.14000E-09  0.14000E-09  0.14000E-09  0.14000E-09  0.14000E-09  0.14000E-09  0.14000E-09  0.14000E-09  0.14000E-09  0.14000E-09  0.14000E-09  0.14000E-09  0.14000E-09  0.14000E-09  0.14000E-09  0.14000E-09  0.14000E-09  0.14000E-09
rxn00056
  0.00000E+00  0.14000E-10  0.14000E-10  0.14000E-10  0.14000E-10  0.14000E-10  0.14000E-10  0.14000E-10  0.14000E-10  0.14000E-10  0.14000E-10  0.14000E-10  0.14000E-10  0.14000E-10  0.14000E-10  0.14000E-10  0.14000E-10  0.14000E-10  0.14000E-10  0.14000E-10  0.14000E-10  0.14000E-10  0.14000E-10  0.14000E-10  0.14000E-10  0.14000E-10  0.14000E-10  0.14000E-10  0.14000E-10  0.14000E-10  0.14000E-10
rxn00057
  0.00000E+00  0.78784E-11  0.78784E-11  0.78784E-11  0.78784E-11  0.78784E-11  0.78784E-11  0.78784E-11  0.78784E-11  0.78784E-11  0.78784E-11  0.78784E-11  0.78784E-11  0.78784E-11  0.78784E-11  0.78784E-11  0.78784E-11  0.78784E-11  0.78784E-11  0.78784E-11  0.78784E-11  0.78784E-11  0.78784E-11  0.78784E-11  0.78784E-11  0.78784E-11  0.78784E-11  0.78784E-11  0.78784E-11  0.78784E-11  0.78784E-11
rxn00058
  0.00000E+00  0.48137E-12  0.48137E-12  0.48137E-12  0.48137E-12  0.48137E-12  0.48137E-12  0.48137E-12  0.48137E-12  0.48137E-12  0.48137E-12  0.48137E-12  0.48137E-12  0.48137E-12  0.48137E-12  0.48137E-12  0.48137E-12  0.48137E-12  0.48137E-12  0.48137E-12  0.48137E-12  0.48137E-12  0.48137E-12  0.48137E-12  0.48137E-12  0.48137E-12  0.48137E-12  0.48137E-12  0.48137E-12  0.48137E-12  0.48137E-12
rxn00059
  0.00000E+00  0.59957E-11  0.59957E-11  0.59957E-11  0.59957E-11  0.59957E-11  0.59957E-11  0.59957E-11  0.59957E-11  0.59957E-11  0.59957E-11  0.59957E-11  0.59957E-11  0.59957E-11  0.59957E-11  0.59957E-11  0.59957E-11  0.59957E-11  0.59957E-11  0.59957E-11  0.59957E-11  0.59957E-11  0.59957E-11  0.59957E-11  0.59957E-11  0.59957E-11  0.59957E-11  0.59957E-11  0.59957E-11  0.59957E-11  0.59957E-11
rxn00060
  0.00000E+00  0.75735E-11  0.75735E-11  0.75735E-11  0.75735E-11  0.75735E-11  0.75735E-11  0.75735E-11  0.75735E-11  0.75735E-11  0.75735E-11  0.75735E-11  0.75735E-11  0.75735E-11  0.75735E-11  0.75735E-11  0.75735E-11  0.75735E-11  0.75735E-11  0.75735E-11  0.75735E-11  0.75735E-11  0.75735E-11  0.75735E-11  0.75735E-11  0.75735E-11  0.75735E-11  0.75735E-11  0.75735E-11  0.75735E-11  0.75735E-11
rxn00061
  0.00000E+00  0.11000E-10  0.11000E-10  0.11000E-10  0.11000E-10  0.11000E-10  0.11000E-10  0.11000E-10  0.11000E-10  0.11000E-10  0.11000E-10  0.11000E-10  0.11000E-10  0.11000E-10  0.11000E-10  0.11000E-10  0.11000E-10  0.11000E-10  0.11000E-10  0.11000E-10  0.11000E-10  0.11000E-10  0.11000E-10  0.11000E-10  0.11000E-10  0.11000E-10  0.11000E-10  0.11000E-10  0.11000E-10  0.11000E-10  0.11000E-10
rxn00062
  0.00000E+00  0.49677E-15  0.49677E-15  0.49677E-15  0.49677E-15  0.49677E-15  0.49677E-15  0.49677E-15  0.49677E-15  0.49677E-15  0.49677E-15  0.49677E-15  0.49677E-15  0.49677E-15  0.49677E-15  0.49677E-15  0.49677E-15  0.49677E-15  0.49677E-15  0.49677E-15  0.49677E-15  0.49677E-15  0.49677E-15  0.49677E-15  0.49677E-15  0.49677E-15  0.49677E-15  0.49677E-15  0.49677E-15  0.49677E-15  0.49677E-15
rxn00063
  0.00000E+00  0.23078E-12  0.23078E-12  0.23078E-12  0.23078E-12  0.23078E-12  0.23078E-12  0.23078E-12  0.23078E-12  0.23078E-12  0.23078E-12  0.23078E-12  0.23078E-12  0.23078E-12  0.23078E-12  0.23078E-12  0.23078E-12  0.23078E-12  0.23078E-12  0.23078E-12  0.23078E-12  0.23078E-12  0.23078E-12  0.23078E-12  0.23078E-12  0.23078E-12  0.23078E-12  0.23078E-12  0.23078E-12  0.23078E-12  0.23078E-12
rxn00064
  0.00000E+00  0.21733E-12  0.21733E-12  0.21733E-12  0.21733E-12  0.21733E-12  0.21733E-12  0.21733E-12  0.21733E-12  0.21733E-12  0.21733E-12  0.21733E-12  0.21733E-12  0.21733E-12  0.21733E-12  0.21733E-12  0.21733E-12  0.21733E-12  0.21733E-12  0.21733E-12  0.21733E-12  0.21733E-12  0.21733E-12  0.21733E-12  0.21733E-12  0.21733E-12  0.21733E-12  0.21733E-12  0.21733E-12  0.21733E-12  0.21733E-12
rxn00065
  0.00000E+00  0.91535E-11  0.91535E-11  0.91535E-11  0.91535E-11  0.91535E-11  0.91535E-11  0.91535E-11  0.91535E-11  0.91535E-11  0.91535E-11  0.91535E-11  0.91535E-11  0.91535E-11  0.91535E-11  0.91535E-11  0.91535E-11  0.91535E-11  0.91535E-11  0.91535E-11  0.91535E-11  0.91535E-11  0.91535E-11  0.91535E-11  0.91535E-11  0.91535E-11  0.91535E-11  0.91535E-11  0.91535E-11  0.91535E-11  0.91535E-11
rxn00066
  0.00000E+00  0.83822E-11  0.83822E-11  0.83822E-11  0.83822E-11  0.83822E-11  0.83822E-11  0.83822E-11  0.83822E-11  0.83822E-11  0.83822E-11  0.83822E-11  0.83822E-11  0.83822E-11  0.83822E-11  0.83822E-11  0.83822E-11  0.83822E-11  0.83822E-11  0.83822E-11  0.83822E-11  0.83822E-11  0.83822E-11  0.83822E-11  0.83822E-11  0.83822E-11  0.83822E-11  0.83822E-11  0.83822E-11  0.83822E-11  0.83822E-11
rxn00067
  0.00000E+00  0.32668E-12  0.32668E-12  0.32668E-12  0.32668E-12  0.32668E-12  0.32668E-12  0.32668E-12  0.32668E-12  0.32668E-12  0.32668E-12  0.32668E-12  0.32668E-12  0.32668E-12  0.32668E-12  0.32668E-12  0.32668E-12  0.32668E-12  0.32668E-12  0.32668E-12  0.32668E-12  0.32668E-12  0.32668E-12  0.32668E-12  0.32668E-12  0.32668E-12  0.32668E-12  0.32668E-12  0.32668E-12  0.32668E-12  0.32668E-12
rxn00068
  0.00000E+00  0.65000E-13  0.65000E-13  0.65000E-13  0.65000E-13  0.65000E-13  0.65000E-13  0.65000E-13  0.65000E-13  0.65000E-13  0.65000E-13  0.65000E-13  0.65000E-13  0.65000E-13  0.65000E-13  0.65000E-13  0.65000E-13  0.65000E-13  0.65000E-13  0.65000E-13  0.65000E-13  0.65000E-13  0.65000E-13  0.65000E-13  0.65000E-13  0.65000E-13  0.65000E-13  0.65000E-13  0.65000E-13  0.65000E-13  0.65000E-13
rxn00069
  0.00000E+00  0.75735E-11  0.75735E-11  0.75735E-11  0.75735E-11  0.75735E-11  0.75735E-11  0.75735E-11  0.75735E-11  0.75735E-11  0.75735E-11  0.75735E-11  0.75735E-11  0.75735E-11  0.75735E-11  0.75735E-11  0.75735E-11  0.75735E-11  0.75735E-11  0.75735E-11  0.75735E-11  0.75735E-11  0.75735E-11  0.75735E-11  0.75735E-11  0.75735E-11  0.75735E-11  0.75735E-11  0.75735E-11  0.75735E-11  0.75735E-11
rxn00070
  0.00000E+00  0.10271E-11  0.10271E-11  0.10271E-11  0.10271E-11  0.10271E-11  0.10271E-11  0.10271E-11  0.10271E-11  0.10271E-11  0.10271E-11  0.10271E-11  0.10271E-11  0.10271E-11  0.10271E-11  0.10271E-11  0.10271E-11  0.10271E-11  0.10271E-11  0.10271E-11  0.10271E-11  0.10271E-11  0.10271E-11  0.10271E-11  0.10271E-11  0.10271E-11  0.10271E-11  0.10271E-11  0.10271E-11  0.10271E-11  0.10271E-11
rxn00071
  0.00000E+00  0.78129E-11  0.78129E-11  0.78129E-11  0.78129E-11  0.78129E-11  0.78129E-11  0.78129E-11  0.78129E-11  0.78129E-11  0.78129E-11  0.78129E-11  0.78129E-11  0.78129E-11  0.78129E-11  0.78129E-11  0.78129E-11  0.78129E-11  0.78129E-11  0.78129E-11  0.78129E-11  0.78129E-11  0.78129E-11  0.78129E-11  0.78129E-11  0.78129E-11  0.78129E-11  0.78129E-11  0.78129E-11  0.78129E-11  0.78129E-11
rxn00072
  0.00000E+00  0.83822E-11  0.83822E-11  0.83822E-11  0.83822E-11  0.83822E-11  0.83822E-11  0.83822E-11  0.83822E-11  0.83822E-11  0.83822E-11  0.83822E-11  0.83822E-11  0.83822E-11  0.83822E-11  0.83822E-11  0.83822E-11  0.83822E-11  0.83822E-11  0.83822E-11  0.83822E-11  0.83822E-11  0.83822E-11  0.83822E-11  0.83822E-11  0.83822E-11  0.83822E-11  0.83822E-11  0.83822E-11  0.83822E-11  0.83822E-11
rxn00073
  0.00000E+00  0.32668E-12  0.32668E-12  0.32668E-12  0.32668E-12  0.32668E-12  0.32668E-12  0.32668E-12  0.32668E-12  0.32668E-12  0.32668E-12  0.32668E-12  0.32668E-12  0.32668E-12  0.32668E-12  0.32668E-12  0.32668E-12  0.32668E-12  0.32668E-12  0.32668E-12  0.32668E-12  0.32668E-12  0.32668E-12  0.32668E-12  0.32668E-12  0.32668E-12  0.32668E-12  0.32668E-12  0.32668E-12  0.32668E-12  0.32668E-12
rxn00074
  0.00000E+00  0.75735E-11  0.75735E-11  0.75735E-11  0.75735E-11  0.75735E-11  0.75735E-11  0.75735E-11  0.75735E-11  0.75735E-11  0.75735E-11  0.75735E-11  0.75735E-11  0.75735E-11  0.75735E-11  0.75735E-11  0.75735E-11  0.75735E-11  0.75735E-11  0.75735E-11  0.75735E-11  0.75735E-11  0.75735E-11  0.75735E-11  0.75735E-11  0.75735E-11  0.75735E-11  0.75735E-11  0.75735E-11  0.75735E-11  0.75735E-11
rxn00075
  0.00000E+00  0.20730E-12  0.20730E-12  0.20730E-12  0.20730E-12  0.20730E-12  0.20730E-12  0.20730E-12  0.20730E-12  0.20730E-12  0.20730E-12  0.20730E-12  0.20730E-12  0.20730E-12  0.20730E-12  0.20730E-12  0.20730E-12  0.20730E-12  0.20730E-12  0.20730E-12  0.20730E-12  0.20730E-12  0.20730E-12  0.20730E-12  0.20730E-12  0.20730E-12  0.20730E-12  0.20730E-12  0.20730E-12  0.20730E-12  0.20730E-12
rxn00076
  0.00000E+00  0.78129E-11  0.78129E-11  0.78129E-11  0.78129E-11  0.78129E-11  0.78129E-11  0.78129E-11  0.78129E-11  0.78129E-11  0.78129E-11  0.78129E-11  0.78129E-11  0.78129E-11  0.78129E-11  0.78129E-11  0.78129E-11  0.78129E-11  0.78129E-11  0.78129E-11  0.78129E-11  0.78129E-11  0.78129E-11  0.78129E-11  0.78129E-11  0.78129E-11  0.78129E-11  0.78129E-11  0.78129E-11  0.78129E-11  0.78129E-11
rxn00077
  0.00000E+00  0.83822E-11  0.83822E-11  0.83822E-11  0.83822E-11  0.83822E-11  0.83822E-11  0.83822E-11  0.83822E-11  0.83822E-11  0.83822E-11  0.83822E-11  0.83822E-11  0.83822E-11  0.83822E-11  0.83822E-11  0.83822E-11  0.83822E-11  0.83822E-11  0.83822E-11  0.83822E-11  0.83822E-11  0.83822E-11  0.83822E-11  0.83822E-11  0.83822E-11  0.83822E-11  0.83822E-11  0.83822E-11  0.83822E-11  0.83822E-11
rxn00078
  0.00000E+00  0.75735E-11  0.75735E-11  0.75735E-11  0.75735E-11  0.75735E-11  0.75735E-11  0.75735E-11  0.75735E-11  0.75735E-11  0.75735E-11  0.75735E-11  0.75735E-11  0.75735E-11  0.75735E-11  0.75735E-11  0.75735E-11  0.75735E-11  0.75735E-11  0.75735E-11  0.75735E-11  0.75735E-11  0.75735E-11  0.75735E-11  0.75735E-11  0.75735E-11  0.75735E-11  0.75735E-11  0.75735E-11  0.75735E-11  0.75735E-11
rxn00079
  0.00000E+00  0.25727E+23  0.25727E+23  0.25727E+23  0.25727E+23  0.25727E+23  0.25727E+23  0.25727E+23  0.25727E+23  0.25727E+23  0.25727E+23  0.25727E+23  0.25727E+23  0.25727E+23  0.25727E+23  0.25727E+23  0.25727E+23  0.25727E+23  0.25727E+23  0.25727E+23  0.25727E+23  0.25727E+23  0.25727E+23  0.25727E+23  0.25727E+23  0.25727E+23  0.25727E+23  0.25727E+23  0.25727E+23  0.25727E+23  0.25727E+23
rxn00080
  0.00000E+00  0.27648E+04  0.27648E+04  0.27648E+04  0.27648E+04  0.27648E+04  0.27648E+04  0.27648E+04  0.27648E+04  0.27648E+04  0.27648E+04  0.27648E+04  0.27648E+04  0.27648E+04  0.27648E+04  0.27648E+04  0.27648E+04  0.27648E+04  0.27648E+04  0.27648E+04  0.27648E+04  0.27648E+04  0.27648E+04  0.27648E+04  0.27648E+04  0.27648E+04  0.27648E+04  0.27648E+04  0.27648E+04  0.27648E+04  0.27648E+04
rxn00081
  0.00000E+00  0.24079E-11  0.24079E-11  0.24079E-11  0.24079E-11  0.24079E-11  0.24079E-11  0.24079E-11  0.24079E-11  0.24079E-11  0.24079E-11  0.24079E-11  0.24079E-11  0.24079E-11  0.24079E-11  0.24079E-11  0.24079E-11  0.24079E-11  0.24079E-11  0.24079E-11  0.24079E-11  0.24079E-11  0.24079E-11  0.24079E-11  0.24079E-11  0.24079E-11  0.24079E-11  0.24079E-11  0.24079E-11  0.24079E-11  0.24079E-11
rxn00082
  0.00000E+00  0.29008E-10  0.29008E-10  0.29008E-10  0.29008E-10  0.29008E-10  0.29008E-10  0.29008E-10  0.29008E-10  0.29008E-10  0.29008E-10  0.29008E-10  0.29008E-10  0.29008E-10  0.29008E-10  0.29008E-10  0.29008E-10  0.29008E-10  0.29008E-10  0.29008E-10  0.29008E-10  0.29008E-10  0.29008E-10  0.29008E-10  0.29008E-10  0.29008E-10  0.29008E-10  0.29008E-10  0.29008E-10  0.29008E-10  0.29008E-10
rxn00083
  0.00000E+00  0.92797E-17  0.92797E-17  0.92797E-17  0.92797E-17  0.92797E-17  0.92797E-17  0.92797E-17  0.92797E-17  0.92797E-17  0.92797E-17  0.92797E-17  0.92797E-17  0.92797E-17  0.92797E-17  0.92797E-17  0.92797E-17  0.92797E-17  0.92797E-17  0.92797E-17  0.92797E-17  0.92797E-17  0.92797E-17  0.92797E-17  0.92797E-17  0.92797E-17  0.92797E-17  0.92797E-17  0.92797E-17  0.92797E-17  0.92797E-17
rxn00084
  0.00000E+00  0.40000E-14  0.40000E-14  0.40000E-14  0.40000E-14  0.40000E-14  0.40000E-14  0.40000E-14  0.40000E-14  0.40000E-14  0.40000E-14  0.40000E-14  0.40000E-14  0.40000E-14  0.40000E-14  0.40000E-14  0.40000E-14  0.40000E-14  0.40000E-14  0.40000E-14  0.40000E-14  0.40000E-14  0.40000E-14  0.40000E-14  0.40000E-14  0.40000E-14  0.40000E-14  0.40000E-14  0.40000E-14  0.40000E-14  0.40000E-14
rxn00085
  0.00000E+00  0.78129E-11  0.78129E-11  0.78129E-11  0.78129E-11  0.78129E-11  0.78129E-11  0.78129E-11  0.78129E-11  0.78129E-11  0.78129E-11  0.78129E-11  0.78129E-11  0.78129E-11  0.78129E-11  0.78129E-11  0.78129E-11  0.78129E-11  0.78129E-11  0.78129E-11  0.78129E-11  0.78129E-11  0.78129E-11  0.78129E-11  0.78129E-11  0.78129E-11  0.78129E-11  0.78129E-11  0.78129E-11  0.78129E-11  0.78129E-11
rxn00086
  0.00000E+00  0.61141E-11  0.61141E-11  0.61141E-11  0.61141E-11  0.61141E-11  0.61141E-11  0.61141E-11  0.61141E-11  0.61141E-11  0.61141E-11  0.61141E-11  0.61141E-11  0.61141E-11  0.61141E-11  0.61141E-11  0.61141E-11  0.61141E-11  0.61141E-11  0.61141E-11  0.61141E-11  0.61141E-11  0.61141E-11  0.61141E-11  0.61141E-11  0.61141E-11  0.61141E-11  0.61141E-11  0.61141E-11  0.61141E-11  0.61141E-11
rxn00087
  0.00000E+00  0.75735E-11  0.75735E-11  0.75735E-11  0.75735E-11  0.75735E-11  0.75735E-11  0.75735E-11  0.75735E-11  0.75735E-11  0.75735E-11  0.75735E-11  0.75735E-11  0.75735E-11  0.75735E-11  0.75735E-11  0.75735E-11  0.75735E-11  0.75735E-11  0.75735E-11  0.75735E-11  0.75735E-11  0.75735E-11  0.75735E-11  0.75735E-11  0.75735E-11  0.75735E-11  0.75735E-11  0.75735E-11  0.75735E-11  0.75735E-11
rxn00088
  0.00000E+00  0.14208E-10  0.14208E-10  0.14208E-10  0.14208E-10  0.14208E-10  0.14208E-10  0.14208E-10  0.14208E-10  0.14208E-10  0.14208E-10  0.14208E-10  0.14208E-10  0.14208E-10  0.14208E-10  0.14208E-10  0.14208E-10  0.14208E-10  0.14208E-10  0.14208E-10  0.14208E-10  0.14208E-10  0.14208E-10  0.14208E-10  0.14208E-10  0.14208E-10  0.14208E-10  0.14208E-10  0.14208E-10  0.14208E-10  0.14208E-10
rxn00089
  0.00000E+00  0.19987E-14  0.19987E-14  0.19987E-14  0.19987E-14  0.19987E-14  0.19987E-14  0.19987E-14  0.19987E-14  0.19987E-14  0.19987E-14  0.19987E-14  0.19987E-14  0.19987E-14  0.19987E-14  0.19987E-14  0.19987E-14  0.19987E-14  0.19987E-14  0.19987E-14  0.19987E-14  0.19987E-14  0.19987E-14  0.19987E-14  0.19987E-14  0.19987E-14  0.19987E-14  0.19987E-14  0.19987E-14  0.19987E-14  0.19987E-14
rxn00090
  0.00000E+00  0.18340E-10  0.18340E-10  0.18340E-10  0.18340E-10  0.18340E-10  0.18340E-10  0.18340E-10  0.18340E-10  0.18340E-10  0.18340E-10  0.18340E-10  0.18340E-10  0.18340E-10  0.18340E-10  0.18340E-10  0.18340E-10  0.18340E-10  0.18340E-10  0.18340E-10  0.18340E-10  0.18340E-10  0.18340E-10  0.18340E-10  0.18340E-10  0.18340E-10  0.18340E-10  0.18340E-10  0.18340E-10  0.18340E-10  0.18340E-10
rxn00091
  0.00000E+00  0.81427E-11  0.81427E-11  0.81427E-11  0.81427E-11  0.81427E-11  0.81427E-11  0.81427E-11  0.81427E-11  0.81427E-11  0.81427E-11  0.81427E-11  0.81427E-11  0.81427E-11  0.81427E-11  0.81427E-11  0.81427E-11  0.81427E-11  0.81427E-11  0.81427E-11  0.81427E-11  0.81427E-11  0.81427E-11  0.81427E-11  0.81427E-11  0.81427E-11  0.81427E-11  0.81427E-11  0.81427E-11  0.81427E-11  0.81427E-11
rxn00092
  0.00000E+00  0.97757E-04  0.97757E-04  0.97757E-04  0.97757E-04  0.97757E-04  0.97757E-04  0.97757E-04  0.97757E-04  0.97757E-04  0.97757E-04  0.97757E-04  0.97757E-04  0.97757E-04  0.97757E-04  0.97757E-04  0.97757E-04  0.97757E-04  0.97757E-04  0.97757E-04  0.97757E-04  0.97757E-04  0.97757E-04  0.97757E-04  0.97757E-04  0.97757E-04  0.97757E-04  0.97757E-04  0.97757E-04  0.97757E-04  0.97757E-04
rxn00093
  0.00000E+00  0.15522E-10  0.15522E-10  0.15522E-10  0.15522E-10  0.15522E-10  0.15522E-10  0.15522E-10  0.15522E-10  0.15522E-10  0.15522E-10  0.15522E-10  0.15522E-10  0.15522E-10  0.15522E-10  0.15522E-10  0.15522E-10  0.15522E-10  0.15522E-10  0.15522E-10  0.15522E-10  0.15522E-10  0.15522E-10  0.15522E-10  0.15522E-10  0.15522E-10  0.15522E-10  0.15522E-10  0.15522E-10  0.15522E-10  0.15522E-10
rxn00094
  0.00000E+00  0.36279E-11  0.36279E-11  0.36279E-11  0.36279E-11  0.36279E-11  0.36279E-11  0.36279E-11  0.36279E-11  0.36279E-11  0.36279E-11  0.36279E-11  0.36279E-11  0.36279E-11  0.36279E-11  0.36279E-11  0.36279E-11  0.36279E-11  0.36279E-11  0.36279E-11  0.36279E-11  0.36279E-11  0.36279E-11  0.36279E-11  0.36279E-11  0.36279E-11  0.36279E-11  0.36279E-11  0.36279E-11  0.36279E-11  0.36279E-11
rxn00095
  0.00000E+00  0.57237E-11  0.57237E-11  0.57237E-11  0.57237E-11  0.57237E-11  0.57237E-11  0.57237E-11  0.57237E-11  0.57237E-11  0.57237E-11  0.57237E-11  0.57237E-11  0.57237E-11  0.57237E-11  0.57237E-11  0.57237E-11  0.57237E-11  0.57237E-11  0.57237E-11  0.57237E-11  0.57237E-11  0.57237E-11  0.57237E-11  0.57237E-11  0.57237E-11  0.57237E-11  0.57237E-11  0.57237E-11  0.57237E-11  0.57237E-11
rxn00096
  0.00000E+00  0.16262E-10  0.16262E-10  0.16262E-10  0.16262E-10  0.16262E-10  0.16262E-10  0.16262E-10  0.16262E-10  0.16262E-10  0.16262E-10  0.16262E-10  0.16262E-10  0.16262E-10  0.16262E-10  0.16262E-10  0.16262E-10  0.16262E-10  0.16262E-10  0.16262E-10  0.16262E-10  0.16262E-10  0.16262E-10  0.16262E-10  0.16262E-10  0.16262E-10  0.16262E-10  0.16262E-10  0.16262E-10  0.16262E-10  0.16262E-10
rxn00097
  0.00000E+00  0.10000E-10  0.10000E-10  0.10000E-10  0.10000E-10  0.10000E-10  0.10000E-10  0.10000E-10  0.10000E-10  0.10000E-10  0.10000E-10  0.10000E-10  0.10000E-10  0.10000E-10  0.10000E-10  0.10000E-10  0.10000E-10  0.10000E-10  0.10000E-10  0.10000E-10  0.10000E-10  0.10000E-10  0.10000E-10  0.10000E-10  0.10000E-10  0.10000E-10  0.10000E-10  0.10000E-10  0.10000E-10  0.10000E-10  0.10000E-10
rxn00098
  0.00000E+00  0.81505E-11  0.81505E-11  0.81505E-11  0.81505E-11  0.81505E-11  0.81505E-11  0.81505E-11  0.81505E-11  0.81505E-11  0.81505E-11  0.81505E-11  0.81505E-11  0.81505E-11  0.81505E-11  0.81505E-11  0.81505E-11  0.81505E-11  0.81505E-11  0.81505E-11  0.81505E-11  0.81505E-11  0.81505E-11  0.81505E-11  0.81505E-11  0.81505E-11  0.81505E-11  0.81505E-11  0.81505E-11  0.81505E-11  0.81505E-11
rxn00099
  0.00000E+00  0.13822E-17  0.13822E-17  0.13822E-17  0.13822E-17  0.13822E-17  0.13822E-17  0.13822E-17  0.13822E-17  0.13822E-17  0.13822E-17  0.13822E-17  0.13822E-17  0.13822E-17  0.13822E-17  0.13822E-17  0.13822E-17  0.13822E-17  0.13822E-17  0.13822E-17  0.13822E-17  0.13822E-17  0.13822E-17  0.13822E-17  0.13822E-17  0.13822E-17  0.13822E-17  0.13822E-17  0.13822E-17  0.13822E-17  0.13822E-17
rxn00100
  0.00000E+00  0.11799E-09  0.11799E-09  0.11799E-09  0.11799E-09  0.11799E-09  0.11799E-09  0.11799E-09  0.11799E-09  0.11799E-09  0.11799E-09  0.11799E-09  0.11799E-09  0.11799E-09  0.11799E-09  0.11799E-09  0.11799E-09  0.11799E-09  0.11799E-09  0.11799E-09  0.11799E-09  0.11799E-09  0.11799E-09  0.11799E-09  0.11799E-09  0.11799E-09  0.11799E-09  0.11799E-09  0.11799E-09  0.11799E-09  0.11799E-09
rxn00101
  0.00000E+00  0.11603E-16  0.11603E-16  0.11603E-16  0.11603E-16  0.11603E-16  0.11603E-16  0.11603E-16  0.11603E-16  0.11603E-16  0.11603E-16  0.11603E-16  0.11603E-16  0.11603E-16  0.11603E-16  0.11603E-16  0.11603E-16  0.11603E-16  0.11603E-16  0.11603E-16  0.11603E-16  0.11603E-16  0.11603E-16  0.11603E-16  0.11603E-16  0.11603E-16  0.11603E-16  0.11603E-16  0.11603E-16  0.11603E-16  0.11603E-16
rxn00102
  0.00000E+00  0.65092E-12  0.65092E-12  0.65092E-12  0.65092E-12  0.65092E-12  0.65092E-12  0.65092E-12  0.65092E-12  0.65092E-12  0.65092E-12  0.65092E-12  0.65092E-12  0.65092E-12  0.65092E-12  0.65092E-12  0.65092E-12  0.65092E-12  0.65092E-12  0.65092E-12  0.65092E-12  0.65092E-12  0.65092E-12  0.65092E-12  0.65092E-12  0.65092E-12  0.65092E-12  0.65092E-12  0.65092E-12  0.65092E-12  0.65092E-12
rxn00103
  0.00000E+00  0.68828E-11  0.68828E-11  0.68828E-11  0.68828E-11  0.68828E-11  0.68828E-11  0.68828E-11  0.68828E-11  0.68828E-11  0.68828E-11  0.68828E-11  0.68828E-11  0.68828E-11  0.68828E-11  0.68828E-11  0.68828E-11  0.68828E-11  0.68828E-11  0.68828E-11  0.68828E-11  0.68828E-11  0.68828E-11  0.68828E-11  0.68828E-11  0.68828E-11  0.68828E-11  0.68828E-11  0.68828E-11  0.68828E-11  0.68828E-11
rxn00104
  0.00000E+00  0.93011E-12  0.93011E-12  0.93011E-12  0.93011E-12  0.93011E-12  0.93011E-12  0.93011E-12  0.93011E-12  0.93011E-12  0.93011E-12  0.93011E-12  0.93011E-12  0.93011E-12  0.93011E-12  0.93011E-12  0.93011E-12  0.93011E-12  0.93011E-12  0.93011E-12  0.93011E-12  0.93011E-12  0.93011E-12  0.93011E-12  0.93011E-12  0.93011E-12  0.93011E-12  0.93011E-12  0.93011E-12  0.93011E-12  0.93011E-12
rxn00105
  0.00000E+00  0.99595E-11  0.99595E-11  0.99595E-11  0.99595E-11  0.99595E-11  0.99595E-11  0.99595E-11  0.99595E-11  0.99595E-11  0.99595E-11  0.99595E-11  0.99595E-11  0.99595E-11  0.99595E-11  0.99595E-11  0.99595E-11  0.99595E-11  0.99595E-11  0.99595E-11  0.99595E-11  0.99595E-11  0.99595E-11  0.99595E-11  0.99595E-11  0.99595E-11  0.99595E-11  0.99595E-11  0.99595E-11  0.99595E-11  0.99595E-11
rxn00106
  0.00000E+00  0.13000E-13  0.13000E-13  0.13000E-13  0.13000E-13  0.13000E-13  0.13000E-13  0.13000E-13  0.13000E-13  0.13000E-13  0.13000E-13  0.13000E-13  0.13000E-13  0.13000E-13  0.13000E-13  0.13000E-13  0.13000E-13  0.13000E-13  0.13000E-13  0.13000E-13  0.13000E-13  0.13000E-13  0.13000E-13  0.13000E-13  0.13000E-13  0.13000E-13  0.13000E-13  0.13000E-13  0.13000E-13  0.13000E-13  0.13000E-13
rxn00107
  0.00000E+00  0.49000E-13  0.49000E-13  0.49000E-13  0.49000E-13  0.49000E-13  0.49000E-13  0.49000E-13  0.49000E-13  0.49000E-13  0.49000E-13  0.49000E-13  0.49000E-13  0.49000E-13  0.49000E-13  0.49000E-13  0.49000E-13  0.49000E-13  0.49000E-13  0.49000E-13  0.49000E-13  0.49000E-13  0.49000E-13  0.49000E-13  0.49000E-13  0.49000E-13  0.49000E-13  0.49000E-13  0.49000E-13  0.49000E-13  0.49000E-13
rxn00108
  0.00000E+00  0.19627E-10  0.19627E-10  0.19627E-10  0.19627E-10  0.19627E-10  0.19627E-10  0.19627E-10  0.19627E-10  0.19627E-10  0.19627E-10  0.19627E-10  0.19627E-10  0.19627E-10  0.19627E-10  0.19627E-10  0.19627E-10  0.19627E-10  0.19627E-10  0.19627E-10  0.19627E-10  0.19627E-10  0.19627E-10  0.19627E-10  0.19627E-10  0.19627E-10  0.19627E-10  0.19627E-10  0.19627E-10  0.19627E-10  0.19627E-10
rxn00109
  0.00000E+00  0.40451E-17  0.40451E-17  0.40451E-17  0.40451E-17  0.40451E-17  0.40451E-17  0.40451E-17  0.40451E-17  0.40451E-17  0.40451E-17  0.40451E-17  0.40451E-17  0.40451E-17  0.40451E-17  0.40451E-17  0.40451E-17  0.40451E-17  0.40451E-17  0.40451E-17  0.40451E-17  0.40451E-17  0.40451E-17  0.40451E-17  0.40451E-17  0.40451E-17  0.40451E-17  0.40451E-17  0.40451E-17  0.40451E-17  0.40451E-17
rxn00110
  0.00000E+00  0.34008E-10  0.34008E-10  0.34008E-10  0.34008E-10  0.34008E-10  0.34008E-10  0.34008E-10  0.34008E-10  0.34008E-10  0.34008E-10  0.34008E-10  0.34008E-10  0.34008E-10  0.34008E-10  0.34008E-10  0.34008E-10  0.34008E-10  0.34008E-10  0.34008E-10  0.34008E-10  0.34008E-10  0.34008E-10  0.34008E-10  0.34008E-10  0.34008E-10  0.34008E-10  0.34008E-10  0.34008E-10  0.34008E-10  0.34008E-10
rxn00111
  0.00000E+00  0.79348E-18  0.79348E-18  0.79348E-18  0.79348E-18  0.79348E-18  0.79348E-18  0.79348E-18  0.79348E-18  0.79348E-18  0.79348E-18  0.79348E-18  0.79348E-18  0.79348E-18  0.79348E-18  0.79348E-18  0.79348E-18  0.79348E-18  0.79348E-18  0.79348E-18  0.79348E-18  0.79348E-18  0.79348E-18  0.79348E-18  0.79348E-18  0.79348E-18  0.79348E-18  0.79348E-18  0.79348E-18  0.79348E-18  0.79348E-18
rxn00112
  0.00000E+00  0.65107E-11  0.65107E-11  0.65107E-11  0.65107E-11  0.65107E-11  0.65107E-11  0.65107E-11  0.65107E-11  0.65107E-11  0.65107E-11  0.65107E-11  0.65107E-11  0.65107E-11  0.65107E-11  0.65107E-11  0.65107E-11  0.65107E-11  0.65107E-11  0.65107E-11  0.65107E-11  0.65107E-11  0.65107E-11  0.65107E-11  0.65107E-11  0.65107E-11  0.65107E-11  0.65107E-11  0.65107E-11  0.65107E-11  0.65107E-11
rxn00113
  0.00000E+00  0.83709E-12  0.83709E-12  0.83709E-12  0.83709E-12  0.83709E-12  0.83709E-12  0.83709E-12  0.83709E-12  0.83709E-12  0.83709E-12  0.83709E-12  0.83709E-12  0.83709E-12  0.83709E-12  0.83709E-12  0.83709E-12  0.83709E-12  0.83709E-12  0.83709E-12  0.83709E-12  0.83709E-12  0.83709E-12  0.83709E-12  0.83709E-12  0.83709E-12  0.83709E-12  0.83709E-12  0.83709E-12  0.83709E-12  0.83709E-12
rxn00114
  0.00000E+00  0.83822E-11  0.83822E-11  0.83822E-11  0.83822E-11  0.83822E-11  0.83822E-11  0.83822E-11  0.83822E-11  0.83822E-11  0.83822E-11  0.83822E-11  0.83822E-11  0.83822E-11  0.83822E-11  0.83822E-11  0.83822E-11  0.83822E-11  0.83822E-11  0.83822E-11  0.83822E-11  0.83822E-11  0.83822E-11  0.83822E-11  0.83822E-11  0.83822E-11  0.83822E-11  0.83822E-11  0.83822E-11  0.83822E-11  0.83822E-11
rxn00115
  0.00000E+00  0.14208E-10  0.14208E-10  0.14208E-10  0.14208E-10  0.14208E-10  0.14208E-10  0.14208E-10  0.14208E-10  0.14208E-10  0.14208E-10  0.14208E-10  0.14208E-10  0.14208E-10  0.14208E-10  0.14208E-10  0.14208E-10  0.14208E-10  0.14208E-10  0.14208E-10  0.14208E-10  0.14208E-10  0.14208E-10  0.14208E-10  0.14208E-10  0.14208E-10  0.14208E-10  0.14208E-10  0.14208E-10  0.14208E-10  0.14208E-10
rxn00116
  0.00000E+00  0.19987E-14  0.19987E-14  0.19987E-14  0.19987E-14  0.19987E-14  0.19987E-14  0.19987E-14  0.19987E-14  0.19987E-14  0.19987E-14  0.19987E-14  0.19987E-14  0.19987E-14  0.19987E-14  0.19987E-14  0.19987E-14  0.19987E-14  0.19987E-14  0.19987E-14  0.19987E-14  0.19987E-14  0.19987E-14  0.19987E-14  0.19987E-14  0.19987E-14  0.19987E-14  0.19987E-14  0.19987E-14  0.19987E-14  0.19987E-14
rxn00117
  0.00000E+00  0.24000E-10  0.24000E-10  0.24000E-10  0.24000E-10  0.24000E-10  0.24000E-10  0.24000E-10  0.24000E-10  0.24000E-10  0.24000E-10  0.24000E-10  0.24000E-10  0.24000E-10  0.24000E-10  0.24000E-10  0.24000E-10  0.24000E-10  0.24000E-10  0.24000E-10  0.24000E-10  0.24000E-10  0.24000E-10  0.24000E-10  0.24000E-10  0.24000E-10  0.24000E-10  0.24000E-10  0.24000E-10  0.24000E-10  0.24000E-10
rxn00118
  0.00000E+00  0.81427E-11  0.81427E-11  0.81427E-11  0.81427E-11  0.81427E-11  0.81427E-11  0.81427E-11  0.81427E-11  0.81427E-11  0.81427E-11  0.81427E-11  0.81427E-11  0.81427E-11  0.81427E-11  0.81427E-11  0.81427E-11  0.81427E-11  0.81427E-11  0.81427E-11  0.81427E-11  0.81427E-11  0.81427E-11  0.81427E-11  0.81427E-11  0.81427E-11  0.81427E-11  0.81427E-11  0.81427E-11  0.81427E-11  0.81427E-11
rxn00119
  0.00000E+00  0.97757E-04  0.97757E-04  0.97757E-04  0.97757E-04  0.97757E-04  0.97757E-04  0.97757E-04  0.97757E-04  0.97757E-04  0.97757E-04  0.97757E-04  0.97757E-04  0.97757E-04  0.97757E-04  0.97757E-04  0.97757E-04  0.97757E-04  0.97757E-04  0.97757E-04  0.97757E-04  0.97757E-04  0.97757E-04  0.97757E-04  0.97757E-04  0.97757E-04  0.97757E-04  0.97757E-04  0.97757E-04  0.97757E-04  0.97757E-04
rxn00120
  0.00000E+00  0.16244E-10  0.16244E-10  0.16244E-10  0.16244E-10  0.16244E-10  0.16244E-10  0.16244E-10  0.16244E-10  0.16244E-10  0.16244E-10  0.16244E-10  0.16244E-10  0.16244E-10  0.16244E-10  0.16244E-10  0.16244E-10  0.16244E-10  0.16244E-10  0.16244E-10  0.16244E-10  0.16244E-10  0.16244E-10  0.16244E-10  0.16244E-10  0.16244E-10  0.16244E-10  0.16244E-10  0.16244E-10  0.16244E-10  0.16244E-10
rxn00121
  0.00000E+00  0.11919E-10  0.11919E-10  0.11919E-10  0.11919E-10  0.11919E-10  0.11919E-10  0.11919E-10  0.11919E-10  0.11919E-10  0.11919E-10  0.11919E-10  0.11919E-10  0.11919E-10  0.11919E-10  0.11919E-10  0.11919E-10  0.11919E-10  0.11919E-10  0.11919E-10  0.11919E-10  0.11919E-10  0.11919E-10  0.11919E-10  0.11919E-10  0.11919E-10  0.11919E-10  0.11919E-10  0.11919E-10  0.11919E-10  0.11919E-10
rxn00122
  0.00000E+00  0.33314E-10  0.33314E-10  0.33314E-10  0.33314E-10  0.33314E-10  0.33314E-10  0.33314E-10  0.33314E-10  0.33314E-10  0.33314E-10  0.33314E-10  0.33314E-10  0.33314E-10  0.33314E-10  0.33314E-10  0.33314E-10  0.33314E-10  0.33314E-10  0.33314E-10  0.33314E-10  0.33314E-10  0.33314E-10  0.33314E-10  0.33314E-10  0.33314E-10  0.33314E-10  0.33314E-10  0.33314E-10  0.33314E-10  0.33314E-10
rxn00123
  0.00000E+00  0.16657E-10  0.16657E-10  0.16657E-10  0.16657E-10  0.16657E-10  0.16657E-10  0.16657E-10  0.16657E-10  0.16657E-10  0.16657E-10  0.16657E-10  0.16657E-10  0.16657E-10  0.16657E-10  0.16657E-10  0.16657E-10  0.16657E-10  0.16657E-10  0.16657E-10  0.16657E-10  0.16657E-10  0.16657E-10  0.16657E-10  0.16657E-10  0.16657E-10  0.16657E-10  0.16657E-10  0.16657E-10  0.16657E-10  0.16657E-10
rxn00124
  0.00000E+00  0.68000E-12  0.68000E-12  0.68000E-12  0.68000E-12  0.68000E-12  0.68000E-12  0.68000E-12  0.68000E-12  0.68000E-12  0.68000E-12  0.68000E-12  0.68000E-12  0.68000E-12  0.68000E-12  0.68000E-12  0.68000E-12  0.68000E-12  0.68000E-12  0.68000E-12  0.68000E-12  0.68000E-12  0.68000E-12  0.68000E-12  0.68000E-12  0.68000E-12  0.68000E-12  0.68000E-12  0.68000E-12  0.68000E-12  0.68000E-12
rxn00125
  0.00000E+00  0.55475E-10  0.55475E-10  0.55475E-10  0.55475E-10  0.55475E-10  0.55475E-10  0.55475E-10  0.55475E-10  0.55475E-10  0.55475E-10  0.55475E-10  0.55475E-10  0.55475E-10  0.55475E-10  0.55475E-10  0.55475E-10  0.55475E-10  0.55475E-10  0.55475E-10  0.55475E-10  0.55475E-10  0.55475E-10  0.55475E-10  0.55475E-10  0.55475E-10  0.55475E-10  0.55475E-10  0.55475E-10  0.55475E-10  0.55475E-10
rxn00126
  0.00000E+00  0.79875E-16  0.79875E-16  0.79875E-16  0.79875E-16  0.79875E-16  0.79875E-16  0.79875E-16  0.79875E-16  0.79875E-16  0.79875E-16  0.79875E-16  0.79875E-16  0.79875E-16  0.79875E-16  0.79875E-16  0.79875E-16  0.79875E-16  0.79875E-16  0.79875E-16  0.79875E-16  0.79875E-16  0.79875E-16  0.79875E-16  0.79875E-16  0.79875E-16  0.79875E-16  0.79875E-16  0.79875E-16  0.79875E-16  0.79875E-16
rxn00127
  0.00000E+00  0.59535E-11  0.59535E-11  0.59535E-11  0.59535E-11  0.59535E-11  0.59535E-11  0.59535E-11  0.59535E-11  0.59535E-11  0.59535E-11  0.59535E-11  0.59535E-11  0.59535E-11  0.59535E-11  0.59535E-11  0.59535E-11  0.59535E-11  0.59535E-11  0.59535E-11  0.59535E-11  0.59535E-11  0.59535E-11  0.59535E-11  0.59535E-11  0.59535E-11  0.59535E-11  0.59535E-11  0.59535E-11  0.59535E-11  0.59535E-11
