rxn00001
  0.00000E+00  0.23433E+10  0.22964E+10  0.22710E+10  0.22566E+10  0.22484E+10  0.22435E+10  0.22404E+10  0.22381E+10  0.22363E+10  0.22347E+10  0.22332E+10  0.22318E+10  0.22304E+10  0.22289E+10  0.22275E+10  0.22260E+10  0.22244E+10  0.22229E+10  0.22213E+10  0.22196E+10  0.22180E+10  0.22163E+10  0.22146E+10  0.22129E+10  0.22112E+10  0.22094E+10  0.22076E+10  0.22058E+10  0.22040E+10  0.22022E+10
rxn00002
  0.00000E+00  0.24152E+07  0.22565E+07  0.21924E+07  0.21721E+07  0.21727E+07  0.21830E+07  0.21975E+07  0.22131E+07  0.22287E+07  0.22437E+07  0.22579E+07  0.22712E+07  0.22835E+07  0.22949E+07  0.23056E+07  0.23156E+07  0.23250E+07  0.23338E+07  0.23422E+07  0.23501E+07  0.23576E+07  0.23648E+07  0.23716E+07  0.23782E+07  0.23846E+07  0.23907E+07  0.23967E+07  0.24024E+07  0.24080E+07  0.24135E+07
rxn00003
  0.00000E+00  0.46379E+04  0.12265E+05  0.22266E+05  0.33880E+05  0.46681E+05  0.60374E+05  0.74805E+05  0.89739E+05  0.10516E+06  0.12092E+06  0.13701E+06  0.15334E+06  0.16990E+06  0.18661E+06  0.20346E+06  0.22039E+06  0.23739E+06  0.25443E+06  0.27148E+06  0.28852E+06  0.30553E+06  0.32250E+06  0.33940E+06  0.35622E+06  0.37296E+06  0.38959E+06  0.40610E+06  0.42249E+06  0.43876E+06  0.45488E+06
rxn00004
  0.00000E+00  0.19863E+02  0.46607E+02  0.78798E+02  0.11497E+03  0.15450E+03  0.19696E+03  0.24227E+03  0.28980E+03  0.33972E+03  0.39162E+03  0.44549E+03  0.50118E+03  0.55867E+03  0.61776E+03  0.67832E+03  0.74032E+03  0.80367E+03  0.86827E+03  0.93404E+03  0.10009E+04  0.10689E+04  0.11378E+04  0.12077E+04  0.12784E+04  0.13500E+04  0.14224E+04  0.14955E+04  0.15694E+04  0.16439E+04  0.17191E+04
rxn00005
  0.00000E+00  0.29025E+03  0.10049E+04  0.18551E+04  0.27118E+04  0.35346E+04  0.43135E+04  0.50447E+04  0.57380E+04  0.63895E+04  0.70063E+04  0.75876E+04  0.81362E+04  0.86518E+04  0.91379E+04  0.95966E+04  0.10028E+05  0.10434E+05  0.10816E+05  0.11176E+05  0.11515E+05  0.11833E+05  0.12132E+05  0.12414E+05  0.12678E+05  0.12927E+05  0.13161E+05  0.13380E+05  0.13585E+05  0.13778E+05  0.13960E+05
rxn00006
  0.00000E+00  0.14929E+04  0.26317E+04  0.34797E+04  0.41460E+04  0.46819E+04  0.51216E+04  0.54831E+04  0.57922E+04  0.60517E+04  0.62753E+04  0.64667E+04  0.66317E+04  0.67731E+04  0.68961E+04  0.70036E+04  0.70972E+04  0.71791E+04  0.72513E+04  0.73150E+04  0.73715E+04  0.74217E+04  0.74666E+04  0.75067E+04  0.75428E+04  0.75754E+04  0.76048E+04  0.76316E+04  0.76559E+04  0.76782E+04  0.76988E+04
rxn00007
  0.00000E+00  0.12570E+10  0.12590E+10  0.12602E+10  0.12609E+10  0.12615E+10  0.12619E+10  0.12624E+10  0.12628E+10  0.12632E+10  0.12636E+10  0.12641E+10  0.12646E+10  0.12651E+10  0.12657E+10  0.12662E+10  0.12668E+10  0.12674E+10  0.12680E+10  0.12686E+10  0.12693E+10  0.12699E+10  0.12706E+10  0.12712E+10  0.12719E+10  0.12726E+10  0.12733E+10  0.12741E+10  0.12748E+10  0.12755E+10  0.12763E+10
rxn00008
  0.00000E+00  0.12705E+09  0.12726E+09  0.12737E+09  0.12745E+09  0.12751E+09  0.12755E+09  0.12760E+09  0.12764E+09  0.12768E+09  0.12772E+09  0.12777E+09  0.12782E+09  0.12787E+09  0.12793E+09  0.12798E+09  0.12804E+09  0.12810E+09  0.12816E+09  0.12823E+09  0.12829E+09  0.12836E+09  0.12842E+09  0.12849E+09  0.12856E+09  0.12863E+09  0.12871E+09  0.12878E+09  0.12885E+09  0.12893E+09  0.12900E+09
rxn00009
  0.00000E+00  0.18851E+06  0.18850E+06  0.18848E+06  0.18846E+06  0.18845E+06  0.18843E+06  0.18842E+06  0.18841E+06  0.18840E+06  0.18839E+06  0.18838E+06  0.18838E+06  0.18837E+06  0.18837E+06  0.18836E+06  0.18836E+06  0.18836E+06  0.18836E+06  0.18837E+06  0.18837E+06  0.18837E+06  0.18838E+06  0.18839E+06  0.18839E+06  0.18840E+06  0.18841E+06  0.18842E+06  0.18843E+06  0.18844E+06  0.18846E+06
rxn00010
  0.00000E+00  0.41807E+06  0.42631E+06  0.43711E+06  0.44945E+06  0.46292E+06  0.47730E+06  0.49255E+06  0.50844E+06  0.52502E+06  0.54216E+06  0.55984E+06  0.57802E+06  0.59668E+06  0.61575E+06  0.63519E+06  0.65498E+06  0.67510E+06  0.69550E+06  0.71617E+06  0.73707E+06  0.75819E+06  0.77950E+06  0.80099E+06  0.82263E+06  0.84442E+06  0.86633E+06  0.88835E+06  0.91047E+06  0.93267E+06  0.95495E+06
rxn00011
  0.00000E+00  0.60671E+06  0.61866E+06  0.63433E+06  0.65224E+06  0.67178E+06  0.69266E+06  0.71478E+06  0.73784E+06  0.76190E+06  0.78677E+06  0.81244E+06  0.83882E+06  0.86590E+06  0.89357E+06  0.92178E+06  0.95051E+06  0.97970E+06  0.10093E+07  0.10393E+07  0.10696E+07  0.11003E+07  0.11312E+07  0.11624E+07  0.11938E+07  0.12254E+07  0.12572E+07  0.12892E+07  0.13213E+07  0.13535E+07  0.13858E+07
rxn00012
  0.00000E+00  0.12166E-01  0.60313E-01  0.13560E+00  0.23156E+00  0.34708E+00  0.48196E+00  0.63817E+00  0.81243E+00  0.10081E+01  0.12230E+01  0.14586E+01  0.17145E+01  0.19920E+01  0.22898E+01  0.26076E+01  0.29462E+01  0.33053E+01  0.36844E+01  0.40833E+01  0.45021E+01  0.49406E+01  0.53984E+01  0.58756E+01  0.63718E+01  0.68867E+01  0.74206E+01  0.79734E+01  0.85446E+01  0.91341E+01  0.97413E+01
rxn00013
  0.00000E+00  0.29441E-07  0.68054E-06  0.35678E-05  0.10478E-04  0.23523E-04  0.44921E-04  0.78434E-04  0.12429E-03  0.18780E-03  0.26990E-03  0.37504E-03  0.50575E-03  0.66760E-03  0.86207E-03  0.10918E-02  0.13617E-02  0.16749E-02  0.20336E-02  0.24412E-02  0.29007E-02  0.34150E-02  0.39866E-02  0.46186E-02  0.53132E-02  0.60719E-02  0.68991E-02  0.77975E-02  0.87677E-02  0.98122E-02  0.10932E-01
rxn00014
  0.00000E+00  0.11815E+03  0.28327E+03  0.45368E+03  0.62128E+03  0.78693E+03  0.95209E+03  0.11178E+04  0.12842E+04  0.14519E+04  0.16207E+04  0.17910E+04  0.19626E+04  0.21359E+04  0.23106E+04  0.24870E+04  0.26649E+04  0.28446E+04  0.30259E+04  0.32090E+04  0.33939E+04  0.35805E+04  0.37690E+04  0.39593E+04  0.41515E+04  0.43456E+04  0.45416E+04  0.47397E+04  0.49396E+04  0.51416E+04  0.53455E+04
rxn00015
  0.00000E+00  0.19316E-02  0.20017E-01  0.79252E-01  0.20044E+00  0.40361E+00  0.70503E+00  0.11315E+01  0.16745E+01  0.23683E+01  0.32085E+01  0.42173E+01  0.54019E+01  0.67872E+01  0.83712E+01  0.10160E+02  0.12172E+02  0.14414E+02  0.16889E+02  0.19605E+02  0.22570E+02  0.25788E+02  0.29265E+02  0.33008E+02  0.37018E+02  0.41297E+02  0.45857E+02  0.50704E+02  0.55833E+02  0.61251E+02  0.66954E+02
rxn00016
  0.00000E+00  0.17062E+01  0.11442E+02  0.35782E+02  0.78977E+02  0.14514E+03  0.23739E+03  0.36138E+03  0.51405E+03  0.70283E+03  0.92579E+03  0.11874E+04  0.14884E+04  0.18339E+04  0.22227E+04  0.26556E+04  0.31360E+04  0.36648E+04  0.42422E+04  0.48696E+04  0.55480E+04  0.62781E+04  0.70607E+04  0.78965E+04  0.87859E+04  0.97288E+04  0.10727E+05  0.11782E+05  0.12892E+05  0.14059E+05  0.15280E+05
rxn00017
  0.00000E+00  0.00000E+00  0.00000E+00  0.00000E+00  0.00000E+00  0.00000E+00  0.00000E+00  0.00000E+00  0.00000E+00  0.00000E+00  0.00000E+00  0.00000E+00  0.00000E+00  0.00000E+00  0.00000E+00  0.00000E+00  0.00000E+00  0.00000E+00  0.00000E+00  0.00000E+00  0.00000E+00  0.00000E+00  0.00000E+00  0.00000E+00  0.00000E+00  0.00000E+00  0.00000E+00  0.00000E+00  0.00000E+00  0.00000E+00  0.00000E+00
rxn00018
  0.00000E+00  0.20789E+01  0.12608E+02  0.31687E+02  0.57662E+02  0.90104E+02  0.12892E+03  0.17472E+03  0.22642E+03  0.28507E+03  0.34982E+03  0.42106E+03  0.49852E+03  0.58248E+03  0.67235E+03  0.76786E+03  0.86909E+03  0.97575E+03  0.10875E+04  0.12043E+04  0.13257E+04  0.14516E+04  0.15819E+04  0.17162E+04  0.18544E+04  0.19962E+04  0.21415E+04  0.22903E+04  0.24421E+04  0.25969E+04  0.27545E+04
rxn00019
  0.00000E+00  0.30198E+02  0.10404E+03  0.19794E+03  0.30214E+03  0.41394E+03  0.53218E+03  0.65667E+03  0.78599E+03  0.92049E+03  0.10592E+04  0.12021E+04  0.13488E+04  0.14991E+04  0.16525E+04  0.18088E+04  0.19679E+04  0.21294E+04  0.22930E+04  0.24588E+04  0.26263E+04  0.27955E+04  0.29662E+04  0.31383E+04  0.33117E+04  0.34861E+04  0.36615E+04  0.38378E+04  0.40149E+04  0.41926E+04  0.43710E+04
rxn00020
  0.00000E+00  0.20347E+03  0.62542E+03  0.11808E+04  0.18159E+04  0.25098E+04  0.32512E+04  0.40370E+04  0.48563E+04  0.57111E+04  0.65945E+04  0.75060E+04  0.84425E+04  0.94034E+04  0.10385E+05  0.11385E+05  0.12403E+05  0.13436E+05  0.14484E+05  0.15544E+05  0.16615E+05  0.17696E+05  0.18787E+05  0.19885E+05  0.20990E+05  0.22101E+05  0.23218E+05  0.24339E+05  0.25463E+05  0.26590E+05  0.27720E+05
rxn00021
  0.00000E+00  0.11389E+09  0.11408E+09  0.11418E+09  0.11425E+09  0.11430E+09  0.11434E+09  0.11438E+09  0.11442E+09  0.11446E+09  0.11450E+09  0.11454E+09  0.11458E+09  0.11463E+09  0.11468E+09  0.11473E+09  0.11478E+09  0.11484E+09  0.11489E+09  0.11495E+09  0.11501E+09  0.11506E+09  0.11513E+09  0.11519E+09  0.11525E+09  0.11531E+09  0.11538E+09  0.11544E+09  0.11551E+09  0.11557E+09  0.11564E+09
rxn00022
  0.00000E+00  0.13158E+08  0.13179E+08  0.13191E+08  0.13199E+08  0.13205E+08  0.13209E+08  0.13214E+08  0.13218E+08  0.13223E+08  0.13227E+08  0.13232E+08  0.13237E+08  0.13243E+08  0.13248E+08  0.13254E+08  0.13260E+08  0.13266E+08  0.13273E+08  0.13279E+08  0.13286E+08  0.13293E+08  0.13300E+08  0.13307E+08  0.13314E+08  0.13321E+08  0.13329E+08  0.13336E+08  0.13344E+08  0.13352E+08  0.13359E+08
rxn00023
  0.00000E+00  0.37162E+10  0.36714E+10  0.36472E+10  0.36337E+10  0.36261E+10  0.36217E+10  0.36190E+10  0.36172E+10  0.36159E+10  0.36148E+10  0.36138E+10  0.36129E+10  0.36121E+10  0.36112E+10  0.36104E+10  0.36095E+10  0.36086E+10  0.36077E+10  0.36068E+10  0.36059E+10  0.36050E+10  0.36040E+10  0.36031E+10  0.36021E+10  0.36012E+10  0.36002E+10  0.35992E+10  0.35982E+10  0.35972E+10  0.35961E+10
rxn00024
  0.00000E+00  0.90086E+03  0.89142E+03  0.88638E+03  0.88363E+03  0.88217E+03  0.88142E+03  0.88106E+03  0.88090E+03  0.88088E+03  0.88092E+03  0.88101E+03  0.88113E+03  0.88128E+03  0.88144E+03  0.88162E+03  0.88181E+03  0.88201E+03  0.88222E+03  0.88243E+03  0.88265E+03  0.88288E+03  0.88311E+03  0.88335E+03  0.88359E+03  0.88384E+03  0.88409E+03  0.88435E+03  0.88460E+03  0.88486E+03  0.88512E+03
rxn00025
  0.00000E+00  0.47158E+05  0.45657E+05  0.44854E+05  0.44406E+05  0.44153E+05  0.44003E+05  0.43910E+05  0.43842E+05  0.43790E+05  0.43746E+05  0.43705E+05  0.43667E+05  0.43628E+05  0.43590E+05  0.43550E+05  0.43511E+05  0.43470E+05  0.43429E+05  0.43387E+05  0.43344E+05  0.43301E+05  0.43257E+05  0.43213E+05  0.43167E+05  0.43122E+05  0.43076E+05  0.43029E+05  0.42982E+05  0.42934E+05  0.42886E+05
rxn00026
  0.00000E+00  0.34633E+05  0.33530E+05  0.32941E+05  0.32612E+05  0.32426E+05  0.32316E+05  0.32247E+05  0.32197E+05  0.32160E+05  0.32127E+05  0.32097E+05  0.32069E+05  0.32040E+05  0.32012E+05  0.31983E+05  0.31954E+05  0.31924E+05  0.31894E+05  0.31863E+05  0.31832E+05  0.31800E+05  0.31768E+05  0.31735E+05  0.31702E+05  0.31669E+05  0.31635E+05  0.31600E+05  0.31566E+05  0.31531E+05  0.31496E+05
rxn00027
  0.00000E+00  0.24815E+04  0.27813E+04  0.29288E+04  0.30005E+04  0.30314E+04  0.30409E+04  0.30389E+04  0.30319E+04  0.30219E+04  0.30106E+04  0.29989E+04  0.29870E+04  0.29753E+04  0.29638E+04  0.29527E+04  0.29419E+04  0.29314E+04  0.29213E+04  0.29114E+04  0.29019E+04  0.28926E+04  0.28836E+04  0.28748E+04  0.28663E+04  0.28580E+04  0.28499E+04  0.28420E+04  0.28342E+04  0.28267E+04  0.28192E+04
rxn00028
  0.00000E+00  0.16632E+10  0.18900E+10  0.20053E+10  0.20632E+10  0.20898E+10  0.20996E+10  0.21005E+10  0.20974E+10  0.20919E+10  0.20855E+10  0.20787E+10  0.20718E+10  0.20650E+10  0.20584E+10  0.20520E+10  0.20459E+10  0.20401E+10  0.20345E+10  0.20292E+10  0.20241E+10  0.20191E+10  0.20144E+10  0.20099E+10  0.20056E+10  0.20014E+10  0.19974E+10  0.19935E+10  0.19898E+10  0.19862E+10  0.19827E+10
rxn00029
  0.00000E+00  0.19100E+08  0.18748E+08  0.18557E+08  0.18452E+08  0.18393E+08  0.18359E+08  0.18340E+08  0.18327E+08  0.18318E+08  0.18312E+08  0.18306E+08  0.18301E+08  0.18297E+08  0.18293E+08  0.18289E+08  0.18285E+08  0.18281E+08  0.18277E+08  0.18273E+08  0.18269E+08  0.18264E+08  0.18260E+08  0.18256E+08  0.18252E+08  0.18247E+08  0.18243E+08  0.18239E+08  0.18234E+08  0.18230E+08  0.18225E+08
rxn00030
  0.00000E+00  0.24990E+06  0.32113E+06  0.37395E+06  0.41538E+06  0.45022E+06  0.48105E+06  0.50894E+06  0.53493E+06  0.55906E+06  0.58177E+06  0.60313E+06  0.62330E+06  0.64231E+06  0.66033E+06  0.67743E+06  0.69364E+06  0.70904E+06  0.72369E+06  0.73764E+06  0.75093E+06  0.76362E+06  0.77573E+06  0.78731E+06  0.79839E+06  0.80902E+06  0.81919E+06  0.82895E+06  0.83833E+06  0.84735E+06  0.85603E+06
rxn00031
  0.00000E+00  0.23698E+06  0.41683E+06  0.53809E+06  0.63324E+06  0.71606E+06  0.79207E+06  0.86292E+06  0.93007E+06  0.99324E+06  0.10531E+07  0.11097E+07  0.11632E+07  0.12135E+07  0.12611E+07  0.13062E+07  0.13487E+07  0.13888E+07  0.14267E+07  0.14626E+07  0.14965E+07  0.15286E+07  0.15589E+07  0.15876E+07  0.16148E+07  0.16405E+07  0.16648E+07  0.16878E+07  0.17097E+07  0.17303E+07  0.17499E+07
rxn00032
  0.00000E+00  0.91518E+05  0.11741E+06  0.13660E+06  0.15164E+06  0.16429E+06  0.17548E+06  0.18559E+06  0.19500E+06  0.20373E+06  0.21193E+06  0.21963E+06  0.22689E+06  0.23371E+06  0.24017E+06  0.24628E+06  0.25206E+06  0.25753E+06  0.26273E+06  0.26766E+06  0.27234E+06  0.27680E+06  0.28105E+06  0.28509E+06  0.28895E+06  0.29263E+06  0.29615E+06  0.29950E+06  0.30272E+06  0.30580E+06  0.30876E+06
rxn00033
  0.00000E+00  0.31659E+06  0.46082E+06  0.56828E+06  0.64870E+06  0.71152E+06  0.76329E+06  0.80734E+06  0.84677E+06  0.88206E+06  0.91444E+06  0.94421E+06  0.97179E+06  0.99734E+06  0.10212E+07  0.10435E+07  0.10643E+07  0.10838E+07  0.11021E+07  0.11193E+07  0.11355E+07  0.11506E+07  0.11650E+07  0.11784E+07  0.11912E+07  0.12032E+07  0.12145E+07  0.12252E+07  0.12353E+07  0.12449E+07  0.12540E+07
rxn00034
  0.00000E+00  0.32064E+07  0.40314E+07  0.46382E+07  0.51165E+07  0.55231E+07  0.58863E+07  0.62169E+07  0.65255E+07  0.68120E+07  0.70812E+07  0.73337E+07  0.75711E+07  0.77939E+07  0.80039E+07  0.82021E+07  0.83889E+07  0.85652E+07  0.87319E+07  0.88895E+07  0.90385E+07  0.91797E+07  0.93134E+07  0.94401E+07  0.95604E+07  0.96746E+07  0.97831E+07  0.98860E+07  0.99840E+07  0.10077E+08  0.10166E+08
rxn00035
  0.00000E+00  0.36904E+03  0.44237E+03  0.50002E+03  0.54993E+03  0.59597E+03  0.63958E+03  0.68090E+03  0.72052E+03  0.75808E+03  0.79393E+03  0.82797E+03  0.86036E+03  0.89103E+03  0.92023E+03  0.94804E+03  0.97450E+03  0.99969E+03  0.10237E+04  0.10467E+04  0.10686E+04  0.10896E+04  0.11096E+04  0.11289E+04  0.11473E+04  0.11651E+04  0.11821E+04  0.11985E+04  0.12142E+04  0.12295E+04  0.12442E+04
rxn00036
  0.00000E+00  0.14616E+02  0.49590E+02  0.10473E+03  0.17691E+03  0.26408E+03  0.36480E+03  0.47805E+03  0.60257E+03  0.73769E+03  0.88246E+03  0.10362E+04  0.11980E+04  0.13673E+04  0.15433E+04  0.17254E+04  0.19129E+04  0.21052E+04  0.23018E+04  0.25021E+04  0.27058E+04  0.29122E+04  0.31210E+04  0.33318E+04  0.35443E+04  0.37581E+04  0.39728E+04  0.41882E+04  0.44041E+04  0.46201E+04  0.48362E+04
rxn00037
  0.00000E+00  0.61014E+01  0.18368E+02  0.36128E+02  0.58517E+02  0.85193E+02  0.11600E+03  0.15092E+03  0.18968E+03  0.23230E+03  0.27857E+03  0.32841E+03  0.38166E+03  0.43825E+03  0.49798E+03  0.56070E+03  0.62632E+03  0.69468E+03  0.76566E+03  0.83912E+03  0.91496E+03  0.99305E+03  0.10733E+04  0.11556E+04  0.12398E+04  0.13259E+04  0.14138E+04  0.15034E+04  0.15946E+04  0.16873E+04  0.17816E+04
rxn00038
  0.00000E+00  0.35723E+03  0.15868E+04  0.34080E+04  0.55303E+04  0.78094E+04  0.10179E+05  0.12591E+05  0.15048E+05  0.17506E+05  0.19969E+05  0.22411E+05  0.24826E+05  0.27193E+05  0.29514E+05  0.31784E+05  0.33993E+05  0.36137E+05  0.38217E+05  0.40230E+05  0.42174E+05  0.44049E+05  0.45856E+05  0.47595E+05  0.49266E+05  0.50874E+05  0.52415E+05  0.53891E+05  0.55307E+05  0.56664E+05  0.57964E+05
rxn00039
  0.00000E+00  0.59158E+04  0.13328E+05  0.19998E+05  0.26110E+05  0.31973E+05  0.37763E+05  0.43496E+05  0.49243E+05  0.54923E+05  0.60558E+05  0.66104E+05  0.71551E+05  0.76863E+05  0.82049E+05  0.87103E+05  0.92006E+05  0.96757E+05  0.10136E+06  0.10580E+06  0.11010E+06  0.11424E+06  0.11823E+06  0.12207E+06  0.12577E+06  0.12933E+06  0.13275E+06  0.13604E+06  0.13920E+06  0.14223E+06  0.14515E+06
rxn00040
  0.00000E+00  0.55422E+05  0.71099E+05  0.82708E+05  0.91807E+05  0.99456E+05  0.10622E+06  0.11233E+06  0.11803E+06  0.12330E+06  0.12826E+06  0.13291E+06  0.13730E+06  0.14143E+06  0.14533E+06  0.14902E+06  0.15252E+06  0.15583E+06  0.15898E+06  0.16196E+06  0.16480E+06  0.16751E+06  0.17008E+06  0.17253E+06  0.17487E+06  0.17711E+06  0.17925E+06  0.18129E+06  0.18325E+06  0.18512E+06  0.18692E+06
rxn00041
  0.00000E+00  0.49634E+04  0.15307E+05  0.25460E+05  0.35217E+05  0.44993E+05  0.55012E+05  0.65251E+05  0.75750E+05  0.86333E+05  0.96989E+05  0.10761E+06  0.11813E+06  0.12848E+06  0.13864E+06  0.14859E+06  0.15827E+06  0.16768E+06  0.17680E+06  0.18562E+06  0.19413E+06  0.20233E+06  0.21022E+06  0.21779E+06  0.22506E+06  0.23203E+06  0.23870E+06  0.24507E+06  0.25116E+06  0.25697E+06  0.26253E+06
rxn00042
  0.00000E+00  0.52268E+04  0.16119E+05  0.26811E+05  0.37086E+05  0.47380E+05  0.57932E+05  0.68713E+05  0.79770E+05  0.90914E+05  0.10214E+06  0.11332E+06  0.12440E+06  0.13530E+06  0.14600E+06  0.15648E+06  0.16667E+06  0.17658E+06  0.18618E+06  0.19547E+06  0.20443E+06  0.21306E+06  0.22137E+06  0.22935E+06  0.23700E+06  0.24435E+06  0.25137E+06  0.25808E+06  0.26449E+06  0.27061E+06  0.27646E+06
rxn00043
  0.00000E+00  0.11220E+08  0.22354E+08  0.30559E+08  0.36958E+08  0.42292E+08  0.46968E+08  0.51157E+08  0.55021E+08  0.58565E+08  0.61863E+08  0.64923E+08  0.67773E+08  0.70418E+08  0.72885E+08  0.75189E+08  0.77335E+08  0.79335E+08  0.81202E+08  0.82943E+08  0.84566E+08  0.86080E+08  0.87492E+08  0.88807E+08  0.90033E+08  0.91177E+08  0.92241E+08  0.93229E+08  0.94150E+08  0.95005E+08  0.95802E+08
rxn00044
  0.00000E+00  0.12719E+08  0.21889E+08  0.27918E+08  0.32628E+08  0.36745E+08  0.40543E+08  0.44093E+08  0.47460E+08  0.50626E+08  0.53621E+08  0.56442E+08  0.59101E+08  0.61595E+08  0.63943E+08  0.66154E+08  0.68230E+08  0.70179E+08  0.72011E+08  0.73733E+08  0.75349E+08  0.76867E+08  0.78292E+08  0.79629E+08  0.80884E+08  0.82063E+08  0.83167E+08  0.84202E+08  0.85172E+08  0.86080E+08  0.86933E+08
rxn00045
  0.00000E+00  0.48403E+04  0.83299E+04  0.10624E+05  0.12416E+05  0.13983E+05  0.15428E+05  0.16780E+05  0.18061E+05  0.19265E+05  0.20405E+05  0.21479E+05  0.22491E+05  0.23440E+05  0.24333E+05  0.25175E+05  0.25965E+05  0.26706E+05  0.27404E+05  0.28059E+05  0.28674E+05  0.29251E+05  0.29794E+05  0.30303E+05  0.30780E+05  0.31229E+05  0.31649E+05  0.32043E+05  0.32412E+05  0.32758E+05  0.33082E+05
rxn00046
  0.00000E+00  0.17317E+07  0.59956E+07  0.11068E+08  0.16179E+08  0.21088E+08  0.25735E+08  0.30098E+08  0.34234E+08  0.38122E+08  0.41801E+08  0.45270E+08  0.48543E+08  0.51619E+08  0.54519E+08  0.57256E+08  0.59830E+08  0.62253E+08  0.64534E+08  0.66680E+08  0.68699E+08  0.70599E+08  0.72385E+08  0.74064E+08  0.75642E+08  0.77126E+08  0.78520E+08  0.79826E+08  0.81053E+08  0.82204E+08  0.83286E+08
rxn00047
  0.00000E+00  0.11762E+08  0.12468E+08  0.12840E+08  0.13081E+08  0.13247E+08  0.13368E+08  0.13458E+08  0.13529E+08  0.13584E+08  0.13629E+08  0.13665E+08  0.13694E+08  0.13718E+08  0.13737E+08  0.13752E+08  0.13765E+08  0.13775E+08  0.13782E+08  0.13788E+08  0.13793E+08  0.13797E+08  0.13799E+08  0.13801E+08  0.13802E+08  0.13802E+08  0.13802E+08  0.13802E+08  0.13801E+08  0.13800E+08  0.13799E+08
rxn00048
  0.00000E+00  0.18216E+04  0.16679E+04  0.16026E+04  0.15777E+04  0.15724E+04  0.15764E+04  0.15846E+04  0.15943E+04  0.16042E+04  0.16139E+04  0.16230E+04  0.16315E+04  0.16393E+04  0.16464E+04  0.16530E+04  0.16591E+04  0.16646E+04  0.16698E+04  0.16745E+04  0.16790E+04  0.16831E+04  0.16869E+04  0.16905E+04  0.16939E+04  0.16971E+04  0.17001E+04  0.17030E+04  0.17057E+04  0.17082E+04  0.17107E+04
rxn00049
  0.00000E+00  0.35363E+07  0.32379E+07  0.31111E+07  0.30627E+07  0.30525E+07  0.30603E+07  0.30763E+07  0.30949E+07  0.31143E+07  0.31330E+07  0.31507E+07  0.31672E+07  0.31823E+07  0.31962E+07  0.32090E+07  0.32207E+07  0.32315E+07  0.32415E+07  0.32508E+07  0.32594E+07  0.32674E+07  0.32748E+07  0.32819E+07  0.32884E+07  0.32946E+07  0.33005E+07  0.33060E+07  0.33112E+07  0.33162E+07  0.33209E+07
rxn00050
  0.00000E+00  0.29789E-01  0.26003E-01  0.24547E-01  0.24093E-01  0.24107E-01  0.24337E-01  0.24660E-01  0.25011E-01  0.25366E-01  0.25709E-01  0.26035E-01  0.26342E-01  0.26628E-01  0.26896E-01  0.27147E-01  0.27383E-01  0.27605E-01  0.27815E-01  0.28014E-01  0.28203E-01  0.28384E-01  0.28557E-01  0.28724E-01  0.28884E-01  0.29038E-01  0.29188E-01  0.29333E-01  0.29474E-01  0.29611E-01  0.29746E-01
rxn00051
  0.00000E+00  0.17761E+04  0.29141E+04  0.36515E+04  0.42547E+04  0.48105E+04  0.53445E+04  0.58592E+04  0.63578E+04  0.68353E+04  0.72938E+04  0.77312E+04  0.81481E+04  0.85435E+04  0.89194E+04  0.92769E+04  0.96160E+04  0.99376E+04  0.10243E+05  0.10533E+05  0.10808E+05  0.11069E+05  0.11317E+05  0.11553E+05  0.11777E+05  0.11990E+05  0.12192E+05  0.12384E+05  0.12567E+05  0.12742E+05  0.12908E+05
rxn00052
  0.00000E+00  0.25085E+05  0.44219E+05  0.58468E+05  0.69664E+05  0.78670E+05  0.86058E+05  0.92132E+05  0.97326E+05  0.10169E+06  0.10544E+06  0.10866E+06  0.11143E+06  0.11381E+06  0.11587E+06  0.11768E+06  0.11925E+06  0.12063E+06  0.12184E+06  0.12291E+06  0.12386E+06  0.12471E+06  0.12546E+06  0.12613E+06  0.12674E+06  0.12729E+06  0.12778E+06  0.12823E+06  0.12864E+06  0.12902E+06  0.12936E+06
rxn00053
  0.00000E+00  0.60859E+06  0.10728E+07  0.14185E+07  0.16902E+07  0.19086E+07  0.20879E+07  0.22352E+07  0.23613E+07  0.24670E+07  0.25582E+07  0.26362E+07  0.27035E+07  0.27611E+07  0.28113E+07  0.28551E+07  0.28932E+07  0.29266E+07  0.29561E+07  0.29821E+07  0.30051E+07  0.30256E+07  0.30438E+07  0.30602E+07  0.30749E+07  0.30882E+07  0.31002E+07  0.31111E+07  0.31210E+07  0.31301E+07  0.31385E+07
rxn00054
  0.00000E+00  0.12691E+03  0.16335E+03  0.18354E+03  0.19407E+03  0.19892E+03  0.20066E+03  0.20069E+03  0.19997E+03  0.19880E+03  0.19744E+03  0.19600E+03  0.19455E+03  0.19312E+03  0.19173E+03  0.19038E+03  0.18908E+03  0.18782E+03  0.18662E+03  0.18546E+03  0.18433E+03  0.18325E+03  0.18221E+03  0.18120E+03  0.18022E+03  0.17928E+03  0.17836E+03  0.17747E+03  0.17660E+03  0.17576E+03  0.17493E+03
rxn00055
  0.00000E+00  0.81310E+06  0.10432E+07  0.12136E+07  0.13473E+07  0.14596E+07  0.15591E+07  0.16489E+07  0.17325E+07  0.18101E+07  0.18830E+07  0.19514E+07  0.20159E+07  0.20765E+07  0.21339E+07  0.21882E+07  0.22395E+07  0.22882E+07  0.23343E+07  0.23782E+07  0.24198E+07  0.24595E+07  0.24972E+07  0.25331E+07  0.25674E+07  0.26002E+07  0.26314E+07  0.26613E+07  0.26899E+07  0.27173E+07  0.27436E+07
rxn00056
  0.00000E+00  0.00000E+00  0.00000E+00  0.00000E+00  0.00000E+00  0.00000E+00  0.00000E+00  0.00000E+00  0.00000E+00  0.00000E+00  0.00000E+00  0.00000E+00  0.00000E+00  0.00000E+00  0.00000E+00  0.00000E+00  0.00000E+00  0.00000E+00  0.00000E+00  0.00000E+00  0.00000E+00  0.00000E+00  0.00000E+00  0.00000E+00  0.00000E+00  0.00000E+00  0.00000E+00  0.00000E+00  0.00000E+00  0.00000E+00  0.00000E+00
rxn00057
  0.00000E+00  0.30359E+06  0.38950E+06  0.45314E+06  0.50304E+06  0.54499E+06  0.58211E+06  0.61565E+06  0.64688E+06  0.67583E+06  0.70304E+06  0.72858E+06  0.75266E+06  0.77530E+06  0.79670E+06  0.81698E+06  0.83615E+06  0.85431E+06  0.87154E+06  0.88791E+06  0.90345E+06  0.91824E+06  0.93232E+06  0.94573E+06  0.95852E+06  0.97074E+06  0.98241E+06  0.99355E+06  0.10042E+07  0.10144E+07  0.10242E+07
rxn00058
  0.00000E+00  0.00000E+00  0.19541E-08  0.12736E-07  0.40648E-07  0.95419E-07  0.18813E-06  0.33549E-06  0.54546E-06  0.84165E-06  0.12356E-05  0.17506E-05  0.24048E-05  0.32270E-05  0.42331E-05  0.54427E-05  0.68844E-05  0.85800E-05  0.10549E-04  0.12815E-04  0.15399E-04  0.18322E-04  0.21607E-04  0.25272E-04  0.29338E-04  0.33820E-04  0.38744E-04  0.44131E-04  0.49991E-04  0.56343E-04  0.63198E-04
rxn00059
  0.00000E+00  0.38413E+02  0.16980E+03  0.37582E+03  0.63681E+03  0.94517E+03  0.12979E+04  0.16937E+04  0.21300E+04  0.26060E+04  0.31193E+04  0.36685E+04  0.42518E+04  0.48676E+04  0.55137E+04  0.61883E+04  0.68899E+04  0.76167E+04  0.83671E+04  0.91395E+04  0.99324E+04  0.10745E+05  0.11575E+05  0.12421E+05  0.13283E+05  0.14160E+05  0.15050E+05  0.15952E+05  0.16866E+05  0.17790E+05  0.18724E+05
rxn00060
  0.00000E+00  0.00000E+00  0.35700E-02  0.10575E-01  0.20312E-01  0.32566E-01  0.47367E-01  0.64858E-01  0.85105E-01  0.10828E+00  0.13443E+00  0.16367E+00  0.19606E+00  0.23168E+00  0.27055E+00  0.31268E+00  0.35813E+00  0.40691E+00  0.45901E+00  0.51443E+00  0.57319E+00  0.63526E+00  0.70064E+00  0.76933E+00  0.84129E+00  0.91651E+00  0.99500E+00  0.10767E+01  0.11617E+01  0.12498E+01  0.13412E+01
rxn00061
  0.00000E+00  0.16753E+06  0.21918E+06  0.26145E+06  0.29843E+06  0.33300E+06  0.36674E+06  0.40026E+06  0.43413E+06  0.46835E+06  0.50311E+06  0.53840E+06  0.57425E+06  0.61062E+06  0.64753E+06  0.68497E+06  0.72289E+06  0.76128E+06  0.80010E+06  0.83934E+06  0.87897E+06  0.91895E+06  0.95927E+06  0.99990E+06  0.10408E+07  0.10820E+07  0.11234E+07  0.11650E+07  0.12068E+07  0.12489E+07  0.12910E+07
rxn00062
  0.00000E+00  0.79291E+02  0.75541E+02  0.75255E+02  0.76660E+02  0.78981E+02  0.81822E+02  0.84994E+02  0.88359E+02  0.91885E+02  0.95524E+02  0.99264E+02  0.10309E+03  0.10699E+03  0.11097E+03  0.11500E+03  0.11910E+03  0.12326E+03  0.12746E+03  0.13172E+03  0.13602E+03  0.14037E+03  0.14475E+03  0.14917E+03  0.15363E+03  0.15812E+03  0.16264E+03  0.16719E+03  0.17176E+03  0.17636E+03  0.18098E+03
rxn00063
  0.00000E+00  0.37996E+03  0.11688E+04  0.21778E+04  0.33107E+04  0.45431E+04  0.58710E+04  0.72897E+04  0.88002E+04  0.10394E+05  0.12070E+05  0.13823E+05  0.15648E+05  0.17542E+05  0.19501E+05  0.21523E+05  0.23605E+05  0.25743E+05  0.27937E+05  0.30184E+05  0.32481E+05  0.34829E+05  0.37224E+05  0.39666E+05  0.42155E+05  0.44688E+05  0.47265E+05  0.49885E+05  0.52548E+05  0.55253E+05  0.58000E+05
rxn00064
  0.00000E+00  0.52117E+00  0.11675E+01  0.18167E+01  0.24647E+01  0.31228E+01  0.37962E+01  0.44862E+01  0.51909E+01  0.59100E+01  0.66419E+01  0.73860E+01  0.81414E+01  0.89080E+01  0.96852E+01  0.10473E+02  0.11271E+02  0.12079E+02  0.12898E+02  0.13728E+02  0.14567E+02  0.15418E+02  0.16279E+02  0.17150E+02  0.18033E+02  0.18927E+02  0.19831E+02  0.20747E+02  0.21675E+02  0.22613E+02  0.23563E+02
rxn00065
  0.00000E+00  0.97885E-03  0.13014E-01  0.59944E-01  0.16830E+00  0.36716E+00  0.68504E+00  0.11628E+01  0.18080E+01  0.26716E+01  0.37652E+01  0.51289E+01  0.67865E+01  0.87834E+01  0.11133E+02  0.13855E+02  0.16988E+02  0.20554E+02  0.24569E+02  0.29056E+02  0.34036E+02  0.39526E+02  0.45543E+02  0.52106E+02  0.59228E+02  0.66916E+02  0.75198E+02  0.84089E+02  0.93590E+02  0.10372E+03  0.11447E+03
rxn00066
  0.00000E+00  0.29873E+00  0.25702E+01  0.93510E+01  0.22912E+02  0.45618E+02  0.79695E+02  0.12831E+03  0.19177E+03  0.27393E+03  0.37536E+03  0.49891E+03  0.64609E+03  0.81999E+03  0.10213E+04  0.12512E+04  0.15122E+04  0.18056E+04  0.21323E+04  0.24936E+04  0.28907E+04  0.33247E+04  0.37964E+04  0.43069E+04  0.48568E+04  0.54466E+04  0.60777E+04  0.67510E+04  0.74665E+04  0.82248E+04  0.90260E+04
rxn00067
  0.00000E+00  0.34245E-03  0.21457E-02  0.65194E-02  0.14256E-01  0.26207E-01  0.43067E-01  0.65993E-01  0.94540E-01  0.13017E+00  0.17262E+00  0.22280E+00  0.28093E+00  0.34801E+00  0.42391E+00  0.50882E+00  0.60347E+00  0.70808E+00  0.82277E+00  0.94783E+00  0.10835E+01  0.12300E+01  0.13876E+01  0.15563E+01  0.17364E+01  0.19279E+01  0.21313E+01  0.23466E+01  0.25739E+01  0.28133E+01  0.30647E+01
rxn00068
  0.00000E+00  0.00000E+00  0.00000E+00  0.00000E+00  0.00000E+00  0.00000E+00  0.00000E+00  0.00000E+00  0.00000E+00  0.00000E+00  0.00000E+00  0.00000E+00  0.00000E+00  0.00000E+00  0.00000E+00  0.00000E+00  0.00000E+00  0.00000E+00  0.00000E+00  0.00000E+00  0.00000E+00  0.00000E+00  0.00000E+00  0.00000E+00  0.00000E+00  0.00000E+00  0.00000E+00  0.00000E+00  0.00000E+00  0.00000E+00  0.00000E+00
rxn00069
  0.00000E+00  0.00000E+00  0.00000E+00  0.00000E+00  0.00000E+00  0.00000E+00  0.00000E+00  0.00000E+00  0.00000E+00  0.00000E+00  0.00000E+00  0.00000E+00  0.00000E+00  0.00000E+00  0.00000E+00  0.00000E+00  0.00000E+00  0.00000E+00  0.00000E+00  0.00000E+00  0.00000E+00  0.00000E+00  0.00000E+00  0.00000E+00  0.00000E+00  0.00000E+00  0.00000E+00  0.00000E+00  0.00000E+00  0.00000E+00  0.00000E+00
rxn00070
  0.00000E+00  0.00000E+00  0.00000E+00  0.00000E+00  0.00000E+00  0.00000E+00  0.00000E+00  0.00000E+00  0.00000E+00  0.00000E+00  0.00000E+00  0.00000E+00  0.00000E+00  0.00000E+00  0.00000E+00  0.00000E+00  0.00000E+00  0.00000E+00  0.00000E+00  0.00000E+00  0.00000E+00  0.00000E+00  0.00000E+00  0.00000E+00  0.00000E+00  0.00000E+00  0.00000E+00  0.00000E+00  0.00000E+00  0.00000E+00  0.00000E+00
rxn00071
  0.00000E+00  0.00000E+00  0.00000E+00  0.00000E+00  0.00000E+00  0.00000E+00  0.00000E+00  0.00000E+00  0.00000E+00  0.00000E+00  0.00000E+00  0.00000E+00  0.00000E+00  0.00000E+00  0.00000E+00  0.00000E+00  0.00000E+00  0.00000E+00  0.00000E+00  0.00000E+00  0.00000E+00  0.00000E+00  0.00000E+00  0.00000E+00  0.00000E+00  0.00000E+00  0.00000E+00  0.00000E+00  0.00000E+00  0.00000E+00  0.00000E+00
rxn00072
  0.00000E+00  0.00000E+00  0.00000E+00  0.00000E+00  0.00000E+00  0.00000E+00  0.00000E+00  0.00000E+00  0.00000E+00  0.00000E+00  0.00000E+00  0.00000E+00  0.00000E+00  0.00000E+00  0.00000E+00  0.00000E+00  0.00000E+00  0.00000E+00  0.00000E+00  0.00000E+00  0.00000E+00  0.00000E+00  0.00000E+00  0.00000E+00  0.00000E+00  0.00000E+00  0.00000E+00  0.00000E+00  0.00000E+00  0.00000E+00  0.00000E+00
rxn00073
  0.00000E+00  0.00000E+00  0.00000E+00  0.00000E+00  0.00000E+00  0.00000E+00  0.00000E+00  0.00000E+00  0.00000E+00  0.00000E+00  0.00000E+00  0.00000E+00  0.00000E+00  0.00000E+00  0.00000E+00  0.00000E+00  0.00000E+00  0.00000E+00  0.00000E+00  0.00000E+00  0.00000E+00  0.00000E+00  0.00000E+00  0.00000E+00  0.00000E+00  0.00000E+00  0.00000E+00  0.00000E+00  0.00000E+00  0.00000E+00  0.00000E+00
rxn00074
  0.00000E+00  0.00000E+00  0.00000E+00  0.00000E+00  0.00000E+00  0.00000E+00  0.00000E+00  0.00000E+00  0.00000E+00  0.00000E+00  0.00000E+00  0.00000E+00  0.00000E+00  0.00000E+00  0.00000E+00  0.00000E+00  0.00000E+00  0.00000E+00  0.00000E+00  0.00000E+00  0.00000E+00  0.00000E+00  0.00000E+00  0.00000E+00  0.00000E+00  0.00000E+00  0.00000E+00  0.00000E+00  0.00000E+00  0.00000E+00  0.00000E+00
rxn00075
  0.00000E+00  0.00000E+00  0.00000E+00  0.00000E+00  0.00000E+00  0.00000E+00  0.00000E+00  0.00000E+00  0.00000E+00  0.00000E+00  0.00000E+00  0.00000E+00  0.00000E+00  0.00000E+00  0.00000E+00  0.00000E+00  0.00000E+00  0.00000E+00  0.00000E+00  0.00000E+00  0.00000E+00  0.00000E+00  0.00000E+00  0.00000E+00  0.00000E+00  0.00000E+00  0.00000E+00  0.00000E+00  0.00000E+00  0.00000E+00  0.00000E+00
rxn00076
  0.00000E+00  0.00000E+00  0.00000E+00  0.00000E+00  0.00000E+00  0.00000E+00  0.00000E+00  0.00000E+00  0.00000E+00  0.00000E+00  0.00000E+00  0.00000E+00  0.00000E+00  0.00000E+00  0.00000E+00  0.00000E+00  0.00000E+00  0.00000E+00  0.00000E+00  0.00000E+00  0.00000E+00  0.00000E+00  0.00000E+00  0.00000E+00  0.00000E+00  0.00000E+00  0.00000E+00  0.00000E+00  0.00000E+00  0.00000E+00  0.00000E+00
rxn00077
  0.00000E+00  0.00000E+00  0.00000E+00  0.00000E+00  0.00000E+00  0.00000E+00  0.00000E+00  0.00000E+00  0.00000E+00  0.00000E+00  0.00000E+00  0.00000E+00  0.00000E+00  0.00000E+00  0.00000E+00  0.00000E+00  0.00000E+00  0.00000E+00  0.00000E+00  0.00000E+00  0.00000E+00  0.00000E+00  0.00000E+00  0.00000E+00  0.00000E+00  0.00000E+00  0.00000E+00  0.00000E+00  0.00000E+00  0.00000E+00  0.00000E+00
rxn00078
  0.00000E+00  0.00000E+00  0.00000E+00  0.00000E+00  0.00000E+00  0.00000E+00  0.00000E+00  0.00000E+00  0.00000E+00  0.00000E+00  0.00000E+00  0.00000E+00  0.00000E+00  0.00000E+00  0.00000E+00  0.00000E+00  0.00000E+00  0.00000E+00  0.00000E+00  0.00000E+00  0.00000E+00  0.00000E+00  0.00000E+00  0.00000E+00  0.00000E+00  0.00000E+00  0.00000E+00  0.00000E+00  0.00000E+00  0.00000E+00  0.00000E+00
rxn00079
  0.00000E+00  0.00000E+00  0.00000E+00  0.00000E+00  0.00000E+00  0.00000E+00  0.00000E+00  0.00000E+00  0.00000E+00  0.00000E+00  0.00000E+00  0.00000E+00  0.00000E+00  0.00000E+00  0.00000E+00  0.00000E+00  0.00000E+00  0.00000E+00  0.00000E+00  0.00000E+00  0.00000E+00  0.00000E+00  0.00000E+00  0.00000E+00  0.00000E+00  0.00000E+00  0.00000E+00  0.00000E+00  0.00000E+00  0.00000E+00  0.00000E+00
rxn00080
  0.00000E+00  0.00000E+00  0.00000E+00  0.00000E+00  0.00000E+00  0.00000E+00  0.00000E+00  0.00000E+00  0.00000E+00  0.00000E+00  0.00000E+00  0.00000E+00  0.00000E+00  0.00000E+00  0.00000E+00  0.00000E+00  0.00000E+00  0.00000E+00  0.00000E+00  0.00000E+00  0.00000E+00  0.00000E+00  0.00000E+00  0.00000E+00  0.00000E+00  0.00000E+00  0.00000E+00  0.00000E+00  0.00000E+00  0.00000E+00  0.00000E+00
rxn00081
  0.00000E+00  0.00000E+00  0.00000E+00  0.00000E+00  0.00000E+00  0.00000E+00  0.00000E+00  0.00000E+00  0.00000E+00  0.00000E+00  0.00000E+00  0.00000E+00  0.00000E+00  0.00000E+00  0.00000E+00  0.00000E+00  0.00000E+00  0.00000E+00  0.00000E+00  0.00000E+00  0.00000E+00  0.00000E+00  0.00000E+00  0.00000E+00  0.00000E+00  0.00000E+00  0.00000E+00  0.00000E+00  0.00000E+00  0.00000E+00  0.00000E+00
rxn00082
  0.00000E+00  0.00000E+00  0.00000E+00  0.00000E+00  0.00000E+00  0.00000E+00  0.00000E+00  0.00000E+00  0.00000E+00  0.00000E+00  0.00000E+00  0.00000E+00  0.00000E+00  0.00000E+00  0.00000E+00  0.00000E+00  0.00000E+00  0.00000E+00  0.00000E+00  0.00000E+00  0.00000E+00  0.00000E+00  0.00000E+00  0.00000E+00  0.00000E+00  0.00000E+00  0.00000E+00  0.00000E+00  0.00000E+00  0.00000E+00  0.00000E+00
rxn00083
  0.00000E+00  0.00000E+00  0.00000E+00  0.00000E+00  0.00000E+00  0.00000E+00  0.00000E+00  0.00000E+00  0.00000E+00  0.00000E+00  0.00000E+00  0.00000E+00  0.00000E+00  0.00000E+00  0.00000E+00  0.00000E+00  0.00000E+00  0.00000E+00  0.00000E+00  0.00000E+00  0.00000E+00  0.00000E+00  0.00000E+00  0.00000E+00  0.00000E+00  0.00000E+00  0.00000E+00  0.00000E+00  0.00000E+00  0.00000E+00  0.00000E+00
rxn00084
  0.00000E+00  0.35295E+08  0.45191E+08  0.52449E+08  0.58071E+08  0.62735E+08  0.66804E+08  0.70427E+08  0.73752E+08  0.76783E+08  0.79586E+08  0.82169E+08  0.84556E+08  0.86754E+08  0.88786E+08  0.90666E+08  0.92398E+08  0.93995E+08  0.95467E+08  0.96821E+08  0.98066E+08  0.99209E+08  0.10026E+09  0.10121E+09  0.10209E+09  0.10288E+09  0.10360E+09  0.10426E+09  0.10484E+09  0.10537E+09  0.10584E+09
rxn00085
  0.00000E+00  0.89237E+07  0.89198E+07  0.89069E+07  0.88888E+07  0.88674E+07  0.88437E+07  0.88182E+07  0.87916E+07  0.87638E+07  0.87352E+07  0.87057E+07  0.86755E+07  0.86445E+07  0.86130E+07  0.85808E+07  0.85482E+07  0.85150E+07  0.84814E+07  0.84474E+07  0.84130E+07  0.83782E+07  0.83432E+07  0.83078E+07  0.82721E+07  0.82363E+07  0.82001E+07  0.81638E+07  0.81273E+07  0.80906E+07  0.80537E+07
rxn00086
  0.00000E+00  0.20819E+07  0.19412E+07  0.18815E+07  0.18592E+07  0.18544E+07  0.18576E+07  0.18639E+07  0.18708E+07  0.18774E+07  0.18833E+07  0.18881E+07  0.18918E+07  0.18945E+07  0.18963E+07  0.18972E+07  0.18973E+07  0.18967E+07  0.18955E+07  0.18937E+07  0.18914E+07  0.18886E+07  0.18854E+07  0.18819E+07  0.18780E+07  0.18738E+07  0.18694E+07  0.18647E+07  0.18597E+07  0.18546E+07  0.18492E+07
rxn00087
  0.00000E+00  0.74165E+04  0.29247E+05  0.64240E+05  0.10967E+06  0.16422E+06  0.22723E+06  0.29840E+06  0.37717E+06  0.46341E+06  0.55663E+06  0.65659E+06  0.76291E+06  0.87530E+06  0.99336E+06  0.11167E+07  0.12451E+07  0.13782E+07  0.15156E+07  0.16570E+07  0.18022E+07  0.19510E+07  0.21029E+07  0.22579E+07  0.24156E+07  0.25759E+07  0.27385E+07  0.29033E+07  0.30700E+07  0.32386E+07  0.34088E+07
rxn00088
  0.00000E+00  0.36518E+04  0.11243E+05  0.21246E+05  0.32695E+05  0.45207E+05  0.58583E+05  0.72766E+05  0.87562E+05  0.10301E+06  0.11898E+06  0.13548E+06  0.15244E+06  0.16986E+06  0.18767E+06  0.20583E+06  0.22434E+06  0.24314E+06  0.26222E+06  0.28155E+06  0.30111E+06  0.32088E+06  0.34083E+06  0.36094E+06  0.38121E+06  0.40161E+06  0.42213E+06  0.44276E+06  0.46348E+06  0.48428E+06  0.50514E+06
rxn00089
  0.00000E+00  0.21913E+01  0.62931E+01  0.11544E+02  0.17588E+02  0.24316E+02  0.31649E+02  0.39558E+02  0.47924E+02  0.56757E+02  0.65979E+02  0.75573E+02  0.85501E+02  0.95748E+02  0.10627E+03  0.11705E+03  0.12807E+03  0.13930E+03  0.15073E+03  0.16234E+03  0.17411E+03  0.18604E+03  0.19810E+03  0.21029E+03  0.22260E+03  0.23501E+03  0.24751E+03  0.26011E+03  0.27278E+03  0.28552E+03  0.29832E+03
rxn00090
  0.00000E+00  0.23676E+08  0.39338E+08  0.48604E+08  0.54851E+08  0.59656E+08  0.63730E+08  0.67330E+08  0.70627E+08  0.73633E+08  0.76410E+08  0.78967E+08  0.81328E+08  0.83497E+08  0.85501E+08  0.87351E+08  0.89053E+08  0.90619E+08  0.92061E+08  0.93385E+08  0.94600E+08  0.95714E+08  0.96732E+08  0.97661E+08  0.98508E+08  0.99279E+08  0.99976E+08  0.10060E+09  0.10117E+09  0.10168E+09  0.10213E+09
rxn00091
  0.00000E+00  0.16218E+07  0.20066E+07  0.19570E+07  0.18866E+07  0.18495E+07  0.18349E+07  0.18317E+07  0.18327E+07  0.18356E+07  0.18388E+07  0.18415E+07  0.18436E+07  0.18449E+07  0.18454E+07  0.18451E+07  0.18441E+07  0.18424E+07  0.18402E+07  0.18375E+07  0.18344E+07  0.18308E+07  0.18269E+07  0.18226E+07  0.18180E+07  0.18132E+07  0.18082E+07  0.18029E+07  0.17975E+07  0.17919E+07  0.17861E+07
rxn00092
  0.00000E+00  0.13057E+04  0.82394E+04  0.22131E+05  0.41703E+05  0.66021E+05  0.94549E+05  0.12730E+06  0.16337E+06  0.20337E+06  0.24660E+06  0.29323E+06  0.34290E+06  0.39570E+06  0.45119E+06  0.50920E+06  0.56974E+06  0.63255E+06  0.69745E+06  0.76432E+06  0.83302E+06  0.90342E+06  0.97539E+06  0.10488E+07  0.11236E+07  0.11996E+07  0.12768E+07  0.13550E+07  0.14342E+07  0.15142E+07  0.15950E+07
rxn00093
  0.00000E+00  0.10354E+06  0.26629E+06  0.40032E+06  0.51672E+06  0.62743E+06  0.73794E+06  0.84900E+06  0.96130E+06  0.10731E+07  0.11843E+07  0.12939E+07  0.14015E+07  0.15061E+07  0.16079E+07  0.17066E+07  0.18018E+07  0.18935E+07  0.19816E+07  0.20661E+07  0.21469E+07  0.22241E+07  0.22977E+07  0.23678E+07  0.24344E+07  0.24978E+07  0.25577E+07  0.26145E+07  0.26682E+07  0.27189E+07  0.27668E+07
rxn00094
  0.00000E+00  0.70926E+04  0.13583E+05  0.16118E+05  0.17773E+05  0.19451E+05  0.21247E+05  0.23098E+05  0.24945E+05  0.26752E+05  0.28500E+05  0.30175E+05  0.31770E+05  0.33278E+05  0.34703E+05  0.36048E+05  0.37312E+05  0.38498E+05  0.39611E+05  0.40654E+05  0.41630E+05  0.42542E+05  0.43394E+05  0.44189E+05  0.44929E+05  0.45619E+05  0.46260E+05  0.46854E+05  0.47405E+05  0.47916E+05  0.48388E+05
rxn00095
  0.00000E+00  0.57103E+01  0.55776E+02  0.18228E+03  0.39286E+03  0.69437E+03  0.10948E+04  0.16053E+04  0.22236E+04  0.29638E+04  0.38222E+04  0.48047E+04  0.59090E+04  0.71374E+04  0.84848E+04  0.99484E+04  0.11528E+05  0.13217E+05  0.15013E+05  0.16910E+05  0.18905E+05  0.20993E+05  0.23169E+05  0.25429E+05  0.27767E+05  0.30180E+05  0.32664E+05  0.35213E+05  0.37823E+05  0.40490E+05  0.43211E+05
rxn00096
  0.00000E+00  0.21489E-01  0.13667E+00  0.35747E+00  0.67769E+00  0.11005E+01  0.16322E+01  0.22857E+01  0.30575E+01  0.39639E+01  0.50024E+01  0.61828E+01  0.75073E+01  0.89850E+01  0.10614E+02  0.12394E+02  0.14332E+02  0.16428E+02  0.18681E+02  0.21093E+02  0.23664E+02  0.26393E+02  0.29281E+02  0.32328E+02  0.35533E+02  0.38893E+02  0.42412E+02  0.46089E+02  0.49921E+02  0.53908E+02  0.58047E+02
rxn00097
  0.00000E+00  0.52000E-07  0.15421E-05  0.94057E-05  0.30666E-04  0.74584E-04  0.15213E-03  0.28093E-03  0.46775E-03  0.73839E-03  0.11039E-02  0.15897E-02  0.22146E-02  0.30112E-02  0.39958E-02  0.51892E-02  0.66241E-02  0.83245E-02  0.10311E-01  0.12610E-01  0.15247E-01  0.18243E-01  0.21624E-01  0.25412E-01  0.29629E-01  0.34292E-01  0.39432E-01  0.45072E-01  0.51224E-01  0.57910E-01  0.65140E-01
rxn00098
  0.00000E+00  0.36718E+01  0.28571E+02  0.83537E+02  0.16875E+03  0.28569E+03  0.43659E+03  0.62581E+03  0.85213E+03  0.11208E+04  0.14308E+04  0.17848E+04  0.21829E+04  0.26273E+04  0.31164E+04  0.36497E+04  0.42277E+04  0.48497E+04  0.55143E+04  0.62208E+04  0.69680E+04  0.77549E+04  0.85801E+04  0.94426E+04  0.10341E+05  0.11274E+05  0.12240E+05  0.13238E+05  0.14268E+05  0.15327E+05  0.16413E+05
rxn00099
  0.00000E+00  0.58939E+02  0.26053E+03  0.57665E+03  0.97713E+03  0.14503E+04  0.19916E+04  0.25991E+04  0.32687E+04  0.39994E+04  0.47874E+04  0.56307E+04  0.65263E+04  0.74719E+04  0.84642E+04  0.95005E+04  0.10578E+05  0.11695E+05  0.12848E+05  0.14035E+05  0.15254E+05  0.16503E+05  0.17779E+05  0.19081E+05  0.20407E+05  0.21756E+05  0.23125E+05  0.24514E+05  0.25920E+05  0.27343E+05  0.28782E+05
rxn00100
  0.00000E+00  0.13969E+07  0.13590E+07  0.13487E+07  0.13535E+07  0.13677E+07  0.13883E+07  0.14137E+07  0.14426E+07  0.14750E+07  0.15101E+07  0.15481E+07  0.15884E+07  0.16313E+07  0.16762E+07  0.17232E+07  0.17723E+07  0.18231E+07  0.18756E+07  0.19298E+07  0.19854E+07  0.20425E+07  0.21009E+07  0.21605E+07  0.22213E+07  0.22831E+07  0.23460E+07  0.24099E+07  0.24745E+07  0.25400E+07  0.26063E+07
rxn00101
  0.00000E+00  0.15070E+04  0.30048E+04  0.44762E+04  0.59443E+04  0.74219E+04  0.89178E+04  0.10441E+05  0.11990E+05  0.13575E+05  0.15195E+05  0.16855E+05  0.18558E+05  0.20308E+05  0.22106E+05  0.23954E+05  0.25855E+05  0.27811E+05  0.29824E+05  0.31895E+05  0.34025E+05  0.36217E+05  0.38471E+05  0.40790E+05  0.43173E+05  0.45622E+05  0.48138E+05  0.50724E+05  0.53379E+05  0.56104E+05  0.58898E+05
rxn00102
  0.00000E+00  0.62228E+06  0.81664E+06  0.91309E+06  0.98239E+06  0.10383E+07  0.10871E+07  0.11318E+07  0.11744E+07  0.12154E+07  0.12554E+07  0.12945E+07  0.13330E+07  0.13709E+07  0.14084E+07  0.14455E+07  0.14822E+07  0.15186E+07  0.15547E+07  0.15905E+07  0.16260E+07  0.16613E+07  0.16964E+07  0.17312E+07  0.17658E+07  0.18003E+07  0.18346E+07  0.18686E+07  0.19025E+07  0.19363E+07  0.19699E+07
rxn00103
  0.00000E+00  0.22822E+01  0.15034E+02  0.39504E+02  0.72923E+02  0.11372E+03  0.16123E+03  0.21587E+03  0.27630E+03  0.34378E+03  0.41733E+03  0.49739E+03  0.58359E+03  0.67626E+03  0.77474E+03  0.87874E+03  0.98844E+03  0.11035E+04  0.12236E+04  0.13485E+04  0.14781E+04  0.16121E+04  0.17504E+04  0.18927E+04  0.20389E+04  0.21886E+04  0.23419E+04  0.24985E+04  0.26582E+04  0.28208E+04  0.29862E+04
rxn00104
  0.00000E+00  0.12879E+02  0.10349E+03  0.29637E+03  0.57278E+03  0.92090E+03  0.13359E+04  0.18221E+04  0.23665E+04  0.29829E+04  0.36608E+04  0.44054E+04  0.52125E+04  0.60858E+04  0.70183E+04  0.80076E+04  0.90557E+04  0.10159E+05  0.11313E+05  0.12518E+05  0.13771E+05  0.15071E+05  0.16414E+05  0.17799E+05  0.19224E+05  0.20686E+05  0.22185E+05  0.23719E+05  0.25285E+05  0.26882E+05  0.28507E+05
rxn00105
  0.00000E+00  0.39451E+06  0.44431E+06  0.47263E+06  0.49083E+06  0.50397E+06  0.51489E+06  0.52511E+06  0.53543E+06  0.54627E+06  0.55778E+06  0.57009E+06  0.58315E+06  0.59705E+06  0.61169E+06  0.62704E+06  0.64310E+06  0.65981E+06  0.67711E+06  0.69498E+06  0.71338E+06  0.73228E+06  0.75163E+06  0.77141E+06  0.79158E+06  0.81212E+06  0.83302E+06  0.85423E+06  0.87573E+06  0.89751E+06  0.91953E+06
rxn00106
  0.00000E+00  0.24528E-03  0.55396E-02  0.33070E-01  0.10681E+00  0.25474E+00  0.50411E+00  0.89741E+00  0.14327E+01  0.21699E+01  0.31119E+01  0.43032E+01  0.57624E+01  0.75408E+01  0.96453E+01  0.12094E+02  0.14930E+02  0.18172E+02  0.21835E+02  0.25940E+02  0.30511E+02  0.35562E+02  0.41112E+02  0.47178E+02  0.53773E+02  0.60903E+02  0.68601E+02  0.76878E+02  0.85734E+02  0.95185E+02  0.10523E+03
rxn00107
  0.00000E+00  0.18629E+02  0.14319E+03  0.39634E+03  0.74567E+03  0.11714E+04  0.16646E+04  0.22261E+04  0.28414E+04  0.35213E+04  0.42542E+04  0.50429E+04  0.58818E+04  0.67723E+04  0.77074E+04  0.86841E+04  0.97028E+04  0.10760E+05  0.11851E+05  0.12976E+05  0.14132E+05  0.15316E+05  0.16528E+05  0.17764E+05  0.19024E+05  0.20305E+05  0.21607E+05  0.22928E+05  0.24267E+05  0.25621E+05  0.26990E+05
rxn00108
  0.00000E+00  0.32669E+07  0.49269E+07  0.57068E+07  0.61892E+07  0.65603E+07  0.68817E+07  0.71712E+07  0.74397E+07  0.76877E+07  0.79193E+07  0.81350E+07  0.83366E+07  0.85243E+07  0.86998E+07  0.88642E+07  0.90180E+07  0.91618E+07  0.92966E+07  0.94230E+07  0.95414E+07  0.96524E+07  0.97566E+07  0.98544E+07  0.99462E+07  0.10032E+08  0.10113E+08  0.10189E+08  0.10261E+08  0.10328E+08  0.10391E+08
rxn00109
  0.00000E+00  0.32569E+02  0.35198E+02  0.36073E+02  0.37393E+02  0.39047E+02  0.40899E+02  0.42861E+02  0.44870E+02  0.46901E+02  0.48937E+02  0.50967E+02  0.52987E+02  0.54993E+02  0.56985E+02  0.58966E+02  0.60935E+02  0.62892E+02  0.64839E+02  0.66778E+02  0.68708E+02  0.70632E+02  0.72550E+02  0.74462E+02  0.76369E+02  0.78273E+02  0.80174E+02  0.82071E+02  0.83966E+02  0.85859E+02  0.87751E+02
rxn00110
  0.00000E+00  0.23366E-03  0.12675E-02  0.30529E-02  0.54297E-02  0.83661E-02  0.11866E-01  0.15991E-01  0.20649E-01  0.25951E-01  0.31823E-01  0.38308E-01  0.45380E-01  0.53065E-01  0.61320E-01  0.70123E-01  0.79490E-01  0.89398E-01  0.99823E-01  0.11075E+00  0.12218E+00  0.13408E+00  0.14644E+00  0.15925E+00  0.17249E+00  0.18614E+00  0.20020E+00  0.21466E+00  0.22949E+00  0.24468E+00  0.26022E+00
rxn00111
  0.00000E+00  0.30175E-02  0.19967E-01  0.52413E-01  0.97593E-01  0.15503E+00  0.22498E+00  0.30887E+00  0.40473E+00  0.51527E+00  0.63881E+00  0.77644E+00  0.92752E+00  0.10928E+01  0.12712E+01  0.14623E+01  0.16665E+01  0.18833E+01  0.21121E+01  0.23528E+01  0.26049E+01  0.28682E+01  0.31423E+01  0.34269E+01  0.37216E+01  0.40259E+01  0.43399E+01  0.46632E+01  0.49953E+01  0.53359E+01  0.56846E+01
rxn00112
  0.00000E+00  0.32254E+02  0.29914E+02  0.29168E+02  0.29184E+02  0.29606E+02  0.30260E+02  0.31062E+02  0.31955E+02  0.32929E+02  0.33966E+02  0.35062E+02  0.36211E+02  0.37412E+02  0.38662E+02  0.39957E+02  0.41300E+02  0.42686E+02  0.44114E+02  0.45582E+02  0.47089E+02  0.48634E+02  0.50214E+02  0.51829E+02  0.53477E+02  0.55157E+02  0.56867E+02  0.58607E+02  0.60374E+02  0.62167E+02  0.63987E+02
rxn00113
  0.00000E+00  0.27584E-07  0.51302E-06  0.28072E-05  0.87352E-05  0.20584E-04  0.40752E-04  0.73018E-04  0.11762E-03  0.17991E-03  0.26065E-03  0.36405E-03  0.49217E-03  0.64996E-03  0.83855E-03  0.10600E-02  0.13188E-02  0.16171E-02  0.19567E-02  0.23402E-02  0.27702E-02  0.32487E-02  0.37780E-02  0.43601E-02  0.49969E-02  0.56895E-02  0.64417E-02  0.72550E-02  0.81300E-02  0.90689E-02  0.10072E-01
rxn00114
  0.00000E+00  0.69834E-02  0.44203E-01  0.11215E+00  0.20328E+00  0.31552E+00  0.44853E+00  0.60375E+00  0.77752E+00  0.97323E+00  0.11878E+01  0.14221E+01  0.16746E+01  0.19457E+01  0.22335E+01  0.25373E+01  0.28570E+01  0.31916E+01  0.35401E+01  0.39021E+01  0.42769E+01  0.46639E+01  0.50626E+01  0.54724E+01  0.58927E+01  0.63231E+01  0.67632E+01  0.72125E+01  0.76706E+01  0.81369E+01  0.86112E+01
rxn00115
  0.00000E+00  0.76539E+03  0.95059E+03  0.10092E+04  0.10545E+04  0.11044E+04  0.11590E+04  0.12156E+04  0.12724E+04  0.13280E+04  0.13819E+04  0.14338E+04  0.14834E+04  0.15307E+04  0.15757E+04  0.16187E+04  0.16596E+04  0.16985E+04  0.17356E+04  0.17710E+04  0.18048E+04  0.18370E+04  0.18679E+04  0.18973E+04  0.19255E+04  0.19526E+04  0.19785E+04  0.20033E+04  0.20271E+04  0.20500E+04  0.20721E+04
rxn00116
  0.00000E+00  0.55077E+03  0.11188E+04  0.15220E+04  0.18730E+04  0.22100E+04  0.25475E+04  0.28884E+04  0.32351E+04  0.35847E+04  0.39378E+04  0.42927E+04  0.46488E+04  0.50045E+04  0.53601E+04  0.57153E+04  0.60693E+04  0.64217E+04  0.67724E+04  0.71213E+04  0.74681E+04  0.78126E+04  0.81548E+04  0.84945E+04  0.88318E+04  0.91666E+04  0.94987E+04  0.98280E+04  0.10155E+05  0.10479E+05  0.10800E+05
rxn00117
  0.00000E+00  0.24306E-02  0.24784E-01  0.79236E-01  0.16730E+00  0.29127E+00  0.45465E+00  0.66289E+00  0.91582E+00  0.12201E+01  0.15752E+01  0.19848E+01  0.24491E+01  0.29706E+01  0.35480E+01  0.41809E+01  0.48704E+01  0.56151E+01  0.64137E+01  0.72654E+01  0.81689E+01  0.91227E+01  0.10125E+02  0.11175E+02  0.12270E+02  0.13409E+02  0.14591E+02  0.15812E+02  0.17072E+02  0.18369E+02  0.19701E+02
rxn00118
  0.00000E+00  0.56326E-01  0.70057E+00  0.24410E+01  0.53958E+01  0.96854E+01  0.15468E+02  0.22976E+02  0.32210E+02  0.43472E+02  0.56741E+02  0.72186E+02  0.89825E+02  0.10977E+03  0.13198E+03  0.15645E+03  0.18322E+03  0.21226E+03  0.24352E+03  0.27696E+03  0.31253E+03  0.35019E+03  0.38988E+03  0.43153E+03  0.47507E+03  0.52043E+03  0.56756E+03  0.61640E+03  0.66684E+03  0.71883E+03  0.77229E+03
rxn00119
  0.00000E+00  0.35402E+03  0.61714E+03  0.79876E+03  0.94876E+03  0.10876E+04  0.12234E+04  0.13587E+04  0.14953E+04  0.16335E+04  0.17739E+04  0.19167E+04  0.20620E+04  0.22098E+04  0.23603E+04  0.25137E+04  0.26699E+04  0.28289E+04  0.29906E+04  0.31550E+04  0.33220E+04  0.34915E+04  0.36634E+04  0.38376E+04  0.40140E+04  0.41925E+04  0.43729E+04  0.45551E+04  0.47389E+04  0.49244E+04  0.51115E+04
rxn00120
  0.00000E+00  0.75720E-06  0.26470E-04  0.19226E-03  0.71024E-03  0.18912E-02  0.41204E-02  0.79878E-02  0.13765E-01  0.22322E-01  0.34047E-01  0.49773E-01  0.70094E-01  0.96014E-01  0.12804E+00  0.16678E+00  0.21324E+00  0.26803E+00  0.33175E+00  0.40511E+00  0.48877E+00  0.58331E+00  0.68933E+00  0.80741E+00  0.93804E+00  0.10816E+01  0.12389E+01  0.14103E+01  0.15960E+01  0.17967E+01  0.20123E+01
rxn00121
  0.00000E+00  0.81474E-01  0.96930E+00  0.32644E+01  0.70245E+01  0.12320E+02  0.19274E+02  0.28070E+02  0.38674E+02  0.51318E+02  0.65939E+02  0.82632E+02  0.10136E+03  0.12216E+03  0.14494E+03  0.16966E+03  0.19632E+03  0.22482E+03  0.25509E+03  0.28708E+03  0.32071E+03  0.35590E+03  0.39259E+03  0.43069E+03  0.47014E+03  0.51086E+03  0.55279E+03  0.59586E+03  0.63998E+03  0.68511E+03  0.73118E+03
rxn00122
  0.00000E+00  0.14287E+05  0.33352E+05  0.47004E+05  0.58305E+05  0.68998E+05  0.79685E+05  0.90426E+05  0.10126E+06  0.11204E+06  0.12275E+06  0.13330E+06  0.14366E+06  0.15376E+06  0.16360E+06  0.17318E+06  0.18246E+06  0.19144E+06  0.20011E+06  0.20847E+06  0.21654E+06  0.22429E+06  0.23175E+06  0.23892E+06  0.24580E+06  0.25241E+06  0.25874E+06  0.26480E+06  0.27061E+06  0.27617E+06  0.28151E+06
rxn00123
  0.00000E+00  0.00000E+00  0.77760E+03  0.11674E+04  0.14002E+04  0.15895E+04  0.17704E+04  0.19536E+04  0.21399E+04  0.23298E+04  0.25214E+04  0.27144E+04  0.29078E+04  0.31012E+04  0.32938E+04  0.34858E+04  0.36770E+04  0.38670E+04  0.40556E+04  0.42430E+04  0.44290E+04  0.46134E+04  0.47963E+04  0.49777E+04  0.51574E+04  0.53356E+04  0.55122E+04  0.56872E+04  0.58604E+04  0.60321E+04  0.62022E+04
rxn00124
  0.00000E+00  0.00000E+00  0.46487E-02  0.16390E-01  0.33720E-01  0.56473E-01  0.85167E-01  0.12084E+00  0.16327E+00  0.21371E+00  0.27181E+00  0.33820E+00  0.41280E+00  0.49603E+00  0.58748E+00  0.68708E+00  0.79502E+00  0.91102E+00  0.10348E+01  0.11663E+01  0.13052E+01  0.14513E+01  0.16044E+01  0.17641E+01  0.19303E+01  0.21026E+01  0.22809E+01  0.24648E+01  0.26540E+01  0.28483E+01  0.30474E+01
rxn00125
  0.00000E+00  0.00000E+00  0.11421E+01  0.43814E+01  0.94323E+01  0.16282E+02  0.25120E+02  0.36307E+02  0.49774E+02  0.65996E+02  0.84855E+02  0.10660E+03  0.13121E+03  0.15885E+03  0.18939E+03  0.22281E+03  0.25920E+03  0.29846E+03  0.34051E+03  0.38531E+03  0.43279E+03  0.48287E+03  0.53546E+03  0.59048E+03  0.64782E+03  0.70739E+03  0.76915E+03  0.83299E+03  0.89875E+03  0.96640E+03  0.10358E+04
rxn00126
  0.00000E+00  0.00000E+00  0.74058E+03  0.10584E+04  0.12255E+04  0.13515E+04  0.14690E+04  0.15878E+04  0.17092E+04  0.18345E+04  0.19627E+04  0.20942E+04  0.22286E+04  0.23660E+04  0.25061E+04  0.26489E+04  0.27947E+04  0.29430E+04  0.30939E+04  0.32474E+04  0.34032E+04  0.35613E+04  0.37217E+04  0.38840E+04  0.40483E+04  0.42144E+04  0.43822E+04  0.45516E+04  0.47223E+04  0.48944E+04  0.50677E+04
rxn00127
  0.00000E+00  0.00000E+00  0.15032E-04  0.12040E-03  0.43340E-03  0.11101E-02  0.23368E-02  0.44084E-02  0.74298E-02  0.11837E-01  0.17786E-01  0.25677E-01  0.35768E-01  0.48538E-01  0.64184E-01  0.82980E-01  0.10538E+00  0.13166E+00  0.16205E+00  0.19688E+00  0.23643E+00  0.28094E+00  0.33068E+00  0.38589E+00  0.44676E+00  0.51345E+00  0.58632E+00  0.66554E+00  0.75117E+00  0.84343E+00  0.94236E+00
rxn00128
  0.00000E+00  0.00000E+00  0.27175E+00  0.10092E+01  0.21162E+01  0.35703E+01  0.53966E+01  0.76482E+01  0.10305E+02  0.13435E+02  0.17006E+02  0.21045E+02  0.25535E+02  0.30487E+02  0.35870E+02  0.41673E+02  0.47898E+02  0.54518E+02  0.61516E+02  0.68878E+02  0.76586E+02  0.84624E+02  0.92973E+02  0.10162E+03  0.11054E+03  0.11972E+03  0.12915E+03  0.13882E+03  0.14869E+03  0.15877E+03  0.16904E+03
rxn00129
  0.00000E+00  0.00000E+00  0.62421E+05  0.10136E+06  0.12592E+06  0.14604E+06  0.16526E+06  0.18452E+06  0.20392E+06  0.22332E+06  0.24254E+06  0.26146E+06  0.27995E+06  0.29791E+06  0.31528E+06  0.33207E+06  0.34823E+06  0.36374E+06  0.37860E+06  0.39280E+06  0.40637E+06  0.41930E+06  0.43161E+06  0.44330E+06  0.45441E+06  0.46494E+06  0.47492E+06  0.48435E+06  0.49326E+06  0.50167E+06  0.50960E+06
rxn00130
  0.00000E+00  0.00000E+00  0.52258E+04  0.68840E+04  0.74286E+04  0.78394E+04  0.82853E+04  0.87730E+04  0.92723E+04  0.97749E+04  0.10263E+05  0.10735E+05  0.11183E+05  0.11608E+05  0.12007E+05  0.12381E+05  0.12732E+05  0.13060E+05  0.13365E+05  0.13649E+05  0.13913E+05  0.14159E+05  0.14386E+05  0.14597E+05  0.14792E+05  0.14971E+05  0.15137E+05  0.15289E+05  0.15428E+05  0.15555E+05  0.15671E+05
rxn00131
  0.00000E+00  0.00000E+00  0.22074E+02  0.79548E+02  0.16705E+03  0.28397E+03  0.43252E+03  0.61705E+03  0.83575E+03  0.10943E+04  0.13900E+04  0.17250E+04  0.20981E+04  0.25101E+04  0.29582E+04  0.34416E+04  0.39603E+04  0.45120E+04  0.50952E+04  0.57085E+04  0.63505E+04  0.70195E+04  0.77141E+04  0.84326E+04  0.91736E+04  0.99354E+04  0.10717E+05  0.11517E+05  0.12333E+05  0.13165E+05  0.14012E+05
rxn00132
  0.00000E+00  0.00000E+00  0.12457E+05  0.19436E+05  0.23553E+05  0.26854E+05  0.29995E+05  0.33148E+05  0.36322E+05  0.39501E+05  0.42649E+05  0.45750E+05  0.48784E+05  0.51737E+05  0.54599E+05  0.57370E+05  0.60047E+05  0.62624E+05  0.65102E+05  0.67484E+05  0.69770E+05  0.71961E+05  0.74059E+05  0.76066E+05  0.77986E+05  0.79821E+05  0.81574E+05  0.83246E+05  0.84840E+05  0.86361E+05  0.87812E+05
