================================================================================
 case2                                                                                               
 Short sim name = case2           
================================================================================
    t-t0    NO            NO2           O3            OH            HO2           CO            H2O2          HNO3          HCHO          C5H8          MACR          MVK     
     0.0  0.100000E+00  0.500000E+01  0.800000E+02  0.000000E+00  0.000000E+00  0.100000E+03  0.100000E+01  0.000000E+00  0.500000E+00  0.500000E+01  0.000000E+00  0.000000E+00
    10.0  0.462488E+00  0.463436E+01  0.803595E+02  0.136157E+07  0.349032E+08  0.100000E+03  0.999906E+00  0.587672E-03  0.502495E+00  0.499137E+01  0.179202E-02  0.104146E-02
    20.0  0.692248E+00  0.439951E+01  0.805950E+02  0.187220E+07  0.815520E+08  0.100001E+03  0.999809E+00  0.132347E-02  0.510556E+00  0.498046E+01  0.637181E-02  0.410171E-02
    30.0  0.835265E+00  0.424998E+01  0.807518E+02  0.237220E+07  0.114898E+09  0.100001E+03  0.999711E+00  0.225958E-02  0.522972E+00  0.496653E+01  0.130991E-01  0.871838E-02
    40.0  0.921687E+00  0.415659E+01  0.808582E+02  0.278068E+07  0.138838E+09  0.100001E+03  0.999614E+00  0.337001E-02  0.538459E+00  0.494992E+01  0.213234E-01  0.144219E-01
    50.0  0.975361E+00  0.409588E+01  0.809364E+02  0.312714E+07  0.158882E+09  0.100001E+03  0.999518E+00  0.461027E-02  0.556059E+00  0.493129E+01  0.305749E-01  0.208727E-01
    60.0  0.100486E+01  0.405934E+01  0.809948E+02  0.341890E+07  0.176557E+09  0.100002E+03  0.999425E+00  0.597952E-02  0.575666E+00  0.491072E+01  0.408014E-01  0.280347E-01
    70.0  0.102105E+01  0.403614E+01  0.810433E+02  0.367445E+07  0.192834E+09  0.100002E+03  0.999334E+00  0.745197E-02  0.596810E+00  0.488864E+01  0.517733E-01  0.357423E-01
    80.0  0.102892E+01  0.402128E+01  0.810863E+02  0.390165E+07  0.207979E+09  0.100002E+03  0.999248E+00  0.901583E-02  0.619266E+00  0.486529E+01  0.633798E-01  0.439158E-01
    90.0  0.103159E+01  0.401160E+01  0.811266E+02  0.410610E+07  0.222146E+09  0.100002E+03  0.999166E+00  0.106610E-01  0.642847E+00  0.484083E+01  0.755285E-01  0.524890E-01
   100.0  0.103095E+01  0.400524E+01  0.811659E+02  0.429127E+07  0.235397E+09  0.100002E+03  0.999088E+00  0.123825E-01  0.667444E+00  0.481538E+01  0.881633E-01  0.614219E-01
   110.0  0.102836E+01  0.400083E+01  0.812053E+02  0.446078E+07  0.247822E+09  0.100002E+03  0.999015E+00  0.141726E-01  0.692918E+00  0.478908E+01  0.101215E+00  0.706653E-01
   120.0  0.102459E+01  0.399760E+01  0.812453E+02  0.461684E+07  0.259465E+09  0.100002E+03  0.998946E+00  0.160272E-01  0.719183E+00  0.476200E+01  0.114641E+00  0.801878E-01
   130.0  0.102017E+01  0.399501E+01  0.812863E+02  0.476166E+07  0.270397E+09  0.100002E+03  0.998883E+00  0.179403E-01  0.746135E+00  0.473425E+01  0.128388E+00  0.899526E-01
   140.0  0.101542E+01  0.399275E+01  0.813284E+02  0.489643E+07  0.280640E+09  0.100002E+03  0.998825E+00  0.199096E-01  0.773720E+00  0.470587E+01  0.142427E+00  0.999390E-01
   150.0  0.101055E+01  0.399061E+01  0.813717E+02  0.502298E+07  0.290284E+09  0.100003E+03  0.998771E+00  0.219277E-01  0.801829E+00  0.467697E+01  0.156706E+00  0.110109E+00
   160.0  0.100568E+01  0.398847E+01  0.814163E+02  0.514141E+07  0.299302E+09  0.100003E+03  0.998723E+00  0.239966E-01  0.830458E+00  0.464756E+01  0.171219E+00  0.120459E+00
   170.0  0.100088E+01  0.398624E+01  0.814621E+02  0.525302E+07  0.307767E+09  0.100003E+03  0.998679E+00  0.261101E-01  0.859519E+00  0.461771E+01  0.185923E+00  0.130958E+00
   180.0  0.996207E+00  0.398389E+01  0.815091E+02  0.535840E+07  0.315710E+09  0.100003E+03  0.998640E+00  0.282656E-01  0.888965E+00  0.458748E+01  0.200794E+00  0.141590E+00
   190.0  0.991673E+00  0.398139E+01  0.815571E+02  0.545807E+07  0.323159E+09  0.100003E+03  0.998605E+00  0.304607E-01  0.918753E+00  0.455690E+01  0.215809E+00  0.152337E+00
   200.0  0.987294E+00  0.397874E+01  0.816061E+02  0.555246E+07  0.330140E+09  0.100004E+03  0.998575E+00  0.326932E-01  0.948843E+00  0.452601E+01  0.230948E+00  0.163186E+00
   210.0  0.983071E+00  0.397592E+01  0.816561E+02  0.564199E+07  0.336679E+09  0.100004E+03  0.998549E+00  0.349611E-01  0.979197E+00  0.449485E+01  0.246191E+00  0.174123E+00
   220.0  0.979004E+00  0.397294E+01  0.817070E+02  0.572702E+07  0.342803E+09  0.100004E+03  0.998526E+00  0.372620E-01  0.100978E+01  0.446345E+01  0.261519E+00  0.185133E+00
   230.0  0.975086E+00  0.396980E+01  0.817586E+02  0.580787E+07  0.348534E+09  0.100005E+03  0.998507E+00  0.395943E-01  0.104055E+01  0.443184E+01  0.276917E+00  0.196206E+00
   240.0  0.971312E+00  0.396651E+01  0.818110E+02  0.588482E+07  0.353895E+09  0.100005E+03  0.998492E+00  0.419561E-01  0.107150E+01  0.440006E+01  0.292367E+00  0.207330E+00
   250.0  0.967674E+00  0.396307E+01  0.818640E+02  0.595814E+07  0.358907E+09  0.100006E+03  0.998480E+00  0.443456E-01  0.110257E+01  0.436812E+01  0.307856E+00  0.218495E+00
   260.0  0.964165E+00  0.395950E+01  0.819177E+02  0.602807E+07  0.363590E+09  0.100006E+03  0.998472E+00  0.467615E-01  0.113376E+01  0.433606E+01  0.323370E+00  0.229691E+00
   270.0  0.960776E+00  0.395579E+01  0.819719E+02  0.609484E+07  0.367965E+09  0.100007E+03  0.998466E+00  0.492021E-01  0.116504E+01  0.430390E+01  0.338897E+00  0.240910E+00
   280.0  0.957501E+00  0.395196E+01  0.820267E+02  0.615864E+07  0.372047E+09  0.100007E+03  0.998463E+00  0.516661E-01  0.119637E+01  0.427165E+01  0.354425E+00  0.252143E+00
   290.0  0.954331E+00  0.394802E+01  0.820819E+02  0.621969E+07  0.375856E+09  0.100008E+03  0.998463E+00  0.541522E-01  0.122776E+01  0.423935E+01  0.369945E+00  0.263382E+00
   300.0  0.951261E+00  0.394396E+01  0.821375E+02  0.627815E+07  0.379407E+09  0.100009E+03  0.998465E+00  0.566592E-01  0.125916E+01  0.420700E+01  0.385445E+00  0.274621E+00
