rxn00001
  0.00000E+00  0.37124E+10  0.36621E+10  0.36342E+10  0.36185E+10  0.36089E+10  0.36031E+10  0.35995E+10  0.35972E+10  0.35955E+10  0.35943E+10  0.35934E+10  0.35926E+10  0.35919E+10  0.35913E+10  0.35908E+10  0.35902E+10  0.35897E+10  0.35892E+10  0.35888E+10  0.35883E+10  0.35878E+10  0.35874E+10  0.35869E+10  0.35864E+10  0.35860E+10  0.35855E+10  0.35851E+10  0.35846E+10  0.35842E+10  0.35837E+10
rxn00002
  0.00000E+00  0.90008E+03  0.88939E+03  0.88339E+03  0.87997E+03  0.87785E+03  0.87655E+03  0.87570E+03  0.87513E+03  0.87471E+03  0.87436E+03  0.87409E+03  0.87385E+03  0.87363E+03  0.87343E+03  0.87323E+03  0.87305E+03  0.87287E+03  0.87269E+03  0.87251E+03  0.87234E+03  0.87217E+03  0.87200E+03  0.87183E+03  0.87166E+03  0.87149E+03  0.87132E+03  0.87115E+03  0.87098E+03  0.87081E+03  0.87065E+03
rxn00003
  0.00000E+00  0.25286E+04  0.28778E+04  0.30651E+04  0.31668E+04  0.32264E+04  0.32600E+04  0.32794E+04  0.32903E+04  0.32966E+04  0.33005E+04  0.33023E+04  0.33033E+04  0.33036E+04  0.33035E+04  0.33031E+04  0.33026E+04  0.33020E+04  0.33013E+04  0.33006E+04  0.32998E+04  0.32991E+04  0.32983E+04  0.32976E+04  0.32968E+04  0.32961E+04  0.32953E+04  0.32946E+04  0.32938E+04  0.32931E+04  0.32923E+04
rxn00004
  0.00000E+00  0.11505E+06  0.11095E+06  0.10870E+06  0.10744E+06  0.10668E+06  0.10623E+06  0.10595E+06  0.10577E+06  0.10565E+06  0.10556E+06  0.10549E+06  0.10543E+06  0.10538E+06  0.10534E+06  0.10530E+06  0.10527E+06  0.10523E+06  0.10520E+06  0.10517E+06  0.10513E+06  0.10510E+06  0.10507E+06  0.10504E+06  0.10501E+06  0.10498E+06  0.10495E+06  0.10492E+06  0.10489E+06  0.10486E+06  0.10483E+06
rxn00005
  0.00000E+00  0.34510E+05  0.33280E+05  0.32606E+05  0.32230E+05  0.32002E+05  0.31867E+05  0.31783E+05  0.31729E+05  0.31691E+05  0.31664E+05  0.31643E+05  0.31626E+05  0.31612E+05  0.31599E+05  0.31587E+05  0.31576E+05  0.31566E+05  0.31556E+05  0.31546E+05  0.31537E+05  0.31527E+05  0.31518E+05  0.31509E+05  0.31499E+05  0.31490E+05  0.31481E+05  0.31472E+05  0.31463E+05  0.31453E+05  0.31444E+05
rxn00006
  0.00000E+00  0.11559E+09  0.11578E+09  0.11589E+09  0.11594E+09  0.11597E+09  0.11598E+09  0.11598E+09  0.11598E+09  0.11598E+09  0.11598E+09  0.11597E+09  0.11596E+09  0.11595E+09  0.11595E+09  0.11594E+09  0.11593E+09  0.11592E+09  0.11592E+09  0.11591E+09  0.11590E+09  0.11589E+09  0.11589E+09  0.11588E+09  0.11587E+09  0.11586E+09  0.11585E+09  0.11585E+09  0.11584E+09  0.11583E+09  0.11582E+09
rxn00007
  0.00000E+00  0.16201E+10  0.18722E+10  0.20112E+10  0.20878E+10  0.21334E+10  0.21593E+10  0.21743E+10  0.21830E+10  0.21881E+10  0.21913E+10  0.21930E+10  0.21940E+10  0.21944E+10  0.21946E+10  0.21946E+10  0.21944E+10  0.21941E+10  0.21938E+10  0.21935E+10  0.21932E+10  0.21928E+10  0.21924E+10  0.21921E+10  0.21917E+10  0.21913E+10  0.21910E+10  0.21906E+10  0.21902E+10  0.21899E+10  0.21895E+10
rxn00008
  0.00000E+00  0.20749E+08  0.20318E+08  0.20078E+08  0.19942E+08  0.19858E+08  0.19808E+08  0.19776E+08  0.19755E+08  0.19740E+08  0.19729E+08  0.19720E+08  0.19713E+08  0.19706E+08  0.19700E+08  0.19695E+08  0.19690E+08  0.19685E+08  0.19680E+08  0.19675E+08  0.19670E+08  0.19666E+08  0.19661E+08  0.19656E+08  0.19652E+08  0.19647E+08  0.19643E+08  0.19638E+08  0.19633E+08  0.19629E+08  0.19624E+08
rxn00009
  0.00000E+00  0.13205E+03  0.17577E+03  0.20247E+03  0.21800E+03  0.22750E+03  0.23301E+03  0.23625E+03  0.23814E+03  0.23928E+03  0.24000E+03  0.24039E+03  0.24064E+03  0.24077E+03  0.24084E+03  0.24086E+03  0.24086E+03  0.24083E+03  0.24080E+03  0.24075E+03  0.24071E+03  0.24066E+03  0.24062E+03  0.24057E+03  0.24052E+03  0.24047E+03  0.24042E+03  0.24037E+03  0.24032E+03  0.24028E+03  0.24023E+03
rxn00010
  0.00000E+00  0.12792E+08  0.13571E+08  0.14016E+08  0.14294E+08  0.14497E+08  0.14646E+08  0.14762E+08  0.14854E+08  0.14928E+08  0.14991E+08  0.15041E+08  0.15084E+08  0.15120E+08  0.15152E+08  0.15177E+08  0.15200E+08  0.15218E+08  0.15234E+08  0.15247E+08  0.15258E+08  0.15268E+08  0.15276E+08  0.15283E+08  0.15288E+08  0.15293E+08  0.15297E+08  0.15300E+08  0.15303E+08  0.15305E+08  0.15306E+08
rxn00011
  0.00000E+00  0.19855E+04  0.17848E+04  0.16957E+04  0.16545E+04  0.16353E+04  0.16282E+04  0.16271E+04  0.16290E+04  0.16321E+04  0.16356E+04  0.16391E+04  0.16424E+04  0.16454E+04  0.16482E+04  0.16506E+04  0.16528E+04  0.16545E+04  0.16561E+04  0.16573E+04  0.16583E+04  0.16593E+04  0.16601E+04  0.16607E+04  0.16612E+04  0.16616E+04  0.16619E+04  0.16622E+04  0.16624E+04  0.16625E+04  0.16625E+04
rxn00012
  0.00000E+00  0.38544E+07  0.34648E+07  0.32918E+07  0.32119E+07  0.31745E+07  0.31609E+07  0.31588E+07  0.31624E+07  0.31684E+07  0.31751E+07  0.31819E+07  0.31884E+07  0.31943E+07  0.31997E+07  0.32043E+07  0.32085E+07  0.32119E+07  0.32150E+07  0.32173E+07  0.32193E+07  0.32212E+07  0.32227E+07  0.32240E+07  0.32249E+07  0.32257E+07  0.32263E+07  0.32268E+07  0.32271E+07  0.32274E+07  0.32275E+07
rxn00013
  0.00000E+00  0.11483E+08  0.11503E+08  0.11513E+08  0.11518E+08  0.11521E+08  0.11522E+08  0.11523E+08  0.11523E+08  0.11522E+08  0.11522E+08  0.11521E+08  0.11520E+08  0.11520E+08  0.11519E+08  0.11518E+08  0.11517E+08  0.11517E+08  0.11516E+08  0.11515E+08  0.11514E+08  0.11514E+08  0.11513E+08  0.11512E+08  0.11511E+08  0.11511E+08  0.11510E+08  0.11509E+08  0.11508E+08  0.11507E+08  0.11507E+08
rxn00014
  0.00000E+00  0.16358E+06  0.16596E+06  0.16749E+06  0.16857E+06  0.16941E+06  0.17009E+06  0.17065E+06  0.17113E+06  0.17156E+06  0.17195E+06  0.17230E+06  0.17264E+06  0.17295E+06  0.17324E+06  0.17352E+06  0.17380E+06  0.17405E+06  0.17431E+06  0.17455E+06  0.17479E+06  0.17503E+06  0.17526E+06  0.17549E+06  0.17571E+06  0.17594E+06  0.17616E+06  0.17638E+06  0.17659E+06  0.17681E+06  0.17702E+06
rxn00015
  0.00000E+00  0.56372E+05  0.57096E+05  0.57570E+05  0.57915E+05  0.58192E+05  0.58417E+05  0.58608E+05  0.58774E+05  0.58923E+05  0.59060E+05  0.59184E+05  0.59301E+05  0.59412E+05  0.59518E+05  0.59618E+05  0.59715E+05  0.59808E+05  0.59900E+05  0.59988E+05  0.60074E+05  0.60159E+05  0.60243E+05  0.60326E+05  0.60407E+05  0.60488E+05  0.60567E+05  0.60647E+05  0.60726E+05  0.60804E+05  0.60882E+05
rxn00016
  0.00000E+00  0.47173E+06  0.47779E+06  0.48175E+06  0.48464E+06  0.48696E+06  0.48884E+06  0.49045E+06  0.49184E+06  0.49308E+06  0.49423E+06  0.49527E+06  0.49625E+06  0.49718E+06  0.49807E+06  0.49891E+06  0.49972E+06  0.50050E+06  0.50127E+06  0.50200E+06  0.50272E+06  0.50344E+06  0.50414E+06  0.50484E+06  0.50552E+06  0.50620E+06  0.50686E+06  0.50753E+06  0.50819E+06  0.50885E+06  0.50950E+06
rxn00017
  0.00000E+00  0.34139E+05  0.34574E+05  0.34858E+05  0.35064E+05  0.35228E+05  0.35361E+05  0.35474E+05  0.35571E+05  0.35658E+05  0.35738E+05  0.35810E+05  0.35877E+05  0.35941E+05  0.36002E+05  0.36059E+05  0.36115E+05  0.36168E+05  0.36220E+05  0.36270E+05  0.36319E+05  0.36367E+05  0.36415E+05  0.36461E+05  0.36507E+05  0.36553E+05  0.36598E+05  0.36643E+05  0.36687E+05  0.36731E+05  0.36775E+05
rxn00018
  0.00000E+00  0.18228E+05  0.19587E+05  0.20452E+05  0.21213E+05  0.21891E+05  0.22484E+05  0.22998E+05  0.23438E+05  0.23815E+05  0.24145E+05  0.24420E+05  0.24662E+05  0.24870E+05  0.25055E+05  0.25209E+05  0.25348E+05  0.25462E+05  0.25566E+05  0.25651E+05  0.25725E+05  0.25796E+05  0.25856E+05  0.25912E+05  0.25958E+05  0.26001E+05  0.26039E+05  0.26074E+05  0.26106E+05  0.26134E+05  0.26160E+05
rxn00019
  0.00000E+00  0.28981E+03  0.31488E+03  0.33122E+03  0.34544E+03  0.35810E+03  0.36918E+03  0.37885E+03  0.38720E+03  0.39443E+03  0.40085E+03  0.40629E+03  0.41115E+03  0.41541E+03  0.41928E+03  0.42258E+03  0.42564E+03  0.42825E+03  0.43069E+03  0.43278E+03  0.43468E+03  0.43654E+03  0.43818E+03  0.43976E+03  0.44117E+03  0.44253E+03  0.44378E+03  0.44499E+03  0.44614E+03  0.44723E+03  0.44828E+03
rxn00020
  0.00000E+00  0.31602E+02  0.36365E+02  0.39579E+02  0.42539E+02  0.45280E+02  0.47757E+02  0.49963E+02  0.51894E+02  0.53579E+02  0.55081E+02  0.56349E+02  0.57477E+02  0.58457E+02  0.59338E+02  0.60075E+02  0.60749E+02  0.61303E+02  0.61815E+02  0.62234E+02  0.62604E+02  0.62959E+02  0.63258E+02  0.63542E+02  0.63776E+02  0.63998E+02  0.64192E+02  0.64374E+02  0.64539E+02  0.64688E+02  0.64824E+02
rxn00021
  0.00000E+00  0.19893E+06  0.23245E+06  0.25155E+06  0.26259E+06  0.26953E+06  0.27382E+06  0.27662E+06  0.27852E+06  0.27989E+06  0.28096E+06  0.28178E+06  0.28248E+06  0.28309E+06  0.28364E+06  0.28412E+06  0.28459E+06  0.28501E+06  0.28543E+06  0.28582E+06  0.28620E+06  0.28658E+06  0.28695E+06  0.28732E+06  0.28768E+06  0.28803E+06  0.28838E+06  0.28873E+06  0.28908E+06  0.28942E+06  0.28977E+06
rxn00022
  0.00000E+00  0.19701E+07  0.19507E+07  0.19418E+07  0.19394E+07  0.19400E+07  0.19424E+07  0.19455E+07  0.19490E+07  0.19525E+07  0.19560E+07  0.19594E+07  0.19626E+07  0.19657E+07  0.19688E+07  0.19717E+07  0.19745E+07  0.19772E+07  0.19799E+07  0.19824E+07  0.19849E+07  0.19874E+07  0.19898E+07  0.19922E+07  0.19946E+07  0.19969E+07  0.19992E+07  0.20015E+07  0.20038E+07  0.20061E+07  0.20083E+07
rxn00023
  0.00000E+00  0.22581E+03  0.21031E+03  0.20406E+03  0.20176E+03  0.20126E+03  0.20170E+03  0.20256E+03  0.20358E+03  0.20462E+03  0.20565E+03  0.20660E+03  0.20750E+03  0.20832E+03  0.20910E+03  0.20980E+03  0.21046E+03  0.21105E+03  0.21161E+03  0.21212E+03  0.21259E+03  0.21305E+03  0.21348E+03  0.21390E+03  0.21428E+03  0.21466E+03  0.21502E+03  0.21537E+03  0.21570E+03  0.21603E+03  0.21635E+03
rxn00024
  0.00000E+00  0.96131E+06  0.11897E+07  0.13321E+07  0.14330E+07  0.15103E+07  0.15697E+07  0.16167E+07  0.16543E+07  0.16849E+07  0.17109E+07  0.17319E+07  0.17501E+07  0.17654E+07  0.17789E+07  0.17900E+07  0.18000E+07  0.18081E+07  0.18155E+07  0.18215E+07  0.18267E+07  0.18317E+07  0.18359E+07  0.18398E+07  0.18430E+07  0.18460E+07  0.18486E+07  0.18511E+07  0.18532E+07  0.18552E+07  0.18570E+07
rxn00025
  0.00000E+00  0.10091E+07  0.10582E+07  0.10899E+07  0.11217E+07  0.11522E+07  0.11801E+07  0.12051E+07  0.12269E+07  0.12458E+07  0.12624E+07  0.12764E+07  0.12887E+07  0.12993E+07  0.13087E+07  0.13165E+07  0.13236E+07  0.13294E+07  0.13347E+07  0.13390E+07  0.13427E+07  0.13463E+07  0.13493E+07  0.13521E+07  0.13543E+07  0.13565E+07  0.13583E+07  0.13600E+07  0.13615E+07  0.13629E+07  0.13641E+07
rxn00026
  0.00000E+00  0.19889E+02  0.40022E+02  0.55848E+02  0.68264E+02  0.78406E+02  0.86646E+02  0.93457E+02  0.99098E+02  0.10383E+03  0.10794E+03  0.11132E+03  0.11428E+03  0.11683E+03  0.11910E+03  0.12099E+03  0.12271E+03  0.12413E+03  0.12544E+03  0.12652E+03  0.12748E+03  0.12840E+03  0.12919E+03  0.12993E+03  0.13056E+03  0.13115E+03  0.13168E+03  0.13218E+03  0.13264E+03  0.13306E+03  0.13345E+03
rxn00027
  0.00000E+00  0.17640E+03  0.17400E+03  0.17469E+03  0.17799E+03  0.18231E+03  0.18691E+03  0.19137E+03  0.19546E+03  0.19913E+03  0.20244E+03  0.20527E+03  0.20781E+03  0.21001E+03  0.21200E+03  0.21366E+03  0.21518E+03  0.21643E+03  0.21758E+03  0.21852E+03  0.21934E+03  0.22013E+03  0.22079E+03  0.22141E+03  0.22192E+03  0.22240E+03  0.22281E+03  0.22320E+03  0.22354E+03  0.22385E+03  0.22413E+03
rxn00028
  0.00000E+00  0.84202E+01  0.19154E+02  0.31146E+02  0.43751E+02  0.56601E+02  0.69517E+02  0.82388E+02  0.95143E+02  0.10775E+03  0.12022E+03  0.13248E+03  0.14459E+03  0.15651E+03  0.16832E+03  0.17988E+03  0.19135E+03  0.20256E+03  0.21367E+03  0.22451E+03  0.23516E+03  0.24579E+03  0.25617E+03  0.26653E+03  0.27661E+03  0.28664E+03  0.29644E+03  0.30620E+03  0.31582E+03  0.32530E+03  0.33462E+03
rxn00029
  0.00000E+00  0.26872E+01  0.54253E+01  0.81764E+01  0.10940E+02  0.13720E+02  0.16515E+02  0.19323E+02  0.22146E+02  0.24983E+02  0.27832E+02  0.30694E+02  0.33568E+02  0.36454E+02  0.39351E+02  0.42259E+02  0.45177E+02  0.48107E+02  0.51046E+02  0.53997E+02  0.56959E+02  0.59930E+02  0.62912E+02  0.65903E+02  0.68905E+02  0.71917E+02  0.74940E+02  0.77971E+02  0.81013E+02  0.84065E+02  0.87127E+02
rxn00030
  0.00000E+00  0.12707E+09  0.12729E+09  0.12740E+09  0.12746E+09  0.12749E+09  0.12750E+09  0.12751E+09  0.12751E+09  0.12750E+09  0.12750E+09  0.12749E+09  0.12748E+09  0.12747E+09  0.12747E+09  0.12746E+09  0.12745E+09  0.12744E+09  0.12743E+09  0.12742E+09  0.12742E+09  0.12741E+09  0.12740E+09  0.12739E+09  0.12738E+09  0.12737E+09  0.12736E+09  0.12736E+09  0.12735E+09  0.12734E+09  0.12733E+09
rxn00031
  0.00000E+00  0.12572E+10  0.12593E+10  0.12604E+10  0.12610E+10  0.12613E+10  0.12615E+10  0.12615E+10  0.12615E+10  0.12614E+10  0.12614E+10  0.12613E+10  0.12613E+10  0.12612E+10  0.12611E+10  0.12610E+10  0.12609E+10  0.12608E+10  0.12608E+10  0.12607E+10  0.12606E+10  0.12605E+10  0.12604E+10  0.12603E+10  0.12602E+10  0.12602E+10  0.12601E+10  0.12600E+10  0.12599E+10  0.12598E+10  0.12597E+10
rxn00032
  0.00000E+00  0.18851E+06  0.18850E+06  0.18848E+06  0.18846E+06  0.18845E+06  0.18843E+06  0.18841E+06  0.18840E+06  0.18838E+06  0.18836E+06  0.18835E+06  0.18833E+06  0.18831E+06  0.18830E+06  0.18828E+06  0.18826E+06  0.18825E+06  0.18823E+06  0.18821E+06  0.18820E+06  0.18818E+06  0.18816E+06  0.18815E+06  0.18813E+06  0.18811E+06  0.18810E+06  0.18808E+06  0.18806E+06  0.18805E+06  0.18803E+06
rxn00033
  0.00000E+00  0.23374E+10  0.22850E+10  0.22559E+10  0.22396E+10  0.22297E+10  0.22238E+10  0.22201E+10  0.22178E+10  0.22162E+10  0.22150E+10  0.22142E+10  0.22135E+10  0.22129E+10  0.22124E+10  0.22119E+10  0.22114E+10  0.22110E+10  0.22106E+10  0.22102E+10  0.22099E+10  0.22095E+10  0.22091E+10  0.22087E+10  0.22084E+10  0.22080E+10  0.22076E+10  0.22073E+10  0.22069E+10  0.22066E+10  0.22062E+10
rxn00034
  0.00000E+00  0.29281E+06  0.26925E+06  0.25910E+06  0.25465E+06  0.25281E+06  0.25239E+06  0.25263E+06  0.25319E+06  0.25385E+06  0.25453E+06  0.25517E+06  0.25577E+06  0.25631E+06  0.25681E+06  0.25723E+06  0.25762E+06  0.25794E+06  0.25823E+06  0.25847E+06  0.25868E+06  0.25887E+06  0.25903E+06  0.25918E+06  0.25930E+06  0.25941E+06  0.25950E+06  0.25958E+06  0.25965E+06  0.25971E+06  0.25976E+06
rxn00035
  0.00000E+00  0.23463E+07  0.21575E+07  0.20762E+07  0.20405E+07  0.20258E+07  0.20224E+07  0.20244E+07  0.20288E+07  0.20341E+07  0.20396E+07  0.20447E+07  0.20495E+07  0.20539E+07  0.20578E+07  0.20612E+07  0.20643E+07  0.20669E+07  0.20693E+07  0.20712E+07  0.20728E+07  0.20744E+07  0.20757E+07  0.20769E+07  0.20778E+07  0.20787E+07  0.20794E+07  0.20800E+07  0.20806E+07  0.20811E+07  0.20815E+07
rxn00036
  0.00000E+00  0.33203E+04  0.74573E+04  0.12026E+05  0.16793E+05  0.21621E+05  0.26453E+05  0.31249E+05  0.35984E+05  0.40649E+05  0.45250E+05  0.49758E+05  0.54198E+05  0.58560E+05  0.62865E+05  0.67069E+05  0.71229E+05  0.75284E+05  0.79295E+05  0.83197E+05  0.87018E+05  0.90822E+05  0.94526E+05  0.98211E+05  0.10179E+06  0.10534E+06  0.10880E+06  0.11223E+06  0.11561E+06  0.11892E+06  0.12218E+06
rxn00037
  0.00000E+00  0.14202E+02  0.28310E+02  0.42314E+02  0.56281E+02  0.70247E+02  0.84227E+02  0.98231E+02  0.11226E+03  0.12632E+03  0.14040E+03  0.15452E+03  0.16865E+03  0.18281E+03  0.19698E+03  0.21118E+03  0.22540E+03  0.23964E+03  0.25390E+03  0.26818E+03  0.28249E+03  0.29680E+03  0.31114E+03  0.32548E+03  0.33985E+03  0.35423E+03  0.36863E+03  0.38304E+03  0.39747E+03  0.41191E+03  0.42637E+03
rxn00038
  0.00000E+00  0.66873E+06  0.11735E+07  0.15413E+07  0.18217E+07  0.20477E+07  0.22301E+07  0.23803E+07  0.25045E+07  0.26084E+07  0.26983E+07  0.27720E+07  0.28363E+07  0.28911E+07  0.29397E+07  0.29796E+07  0.30155E+07  0.30445E+07  0.30709E+07  0.30919E+07  0.31101E+07  0.31273E+07  0.31412E+07  0.31543E+07  0.31644E+07  0.31738E+07  0.31815E+07  0.31886E+07  0.31946E+07  0.31997E+07  0.32039E+07
rxn00039
  0.00000E+00  0.21834E+06  0.43377E+06  0.60032E+06  0.72942E+06  0.83381E+06  0.91789E+06  0.98681E+06  0.10434E+07  0.10905E+07  0.11310E+07  0.11640E+07  0.11926E+07  0.12169E+07  0.12384E+07  0.12559E+07  0.12717E+07  0.12844E+07  0.12960E+07  0.13052E+07  0.13132E+07  0.13208E+07  0.13270E+07  0.13329E+07  0.13375E+07  0.13418E+07  0.13454E+07  0.13488E+07  0.13517E+07  0.13543E+07  0.13565E+07
rxn00040
  0.00000E+00  0.18933E+06  0.19177E+06  0.19336E+06  0.19452E+06  0.19544E+06  0.19620E+06  0.19684E+06  0.19740E+06  0.19790E+06  0.19836E+06  0.19878E+06  0.19917E+06  0.19954E+06  0.19990E+06  0.20023E+06  0.20056E+06  0.20087E+06  0.20118E+06  0.20148E+06  0.20176E+06  0.20205E+06  0.20233E+06  0.20261E+06  0.20288E+06  0.20316E+06  0.20342E+06  0.20369E+06  0.20396E+06  0.20422E+06  0.20448E+06
rxn00041
  0.00000E+00  0.93727E+01  0.10639E+02  0.10350E+02  0.10266E+02  0.10333E+02  0.10482E+02  0.10657E+02  0.10835E+02  0.11003E+02  0.11160E+02  0.11299E+02  0.11427E+02  0.11541E+02  0.11646E+02  0.11737E+02  0.11822E+02  0.11895E+02  0.11964E+02  0.12023E+02  0.12077E+02  0.12130E+02  0.12177E+02  0.12222E+02  0.12263E+02  0.12302E+02  0.12338E+02  0.12373E+02  0.12406E+02  0.12438E+02  0.12468E+02
rxn00042
  0.00000E+00  0.10276E+01  0.11664E+01  0.11348E+01  0.11255E+01  0.11329E+01  0.11491E+01  0.11684E+01  0.11878E+01  0.12063E+01  0.12235E+01  0.12388E+01  0.12528E+01  0.12653E+01  0.12768E+01  0.12868E+01  0.12961E+01  0.13041E+01  0.13117E+01  0.13181E+01  0.13241E+01  0.13299E+01  0.13350E+01  0.13400E+01  0.13444E+01  0.13487E+01  0.13527E+01  0.13565E+01  0.13602E+01  0.13636E+01  0.13670E+01
rxn00043
  0.00000E+00  0.16312E+03  0.19913E+03  0.19931E+03  0.19786E+03  0.19720E+03  0.19711E+03  0.19730E+03  0.19760E+03  0.19796E+03  0.19833E+03  0.19869E+03  0.19906E+03  0.19941E+03  0.19976E+03  0.20009E+03  0.20041E+03  0.20073E+03  0.20104E+03  0.20133E+03  0.20162E+03  0.20191E+03  0.20219E+03  0.20247E+03  0.20275E+03  0.20302E+03  0.20329E+03  0.20356E+03  0.20382E+03  0.20409E+03  0.20435E+03
rxn00044
  0.00000E+00  0.16296E+06  0.19893E+06  0.19911E+06  0.19767E+06  0.19700E+06  0.19692E+06  0.19710E+06  0.19741E+06  0.19776E+06  0.19813E+06  0.19850E+06  0.19886E+06  0.19921E+06  0.19956E+06  0.19989E+06  0.20021E+06  0.20053E+06  0.20083E+06  0.20113E+06  0.20142E+06  0.20171E+06  0.20199E+06  0.20227E+06  0.20254E+06  0.20282E+06  0.20309E+06  0.20335E+06  0.20362E+06  0.20388E+06  0.20414E+06
rxn00045
  0.00000E+00  0.48776E+06  0.50456E+06  0.46453E+06  0.44122E+06  0.42856E+06  0.42216E+06  0.41895E+06  0.41749E+06  0.41695E+06  0.41687E+06  0.41715E+06  0.41756E+06  0.41808E+06  0.41864E+06  0.41923E+06  0.41983E+06  0.42043E+06  0.42103E+06  0.42161E+06  0.42219E+06  0.42276E+06  0.42332E+06  0.42388E+06  0.42443E+06  0.42497E+06  0.42551E+06  0.42604E+06  0.42657E+06  0.42709E+06  0.42762E+06
rxn00046
  0.00000E+00  0.98759E+01  0.96093E+01  0.86233E+01  0.81085E+01  0.78537E+01  0.77440E+01  0.77054E+01  0.77034E+01  0.77190E+01  0.77424E+01  0.77701E+01  0.77986E+01  0.78268E+01  0.78544E+01  0.78801E+01  0.79049E+01  0.79275E+01  0.79492E+01  0.79690E+01  0.79876E+01  0.80058E+01  0.80227E+01  0.80393E+01  0.80546E+01  0.80697E+01  0.80840E+01  0.80980E+01  0.81116E+01  0.81248E+01  0.81376E+01
rxn00047
  0.00000E+00  0.30402E-03  0.87822E-03  0.14666E-02  0.20444E-02  0.26237E-02  0.32108E-02  0.38081E-02  0.44164E-02  0.50350E-02  0.56616E-02  0.62981E-02  0.69410E-02  0.75904E-02  0.82443E-02  0.89050E-02  0.95687E-02  0.10238E-01  0.10910E-01  0.11587E-01  0.12267E-01  0.12948E-01  0.13632E-01  0.14318E-01  0.15007E-01  0.15697E-01  0.16389E-01  0.17083E-01  0.17778E-01  0.18475E-01  0.19174E-01
rxn00048
  0.00000E+00  0.26741E-03  0.78240E-03  0.13174E-02  0.18474E-02  0.23822E-02  0.29266E-02  0.34824E-02  0.40501E-02  0.46291E-02  0.52173E-02  0.58161E-02  0.64224E-02  0.70364E-02  0.76563E-02  0.82838E-02  0.89157E-02  0.95544E-02  0.10197E-01  0.10845E-01  0.11498E-01  0.12154E-01  0.12814E-01  0.13477E-01  0.14144E-01  0.14815E-01  0.15489E-01  0.16165E-01  0.16845E-01  0.17528E-01  0.18215E-01
rxn00049
  0.00000E+00  0.17827E-03  0.52160E-03  0.87829E-03  0.12316E-02  0.15882E-02  0.19511E-02  0.23216E-02  0.27001E-02  0.30861E-02  0.34782E-02  0.38774E-02  0.42816E-02  0.46910E-02  0.51042E-02  0.55225E-02  0.59438E-02  0.63696E-02  0.67979E-02  0.72302E-02  0.76655E-02  0.81025E-02  0.85427E-02  0.89846E-02  0.94296E-02  0.98764E-02  0.10326E-01  0.10777E-01  0.11230E-01  0.11686E-01  0.12143E-01
rxn00050
  0.00000E+00  0.41372E+06  0.41342E+06  0.41313E+06  0.41283E+06  0.41253E+06  0.41224E+06  0.41194E+06  0.41165E+06  0.41135E+06  0.41106E+06  0.41076E+06  0.41047E+06  0.41017E+06  0.40988E+06  0.40959E+06  0.40929E+06  0.40900E+06  0.40871E+06  0.40842E+06  0.40813E+06  0.40784E+06  0.40754E+06  0.40725E+06  0.40696E+06  0.40667E+06  0.40638E+06  0.40609E+06  0.40580E+06  0.40552E+06  0.40523E+06
rxn00051
  0.00000E+00  0.60039E+06  0.59996E+06  0.59953E+06  0.59910E+06  0.59867E+06  0.59824E+06  0.59781E+06  0.59738E+06  0.59695E+06  0.59652E+06  0.59610E+06  0.59567E+06  0.59524E+06  0.59482E+06  0.59439E+06  0.59397E+06  0.59354E+06  0.59312E+06  0.59269E+06  0.59227E+06  0.59185E+06  0.59143E+06  0.59100E+06  0.59058E+06  0.59016E+06  0.58974E+06  0.58932E+06  0.58890E+06  0.58848E+06  0.58806E+06
rxn00052
  0.00000E+00  0.97150E+02  0.89268E+02  0.85842E+02  0.84308E+02  0.83638E+02  0.83439E+02  0.83461E+02  0.83584E+02  0.83742E+02  0.83906E+02  0.84057E+02  0.84194E+02  0.84312E+02  0.84415E+02  0.84494E+02  0.84561E+02  0.84605E+02  0.84641E+02  0.84658E+02  0.84665E+02  0.84669E+02  0.84660E+02  0.84649E+02  0.84627E+02  0.84602E+02  0.84571E+02  0.84537E+02  0.84500E+02  0.84459E+02  0.84415E+02
rxn00053
  0.00000E+00  0.87839E+05  0.88903E+05  0.89576E+05  0.90048E+05  0.90413E+05  0.90698E+05  0.90930E+05  0.91122E+05  0.91287E+05  0.91434E+05  0.91560E+05  0.91676E+05  0.91781E+05  0.91879E+05  0.91968E+05  0.92052E+05  0.92130E+05  0.92204E+05  0.92274E+05  0.92340E+05  0.92405E+05  0.92468E+05  0.92529E+05  0.92588E+05  0.92645E+05  0.92702E+05  0.92757E+05  0.92811E+05  0.92865E+05  0.92918E+05
rxn00054
  0.00000E+00  0.98991E-03  0.28922E-02  0.49403E-02  0.69751E-02  0.90009E-02  0.11024E-01  0.13049E-01  0.15077E-01  0.17109E-01  0.19145E-01  0.21185E-01  0.23229E-01  0.25277E-01  0.27327E-01  0.29382E-01  0.31439E-01  0.33501E-01  0.35564E-01  0.37633E-01  0.39705E-01  0.41778E-01  0.43855E-01  0.45933E-01  0.48015E-01  0.50099E-01  0.52188E-01  0.54277E-01  0.56369E-01  0.58463E-01  0.60561E-01
rxn00055
  0.00000E+00  0.16913E-04  0.50050E-04  0.86202E-04  0.12244E-03  0.15875E-03  0.19519E-03  0.23179E-03  0.26858E-03  0.30555E-03  0.34269E-03  0.38002E-03  0.41750E-03  0.45515E-03  0.49295E-03  0.53091E-03  0.56901E-03  0.60727E-03  0.64566E-03  0.68421E-03  0.72292E-03  0.76174E-03  0.80073E-03  0.83983E-03  0.87909E-03  0.91847E-03  0.95802E-03  0.99767E-03  0.10375E-02  0.10774E-02  0.11175E-02
rxn00056
  0.00000E+00  0.16283E+06  0.19887E+06  0.19896E+06  0.19762E+06  0.19698E+06  0.19692E+06  0.19711E+06  0.19741E+06  0.19777E+06  0.19814E+06  0.19850E+06  0.19887E+06  0.19922E+06  0.19957E+06  0.19990E+06  0.20022E+06  0.20053E+06  0.20084E+06  0.20114E+06  0.20143E+06  0.20172E+06  0.20200E+06  0.20228E+06  0.20255E+06  0.20283E+06  0.20309E+06  0.20336E+06  0.20363E+06  0.20389E+06  0.20415E+06
rxn00057
  0.00000E+00  0.47803E+06  0.50743E+06  0.46683E+06  0.44252E+06  0.42925E+06  0.42253E+06  0.41915E+06  0.41759E+06  0.41699E+06  0.41688E+06  0.41714E+06  0.41754E+06  0.41805E+06  0.41860E+06  0.41919E+06  0.41979E+06  0.42039E+06  0.42099E+06  0.42158E+06  0.42215E+06  0.42272E+06  0.42329E+06  0.42384E+06  0.42439E+06  0.42494E+06  0.42547E+06  0.42601E+06  0.42654E+06  0.42706E+06  0.42758E+06
rxn00058
  0.00000E+00  0.00000E+00  0.00000E+00  0.00000E+00  0.00000E+00  0.00000E+00  0.00000E+00  0.00000E+00  0.00000E+00  0.00000E+00  0.00000E+00  0.00000E+00  0.00000E+00  0.00000E+00  0.00000E+00  0.00000E+00  0.00000E+00  0.00000E+00  0.00000E+00  0.00000E+00  0.00000E+00  0.00000E+00  0.00000E+00  0.00000E+00  0.00000E+00  0.00000E+00  0.00000E+00  0.00000E+00  0.00000E+00  0.00000E+00  0.00000E+00
rxn00059
  0.00000E+00  0.21153E+08  0.21398E+08  0.21549E+08  0.21651E+08  0.21727E+08  0.21784E+08  0.21827E+08  0.21862E+08  0.21889E+08  0.21912E+08  0.21930E+08  0.21946E+08  0.21959E+08  0.21970E+08  0.21979E+08  0.21986E+08  0.21992E+08  0.21998E+08  0.22002E+08  0.22005E+08  0.22008E+08  0.22010E+08  0.22012E+08  0.22013E+08  0.22014E+08  0.22015E+08  0.22015E+08  0.22015E+08  0.22015E+08  0.22014E+08
rxn00060
  0.00000E+00  0.79169E+07  0.79204E+07  0.79175E+07  0.79112E+07  0.79032E+07  0.78942E+07  0.78845E+07  0.78744E+07  0.78642E+07  0.78539E+07  0.78435E+07  0.78330E+07  0.78225E+07  0.78120E+07  0.78015E+07  0.77910E+07  0.77805E+07  0.77700E+07  0.77595E+07  0.77490E+07  0.77386E+07  0.77281E+07  0.77176E+07  0.77071E+07  0.76966E+07  0.76862E+07  0.76757E+07  0.76653E+07  0.76548E+07  0.76444E+07
rxn00061
  0.00000E+00  0.23194E+07  0.21301E+07  0.20473E+07  0.20096E+07  0.19926E+07  0.19868E+07  0.19862E+07  0.19880E+07  0.19907E+07  0.19935E+07  0.19960E+07  0.19981E+07  0.19998E+07  0.20011E+07  0.20018E+07  0.20023E+07  0.20022E+07  0.20019E+07  0.20012E+07  0.20002E+07  0.19991E+07  0.19978E+07  0.19964E+07  0.19947E+07  0.19930E+07  0.19911E+07  0.19891E+07  0.19871E+07  0.19850E+07  0.19828E+07
