================================================================================
 case2                                                                                               
 Short sim name = case2           
================================================================================
    t-t0    NO            NO2           O3            HO            HO2           CO            H2O2          HNO3          HCHO          ISO           MACR          MVK     
     0.0  0.100000E+00  0.500000E+01  0.800000E+02  0.000000E+00  0.000000E+00  0.100000E+03  0.100000E+01  0.000000E+00  0.500000E+00  0.500000E+01  0.000000E+00  0.000000E+00
    10.0  0.465911E+00  0.463059E+01  0.803629E+02  0.139986E+07  0.374474E+08  0.100000E+03  0.100000E+01  0.574391E-03  0.501566E+00  0.499265E+01  0.101751E-02  0.999438E-03
    20.0  0.701159E+00  0.439003E+01  0.806042E+02  0.198438E+07  0.813354E+08  0.100001E+03  0.100001E+01  0.133989E-02  0.506753E+00  0.498283E+01  0.339466E-02  0.409023E-02
    30.0  0.850089E+00  0.423447E+01  0.807671E+02  0.252165E+07  0.110123E+09  0.100001E+03  0.100002E+01  0.233888E-02  0.514567E+00  0.497006E+01  0.676598E-02  0.871147E-02
    40.0  0.943483E+00  0.413402E+01  0.808804E+02  0.294377E+07  0.129505E+09  0.100001E+03  0.100004E+01  0.352342E-02  0.524122E+00  0.495486E+01  0.108021E-01  0.143579E-01
    50.0  0.999591E+00  0.407078E+01  0.809610E+02  0.327899E+07  0.144710E+09  0.100001E+03  0.100006E+01  0.485940E-02  0.535021E+00  0.493767E+01  0.153525E-01  0.207989E-01
    60.0  0.103401E+01  0.402924E+01  0.810234E+02  0.356231E+07  0.158097E+09  0.100001E+03  0.100008E+01  0.630971E-02  0.546898E+00  0.491901E+01  0.202748E-01  0.278162E-01
    70.0  0.105377E+01  0.400239E+01  0.810740E+02  0.380533E+07  0.170275E+09  0.100001E+03  0.100012E+01  0.786275E-02  0.559626E+00  0.489908E+01  0.255184E-01  0.353328E-01
    80.0  0.106409E+01  0.398499E+01  0.811178E+02  0.401731E+07  0.181522E+09  0.100001E+03  0.100016E+01  0.950780E-02  0.573090E+00  0.487804E+01  0.310374E-01  0.432787E-01
    90.0  0.106889E+01  0.397312E+01  0.811581E+02  0.420739E+07  0.192053E+09  0.100001E+03  0.100020E+01  0.112272E-01  0.587130E+00  0.485615E+01  0.367699E-01  0.515585E-01
   100.0  0.106985E+01  0.396510E+01  0.811965E+02  0.437764E+07  0.201893E+09  0.100001E+03  0.100026E+01  0.130196E-01  0.601716E+00  0.483345E+01  0.427031E-01  0.601535E-01
   110.0  0.106837E+01  0.395952E+01  0.812343E+02  0.453144E+07  0.211071E+09  0.100000E+03  0.100032E+01  0.148826E-01  0.616811E+00  0.480999E+01  0.488203E-01  0.690388E-01
   120.0  0.106557E+01  0.395526E+01  0.812722E+02  0.467347E+07  0.219722E+09  0.100000E+03  0.100039E+01  0.168020E-01  0.632301E+00  0.478595E+01  0.550783E-01  0.781472E-01
   130.0  0.106192E+01  0.395187E+01  0.813107E+02  0.480420E+07  0.227823E+09  0.100000E+03  0.100046E+01  0.187805E-01  0.648189E+00  0.476133E+01  0.614762E-01  0.874787E-01
   140.0  0.105782E+01  0.394891E+01  0.813500E+02  0.492644E+07  0.235472E+09  0.100000E+03  0.100055E+01  0.208081E-01  0.664398E+00  0.473624E+01  0.679846E-01  0.969873E-01
   150.0  0.105349E+01  0.394619E+01  0.813902E+02  0.504060E+07  0.242661E+09  0.100000E+03  0.100064E+01  0.228859E-01  0.680922E+00  0.471069E+01  0.745997E-01  0.106668E+00
   160.0  0.104908E+01  0.394355E+01  0.814314E+02  0.514802E+07  0.249441E+09  0.100000E+03  0.100074E+01  0.250087E-01  0.697720E+00  0.468474E+01  0.813053E-01  0.116497E+00
   170.0  0.104468E+01  0.394090E+01  0.814735E+02  0.524954E+07  0.255846E+09  0.100000E+03  0.100084E+01  0.271731E-01  0.714761E+00  0.465844E+01  0.880895E-01  0.126454E+00
   180.0  0.104033E+01  0.393819E+01  0.815166E+02  0.534565E+07  0.261894E+09  0.100000E+03  0.100095E+01  0.293777E-01  0.732029E+00  0.463181E+01  0.949445E-01  0.136529E+00
   190.0  0.103608E+01  0.393539E+01  0.815606E+02  0.543677E+07  0.267599E+09  0.100000E+03  0.100107E+01  0.316212E-01  0.749507E+00  0.460488E+01  0.101863E+00  0.146711E+00
   200.0  0.103194E+01  0.393249E+01  0.816054E+02  0.552358E+07  0.273001E+09  0.100000E+03  0.100120E+01  0.338996E-01  0.767166E+00  0.457768E+01  0.108834E+00  0.156982E+00
   210.0  0.102791E+01  0.392948E+01  0.816511E+02  0.560643E+07  0.278118E+09  0.100000E+03  0.100133E+01  0.362112E-01  0.784989E+00  0.455025E+01  0.115851E+00  0.167333E+00
   220.0  0.102399E+01  0.392635E+01  0.816975E+02  0.568566E+07  0.282969E+09  0.100001E+03  0.100147E+01  0.385544E-01  0.802960E+00  0.452262E+01  0.122907E+00  0.177752E+00
   230.0  0.102018E+01  0.392312E+01  0.817447E+02  0.576156E+07  0.287571E+09  0.100001E+03  0.100161E+01  0.409273E-01  0.821063E+00  0.449479E+01  0.129995E+00  0.188231E+00
   240.0  0.101648E+01  0.391978E+01  0.817925E+02  0.583442E+07  0.291943E+09  0.100001E+03  0.100176E+01  0.433284E-01  0.839285E+00  0.446680E+01  0.137111E+00  0.198761E+00
   250.0  0.101288E+01  0.391633E+01  0.818409E+02  0.590438E+07  0.296092E+09  0.100001E+03  0.100191E+01  0.457571E-01  0.857616E+00  0.443865E+01  0.144249E+00  0.209336E+00
   260.0  0.100939E+01  0.391280E+01  0.818898E+02  0.597178E+07  0.300041E+09  0.100002E+03  0.100207E+01  0.482111E-01  0.876041E+00  0.441038E+01  0.151404E+00  0.219945E+00
   270.0  0.100598E+01  0.390916E+01  0.819394E+02  0.603666E+07  0.303792E+09  0.100002E+03  0.100223E+01  0.506904E-01  0.894552E+00  0.438199E+01  0.158572E+00  0.230586E+00
   280.0  0.100266E+01  0.390544E+01  0.819894E+02  0.609930E+07  0.307366E+09  0.100002E+03  0.100240E+01  0.531932E-01  0.913137E+00  0.435349E+01  0.165749E+00  0.241248E+00
   290.0  0.999426E+00  0.390164E+01  0.820399E+02  0.615987E+07  0.310772E+09  0.100003E+03  0.100257E+01  0.557184E-01  0.931787E+00  0.432492E+01  0.172931E+00  0.251928E+00
   300.0  0.996266E+00  0.389777E+01  0.820908E+02  0.621850E+07  0.314021E+09  0.100003E+03  0.100275E+01  0.582650E-01  0.950492E+00  0.429627E+01  0.180114E+00  0.262620E+00
