rxn00001
  0.00000E+00  0.82621E+05  0.82621E+05  0.82621E+05  0.82621E+05  0.82621E+05  0.82621E+05  0.82621E+05  0.82621E+05  0.82621E+05  0.82621E+05  0.82621E+05  0.82621E+05  0.82621E+05  0.82621E+05  0.82621E+05  0.82621E+05  0.82621E+05  0.82621E+05  0.82621E+05  0.82621E+05  0.82621E+05  0.82621E+05  0.82621E+05  0.82621E+05  0.82621E+05  0.82621E+05  0.82621E+05  0.82621E+05  0.82621E+05  0.82621E+05
rxn00002
  0.00000E+00  0.65781E-14  0.65781E-14  0.65781E-14  0.65781E-14  0.65781E-14  0.65781E-14  0.65781E-14  0.65781E-14  0.65781E-14  0.65781E-14  0.65781E-14  0.65781E-14  0.65781E-14  0.65781E-14  0.65781E-14  0.65781E-14  0.65781E-14  0.65781E-14  0.65781E-14  0.65781E-14  0.65781E-14  0.65781E-14  0.65781E-14  0.65781E-14  0.65781E-14  0.65781E-14  0.65781E-14  0.65781E-14  0.65781E-14  0.65781E-14
rxn00003
  0.00000E+00  0.16171E-11  0.16171E-11  0.16171E-11  0.16171E-11  0.16171E-11  0.16171E-11  0.16171E-11  0.16171E-11  0.16171E-11  0.16171E-11  0.16171E-11  0.16171E-11  0.16171E-11  0.16171E-11  0.16171E-11  0.16171E-11  0.16171E-11  0.16171E-11  0.16171E-11  0.16171E-11  0.16171E-11  0.16171E-11  0.16171E-11  0.16171E-11  0.16171E-11  0.16171E-11  0.16171E-11  0.16171E-11  0.16171E-11  0.16171E-11
rxn00004
  0.00000E+00  0.10521E-10  0.10521E-10  0.10521E-10  0.10521E-10  0.10521E-10  0.10521E-10  0.10521E-10  0.10521E-10  0.10521E-10  0.10521E-10  0.10521E-10  0.10521E-10  0.10521E-10  0.10521E-10  0.10521E-10  0.10521E-10  0.10521E-10  0.10521E-10  0.10521E-10  0.10521E-10  0.10521E-10  0.10521E-10  0.10521E-10  0.10521E-10  0.10521E-10  0.10521E-10  0.10521E-10  0.10521E-10  0.10521E-10  0.10521E-10
rxn00005
  0.00000E+00  0.31560E-11  0.31560E-11  0.31560E-11  0.31560E-11  0.31560E-11  0.31560E-11  0.31560E-11  0.31560E-11  0.31560E-11  0.31560E-11  0.31560E-11  0.31560E-11  0.31560E-11  0.31560E-11  0.31560E-11  0.31560E-11  0.31560E-11  0.31560E-11  0.31560E-11  0.31560E-11  0.31560E-11  0.31560E-11  0.31560E-11  0.31560E-11  0.31560E-11  0.31560E-11  0.31560E-11  0.31560E-11  0.31560E-11  0.31560E-11
rxn00006
  0.00000E+00  0.83193E+09  0.83193E+09  0.83193E+09  0.83193E+09  0.83193E+09  0.83193E+09  0.83193E+09  0.83193E+09  0.83193E+09  0.83193E+09  0.83193E+09  0.83193E+09  0.83193E+09  0.83193E+09  0.83193E+09  0.83193E+09  0.83193E+09  0.83193E+09  0.83193E+09  0.83193E+09  0.83193E+09  0.83193E+09  0.83193E+09  0.83193E+09  0.83193E+09  0.83193E+09  0.83193E+09  0.83193E+09  0.83193E+09  0.83193E+09
rxn00007
  0.00000E+00  0.15287E-13  0.15287E-13  0.15287E-13  0.15287E-13  0.15287E-13  0.15287E-13  0.15287E-13  0.15287E-13  0.15287E-13  0.15287E-13  0.15287E-13  0.15287E-13  0.15287E-13  0.15287E-13  0.15287E-13  0.15287E-13  0.15287E-13  0.15287E-13  0.15287E-13  0.15287E-13  0.15287E-13  0.15287E-13  0.15287E-13  0.15287E-13  0.15287E-13  0.15287E-13  0.15287E-13  0.15287E-13  0.15287E-13  0.15287E-13
rxn00008
  0.00000E+00  0.27999E-16  0.27999E-16  0.27999E-16  0.27999E-16  0.27999E-16  0.27999E-16  0.27999E-16  0.27999E-16  0.27999E-16  0.27999E-16  0.27999E-16  0.27999E-16  0.27999E-16  0.27999E-16  0.27999E-16  0.27999E-16  0.27999E-16  0.27999E-16  0.27999E-16  0.27999E-16  0.27999E-16  0.27999E-16  0.27999E-16  0.27999E-16  0.27999E-16  0.27999E-16  0.27999E-16  0.27999E-16  0.27999E-16  0.27999E-16
rxn00009
  0.00000E+00  0.10903E-18  0.10903E-18  0.10903E-18  0.10903E-18  0.10903E-18  0.10903E-18  0.10903E-18  0.10903E-18  0.10903E-18  0.10903E-18  0.10903E-18  0.10903E-18  0.10903E-18  0.10903E-18  0.10903E-18  0.10903E-18  0.10903E-18  0.10903E-18  0.10903E-18  0.10903E-18  0.10903E-18  0.10903E-18  0.10903E-18  0.10903E-18  0.10903E-18  0.10903E-18  0.10903E-18  0.10903E-18  0.10903E-18  0.10903E-18
rxn00010
  0.00000E+00  0.26303E-10  0.26303E-10  0.26303E-10  0.26303E-10  0.26303E-10  0.26303E-10  0.26303E-10  0.26303E-10  0.26303E-10  0.26303E-10  0.26303E-10  0.26303E-10  0.26303E-10  0.26303E-10  0.26303E-10  0.26303E-10  0.26303E-10  0.26303E-10  0.26303E-10  0.26303E-10  0.26303E-10  0.26303E-10  0.26303E-10  0.26303E-10  0.26303E-10  0.26303E-10  0.26303E-10  0.26303E-10  0.26303E-10  0.26303E-10
rxn00011
  0.00000E+00  0.58382E-15  0.58382E-15  0.58382E-15  0.58382E-15  0.58382E-15  0.58382E-15  0.58382E-15  0.58382E-15  0.58382E-15  0.58382E-15  0.58382E-15  0.58382E-15  0.58382E-15  0.58382E-15  0.58382E-15  0.58382E-15  0.58382E-15  0.58382E-15  0.58382E-15  0.58382E-15  0.58382E-15  0.58382E-15  0.58382E-15  0.58382E-15  0.58382E-15  0.58382E-15  0.58382E-15  0.58382E-15  0.58382E-15  0.58382E-15
rxn00012
  0.00000E+00  0.11334E-11  0.11334E-11  0.11334E-11  0.11334E-11  0.11334E-11  0.11334E-11  0.11334E-11  0.11334E-11  0.11334E-11  0.11334E-11  0.11334E-11  0.11334E-11  0.11334E-11  0.11334E-11  0.11334E-11  0.11334E-11  0.11334E-11  0.11334E-11  0.11334E-11  0.11334E-11  0.11334E-11  0.11334E-11  0.11334E-11  0.11334E-11  0.11334E-11  0.11334E-11  0.11334E-11  0.11334E-11  0.11334E-11  0.11334E-11
rxn00013
  0.00000E+00  0.82649E+08  0.82649E+08  0.82649E+08  0.82649E+08  0.82649E+08  0.82649E+08  0.82649E+08  0.82649E+08  0.82649E+08  0.82649E+08  0.82649E+08  0.82649E+08  0.82649E+08  0.82649E+08  0.82649E+08  0.82649E+08  0.82649E+08  0.82649E+08  0.82649E+08  0.82649E+08  0.82649E+08  0.82649E+08  0.82649E+08  0.82649E+08  0.82649E+08  0.82649E+08  0.82649E+08  0.82649E+08  0.82649E+08  0.82649E+08
rxn00014
  0.00000E+00  0.66487E-13  0.66487E-13  0.66487E-13  0.66487E-13  0.66487E-13  0.66487E-13  0.66487E-13  0.66487E-13  0.66487E-13  0.66487E-13  0.66487E-13  0.66487E-13  0.66487E-13  0.66487E-13  0.66487E-13  0.66487E-13  0.66487E-13  0.66487E-13  0.66487E-13  0.66487E-13  0.66487E-13  0.66487E-13  0.66487E-13  0.66487E-13  0.66487E-13  0.66487E-13  0.66487E-13  0.66487E-13  0.66487E-13  0.66487E-13
rxn00015
  0.00000E+00  0.55157E-14  0.55157E-14  0.55157E-14  0.55157E-14  0.55157E-14  0.55157E-14  0.55157E-14  0.55157E-14  0.55157E-14  0.55157E-14  0.55157E-14  0.55157E-14  0.55157E-14  0.55157E-14  0.55157E-14  0.55157E-14  0.55157E-14  0.55157E-14  0.55157E-14  0.55157E-14  0.55157E-14  0.55157E-14  0.55157E-14  0.55157E-14  0.55157E-14  0.55157E-14  0.55157E-14  0.55157E-14  0.55157E-14  0.55157E-14
rxn00016
  0.00000E+00  0.23078E-12  0.23078E-12  0.23078E-12  0.23078E-12  0.23078E-12  0.23078E-12  0.23078E-12  0.23078E-12  0.23078E-12  0.23078E-12  0.23078E-12  0.23078E-12  0.23078E-12  0.23078E-12  0.23078E-12  0.23078E-12  0.23078E-12  0.23078E-12  0.23078E-12  0.23078E-12  0.23078E-12  0.23078E-12  0.23078E-12  0.23078E-12  0.23078E-12  0.23078E-12  0.23078E-12  0.23078E-12  0.23078E-12  0.23078E-12
rxn00017
  0.00000E+00  0.16703E-11  0.16703E-11  0.16703E-11  0.16703E-11  0.16703E-11  0.16703E-11  0.16703E-11  0.16703E-11  0.16703E-11  0.16703E-11  0.16703E-11  0.16703E-11  0.16703E-11  0.16703E-11  0.16703E-11  0.16703E-11  0.16703E-11  0.16703E-11  0.16703E-11  0.16703E-11  0.16703E-11  0.16703E-11  0.16703E-11  0.16703E-11  0.16703E-11  0.16703E-11  0.16703E-11  0.16703E-11  0.16703E-11  0.16703E-11
rxn00018
  0.00000E+00  0.18968E-14  0.18968E-14  0.18968E-14  0.18968E-14  0.18968E-14  0.18968E-14  0.18968E-14  0.18968E-14  0.18968E-14  0.18968E-14  0.18968E-14  0.18968E-14  0.18968E-14  0.18968E-14  0.18968E-14  0.18968E-14  0.18968E-14  0.18968E-14  0.18968E-14  0.18968E-14  0.18968E-14  0.18968E-14  0.18968E-14  0.18968E-14  0.18968E-14  0.18968E-14  0.18968E-14  0.18968E-14  0.18968E-14  0.18968E-14
rxn00019
  0.00000E+00  0.11367E-09  0.11367E-09  0.11367E-09  0.11367E-09  0.11367E-09  0.11367E-09  0.11367E-09  0.11367E-09  0.11367E-09  0.11367E-09  0.11367E-09  0.11367E-09  0.11367E-09  0.11367E-09  0.11367E-09  0.11367E-09  0.11367E-09  0.11367E-09  0.11367E-09  0.11367E-09  0.11367E-09  0.11367E-09  0.11367E-09  0.11367E-09  0.11367E-09  0.11367E-09  0.11367E-09  0.11367E-09  0.11367E-09  0.11367E-09
rxn00020
  0.00000E+00  0.31733E-11  0.31733E-11  0.31733E-11  0.31733E-11  0.31733E-11  0.31733E-11  0.31733E-11  0.31733E-11  0.31733E-11  0.31733E-11  0.31733E-11  0.31733E-11  0.31733E-11  0.31733E-11  0.31733E-11  0.31733E-11  0.31733E-11  0.31733E-11  0.31733E-11  0.31733E-11  0.31733E-11  0.31733E-11  0.31733E-11  0.31733E-11  0.31733E-11  0.31733E-11  0.31733E-11  0.31733E-11  0.31733E-11  0.31733E-11
rxn00021
  0.00000E+00  0.70748E-11  0.70748E-11  0.70748E-11  0.70748E-11  0.70748E-11  0.70748E-11  0.70748E-11  0.70748E-11  0.70748E-11  0.70748E-11  0.70748E-11  0.70748E-11  0.70748E-11  0.70748E-11  0.70748E-11  0.70748E-11  0.70748E-11  0.70748E-11  0.70748E-11  0.70748E-11  0.70748E-11  0.70748E-11  0.70748E-11  0.70748E-11  0.70748E-11  0.70748E-11  0.70748E-11  0.70748E-11  0.70748E-11  0.70748E-11
rxn00022
  0.00000E+00  0.10020E-10  0.10020E-10  0.10020E-10  0.10020E-10  0.10020E-10  0.10020E-10  0.10020E-10  0.10020E-10  0.10020E-10  0.10020E-10  0.10020E-10  0.10020E-10  0.10020E-10  0.10020E-10  0.10020E-10  0.10020E-10  0.10020E-10  0.10020E-10  0.10020E-10  0.10020E-10  0.10020E-10  0.10020E-10  0.10020E-10  0.10020E-10  0.10020E-10  0.10020E-10  0.10020E-10  0.10020E-10  0.10020E-10  0.10020E-10
rxn00023
  0.00000E+00  0.20000E-10  0.20000E-10  0.20000E-10  0.20000E-10  0.20000E-10  0.20000E-10  0.20000E-10  0.20000E-10  0.20000E-10  0.20000E-10  0.20000E-10  0.20000E-10  0.20000E-10  0.20000E-10  0.20000E-10  0.20000E-10  0.20000E-10  0.20000E-10  0.20000E-10  0.20000E-10  0.20000E-10  0.20000E-10  0.20000E-10  0.20000E-10  0.20000E-10  0.20000E-10  0.20000E-10  0.20000E-10  0.20000E-10  0.20000E-10
rxn00024
  0.00000E+00  0.87531E-11  0.87531E-11  0.87531E-11  0.87531E-11  0.87531E-11  0.87531E-11  0.87531E-11  0.87531E-11  0.87531E-11  0.87531E-11  0.87531E-11  0.87531E-11  0.87531E-11  0.87531E-11  0.87531E-11  0.87531E-11  0.87531E-11  0.87531E-11  0.87531E-11  0.87531E-11  0.87531E-11  0.87531E-11  0.87531E-11  0.87531E-11  0.87531E-11  0.87531E-11  0.87531E-11  0.87531E-11  0.87531E-11  0.87531E-11
rxn00025
  0.00000E+00  0.13139E-11  0.13139E-11  0.13139E-11  0.13139E-11  0.13139E-11  0.13139E-11  0.13139E-11  0.13139E-11  0.13139E-11  0.13139E-11  0.13139E-11  0.13139E-11  0.13139E-11  0.13139E-11  0.13139E-11  0.13139E-11  0.13139E-11  0.13139E-11  0.13139E-11  0.13139E-11  0.13139E-11  0.13139E-11  0.13139E-11  0.13139E-11  0.13139E-11  0.13139E-11  0.13139E-11  0.13139E-11  0.13139E-11  0.13139E-11
rxn00026
  0.00000E+00  0.34552E-11  0.34552E-11  0.34552E-11  0.34552E-11  0.34552E-11  0.34552E-11  0.34552E-11  0.34552E-11  0.34552E-11  0.34552E-11  0.34552E-11  0.34552E-11  0.34552E-11  0.34552E-11  0.34552E-11  0.34552E-11  0.34552E-11  0.34552E-11  0.34552E-11  0.34552E-11  0.34552E-11  0.34552E-11  0.34552E-11  0.34552E-11  0.34552E-11  0.34552E-11  0.34552E-11  0.34552E-11  0.34552E-11  0.34552E-11
rxn00027
  0.00000E+00  0.40000E-11  0.40000E-11  0.40000E-11  0.40000E-11  0.40000E-11  0.40000E-11  0.40000E-11  0.40000E-11  0.40000E-11  0.40000E-11  0.40000E-11  0.40000E-11  0.40000E-11  0.40000E-11  0.40000E-11  0.40000E-11  0.40000E-11  0.40000E-11  0.40000E-11  0.40000E-11  0.40000E-11  0.40000E-11  0.40000E-11  0.40000E-11  0.40000E-11  0.40000E-11  0.40000E-11  0.40000E-11  0.40000E-11  0.40000E-11
rxn00028
  0.00000E+00  0.61278E-11  0.61278E-11  0.61278E-11  0.61278E-11  0.61278E-11  0.61278E-11  0.61278E-11  0.61278E-11  0.61278E-11  0.61278E-11  0.61278E-11  0.61278E-11  0.61278E-11  0.61278E-11  0.61278E-11  0.61278E-11  0.61278E-11  0.61278E-11  0.61278E-11  0.61278E-11  0.61278E-11  0.61278E-11  0.61278E-11  0.61278E-11  0.61278E-11  0.61278E-11  0.61278E-11  0.61278E-11  0.61278E-11  0.61278E-11
rxn00029
  0.00000E+00  0.16861E-12  0.16861E-12  0.16861E-12  0.16861E-12  0.16861E-12  0.16861E-12  0.16861E-12  0.16861E-12  0.16861E-12  0.16861E-12  0.16861E-12  0.16861E-12  0.16861E-12  0.16861E-12  0.16861E-12  0.16861E-12  0.16861E-12  0.16861E-12  0.16861E-12  0.16861E-12  0.16861E-12  0.16861E-12  0.16861E-12  0.16861E-12  0.16861E-12  0.16861E-12  0.16861E-12  0.16861E-12  0.16861E-12  0.16861E-12
rxn00030
  0.00000E+00  0.41729E-04  0.41729E-04  0.41729E-04  0.41729E-04  0.41729E-04  0.41729E-04  0.41729E-04  0.41729E-04  0.41729E-04  0.41729E-04  0.41729E-04  0.41729E-04  0.41729E-04  0.41729E-04  0.41729E-04  0.41729E-04  0.41729E-04  0.41729E-04  0.41729E-04  0.41729E-04  0.41729E-04  0.41729E-04  0.41729E-04  0.41729E-04  0.41729E-04  0.41729E-04  0.41729E-04  0.41729E-04  0.41729E-04  0.41729E-04
rxn00031
  0.00000E+00  0.41284E-03  0.41284E-03  0.41284E-03  0.41284E-03  0.41284E-03  0.41284E-03  0.41284E-03  0.41284E-03  0.41284E-03  0.41284E-03  0.41284E-03  0.41284E-03  0.41284E-03  0.41284E-03  0.41284E-03  0.41284E-03  0.41284E-03  0.41284E-03  0.41284E-03  0.41284E-03  0.41284E-03  0.41284E-03  0.41284E-03  0.41284E-03  0.41284E-03  0.41284E-03  0.41284E-03  0.41284E-03  0.41284E-03  0.41284E-03
rxn00032
  0.00000E+00  0.74518E-05  0.74518E-05  0.74518E-05  0.74518E-05  0.74518E-05  0.74518E-05  0.74518E-05  0.74518E-05  0.74518E-05  0.74518E-05  0.74518E-05  0.74518E-05  0.74518E-05  0.74518E-05  0.74518E-05  0.74518E-05  0.74518E-05  0.74518E-05  0.74518E-05  0.74518E-05  0.74518E-05  0.74518E-05  0.74518E-05  0.74518E-05  0.74518E-05  0.74518E-05  0.74518E-05  0.74518E-05  0.74518E-05  0.74518E-05
rxn00033
  0.00000E+00  0.96047E-02  0.96047E-02  0.96047E-02  0.96047E-02  0.96047E-02  0.96047E-02  0.96047E-02  0.96047E-02  0.96047E-02  0.96047E-02  0.96047E-02  0.96047E-02  0.96047E-02  0.96047E-02  0.96047E-02  0.96047E-02  0.96047E-02  0.96047E-02  0.96047E-02  0.96047E-02  0.96047E-02  0.96047E-02  0.96047E-02  0.96047E-02  0.96047E-02  0.96047E-02  0.96047E-02  0.96047E-02  0.96047E-02  0.96047E-02
rxn00034
  0.00000E+00  0.20953E-01  0.20953E-01  0.20953E-01  0.20953E-01  0.20953E-01  0.20953E-01  0.20953E-01  0.20953E-01  0.20953E-01  0.20953E-01  0.20953E-01  0.20953E-01  0.20953E-01  0.20953E-01  0.20953E-01  0.20953E-01  0.20953E-01  0.20953E-01  0.20953E-01  0.20953E-01  0.20953E-01  0.20953E-01  0.20953E-01  0.20953E-01  0.20953E-01  0.20953E-01  0.20953E-01  0.20953E-01  0.20953E-01  0.20953E-01
rxn00035
  0.00000E+00  0.16790E+00  0.16790E+00  0.16790E+00  0.16790E+00  0.16790E+00  0.16790E+00  0.16790E+00  0.16790E+00  0.16790E+00  0.16790E+00  0.16790E+00  0.16790E+00  0.16790E+00  0.16790E+00  0.16790E+00  0.16790E+00  0.16790E+00  0.16790E+00  0.16790E+00  0.16790E+00  0.16790E+00  0.16790E+00  0.16790E+00  0.16790E+00  0.16790E+00  0.16790E+00  0.16790E+00  0.16790E+00  0.16790E+00  0.16790E+00
rxn00036
  0.00000E+00  0.19523E-02  0.19523E-02  0.19523E-02  0.19523E-02  0.19523E-02  0.19523E-02  0.19523E-02  0.19523E-02  0.19523E-02  0.19523E-02  0.19523E-02  0.19523E-02  0.19523E-02  0.19523E-02  0.19523E-02  0.19523E-02  0.19523E-02  0.19523E-02  0.19523E-02  0.19523E-02  0.19523E-02  0.19523E-02  0.19523E-02  0.19523E-02  0.19523E-02  0.19523E-02  0.19523E-02  0.19523E-02  0.19523E-02  0.19523E-02
rxn00037
  0.00000E+00  0.71999E-06  0.71999E-06  0.71999E-06  0.71999E-06  0.71999E-06  0.71999E-06  0.71999E-06  0.71999E-06  0.71999E-06  0.71999E-06  0.71999E-06  0.71999E-06  0.71999E-06  0.71999E-06  0.71999E-06  0.71999E-06  0.71999E-06  0.71999E-06  0.71999E-06  0.71999E-06  0.71999E-06  0.71999E-06  0.71999E-06  0.71999E-06  0.71999E-06  0.71999E-06  0.71999E-06  0.71999E-06  0.71999E-06  0.71999E-06
rxn00038
  0.00000E+00  0.18740E-01  0.18740E-01  0.18740E-01  0.18740E-01  0.18740E-01  0.18740E-01  0.18740E-01  0.18740E-01  0.18740E-01  0.18740E-01  0.18740E-01  0.18740E-01  0.18740E-01  0.18740E-01  0.18740E-01  0.18740E-01  0.18740E-01  0.18740E-01  0.18740E-01  0.18740E-01  0.18740E-01  0.18740E-01  0.18740E-01  0.18740E-01  0.18740E-01  0.18740E-01  0.18740E-01  0.18740E-01  0.18740E-01  0.18740E-01
rxn00039
  0.00000E+00  0.30645E-01  0.30645E-01  0.30645E-01  0.30645E-01  0.30645E-01  0.30645E-01  0.30645E-01  0.30645E-01  0.30645E-01  0.30645E-01  0.30645E-01  0.30645E-01  0.30645E-01  0.30645E-01  0.30645E-01  0.30645E-01  0.30645E-01  0.30645E-01  0.30645E-01  0.30645E-01  0.30645E-01  0.30645E-01  0.30645E-01  0.30645E-01  0.30645E-01  0.30645E-01  0.30645E-01  0.30645E-01  0.30645E-01  0.30645E-01
rxn00040
  0.00000E+00  0.54486E-14  0.54486E-14  0.54486E-14  0.54486E-14  0.54486E-14  0.54486E-14  0.54486E-14  0.54486E-14  0.54486E-14  0.54486E-14  0.54486E-14  0.54486E-14  0.54486E-14  0.54486E-14  0.54486E-14  0.54486E-14  0.54486E-14  0.54486E-14  0.54486E-14  0.54486E-14  0.54486E-14  0.54486E-14  0.54486E-14  0.54486E-14  0.54486E-14  0.54486E-14  0.54486E-14  0.54486E-14  0.54486E-14  0.54486E-14
rxn00041
  0.00000E+00  0.50432E-11  0.50432E-11  0.50432E-11  0.50432E-11  0.50432E-11  0.50432E-11  0.50432E-11  0.50432E-11  0.50432E-11  0.50432E-11  0.50432E-11  0.50432E-11  0.50432E-11  0.50432E-11  0.50432E-11  0.50432E-11  0.50432E-11  0.50432E-11  0.50432E-11  0.50432E-11  0.50432E-11  0.50432E-11  0.50432E-11  0.50432E-11  0.50432E-11  0.50432E-11  0.50432E-11  0.50432E-11  0.50432E-11  0.50432E-11
rxn00042
  0.00000E+00  0.55291E-12  0.55291E-12  0.55291E-12  0.55291E-12  0.55291E-12  0.55291E-12  0.55291E-12  0.55291E-12  0.55291E-12  0.55291E-12  0.55291E-12  0.55291E-12  0.55291E-12  0.55291E-12  0.55291E-12  0.55291E-12  0.55291E-12  0.55291E-12  0.55291E-12  0.55291E-12  0.55291E-12  0.55291E-12  0.55291E-12  0.55291E-12  0.55291E-12  0.55291E-12  0.55291E-12  0.55291E-12  0.55291E-12  0.55291E-12
rxn00043
  0.00000E+00  0.79589E-14  0.79589E-14  0.79589E-14  0.79589E-14  0.79589E-14  0.79589E-14  0.79589E-14  0.79589E-14  0.79589E-14  0.79589E-14  0.79589E-14  0.79589E-14  0.79589E-14  0.79589E-14  0.79589E-14  0.79589E-14  0.79589E-14  0.79589E-14  0.79589E-14  0.79589E-14  0.79589E-14  0.79589E-14  0.79589E-14  0.79589E-14  0.79589E-14  0.79589E-14  0.79589E-14  0.79589E-14  0.79589E-14  0.79589E-14
rxn00044
  0.00000E+00  0.79509E-11  0.79509E-11  0.79509E-11  0.79509E-11  0.79509E-11  0.79509E-11  0.79509E-11  0.79509E-11  0.79509E-11  0.79509E-11  0.79509E-11  0.79509E-11  0.79509E-11  0.79509E-11  0.79509E-11  0.79509E-11  0.79509E-11  0.79509E-11  0.79509E-11  0.79509E-11  0.79509E-11  0.79509E-11  0.79509E-11  0.79509E-11  0.79509E-11  0.79509E-11  0.79509E-11  0.79509E-11  0.79509E-11  0.79509E-11
rxn00045
  0.00000E+00  0.34033E-11  0.34033E-11  0.34033E-11  0.34033E-11  0.34033E-11  0.34033E-11  0.34033E-11  0.34033E-11  0.34033E-11  0.34033E-11  0.34033E-11  0.34033E-11  0.34033E-11  0.34033E-11  0.34033E-11  0.34033E-11  0.34033E-11  0.34033E-11  0.34033E-11  0.34033E-11  0.34033E-11  0.34033E-11  0.34033E-11  0.34033E-11  0.34033E-11  0.34033E-11  0.34033E-11  0.34033E-11  0.34033E-11  0.34033E-11
rxn00046
  0.00000E+00  0.12000E-11  0.12000E-11  0.12000E-11  0.12000E-11  0.12000E-11  0.12000E-11  0.12000E-11  0.12000E-11  0.12000E-11  0.12000E-11  0.12000E-11  0.12000E-11  0.12000E-11  0.12000E-11  0.12000E-11  0.12000E-11  0.12000E-11  0.12000E-11  0.12000E-11  0.12000E-11  0.12000E-11  0.12000E-11  0.12000E-11  0.12000E-11  0.12000E-11  0.12000E-11  0.12000E-11  0.12000E-11  0.12000E-11  0.12000E-11
rxn00047
  0.00000E+00  0.56242E-05  0.56242E-05  0.56242E-05  0.56242E-05  0.56242E-05  0.56242E-05  0.56242E-05  0.56242E-05  0.56242E-05  0.56242E-05  0.56242E-05  0.56242E-05  0.56242E-05  0.56242E-05  0.56242E-05  0.56242E-05  0.56242E-05  0.56242E-05  0.56242E-05  0.56242E-05  0.56242E-05  0.56242E-05  0.56242E-05  0.56242E-05  0.56242E-05  0.56242E-05  0.56242E-05  0.56242E-05  0.56242E-05  0.56242E-05
rxn00048
  0.00000E+00  0.61230E-11  0.61230E-11  0.61230E-11  0.61230E-11  0.61230E-11  0.61230E-11  0.61230E-11  0.61230E-11  0.61230E-11  0.61230E-11  0.61230E-11  0.61230E-11  0.61230E-11  0.61230E-11  0.61230E-11  0.61230E-11  0.61230E-11  0.61230E-11  0.61230E-11  0.61230E-11  0.61230E-11  0.61230E-11  0.61230E-11  0.61230E-11  0.61230E-11  0.61230E-11  0.61230E-11  0.61230E-11  0.61230E-11  0.61230E-11
rxn00049
  0.00000E+00  0.40820E-11  0.40820E-11  0.40820E-11  0.40820E-11  0.40820E-11  0.40820E-11  0.40820E-11  0.40820E-11  0.40820E-11  0.40820E-11  0.40820E-11  0.40820E-11  0.40820E-11  0.40820E-11  0.40820E-11  0.40820E-11  0.40820E-11  0.40820E-11  0.40820E-11  0.40820E-11  0.40820E-11  0.40820E-11  0.40820E-11  0.40820E-11  0.40820E-11  0.40820E-11  0.40820E-11  0.40820E-11  0.40820E-11  0.40820E-11
rxn00050
  0.00000E+00  0.32732E-04  0.32732E-04  0.32732E-04  0.32732E-04  0.32732E-04  0.32732E-04  0.32732E-04  0.32732E-04  0.32732E-04  0.32732E-04  0.32732E-04  0.32732E-04  0.32732E-04  0.32732E-04  0.32732E-04  0.32732E-04  0.32732E-04  0.32732E-04  0.32732E-04  0.32732E-04  0.32732E-04  0.32732E-04  0.32732E-04  0.32732E-04  0.32732E-04  0.32732E-04  0.32732E-04  0.32732E-04  0.32732E-04  0.32732E-04
rxn00051
  0.00000E+00  0.47500E-04  0.47500E-04  0.47500E-04  0.47500E-04  0.47500E-04  0.47500E-04  0.47500E-04  0.47500E-04  0.47500E-04  0.47500E-04  0.47500E-04  0.47500E-04  0.47500E-04  0.47500E-04  0.47500E-04  0.47500E-04  0.47500E-04  0.47500E-04  0.47500E-04  0.47500E-04  0.47500E-04  0.47500E-04  0.47500E-04  0.47500E-04  0.47500E-04  0.47500E-04  0.47500E-04  0.47500E-04  0.47500E-04  0.47500E-04
rxn00052
  0.00000E+00  0.55000E-15  0.55000E-15  0.55000E-15  0.55000E-15  0.55000E-15  0.55000E-15  0.55000E-15  0.55000E-15  0.55000E-15  0.55000E-15  0.55000E-15  0.55000E-15  0.55000E-15  0.55000E-15  0.55000E-15  0.55000E-15  0.55000E-15  0.55000E-15  0.55000E-15  0.55000E-15  0.55000E-15  0.55000E-15  0.55000E-15  0.55000E-15  0.55000E-15  0.55000E-15  0.55000E-15  0.55000E-15  0.55000E-15  0.55000E-15
rxn00053
  0.00000E+00  0.86013E-11  0.86013E-11  0.86013E-11  0.86013E-11  0.86013E-11  0.86013E-11  0.86013E-11  0.86013E-11  0.86013E-11  0.86013E-11  0.86013E-11  0.86013E-11  0.86013E-11  0.86013E-11  0.86013E-11  0.86013E-11  0.86013E-11  0.86013E-11  0.86013E-11  0.86013E-11  0.86013E-11  0.86013E-11  0.86013E-11  0.86013E-11  0.86013E-11  0.86013E-11  0.86013E-11  0.86013E-11  0.86013E-11  0.86013E-11
rxn00054
  0.00000E+00  0.10265E-05  0.10265E-05  0.10265E-05  0.10265E-05  0.10265E-05  0.10265E-05  0.10265E-05  0.10265E-05  0.10265E-05  0.10265E-05  0.10265E-05  0.10265E-05  0.10265E-05  0.10265E-05  0.10265E-05  0.10265E-05  0.10265E-05  0.10265E-05  0.10265E-05  0.10265E-05  0.10265E-05  0.10265E-05  0.10265E-05  0.10265E-05  0.10265E-05  0.10265E-05  0.10265E-05  0.10265E-05  0.10265E-05  0.10265E-05
rxn00055
  0.00000E+00  0.21708E-13  0.21708E-13  0.21708E-13  0.21708E-13  0.21708E-13  0.21708E-13  0.21708E-13  0.21708E-13  0.21708E-13  0.21708E-13  0.21708E-13  0.21708E-13  0.21708E-13  0.21708E-13  0.21708E-13  0.21708E-13  0.21708E-13  0.21708E-13  0.21708E-13  0.21708E-13  0.21708E-13  0.21708E-13  0.21708E-13  0.21708E-13  0.21708E-13  0.21708E-13  0.21708E-13  0.21708E-13  0.21708E-13  0.21708E-13
rxn00056
  0.00000E+00  0.92320E+04  0.92320E+04  0.92320E+04  0.92320E+04  0.92320E+04  0.92320E+04  0.92320E+04  0.92320E+04  0.92320E+04  0.92320E+04  0.92320E+04  0.92320E+04  0.92320E+04  0.92320E+04  0.92320E+04  0.92320E+04  0.92320E+04  0.92320E+04  0.92320E+04  0.92320E+04  0.92320E+04  0.92320E+04  0.92320E+04  0.92320E+04  0.92320E+04  0.92320E+04  0.92320E+04  0.92320E+04  0.92320E+04  0.92320E+04
rxn00057
  0.00000E+00  0.15470E+01  0.15470E+01  0.15470E+01  0.15470E+01  0.15470E+01  0.15470E+01  0.15470E+01  0.15470E+01  0.15470E+01  0.15470E+01  0.15470E+01  0.15470E+01  0.15470E+01  0.15470E+01  0.15470E+01  0.15470E+01  0.15470E+01  0.15470E+01  0.15470E+01  0.15470E+01  0.15470E+01  0.15470E+01  0.15470E+01  0.15470E+01  0.15470E+01  0.15470E+01  0.15470E+01  0.15470E+01  0.15470E+01  0.15470E+01
rxn00058
  0.00000E+00  0.86733E-12  0.86733E-12  0.86733E-12  0.86733E-12  0.86733E-12  0.86733E-12  0.86733E-12  0.86733E-12  0.86733E-12  0.86733E-12  0.86733E-12  0.86733E-12  0.86733E-12  0.86733E-12  0.86733E-12  0.86733E-12  0.86733E-12  0.86733E-12  0.86733E-12  0.86733E-12  0.86733E-12  0.86733E-12  0.86733E-12  0.86733E-12  0.86733E-12  0.86733E-12  0.86733E-12  0.86733E-12  0.86733E-12  0.86733E-12
rxn00059
  0.00000E+00  0.10361E-09  0.10361E-09  0.10361E-09  0.10361E-09  0.10361E-09  0.10361E-09  0.10361E-09  0.10361E-09  0.10361E-09  0.10361E-09  0.10361E-09  0.10361E-09  0.10361E-09  0.10361E-09  0.10361E-09  0.10361E-09  0.10361E-09  0.10361E-09  0.10361E-09  0.10361E-09  0.10361E-09  0.10361E-09  0.10361E-09  0.10361E-09  0.10361E-09  0.10361E-09  0.10361E-09  0.10361E-09  0.10361E-09  0.10361E-09
rxn00060
  0.00000E+00  0.10289E-16  0.10289E-16  0.10289E-16  0.10289E-16  0.10289E-16  0.10289E-16  0.10289E-16  0.10289E-16  0.10289E-16  0.10289E-16  0.10289E-16  0.10289E-16  0.10289E-16  0.10289E-16  0.10289E-16  0.10289E-16  0.10289E-16  0.10289E-16  0.10289E-16  0.10289E-16  0.10289E-16  0.10289E-16  0.10289E-16  0.10289E-16  0.10289E-16  0.10289E-16  0.10289E-16  0.10289E-16  0.10289E-16  0.10289E-16
rxn00061
  0.00000E+00  0.65684E-12  0.65684E-12  0.65684E-12  0.65684E-12  0.65684E-12  0.65684E-12  0.65684E-12  0.65684E-12  0.65684E-12  0.65684E-12  0.65684E-12  0.65684E-12  0.65684E-12  0.65684E-12  0.65684E-12  0.65684E-12  0.65684E-12  0.65684E-12  0.65684E-12  0.65684E-12  0.65684E-12  0.65684E-12  0.65684E-12  0.65684E-12  0.65684E-12  0.65684E-12  0.65684E-12  0.65684E-12  0.65684E-12  0.65684E-12
